[2024-08-02T15:35:35.929+0000] {processor.py:161} INFO - Started process (PID=73) to work on /home/airflow/.local/lib/python3.12/site-packages/airflow/example_dags/example_setup_teardown.py
[2024-08-02T15:35:35.939+0000] {processor.py:830} INFO - Processing file /home/airflow/.local/lib/python3.12/site-packages/airflow/example_dags/example_setup_teardown.py for tasks to queue
[2024-08-02T15:35:35.954+0000] {logging_mixin.py:188} INFO - [2024-08-02T15:35:35.952+0000] {dagbag.py:545} INFO - Filling up the DagBag from /home/airflow/.local/lib/python3.12/site-packages/airflow/example_dags/example_setup_teardown.py
[2024-08-02T15:35:35.993+0000] {processor.py:840} INFO - DAG(s) 'example_setup_teardown' retrieved from /home/airflow/.local/lib/python3.12/site-packages/airflow/example_dags/example_setup_teardown.py
[2024-08-02T15:35:36.289+0000] {logging_mixin.py:188} INFO - [2024-08-02T15:35:36.288+0000] {dag.py:3089} INFO - Sync 1 DAGs
[2024-08-02T15:35:36.323+0000] {logging_mixin.py:188} INFO - [2024-08-02T15:35:36.322+0000] {dag.py:3947} INFO - Setting next_dagrun for example_setup_teardown to 2024-08-01 00:00:00+00:00, run_after=2024-08-02 00:00:00+00:00
[2024-08-02T15:35:36.352+0000] {processor.py:183} INFO - Processing /home/airflow/.local/lib/python3.12/site-packages/airflow/example_dags/example_setup_teardown.py took 0.436 seconds
[2024-08-02T15:36:07.460+0000] {processor.py:161} INFO - Started process (PID=132) to work on /home/airflow/.local/lib/python3.12/site-packages/airflow/example_dags/example_setup_teardown.py
[2024-08-02T15:36:07.461+0000] {processor.py:830} INFO - Processing file /home/airflow/.local/lib/python3.12/site-packages/airflow/example_dags/example_setup_teardown.py for tasks to queue
[2024-08-02T15:36:07.463+0000] {logging_mixin.py:188} INFO - [2024-08-02T15:36:07.463+0000] {dagbag.py:545} INFO - Filling up the DagBag from /home/airflow/.local/lib/python3.12/site-packages/airflow/example_dags/example_setup_teardown.py
[2024-08-02T15:36:07.470+0000] {processor.py:840} INFO - DAG(s) 'example_setup_teardown' retrieved from /home/airflow/.local/lib/python3.12/site-packages/airflow/example_dags/example_setup_teardown.py
[2024-08-02T15:36:07.502+0000] {logging_mixin.py:188} INFO - [2024-08-02T15:36:07.502+0000] {dag.py:3089} INFO - Sync 1 DAGs
[2024-08-02T15:36:07.527+0000] {logging_mixin.py:188} INFO - [2024-08-02T15:36:07.527+0000] {dag.py:3947} INFO - Setting next_dagrun for example_setup_teardown to 2024-08-01 00:00:00+00:00, run_after=2024-08-02 00:00:00+00:00
[2024-08-02T15:36:07.594+0000] {processor.py:183} INFO - Processing /home/airflow/.local/lib/python3.12/site-packages/airflow/example_dags/example_setup_teardown.py took 0.141 seconds
[2024-08-02T15:40:14.420+0000] {processor.py:161} INFO - Started process (PID=165) to work on /home/airflow/.local/lib/python3.12/site-packages/airflow/example_dags/example_setup_teardown.py
[2024-08-02T15:40:14.444+0000] {processor.py:830} INFO - Processing file /home/airflow/.local/lib/python3.12/site-packages/airflow/example_dags/example_setup_teardown.py for tasks to queue
[2024-08-02T15:40:14.455+0000] {logging_mixin.py:188} INFO - [2024-08-02T15:40:14.445+0000] {dagbag.py:545} INFO - Filling up the DagBag from /home/airflow/.local/lib/python3.12/site-packages/airflow/example_dags/example_setup_teardown.py
[2024-08-02T15:40:14.581+0000] {processor.py:840} INFO - DAG(s) 'example_setup_teardown' retrieved from /home/airflow/.local/lib/python3.12/site-packages/airflow/example_dags/example_setup_teardown.py
[2024-08-02T15:40:46.554+0000] {processor.py:186} ERROR - Got an exception! Propagating...
Traceback (most recent call last):
  File "/home/airflow/.local/lib/python3.12/site-packages/sqlalchemy/engine/base.py", line 3371, in _wrap_pool_connect
    return fn()
           ^^^^
  File "/home/airflow/.local/lib/python3.12/site-packages/sqlalchemy/pool/base.py", line 327, in connect
    return _ConnectionFairy._checkout(self)
           ^^^^^^^^^^^^^^^^^^^^^^^^^^^^^^^^
  File "/home/airflow/.local/lib/python3.12/site-packages/sqlalchemy/pool/base.py", line 894, in _checkout
    fairy = _ConnectionRecord.checkout(pool)
            ^^^^^^^^^^^^^^^^^^^^^^^^^^^^^^^^
  File "/home/airflow/.local/lib/python3.12/site-packages/sqlalchemy/pool/base.py", line 493, in checkout
    rec = pool._do_get()
          ^^^^^^^^^^^^^^
  File "/home/airflow/.local/lib/python3.12/site-packages/sqlalchemy/pool/impl.py", line 145, in _do_get
    with util.safe_reraise():
  File "/home/airflow/.local/lib/python3.12/site-packages/sqlalchemy/util/langhelpers.py", line 70, in __exit__
    compat.raise_(
  File "/home/airflow/.local/lib/python3.12/site-packages/sqlalchemy/util/compat.py", line 211, in raise_
    raise exception
  File "/home/airflow/.local/lib/python3.12/site-packages/sqlalchemy/pool/impl.py", line 143, in _do_get
    return self._create_connection()
           ^^^^^^^^^^^^^^^^^^^^^^^^^
  File "/home/airflow/.local/lib/python3.12/site-packages/sqlalchemy/pool/base.py", line 273, in _create_connection
    return _ConnectionRecord(self)
           ^^^^^^^^^^^^^^^^^^^^^^^
  File "/home/airflow/.local/lib/python3.12/site-packages/sqlalchemy/pool/base.py", line 388, in __init__
    self.__connect()
  File "/home/airflow/.local/lib/python3.12/site-packages/sqlalchemy/pool/base.py", line 690, in __connect
    with util.safe_reraise():
  File "/home/airflow/.local/lib/python3.12/site-packages/sqlalchemy/util/langhelpers.py", line 70, in __exit__
    compat.raise_(
  File "/home/airflow/.local/lib/python3.12/site-packages/sqlalchemy/util/compat.py", line 211, in raise_
    raise exception
  File "/home/airflow/.local/lib/python3.12/site-packages/sqlalchemy/pool/base.py", line 686, in __connect
    self.dbapi_connection = connection = pool._invoke_creator(self)
                                         ^^^^^^^^^^^^^^^^^^^^^^^^^^
  File "/home/airflow/.local/lib/python3.12/site-packages/sqlalchemy/engine/create.py", line 574, in connect
    return dialect.connect(*cargs, **cparams)
           ^^^^^^^^^^^^^^^^^^^^^^^^^^^^^^^^^^
  File "/home/airflow/.local/lib/python3.12/site-packages/sqlalchemy/engine/default.py", line 598, in connect
    return self.dbapi.connect(*cargs, **cparams)
           ^^^^^^^^^^^^^^^^^^^^^^^^^^^^^^^^^^^^^
  File "/home/airflow/.local/lib/python3.12/site-packages/psycopg2/__init__.py", line 122, in connect
    conn = _connect(dsn, connection_factory=connection_factory, **kwasync)
           ^^^^^^^^^^^^^^^^^^^^^^^^^^^^^^^^^^^^^^^^^^^^^^^^^^^^^^^^^^^^^^^
psycopg2.OperationalError: could not translate host name "postgres" to address: Temporary failure in name resolution


The above exception was the direct cause of the following exception:

Traceback (most recent call last):
  File "/home/airflow/.local/lib/python3.12/site-packages/airflow/dag_processing/processor.py", line 182, in _run_file_processor
    _handle_dag_file_processing()
  File "/home/airflow/.local/lib/python3.12/site-packages/airflow/dag_processing/processor.py", line 163, in _handle_dag_file_processing
    result: tuple[int, int] = dag_file_processor.process_file(
                              ^^^^^^^^^^^^^^^^^^^^^^^^^^^^^^^^
  File "/home/airflow/.local/lib/python3.12/site-packages/airflow/utils/session.py", line 79, in wrapper
    return func(*args, session=session, **kwargs)
           ^^^^^^^^^^^^^^^^^^^^^^^^^^^^^^^^^^^^^^
  File "/home/airflow/.local/lib/python3.12/site-packages/airflow/dag_processing/processor.py", line 859, in process_file
    serialize_errors = DagFileProcessor.save_dag_to_db(
                       ^^^^^^^^^^^^^^^^^^^^^^^^^^^^^^^^
  File "/home/airflow/.local/lib/python3.12/site-packages/airflow/api_internal/internal_api_call.py", line 115, in wrapper
    return func(*args, **kwargs)
           ^^^^^^^^^^^^^^^^^^^^^
  File "/home/airflow/.local/lib/python3.12/site-packages/airflow/utils/session.py", line 79, in wrapper
    return func(*args, session=session, **kwargs)
           ^^^^^^^^^^^^^^^^^^^^^^^^^^^^^^^^^^^^^^
  File "/home/airflow/.local/lib/python3.12/site-packages/airflow/dag_processing/processor.py", line 895, in save_dag_to_db
    import_errors = DagBag._sync_to_db(dags=dags, processor_subdir=dag_directory, session=session)
                    ^^^^^^^^^^^^^^^^^^^^^^^^^^^^^^^^^^^^^^^^^^^^^^^^^^^^^^^^^^^^^^^^^^^^^^^^^^^^^^
  File "/home/airflow/.local/lib/python3.12/site-packages/airflow/utils/session.py", line 76, in wrapper
    return func(*args, **kwargs)
           ^^^^^^^^^^^^^^^^^^^^^
  File "/home/airflow/.local/lib/python3.12/site-packages/airflow/models/dagbag.py", line 664, in _sync_to_db
    for attempt in run_with_db_retries(logger=log):
  File "/home/airflow/.local/lib/python3.12/site-packages/tenacity/__init__.py", line 443, in __iter__
    do = self.iter(retry_state=retry_state)
         ^^^^^^^^^^^^^^^^^^^^^^^^^^^^^^^^^^
  File "/home/airflow/.local/lib/python3.12/site-packages/tenacity/__init__.py", line 376, in iter
    result = action(retry_state)
             ^^^^^^^^^^^^^^^^^^^
  File "/home/airflow/.local/lib/python3.12/site-packages/tenacity/__init__.py", line 418, in exc_check
    raise retry_exc.reraise()
          ^^^^^^^^^^^^^^^^^^^
  File "/home/airflow/.local/lib/python3.12/site-packages/tenacity/__init__.py", line 185, in reraise
    raise self.last_attempt.result()
          ^^^^^^^^^^^^^^^^^^^^^^^^^^
  File "/usr/local/lib/python3.12/concurrent/futures/_base.py", line 449, in result
    return self.__get_result()
           ^^^^^^^^^^^^^^^^^^^
  File "/usr/local/lib/python3.12/concurrent/futures/_base.py", line 401, in __get_result
    raise self._exception
  File "/home/airflow/.local/lib/python3.12/site-packages/airflow/models/dagbag.py", line 677, in _sync_to_db
    _serialize_dag_capturing_errors(dag, session, processor_subdir)
  File "/home/airflow/.local/lib/python3.12/site-packages/airflow/models/dagbag.py", line 642, in _serialize_dag_capturing_errors
    dag_was_updated = SerializedDagModel.write_dag(
                      ^^^^^^^^^^^^^^^^^^^^^^^^^^^^^
  File "/home/airflow/.local/lib/python3.12/site-packages/airflow/utils/session.py", line 76, in wrapper
    return func(*args, **kwargs)
           ^^^^^^^^^^^^^^^^^^^^^
  File "/home/airflow/.local/lib/python3.12/site-packages/airflow/models/serialized_dag.py", line 158, in write_dag
    if session.scalar(
       ^^^^^^^^^^^^^^^
  File "/home/airflow/.local/lib/python3.12/site-packages/sqlalchemy/orm/session.py", line 1747, in scalar
    return self.execute(
           ^^^^^^^^^^^^^
  File "/home/airflow/.local/lib/python3.12/site-packages/sqlalchemy/orm/session.py", line 1716, in execute
    conn = self._connection_for_bind(bind)
           ^^^^^^^^^^^^^^^^^^^^^^^^^^^^^^^
  File "/home/airflow/.local/lib/python3.12/site-packages/sqlalchemy/orm/session.py", line 1555, in _connection_for_bind
    return self._transaction._connection_for_bind(
           ^^^^^^^^^^^^^^^^^^^^^^^^^^^^^^^^^^^^^^^
  File "/home/airflow/.local/lib/python3.12/site-packages/sqlalchemy/orm/session.py", line 750, in _connection_for_bind
    conn = bind.connect()
           ^^^^^^^^^^^^^^
  File "/home/airflow/.local/lib/python3.12/site-packages/sqlalchemy/future/engine.py", line 412, in connect
    return super(Engine, self).connect()
           ^^^^^^^^^^^^^^^^^^^^^^^^^^^^^
  File "/home/airflow/.local/lib/python3.12/site-packages/sqlalchemy/engine/base.py", line 3325, in connect
    return self._connection_cls(self, close_with_result=close_with_result)
           ^^^^^^^^^^^^^^^^^^^^^^^^^^^^^^^^^^^^^^^^^^^^^^^^^^^^^^^^^^^^^^^
  File "/home/airflow/.local/lib/python3.12/site-packages/sqlalchemy/engine/base.py", line 96, in __init__
    else engine.raw_connection()
         ^^^^^^^^^^^^^^^^^^^^^^^
  File "/home/airflow/.local/lib/python3.12/site-packages/sqlalchemy/engine/base.py", line 3404, in raw_connection
    return self._wrap_pool_connect(self.pool.connect, _connection)
           ^^^^^^^^^^^^^^^^^^^^^^^^^^^^^^^^^^^^^^^^^^^^^^^^^^^^^^^
  File "/home/airflow/.local/lib/python3.12/site-packages/sqlalchemy/engine/base.py", line 3374, in _wrap_pool_connect
    Connection._handle_dbapi_exception_noconnection(
  File "/home/airflow/.local/lib/python3.12/site-packages/sqlalchemy/engine/base.py", line 2208, in _handle_dbapi_exception_noconnection
    util.raise_(
  File "/home/airflow/.local/lib/python3.12/site-packages/sqlalchemy/util/compat.py", line 211, in raise_
    raise exception
  File "/home/airflow/.local/lib/python3.12/site-packages/sqlalchemy/engine/base.py", line 3371, in _wrap_pool_connect
    return fn()
           ^^^^
  File "/home/airflow/.local/lib/python3.12/site-packages/sqlalchemy/pool/base.py", line 327, in connect
    return _ConnectionFairy._checkout(self)
           ^^^^^^^^^^^^^^^^^^^^^^^^^^^^^^^^
  File "/home/airflow/.local/lib/python3.12/site-packages/sqlalchemy/pool/base.py", line 894, in _checkout
    fairy = _ConnectionRecord.checkout(pool)
            ^^^^^^^^^^^^^^^^^^^^^^^^^^^^^^^^
  File "/home/airflow/.local/lib/python3.12/site-packages/sqlalchemy/pool/base.py", line 493, in checkout
    rec = pool._do_get()
          ^^^^^^^^^^^^^^
  File "/home/airflow/.local/lib/python3.12/site-packages/sqlalchemy/pool/impl.py", line 145, in _do_get
    with util.safe_reraise():
  File "/home/airflow/.local/lib/python3.12/site-packages/sqlalchemy/util/langhelpers.py", line 70, in __exit__
    compat.raise_(
  File "/home/airflow/.local/lib/python3.12/site-packages/sqlalchemy/util/compat.py", line 211, in raise_
    raise exception
  File "/home/airflow/.local/lib/python3.12/site-packages/sqlalchemy/pool/impl.py", line 143, in _do_get
    return self._create_connection()
           ^^^^^^^^^^^^^^^^^^^^^^^^^
  File "/home/airflow/.local/lib/python3.12/site-packages/sqlalchemy/pool/base.py", line 273, in _create_connection
    return _ConnectionRecord(self)
           ^^^^^^^^^^^^^^^^^^^^^^^
  File "/home/airflow/.local/lib/python3.12/site-packages/sqlalchemy/pool/base.py", line 388, in __init__
    self.__connect()
  File "/home/airflow/.local/lib/python3.12/site-packages/sqlalchemy/pool/base.py", line 690, in __connect
    with util.safe_reraise():
  File "/home/airflow/.local/lib/python3.12/site-packages/sqlalchemy/util/langhelpers.py", line 70, in __exit__
    compat.raise_(
  File "/home/airflow/.local/lib/python3.12/site-packages/sqlalchemy/util/compat.py", line 211, in raise_
    raise exception
  File "/home/airflow/.local/lib/python3.12/site-packages/sqlalchemy/pool/base.py", line 686, in __connect
    self.dbapi_connection = connection = pool._invoke_creator(self)
                                         ^^^^^^^^^^^^^^^^^^^^^^^^^^
  File "/home/airflow/.local/lib/python3.12/site-packages/sqlalchemy/engine/create.py", line 574, in connect
    return dialect.connect(*cargs, **cparams)
           ^^^^^^^^^^^^^^^^^^^^^^^^^^^^^^^^^^
  File "/home/airflow/.local/lib/python3.12/site-packages/sqlalchemy/engine/default.py", line 598, in connect
    return self.dbapi.connect(*cargs, **cparams)
           ^^^^^^^^^^^^^^^^^^^^^^^^^^^^^^^^^^^^^
  File "/home/airflow/.local/lib/python3.12/site-packages/psycopg2/__init__.py", line 122, in connect
    conn = _connect(dsn, connection_factory=connection_factory, **kwasync)
           ^^^^^^^^^^^^^^^^^^^^^^^^^^^^^^^^^^^^^^^^^^^^^^^^^^^^^^^^^^^^^^^
sqlalchemy.exc.OperationalError: (psycopg2.OperationalError) could not translate host name "postgres" to address: Temporary failure in name resolution

(Background on this error at: https://sqlalche.me/e/14/e3q8)
[2024-08-02T18:29:11.116+0000] {processor.py:161} INFO - Started process (PID=62) to work on /home/airflow/.local/lib/python3.12/site-packages/airflow/example_dags/example_setup_teardown.py
[2024-08-02T18:29:11.119+0000] {processor.py:830} INFO - Processing file /home/airflow/.local/lib/python3.12/site-packages/airflow/example_dags/example_setup_teardown.py for tasks to queue
[2024-08-02T18:29:11.132+0000] {logging_mixin.py:188} INFO - [2024-08-02T18:29:11.132+0000] {dagbag.py:545} INFO - Filling up the DagBag from /home/airflow/.local/lib/python3.12/site-packages/airflow/example_dags/example_setup_teardown.py
[2024-08-02T18:29:11.144+0000] {processor.py:840} INFO - DAG(s) 'example_setup_teardown' retrieved from /home/airflow/.local/lib/python3.12/site-packages/airflow/example_dags/example_setup_teardown.py
[2024-08-02T18:29:11.164+0000] {logging_mixin.py:188} INFO - [2024-08-02T18:29:11.164+0000] {dag.py:3089} INFO - Sync 1 DAGs
[2024-08-02T18:29:11.242+0000] {logging_mixin.py:188} INFO - [2024-08-02T18:29:11.242+0000] {dag.py:3947} INFO - Setting next_dagrun for example_setup_teardown to 2024-08-01 00:00:00+00:00, run_after=2024-08-02 00:00:00+00:00
[2024-08-02T18:29:11.329+0000] {processor.py:183} INFO - Processing /home/airflow/.local/lib/python3.12/site-packages/airflow/example_dags/example_setup_teardown.py took 0.223 seconds
[2024-08-02T18:29:41.576+0000] {processor.py:161} INFO - Started process (PID=115) to work on /home/airflow/.local/lib/python3.12/site-packages/airflow/example_dags/example_setup_teardown.py
[2024-08-02T18:29:41.577+0000] {processor.py:830} INFO - Processing file /home/airflow/.local/lib/python3.12/site-packages/airflow/example_dags/example_setup_teardown.py for tasks to queue
[2024-08-02T18:29:41.578+0000] {logging_mixin.py:188} INFO - [2024-08-02T18:29:41.578+0000] {dagbag.py:545} INFO - Filling up the DagBag from /home/airflow/.local/lib/python3.12/site-packages/airflow/example_dags/example_setup_teardown.py
[2024-08-02T18:29:41.585+0000] {processor.py:840} INFO - DAG(s) 'example_setup_teardown' retrieved from /home/airflow/.local/lib/python3.12/site-packages/airflow/example_dags/example_setup_teardown.py
[2024-08-02T18:29:41.685+0000] {logging_mixin.py:188} INFO - [2024-08-02T18:29:41.684+0000] {dag.py:3089} INFO - Sync 1 DAGs
[2024-08-02T18:29:41.703+0000] {logging_mixin.py:188} INFO - [2024-08-02T18:29:41.703+0000] {dag.py:3947} INFO - Setting next_dagrun for example_setup_teardown to 2024-08-01 00:00:00+00:00, run_after=2024-08-02 00:00:00+00:00
[2024-08-02T18:29:41.777+0000] {processor.py:183} INFO - Processing /home/airflow/.local/lib/python3.12/site-packages/airflow/example_dags/example_setup_teardown.py took 0.207 seconds
[2024-08-02T18:30:11.813+0000] {processor.py:161} INFO - Started process (PID=174) to work on /home/airflow/.local/lib/python3.12/site-packages/airflow/example_dags/example_setup_teardown.py
[2024-08-02T18:30:11.814+0000] {processor.py:830} INFO - Processing file /home/airflow/.local/lib/python3.12/site-packages/airflow/example_dags/example_setup_teardown.py for tasks to queue
[2024-08-02T18:30:11.816+0000] {logging_mixin.py:188} INFO - [2024-08-02T18:30:11.816+0000] {dagbag.py:545} INFO - Filling up the DagBag from /home/airflow/.local/lib/python3.12/site-packages/airflow/example_dags/example_setup_teardown.py
[2024-08-02T18:30:11.822+0000] {processor.py:840} INFO - DAG(s) 'example_setup_teardown' retrieved from /home/airflow/.local/lib/python3.12/site-packages/airflow/example_dags/example_setup_teardown.py
[2024-08-02T18:30:11.841+0000] {logging_mixin.py:188} INFO - [2024-08-02T18:30:11.841+0000] {dag.py:3089} INFO - Sync 1 DAGs
[2024-08-02T18:30:11.863+0000] {logging_mixin.py:188} INFO - [2024-08-02T18:30:11.863+0000] {dag.py:3947} INFO - Setting next_dagrun for example_setup_teardown to 2024-08-01 00:00:00+00:00, run_after=2024-08-02 00:00:00+00:00
[2024-08-02T18:30:11.882+0000] {processor.py:183} INFO - Processing /home/airflow/.local/lib/python3.12/site-packages/airflow/example_dags/example_setup_teardown.py took 0.073 seconds
[2024-08-02T18:30:42.543+0000] {processor.py:161} INFO - Started process (PID=233) to work on /home/airflow/.local/lib/python3.12/site-packages/airflow/example_dags/example_setup_teardown.py
[2024-08-02T18:30:42.544+0000] {processor.py:830} INFO - Processing file /home/airflow/.local/lib/python3.12/site-packages/airflow/example_dags/example_setup_teardown.py for tasks to queue
[2024-08-02T18:30:42.546+0000] {logging_mixin.py:188} INFO - [2024-08-02T18:30:42.546+0000] {dagbag.py:545} INFO - Filling up the DagBag from /home/airflow/.local/lib/python3.12/site-packages/airflow/example_dags/example_setup_teardown.py
[2024-08-02T18:30:42.553+0000] {processor.py:840} INFO - DAG(s) 'example_setup_teardown' retrieved from /home/airflow/.local/lib/python3.12/site-packages/airflow/example_dags/example_setup_teardown.py
[2024-08-02T18:30:42.573+0000] {logging_mixin.py:188} INFO - [2024-08-02T18:30:42.573+0000] {dag.py:3089} INFO - Sync 1 DAGs
[2024-08-02T18:30:42.593+0000] {logging_mixin.py:188} INFO - [2024-08-02T18:30:42.593+0000] {dag.py:3947} INFO - Setting next_dagrun for example_setup_teardown to 2024-08-01 00:00:00+00:00, run_after=2024-08-02 00:00:00+00:00
[2024-08-02T18:30:42.613+0000] {processor.py:183} INFO - Processing /home/airflow/.local/lib/python3.12/site-packages/airflow/example_dags/example_setup_teardown.py took 0.074 seconds
[2024-08-02T18:31:13.463+0000] {processor.py:161} INFO - Started process (PID=292) to work on /home/airflow/.local/lib/python3.12/site-packages/airflow/example_dags/example_setup_teardown.py
[2024-08-02T18:31:13.464+0000] {processor.py:830} INFO - Processing file /home/airflow/.local/lib/python3.12/site-packages/airflow/example_dags/example_setup_teardown.py for tasks to queue
[2024-08-02T18:31:13.465+0000] {logging_mixin.py:188} INFO - [2024-08-02T18:31:13.465+0000] {dagbag.py:545} INFO - Filling up the DagBag from /home/airflow/.local/lib/python3.12/site-packages/airflow/example_dags/example_setup_teardown.py
[2024-08-02T18:31:13.471+0000] {processor.py:840} INFO - DAG(s) 'example_setup_teardown' retrieved from /home/airflow/.local/lib/python3.12/site-packages/airflow/example_dags/example_setup_teardown.py
[2024-08-02T18:31:13.490+0000] {logging_mixin.py:188} INFO - [2024-08-02T18:31:13.489+0000] {dag.py:3089} INFO - Sync 1 DAGs
[2024-08-02T18:31:13.512+0000] {logging_mixin.py:188} INFO - [2024-08-02T18:31:13.512+0000] {dag.py:3947} INFO - Setting next_dagrun for example_setup_teardown to 2024-08-01 00:00:00+00:00, run_after=2024-08-02 00:00:00+00:00
[2024-08-02T18:31:13.537+0000] {processor.py:183} INFO - Processing /home/airflow/.local/lib/python3.12/site-packages/airflow/example_dags/example_setup_teardown.py took 0.079 seconds
[2024-08-02T18:31:44.142+0000] {processor.py:161} INFO - Started process (PID=351) to work on /home/airflow/.local/lib/python3.12/site-packages/airflow/example_dags/example_setup_teardown.py
[2024-08-02T18:31:44.144+0000] {processor.py:830} INFO - Processing file /home/airflow/.local/lib/python3.12/site-packages/airflow/example_dags/example_setup_teardown.py for tasks to queue
[2024-08-02T18:31:44.146+0000] {logging_mixin.py:188} INFO - [2024-08-02T18:31:44.145+0000] {dagbag.py:545} INFO - Filling up the DagBag from /home/airflow/.local/lib/python3.12/site-packages/airflow/example_dags/example_setup_teardown.py
[2024-08-02T18:31:44.154+0000] {processor.py:840} INFO - DAG(s) 'example_setup_teardown' retrieved from /home/airflow/.local/lib/python3.12/site-packages/airflow/example_dags/example_setup_teardown.py
[2024-08-02T18:31:44.179+0000] {logging_mixin.py:188} INFO - [2024-08-02T18:31:44.179+0000] {dag.py:3089} INFO - Sync 1 DAGs
[2024-08-02T18:31:44.203+0000] {logging_mixin.py:188} INFO - [2024-08-02T18:31:44.202+0000] {dag.py:3947} INFO - Setting next_dagrun for example_setup_teardown to 2024-08-01 00:00:00+00:00, run_after=2024-08-02 00:00:00+00:00
[2024-08-02T18:31:44.229+0000] {processor.py:183} INFO - Processing /home/airflow/.local/lib/python3.12/site-packages/airflow/example_dags/example_setup_teardown.py took 0.092 seconds
[2024-08-02T18:32:14.866+0000] {processor.py:161} INFO - Started process (PID=416) to work on /home/airflow/.local/lib/python3.12/site-packages/airflow/example_dags/example_setup_teardown.py
[2024-08-02T18:32:14.867+0000] {processor.py:830} INFO - Processing file /home/airflow/.local/lib/python3.12/site-packages/airflow/example_dags/example_setup_teardown.py for tasks to queue
[2024-08-02T18:32:14.869+0000] {logging_mixin.py:188} INFO - [2024-08-02T18:32:14.869+0000] {dagbag.py:545} INFO - Filling up the DagBag from /home/airflow/.local/lib/python3.12/site-packages/airflow/example_dags/example_setup_teardown.py
[2024-08-02T18:32:14.874+0000] {processor.py:840} INFO - DAG(s) 'example_setup_teardown' retrieved from /home/airflow/.local/lib/python3.12/site-packages/airflow/example_dags/example_setup_teardown.py
[2024-08-02T18:32:14.894+0000] {logging_mixin.py:188} INFO - [2024-08-02T18:32:14.894+0000] {dag.py:3089} INFO - Sync 1 DAGs
[2024-08-02T18:32:14.914+0000] {logging_mixin.py:188} INFO - [2024-08-02T18:32:14.914+0000] {dag.py:3947} INFO - Setting next_dagrun for example_setup_teardown to 2024-08-01 00:00:00+00:00, run_after=2024-08-02 00:00:00+00:00
[2024-08-02T18:32:14.934+0000] {processor.py:183} INFO - Processing /home/airflow/.local/lib/python3.12/site-packages/airflow/example_dags/example_setup_teardown.py took 0.072 seconds
[2024-08-02T18:32:45.487+0000] {processor.py:161} INFO - Started process (PID=475) to work on /home/airflow/.local/lib/python3.12/site-packages/airflow/example_dags/example_setup_teardown.py
[2024-08-02T18:32:45.490+0000] {processor.py:830} INFO - Processing file /home/airflow/.local/lib/python3.12/site-packages/airflow/example_dags/example_setup_teardown.py for tasks to queue
[2024-08-02T18:32:45.491+0000] {logging_mixin.py:188} INFO - [2024-08-02T18:32:45.491+0000] {dagbag.py:545} INFO - Filling up the DagBag from /home/airflow/.local/lib/python3.12/site-packages/airflow/example_dags/example_setup_teardown.py
[2024-08-02T18:32:45.497+0000] {processor.py:840} INFO - DAG(s) 'example_setup_teardown' retrieved from /home/airflow/.local/lib/python3.12/site-packages/airflow/example_dags/example_setup_teardown.py
[2024-08-02T18:32:45.518+0000] {logging_mixin.py:188} INFO - [2024-08-02T18:32:45.518+0000] {dag.py:3089} INFO - Sync 1 DAGs
[2024-08-02T18:32:45.538+0000] {logging_mixin.py:188} INFO - [2024-08-02T18:32:45.537+0000] {dag.py:3947} INFO - Setting next_dagrun for example_setup_teardown to 2024-08-01 00:00:00+00:00, run_after=2024-08-02 00:00:00+00:00
[2024-08-02T18:32:45.555+0000] {processor.py:183} INFO - Processing /home/airflow/.local/lib/python3.12/site-packages/airflow/example_dags/example_setup_teardown.py took 0.072 seconds
[2024-08-02T18:35:11.441+0000] {processor.py:161} INFO - Started process (PID=528) to work on /home/airflow/.local/lib/python3.12/site-packages/airflow/example_dags/example_setup_teardown.py
[2024-08-02T18:35:11.443+0000] {processor.py:830} INFO - Processing file /home/airflow/.local/lib/python3.12/site-packages/airflow/example_dags/example_setup_teardown.py for tasks to queue
[2024-08-02T18:35:11.445+0000] {logging_mixin.py:188} INFO - [2024-08-02T18:35:11.443+0000] {dagbag.py:545} INFO - Filling up the DagBag from /home/airflow/.local/lib/python3.12/site-packages/airflow/example_dags/example_setup_teardown.py
[2024-08-02T18:35:11.457+0000] {processor.py:840} INFO - DAG(s) 'example_setup_teardown' retrieved from /home/airflow/.local/lib/python3.12/site-packages/airflow/example_dags/example_setup_teardown.py
[2024-08-02T18:35:11.516+0000] {logging_mixin.py:188} INFO - [2024-08-02T18:35:11.516+0000] {dag.py:3089} INFO - Sync 1 DAGs
[2024-08-02T18:35:11.583+0000] {logging_mixin.py:188} INFO - [2024-08-02T18:35:11.583+0000] {dag.py:3947} INFO - Setting next_dagrun for example_setup_teardown to 2024-08-01 00:00:00+00:00, run_after=2024-08-02 00:00:00+00:00
[2024-08-02T18:35:11.611+0000] {processor.py:183} INFO - Processing /home/airflow/.local/lib/python3.12/site-packages/airflow/example_dags/example_setup_teardown.py took 0.182 seconds
[2024-08-02T18:36:26.932+0000] {processor.py:161} INFO - Started process (PID=587) to work on /home/airflow/.local/lib/python3.12/site-packages/airflow/example_dags/example_setup_teardown.py
[2024-08-02T18:36:26.934+0000] {processor.py:830} INFO - Processing file /home/airflow/.local/lib/python3.12/site-packages/airflow/example_dags/example_setup_teardown.py for tasks to queue
[2024-08-02T18:36:26.938+0000] {logging_mixin.py:188} INFO - [2024-08-02T18:36:26.935+0000] {dagbag.py:545} INFO - Filling up the DagBag from /home/airflow/.local/lib/python3.12/site-packages/airflow/example_dags/example_setup_teardown.py
[2024-08-02T18:36:26.961+0000] {processor.py:840} INFO - DAG(s) 'example_setup_teardown' retrieved from /home/airflow/.local/lib/python3.12/site-packages/airflow/example_dags/example_setup_teardown.py
[2024-08-02T18:36:30.335+0000] {logging_mixin.py:188} INFO - [2024-08-02T18:36:30.323+0000] {dag.py:3089} INFO - Sync 1 DAGs
[2024-08-02T18:36:30.443+0000] {logging_mixin.py:188} INFO - [2024-08-02T18:36:30.442+0000] {dag.py:3947} INFO - Setting next_dagrun for example_setup_teardown to 2024-08-01 00:00:00+00:00, run_after=2024-08-02 00:00:00+00:00
[2024-08-02T18:36:30.613+0000] {processor.py:183} INFO - Processing /home/airflow/.local/lib/python3.12/site-packages/airflow/example_dags/example_setup_teardown.py took 3.704 seconds
[2024-08-02T18:38:25.862+0000] {processor.py:161} INFO - Started process (PID=638) to work on /home/airflow/.local/lib/python3.12/site-packages/airflow/example_dags/example_setup_teardown.py
[2024-08-02T18:38:25.864+0000] {processor.py:830} INFO - Processing file /home/airflow/.local/lib/python3.12/site-packages/airflow/example_dags/example_setup_teardown.py for tasks to queue
[2024-08-02T18:38:25.865+0000] {logging_mixin.py:188} INFO - [2024-08-02T18:38:25.865+0000] {dagbag.py:545} INFO - Filling up the DagBag from /home/airflow/.local/lib/python3.12/site-packages/airflow/example_dags/example_setup_teardown.py
[2024-08-02T18:38:25.876+0000] {processor.py:840} INFO - DAG(s) 'example_setup_teardown' retrieved from /home/airflow/.local/lib/python3.12/site-packages/airflow/example_dags/example_setup_teardown.py
[2024-08-02T18:38:25.899+0000] {logging_mixin.py:188} INFO - [2024-08-02T18:38:25.899+0000] {dag.py:3089} INFO - Sync 1 DAGs
[2024-08-02T18:38:25.923+0000] {logging_mixin.py:188} INFO - [2024-08-02T18:38:25.923+0000] {dag.py:3947} INFO - Setting next_dagrun for example_setup_teardown to 2024-08-01 00:00:00+00:00, run_after=2024-08-02 00:00:00+00:00
[2024-08-02T18:38:25.942+0000] {processor.py:183} INFO - Processing /home/airflow/.local/lib/python3.12/site-packages/airflow/example_dags/example_setup_teardown.py took 0.086 seconds
[2024-08-02T18:39:13.848+0000] {processor.py:161} INFO - Started process (PID=689) to work on /home/airflow/.local/lib/python3.12/site-packages/airflow/example_dags/example_setup_teardown.py
[2024-08-02T18:39:13.852+0000] {processor.py:830} INFO - Processing file /home/airflow/.local/lib/python3.12/site-packages/airflow/example_dags/example_setup_teardown.py for tasks to queue
[2024-08-02T18:39:13.860+0000] {logging_mixin.py:188} INFO - [2024-08-02T18:39:13.859+0000] {dagbag.py:545} INFO - Filling up the DagBag from /home/airflow/.local/lib/python3.12/site-packages/airflow/example_dags/example_setup_teardown.py
[2024-08-02T18:39:13.888+0000] {processor.py:840} INFO - DAG(s) 'example_setup_teardown' retrieved from /home/airflow/.local/lib/python3.12/site-packages/airflow/example_dags/example_setup_teardown.py
[2024-08-02T18:39:13.940+0000] {logging_mixin.py:188} INFO - [2024-08-02T18:39:13.939+0000] {dag.py:3089} INFO - Sync 1 DAGs
[2024-08-02T18:39:14.002+0000] {logging_mixin.py:188} INFO - [2024-08-02T18:39:14.002+0000] {dag.py:3947} INFO - Setting next_dagrun for example_setup_teardown to 2024-08-01 00:00:00+00:00, run_after=2024-08-02 00:00:00+00:00
[2024-08-02T18:39:14.038+0000] {processor.py:183} INFO - Processing /home/airflow/.local/lib/python3.12/site-packages/airflow/example_dags/example_setup_teardown.py took 0.198 seconds
[2024-08-02T18:45:08.758+0000] {processor.py:161} INFO - Started process (PID=49) to work on /home/airflow/.local/lib/python3.12/site-packages/airflow/example_dags/example_setup_teardown.py
[2024-08-02T18:45:08.759+0000] {processor.py:830} INFO - Processing file /home/airflow/.local/lib/python3.12/site-packages/airflow/example_dags/example_setup_teardown.py for tasks to queue
[2024-08-02T18:45:08.762+0000] {logging_mixin.py:188} INFO - [2024-08-02T18:45:08.761+0000] {dagbag.py:545} INFO - Filling up the DagBag from /home/airflow/.local/lib/python3.12/site-packages/airflow/example_dags/example_setup_teardown.py
[2024-08-02T18:45:08.773+0000] {processor.py:840} INFO - DAG(s) 'example_setup_teardown' retrieved from /home/airflow/.local/lib/python3.12/site-packages/airflow/example_dags/example_setup_teardown.py
[2024-08-02T18:45:08.783+0000] {logging_mixin.py:188} INFO - [2024-08-02T18:45:08.782+0000] {dag.py:3089} INFO - Sync 1 DAGs
[2024-08-02T18:45:08.805+0000] {logging_mixin.py:188} INFO - [2024-08-02T18:45:08.805+0000] {dag.py:3947} INFO - Setting next_dagrun for example_setup_teardown to 2024-08-01 00:00:00+00:00, run_after=2024-08-02 00:00:00+00:00
[2024-08-02T18:45:08.823+0000] {processor.py:183} INFO - Processing /home/airflow/.local/lib/python3.12/site-packages/airflow/example_dags/example_setup_teardown.py took 0.069 seconds
[2024-08-02T18:45:39.728+0000] {processor.py:161} INFO - Started process (PID=114) to work on /home/airflow/.local/lib/python3.12/site-packages/airflow/example_dags/example_setup_teardown.py
[2024-08-02T18:45:39.732+0000] {processor.py:830} INFO - Processing file /home/airflow/.local/lib/python3.12/site-packages/airflow/example_dags/example_setup_teardown.py for tasks to queue
[2024-08-02T18:45:39.733+0000] {logging_mixin.py:188} INFO - [2024-08-02T18:45:39.733+0000] {dagbag.py:545} INFO - Filling up the DagBag from /home/airflow/.local/lib/python3.12/site-packages/airflow/example_dags/example_setup_teardown.py
[2024-08-02T18:45:39.738+0000] {processor.py:840} INFO - DAG(s) 'example_setup_teardown' retrieved from /home/airflow/.local/lib/python3.12/site-packages/airflow/example_dags/example_setup_teardown.py
[2024-08-02T18:45:39.826+0000] {logging_mixin.py:188} INFO - [2024-08-02T18:45:39.826+0000] {dag.py:3089} INFO - Sync 1 DAGs
[2024-08-02T18:45:39.843+0000] {logging_mixin.py:188} INFO - [2024-08-02T18:45:39.843+0000] {dag.py:3947} INFO - Setting next_dagrun for example_setup_teardown to 2024-08-01 00:00:00+00:00, run_after=2024-08-02 00:00:00+00:00
[2024-08-02T18:45:39.862+0000] {processor.py:183} INFO - Processing /home/airflow/.local/lib/python3.12/site-packages/airflow/example_dags/example_setup_teardown.py took 0.138 seconds
[2024-08-02T18:46:09.987+0000] {processor.py:161} INFO - Started process (PID=174) to work on /home/airflow/.local/lib/python3.12/site-packages/airflow/example_dags/example_setup_teardown.py
[2024-08-02T18:46:09.987+0000] {processor.py:830} INFO - Processing file /home/airflow/.local/lib/python3.12/site-packages/airflow/example_dags/example_setup_teardown.py for tasks to queue
[2024-08-02T18:46:09.988+0000] {logging_mixin.py:188} INFO - [2024-08-02T18:46:09.988+0000] {dagbag.py:545} INFO - Filling up the DagBag from /home/airflow/.local/lib/python3.12/site-packages/airflow/example_dags/example_setup_teardown.py
[2024-08-02T18:46:09.993+0000] {processor.py:840} INFO - DAG(s) 'example_setup_teardown' retrieved from /home/airflow/.local/lib/python3.12/site-packages/airflow/example_dags/example_setup_teardown.py
[2024-08-02T18:46:10.012+0000] {logging_mixin.py:188} INFO - [2024-08-02T18:46:10.012+0000] {dag.py:3089} INFO - Sync 1 DAGs
[2024-08-02T18:46:10.037+0000] {logging_mixin.py:188} INFO - [2024-08-02T18:46:10.036+0000] {dag.py:3947} INFO - Setting next_dagrun for example_setup_teardown to 2024-08-01 00:00:00+00:00, run_after=2024-08-02 00:00:00+00:00
[2024-08-02T18:46:10.241+0000] {processor.py:183} INFO - Processing /home/airflow/.local/lib/python3.12/site-packages/airflow/example_dags/example_setup_teardown.py took 0.259 seconds
[2024-08-02T18:46:41.184+0000] {processor.py:161} INFO - Started process (PID=233) to work on /home/airflow/.local/lib/python3.12/site-packages/airflow/example_dags/example_setup_teardown.py
[2024-08-02T18:46:41.186+0000] {processor.py:830} INFO - Processing file /home/airflow/.local/lib/python3.12/site-packages/airflow/example_dags/example_setup_teardown.py for tasks to queue
[2024-08-02T18:46:41.187+0000] {logging_mixin.py:188} INFO - [2024-08-02T18:46:41.187+0000] {dagbag.py:545} INFO - Filling up the DagBag from /home/airflow/.local/lib/python3.12/site-packages/airflow/example_dags/example_setup_teardown.py
[2024-08-02T18:46:41.193+0000] {processor.py:840} INFO - DAG(s) 'example_setup_teardown' retrieved from /home/airflow/.local/lib/python3.12/site-packages/airflow/example_dags/example_setup_teardown.py
[2024-08-02T18:46:41.222+0000] {logging_mixin.py:188} INFO - [2024-08-02T18:46:41.221+0000] {dag.py:3089} INFO - Sync 1 DAGs
[2024-08-02T18:46:41.257+0000] {logging_mixin.py:188} INFO - [2024-08-02T18:46:41.257+0000] {dag.py:3947} INFO - Setting next_dagrun for example_setup_teardown to 2024-08-01 00:00:00+00:00, run_after=2024-08-02 00:00:00+00:00
[2024-08-02T18:46:41.404+0000] {processor.py:183} INFO - Processing /home/airflow/.local/lib/python3.12/site-packages/airflow/example_dags/example_setup_teardown.py took 0.224 seconds
[2024-08-02T18:48:36.879+0000] {processor.py:161} INFO - Started process (PID=56) to work on /home/airflow/.local/lib/python3.12/site-packages/airflow/example_dags/example_setup_teardown.py
[2024-08-02T18:48:36.882+0000] {processor.py:830} INFO - Processing file /home/airflow/.local/lib/python3.12/site-packages/airflow/example_dags/example_setup_teardown.py for tasks to queue
[2024-08-02T18:48:36.883+0000] {logging_mixin.py:188} INFO - [2024-08-02T18:48:36.883+0000] {dagbag.py:545} INFO - Filling up the DagBag from /home/airflow/.local/lib/python3.12/site-packages/airflow/example_dags/example_setup_teardown.py
[2024-08-02T18:48:36.891+0000] {processor.py:840} INFO - DAG(s) 'example_setup_teardown' retrieved from /home/airflow/.local/lib/python3.12/site-packages/airflow/example_dags/example_setup_teardown.py
[2024-08-02T18:48:36.906+0000] {logging_mixin.py:188} INFO - [2024-08-02T18:48:36.906+0000] {dag.py:3089} INFO - Sync 1 DAGs
[2024-08-02T18:48:36.931+0000] {logging_mixin.py:188} INFO - [2024-08-02T18:48:36.931+0000] {dag.py:3947} INFO - Setting next_dagrun for example_setup_teardown to 2024-08-01 00:00:00+00:00, run_after=2024-08-02 00:00:00+00:00
[2024-08-02T18:48:37.030+0000] {processor.py:183} INFO - Processing /home/airflow/.local/lib/python3.12/site-packages/airflow/example_dags/example_setup_teardown.py took 0.160 seconds
[2024-08-02T18:49:07.202+0000] {processor.py:161} INFO - Started process (PID=115) to work on /home/airflow/.local/lib/python3.12/site-packages/airflow/example_dags/example_setup_teardown.py
[2024-08-02T18:49:07.203+0000] {processor.py:830} INFO - Processing file /home/airflow/.local/lib/python3.12/site-packages/airflow/example_dags/example_setup_teardown.py for tasks to queue
[2024-08-02T18:49:07.205+0000] {logging_mixin.py:188} INFO - [2024-08-02T18:49:07.204+0000] {dagbag.py:545} INFO - Filling up the DagBag from /home/airflow/.local/lib/python3.12/site-packages/airflow/example_dags/example_setup_teardown.py
[2024-08-02T18:49:07.210+0000] {processor.py:840} INFO - DAG(s) 'example_setup_teardown' retrieved from /home/airflow/.local/lib/python3.12/site-packages/airflow/example_dags/example_setup_teardown.py
[2024-08-02T18:49:07.304+0000] {logging_mixin.py:188} INFO - [2024-08-02T18:49:07.304+0000] {dag.py:3089} INFO - Sync 1 DAGs
[2024-08-02T18:49:07.321+0000] {logging_mixin.py:188} INFO - [2024-08-02T18:49:07.321+0000] {dag.py:3947} INFO - Setting next_dagrun for example_setup_teardown to 2024-08-01 00:00:00+00:00, run_after=2024-08-02 00:00:00+00:00
[2024-08-02T18:49:07.375+0000] {processor.py:183} INFO - Processing /home/airflow/.local/lib/python3.12/site-packages/airflow/example_dags/example_setup_teardown.py took 0.177 seconds
[2024-08-02T18:49:37.928+0000] {processor.py:161} INFO - Started process (PID=175) to work on /home/airflow/.local/lib/python3.12/site-packages/airflow/example_dags/example_setup_teardown.py
[2024-08-02T18:49:37.930+0000] {processor.py:830} INFO - Processing file /home/airflow/.local/lib/python3.12/site-packages/airflow/example_dags/example_setup_teardown.py for tasks to queue
[2024-08-02T18:49:37.932+0000] {logging_mixin.py:188} INFO - [2024-08-02T18:49:37.932+0000] {dagbag.py:545} INFO - Filling up the DagBag from /home/airflow/.local/lib/python3.12/site-packages/airflow/example_dags/example_setup_teardown.py
[2024-08-02T18:49:37.941+0000] {processor.py:840} INFO - DAG(s) 'example_setup_teardown' retrieved from /home/airflow/.local/lib/python3.12/site-packages/airflow/example_dags/example_setup_teardown.py
[2024-08-02T18:49:37.967+0000] {logging_mixin.py:188} INFO - [2024-08-02T18:49:37.966+0000] {dag.py:3089} INFO - Sync 1 DAGs
[2024-08-02T18:49:38.019+0000] {logging_mixin.py:188} INFO - [2024-08-02T18:49:38.019+0000] {dag.py:3947} INFO - Setting next_dagrun for example_setup_teardown to 2024-08-01 00:00:00+00:00, run_after=2024-08-02 00:00:00+00:00
[2024-08-02T18:49:38.058+0000] {processor.py:183} INFO - Processing /home/airflow/.local/lib/python3.12/site-packages/airflow/example_dags/example_setup_teardown.py took 0.136 seconds
