[2024-08-02T15:35:38.602+0000] {processor.py:161} INFO - Started process (PID=79) to work on /home/airflow/.local/lib/python3.12/site-packages/airflow/example_dags/example_latest_only_with_trigger.py
[2024-08-02T15:35:38.603+0000] {processor.py:830} INFO - Processing file /home/airflow/.local/lib/python3.12/site-packages/airflow/example_dags/example_latest_only_with_trigger.py for tasks to queue
[2024-08-02T15:35:38.605+0000] {logging_mixin.py:188} INFO - [2024-08-02T15:35:38.604+0000] {dagbag.py:545} INFO - Filling up the DagBag from /home/airflow/.local/lib/python3.12/site-packages/airflow/example_dags/example_latest_only_with_trigger.py
[2024-08-02T15:35:38.654+0000] {processor.py:840} INFO - DAG(s) 'latest_only_with_trigger' retrieved from /home/airflow/.local/lib/python3.12/site-packages/airflow/example_dags/example_latest_only_with_trigger.py
[2024-08-02T15:35:38.941+0000] {logging_mixin.py:188} INFO - [2024-08-02T15:35:38.940+0000] {dag.py:3089} INFO - Sync 1 DAGs
[2024-08-02T15:35:38.990+0000] {logging_mixin.py:188} INFO - [2024-08-02T15:35:38.989+0000] {dag.py:3947} INFO - Setting next_dagrun for latest_only_with_trigger to 2024-08-02 08:00:00+00:00, run_after=2024-08-02 12:00:00+00:00
[2024-08-02T15:35:39.135+0000] {processor.py:183} INFO - Processing /home/airflow/.local/lib/python3.12/site-packages/airflow/example_dags/example_latest_only_with_trigger.py took 0.540 seconds
[2024-08-02T15:36:09.901+0000] {processor.py:161} INFO - Started process (PID=138) to work on /home/airflow/.local/lib/python3.12/site-packages/airflow/example_dags/example_latest_only_with_trigger.py
[2024-08-02T15:36:09.903+0000] {processor.py:830} INFO - Processing file /home/airflow/.local/lib/python3.12/site-packages/airflow/example_dags/example_latest_only_with_trigger.py for tasks to queue
[2024-08-02T15:36:09.906+0000] {logging_mixin.py:188} INFO - [2024-08-02T15:36:09.905+0000] {dagbag.py:545} INFO - Filling up the DagBag from /home/airflow/.local/lib/python3.12/site-packages/airflow/example_dags/example_latest_only_with_trigger.py
[2024-08-02T15:36:09.918+0000] {processor.py:840} INFO - DAG(s) 'latest_only_with_trigger' retrieved from /home/airflow/.local/lib/python3.12/site-packages/airflow/example_dags/example_latest_only_with_trigger.py
[2024-08-02T15:36:09.943+0000] {logging_mixin.py:188} INFO - [2024-08-02T15:36:09.942+0000] {dag.py:3089} INFO - Sync 1 DAGs
[2024-08-02T15:36:09.973+0000] {logging_mixin.py:188} INFO - [2024-08-02T15:36:09.972+0000] {dag.py:3947} INFO - Setting next_dagrun for latest_only_with_trigger to 2024-08-02 08:00:00+00:00, run_after=2024-08-02 12:00:00+00:00
[2024-08-02T15:36:10.001+0000] {processor.py:183} INFO - Processing /home/airflow/.local/lib/python3.12/site-packages/airflow/example_dags/example_latest_only_with_trigger.py took 0.107 seconds
[2024-08-02T18:29:12.946+0000] {processor.py:161} INFO - Started process (PID=68) to work on /home/airflow/.local/lib/python3.12/site-packages/airflow/example_dags/example_latest_only_with_trigger.py
[2024-08-02T18:29:12.949+0000] {processor.py:830} INFO - Processing file /home/airflow/.local/lib/python3.12/site-packages/airflow/example_dags/example_latest_only_with_trigger.py for tasks to queue
[2024-08-02T18:29:12.968+0000] {logging_mixin.py:188} INFO - [2024-08-02T18:29:12.968+0000] {dagbag.py:545} INFO - Filling up the DagBag from /home/airflow/.local/lib/python3.12/site-packages/airflow/example_dags/example_latest_only_with_trigger.py
[2024-08-02T18:29:13.054+0000] {processor.py:840} INFO - DAG(s) 'latest_only_with_trigger' retrieved from /home/airflow/.local/lib/python3.12/site-packages/airflow/example_dags/example_latest_only_with_trigger.py
[2024-08-02T18:29:13.295+0000] {logging_mixin.py:188} INFO - [2024-08-02T18:29:13.295+0000] {dag.py:3089} INFO - Sync 1 DAGs
[2024-08-02T18:29:13.324+0000] {logging_mixin.py:188} INFO - [2024-08-02T18:29:13.324+0000] {dag.py:3947} INFO - Setting next_dagrun for latest_only_with_trigger to 2024-08-02 12:00:00+00:00, run_after=2024-08-02 16:00:00+00:00
[2024-08-02T18:29:13.395+0000] {processor.py:183} INFO - Processing /home/airflow/.local/lib/python3.12/site-packages/airflow/example_dags/example_latest_only_with_trigger.py took 0.463 seconds
[2024-08-02T18:29:44.182+0000] {processor.py:161} INFO - Started process (PID=127) to work on /home/airflow/.local/lib/python3.12/site-packages/airflow/example_dags/example_latest_only_with_trigger.py
[2024-08-02T18:29:44.186+0000] {processor.py:830} INFO - Processing file /home/airflow/.local/lib/python3.12/site-packages/airflow/example_dags/example_latest_only_with_trigger.py for tasks to queue
[2024-08-02T18:29:44.188+0000] {logging_mixin.py:188} INFO - [2024-08-02T18:29:44.187+0000] {dagbag.py:545} INFO - Filling up the DagBag from /home/airflow/.local/lib/python3.12/site-packages/airflow/example_dags/example_latest_only_with_trigger.py
[2024-08-02T18:29:44.196+0000] {processor.py:840} INFO - DAG(s) 'latest_only_with_trigger' retrieved from /home/airflow/.local/lib/python3.12/site-packages/airflow/example_dags/example_latest_only_with_trigger.py
[2024-08-02T18:29:44.217+0000] {logging_mixin.py:188} INFO - [2024-08-02T18:29:44.217+0000] {dag.py:3089} INFO - Sync 1 DAGs
[2024-08-02T18:29:44.242+0000] {logging_mixin.py:188} INFO - [2024-08-02T18:29:44.242+0000] {dag.py:3947} INFO - Setting next_dagrun for latest_only_with_trigger to 2024-08-02 12:00:00+00:00, run_after=2024-08-02 16:00:00+00:00
[2024-08-02T18:29:44.264+0000] {processor.py:183} INFO - Processing /home/airflow/.local/lib/python3.12/site-packages/airflow/example_dags/example_latest_only_with_trigger.py took 0.087 seconds
[2024-08-02T18:30:15.044+0000] {processor.py:161} INFO - Started process (PID=186) to work on /home/airflow/.local/lib/python3.12/site-packages/airflow/example_dags/example_latest_only_with_trigger.py
[2024-08-02T18:30:15.045+0000] {processor.py:830} INFO - Processing file /home/airflow/.local/lib/python3.12/site-packages/airflow/example_dags/example_latest_only_with_trigger.py for tasks to queue
[2024-08-02T18:30:15.047+0000] {logging_mixin.py:188} INFO - [2024-08-02T18:30:15.046+0000] {dagbag.py:545} INFO - Filling up the DagBag from /home/airflow/.local/lib/python3.12/site-packages/airflow/example_dags/example_latest_only_with_trigger.py
[2024-08-02T18:30:15.051+0000] {processor.py:840} INFO - DAG(s) 'latest_only_with_trigger' retrieved from /home/airflow/.local/lib/python3.12/site-packages/airflow/example_dags/example_latest_only_with_trigger.py
[2024-08-02T18:30:15.072+0000] {logging_mixin.py:188} INFO - [2024-08-02T18:30:15.072+0000] {dag.py:3089} INFO - Sync 1 DAGs
[2024-08-02T18:30:15.093+0000] {logging_mixin.py:188} INFO - [2024-08-02T18:30:15.092+0000] {dag.py:3947} INFO - Setting next_dagrun for latest_only_with_trigger to 2024-08-02 12:00:00+00:00, run_after=2024-08-02 16:00:00+00:00
[2024-08-02T18:30:15.116+0000] {processor.py:183} INFO - Processing /home/airflow/.local/lib/python3.12/site-packages/airflow/example_dags/example_latest_only_with_trigger.py took 0.078 seconds
[2024-08-02T18:30:45.745+0000] {processor.py:161} INFO - Started process (PID=245) to work on /home/airflow/.local/lib/python3.12/site-packages/airflow/example_dags/example_latest_only_with_trigger.py
[2024-08-02T18:30:45.746+0000] {processor.py:830} INFO - Processing file /home/airflow/.local/lib/python3.12/site-packages/airflow/example_dags/example_latest_only_with_trigger.py for tasks to queue
[2024-08-02T18:30:45.748+0000] {logging_mixin.py:188} INFO - [2024-08-02T18:30:45.747+0000] {dagbag.py:545} INFO - Filling up the DagBag from /home/airflow/.local/lib/python3.12/site-packages/airflow/example_dags/example_latest_only_with_trigger.py
[2024-08-02T18:30:45.752+0000] {processor.py:840} INFO - DAG(s) 'latest_only_with_trigger' retrieved from /home/airflow/.local/lib/python3.12/site-packages/airflow/example_dags/example_latest_only_with_trigger.py
[2024-08-02T18:30:45.771+0000] {logging_mixin.py:188} INFO - [2024-08-02T18:30:45.771+0000] {dag.py:3089} INFO - Sync 1 DAGs
[2024-08-02T18:30:45.791+0000] {logging_mixin.py:188} INFO - [2024-08-02T18:30:45.791+0000] {dag.py:3947} INFO - Setting next_dagrun for latest_only_with_trigger to 2024-08-02 12:00:00+00:00, run_after=2024-08-02 16:00:00+00:00
[2024-08-02T18:30:45.812+0000] {processor.py:183} INFO - Processing /home/airflow/.local/lib/python3.12/site-packages/airflow/example_dags/example_latest_only_with_trigger.py took 0.072 seconds
[2024-08-02T18:31:16.678+0000] {processor.py:161} INFO - Started process (PID=304) to work on /home/airflow/.local/lib/python3.12/site-packages/airflow/example_dags/example_latest_only_with_trigger.py
[2024-08-02T18:31:16.679+0000] {processor.py:830} INFO - Processing file /home/airflow/.local/lib/python3.12/site-packages/airflow/example_dags/example_latest_only_with_trigger.py for tasks to queue
[2024-08-02T18:31:16.680+0000] {logging_mixin.py:188} INFO - [2024-08-02T18:31:16.680+0000] {dagbag.py:545} INFO - Filling up the DagBag from /home/airflow/.local/lib/python3.12/site-packages/airflow/example_dags/example_latest_only_with_trigger.py
[2024-08-02T18:31:16.684+0000] {processor.py:840} INFO - DAG(s) 'latest_only_with_trigger' retrieved from /home/airflow/.local/lib/python3.12/site-packages/airflow/example_dags/example_latest_only_with_trigger.py
[2024-08-02T18:31:16.702+0000] {logging_mixin.py:188} INFO - [2024-08-02T18:31:16.702+0000] {dag.py:3089} INFO - Sync 1 DAGs
[2024-08-02T18:31:16.723+0000] {logging_mixin.py:188} INFO - [2024-08-02T18:31:16.722+0000] {dag.py:3947} INFO - Setting next_dagrun for latest_only_with_trigger to 2024-08-02 12:00:00+00:00, run_after=2024-08-02 16:00:00+00:00
[2024-08-02T18:31:16.743+0000] {processor.py:183} INFO - Processing /home/airflow/.local/lib/python3.12/site-packages/airflow/example_dags/example_latest_only_with_trigger.py took 0.070 seconds
[2024-08-02T18:31:47.390+0000] {processor.py:161} INFO - Started process (PID=363) to work on /home/airflow/.local/lib/python3.12/site-packages/airflow/example_dags/example_latest_only_with_trigger.py
[2024-08-02T18:31:47.391+0000] {processor.py:830} INFO - Processing file /home/airflow/.local/lib/python3.12/site-packages/airflow/example_dags/example_latest_only_with_trigger.py for tasks to queue
[2024-08-02T18:31:47.392+0000] {logging_mixin.py:188} INFO - [2024-08-02T18:31:47.392+0000] {dagbag.py:545} INFO - Filling up the DagBag from /home/airflow/.local/lib/python3.12/site-packages/airflow/example_dags/example_latest_only_with_trigger.py
[2024-08-02T18:31:47.397+0000] {processor.py:840} INFO - DAG(s) 'latest_only_with_trigger' retrieved from /home/airflow/.local/lib/python3.12/site-packages/airflow/example_dags/example_latest_only_with_trigger.py
[2024-08-02T18:31:47.414+0000] {logging_mixin.py:188} INFO - [2024-08-02T18:31:47.414+0000] {dag.py:3089} INFO - Sync 1 DAGs
[2024-08-02T18:31:47.434+0000] {logging_mixin.py:188} INFO - [2024-08-02T18:31:47.434+0000] {dag.py:3947} INFO - Setting next_dagrun for latest_only_with_trigger to 2024-08-02 12:00:00+00:00, run_after=2024-08-02 16:00:00+00:00
[2024-08-02T18:31:47.453+0000] {processor.py:183} INFO - Processing /home/airflow/.local/lib/python3.12/site-packages/airflow/example_dags/example_latest_only_with_trigger.py took 0.068 seconds
[2024-08-02T18:32:18.133+0000] {processor.py:161} INFO - Started process (PID=422) to work on /home/airflow/.local/lib/python3.12/site-packages/airflow/example_dags/example_latest_only_with_trigger.py
[2024-08-02T18:32:18.134+0000] {processor.py:830} INFO - Processing file /home/airflow/.local/lib/python3.12/site-packages/airflow/example_dags/example_latest_only_with_trigger.py for tasks to queue
[2024-08-02T18:32:18.135+0000] {logging_mixin.py:188} INFO - [2024-08-02T18:32:18.135+0000] {dagbag.py:545} INFO - Filling up the DagBag from /home/airflow/.local/lib/python3.12/site-packages/airflow/example_dags/example_latest_only_with_trigger.py
[2024-08-02T18:32:18.141+0000] {processor.py:840} INFO - DAG(s) 'latest_only_with_trigger' retrieved from /home/airflow/.local/lib/python3.12/site-packages/airflow/example_dags/example_latest_only_with_trigger.py
[2024-08-02T18:32:18.158+0000] {logging_mixin.py:188} INFO - [2024-08-02T18:32:18.158+0000] {dag.py:3089} INFO - Sync 1 DAGs
[2024-08-02T18:32:18.177+0000] {logging_mixin.py:188} INFO - [2024-08-02T18:32:18.177+0000] {dag.py:3947} INFO - Setting next_dagrun for latest_only_with_trigger to 2024-08-02 12:00:00+00:00, run_after=2024-08-02 16:00:00+00:00
[2024-08-02T18:32:18.197+0000] {processor.py:183} INFO - Processing /home/airflow/.local/lib/python3.12/site-packages/airflow/example_dags/example_latest_only_with_trigger.py took 0.069 seconds
[2024-08-02T18:32:48.884+0000] {processor.py:161} INFO - Started process (PID=481) to work on /home/airflow/.local/lib/python3.12/site-packages/airflow/example_dags/example_latest_only_with_trigger.py
[2024-08-02T18:32:48.887+0000] {processor.py:830} INFO - Processing file /home/airflow/.local/lib/python3.12/site-packages/airflow/example_dags/example_latest_only_with_trigger.py for tasks to queue
[2024-08-02T18:32:48.889+0000] {logging_mixin.py:188} INFO - [2024-08-02T18:32:48.889+0000] {dagbag.py:545} INFO - Filling up the DagBag from /home/airflow/.local/lib/python3.12/site-packages/airflow/example_dags/example_latest_only_with_trigger.py
[2024-08-02T18:32:48.903+0000] {processor.py:840} INFO - DAG(s) 'latest_only_with_trigger' retrieved from /home/airflow/.local/lib/python3.12/site-packages/airflow/example_dags/example_latest_only_with_trigger.py
[2024-08-02T18:32:49.046+0000] {logging_mixin.py:188} INFO - [2024-08-02T18:32:49.045+0000] {dag.py:3089} INFO - Sync 1 DAGs
[2024-08-02T18:32:49.145+0000] {logging_mixin.py:188} INFO - [2024-08-02T18:32:49.144+0000] {dag.py:3947} INFO - Setting next_dagrun for latest_only_with_trigger to 2024-08-02 12:00:00+00:00, run_after=2024-08-02 16:00:00+00:00
[2024-08-02T18:32:49.238+0000] {processor.py:183} INFO - Processing /home/airflow/.local/lib/python3.12/site-packages/airflow/example_dags/example_latest_only_with_trigger.py took 0.362 seconds
[2024-08-02T18:35:13.297+0000] {processor.py:161} INFO - Started process (PID=534) to work on /home/airflow/.local/lib/python3.12/site-packages/airflow/example_dags/example_latest_only_with_trigger.py
[2024-08-02T18:35:13.299+0000] {processor.py:830} INFO - Processing file /home/airflow/.local/lib/python3.12/site-packages/airflow/example_dags/example_latest_only_with_trigger.py for tasks to queue
[2024-08-02T18:35:13.300+0000] {logging_mixin.py:188} INFO - [2024-08-02T18:35:13.299+0000] {dagbag.py:545} INFO - Filling up the DagBag from /home/airflow/.local/lib/python3.12/site-packages/airflow/example_dags/example_latest_only_with_trigger.py
[2024-08-02T18:35:13.313+0000] {processor.py:840} INFO - DAG(s) 'latest_only_with_trigger' retrieved from /home/airflow/.local/lib/python3.12/site-packages/airflow/example_dags/example_latest_only_with_trigger.py
[2024-08-02T18:35:13.341+0000] {logging_mixin.py:188} INFO - [2024-08-02T18:35:13.340+0000] {dag.py:3089} INFO - Sync 1 DAGs
[2024-08-02T18:35:13.373+0000] {logging_mixin.py:188} INFO - [2024-08-02T18:35:13.372+0000] {dag.py:3947} INFO - Setting next_dagrun for latest_only_with_trigger to 2024-08-02 12:00:00+00:00, run_after=2024-08-02 16:00:00+00:00
[2024-08-02T18:35:13.398+0000] {processor.py:183} INFO - Processing /home/airflow/.local/lib/python3.12/site-packages/airflow/example_dags/example_latest_only_with_trigger.py took 0.106 seconds
[2024-08-02T18:36:33.356+0000] {processor.py:161} INFO - Started process (PID=599) to work on /home/airflow/.local/lib/python3.12/site-packages/airflow/example_dags/example_latest_only_with_trigger.py
[2024-08-02T18:36:33.357+0000] {processor.py:830} INFO - Processing file /home/airflow/.local/lib/python3.12/site-packages/airflow/example_dags/example_latest_only_with_trigger.py for tasks to queue
[2024-08-02T18:36:33.358+0000] {logging_mixin.py:188} INFO - [2024-08-02T18:36:33.357+0000] {dagbag.py:545} INFO - Filling up the DagBag from /home/airflow/.local/lib/python3.12/site-packages/airflow/example_dags/example_latest_only_with_trigger.py
[2024-08-02T18:36:33.363+0000] {processor.py:840} INFO - DAG(s) 'latest_only_with_trigger' retrieved from /home/airflow/.local/lib/python3.12/site-packages/airflow/example_dags/example_latest_only_with_trigger.py
[2024-08-02T18:36:33.386+0000] {logging_mixin.py:188} INFO - [2024-08-02T18:36:33.385+0000] {dag.py:3089} INFO - Sync 1 DAGs
[2024-08-02T18:36:33.409+0000] {logging_mixin.py:188} INFO - [2024-08-02T18:36:33.409+0000] {dag.py:3947} INFO - Setting next_dagrun for latest_only_with_trigger to 2024-08-02 12:00:00+00:00, run_after=2024-08-02 16:00:00+00:00
[2024-08-02T18:36:33.430+0000] {processor.py:183} INFO - Processing /home/airflow/.local/lib/python3.12/site-packages/airflow/example_dags/example_latest_only_with_trigger.py took 0.080 seconds
[2024-08-02T18:38:26.171+0000] {processor.py:161} INFO - Started process (PID=644) to work on /home/airflow/.local/lib/python3.12/site-packages/airflow/example_dags/example_latest_only_with_trigger.py
[2024-08-02T18:38:26.173+0000] {processor.py:830} INFO - Processing file /home/airflow/.local/lib/python3.12/site-packages/airflow/example_dags/example_latest_only_with_trigger.py for tasks to queue
[2024-08-02T18:38:26.173+0000] {logging_mixin.py:188} INFO - [2024-08-02T18:38:26.173+0000] {dagbag.py:545} INFO - Filling up the DagBag from /home/airflow/.local/lib/python3.12/site-packages/airflow/example_dags/example_latest_only_with_trigger.py
[2024-08-02T18:38:26.179+0000] {processor.py:840} INFO - DAG(s) 'latest_only_with_trigger' retrieved from /home/airflow/.local/lib/python3.12/site-packages/airflow/example_dags/example_latest_only_with_trigger.py
[2024-08-02T18:38:26.198+0000] {logging_mixin.py:188} INFO - [2024-08-02T18:38:26.197+0000] {dag.py:3089} INFO - Sync 1 DAGs
[2024-08-02T18:38:26.219+0000] {logging_mixin.py:188} INFO - [2024-08-02T18:38:26.219+0000] {dag.py:3947} INFO - Setting next_dagrun for latest_only_with_trigger to 2024-08-02 12:00:00+00:00, run_after=2024-08-02 16:00:00+00:00
[2024-08-02T18:38:26.239+0000] {processor.py:183} INFO - Processing /home/airflow/.local/lib/python3.12/site-packages/airflow/example_dags/example_latest_only_with_trigger.py took 0.072 seconds
[2024-08-02T18:39:14.782+0000] {processor.py:161} INFO - Started process (PID=695) to work on /home/airflow/.local/lib/python3.12/site-packages/airflow/example_dags/example_latest_only_with_trigger.py
[2024-08-02T18:39:14.792+0000] {processor.py:830} INFO - Processing file /home/airflow/.local/lib/python3.12/site-packages/airflow/example_dags/example_latest_only_with_trigger.py for tasks to queue
[2024-08-02T18:39:14.793+0000] {logging_mixin.py:188} INFO - [2024-08-02T18:39:14.793+0000] {dagbag.py:545} INFO - Filling up the DagBag from /home/airflow/.local/lib/python3.12/site-packages/airflow/example_dags/example_latest_only_with_trigger.py
[2024-08-02T18:39:14.801+0000] {processor.py:840} INFO - DAG(s) 'latest_only_with_trigger' retrieved from /home/airflow/.local/lib/python3.12/site-packages/airflow/example_dags/example_latest_only_with_trigger.py
[2024-08-02T18:39:14.846+0000] {logging_mixin.py:188} INFO - [2024-08-02T18:39:14.846+0000] {dag.py:3089} INFO - Sync 1 DAGs
[2024-08-02T18:39:14.889+0000] {logging_mixin.py:188} INFO - [2024-08-02T18:39:14.889+0000] {dag.py:3947} INFO - Setting next_dagrun for latest_only_with_trigger to 2024-08-02 12:00:00+00:00, run_after=2024-08-02 16:00:00+00:00
[2024-08-02T18:39:14.934+0000] {processor.py:183} INFO - Processing /home/airflow/.local/lib/python3.12/site-packages/airflow/example_dags/example_latest_only_with_trigger.py took 0.158 seconds
[2024-08-02T18:45:09.002+0000] {processor.py:161} INFO - Started process (PID=55) to work on /home/airflow/.local/lib/python3.12/site-packages/airflow/example_dags/example_latest_only_with_trigger.py
[2024-08-02T18:45:09.003+0000] {processor.py:830} INFO - Processing file /home/airflow/.local/lib/python3.12/site-packages/airflow/example_dags/example_latest_only_with_trigger.py for tasks to queue
[2024-08-02T18:45:09.005+0000] {logging_mixin.py:188} INFO - [2024-08-02T18:45:09.004+0000] {dagbag.py:545} INFO - Filling up the DagBag from /home/airflow/.local/lib/python3.12/site-packages/airflow/example_dags/example_latest_only_with_trigger.py
[2024-08-02T18:45:09.015+0000] {processor.py:840} INFO - DAG(s) 'latest_only_with_trigger' retrieved from /home/airflow/.local/lib/python3.12/site-packages/airflow/example_dags/example_latest_only_with_trigger.py
[2024-08-02T18:45:09.024+0000] {logging_mixin.py:188} INFO - [2024-08-02T18:45:09.024+0000] {dag.py:3089} INFO - Sync 1 DAGs
[2024-08-02T18:45:09.055+0000] {logging_mixin.py:188} INFO - [2024-08-02T18:45:09.054+0000] {dag.py:3947} INFO - Setting next_dagrun for latest_only_with_trigger to 2024-08-02 12:00:00+00:00, run_after=2024-08-02 16:00:00+00:00
[2024-08-02T18:45:09.088+0000] {processor.py:183} INFO - Processing /home/airflow/.local/lib/python3.12/site-packages/airflow/example_dags/example_latest_only_with_trigger.py took 0.090 seconds
[2024-08-02T18:45:40.191+0000] {processor.py:161} INFO - Started process (PID=120) to work on /home/airflow/.local/lib/python3.12/site-packages/airflow/example_dags/example_latest_only_with_trigger.py
[2024-08-02T18:45:40.193+0000] {processor.py:830} INFO - Processing file /home/airflow/.local/lib/python3.12/site-packages/airflow/example_dags/example_latest_only_with_trigger.py for tasks to queue
[2024-08-02T18:45:40.194+0000] {logging_mixin.py:188} INFO - [2024-08-02T18:45:40.194+0000] {dagbag.py:545} INFO - Filling up the DagBag from /home/airflow/.local/lib/python3.12/site-packages/airflow/example_dags/example_latest_only_with_trigger.py
[2024-08-02T18:45:40.198+0000] {processor.py:840} INFO - DAG(s) 'latest_only_with_trigger' retrieved from /home/airflow/.local/lib/python3.12/site-packages/airflow/example_dags/example_latest_only_with_trigger.py
[2024-08-02T18:45:40.287+0000] {logging_mixin.py:188} INFO - [2024-08-02T18:45:40.287+0000] {dag.py:3089} INFO - Sync 1 DAGs
[2024-08-02T18:45:40.304+0000] {logging_mixin.py:188} INFO - [2024-08-02T18:45:40.304+0000] {dag.py:3947} INFO - Setting next_dagrun for latest_only_with_trigger to 2024-08-02 12:00:00+00:00, run_after=2024-08-02 16:00:00+00:00
[2024-08-02T18:45:40.322+0000] {processor.py:183} INFO - Processing /home/airflow/.local/lib/python3.12/site-packages/airflow/example_dags/example_latest_only_with_trigger.py took 0.136 seconds
[2024-08-02T18:46:10.753+0000] {processor.py:161} INFO - Started process (PID=180) to work on /home/airflow/.local/lib/python3.12/site-packages/airflow/example_dags/example_latest_only_with_trigger.py
[2024-08-02T18:46:10.753+0000] {processor.py:830} INFO - Processing file /home/airflow/.local/lib/python3.12/site-packages/airflow/example_dags/example_latest_only_with_trigger.py for tasks to queue
[2024-08-02T18:46:10.755+0000] {logging_mixin.py:188} INFO - [2024-08-02T18:46:10.754+0000] {dagbag.py:545} INFO - Filling up the DagBag from /home/airflow/.local/lib/python3.12/site-packages/airflow/example_dags/example_latest_only_with_trigger.py
[2024-08-02T18:46:10.758+0000] {processor.py:840} INFO - DAG(s) 'latest_only_with_trigger' retrieved from /home/airflow/.local/lib/python3.12/site-packages/airflow/example_dags/example_latest_only_with_trigger.py
[2024-08-02T18:46:10.777+0000] {logging_mixin.py:188} INFO - [2024-08-02T18:46:10.777+0000] {dag.py:3089} INFO - Sync 1 DAGs
[2024-08-02T18:46:10.799+0000] {logging_mixin.py:188} INFO - [2024-08-02T18:46:10.799+0000] {dag.py:3947} INFO - Setting next_dagrun for latest_only_with_trigger to 2024-08-02 12:00:00+00:00, run_after=2024-08-02 16:00:00+00:00
[2024-08-02T18:46:10.819+0000] {processor.py:183} INFO - Processing /home/airflow/.local/lib/python3.12/site-packages/airflow/example_dags/example_latest_only_with_trigger.py took 0.070 seconds
[2024-08-02T18:46:42.093+0000] {processor.py:161} INFO - Started process (PID=239) to work on /home/airflow/.local/lib/python3.12/site-packages/airflow/example_dags/example_latest_only_with_trigger.py
[2024-08-02T18:46:42.095+0000] {processor.py:830} INFO - Processing file /home/airflow/.local/lib/python3.12/site-packages/airflow/example_dags/example_latest_only_with_trigger.py for tasks to queue
[2024-08-02T18:46:42.097+0000] {logging_mixin.py:188} INFO - [2024-08-02T18:46:42.096+0000] {dagbag.py:545} INFO - Filling up the DagBag from /home/airflow/.local/lib/python3.12/site-packages/airflow/example_dags/example_latest_only_with_trigger.py
[2024-08-02T18:46:42.100+0000] {processor.py:840} INFO - DAG(s) 'latest_only_with_trigger' retrieved from /home/airflow/.local/lib/python3.12/site-packages/airflow/example_dags/example_latest_only_with_trigger.py
[2024-08-02T18:46:42.118+0000] {logging_mixin.py:188} INFO - [2024-08-02T18:46:42.118+0000] {dag.py:3089} INFO - Sync 1 DAGs
[2024-08-02T18:46:42.140+0000] {logging_mixin.py:188} INFO - [2024-08-02T18:46:42.140+0000] {dag.py:3947} INFO - Setting next_dagrun for latest_only_with_trigger to 2024-08-02 12:00:00+00:00, run_after=2024-08-02 16:00:00+00:00
[2024-08-02T18:46:42.159+0000] {processor.py:183} INFO - Processing /home/airflow/.local/lib/python3.12/site-packages/airflow/example_dags/example_latest_only_with_trigger.py took 0.070 seconds
[2024-08-02T18:48:38.595+0000] {processor.py:161} INFO - Started process (PID=68) to work on /home/airflow/.local/lib/python3.12/site-packages/airflow/example_dags/example_latest_only_with_trigger.py
[2024-08-02T18:48:38.597+0000] {processor.py:830} INFO - Processing file /home/airflow/.local/lib/python3.12/site-packages/airflow/example_dags/example_latest_only_with_trigger.py for tasks to queue
[2024-08-02T18:48:38.598+0000] {logging_mixin.py:188} INFO - [2024-08-02T18:48:38.598+0000] {dagbag.py:545} INFO - Filling up the DagBag from /home/airflow/.local/lib/python3.12/site-packages/airflow/example_dags/example_latest_only_with_trigger.py
[2024-08-02T18:48:38.607+0000] {processor.py:840} INFO - DAG(s) 'latest_only_with_trigger' retrieved from /home/airflow/.local/lib/python3.12/site-packages/airflow/example_dags/example_latest_only_with_trigger.py
[2024-08-02T18:48:38.620+0000] {logging_mixin.py:188} INFO - [2024-08-02T18:48:38.620+0000] {dag.py:3089} INFO - Sync 1 DAGs
[2024-08-02T18:48:38.643+0000] {logging_mixin.py:188} INFO - [2024-08-02T18:48:38.643+0000] {dag.py:3947} INFO - Setting next_dagrun for latest_only_with_trigger to 2024-08-02 12:00:00+00:00, run_after=2024-08-02 16:00:00+00:00
[2024-08-02T18:48:38.665+0000] {processor.py:183} INFO - Processing /home/airflow/.local/lib/python3.12/site-packages/airflow/example_dags/example_latest_only_with_trigger.py took 0.074 seconds
[2024-08-02T18:49:09.707+0000] {processor.py:161} INFO - Started process (PID=121) to work on /home/airflow/.local/lib/python3.12/site-packages/airflow/example_dags/example_latest_only_with_trigger.py
[2024-08-02T18:49:09.709+0000] {processor.py:830} INFO - Processing file /home/airflow/.local/lib/python3.12/site-packages/airflow/example_dags/example_latest_only_with_trigger.py for tasks to queue
[2024-08-02T18:49:09.710+0000] {logging_mixin.py:188} INFO - [2024-08-02T18:49:09.710+0000] {dagbag.py:545} INFO - Filling up the DagBag from /home/airflow/.local/lib/python3.12/site-packages/airflow/example_dags/example_latest_only_with_trigger.py
[2024-08-02T18:49:09.715+0000] {processor.py:840} INFO - DAG(s) 'latest_only_with_trigger' retrieved from /home/airflow/.local/lib/python3.12/site-packages/airflow/example_dags/example_latest_only_with_trigger.py
[2024-08-02T18:49:09.809+0000] {logging_mixin.py:188} INFO - [2024-08-02T18:49:09.809+0000] {dag.py:3089} INFO - Sync 1 DAGs
[2024-08-02T18:49:09.827+0000] {logging_mixin.py:188} INFO - [2024-08-02T18:49:09.827+0000] {dag.py:3947} INFO - Setting next_dagrun for latest_only_with_trigger to 2024-08-02 12:00:00+00:00, run_after=2024-08-02 16:00:00+00:00
[2024-08-02T18:49:09.845+0000] {processor.py:183} INFO - Processing /home/airflow/.local/lib/python3.12/site-packages/airflow/example_dags/example_latest_only_with_trigger.py took 0.142 seconds
