[2024-08-02T15:35:52.827+0000] {processor.py:161} INFO - Started process (PID=110) to work on /home/airflow/.local/lib/python3.12/site-packages/airflow/example_dags/example_dynamic_task_mapping.py
[2024-08-02T15:35:52.828+0000] {processor.py:830} INFO - Processing file /home/airflow/.local/lib/python3.12/site-packages/airflow/example_dags/example_dynamic_task_mapping.py for tasks to queue
[2024-08-02T15:35:52.829+0000] {logging_mixin.py:188} INFO - [2024-08-02T15:35:52.829+0000] {dagbag.py:545} INFO - Filling up the DagBag from /home/airflow/.local/lib/python3.12/site-packages/airflow/example_dags/example_dynamic_task_mapping.py
[2024-08-02T15:35:52.838+0000] {processor.py:840} INFO - DAG(s) 'example_dynamic_task_mapping' retrieved from /home/airflow/.local/lib/python3.12/site-packages/airflow/example_dags/example_dynamic_task_mapping.py
[2024-08-02T15:35:52.942+0000] {logging_mixin.py:188} INFO - [2024-08-02T15:35:52.941+0000] {dag.py:3089} INFO - Sync 1 DAGs
[2024-08-02T15:35:52.961+0000] {logging_mixin.py:188} INFO - [2024-08-02T15:35:52.961+0000] {dag.py:3947} INFO - Setting next_dagrun for example_dynamic_task_mapping to 2022-03-04 00:00:00+00:00, run_after=2022-03-05 00:00:00+00:00
[2024-08-02T15:35:52.985+0000] {processor.py:183} INFO - Processing /home/airflow/.local/lib/python3.12/site-packages/airflow/example_dags/example_dynamic_task_mapping.py took 0.163 seconds
[2024-08-02T18:29:18.286+0000] {processor.py:161} INFO - Started process (PID=99) to work on /home/airflow/.local/lib/python3.12/site-packages/airflow/example_dags/example_dynamic_task_mapping.py
[2024-08-02T18:29:18.287+0000] {processor.py:830} INFO - Processing file /home/airflow/.local/lib/python3.12/site-packages/airflow/example_dags/example_dynamic_task_mapping.py for tasks to queue
[2024-08-02T18:29:18.288+0000] {logging_mixin.py:188} INFO - [2024-08-02T18:29:18.288+0000] {dagbag.py:545} INFO - Filling up the DagBag from /home/airflow/.local/lib/python3.12/site-packages/airflow/example_dags/example_dynamic_task_mapping.py
[2024-08-02T18:29:18.297+0000] {processor.py:840} INFO - DAG(s) 'example_dynamic_task_mapping' retrieved from /home/airflow/.local/lib/python3.12/site-packages/airflow/example_dags/example_dynamic_task_mapping.py
[2024-08-02T18:29:18.395+0000] {logging_mixin.py:188} INFO - [2024-08-02T18:29:18.395+0000] {dag.py:3089} INFO - Sync 1 DAGs
[2024-08-02T18:29:18.415+0000] {logging_mixin.py:188} INFO - [2024-08-02T18:29:18.415+0000] {dag.py:3947} INFO - Setting next_dagrun for example_dynamic_task_mapping to 2022-03-04 00:00:00+00:00, run_after=2022-03-05 00:00:00+00:00
[2024-08-02T18:29:18.437+0000] {processor.py:183} INFO - Processing /home/airflow/.local/lib/python3.12/site-packages/airflow/example_dags/example_dynamic_task_mapping.py took 0.155 seconds
[2024-08-02T18:29:49.164+0000] {processor.py:161} INFO - Started process (PID=158) to work on /home/airflow/.local/lib/python3.12/site-packages/airflow/example_dags/example_dynamic_task_mapping.py
[2024-08-02T18:29:49.171+0000] {processor.py:830} INFO - Processing file /home/airflow/.local/lib/python3.12/site-packages/airflow/example_dags/example_dynamic_task_mapping.py for tasks to queue
[2024-08-02T18:29:49.172+0000] {logging_mixin.py:188} INFO - [2024-08-02T18:29:49.172+0000] {dagbag.py:545} INFO - Filling up the DagBag from /home/airflow/.local/lib/python3.12/site-packages/airflow/example_dags/example_dynamic_task_mapping.py
[2024-08-02T18:29:49.182+0000] {processor.py:840} INFO - DAG(s) 'example_dynamic_task_mapping' retrieved from /home/airflow/.local/lib/python3.12/site-packages/airflow/example_dags/example_dynamic_task_mapping.py
[2024-08-02T18:29:49.220+0000] {logging_mixin.py:188} INFO - [2024-08-02T18:29:49.219+0000] {dag.py:3089} INFO - Sync 1 DAGs
[2024-08-02T18:29:49.253+0000] {logging_mixin.py:188} INFO - [2024-08-02T18:29:49.253+0000] {dag.py:3947} INFO - Setting next_dagrun for example_dynamic_task_mapping to 2022-03-04 00:00:00+00:00, run_after=2022-03-05 00:00:00+00:00
[2024-08-02T18:29:49.291+0000] {processor.py:183} INFO - Processing /home/airflow/.local/lib/python3.12/site-packages/airflow/example_dags/example_dynamic_task_mapping.py took 0.143 seconds
[2024-08-02T18:30:19.993+0000] {processor.py:161} INFO - Started process (PID=217) to work on /home/airflow/.local/lib/python3.12/site-packages/airflow/example_dags/example_dynamic_task_mapping.py
[2024-08-02T18:30:19.994+0000] {processor.py:830} INFO - Processing file /home/airflow/.local/lib/python3.12/site-packages/airflow/example_dags/example_dynamic_task_mapping.py for tasks to queue
[2024-08-02T18:30:19.995+0000] {logging_mixin.py:188} INFO - [2024-08-02T18:30:19.995+0000] {dagbag.py:545} INFO - Filling up the DagBag from /home/airflow/.local/lib/python3.12/site-packages/airflow/example_dags/example_dynamic_task_mapping.py
[2024-08-02T18:30:20.002+0000] {processor.py:840} INFO - DAG(s) 'example_dynamic_task_mapping' retrieved from /home/airflow/.local/lib/python3.12/site-packages/airflow/example_dags/example_dynamic_task_mapping.py
[2024-08-02T18:30:20.020+0000] {logging_mixin.py:188} INFO - [2024-08-02T18:30:20.019+0000] {dag.py:3089} INFO - Sync 1 DAGs
[2024-08-02T18:30:20.040+0000] {logging_mixin.py:188} INFO - [2024-08-02T18:30:20.040+0000] {dag.py:3947} INFO - Setting next_dagrun for example_dynamic_task_mapping to 2022-03-04 00:00:00+00:00, run_after=2022-03-05 00:00:00+00:00
[2024-08-02T18:30:20.059+0000] {processor.py:183} INFO - Processing /home/airflow/.local/lib/python3.12/site-packages/airflow/example_dags/example_dynamic_task_mapping.py took 0.071 seconds
[2024-08-02T18:30:50.641+0000] {processor.py:161} INFO - Started process (PID=276) to work on /home/airflow/.local/lib/python3.12/site-packages/airflow/example_dags/example_dynamic_task_mapping.py
[2024-08-02T18:30:50.643+0000] {processor.py:830} INFO - Processing file /home/airflow/.local/lib/python3.12/site-packages/airflow/example_dags/example_dynamic_task_mapping.py for tasks to queue
[2024-08-02T18:30:50.644+0000] {logging_mixin.py:188} INFO - [2024-08-02T18:30:50.644+0000] {dagbag.py:545} INFO - Filling up the DagBag from /home/airflow/.local/lib/python3.12/site-packages/airflow/example_dags/example_dynamic_task_mapping.py
[2024-08-02T18:30:50.652+0000] {processor.py:840} INFO - DAG(s) 'example_dynamic_task_mapping' retrieved from /home/airflow/.local/lib/python3.12/site-packages/airflow/example_dags/example_dynamic_task_mapping.py
[2024-08-02T18:30:50.679+0000] {logging_mixin.py:188} INFO - [2024-08-02T18:30:50.679+0000] {dag.py:3089} INFO - Sync 1 DAGs
[2024-08-02T18:30:50.705+0000] {logging_mixin.py:188} INFO - [2024-08-02T18:30:50.705+0000] {dag.py:3947} INFO - Setting next_dagrun for example_dynamic_task_mapping to 2022-03-04 00:00:00+00:00, run_after=2022-03-05 00:00:00+00:00
[2024-08-02T18:30:50.745+0000] {processor.py:183} INFO - Processing /home/airflow/.local/lib/python3.12/site-packages/airflow/example_dags/example_dynamic_task_mapping.py took 0.110 seconds
[2024-08-02T18:31:21.520+0000] {processor.py:161} INFO - Started process (PID=335) to work on /home/airflow/.local/lib/python3.12/site-packages/airflow/example_dags/example_dynamic_task_mapping.py
[2024-08-02T18:31:21.521+0000] {processor.py:830} INFO - Processing file /home/airflow/.local/lib/python3.12/site-packages/airflow/example_dags/example_dynamic_task_mapping.py for tasks to queue
[2024-08-02T18:31:21.522+0000] {logging_mixin.py:188} INFO - [2024-08-02T18:31:21.522+0000] {dagbag.py:545} INFO - Filling up the DagBag from /home/airflow/.local/lib/python3.12/site-packages/airflow/example_dags/example_dynamic_task_mapping.py
[2024-08-02T18:31:21.528+0000] {processor.py:840} INFO - DAG(s) 'example_dynamic_task_mapping' retrieved from /home/airflow/.local/lib/python3.12/site-packages/airflow/example_dags/example_dynamic_task_mapping.py
[2024-08-02T18:31:21.548+0000] {logging_mixin.py:188} INFO - [2024-08-02T18:31:21.547+0000] {dag.py:3089} INFO - Sync 1 DAGs
[2024-08-02T18:31:21.567+0000] {logging_mixin.py:188} INFO - [2024-08-02T18:31:21.567+0000] {dag.py:3947} INFO - Setting next_dagrun for example_dynamic_task_mapping to 2022-03-04 00:00:00+00:00, run_after=2022-03-05 00:00:00+00:00
[2024-08-02T18:31:21.587+0000] {processor.py:183} INFO - Processing /home/airflow/.local/lib/python3.12/site-packages/airflow/example_dags/example_dynamic_task_mapping.py took 0.073 seconds
[2024-08-02T18:31:52.144+0000] {processor.py:161} INFO - Started process (PID=394) to work on /home/airflow/.local/lib/python3.12/site-packages/airflow/example_dags/example_dynamic_task_mapping.py
[2024-08-02T18:31:52.145+0000] {processor.py:830} INFO - Processing file /home/airflow/.local/lib/python3.12/site-packages/airflow/example_dags/example_dynamic_task_mapping.py for tasks to queue
[2024-08-02T18:31:52.147+0000] {logging_mixin.py:188} INFO - [2024-08-02T18:31:52.146+0000] {dagbag.py:545} INFO - Filling up the DagBag from /home/airflow/.local/lib/python3.12/site-packages/airflow/example_dags/example_dynamic_task_mapping.py
[2024-08-02T18:31:52.154+0000] {processor.py:840} INFO - DAG(s) 'example_dynamic_task_mapping' retrieved from /home/airflow/.local/lib/python3.12/site-packages/airflow/example_dags/example_dynamic_task_mapping.py
[2024-08-02T18:31:52.172+0000] {logging_mixin.py:188} INFO - [2024-08-02T18:31:52.171+0000] {dag.py:3089} INFO - Sync 1 DAGs
[2024-08-02T18:31:52.191+0000] {logging_mixin.py:188} INFO - [2024-08-02T18:31:52.191+0000] {dag.py:3947} INFO - Setting next_dagrun for example_dynamic_task_mapping to 2022-03-04 00:00:00+00:00, run_after=2022-03-05 00:00:00+00:00
[2024-08-02T18:31:52.209+0000] {processor.py:183} INFO - Processing /home/airflow/.local/lib/python3.12/site-packages/airflow/example_dags/example_dynamic_task_mapping.py took 0.070 seconds
[2024-08-02T18:32:22.863+0000] {processor.py:161} INFO - Started process (PID=453) to work on /home/airflow/.local/lib/python3.12/site-packages/airflow/example_dags/example_dynamic_task_mapping.py
[2024-08-02T18:32:22.864+0000] {processor.py:830} INFO - Processing file /home/airflow/.local/lib/python3.12/site-packages/airflow/example_dags/example_dynamic_task_mapping.py for tasks to queue
[2024-08-02T18:32:22.865+0000] {logging_mixin.py:188} INFO - [2024-08-02T18:32:22.865+0000] {dagbag.py:545} INFO - Filling up the DagBag from /home/airflow/.local/lib/python3.12/site-packages/airflow/example_dags/example_dynamic_task_mapping.py
[2024-08-02T18:32:22.871+0000] {processor.py:840} INFO - DAG(s) 'example_dynamic_task_mapping' retrieved from /home/airflow/.local/lib/python3.12/site-packages/airflow/example_dags/example_dynamic_task_mapping.py
[2024-08-02T18:32:22.889+0000] {logging_mixin.py:188} INFO - [2024-08-02T18:32:22.888+0000] {dag.py:3089} INFO - Sync 1 DAGs
[2024-08-02T18:32:22.908+0000] {logging_mixin.py:188} INFO - [2024-08-02T18:32:22.907+0000] {dag.py:3947} INFO - Setting next_dagrun for example_dynamic_task_mapping to 2022-03-04 00:00:00+00:00, run_after=2022-03-05 00:00:00+00:00
[2024-08-02T18:32:22.928+0000] {processor.py:183} INFO - Processing /home/airflow/.local/lib/python3.12/site-packages/airflow/example_dags/example_dynamic_task_mapping.py took 0.069 seconds
[2024-08-02T18:32:53.050+0000] {processor.py:161} INFO - Started process (PID=512) to work on /home/airflow/.local/lib/python3.12/site-packages/airflow/example_dags/example_dynamic_task_mapping.py
[2024-08-02T18:32:53.051+0000] {processor.py:830} INFO - Processing file /home/airflow/.local/lib/python3.12/site-packages/airflow/example_dags/example_dynamic_task_mapping.py for tasks to queue
[2024-08-02T18:32:53.052+0000] {logging_mixin.py:188} INFO - [2024-08-02T18:32:53.052+0000] {dagbag.py:545} INFO - Filling up the DagBag from /home/airflow/.local/lib/python3.12/site-packages/airflow/example_dags/example_dynamic_task_mapping.py
[2024-08-02T18:32:53.058+0000] {processor.py:840} INFO - DAG(s) 'example_dynamic_task_mapping' retrieved from /home/airflow/.local/lib/python3.12/site-packages/airflow/example_dags/example_dynamic_task_mapping.py
[2024-08-02T18:32:53.076+0000] {logging_mixin.py:188} INFO - [2024-08-02T18:32:53.076+0000] {dag.py:3089} INFO - Sync 1 DAGs
[2024-08-02T18:32:53.098+0000] {logging_mixin.py:188} INFO - [2024-08-02T18:32:53.098+0000] {dag.py:3947} INFO - Setting next_dagrun for example_dynamic_task_mapping to 2022-03-04 00:00:00+00:00, run_after=2022-03-05 00:00:00+00:00
[2024-08-02T18:32:53.118+0000] {processor.py:183} INFO - Processing /home/airflow/.local/lib/python3.12/site-packages/airflow/example_dags/example_dynamic_task_mapping.py took 0.073 seconds
[2024-08-02T18:35:15.868+0000] {processor.py:161} INFO - Started process (PID=571) to work on /home/airflow/.local/lib/python3.12/site-packages/airflow/example_dags/example_dynamic_task_mapping.py
[2024-08-02T18:35:15.869+0000] {processor.py:830} INFO - Processing file /home/airflow/.local/lib/python3.12/site-packages/airflow/example_dags/example_dynamic_task_mapping.py for tasks to queue
[2024-08-02T18:35:15.870+0000] {logging_mixin.py:188} INFO - [2024-08-02T18:35:15.870+0000] {dagbag.py:545} INFO - Filling up the DagBag from /home/airflow/.local/lib/python3.12/site-packages/airflow/example_dags/example_dynamic_task_mapping.py
[2024-08-02T18:35:15.878+0000] {processor.py:840} INFO - DAG(s) 'example_dynamic_task_mapping' retrieved from /home/airflow/.local/lib/python3.12/site-packages/airflow/example_dags/example_dynamic_task_mapping.py
[2024-08-02T18:35:15.898+0000] {logging_mixin.py:188} INFO - [2024-08-02T18:35:15.897+0000] {dag.py:3089} INFO - Sync 1 DAGs
[2024-08-02T18:35:15.921+0000] {logging_mixin.py:188} INFO - [2024-08-02T18:35:15.921+0000] {dag.py:3947} INFO - Setting next_dagrun for example_dynamic_task_mapping to 2022-03-04 00:00:00+00:00, run_after=2022-03-05 00:00:00+00:00
[2024-08-02T18:35:15.943+0000] {processor.py:183} INFO - Processing /home/airflow/.local/lib/python3.12/site-packages/airflow/example_dags/example_dynamic_task_mapping.py took 0.079 seconds
[2024-08-02T18:38:28.789+0000] {processor.py:161} INFO - Started process (PID=667) to work on /home/airflow/.local/lib/python3.12/site-packages/airflow/example_dags/example_dynamic_task_mapping.py
[2024-08-02T18:38:28.792+0000] {processor.py:830} INFO - Processing file /home/airflow/.local/lib/python3.12/site-packages/airflow/example_dags/example_dynamic_task_mapping.py for tasks to queue
[2024-08-02T18:38:28.793+0000] {logging_mixin.py:188} INFO - [2024-08-02T18:38:28.792+0000] {dagbag.py:545} INFO - Filling up the DagBag from /home/airflow/.local/lib/python3.12/site-packages/airflow/example_dags/example_dynamic_task_mapping.py
[2024-08-02T18:38:28.800+0000] {processor.py:840} INFO - DAG(s) 'example_dynamic_task_mapping' retrieved from /home/airflow/.local/lib/python3.12/site-packages/airflow/example_dags/example_dynamic_task_mapping.py
[2024-08-02T18:38:28.819+0000] {logging_mixin.py:188} INFO - [2024-08-02T18:38:28.819+0000] {dag.py:3089} INFO - Sync 1 DAGs
[2024-08-02T18:38:28.842+0000] {logging_mixin.py:188} INFO - [2024-08-02T18:38:28.842+0000] {dag.py:3947} INFO - Setting next_dagrun for example_dynamic_task_mapping to 2022-03-04 00:00:00+00:00, run_after=2022-03-05 00:00:00+00:00
[2024-08-02T18:38:28.865+0000] {processor.py:183} INFO - Processing /home/airflow/.local/lib/python3.12/site-packages/airflow/example_dags/example_dynamic_task_mapping.py took 0.081 seconds
[2024-08-02T18:39:17.988+0000] {processor.py:161} INFO - Started process (PID=726) to work on /home/airflow/.local/lib/python3.12/site-packages/airflow/example_dags/example_dynamic_task_mapping.py
[2024-08-02T18:39:17.991+0000] {processor.py:830} INFO - Processing file /home/airflow/.local/lib/python3.12/site-packages/airflow/example_dags/example_dynamic_task_mapping.py for tasks to queue
[2024-08-02T18:39:17.992+0000] {logging_mixin.py:188} INFO - [2024-08-02T18:39:17.992+0000] {dagbag.py:545} INFO - Filling up the DagBag from /home/airflow/.local/lib/python3.12/site-packages/airflow/example_dags/example_dynamic_task_mapping.py
[2024-08-02T18:39:18.017+0000] {processor.py:840} INFO - DAG(s) 'example_dynamic_task_mapping' retrieved from /home/airflow/.local/lib/python3.12/site-packages/airflow/example_dags/example_dynamic_task_mapping.py
[2024-08-02T18:39:18.133+0000] {logging_mixin.py:188} INFO - [2024-08-02T18:39:18.124+0000] {dag.py:3089} INFO - Sync 1 DAGs
[2024-08-02T18:39:18.199+0000] {logging_mixin.py:188} INFO - [2024-08-02T18:39:18.199+0000] {dag.py:3947} INFO - Setting next_dagrun for example_dynamic_task_mapping to 2022-03-04 00:00:00+00:00, run_after=2022-03-05 00:00:00+00:00
[2024-08-02T18:45:10.599+0000] {processor.py:161} INFO - Started process (PID=92) to work on /home/airflow/.local/lib/python3.12/site-packages/airflow/example_dags/example_dynamic_task_mapping.py
[2024-08-02T18:45:10.600+0000] {processor.py:830} INFO - Processing file /home/airflow/.local/lib/python3.12/site-packages/airflow/example_dags/example_dynamic_task_mapping.py for tasks to queue
[2024-08-02T18:45:10.601+0000] {logging_mixin.py:188} INFO - [2024-08-02T18:45:10.600+0000] {dagbag.py:545} INFO - Filling up the DagBag from /home/airflow/.local/lib/python3.12/site-packages/airflow/example_dags/example_dynamic_task_mapping.py
[2024-08-02T18:45:10.605+0000] {processor.py:840} INFO - DAG(s) 'example_dynamic_task_mapping' retrieved from /home/airflow/.local/lib/python3.12/site-packages/airflow/example_dags/example_dynamic_task_mapping.py
[2024-08-02T18:45:10.615+0000] {logging_mixin.py:188} INFO - [2024-08-02T18:45:10.615+0000] {dag.py:3089} INFO - Sync 1 DAGs
[2024-08-02T18:45:10.635+0000] {logging_mixin.py:188} INFO - [2024-08-02T18:45:10.635+0000] {dag.py:3947} INFO - Setting next_dagrun for example_dynamic_task_mapping to 2022-03-04 00:00:00+00:00, run_after=2022-03-05 00:00:00+00:00
[2024-08-02T18:45:10.659+0000] {processor.py:183} INFO - Processing /home/airflow/.local/lib/python3.12/site-packages/airflow/example_dags/example_dynamic_task_mapping.py took 0.065 seconds
[2024-08-02T18:45:42.828+0000] {processor.py:161} INFO - Started process (PID=151) to work on /home/airflow/.local/lib/python3.12/site-packages/airflow/example_dags/example_dynamic_task_mapping.py
[2024-08-02T18:45:42.835+0000] {processor.py:830} INFO - Processing file /home/airflow/.local/lib/python3.12/site-packages/airflow/example_dags/example_dynamic_task_mapping.py for tasks to queue
[2024-08-02T18:45:42.836+0000] {logging_mixin.py:188} INFO - [2024-08-02T18:45:42.836+0000] {dagbag.py:545} INFO - Filling up the DagBag from /home/airflow/.local/lib/python3.12/site-packages/airflow/example_dags/example_dynamic_task_mapping.py
[2024-08-02T18:45:42.841+0000] {processor.py:840} INFO - DAG(s) 'example_dynamic_task_mapping' retrieved from /home/airflow/.local/lib/python3.12/site-packages/airflow/example_dags/example_dynamic_task_mapping.py
[2024-08-02T18:45:42.929+0000] {logging_mixin.py:188} INFO - [2024-08-02T18:45:42.929+0000] {dag.py:3089} INFO - Sync 1 DAGs
[2024-08-02T18:45:42.947+0000] {logging_mixin.py:188} INFO - [2024-08-02T18:45:42.947+0000] {dag.py:3947} INFO - Setting next_dagrun for example_dynamic_task_mapping to 2022-03-04 00:00:00+00:00, run_after=2022-03-05 00:00:00+00:00
[2024-08-02T18:45:42.967+0000] {processor.py:183} INFO - Processing /home/airflow/.local/lib/python3.12/site-packages/airflow/example_dags/example_dynamic_task_mapping.py took 0.143 seconds
[2024-08-02T18:46:13.840+0000] {processor.py:161} INFO - Started process (PID=211) to work on /home/airflow/.local/lib/python3.12/site-packages/airflow/example_dags/example_dynamic_task_mapping.py
[2024-08-02T18:46:13.840+0000] {processor.py:830} INFO - Processing file /home/airflow/.local/lib/python3.12/site-packages/airflow/example_dags/example_dynamic_task_mapping.py for tasks to queue
[2024-08-02T18:46:13.842+0000] {logging_mixin.py:188} INFO - [2024-08-02T18:46:13.841+0000] {dagbag.py:545} INFO - Filling up the DagBag from /home/airflow/.local/lib/python3.12/site-packages/airflow/example_dags/example_dynamic_task_mapping.py
[2024-08-02T18:46:13.849+0000] {processor.py:840} INFO - DAG(s) 'example_dynamic_task_mapping' retrieved from /home/airflow/.local/lib/python3.12/site-packages/airflow/example_dags/example_dynamic_task_mapping.py
[2024-08-02T18:46:13.867+0000] {logging_mixin.py:188} INFO - [2024-08-02T18:46:13.867+0000] {dag.py:3089} INFO - Sync 1 DAGs
[2024-08-02T18:46:13.889+0000] {logging_mixin.py:188} INFO - [2024-08-02T18:46:13.888+0000] {dag.py:3947} INFO - Setting next_dagrun for example_dynamic_task_mapping to 2022-03-04 00:00:00+00:00, run_after=2022-03-05 00:00:00+00:00
[2024-08-02T18:46:13.912+0000] {processor.py:183} INFO - Processing /home/airflow/.local/lib/python3.12/site-packages/airflow/example_dags/example_dynamic_task_mapping.py took 0.076 seconds
[2024-08-02T18:46:44.165+0000] {processor.py:161} INFO - Started process (PID=269) to work on /home/airflow/.local/lib/python3.12/site-packages/airflow/example_dags/example_dynamic_task_mapping.py
[2024-08-02T18:46:44.188+0000] {processor.py:830} INFO - Processing file /home/airflow/.local/lib/python3.12/site-packages/airflow/example_dags/example_dynamic_task_mapping.py for tasks to queue
[2024-08-02T18:46:44.190+0000] {logging_mixin.py:188} INFO - [2024-08-02T18:46:44.190+0000] {dagbag.py:545} INFO - Filling up the DagBag from /home/airflow/.local/lib/python3.12/site-packages/airflow/example_dags/example_dynamic_task_mapping.py
[2024-08-02T18:46:44.195+0000] {processor.py:840} INFO - DAG(s) 'example_dynamic_task_mapping' retrieved from /home/airflow/.local/lib/python3.12/site-packages/airflow/example_dags/example_dynamic_task_mapping.py
[2024-08-02T18:46:44.211+0000] {logging_mixin.py:188} INFO - [2024-08-02T18:46:44.211+0000] {dag.py:3089} INFO - Sync 1 DAGs
[2024-08-02T18:46:44.233+0000] {logging_mixin.py:188} INFO - [2024-08-02T18:46:44.233+0000] {dag.py:3947} INFO - Setting next_dagrun for example_dynamic_task_mapping to 2022-03-04 00:00:00+00:00, run_after=2022-03-05 00:00:00+00:00
[2024-08-02T18:46:44.256+0000] {processor.py:183} INFO - Processing /home/airflow/.local/lib/python3.12/site-packages/airflow/example_dags/example_dynamic_task_mapping.py took 0.096 seconds
[2024-08-02T18:48:44.498+0000] {processor.py:161} INFO - Started process (PID=99) to work on /home/airflow/.local/lib/python3.12/site-packages/airflow/example_dags/example_dynamic_task_mapping.py
[2024-08-02T18:48:44.500+0000] {processor.py:830} INFO - Processing file /home/airflow/.local/lib/python3.12/site-packages/airflow/example_dags/example_dynamic_task_mapping.py for tasks to queue
[2024-08-02T18:48:44.501+0000] {logging_mixin.py:188} INFO - [2024-08-02T18:48:44.501+0000] {dagbag.py:545} INFO - Filling up the DagBag from /home/airflow/.local/lib/python3.12/site-packages/airflow/example_dags/example_dynamic_task_mapping.py
[2024-08-02T18:48:44.508+0000] {processor.py:840} INFO - DAG(s) 'example_dynamic_task_mapping' retrieved from /home/airflow/.local/lib/python3.12/site-packages/airflow/example_dags/example_dynamic_task_mapping.py
[2024-08-02T18:48:44.628+0000] {logging_mixin.py:188} INFO - [2024-08-02T18:48:44.628+0000] {dag.py:3089} INFO - Sync 1 DAGs
[2024-08-02T18:48:44.646+0000] {logging_mixin.py:188} INFO - [2024-08-02T18:48:44.646+0000] {dag.py:3947} INFO - Setting next_dagrun for example_dynamic_task_mapping to 2022-03-04 00:00:00+00:00, run_after=2022-03-05 00:00:00+00:00
[2024-08-02T18:48:44.675+0000] {processor.py:183} INFO - Processing /home/airflow/.local/lib/python3.12/site-packages/airflow/example_dags/example_dynamic_task_mapping.py took 0.183 seconds
[2024-08-02T18:49:15.481+0000] {processor.py:161} INFO - Started process (PID=159) to work on /home/airflow/.local/lib/python3.12/site-packages/airflow/example_dags/example_dynamic_task_mapping.py
[2024-08-02T18:49:15.482+0000] {processor.py:830} INFO - Processing file /home/airflow/.local/lib/python3.12/site-packages/airflow/example_dags/example_dynamic_task_mapping.py for tasks to queue
[2024-08-02T18:49:15.483+0000] {logging_mixin.py:188} INFO - [2024-08-02T18:49:15.483+0000] {dagbag.py:545} INFO - Filling up the DagBag from /home/airflow/.local/lib/python3.12/site-packages/airflow/example_dags/example_dynamic_task_mapping.py
[2024-08-02T18:49:15.488+0000] {processor.py:840} INFO - DAG(s) 'example_dynamic_task_mapping' retrieved from /home/airflow/.local/lib/python3.12/site-packages/airflow/example_dags/example_dynamic_task_mapping.py
[2024-08-02T18:49:15.504+0000] {logging_mixin.py:188} INFO - [2024-08-02T18:49:15.503+0000] {dag.py:3089} INFO - Sync 1 DAGs
[2024-08-02T18:49:15.522+0000] {logging_mixin.py:188} INFO - [2024-08-02T18:49:15.522+0000] {dag.py:3947} INFO - Setting next_dagrun for example_dynamic_task_mapping to 2022-03-04 00:00:00+00:00, run_after=2022-03-05 00:00:00+00:00
[2024-08-02T18:49:15.540+0000] {processor.py:183} INFO - Processing /home/airflow/.local/lib/python3.12/site-packages/airflow/example_dags/example_dynamic_task_mapping.py took 0.063 seconds
