[2024-08-02T15:35:43.600+0000] {processor.py:161} INFO - Started process (PID=90) to work on /home/airflow/.local/lib/python3.12/site-packages/airflow/example_dags/example_local_kubernetes_executor.py
[2024-08-02T15:35:43.607+0000] {processor.py:830} INFO - Processing file /home/airflow/.local/lib/python3.12/site-packages/airflow/example_dags/example_local_kubernetes_executor.py for tasks to queue
[2024-08-02T15:35:43.639+0000] {logging_mixin.py:188} INFO - [2024-08-02T15:35:43.637+0000] {dagbag.py:545} INFO - Filling up the DagBag from /home/airflow/.local/lib/python3.12/site-packages/airflow/example_dags/example_local_kubernetes_executor.py
[2024-08-02T15:35:43.713+0000] {processor.py:840} INFO - DAG(s) 'example_local_kubernetes_executor' retrieved from /home/airflow/.local/lib/python3.12/site-packages/airflow/example_dags/example_local_kubernetes_executor.py
[2024-08-02T15:35:45.805+0000] {logging_mixin.py:188} INFO - [2024-08-02T15:35:45.805+0000] {dag.py:3089} INFO - Sync 1 DAGs
[2024-08-02T15:35:45.826+0000] {logging_mixin.py:188} INFO - [2024-08-02T15:35:45.826+0000] {dag.py:3947} INFO - Setting next_dagrun for example_local_kubernetes_executor to None, run_after=None
[2024-08-02T15:35:45.953+0000] {processor.py:183} INFO - Processing /home/airflow/.local/lib/python3.12/site-packages/airflow/example_dags/example_local_kubernetes_executor.py took 2.411 seconds
[2024-08-02T15:36:16.278+0000] {processor.py:161} INFO - Started process (PID=149) to work on /home/airflow/.local/lib/python3.12/site-packages/airflow/example_dags/example_local_kubernetes_executor.py
[2024-08-02T15:36:16.280+0000] {processor.py:830} INFO - Processing file /home/airflow/.local/lib/python3.12/site-packages/airflow/example_dags/example_local_kubernetes_executor.py for tasks to queue
[2024-08-02T15:36:16.281+0000] {logging_mixin.py:188} INFO - [2024-08-02T15:36:16.281+0000] {dagbag.py:545} INFO - Filling up the DagBag from /home/airflow/.local/lib/python3.12/site-packages/airflow/example_dags/example_local_kubernetes_executor.py
[2024-08-02T15:36:16.288+0000] {processor.py:840} INFO - DAG(s) 'example_local_kubernetes_executor' retrieved from /home/airflow/.local/lib/python3.12/site-packages/airflow/example_dags/example_local_kubernetes_executor.py
[2024-08-02T15:36:16.317+0000] {logging_mixin.py:188} INFO - [2024-08-02T15:36:16.317+0000] {dag.py:3089} INFO - Sync 1 DAGs
[2024-08-02T15:36:16.329+0000] {logging_mixin.py:188} INFO - [2024-08-02T15:36:16.329+0000] {dag.py:3947} INFO - Setting next_dagrun for example_local_kubernetes_executor to None, run_after=None
[2024-08-02T15:36:16.396+0000] {processor.py:183} INFO - Processing /home/airflow/.local/lib/python3.12/site-packages/airflow/example_dags/example_local_kubernetes_executor.py took 0.123 seconds
[2024-08-02T18:29:14.797+0000] {processor.py:161} INFO - Started process (PID=79) to work on /home/airflow/.local/lib/python3.12/site-packages/airflow/example_dags/example_local_kubernetes_executor.py
[2024-08-02T18:29:14.798+0000] {processor.py:830} INFO - Processing file /home/airflow/.local/lib/python3.12/site-packages/airflow/example_dags/example_local_kubernetes_executor.py for tasks to queue
[2024-08-02T18:29:14.800+0000] {logging_mixin.py:188} INFO - [2024-08-02T18:29:14.799+0000] {dagbag.py:545} INFO - Filling up the DagBag from /home/airflow/.local/lib/python3.12/site-packages/airflow/example_dags/example_local_kubernetes_executor.py
[2024-08-02T18:29:14.814+0000] {processor.py:840} INFO - DAG(s) 'example_local_kubernetes_executor' retrieved from /home/airflow/.local/lib/python3.12/site-packages/airflow/example_dags/example_local_kubernetes_executor.py
[2024-08-02T18:29:14.961+0000] {logging_mixin.py:188} INFO - [2024-08-02T18:29:14.961+0000] {dag.py:3089} INFO - Sync 1 DAGs
[2024-08-02T18:29:14.978+0000] {logging_mixin.py:188} INFO - [2024-08-02T18:29:14.978+0000] {dag.py:3947} INFO - Setting next_dagrun for example_local_kubernetes_executor to None, run_after=None
[2024-08-02T18:29:15.016+0000] {processor.py:183} INFO - Processing /home/airflow/.local/lib/python3.12/site-packages/airflow/example_dags/example_local_kubernetes_executor.py took 0.225 seconds
[2024-08-02T18:29:45.316+0000] {processor.py:161} INFO - Started process (PID=137) to work on /home/airflow/.local/lib/python3.12/site-packages/airflow/example_dags/example_local_kubernetes_executor.py
[2024-08-02T18:29:45.319+0000] {processor.py:830} INFO - Processing file /home/airflow/.local/lib/python3.12/site-packages/airflow/example_dags/example_local_kubernetes_executor.py for tasks to queue
[2024-08-02T18:29:45.322+0000] {logging_mixin.py:188} INFO - [2024-08-02T18:29:45.321+0000] {dagbag.py:545} INFO - Filling up the DagBag from /home/airflow/.local/lib/python3.12/site-packages/airflow/example_dags/example_local_kubernetes_executor.py
[2024-08-02T18:29:45.329+0000] {processor.py:840} INFO - DAG(s) 'example_local_kubernetes_executor' retrieved from /home/airflow/.local/lib/python3.12/site-packages/airflow/example_dags/example_local_kubernetes_executor.py
[2024-08-02T18:29:45.419+0000] {logging_mixin.py:188} INFO - [2024-08-02T18:29:45.419+0000] {dag.py:3089} INFO - Sync 1 DAGs
[2024-08-02T18:29:45.458+0000] {logging_mixin.py:188} INFO - [2024-08-02T18:29:45.457+0000] {dag.py:3947} INFO - Setting next_dagrun for example_local_kubernetes_executor to None, run_after=None
[2024-08-02T18:29:45.507+0000] {processor.py:183} INFO - Processing /home/airflow/.local/lib/python3.12/site-packages/airflow/example_dags/example_local_kubernetes_executor.py took 0.206 seconds
[2024-08-02T18:30:15.653+0000] {processor.py:161} INFO - Started process (PID=196) to work on /home/airflow/.local/lib/python3.12/site-packages/airflow/example_dags/example_local_kubernetes_executor.py
[2024-08-02T18:30:15.656+0000] {processor.py:830} INFO - Processing file /home/airflow/.local/lib/python3.12/site-packages/airflow/example_dags/example_local_kubernetes_executor.py for tasks to queue
[2024-08-02T18:30:15.657+0000] {logging_mixin.py:188} INFO - [2024-08-02T18:30:15.657+0000] {dagbag.py:545} INFO - Filling up the DagBag from /home/airflow/.local/lib/python3.12/site-packages/airflow/example_dags/example_local_kubernetes_executor.py
[2024-08-02T18:30:15.664+0000] {processor.py:840} INFO - DAG(s) 'example_local_kubernetes_executor' retrieved from /home/airflow/.local/lib/python3.12/site-packages/airflow/example_dags/example_local_kubernetes_executor.py
[2024-08-02T18:30:15.699+0000] {logging_mixin.py:188} INFO - [2024-08-02T18:30:15.698+0000] {dag.py:3089} INFO - Sync 1 DAGs
[2024-08-02T18:30:15.710+0000] {logging_mixin.py:188} INFO - [2024-08-02T18:30:15.710+0000] {dag.py:3947} INFO - Setting next_dagrun for example_local_kubernetes_executor to None, run_after=None
[2024-08-02T18:30:15.729+0000] {processor.py:183} INFO - Processing /home/airflow/.local/lib/python3.12/site-packages/airflow/example_dags/example_local_kubernetes_executor.py took 0.080 seconds
[2024-08-02T18:30:46.620+0000] {processor.py:161} INFO - Started process (PID=255) to work on /home/airflow/.local/lib/python3.12/site-packages/airflow/example_dags/example_local_kubernetes_executor.py
[2024-08-02T18:30:46.621+0000] {processor.py:830} INFO - Processing file /home/airflow/.local/lib/python3.12/site-packages/airflow/example_dags/example_local_kubernetes_executor.py for tasks to queue
[2024-08-02T18:30:46.622+0000] {logging_mixin.py:188} INFO - [2024-08-02T18:30:46.622+0000] {dagbag.py:545} INFO - Filling up the DagBag from /home/airflow/.local/lib/python3.12/site-packages/airflow/example_dags/example_local_kubernetes_executor.py
[2024-08-02T18:30:46.631+0000] {processor.py:840} INFO - DAG(s) 'example_local_kubernetes_executor' retrieved from /home/airflow/.local/lib/python3.12/site-packages/airflow/example_dags/example_local_kubernetes_executor.py
[2024-08-02T18:30:46.672+0000] {logging_mixin.py:188} INFO - [2024-08-02T18:30:46.671+0000] {dag.py:3089} INFO - Sync 1 DAGs
[2024-08-02T18:30:46.685+0000] {logging_mixin.py:188} INFO - [2024-08-02T18:30:46.685+0000] {dag.py:3947} INFO - Setting next_dagrun for example_local_kubernetes_executor to None, run_after=None
[2024-08-02T18:30:46.707+0000] {processor.py:183} INFO - Processing /home/airflow/.local/lib/python3.12/site-packages/airflow/example_dags/example_local_kubernetes_executor.py took 0.092 seconds
[2024-08-02T18:31:17.244+0000] {processor.py:161} INFO - Started process (PID=314) to work on /home/airflow/.local/lib/python3.12/site-packages/airflow/example_dags/example_local_kubernetes_executor.py
[2024-08-02T18:31:17.245+0000] {processor.py:830} INFO - Processing file /home/airflow/.local/lib/python3.12/site-packages/airflow/example_dags/example_local_kubernetes_executor.py for tasks to queue
[2024-08-02T18:31:17.247+0000] {logging_mixin.py:188} INFO - [2024-08-02T18:31:17.247+0000] {dagbag.py:545} INFO - Filling up the DagBag from /home/airflow/.local/lib/python3.12/site-packages/airflow/example_dags/example_local_kubernetes_executor.py
[2024-08-02T18:31:17.253+0000] {processor.py:840} INFO - DAG(s) 'example_local_kubernetes_executor' retrieved from /home/airflow/.local/lib/python3.12/site-packages/airflow/example_dags/example_local_kubernetes_executor.py
[2024-08-02T18:31:17.282+0000] {logging_mixin.py:188} INFO - [2024-08-02T18:31:17.282+0000] {dag.py:3089} INFO - Sync 1 DAGs
[2024-08-02T18:31:17.293+0000] {logging_mixin.py:188} INFO - [2024-08-02T18:31:17.293+0000] {dag.py:3947} INFO - Setting next_dagrun for example_local_kubernetes_executor to None, run_after=None
[2024-08-02T18:31:17.312+0000] {processor.py:183} INFO - Processing /home/airflow/.local/lib/python3.12/site-packages/airflow/example_dags/example_local_kubernetes_executor.py took 0.073 seconds
[2024-08-02T18:31:47.941+0000] {processor.py:161} INFO - Started process (PID=373) to work on /home/airflow/.local/lib/python3.12/site-packages/airflow/example_dags/example_local_kubernetes_executor.py
[2024-08-02T18:31:47.942+0000] {processor.py:830} INFO - Processing file /home/airflow/.local/lib/python3.12/site-packages/airflow/example_dags/example_local_kubernetes_executor.py for tasks to queue
[2024-08-02T18:31:47.944+0000] {logging_mixin.py:188} INFO - [2024-08-02T18:31:47.943+0000] {dagbag.py:545} INFO - Filling up the DagBag from /home/airflow/.local/lib/python3.12/site-packages/airflow/example_dags/example_local_kubernetes_executor.py
[2024-08-02T18:31:47.950+0000] {processor.py:840} INFO - DAG(s) 'example_local_kubernetes_executor' retrieved from /home/airflow/.local/lib/python3.12/site-packages/airflow/example_dags/example_local_kubernetes_executor.py
[2024-08-02T18:31:47.981+0000] {logging_mixin.py:188} INFO - [2024-08-02T18:31:47.981+0000] {dag.py:3089} INFO - Sync 1 DAGs
[2024-08-02T18:31:47.993+0000] {logging_mixin.py:188} INFO - [2024-08-02T18:31:47.993+0000] {dag.py:3947} INFO - Setting next_dagrun for example_local_kubernetes_executor to None, run_after=None
[2024-08-02T18:31:48.016+0000] {processor.py:183} INFO - Processing /home/airflow/.local/lib/python3.12/site-packages/airflow/example_dags/example_local_kubernetes_executor.py took 0.080 seconds
[2024-08-02T18:32:18.674+0000] {processor.py:161} INFO - Started process (PID=432) to work on /home/airflow/.local/lib/python3.12/site-packages/airflow/example_dags/example_local_kubernetes_executor.py
[2024-08-02T18:32:18.675+0000] {processor.py:830} INFO - Processing file /home/airflow/.local/lib/python3.12/site-packages/airflow/example_dags/example_local_kubernetes_executor.py for tasks to queue
[2024-08-02T18:32:18.676+0000] {logging_mixin.py:188} INFO - [2024-08-02T18:32:18.676+0000] {dagbag.py:545} INFO - Filling up the DagBag from /home/airflow/.local/lib/python3.12/site-packages/airflow/example_dags/example_local_kubernetes_executor.py
[2024-08-02T18:32:18.682+0000] {processor.py:840} INFO - DAG(s) 'example_local_kubernetes_executor' retrieved from /home/airflow/.local/lib/python3.12/site-packages/airflow/example_dags/example_local_kubernetes_executor.py
[2024-08-02T18:32:18.713+0000] {logging_mixin.py:188} INFO - [2024-08-02T18:32:18.712+0000] {dag.py:3089} INFO - Sync 1 DAGs
[2024-08-02T18:32:18.725+0000] {logging_mixin.py:188} INFO - [2024-08-02T18:32:18.724+0000] {dag.py:3947} INFO - Setting next_dagrun for example_local_kubernetes_executor to None, run_after=None
[2024-08-02T18:32:18.744+0000] {processor.py:183} INFO - Processing /home/airflow/.local/lib/python3.12/site-packages/airflow/example_dags/example_local_kubernetes_executor.py took 0.075 seconds
[2024-08-02T18:32:50.677+0000] {processor.py:161} INFO - Started process (PID=491) to work on /home/airflow/.local/lib/python3.12/site-packages/airflow/example_dags/example_local_kubernetes_executor.py
[2024-08-02T18:32:50.679+0000] {processor.py:830} INFO - Processing file /home/airflow/.local/lib/python3.12/site-packages/airflow/example_dags/example_local_kubernetes_executor.py for tasks to queue
[2024-08-02T18:32:50.681+0000] {logging_mixin.py:188} INFO - [2024-08-02T18:32:50.680+0000] {dagbag.py:545} INFO - Filling up the DagBag from /home/airflow/.local/lib/python3.12/site-packages/airflow/example_dags/example_local_kubernetes_executor.py
[2024-08-02T18:32:50.691+0000] {processor.py:840} INFO - DAG(s) 'example_local_kubernetes_executor' retrieved from /home/airflow/.local/lib/python3.12/site-packages/airflow/example_dags/example_local_kubernetes_executor.py
[2024-08-02T18:32:50.765+0000] {logging_mixin.py:188} INFO - [2024-08-02T18:32:50.765+0000] {dag.py:3089} INFO - Sync 1 DAGs
[2024-08-02T18:32:50.781+0000] {logging_mixin.py:188} INFO - [2024-08-02T18:32:50.781+0000] {dag.py:3947} INFO - Setting next_dagrun for example_local_kubernetes_executor to None, run_after=None
[2024-08-02T18:32:50.807+0000] {processor.py:183} INFO - Processing /home/airflow/.local/lib/python3.12/site-packages/airflow/example_dags/example_local_kubernetes_executor.py took 0.144 seconds
[2024-08-02T18:35:14.381+0000] {processor.py:161} INFO - Started process (PID=551) to work on /home/airflow/.local/lib/python3.12/site-packages/airflow/example_dags/example_local_kubernetes_executor.py
[2024-08-02T18:35:14.383+0000] {processor.py:830} INFO - Processing file /home/airflow/.local/lib/python3.12/site-packages/airflow/example_dags/example_local_kubernetes_executor.py for tasks to queue
[2024-08-02T18:35:14.384+0000] {logging_mixin.py:188} INFO - [2024-08-02T18:35:14.383+0000] {dagbag.py:545} INFO - Filling up the DagBag from /home/airflow/.local/lib/python3.12/site-packages/airflow/example_dags/example_local_kubernetes_executor.py
[2024-08-02T18:35:14.391+0000] {processor.py:840} INFO - DAG(s) 'example_local_kubernetes_executor' retrieved from /home/airflow/.local/lib/python3.12/site-packages/airflow/example_dags/example_local_kubernetes_executor.py
[2024-08-02T18:35:14.443+0000] {logging_mixin.py:188} INFO - [2024-08-02T18:35:14.443+0000] {dag.py:3089} INFO - Sync 1 DAGs
[2024-08-02T18:35:14.457+0000] {logging_mixin.py:188} INFO - [2024-08-02T18:35:14.457+0000] {dag.py:3947} INFO - Setting next_dagrun for example_local_kubernetes_executor to None, run_after=None
[2024-08-02T18:35:14.479+0000] {processor.py:183} INFO - Processing /home/airflow/.local/lib/python3.12/site-packages/airflow/example_dags/example_local_kubernetes_executor.py took 0.103 seconds
[2024-08-02T18:36:35.114+0000] {processor.py:161} INFO - Started process (PID=610) to work on /home/airflow/.local/lib/python3.12/site-packages/airflow/example_dags/example_local_kubernetes_executor.py
[2024-08-02T18:36:35.116+0000] {processor.py:830} INFO - Processing file /home/airflow/.local/lib/python3.12/site-packages/airflow/example_dags/example_local_kubernetes_executor.py for tasks to queue
[2024-08-02T18:36:35.117+0000] {logging_mixin.py:188} INFO - [2024-08-02T18:36:35.117+0000] {dagbag.py:545} INFO - Filling up the DagBag from /home/airflow/.local/lib/python3.12/site-packages/airflow/example_dags/example_local_kubernetes_executor.py
[2024-08-02T18:36:35.141+0000] {processor.py:840} INFO - DAG(s) 'example_local_kubernetes_executor' retrieved from /home/airflow/.local/lib/python3.12/site-packages/airflow/example_dags/example_local_kubernetes_executor.py
[2024-08-02T18:36:35.265+0000] {logging_mixin.py:188} INFO - [2024-08-02T18:36:35.265+0000] {dag.py:3089} INFO - Sync 1 DAGs
[2024-08-02T18:36:35.279+0000] {logging_mixin.py:188} INFO - [2024-08-02T18:36:35.279+0000] {dag.py:3947} INFO - Setting next_dagrun for example_local_kubernetes_executor to None, run_after=None
[2024-08-02T18:36:35.300+0000] {processor.py:183} INFO - Processing /home/airflow/.local/lib/python3.12/site-packages/airflow/example_dags/example_local_kubernetes_executor.py took 0.192 seconds
[2024-08-02T18:38:27.980+0000] {processor.py:161} INFO - Started process (PID=655) to work on /home/airflow/.local/lib/python3.12/site-packages/airflow/example_dags/example_local_kubernetes_executor.py
[2024-08-02T18:38:27.982+0000] {processor.py:830} INFO - Processing file /home/airflow/.local/lib/python3.12/site-packages/airflow/example_dags/example_local_kubernetes_executor.py for tasks to queue
[2024-08-02T18:38:27.983+0000] {logging_mixin.py:188} INFO - [2024-08-02T18:38:27.982+0000] {dagbag.py:545} INFO - Filling up the DagBag from /home/airflow/.local/lib/python3.12/site-packages/airflow/example_dags/example_local_kubernetes_executor.py
[2024-08-02T18:38:27.992+0000] {processor.py:840} INFO - DAG(s) 'example_local_kubernetes_executor' retrieved from /home/airflow/.local/lib/python3.12/site-packages/airflow/example_dags/example_local_kubernetes_executor.py
[2024-08-02T18:38:28.050+0000] {logging_mixin.py:188} INFO - [2024-08-02T18:38:28.049+0000] {dag.py:3089} INFO - Sync 1 DAGs
[2024-08-02T18:38:28.066+0000] {logging_mixin.py:188} INFO - [2024-08-02T18:38:28.065+0000] {dag.py:3947} INFO - Setting next_dagrun for example_local_kubernetes_executor to None, run_after=None
[2024-08-02T18:38:28.094+0000] {processor.py:183} INFO - Processing /home/airflow/.local/lib/python3.12/site-packages/airflow/example_dags/example_local_kubernetes_executor.py took 0.119 seconds
[2024-08-02T18:39:16.050+0000] {processor.py:161} INFO - Started process (PID=706) to work on /home/airflow/.local/lib/python3.12/site-packages/airflow/example_dags/example_local_kubernetes_executor.py
[2024-08-02T18:39:16.051+0000] {processor.py:830} INFO - Processing file /home/airflow/.local/lib/python3.12/site-packages/airflow/example_dags/example_local_kubernetes_executor.py for tasks to queue
[2024-08-02T18:39:16.052+0000] {logging_mixin.py:188} INFO - [2024-08-02T18:39:16.052+0000] {dagbag.py:545} INFO - Filling up the DagBag from /home/airflow/.local/lib/python3.12/site-packages/airflow/example_dags/example_local_kubernetes_executor.py
[2024-08-02T18:39:16.060+0000] {processor.py:840} INFO - DAG(s) 'example_local_kubernetes_executor' retrieved from /home/airflow/.local/lib/python3.12/site-packages/airflow/example_dags/example_local_kubernetes_executor.py
[2024-08-02T18:39:16.097+0000] {logging_mixin.py:188} INFO - [2024-08-02T18:39:16.097+0000] {dag.py:3089} INFO - Sync 1 DAGs
[2024-08-02T18:39:16.111+0000] {logging_mixin.py:188} INFO - [2024-08-02T18:39:16.111+0000] {dag.py:3947} INFO - Setting next_dagrun for example_local_kubernetes_executor to None, run_after=None
[2024-08-02T18:39:16.135+0000] {processor.py:183} INFO - Processing /home/airflow/.local/lib/python3.12/site-packages/airflow/example_dags/example_local_kubernetes_executor.py took 0.091 seconds
[2024-08-02T18:45:09.577+0000] {processor.py:161} INFO - Started process (PID=72) to work on /home/airflow/.local/lib/python3.12/site-packages/airflow/example_dags/example_local_kubernetes_executor.py
[2024-08-02T18:45:09.578+0000] {processor.py:830} INFO - Processing file /home/airflow/.local/lib/python3.12/site-packages/airflow/example_dags/example_local_kubernetes_executor.py for tasks to queue
[2024-08-02T18:45:09.579+0000] {logging_mixin.py:188} INFO - [2024-08-02T18:45:09.579+0000] {dagbag.py:545} INFO - Filling up the DagBag from /home/airflow/.local/lib/python3.12/site-packages/airflow/example_dags/example_local_kubernetes_executor.py
[2024-08-02T18:45:09.589+0000] {processor.py:840} INFO - DAG(s) 'example_local_kubernetes_executor' retrieved from /home/airflow/.local/lib/python3.12/site-packages/airflow/example_dags/example_local_kubernetes_executor.py
[2024-08-02T18:45:09.601+0000] {logging_mixin.py:188} INFO - [2024-08-02T18:45:09.600+0000] {dag.py:3089} INFO - Sync 1 DAGs
[2024-08-02T18:45:09.614+0000] {logging_mixin.py:188} INFO - [2024-08-02T18:45:09.614+0000] {dag.py:3947} INFO - Setting next_dagrun for example_local_kubernetes_executor to None, run_after=None
[2024-08-02T18:45:09.635+0000] {processor.py:183} INFO - Processing /home/airflow/.local/lib/python3.12/site-packages/airflow/example_dags/example_local_kubernetes_executor.py took 0.063 seconds
[2024-08-02T18:45:41.237+0000] {processor.py:161} INFO - Started process (PID=131) to work on /home/airflow/.local/lib/python3.12/site-packages/airflow/example_dags/example_local_kubernetes_executor.py
[2024-08-02T18:45:41.238+0000] {processor.py:830} INFO - Processing file /home/airflow/.local/lib/python3.12/site-packages/airflow/example_dags/example_local_kubernetes_executor.py for tasks to queue
[2024-08-02T18:45:41.239+0000] {logging_mixin.py:188} INFO - [2024-08-02T18:45:41.239+0000] {dagbag.py:545} INFO - Filling up the DagBag from /home/airflow/.local/lib/python3.12/site-packages/airflow/example_dags/example_local_kubernetes_executor.py
[2024-08-02T18:45:41.244+0000] {processor.py:840} INFO - DAG(s) 'example_local_kubernetes_executor' retrieved from /home/airflow/.local/lib/python3.12/site-packages/airflow/example_dags/example_local_kubernetes_executor.py
[2024-08-02T18:45:41.341+0000] {logging_mixin.py:188} INFO - [2024-08-02T18:45:41.341+0000] {dag.py:3089} INFO - Sync 1 DAGs
[2024-08-02T18:45:41.350+0000] {logging_mixin.py:188} INFO - [2024-08-02T18:45:41.350+0000] {dag.py:3947} INFO - Setting next_dagrun for example_local_kubernetes_executor to None, run_after=None
[2024-08-02T18:45:41.370+0000] {processor.py:183} INFO - Processing /home/airflow/.local/lib/python3.12/site-packages/airflow/example_dags/example_local_kubernetes_executor.py took 0.137 seconds
[2024-08-02T18:46:11.503+0000] {processor.py:161} INFO - Started process (PID=191) to work on /home/airflow/.local/lib/python3.12/site-packages/airflow/example_dags/example_local_kubernetes_executor.py
[2024-08-02T18:46:11.503+0000] {processor.py:830} INFO - Processing file /home/airflow/.local/lib/python3.12/site-packages/airflow/example_dags/example_local_kubernetes_executor.py for tasks to queue
[2024-08-02T18:46:11.505+0000] {logging_mixin.py:188} INFO - [2024-08-02T18:46:11.504+0000] {dagbag.py:545} INFO - Filling up the DagBag from /home/airflow/.local/lib/python3.12/site-packages/airflow/example_dags/example_local_kubernetes_executor.py
[2024-08-02T18:46:11.510+0000] {processor.py:840} INFO - DAG(s) 'example_local_kubernetes_executor' retrieved from /home/airflow/.local/lib/python3.12/site-packages/airflow/example_dags/example_local_kubernetes_executor.py
[2024-08-02T18:46:11.537+0000] {logging_mixin.py:188} INFO - [2024-08-02T18:46:11.537+0000] {dag.py:3089} INFO - Sync 1 DAGs
[2024-08-02T18:46:11.548+0000] {logging_mixin.py:188} INFO - [2024-08-02T18:46:11.548+0000] {dag.py:3947} INFO - Setting next_dagrun for example_local_kubernetes_executor to None, run_after=None
[2024-08-02T18:46:11.569+0000] {processor.py:183} INFO - Processing /home/airflow/.local/lib/python3.12/site-packages/airflow/example_dags/example_local_kubernetes_executor.py took 0.070 seconds
[2024-08-02T18:46:42.894+0000] {processor.py:161} INFO - Started process (PID=250) to work on /home/airflow/.local/lib/python3.12/site-packages/airflow/example_dags/example_local_kubernetes_executor.py
[2024-08-02T18:46:42.897+0000] {processor.py:830} INFO - Processing file /home/airflow/.local/lib/python3.12/site-packages/airflow/example_dags/example_local_kubernetes_executor.py for tasks to queue
[2024-08-02T18:46:42.898+0000] {logging_mixin.py:188} INFO - [2024-08-02T18:46:42.898+0000] {dagbag.py:545} INFO - Filling up the DagBag from /home/airflow/.local/lib/python3.12/site-packages/airflow/example_dags/example_local_kubernetes_executor.py
[2024-08-02T18:46:42.903+0000] {processor.py:840} INFO - DAG(s) 'example_local_kubernetes_executor' retrieved from /home/airflow/.local/lib/python3.12/site-packages/airflow/example_dags/example_local_kubernetes_executor.py
[2024-08-02T18:46:42.940+0000] {logging_mixin.py:188} INFO - [2024-08-02T18:46:42.939+0000] {dag.py:3089} INFO - Sync 1 DAGs
[2024-08-02T18:46:42.953+0000] {logging_mixin.py:188} INFO - [2024-08-02T18:46:42.952+0000] {dag.py:3947} INFO - Setting next_dagrun for example_local_kubernetes_executor to None, run_after=None
[2024-08-02T18:46:42.973+0000] {processor.py:183} INFO - Processing /home/airflow/.local/lib/python3.12/site-packages/airflow/example_dags/example_local_kubernetes_executor.py took 0.083 seconds
[2024-08-02T18:48:42.016+0000] {processor.py:161} INFO - Started process (PID=79) to work on /home/airflow/.local/lib/python3.12/site-packages/airflow/example_dags/example_local_kubernetes_executor.py
[2024-08-02T18:48:42.017+0000] {processor.py:830} INFO - Processing file /home/airflow/.local/lib/python3.12/site-packages/airflow/example_dags/example_local_kubernetes_executor.py for tasks to queue
[2024-08-02T18:48:42.019+0000] {logging_mixin.py:188} INFO - [2024-08-02T18:48:42.019+0000] {dagbag.py:545} INFO - Filling up the DagBag from /home/airflow/.local/lib/python3.12/site-packages/airflow/example_dags/example_local_kubernetes_executor.py
[2024-08-02T18:48:42.028+0000] {processor.py:840} INFO - DAG(s) 'example_local_kubernetes_executor' retrieved from /home/airflow/.local/lib/python3.12/site-packages/airflow/example_dags/example_local_kubernetes_executor.py
[2024-08-02T18:48:42.149+0000] {logging_mixin.py:188} INFO - [2024-08-02T18:48:42.148+0000] {dag.py:3089} INFO - Sync 1 DAGs
[2024-08-02T18:48:42.161+0000] {logging_mixin.py:188} INFO - [2024-08-02T18:48:42.160+0000] {dag.py:3947} INFO - Setting next_dagrun for example_local_kubernetes_executor to None, run_after=None
[2024-08-02T18:48:42.190+0000] {processor.py:183} INFO - Processing /home/airflow/.local/lib/python3.12/site-packages/airflow/example_dags/example_local_kubernetes_executor.py took 0.174 seconds
[2024-08-02T18:49:12.357+0000] {processor.py:161} INFO - Started process (PID=139) to work on /home/airflow/.local/lib/python3.12/site-packages/airflow/example_dags/example_local_kubernetes_executor.py
[2024-08-02T18:49:12.358+0000] {processor.py:830} INFO - Processing file /home/airflow/.local/lib/python3.12/site-packages/airflow/example_dags/example_local_kubernetes_executor.py for tasks to queue
[2024-08-02T18:49:12.359+0000] {logging_mixin.py:188} INFO - [2024-08-02T18:49:12.359+0000] {dagbag.py:545} INFO - Filling up the DagBag from /home/airflow/.local/lib/python3.12/site-packages/airflow/example_dags/example_local_kubernetes_executor.py
[2024-08-02T18:49:12.365+0000] {processor.py:840} INFO - DAG(s) 'example_local_kubernetes_executor' retrieved from /home/airflow/.local/lib/python3.12/site-packages/airflow/example_dags/example_local_kubernetes_executor.py
[2024-08-02T18:49:12.394+0000] {logging_mixin.py:188} INFO - [2024-08-02T18:49:12.394+0000] {dag.py:3089} INFO - Sync 1 DAGs
[2024-08-02T18:49:12.406+0000] {logging_mixin.py:188} INFO - [2024-08-02T18:49:12.405+0000] {dag.py:3947} INFO - Setting next_dagrun for example_local_kubernetes_executor to None, run_after=None
[2024-08-02T18:49:12.423+0000] {processor.py:183} INFO - Processing /home/airflow/.local/lib/python3.12/site-packages/airflow/example_dags/example_local_kubernetes_executor.py took 0.070 seconds
