[2024-08-02T15:35:51.872+0000] {processor.py:161} INFO - Started process (PID=102) to work on /home/airflow/.local/lib/python3.12/site-packages/airflow/example_dags/example_sla_dag.py
[2024-08-02T15:35:51.873+0000] {processor.py:830} INFO - Processing file /home/airflow/.local/lib/python3.12/site-packages/airflow/example_dags/example_sla_dag.py for tasks to queue
[2024-08-02T15:35:51.876+0000] {logging_mixin.py:188} INFO - [2024-08-02T15:35:51.876+0000] {dagbag.py:545} INFO - Filling up the DagBag from /home/airflow/.local/lib/python3.12/site-packages/airflow/example_dags/example_sla_dag.py
[2024-08-02T15:35:51.885+0000] {processor.py:840} INFO - DAG(s) 'example_sla_dag' retrieved from /home/airflow/.local/lib/python3.12/site-packages/airflow/example_dags/example_sla_dag.py
[2024-08-02T15:35:51.987+0000] {logging_mixin.py:188} INFO - [2024-08-02T15:35:51.986+0000] {dag.py:3089} INFO - Sync 1 DAGs
[2024-08-02T15:35:52.007+0000] {logging_mixin.py:188} INFO - [2024-08-02T15:35:52.007+0000] {dag.py:3947} INFO - Setting next_dagrun for example_sla_dag to 2024-08-02 15:32:00+00:00, run_after=2024-08-02 15:34:00+00:00
[2024-08-02T15:35:52.029+0000] {processor.py:183} INFO - Processing /home/airflow/.local/lib/python3.12/site-packages/airflow/example_dags/example_sla_dag.py took 0.162 seconds
[2024-08-02T18:29:17.497+0000] {processor.py:161} INFO - Started process (PID=91) to work on /home/airflow/.local/lib/python3.12/site-packages/airflow/example_dags/example_sla_dag.py
[2024-08-02T18:29:17.499+0000] {processor.py:830} INFO - Processing file /home/airflow/.local/lib/python3.12/site-packages/airflow/example_dags/example_sla_dag.py for tasks to queue
[2024-08-02T18:29:17.501+0000] {logging_mixin.py:188} INFO - [2024-08-02T18:29:17.501+0000] {dagbag.py:545} INFO - Filling up the DagBag from /home/airflow/.local/lib/python3.12/site-packages/airflow/example_dags/example_sla_dag.py
[2024-08-02T18:29:17.508+0000] {processor.py:840} INFO - DAG(s) 'example_sla_dag' retrieved from /home/airflow/.local/lib/python3.12/site-packages/airflow/example_dags/example_sla_dag.py
[2024-08-02T18:29:17.607+0000] {logging_mixin.py:188} INFO - [2024-08-02T18:29:17.607+0000] {dag.py:3089} INFO - Sync 1 DAGs
[2024-08-02T18:29:17.630+0000] {logging_mixin.py:188} INFO - [2024-08-02T18:29:17.630+0000] {dag.py:3947} INFO - Setting next_dagrun for example_sla_dag to 2024-08-02 18:26:00+00:00, run_after=2024-08-02 18:28:00+00:00
[2024-08-02T18:29:17.653+0000] {processor.py:183} INFO - Processing /home/airflow/.local/lib/python3.12/site-packages/airflow/example_dags/example_sla_dag.py took 0.162 seconds
[2024-08-02T18:29:48.342+0000] {processor.py:161} INFO - Started process (PID=150) to work on /home/airflow/.local/lib/python3.12/site-packages/airflow/example_dags/example_sla_dag.py
[2024-08-02T18:29:48.344+0000] {processor.py:830} INFO - Processing file /home/airflow/.local/lib/python3.12/site-packages/airflow/example_dags/example_sla_dag.py for tasks to queue
[2024-08-02T18:29:48.346+0000] {logging_mixin.py:188} INFO - [2024-08-02T18:29:48.346+0000] {dagbag.py:545} INFO - Filling up the DagBag from /home/airflow/.local/lib/python3.12/site-packages/airflow/example_dags/example_sla_dag.py
[2024-08-02T18:29:48.354+0000] {processor.py:840} INFO - DAG(s) 'example_sla_dag' retrieved from /home/airflow/.local/lib/python3.12/site-packages/airflow/example_dags/example_sla_dag.py
[2024-08-02T18:29:48.385+0000] {logging_mixin.py:188} INFO - [2024-08-02T18:29:48.384+0000] {dag.py:3089} INFO - Sync 1 DAGs
[2024-08-02T18:29:48.417+0000] {logging_mixin.py:188} INFO - [2024-08-02T18:29:48.416+0000] {dag.py:3947} INFO - Setting next_dagrun for example_sla_dag to 2024-08-02 18:26:00+00:00, run_after=2024-08-02 18:28:00+00:00
[2024-08-02T18:29:48.449+0000] {processor.py:183} INFO - Processing /home/airflow/.local/lib/python3.12/site-packages/airflow/example_dags/example_sla_dag.py took 0.116 seconds
[2024-08-02T18:30:18.515+0000] {processor.py:161} INFO - Started process (PID=209) to work on /home/airflow/.local/lib/python3.12/site-packages/airflow/example_dags/example_sla_dag.py
[2024-08-02T18:30:18.516+0000] {processor.py:830} INFO - Processing file /home/airflow/.local/lib/python3.12/site-packages/airflow/example_dags/example_sla_dag.py for tasks to queue
[2024-08-02T18:30:18.517+0000] {logging_mixin.py:188} INFO - [2024-08-02T18:30:18.517+0000] {dagbag.py:545} INFO - Filling up the DagBag from /home/airflow/.local/lib/python3.12/site-packages/airflow/example_dags/example_sla_dag.py
[2024-08-02T18:30:18.525+0000] {processor.py:840} INFO - DAG(s) 'example_sla_dag' retrieved from /home/airflow/.local/lib/python3.12/site-packages/airflow/example_dags/example_sla_dag.py
[2024-08-02T18:30:18.544+0000] {logging_mixin.py:188} INFO - [2024-08-02T18:30:18.544+0000] {dag.py:3089} INFO - Sync 1 DAGs
[2024-08-02T18:30:18.567+0000] {logging_mixin.py:188} INFO - [2024-08-02T18:30:18.566+0000] {dag.py:3947} INFO - Setting next_dagrun for example_sla_dag to 2024-08-02 18:28:00+00:00, run_after=2024-08-02 18:30:00+00:00
[2024-08-02T18:30:18.586+0000] {processor.py:183} INFO - Processing /home/airflow/.local/lib/python3.12/site-packages/airflow/example_dags/example_sla_dag.py took 0.077 seconds
[2024-08-02T18:30:49.900+0000] {processor.py:161} INFO - Started process (PID=268) to work on /home/airflow/.local/lib/python3.12/site-packages/airflow/example_dags/example_sla_dag.py
[2024-08-02T18:30:49.902+0000] {processor.py:830} INFO - Processing file /home/airflow/.local/lib/python3.12/site-packages/airflow/example_dags/example_sla_dag.py for tasks to queue
[2024-08-02T18:30:49.904+0000] {logging_mixin.py:188} INFO - [2024-08-02T18:30:49.903+0000] {dagbag.py:545} INFO - Filling up the DagBag from /home/airflow/.local/lib/python3.12/site-packages/airflow/example_dags/example_sla_dag.py
[2024-08-02T18:30:49.914+0000] {processor.py:840} INFO - DAG(s) 'example_sla_dag' retrieved from /home/airflow/.local/lib/python3.12/site-packages/airflow/example_dags/example_sla_dag.py
[2024-08-02T18:30:49.946+0000] {logging_mixin.py:188} INFO - [2024-08-02T18:30:49.946+0000] {dag.py:3089} INFO - Sync 1 DAGs
[2024-08-02T18:30:49.976+0000] {logging_mixin.py:188} INFO - [2024-08-02T18:30:49.975+0000] {dag.py:3947} INFO - Setting next_dagrun for example_sla_dag to 2024-08-02 18:28:00+00:00, run_after=2024-08-02 18:30:00+00:00
[2024-08-02T18:30:50.009+0000] {processor.py:183} INFO - Processing /home/airflow/.local/lib/python3.12/site-packages/airflow/example_dags/example_sla_dag.py took 0.118 seconds
[2024-08-02T18:31:20.088+0000] {processor.py:161} INFO - Started process (PID=327) to work on /home/airflow/.local/lib/python3.12/site-packages/airflow/example_dags/example_sla_dag.py
[2024-08-02T18:31:20.089+0000] {processor.py:830} INFO - Processing file /home/airflow/.local/lib/python3.12/site-packages/airflow/example_dags/example_sla_dag.py for tasks to queue
[2024-08-02T18:31:20.091+0000] {logging_mixin.py:188} INFO - [2024-08-02T18:31:20.091+0000] {dagbag.py:545} INFO - Filling up the DagBag from /home/airflow/.local/lib/python3.12/site-packages/airflow/example_dags/example_sla_dag.py
[2024-08-02T18:31:20.100+0000] {processor.py:840} INFO - DAG(s) 'example_sla_dag' retrieved from /home/airflow/.local/lib/python3.12/site-packages/airflow/example_dags/example_sla_dag.py
[2024-08-02T18:31:20.119+0000] {logging_mixin.py:188} INFO - [2024-08-02T18:31:20.119+0000] {dag.py:3089} INFO - Sync 1 DAGs
[2024-08-02T18:31:20.145+0000] {logging_mixin.py:188} INFO - [2024-08-02T18:31:20.144+0000] {dag.py:3947} INFO - Setting next_dagrun for example_sla_dag to 2024-08-02 18:28:00+00:00, run_after=2024-08-02 18:30:00+00:00
[2024-08-02T18:31:20.173+0000] {processor.py:183} INFO - Processing /home/airflow/.local/lib/python3.12/site-packages/airflow/example_dags/example_sla_dag.py took 0.090 seconds
[2024-08-02T18:31:50.793+0000] {processor.py:161} INFO - Started process (PID=386) to work on /home/airflow/.local/lib/python3.12/site-packages/airflow/example_dags/example_sla_dag.py
[2024-08-02T18:31:50.793+0000] {processor.py:830} INFO - Processing file /home/airflow/.local/lib/python3.12/site-packages/airflow/example_dags/example_sla_dag.py for tasks to queue
[2024-08-02T18:31:50.795+0000] {logging_mixin.py:188} INFO - [2024-08-02T18:31:50.795+0000] {dagbag.py:545} INFO - Filling up the DagBag from /home/airflow/.local/lib/python3.12/site-packages/airflow/example_dags/example_sla_dag.py
[2024-08-02T18:31:50.802+0000] {processor.py:840} INFO - DAG(s) 'example_sla_dag' retrieved from /home/airflow/.local/lib/python3.12/site-packages/airflow/example_dags/example_sla_dag.py
[2024-08-02T18:31:50.819+0000] {logging_mixin.py:188} INFO - [2024-08-02T18:31:50.819+0000] {dag.py:3089} INFO - Sync 1 DAGs
[2024-08-02T18:31:50.840+0000] {logging_mixin.py:188} INFO - [2024-08-02T18:31:50.840+0000] {dag.py:3947} INFO - Setting next_dagrun for example_sla_dag to 2024-08-02 18:28:00+00:00, run_after=2024-08-02 18:30:00+00:00
[2024-08-02T18:31:50.857+0000] {processor.py:183} INFO - Processing /home/airflow/.local/lib/python3.12/site-packages/airflow/example_dags/example_sla_dag.py took 0.070 seconds
[2024-08-02T18:32:21.504+0000] {processor.py:161} INFO - Started process (PID=445) to work on /home/airflow/.local/lib/python3.12/site-packages/airflow/example_dags/example_sla_dag.py
[2024-08-02T18:32:21.505+0000] {processor.py:830} INFO - Processing file /home/airflow/.local/lib/python3.12/site-packages/airflow/example_dags/example_sla_dag.py for tasks to queue
[2024-08-02T18:32:21.506+0000] {logging_mixin.py:188} INFO - [2024-08-02T18:32:21.506+0000] {dagbag.py:545} INFO - Filling up the DagBag from /home/airflow/.local/lib/python3.12/site-packages/airflow/example_dags/example_sla_dag.py
[2024-08-02T18:32:21.513+0000] {processor.py:840} INFO - DAG(s) 'example_sla_dag' retrieved from /home/airflow/.local/lib/python3.12/site-packages/airflow/example_dags/example_sla_dag.py
[2024-08-02T18:32:21.531+0000] {logging_mixin.py:188} INFO - [2024-08-02T18:32:21.531+0000] {dag.py:3089} INFO - Sync 1 DAGs
[2024-08-02T18:32:21.553+0000] {logging_mixin.py:188} INFO - [2024-08-02T18:32:21.553+0000] {dag.py:3947} INFO - Setting next_dagrun for example_sla_dag to 2024-08-02 18:30:00+00:00, run_after=2024-08-02 18:32:00+00:00
[2024-08-02T18:32:21.576+0000] {processor.py:183} INFO - Processing /home/airflow/.local/lib/python3.12/site-packages/airflow/example_dags/example_sla_dag.py took 0.077 seconds
[2024-08-02T18:32:52.638+0000] {processor.py:161} INFO - Started process (PID=504) to work on /home/airflow/.local/lib/python3.12/site-packages/airflow/example_dags/example_sla_dag.py
[2024-08-02T18:32:52.640+0000] {processor.py:830} INFO - Processing file /home/airflow/.local/lib/python3.12/site-packages/airflow/example_dags/example_sla_dag.py for tasks to queue
[2024-08-02T18:32:52.641+0000] {logging_mixin.py:188} INFO - [2024-08-02T18:32:52.641+0000] {dagbag.py:545} INFO - Filling up the DagBag from /home/airflow/.local/lib/python3.12/site-packages/airflow/example_dags/example_sla_dag.py
[2024-08-02T18:32:52.649+0000] {processor.py:840} INFO - DAG(s) 'example_sla_dag' retrieved from /home/airflow/.local/lib/python3.12/site-packages/airflow/example_dags/example_sla_dag.py
[2024-08-02T18:32:52.666+0000] {logging_mixin.py:188} INFO - [2024-08-02T18:32:52.666+0000] {dag.py:3089} INFO - Sync 1 DAGs
[2024-08-02T18:32:52.692+0000] {logging_mixin.py:188} INFO - [2024-08-02T18:32:52.692+0000] {dag.py:3947} INFO - Setting next_dagrun for example_sla_dag to 2024-08-02 18:30:00+00:00, run_after=2024-08-02 18:32:00+00:00
[2024-08-02T18:32:52.712+0000] {processor.py:183} INFO - Processing /home/airflow/.local/lib/python3.12/site-packages/airflow/example_dags/example_sla_dag.py took 0.078 seconds
[2024-08-02T18:35:15.483+0000] {processor.py:161} INFO - Started process (PID=563) to work on /home/airflow/.local/lib/python3.12/site-packages/airflow/example_dags/example_sla_dag.py
[2024-08-02T18:35:15.484+0000] {processor.py:830} INFO - Processing file /home/airflow/.local/lib/python3.12/site-packages/airflow/example_dags/example_sla_dag.py for tasks to queue
[2024-08-02T18:35:15.484+0000] {logging_mixin.py:188} INFO - [2024-08-02T18:35:15.484+0000] {dagbag.py:545} INFO - Filling up the DagBag from /home/airflow/.local/lib/python3.12/site-packages/airflow/example_dags/example_sla_dag.py
[2024-08-02T18:35:15.492+0000] {processor.py:840} INFO - DAG(s) 'example_sla_dag' retrieved from /home/airflow/.local/lib/python3.12/site-packages/airflow/example_dags/example_sla_dag.py
[2024-08-02T18:35:15.512+0000] {logging_mixin.py:188} INFO - [2024-08-02T18:35:15.512+0000] {dag.py:3089} INFO - Sync 1 DAGs
[2024-08-02T18:35:15.538+0000] {logging_mixin.py:188} INFO - [2024-08-02T18:35:15.538+0000] {dag.py:3947} INFO - Setting next_dagrun for example_sla_dag to 2024-08-02 18:32:00+00:00, run_after=2024-08-02 18:34:00+00:00
[2024-08-02T18:35:15.558+0000] {processor.py:183} INFO - Processing /home/airflow/.local/lib/python3.12/site-packages/airflow/example_dags/example_sla_dag.py took 0.080 seconds
[2024-08-02T18:38:28.328+0000] {processor.py:161} INFO - Started process (PID=659) to work on /home/airflow/.local/lib/python3.12/site-packages/airflow/example_dags/example_sla_dag.py
[2024-08-02T18:38:28.329+0000] {processor.py:830} INFO - Processing file /home/airflow/.local/lib/python3.12/site-packages/airflow/example_dags/example_sla_dag.py for tasks to queue
[2024-08-02T18:38:28.330+0000] {logging_mixin.py:188} INFO - [2024-08-02T18:38:28.330+0000] {dagbag.py:545} INFO - Filling up the DagBag from /home/airflow/.local/lib/python3.12/site-packages/airflow/example_dags/example_sla_dag.py
[2024-08-02T18:38:28.337+0000] {processor.py:840} INFO - DAG(s) 'example_sla_dag' retrieved from /home/airflow/.local/lib/python3.12/site-packages/airflow/example_dags/example_sla_dag.py
[2024-08-02T18:38:28.355+0000] {logging_mixin.py:188} INFO - [2024-08-02T18:38:28.355+0000] {dag.py:3089} INFO - Sync 1 DAGs
[2024-08-02T18:38:28.384+0000] {logging_mixin.py:188} INFO - [2024-08-02T18:38:28.384+0000] {dag.py:3947} INFO - Setting next_dagrun for example_sla_dag to 2024-08-02 18:36:00+00:00, run_after=2024-08-02 18:38:00+00:00
[2024-08-02T18:38:28.403+0000] {processor.py:183} INFO - Processing /home/airflow/.local/lib/python3.12/site-packages/airflow/example_dags/example_sla_dag.py took 0.080 seconds
[2024-08-02T18:39:17.087+0000] {processor.py:161} INFO - Started process (PID=718) to work on /home/airflow/.local/lib/python3.12/site-packages/airflow/example_dags/example_sla_dag.py
[2024-08-02T18:39:17.089+0000] {processor.py:830} INFO - Processing file /home/airflow/.local/lib/python3.12/site-packages/airflow/example_dags/example_sla_dag.py for tasks to queue
[2024-08-02T18:39:17.090+0000] {logging_mixin.py:188} INFO - [2024-08-02T18:39:17.090+0000] {dagbag.py:545} INFO - Filling up the DagBag from /home/airflow/.local/lib/python3.12/site-packages/airflow/example_dags/example_sla_dag.py
[2024-08-02T18:39:17.102+0000] {processor.py:840} INFO - DAG(s) 'example_sla_dag' retrieved from /home/airflow/.local/lib/python3.12/site-packages/airflow/example_dags/example_sla_dag.py
[2024-08-02T18:39:17.128+0000] {logging_mixin.py:188} INFO - [2024-08-02T18:39:17.127+0000] {dag.py:3089} INFO - Sync 1 DAGs
[2024-08-02T18:39:17.174+0000] {logging_mixin.py:188} INFO - [2024-08-02T18:39:17.174+0000] {dag.py:3947} INFO - Setting next_dagrun for example_sla_dag to 2024-08-02 18:36:00+00:00, run_after=2024-08-02 18:38:00+00:00
[2024-08-02T18:39:17.210+0000] {processor.py:183} INFO - Processing /home/airflow/.local/lib/python3.12/site-packages/airflow/example_dags/example_sla_dag.py took 0.132 seconds
[2024-08-02T18:45:10.238+0000] {processor.py:161} INFO - Started process (PID=84) to work on /home/airflow/.local/lib/python3.12/site-packages/airflow/example_dags/example_sla_dag.py
[2024-08-02T18:45:10.240+0000] {processor.py:830} INFO - Processing file /home/airflow/.local/lib/python3.12/site-packages/airflow/example_dags/example_sla_dag.py for tasks to queue
[2024-08-02T18:45:10.241+0000] {logging_mixin.py:188} INFO - [2024-08-02T18:45:10.241+0000] {dagbag.py:545} INFO - Filling up the DagBag from /home/airflow/.local/lib/python3.12/site-packages/airflow/example_dags/example_sla_dag.py
[2024-08-02T18:45:10.257+0000] {processor.py:840} INFO - DAG(s) 'example_sla_dag' retrieved from /home/airflow/.local/lib/python3.12/site-packages/airflow/example_dags/example_sla_dag.py
[2024-08-02T18:45:10.268+0000] {logging_mixin.py:188} INFO - [2024-08-02T18:45:10.268+0000] {dag.py:3089} INFO - Sync 1 DAGs
[2024-08-02T18:45:10.291+0000] {logging_mixin.py:188} INFO - [2024-08-02T18:45:10.291+0000] {dag.py:3947} INFO - Setting next_dagrun for example_sla_dag to 2024-08-02 18:42:00+00:00, run_after=2024-08-02 18:44:00+00:00
[2024-08-02T18:45:10.312+0000] {processor.py:183} INFO - Processing /home/airflow/.local/lib/python3.12/site-packages/airflow/example_dags/example_sla_dag.py took 0.078 seconds
[2024-08-02T18:45:42.209+0000] {processor.py:161} INFO - Started process (PID=143) to work on /home/airflow/.local/lib/python3.12/site-packages/airflow/example_dags/example_sla_dag.py
[2024-08-02T18:45:42.210+0000] {processor.py:830} INFO - Processing file /home/airflow/.local/lib/python3.12/site-packages/airflow/example_dags/example_sla_dag.py for tasks to queue
[2024-08-02T18:45:42.211+0000] {logging_mixin.py:188} INFO - [2024-08-02T18:45:42.211+0000] {dagbag.py:545} INFO - Filling up the DagBag from /home/airflow/.local/lib/python3.12/site-packages/airflow/example_dags/example_sla_dag.py
[2024-08-02T18:45:42.217+0000] {processor.py:840} INFO - DAG(s) 'example_sla_dag' retrieved from /home/airflow/.local/lib/python3.12/site-packages/airflow/example_dags/example_sla_dag.py
[2024-08-02T18:45:42.309+0000] {logging_mixin.py:188} INFO - [2024-08-02T18:45:42.309+0000] {dag.py:3089} INFO - Sync 1 DAGs
[2024-08-02T18:45:42.330+0000] {logging_mixin.py:188} INFO - [2024-08-02T18:45:42.330+0000] {dag.py:3947} INFO - Setting next_dagrun for example_sla_dag to 2024-08-02 18:42:00+00:00, run_after=2024-08-02 18:44:00+00:00
[2024-08-02T18:45:42.348+0000] {processor.py:183} INFO - Processing /home/airflow/.local/lib/python3.12/site-packages/airflow/example_dags/example_sla_dag.py took 0.143 seconds
[2024-08-02T18:46:12.372+0000] {processor.py:161} INFO - Started process (PID=203) to work on /home/airflow/.local/lib/python3.12/site-packages/airflow/example_dags/example_sla_dag.py
[2024-08-02T18:46:12.372+0000] {processor.py:830} INFO - Processing file /home/airflow/.local/lib/python3.12/site-packages/airflow/example_dags/example_sla_dag.py for tasks to queue
[2024-08-02T18:46:12.373+0000] {logging_mixin.py:188} INFO - [2024-08-02T18:46:12.373+0000] {dagbag.py:545} INFO - Filling up the DagBag from /home/airflow/.local/lib/python3.12/site-packages/airflow/example_dags/example_sla_dag.py
[2024-08-02T18:46:12.379+0000] {processor.py:840} INFO - DAG(s) 'example_sla_dag' retrieved from /home/airflow/.local/lib/python3.12/site-packages/airflow/example_dags/example_sla_dag.py
[2024-08-02T18:46:12.394+0000] {logging_mixin.py:188} INFO - [2024-08-02T18:46:12.394+0000] {dag.py:3089} INFO - Sync 1 DAGs
[2024-08-02T18:46:12.414+0000] {logging_mixin.py:188} INFO - [2024-08-02T18:46:12.414+0000] {dag.py:3947} INFO - Setting next_dagrun for example_sla_dag to 2024-08-02 18:44:00+00:00, run_after=2024-08-02 18:46:00+00:00
[2024-08-02T18:46:12.432+0000] {processor.py:183} INFO - Processing /home/airflow/.local/lib/python3.12/site-packages/airflow/example_dags/example_sla_dag.py took 0.064 seconds
[2024-08-02T18:46:43.647+0000] {processor.py:161} INFO - Started process (PID=262) to work on /home/airflow/.local/lib/python3.12/site-packages/airflow/example_dags/example_sla_dag.py
[2024-08-02T18:46:43.669+0000] {processor.py:830} INFO - Processing file /home/airflow/.local/lib/python3.12/site-packages/airflow/example_dags/example_sla_dag.py for tasks to queue
[2024-08-02T18:46:43.670+0000] {logging_mixin.py:188} INFO - [2024-08-02T18:46:43.670+0000] {dagbag.py:545} INFO - Filling up the DagBag from /home/airflow/.local/lib/python3.12/site-packages/airflow/example_dags/example_sla_dag.py
[2024-08-02T18:46:43.677+0000] {processor.py:840} INFO - DAG(s) 'example_sla_dag' retrieved from /home/airflow/.local/lib/python3.12/site-packages/airflow/example_dags/example_sla_dag.py
[2024-08-02T18:46:43.695+0000] {logging_mixin.py:188} INFO - [2024-08-02T18:46:43.695+0000] {dag.py:3089} INFO - Sync 1 DAGs
[2024-08-02T18:46:43.715+0000] {logging_mixin.py:188} INFO - [2024-08-02T18:46:43.715+0000] {dag.py:3947} INFO - Setting next_dagrun for example_sla_dag to 2024-08-02 18:44:00+00:00, run_after=2024-08-02 18:46:00+00:00
[2024-08-02T18:46:43.735+0000] {processor.py:183} INFO - Processing /home/airflow/.local/lib/python3.12/site-packages/airflow/example_dags/example_sla_dag.py took 0.093 seconds
[2024-08-02T18:48:43.545+0000] {processor.py:161} INFO - Started process (PID=91) to work on /home/airflow/.local/lib/python3.12/site-packages/airflow/example_dags/example_sla_dag.py
[2024-08-02T18:48:43.549+0000] {processor.py:830} INFO - Processing file /home/airflow/.local/lib/python3.12/site-packages/airflow/example_dags/example_sla_dag.py for tasks to queue
[2024-08-02T18:48:43.550+0000] {logging_mixin.py:188} INFO - [2024-08-02T18:48:43.550+0000] {dagbag.py:545} INFO - Filling up the DagBag from /home/airflow/.local/lib/python3.12/site-packages/airflow/example_dags/example_sla_dag.py
[2024-08-02T18:48:43.560+0000] {processor.py:840} INFO - DAG(s) 'example_sla_dag' retrieved from /home/airflow/.local/lib/python3.12/site-packages/airflow/example_dags/example_sla_dag.py
[2024-08-02T18:48:43.667+0000] {logging_mixin.py:188} INFO - [2024-08-02T18:48:43.667+0000] {dag.py:3089} INFO - Sync 1 DAGs
[2024-08-02T18:48:43.688+0000] {logging_mixin.py:188} INFO - [2024-08-02T18:48:43.688+0000] {dag.py:3947} INFO - Setting next_dagrun for example_sla_dag to 2024-08-02 18:46:00+00:00, run_after=2024-08-02 18:48:00+00:00
[2024-08-02T18:48:43.716+0000] {processor.py:183} INFO - Processing /home/airflow/.local/lib/python3.12/site-packages/airflow/example_dags/example_sla_dag.py took 0.246 seconds
[2024-08-02T18:49:14.122+0000] {processor.py:161} INFO - Started process (PID=151) to work on /home/airflow/.local/lib/python3.12/site-packages/airflow/example_dags/example_sla_dag.py
[2024-08-02T18:49:14.123+0000] {processor.py:830} INFO - Processing file /home/airflow/.local/lib/python3.12/site-packages/airflow/example_dags/example_sla_dag.py for tasks to queue
[2024-08-02T18:49:14.124+0000] {logging_mixin.py:188} INFO - [2024-08-02T18:49:14.124+0000] {dagbag.py:545} INFO - Filling up the DagBag from /home/airflow/.local/lib/python3.12/site-packages/airflow/example_dags/example_sla_dag.py
[2024-08-02T18:49:14.131+0000] {processor.py:840} INFO - DAG(s) 'example_sla_dag' retrieved from /home/airflow/.local/lib/python3.12/site-packages/airflow/example_dags/example_sla_dag.py
[2024-08-02T18:49:14.148+0000] {logging_mixin.py:188} INFO - [2024-08-02T18:49:14.148+0000] {dag.py:3089} INFO - Sync 1 DAGs
[2024-08-02T18:49:14.169+0000] {logging_mixin.py:188} INFO - [2024-08-02T18:49:14.169+0000] {dag.py:3947} INFO - Setting next_dagrun for example_sla_dag to 2024-08-02 18:46:00+00:00, run_after=2024-08-02 18:48:00+00:00
[2024-08-02T18:49:14.185+0000] {processor.py:183} INFO - Processing /home/airflow/.local/lib/python3.12/site-packages/airflow/example_dags/example_sla_dag.py took 0.068 seconds
