[2024-08-02T15:35:52.052+0000] {processor.py:161} INFO - Started process (PID=103) to work on /home/airflow/.local/lib/python3.12/site-packages/airflow/example_dags/example_short_circuit_operator.py
[2024-08-02T15:35:52.052+0000] {processor.py:830} INFO - Processing file /home/airflow/.local/lib/python3.12/site-packages/airflow/example_dags/example_short_circuit_operator.py for tasks to queue
[2024-08-02T15:35:52.054+0000] {logging_mixin.py:188} INFO - [2024-08-02T15:35:52.054+0000] {dagbag.py:545} INFO - Filling up the DagBag from /home/airflow/.local/lib/python3.12/site-packages/airflow/example_dags/example_short_circuit_operator.py
[2024-08-02T15:35:52.061+0000] {processor.py:840} INFO - DAG(s) 'example_short_circuit_operator' retrieved from /home/airflow/.local/lib/python3.12/site-packages/airflow/example_dags/example_short_circuit_operator.py
[2024-08-02T15:35:52.177+0000] {logging_mixin.py:188} INFO - [2024-08-02T15:35:52.177+0000] {dag.py:3089} INFO - Sync 1 DAGs
[2024-08-02T15:35:52.208+0000] {logging_mixin.py:188} INFO - [2024-08-02T15:35:52.208+0000] {dag.py:3947} INFO - Setting next_dagrun for example_short_circuit_operator to 2024-08-01 00:00:00+00:00, run_after=2024-08-02 00:00:00+00:00
[2024-08-02T15:35:52.325+0000] {processor.py:183} INFO - Processing /home/airflow/.local/lib/python3.12/site-packages/airflow/example_dags/example_short_circuit_operator.py took 0.278 seconds
[2024-08-02T18:29:17.523+0000] {processor.py:161} INFO - Started process (PID=92) to work on /home/airflow/.local/lib/python3.12/site-packages/airflow/example_dags/example_short_circuit_operator.py
[2024-08-02T18:29:17.527+0000] {processor.py:830} INFO - Processing file /home/airflow/.local/lib/python3.12/site-packages/airflow/example_dags/example_short_circuit_operator.py for tasks to queue
[2024-08-02T18:29:17.529+0000] {logging_mixin.py:188} INFO - [2024-08-02T18:29:17.529+0000] {dagbag.py:545} INFO - Filling up the DagBag from /home/airflow/.local/lib/python3.12/site-packages/airflow/example_dags/example_short_circuit_operator.py
[2024-08-02T18:29:17.537+0000] {processor.py:840} INFO - DAG(s) 'example_short_circuit_operator' retrieved from /home/airflow/.local/lib/python3.12/site-packages/airflow/example_dags/example_short_circuit_operator.py
[2024-08-02T18:29:17.643+0000] {logging_mixin.py:188} INFO - [2024-08-02T18:29:17.642+0000] {dag.py:3089} INFO - Sync 1 DAGs
[2024-08-02T18:29:17.663+0000] {logging_mixin.py:188} INFO - [2024-08-02T18:29:17.663+0000] {dag.py:3947} INFO - Setting next_dagrun for example_short_circuit_operator to 2024-08-01 00:00:00+00:00, run_after=2024-08-02 00:00:00+00:00
[2024-08-02T18:29:17.686+0000] {processor.py:183} INFO - Processing /home/airflow/.local/lib/python3.12/site-packages/airflow/example_dags/example_short_circuit_operator.py took 0.168 seconds
[2024-08-02T18:29:48.486+0000] {processor.py:161} INFO - Started process (PID=151) to work on /home/airflow/.local/lib/python3.12/site-packages/airflow/example_dags/example_short_circuit_operator.py
[2024-08-02T18:29:48.488+0000] {processor.py:830} INFO - Processing file /home/airflow/.local/lib/python3.12/site-packages/airflow/example_dags/example_short_circuit_operator.py for tasks to queue
[2024-08-02T18:29:48.489+0000] {logging_mixin.py:188} INFO - [2024-08-02T18:29:48.489+0000] {dagbag.py:545} INFO - Filling up the DagBag from /home/airflow/.local/lib/python3.12/site-packages/airflow/example_dags/example_short_circuit_operator.py
[2024-08-02T18:29:48.498+0000] {processor.py:840} INFO - DAG(s) 'example_short_circuit_operator' retrieved from /home/airflow/.local/lib/python3.12/site-packages/airflow/example_dags/example_short_circuit_operator.py
[2024-08-02T18:29:48.536+0000] {logging_mixin.py:188} INFO - [2024-08-02T18:29:48.535+0000] {dag.py:3089} INFO - Sync 1 DAGs
[2024-08-02T18:29:48.575+0000] {logging_mixin.py:188} INFO - [2024-08-02T18:29:48.574+0000] {dag.py:3947} INFO - Setting next_dagrun for example_short_circuit_operator to 2024-08-01 00:00:00+00:00, run_after=2024-08-02 00:00:00+00:00
[2024-08-02T18:29:48.617+0000] {processor.py:183} INFO - Processing /home/airflow/.local/lib/python3.12/site-packages/airflow/example_dags/example_short_circuit_operator.py took 0.147 seconds
[2024-08-02T18:30:19.585+0000] {processor.py:161} INFO - Started process (PID=210) to work on /home/airflow/.local/lib/python3.12/site-packages/airflow/example_dags/example_short_circuit_operator.py
[2024-08-02T18:30:19.586+0000] {processor.py:830} INFO - Processing file /home/airflow/.local/lib/python3.12/site-packages/airflow/example_dags/example_short_circuit_operator.py for tasks to queue
[2024-08-02T18:30:19.588+0000] {logging_mixin.py:188} INFO - [2024-08-02T18:30:19.587+0000] {dagbag.py:545} INFO - Filling up the DagBag from /home/airflow/.local/lib/python3.12/site-packages/airflow/example_dags/example_short_circuit_operator.py
[2024-08-02T18:30:19.596+0000] {processor.py:840} INFO - DAG(s) 'example_short_circuit_operator' retrieved from /home/airflow/.local/lib/python3.12/site-packages/airflow/example_dags/example_short_circuit_operator.py
[2024-08-02T18:30:19.619+0000] {logging_mixin.py:188} INFO - [2024-08-02T18:30:19.619+0000] {dag.py:3089} INFO - Sync 1 DAGs
[2024-08-02T18:30:19.640+0000] {logging_mixin.py:188} INFO - [2024-08-02T18:30:19.640+0000] {dag.py:3947} INFO - Setting next_dagrun for example_short_circuit_operator to 2024-08-01 00:00:00+00:00, run_after=2024-08-02 00:00:00+00:00
[2024-08-02T18:30:19.692+0000] {processor.py:183} INFO - Processing /home/airflow/.local/lib/python3.12/site-packages/airflow/example_dags/example_short_circuit_operator.py took 0.111 seconds
[2024-08-02T18:30:49.940+0000] {processor.py:161} INFO - Started process (PID=269) to work on /home/airflow/.local/lib/python3.12/site-packages/airflow/example_dags/example_short_circuit_operator.py
[2024-08-02T18:30:49.941+0000] {processor.py:830} INFO - Processing file /home/airflow/.local/lib/python3.12/site-packages/airflow/example_dags/example_short_circuit_operator.py for tasks to queue
[2024-08-02T18:30:49.943+0000] {logging_mixin.py:188} INFO - [2024-08-02T18:30:49.942+0000] {dagbag.py:545} INFO - Filling up the DagBag from /home/airflow/.local/lib/python3.12/site-packages/airflow/example_dags/example_short_circuit_operator.py
[2024-08-02T18:30:49.952+0000] {processor.py:840} INFO - DAG(s) 'example_short_circuit_operator' retrieved from /home/airflow/.local/lib/python3.12/site-packages/airflow/example_dags/example_short_circuit_operator.py
[2024-08-02T18:30:49.980+0000] {logging_mixin.py:188} INFO - [2024-08-02T18:30:49.980+0000] {dag.py:3089} INFO - Sync 1 DAGs
[2024-08-02T18:30:50.017+0000] {logging_mixin.py:188} INFO - [2024-08-02T18:30:50.016+0000] {dag.py:3947} INFO - Setting next_dagrun for example_short_circuit_operator to 2024-08-01 00:00:00+00:00, run_after=2024-08-02 00:00:00+00:00
[2024-08-02T18:30:50.043+0000] {processor.py:183} INFO - Processing /home/airflow/.local/lib/python3.12/site-packages/airflow/example_dags/example_short_circuit_operator.py took 0.112 seconds
[2024-08-02T18:31:20.096+0000] {processor.py:161} INFO - Started process (PID=328) to work on /home/airflow/.local/lib/python3.12/site-packages/airflow/example_dags/example_short_circuit_operator.py
[2024-08-02T18:31:20.097+0000] {processor.py:830} INFO - Processing file /home/airflow/.local/lib/python3.12/site-packages/airflow/example_dags/example_short_circuit_operator.py for tasks to queue
[2024-08-02T18:31:20.099+0000] {logging_mixin.py:188} INFO - [2024-08-02T18:31:20.098+0000] {dagbag.py:545} INFO - Filling up the DagBag from /home/airflow/.local/lib/python3.12/site-packages/airflow/example_dags/example_short_circuit_operator.py
[2024-08-02T18:31:20.107+0000] {processor.py:840} INFO - DAG(s) 'example_short_circuit_operator' retrieved from /home/airflow/.local/lib/python3.12/site-packages/airflow/example_dags/example_short_circuit_operator.py
[2024-08-02T18:31:20.131+0000] {logging_mixin.py:188} INFO - [2024-08-02T18:31:20.131+0000] {dag.py:3089} INFO - Sync 1 DAGs
[2024-08-02T18:31:20.153+0000] {logging_mixin.py:188} INFO - [2024-08-02T18:31:20.153+0000] {dag.py:3947} INFO - Setting next_dagrun for example_short_circuit_operator to 2024-08-01 00:00:00+00:00, run_after=2024-08-02 00:00:00+00:00
[2024-08-02T18:31:20.175+0000] {processor.py:183} INFO - Processing /home/airflow/.local/lib/python3.12/site-packages/airflow/example_dags/example_short_circuit_operator.py took 0.086 seconds
[2024-08-02T18:31:50.797+0000] {processor.py:161} INFO - Started process (PID=387) to work on /home/airflow/.local/lib/python3.12/site-packages/airflow/example_dags/example_short_circuit_operator.py
[2024-08-02T18:31:50.798+0000] {processor.py:830} INFO - Processing file /home/airflow/.local/lib/python3.12/site-packages/airflow/example_dags/example_short_circuit_operator.py for tasks to queue
[2024-08-02T18:31:50.800+0000] {logging_mixin.py:188} INFO - [2024-08-02T18:31:50.799+0000] {dagbag.py:545} INFO - Filling up the DagBag from /home/airflow/.local/lib/python3.12/site-packages/airflow/example_dags/example_short_circuit_operator.py
[2024-08-02T18:31:50.805+0000] {processor.py:840} INFO - DAG(s) 'example_short_circuit_operator' retrieved from /home/airflow/.local/lib/python3.12/site-packages/airflow/example_dags/example_short_circuit_operator.py
[2024-08-02T18:31:50.826+0000] {logging_mixin.py:188} INFO - [2024-08-02T18:31:50.826+0000] {dag.py:3089} INFO - Sync 1 DAGs
[2024-08-02T18:31:50.844+0000] {logging_mixin.py:188} INFO - [2024-08-02T18:31:50.844+0000] {dag.py:3947} INFO - Setting next_dagrun for example_short_circuit_operator to 2024-08-01 00:00:00+00:00, run_after=2024-08-02 00:00:00+00:00
[2024-08-02T18:31:50.864+0000] {processor.py:183} INFO - Processing /home/airflow/.local/lib/python3.12/site-packages/airflow/example_dags/example_short_circuit_operator.py took 0.071 seconds
[2024-08-02T18:32:21.509+0000] {processor.py:161} INFO - Started process (PID=446) to work on /home/airflow/.local/lib/python3.12/site-packages/airflow/example_dags/example_short_circuit_operator.py
[2024-08-02T18:32:21.510+0000] {processor.py:830} INFO - Processing file /home/airflow/.local/lib/python3.12/site-packages/airflow/example_dags/example_short_circuit_operator.py for tasks to queue
[2024-08-02T18:32:21.512+0000] {logging_mixin.py:188} INFO - [2024-08-02T18:32:21.511+0000] {dagbag.py:545} INFO - Filling up the DagBag from /home/airflow/.local/lib/python3.12/site-packages/airflow/example_dags/example_short_circuit_operator.py
[2024-08-02T18:32:21.517+0000] {processor.py:840} INFO - DAG(s) 'example_short_circuit_operator' retrieved from /home/airflow/.local/lib/python3.12/site-packages/airflow/example_dags/example_short_circuit_operator.py
[2024-08-02T18:32:21.538+0000] {logging_mixin.py:188} INFO - [2024-08-02T18:32:21.538+0000] {dag.py:3089} INFO - Sync 1 DAGs
[2024-08-02T18:32:21.558+0000] {logging_mixin.py:188} INFO - [2024-08-02T18:32:21.558+0000] {dag.py:3947} INFO - Setting next_dagrun for example_short_circuit_operator to 2024-08-01 00:00:00+00:00, run_after=2024-08-02 00:00:00+00:00
[2024-08-02T18:32:21.580+0000] {processor.py:183} INFO - Processing /home/airflow/.local/lib/python3.12/site-packages/airflow/example_dags/example_short_circuit_operator.py took 0.075 seconds
[2024-08-02T18:32:52.645+0000] {processor.py:161} INFO - Started process (PID=505) to work on /home/airflow/.local/lib/python3.12/site-packages/airflow/example_dags/example_short_circuit_operator.py
[2024-08-02T18:32:52.646+0000] {processor.py:830} INFO - Processing file /home/airflow/.local/lib/python3.12/site-packages/airflow/example_dags/example_short_circuit_operator.py for tasks to queue
[2024-08-02T18:32:52.648+0000] {logging_mixin.py:188} INFO - [2024-08-02T18:32:52.647+0000] {dagbag.py:545} INFO - Filling up the DagBag from /home/airflow/.local/lib/python3.12/site-packages/airflow/example_dags/example_short_circuit_operator.py
[2024-08-02T18:32:52.654+0000] {processor.py:840} INFO - DAG(s) 'example_short_circuit_operator' retrieved from /home/airflow/.local/lib/python3.12/site-packages/airflow/example_dags/example_short_circuit_operator.py
[2024-08-02T18:32:52.675+0000] {logging_mixin.py:188} INFO - [2024-08-02T18:32:52.674+0000] {dag.py:3089} INFO - Sync 1 DAGs
[2024-08-02T18:32:52.695+0000] {logging_mixin.py:188} INFO - [2024-08-02T18:32:52.694+0000] {dag.py:3947} INFO - Setting next_dagrun for example_short_circuit_operator to 2024-08-01 00:00:00+00:00, run_after=2024-08-02 00:00:00+00:00
[2024-08-02T18:32:52.716+0000] {processor.py:183} INFO - Processing /home/airflow/.local/lib/python3.12/site-packages/airflow/example_dags/example_short_circuit_operator.py took 0.075 seconds
[2024-08-02T18:35:15.507+0000] {processor.py:161} INFO - Started process (PID=564) to work on /home/airflow/.local/lib/python3.12/site-packages/airflow/example_dags/example_short_circuit_operator.py
[2024-08-02T18:35:15.508+0000] {processor.py:830} INFO - Processing file /home/airflow/.local/lib/python3.12/site-packages/airflow/example_dags/example_short_circuit_operator.py for tasks to queue
[2024-08-02T18:35:15.509+0000] {logging_mixin.py:188} INFO - [2024-08-02T18:35:15.509+0000] {dagbag.py:545} INFO - Filling up the DagBag from /home/airflow/.local/lib/python3.12/site-packages/airflow/example_dags/example_short_circuit_operator.py
[2024-08-02T18:35:15.518+0000] {processor.py:840} INFO - DAG(s) 'example_short_circuit_operator' retrieved from /home/airflow/.local/lib/python3.12/site-packages/airflow/example_dags/example_short_circuit_operator.py
[2024-08-02T18:35:15.540+0000] {logging_mixin.py:188} INFO - [2024-08-02T18:35:15.540+0000] {dag.py:3089} INFO - Sync 1 DAGs
[2024-08-02T18:35:15.564+0000] {logging_mixin.py:188} INFO - [2024-08-02T18:35:15.564+0000] {dag.py:3947} INFO - Setting next_dagrun for example_short_circuit_operator to 2024-08-01 00:00:00+00:00, run_after=2024-08-02 00:00:00+00:00
[2024-08-02T18:35:15.588+0000] {processor.py:183} INFO - Processing /home/airflow/.local/lib/python3.12/site-packages/airflow/example_dags/example_short_circuit_operator.py took 0.086 seconds
[2024-08-02T18:38:28.423+0000] {processor.py:161} INFO - Started process (PID=660) to work on /home/airflow/.local/lib/python3.12/site-packages/airflow/example_dags/example_short_circuit_operator.py
[2024-08-02T18:38:28.424+0000] {processor.py:830} INFO - Processing file /home/airflow/.local/lib/python3.12/site-packages/airflow/example_dags/example_short_circuit_operator.py for tasks to queue
[2024-08-02T18:38:28.425+0000] {logging_mixin.py:188} INFO - [2024-08-02T18:38:28.424+0000] {dagbag.py:545} INFO - Filling up the DagBag from /home/airflow/.local/lib/python3.12/site-packages/airflow/example_dags/example_short_circuit_operator.py
[2024-08-02T18:38:28.432+0000] {processor.py:840} INFO - DAG(s) 'example_short_circuit_operator' retrieved from /home/airflow/.local/lib/python3.12/site-packages/airflow/example_dags/example_short_circuit_operator.py
[2024-08-02T18:38:28.456+0000] {logging_mixin.py:188} INFO - [2024-08-02T18:38:28.456+0000] {dag.py:3089} INFO - Sync 1 DAGs
[2024-08-02T18:38:28.477+0000] {logging_mixin.py:188} INFO - [2024-08-02T18:38:28.477+0000] {dag.py:3947} INFO - Setting next_dagrun for example_short_circuit_operator to 2024-08-01 00:00:00+00:00, run_after=2024-08-02 00:00:00+00:00
[2024-08-02T18:38:28.497+0000] {processor.py:183} INFO - Processing /home/airflow/.local/lib/python3.12/site-packages/airflow/example_dags/example_short_circuit_operator.py took 0.078 seconds
[2024-08-02T18:39:17.112+0000] {processor.py:161} INFO - Started process (PID=719) to work on /home/airflow/.local/lib/python3.12/site-packages/airflow/example_dags/example_short_circuit_operator.py
[2024-08-02T18:39:17.113+0000] {processor.py:830} INFO - Processing file /home/airflow/.local/lib/python3.12/site-packages/airflow/example_dags/example_short_circuit_operator.py for tasks to queue
[2024-08-02T18:39:17.114+0000] {logging_mixin.py:188} INFO - [2024-08-02T18:39:17.114+0000] {dagbag.py:545} INFO - Filling up the DagBag from /home/airflow/.local/lib/python3.12/site-packages/airflow/example_dags/example_short_circuit_operator.py
[2024-08-02T18:39:17.126+0000] {processor.py:840} INFO - DAG(s) 'example_short_circuit_operator' retrieved from /home/airflow/.local/lib/python3.12/site-packages/airflow/example_dags/example_short_circuit_operator.py
[2024-08-02T18:39:17.159+0000] {logging_mixin.py:188} INFO - [2024-08-02T18:39:17.158+0000] {dag.py:3089} INFO - Sync 1 DAGs
[2024-08-02T18:39:17.191+0000] {logging_mixin.py:188} INFO - [2024-08-02T18:39:17.191+0000] {dag.py:3947} INFO - Setting next_dagrun for example_short_circuit_operator to 2024-08-01 00:00:00+00:00, run_after=2024-08-02 00:00:00+00:00
[2024-08-02T18:39:17.227+0000] {processor.py:183} INFO - Processing /home/airflow/.local/lib/python3.12/site-packages/airflow/example_dags/example_short_circuit_operator.py took 0.121 seconds
[2024-08-02T18:45:10.316+0000] {processor.py:161} INFO - Started process (PID=85) to work on /home/airflow/.local/lib/python3.12/site-packages/airflow/example_dags/example_short_circuit_operator.py
[2024-08-02T18:45:10.318+0000] {processor.py:830} INFO - Processing file /home/airflow/.local/lib/python3.12/site-packages/airflow/example_dags/example_short_circuit_operator.py for tasks to queue
[2024-08-02T18:45:10.319+0000] {logging_mixin.py:188} INFO - [2024-08-02T18:45:10.319+0000] {dagbag.py:545} INFO - Filling up the DagBag from /home/airflow/.local/lib/python3.12/site-packages/airflow/example_dags/example_short_circuit_operator.py
[2024-08-02T18:45:10.326+0000] {processor.py:840} INFO - DAG(s) 'example_short_circuit_operator' retrieved from /home/airflow/.local/lib/python3.12/site-packages/airflow/example_dags/example_short_circuit_operator.py
[2024-08-02T18:45:10.340+0000] {logging_mixin.py:188} INFO - [2024-08-02T18:45:10.340+0000] {dag.py:3089} INFO - Sync 1 DAGs
[2024-08-02T18:45:10.363+0000] {logging_mixin.py:188} INFO - [2024-08-02T18:45:10.363+0000] {dag.py:3947} INFO - Setting next_dagrun for example_short_circuit_operator to 2024-08-01 00:00:00+00:00, run_after=2024-08-02 00:00:00+00:00
[2024-08-02T18:45:10.386+0000] {processor.py:183} INFO - Processing /home/airflow/.local/lib/python3.12/site-packages/airflow/example_dags/example_short_circuit_operator.py took 0.075 seconds
[2024-08-02T18:45:42.257+0000] {processor.py:161} INFO - Started process (PID=144) to work on /home/airflow/.local/lib/python3.12/site-packages/airflow/example_dags/example_short_circuit_operator.py
[2024-08-02T18:45:42.258+0000] {processor.py:830} INFO - Processing file /home/airflow/.local/lib/python3.12/site-packages/airflow/example_dags/example_short_circuit_operator.py for tasks to queue
[2024-08-02T18:45:42.259+0000] {logging_mixin.py:188} INFO - [2024-08-02T18:45:42.259+0000] {dagbag.py:545} INFO - Filling up the DagBag from /home/airflow/.local/lib/python3.12/site-packages/airflow/example_dags/example_short_circuit_operator.py
[2024-08-02T18:45:42.265+0000] {processor.py:840} INFO - DAG(s) 'example_short_circuit_operator' retrieved from /home/airflow/.local/lib/python3.12/site-packages/airflow/example_dags/example_short_circuit_operator.py
[2024-08-02T18:45:42.358+0000] {logging_mixin.py:188} INFO - [2024-08-02T18:45:42.357+0000] {dag.py:3089} INFO - Sync 1 DAGs
[2024-08-02T18:45:42.377+0000] {logging_mixin.py:188} INFO - [2024-08-02T18:45:42.377+0000] {dag.py:3947} INFO - Setting next_dagrun for example_short_circuit_operator to 2024-08-01 00:00:00+00:00, run_after=2024-08-02 00:00:00+00:00
[2024-08-02T18:45:42.398+0000] {processor.py:183} INFO - Processing /home/airflow/.local/lib/python3.12/site-packages/airflow/example_dags/example_short_circuit_operator.py took 0.145 seconds
[2024-08-02T18:46:12.450+0000] {processor.py:161} INFO - Started process (PID=204) to work on /home/airflow/.local/lib/python3.12/site-packages/airflow/example_dags/example_short_circuit_operator.py
[2024-08-02T18:46:12.450+0000] {processor.py:830} INFO - Processing file /home/airflow/.local/lib/python3.12/site-packages/airflow/example_dags/example_short_circuit_operator.py for tasks to queue
[2024-08-02T18:46:12.451+0000] {logging_mixin.py:188} INFO - [2024-08-02T18:46:12.451+0000] {dagbag.py:545} INFO - Filling up the DagBag from /home/airflow/.local/lib/python3.12/site-packages/airflow/example_dags/example_short_circuit_operator.py
[2024-08-02T18:46:12.457+0000] {processor.py:840} INFO - DAG(s) 'example_short_circuit_operator' retrieved from /home/airflow/.local/lib/python3.12/site-packages/airflow/example_dags/example_short_circuit_operator.py
[2024-08-02T18:46:12.477+0000] {logging_mixin.py:188} INFO - [2024-08-02T18:46:12.476+0000] {dag.py:3089} INFO - Sync 1 DAGs
[2024-08-02T18:46:12.495+0000] {logging_mixin.py:188} INFO - [2024-08-02T18:46:12.495+0000] {dag.py:3947} INFO - Setting next_dagrun for example_short_circuit_operator to 2024-08-01 00:00:00+00:00, run_after=2024-08-02 00:00:00+00:00
[2024-08-02T18:46:12.512+0000] {processor.py:183} INFO - Processing /home/airflow/.local/lib/python3.12/site-packages/airflow/example_dags/example_short_circuit_operator.py took 0.066 seconds
[2024-08-02T18:46:43.652+0000] {processor.py:161} INFO - Started process (PID=263) to work on /home/airflow/.local/lib/python3.12/site-packages/airflow/example_dags/example_short_circuit_operator.py
[2024-08-02T18:46:43.669+0000] {processor.py:830} INFO - Processing file /home/airflow/.local/lib/python3.12/site-packages/airflow/example_dags/example_short_circuit_operator.py for tasks to queue
[2024-08-02T18:46:43.671+0000] {logging_mixin.py:188} INFO - [2024-08-02T18:46:43.671+0000] {dagbag.py:545} INFO - Filling up the DagBag from /home/airflow/.local/lib/python3.12/site-packages/airflow/example_dags/example_short_circuit_operator.py
[2024-08-02T18:46:43.677+0000] {processor.py:840} INFO - DAG(s) 'example_short_circuit_operator' retrieved from /home/airflow/.local/lib/python3.12/site-packages/airflow/example_dags/example_short_circuit_operator.py
[2024-08-02T18:46:43.700+0000] {logging_mixin.py:188} INFO - [2024-08-02T18:46:43.699+0000] {dag.py:3089} INFO - Sync 1 DAGs
[2024-08-02T18:46:43.720+0000] {logging_mixin.py:188} INFO - [2024-08-02T18:46:43.719+0000] {dag.py:3947} INFO - Setting next_dagrun for example_short_circuit_operator to 2024-08-01 00:00:00+00:00, run_after=2024-08-02 00:00:00+00:00
[2024-08-02T18:46:43.740+0000] {processor.py:183} INFO - Processing /home/airflow/.local/lib/python3.12/site-packages/airflow/example_dags/example_short_circuit_operator.py took 0.092 seconds
[2024-08-02T18:48:43.599+0000] {processor.py:161} INFO - Started process (PID=92) to work on /home/airflow/.local/lib/python3.12/site-packages/airflow/example_dags/example_short_circuit_operator.py
[2024-08-02T18:48:43.602+0000] {processor.py:830} INFO - Processing file /home/airflow/.local/lib/python3.12/site-packages/airflow/example_dags/example_short_circuit_operator.py for tasks to queue
[2024-08-02T18:48:43.604+0000] {logging_mixin.py:188} INFO - [2024-08-02T18:48:43.604+0000] {dagbag.py:545} INFO - Filling up the DagBag from /home/airflow/.local/lib/python3.12/site-packages/airflow/example_dags/example_short_circuit_operator.py
[2024-08-02T18:48:43.613+0000] {processor.py:840} INFO - DAG(s) 'example_short_circuit_operator' retrieved from /home/airflow/.local/lib/python3.12/site-packages/airflow/example_dags/example_short_circuit_operator.py
[2024-08-02T18:48:43.715+0000] {logging_mixin.py:188} INFO - [2024-08-02T18:48:43.715+0000] {dag.py:3089} INFO - Sync 1 DAGs
[2024-08-02T18:48:43.736+0000] {logging_mixin.py:188} INFO - [2024-08-02T18:48:43.736+0000] {dag.py:3947} INFO - Setting next_dagrun for example_short_circuit_operator to 2024-08-01 00:00:00+00:00, run_after=2024-08-02 00:00:00+00:00
[2024-08-02T18:48:43.757+0000] {processor.py:183} INFO - Processing /home/airflow/.local/lib/python3.12/site-packages/airflow/example_dags/example_short_circuit_operator.py took 0.163 seconds
[2024-08-02T18:49:14.126+0000] {processor.py:161} INFO - Started process (PID=152) to work on /home/airflow/.local/lib/python3.12/site-packages/airflow/example_dags/example_short_circuit_operator.py
[2024-08-02T18:49:14.126+0000] {processor.py:830} INFO - Processing file /home/airflow/.local/lib/python3.12/site-packages/airflow/example_dags/example_short_circuit_operator.py for tasks to queue
[2024-08-02T18:49:14.128+0000] {logging_mixin.py:188} INFO - [2024-08-02T18:49:14.128+0000] {dagbag.py:545} INFO - Filling up the DagBag from /home/airflow/.local/lib/python3.12/site-packages/airflow/example_dags/example_short_circuit_operator.py
[2024-08-02T18:49:14.134+0000] {processor.py:840} INFO - DAG(s) 'example_short_circuit_operator' retrieved from /home/airflow/.local/lib/python3.12/site-packages/airflow/example_dags/example_short_circuit_operator.py
[2024-08-02T18:49:14.152+0000] {logging_mixin.py:188} INFO - [2024-08-02T18:49:14.152+0000] {dag.py:3089} INFO - Sync 1 DAGs
[2024-08-02T18:49:14.171+0000] {logging_mixin.py:188} INFO - [2024-08-02T18:49:14.171+0000] {dag.py:3947} INFO - Setting next_dagrun for example_short_circuit_operator to 2024-08-01 00:00:00+00:00, run_after=2024-08-02 00:00:00+00:00
[2024-08-02T18:49:14.222+0000] {processor.py:183} INFO - Processing /home/airflow/.local/lib/python3.12/site-packages/airflow/example_dags/example_short_circuit_operator.py took 0.100 seconds
