[2024-08-02T15:35:52.814+0000] {processor.py:161} INFO - Started process (PID=109) to work on /home/airflow/.local/lib/python3.12/site-packages/airflow/example_dags/example_branch_labels.py
[2024-08-02T15:35:52.814+0000] {processor.py:830} INFO - Processing file /home/airflow/.local/lib/python3.12/site-packages/airflow/example_dags/example_branch_labels.py for tasks to queue
[2024-08-02T15:35:52.816+0000] {logging_mixin.py:188} INFO - [2024-08-02T15:35:52.816+0000] {dagbag.py:545} INFO - Filling up the DagBag from /home/airflow/.local/lib/python3.12/site-packages/airflow/example_dags/example_branch_labels.py
[2024-08-02T15:35:52.823+0000] {processor.py:840} INFO - DAG(s) 'example_branch_labels' retrieved from /home/airflow/.local/lib/python3.12/site-packages/airflow/example_dags/example_branch_labels.py
[2024-08-02T15:35:52.922+0000] {logging_mixin.py:188} INFO - [2024-08-02T15:35:52.921+0000] {dag.py:3089} INFO - Sync 1 DAGs
[2024-08-02T15:35:52.943+0000] {logging_mixin.py:188} INFO - [2024-08-02T15:35:52.943+0000] {dag.py:3947} INFO - Setting next_dagrun for example_branch_labels to 2024-08-01 00:00:00+00:00, run_after=2024-08-02 00:00:00+00:00
[2024-08-02T15:35:52.962+0000] {processor.py:183} INFO - Processing /home/airflow/.local/lib/python3.12/site-packages/airflow/example_dags/example_branch_labels.py took 0.153 seconds
[2024-08-02T18:29:18.281+0000] {processor.py:161} INFO - Started process (PID=98) to work on /home/airflow/.local/lib/python3.12/site-packages/airflow/example_dags/example_branch_labels.py
[2024-08-02T18:29:18.283+0000] {processor.py:830} INFO - Processing file /home/airflow/.local/lib/python3.12/site-packages/airflow/example_dags/example_branch_labels.py for tasks to queue
[2024-08-02T18:29:18.284+0000] {logging_mixin.py:188} INFO - [2024-08-02T18:29:18.284+0000] {dagbag.py:545} INFO - Filling up the DagBag from /home/airflow/.local/lib/python3.12/site-packages/airflow/example_dags/example_branch_labels.py
[2024-08-02T18:29:18.291+0000] {processor.py:840} INFO - DAG(s) 'example_branch_labels' retrieved from /home/airflow/.local/lib/python3.12/site-packages/airflow/example_dags/example_branch_labels.py
[2024-08-02T18:29:18.388+0000] {logging_mixin.py:188} INFO - [2024-08-02T18:29:18.388+0000] {dag.py:3089} INFO - Sync 1 DAGs
[2024-08-02T18:29:18.410+0000] {logging_mixin.py:188} INFO - [2024-08-02T18:29:18.410+0000] {dag.py:3947} INFO - Setting next_dagrun for example_branch_labels to 2024-08-01 00:00:00+00:00, run_after=2024-08-02 00:00:00+00:00
[2024-08-02T18:29:18.433+0000] {processor.py:183} INFO - Processing /home/airflow/.local/lib/python3.12/site-packages/airflow/example_dags/example_branch_labels.py took 0.157 seconds
[2024-08-02T18:29:49.108+0000] {processor.py:161} INFO - Started process (PID=157) to work on /home/airflow/.local/lib/python3.12/site-packages/airflow/example_dags/example_branch_labels.py
[2024-08-02T18:29:49.110+0000] {processor.py:830} INFO - Processing file /home/airflow/.local/lib/python3.12/site-packages/airflow/example_dags/example_branch_labels.py for tasks to queue
[2024-08-02T18:29:49.121+0000] {logging_mixin.py:188} INFO - [2024-08-02T18:29:49.112+0000] {dagbag.py:545} INFO - Filling up the DagBag from /home/airflow/.local/lib/python3.12/site-packages/airflow/example_dags/example_branch_labels.py
[2024-08-02T18:29:49.145+0000] {processor.py:840} INFO - DAG(s) 'example_branch_labels' retrieved from /home/airflow/.local/lib/python3.12/site-packages/airflow/example_dags/example_branch_labels.py
[2024-08-02T18:29:49.203+0000] {logging_mixin.py:188} INFO - [2024-08-02T18:29:49.203+0000] {dag.py:3089} INFO - Sync 1 DAGs
[2024-08-02T18:29:49.235+0000] {logging_mixin.py:188} INFO - [2024-08-02T18:29:49.234+0000] {dag.py:3947} INFO - Setting next_dagrun for example_branch_labels to 2024-08-01 00:00:00+00:00, run_after=2024-08-02 00:00:00+00:00
[2024-08-02T18:29:49.269+0000] {processor.py:183} INFO - Processing /home/airflow/.local/lib/python3.12/site-packages/airflow/example_dags/example_branch_labels.py took 0.179 seconds
[2024-08-02T18:30:19.935+0000] {processor.py:161} INFO - Started process (PID=216) to work on /home/airflow/.local/lib/python3.12/site-packages/airflow/example_dags/example_branch_labels.py
[2024-08-02T18:30:19.937+0000] {processor.py:830} INFO - Processing file /home/airflow/.local/lib/python3.12/site-packages/airflow/example_dags/example_branch_labels.py for tasks to queue
[2024-08-02T18:30:19.938+0000] {logging_mixin.py:188} INFO - [2024-08-02T18:30:19.938+0000] {dagbag.py:545} INFO - Filling up the DagBag from /home/airflow/.local/lib/python3.12/site-packages/airflow/example_dags/example_branch_labels.py
[2024-08-02T18:30:19.945+0000] {processor.py:840} INFO - DAG(s) 'example_branch_labels' retrieved from /home/airflow/.local/lib/python3.12/site-packages/airflow/example_dags/example_branch_labels.py
[2024-08-02T18:30:19.965+0000] {logging_mixin.py:188} INFO - [2024-08-02T18:30:19.964+0000] {dag.py:3089} INFO - Sync 1 DAGs
[2024-08-02T18:30:19.986+0000] {logging_mixin.py:188} INFO - [2024-08-02T18:30:19.986+0000] {dag.py:3947} INFO - Setting next_dagrun for example_branch_labels to 2024-08-01 00:00:00+00:00, run_after=2024-08-02 00:00:00+00:00
[2024-08-02T18:30:20.005+0000] {processor.py:183} INFO - Processing /home/airflow/.local/lib/python3.12/site-packages/airflow/example_dags/example_branch_labels.py took 0.074 seconds
[2024-08-02T18:30:50.464+0000] {processor.py:161} INFO - Started process (PID=275) to work on /home/airflow/.local/lib/python3.12/site-packages/airflow/example_dags/example_branch_labels.py
[2024-08-02T18:30:50.465+0000] {processor.py:830} INFO - Processing file /home/airflow/.local/lib/python3.12/site-packages/airflow/example_dags/example_branch_labels.py for tasks to queue
[2024-08-02T18:30:50.468+0000] {logging_mixin.py:188} INFO - [2024-08-02T18:30:50.467+0000] {dagbag.py:545} INFO - Filling up the DagBag from /home/airflow/.local/lib/python3.12/site-packages/airflow/example_dags/example_branch_labels.py
[2024-08-02T18:30:50.477+0000] {processor.py:840} INFO - DAG(s) 'example_branch_labels' retrieved from /home/airflow/.local/lib/python3.12/site-packages/airflow/example_dags/example_branch_labels.py
[2024-08-02T18:30:50.505+0000] {logging_mixin.py:188} INFO - [2024-08-02T18:30:50.504+0000] {dag.py:3089} INFO - Sync 1 DAGs
[2024-08-02T18:30:50.528+0000] {logging_mixin.py:188} INFO - [2024-08-02T18:30:50.528+0000] {dag.py:3947} INFO - Setting next_dagrun for example_branch_labels to 2024-08-01 00:00:00+00:00, run_after=2024-08-02 00:00:00+00:00
[2024-08-02T18:30:50.617+0000] {processor.py:183} INFO - Processing /home/airflow/.local/lib/python3.12/site-packages/airflow/example_dags/example_branch_labels.py took 0.159 seconds
[2024-08-02T18:31:21.433+0000] {processor.py:161} INFO - Started process (PID=334) to work on /home/airflow/.local/lib/python3.12/site-packages/airflow/example_dags/example_branch_labels.py
[2024-08-02T18:31:21.434+0000] {processor.py:830} INFO - Processing file /home/airflow/.local/lib/python3.12/site-packages/airflow/example_dags/example_branch_labels.py for tasks to queue
[2024-08-02T18:31:21.436+0000] {logging_mixin.py:188} INFO - [2024-08-02T18:31:21.435+0000] {dagbag.py:545} INFO - Filling up the DagBag from /home/airflow/.local/lib/python3.12/site-packages/airflow/example_dags/example_branch_labels.py
[2024-08-02T18:31:21.442+0000] {processor.py:840} INFO - DAG(s) 'example_branch_labels' retrieved from /home/airflow/.local/lib/python3.12/site-packages/airflow/example_dags/example_branch_labels.py
[2024-08-02T18:31:21.468+0000] {logging_mixin.py:188} INFO - [2024-08-02T18:31:21.468+0000] {dag.py:3089} INFO - Sync 1 DAGs
[2024-08-02T18:31:21.489+0000] {logging_mixin.py:188} INFO - [2024-08-02T18:31:21.489+0000] {dag.py:3947} INFO - Setting next_dagrun for example_branch_labels to 2024-08-01 00:00:00+00:00, run_after=2024-08-02 00:00:00+00:00
[2024-08-02T18:31:21.512+0000] {processor.py:183} INFO - Processing /home/airflow/.local/lib/python3.12/site-packages/airflow/example_dags/example_branch_labels.py took 0.084 seconds
[2024-08-02T18:31:52.136+0000] {processor.py:161} INFO - Started process (PID=393) to work on /home/airflow/.local/lib/python3.12/site-packages/airflow/example_dags/example_branch_labels.py
[2024-08-02T18:31:52.137+0000] {processor.py:830} INFO - Processing file /home/airflow/.local/lib/python3.12/site-packages/airflow/example_dags/example_branch_labels.py for tasks to queue
[2024-08-02T18:31:52.138+0000] {logging_mixin.py:188} INFO - [2024-08-02T18:31:52.138+0000] {dagbag.py:545} INFO - Filling up the DagBag from /home/airflow/.local/lib/python3.12/site-packages/airflow/example_dags/example_branch_labels.py
[2024-08-02T18:31:52.145+0000] {processor.py:840} INFO - DAG(s) 'example_branch_labels' retrieved from /home/airflow/.local/lib/python3.12/site-packages/airflow/example_dags/example_branch_labels.py
[2024-08-02T18:31:52.164+0000] {logging_mixin.py:188} INFO - [2024-08-02T18:31:52.163+0000] {dag.py:3089} INFO - Sync 1 DAGs
[2024-08-02T18:31:52.183+0000] {logging_mixin.py:188} INFO - [2024-08-02T18:31:52.183+0000] {dag.py:3947} INFO - Setting next_dagrun for example_branch_labels to 2024-08-01 00:00:00+00:00, run_after=2024-08-02 00:00:00+00:00
[2024-08-02T18:31:52.202+0000] {processor.py:183} INFO - Processing /home/airflow/.local/lib/python3.12/site-packages/airflow/example_dags/example_branch_labels.py took 0.071 seconds
[2024-08-02T18:32:22.776+0000] {processor.py:161} INFO - Started process (PID=452) to work on /home/airflow/.local/lib/python3.12/site-packages/airflow/example_dags/example_branch_labels.py
[2024-08-02T18:32:22.778+0000] {processor.py:830} INFO - Processing file /home/airflow/.local/lib/python3.12/site-packages/airflow/example_dags/example_branch_labels.py for tasks to queue
[2024-08-02T18:32:22.779+0000] {logging_mixin.py:188} INFO - [2024-08-02T18:32:22.779+0000] {dagbag.py:545} INFO - Filling up the DagBag from /home/airflow/.local/lib/python3.12/site-packages/airflow/example_dags/example_branch_labels.py
[2024-08-02T18:32:22.786+0000] {processor.py:840} INFO - DAG(s) 'example_branch_labels' retrieved from /home/airflow/.local/lib/python3.12/site-packages/airflow/example_dags/example_branch_labels.py
[2024-08-02T18:32:22.808+0000] {logging_mixin.py:188} INFO - [2024-08-02T18:32:22.807+0000] {dag.py:3089} INFO - Sync 1 DAGs
[2024-08-02T18:32:22.828+0000] {logging_mixin.py:188} INFO - [2024-08-02T18:32:22.828+0000] {dag.py:3947} INFO - Setting next_dagrun for example_branch_labels to 2024-08-01 00:00:00+00:00, run_after=2024-08-02 00:00:00+00:00
[2024-08-02T18:32:22.846+0000] {processor.py:183} INFO - Processing /home/airflow/.local/lib/python3.12/site-packages/airflow/example_dags/example_branch_labels.py took 0.074 seconds
[2024-08-02T18:32:52.966+0000] {processor.py:161} INFO - Started process (PID=511) to work on /home/airflow/.local/lib/python3.12/site-packages/airflow/example_dags/example_branch_labels.py
[2024-08-02T18:32:52.967+0000] {processor.py:830} INFO - Processing file /home/airflow/.local/lib/python3.12/site-packages/airflow/example_dags/example_branch_labels.py for tasks to queue
[2024-08-02T18:32:52.968+0000] {logging_mixin.py:188} INFO - [2024-08-02T18:32:52.968+0000] {dagbag.py:545} INFO - Filling up the DagBag from /home/airflow/.local/lib/python3.12/site-packages/airflow/example_dags/example_branch_labels.py
[2024-08-02T18:32:52.975+0000] {processor.py:840} INFO - DAG(s) 'example_branch_labels' retrieved from /home/airflow/.local/lib/python3.12/site-packages/airflow/example_dags/example_branch_labels.py
[2024-08-02T18:32:52.995+0000] {logging_mixin.py:188} INFO - [2024-08-02T18:32:52.994+0000] {dag.py:3089} INFO - Sync 1 DAGs
[2024-08-02T18:32:53.015+0000] {logging_mixin.py:188} INFO - [2024-08-02T18:32:53.014+0000] {dag.py:3947} INFO - Setting next_dagrun for example_branch_labels to 2024-08-01 00:00:00+00:00, run_after=2024-08-02 00:00:00+00:00
[2024-08-02T18:32:53.032+0000] {processor.py:183} INFO - Processing /home/airflow/.local/lib/python3.12/site-packages/airflow/example_dags/example_branch_labels.py took 0.071 seconds
[2024-08-02T18:35:15.798+0000] {processor.py:161} INFO - Started process (PID=570) to work on /home/airflow/.local/lib/python3.12/site-packages/airflow/example_dags/example_branch_labels.py
[2024-08-02T18:35:15.799+0000] {processor.py:830} INFO - Processing file /home/airflow/.local/lib/python3.12/site-packages/airflow/example_dags/example_branch_labels.py for tasks to queue
[2024-08-02T18:35:15.799+0000] {logging_mixin.py:188} INFO - [2024-08-02T18:35:15.799+0000] {dagbag.py:545} INFO - Filling up the DagBag from /home/airflow/.local/lib/python3.12/site-packages/airflow/example_dags/example_branch_labels.py
[2024-08-02T18:35:15.807+0000] {processor.py:840} INFO - DAG(s) 'example_branch_labels' retrieved from /home/airflow/.local/lib/python3.12/site-packages/airflow/example_dags/example_branch_labels.py
[2024-08-02T18:35:15.828+0000] {logging_mixin.py:188} INFO - [2024-08-02T18:35:15.828+0000] {dag.py:3089} INFO - Sync 1 DAGs
[2024-08-02T18:35:15.851+0000] {logging_mixin.py:188} INFO - [2024-08-02T18:35:15.851+0000] {dag.py:3947} INFO - Setting next_dagrun for example_branch_labels to 2024-08-01 00:00:00+00:00, run_after=2024-08-02 00:00:00+00:00
[2024-08-02T18:35:15.871+0000] {processor.py:183} INFO - Processing /home/airflow/.local/lib/python3.12/site-packages/airflow/example_dags/example_branch_labels.py took 0.079 seconds
[2024-08-02T18:38:28.737+0000] {processor.py:161} INFO - Started process (PID=666) to work on /home/airflow/.local/lib/python3.12/site-packages/airflow/example_dags/example_branch_labels.py
[2024-08-02T18:38:28.738+0000] {processor.py:830} INFO - Processing file /home/airflow/.local/lib/python3.12/site-packages/airflow/example_dags/example_branch_labels.py for tasks to queue
[2024-08-02T18:38:28.739+0000] {logging_mixin.py:188} INFO - [2024-08-02T18:38:28.739+0000] {dagbag.py:545} INFO - Filling up the DagBag from /home/airflow/.local/lib/python3.12/site-packages/airflow/example_dags/example_branch_labels.py
[2024-08-02T18:38:28.746+0000] {processor.py:840} INFO - DAG(s) 'example_branch_labels' retrieved from /home/airflow/.local/lib/python3.12/site-packages/airflow/example_dags/example_branch_labels.py
[2024-08-02T18:38:28.768+0000] {logging_mixin.py:188} INFO - [2024-08-02T18:38:28.767+0000] {dag.py:3089} INFO - Sync 1 DAGs
[2024-08-02T18:38:28.790+0000] {logging_mixin.py:188} INFO - [2024-08-02T18:38:28.790+0000] {dag.py:3947} INFO - Setting next_dagrun for example_branch_labels to 2024-08-01 00:00:00+00:00, run_after=2024-08-02 00:00:00+00:00
[2024-08-02T18:38:28.815+0000] {processor.py:183} INFO - Processing /home/airflow/.local/lib/python3.12/site-packages/airflow/example_dags/example_branch_labels.py took 0.083 seconds
[2024-08-02T18:39:17.889+0000] {processor.py:161} INFO - Started process (PID=725) to work on /home/airflow/.local/lib/python3.12/site-packages/airflow/example_dags/example_branch_labels.py
[2024-08-02T18:39:17.892+0000] {processor.py:830} INFO - Processing file /home/airflow/.local/lib/python3.12/site-packages/airflow/example_dags/example_branch_labels.py for tasks to queue
[2024-08-02T18:39:17.894+0000] {logging_mixin.py:188} INFO - [2024-08-02T18:39:17.894+0000] {dagbag.py:545} INFO - Filling up the DagBag from /home/airflow/.local/lib/python3.12/site-packages/airflow/example_dags/example_branch_labels.py
[2024-08-02T18:39:17.921+0000] {processor.py:840} INFO - DAG(s) 'example_branch_labels' retrieved from /home/airflow/.local/lib/python3.12/site-packages/airflow/example_dags/example_branch_labels.py
[2024-08-02T18:39:17.964+0000] {logging_mixin.py:188} INFO - [2024-08-02T18:39:17.963+0000] {dag.py:3089} INFO - Sync 1 DAGs
[2024-08-02T18:39:18.029+0000] {logging_mixin.py:188} INFO - [2024-08-02T18:39:18.028+0000] {dag.py:3947} INFO - Setting next_dagrun for example_branch_labels to 2024-08-01 00:00:00+00:00, run_after=2024-08-02 00:00:00+00:00
[2024-08-02T18:39:18.098+0000] {processor.py:183} INFO - Processing /home/airflow/.local/lib/python3.12/site-packages/airflow/example_dags/example_branch_labels.py took 0.214 seconds
[2024-08-02T18:45:10.569+0000] {processor.py:161} INFO - Started process (PID=91) to work on /home/airflow/.local/lib/python3.12/site-packages/airflow/example_dags/example_branch_labels.py
[2024-08-02T18:45:10.571+0000] {processor.py:830} INFO - Processing file /home/airflow/.local/lib/python3.12/site-packages/airflow/example_dags/example_branch_labels.py for tasks to queue
[2024-08-02T18:45:10.572+0000] {logging_mixin.py:188} INFO - [2024-08-02T18:45:10.572+0000] {dagbag.py:545} INFO - Filling up the DagBag from /home/airflow/.local/lib/python3.12/site-packages/airflow/example_dags/example_branch_labels.py
[2024-08-02T18:45:10.579+0000] {processor.py:840} INFO - DAG(s) 'example_branch_labels' retrieved from /home/airflow/.local/lib/python3.12/site-packages/airflow/example_dags/example_branch_labels.py
[2024-08-02T18:45:10.590+0000] {logging_mixin.py:188} INFO - [2024-08-02T18:45:10.590+0000] {dag.py:3089} INFO - Sync 1 DAGs
[2024-08-02T18:45:10.613+0000] {logging_mixin.py:188} INFO - [2024-08-02T18:45:10.612+0000] {dag.py:3947} INFO - Setting next_dagrun for example_branch_labels to 2024-08-01 00:00:00+00:00, run_after=2024-08-02 00:00:00+00:00
[2024-08-02T18:45:10.633+0000] {processor.py:183} INFO - Processing /home/airflow/.local/lib/python3.12/site-packages/airflow/example_dags/example_branch_labels.py took 0.069 seconds
[2024-08-02T18:45:42.713+0000] {processor.py:161} INFO - Started process (PID=150) to work on /home/airflow/.local/lib/python3.12/site-packages/airflow/example_dags/example_branch_labels.py
[2024-08-02T18:45:42.714+0000] {processor.py:830} INFO - Processing file /home/airflow/.local/lib/python3.12/site-packages/airflow/example_dags/example_branch_labels.py for tasks to queue
[2024-08-02T18:45:42.716+0000] {logging_mixin.py:188} INFO - [2024-08-02T18:45:42.716+0000] {dagbag.py:545} INFO - Filling up the DagBag from /home/airflow/.local/lib/python3.12/site-packages/airflow/example_dags/example_branch_labels.py
[2024-08-02T18:45:42.722+0000] {processor.py:840} INFO - DAG(s) 'example_branch_labels' retrieved from /home/airflow/.local/lib/python3.12/site-packages/airflow/example_dags/example_branch_labels.py
[2024-08-02T18:45:42.814+0000] {logging_mixin.py:188} INFO - [2024-08-02T18:45:42.814+0000] {dag.py:3089} INFO - Sync 1 DAGs
[2024-08-02T18:45:42.834+0000] {logging_mixin.py:188} INFO - [2024-08-02T18:45:42.834+0000] {dag.py:3947} INFO - Setting next_dagrun for example_branch_labels to 2024-08-01 00:00:00+00:00, run_after=2024-08-02 00:00:00+00:00
[2024-08-02T18:45:42.855+0000] {processor.py:183} INFO - Processing /home/airflow/.local/lib/python3.12/site-packages/airflow/example_dags/example_branch_labels.py took 0.146 seconds
[2024-08-02T18:46:13.833+0000] {processor.py:161} INFO - Started process (PID=210) to work on /home/airflow/.local/lib/python3.12/site-packages/airflow/example_dags/example_branch_labels.py
[2024-08-02T18:46:13.834+0000] {processor.py:830} INFO - Processing file /home/airflow/.local/lib/python3.12/site-packages/airflow/example_dags/example_branch_labels.py for tasks to queue
[2024-08-02T18:46:13.835+0000] {logging_mixin.py:188} INFO - [2024-08-02T18:46:13.835+0000] {dagbag.py:545} INFO - Filling up the DagBag from /home/airflow/.local/lib/python3.12/site-packages/airflow/example_dags/example_branch_labels.py
[2024-08-02T18:46:13.843+0000] {processor.py:840} INFO - DAG(s) 'example_branch_labels' retrieved from /home/airflow/.local/lib/python3.12/site-packages/airflow/example_dags/example_branch_labels.py
[2024-08-02T18:46:13.866+0000] {logging_mixin.py:188} INFO - [2024-08-02T18:46:13.866+0000] {dag.py:3089} INFO - Sync 1 DAGs
[2024-08-02T18:46:13.890+0000] {logging_mixin.py:188} INFO - [2024-08-02T18:46:13.890+0000] {dag.py:3947} INFO - Setting next_dagrun for example_branch_labels to 2024-08-01 00:00:00+00:00, run_after=2024-08-02 00:00:00+00:00
[2024-08-02T18:46:13.912+0000] {processor.py:183} INFO - Processing /home/airflow/.local/lib/python3.12/site-packages/airflow/example_dags/example_branch_labels.py took 0.084 seconds
[2024-08-02T18:46:44.279+0000] {processor.py:161} INFO - Started process (PID=270) to work on /home/airflow/.local/lib/python3.12/site-packages/airflow/example_dags/example_branch_labels.py
[2024-08-02T18:46:44.280+0000] {processor.py:830} INFO - Processing file /home/airflow/.local/lib/python3.12/site-packages/airflow/example_dags/example_branch_labels.py for tasks to queue
[2024-08-02T18:46:44.282+0000] {logging_mixin.py:188} INFO - [2024-08-02T18:46:44.281+0000] {dagbag.py:545} INFO - Filling up the DagBag from /home/airflow/.local/lib/python3.12/site-packages/airflow/example_dags/example_branch_labels.py
[2024-08-02T18:46:44.290+0000] {processor.py:840} INFO - DAG(s) 'example_branch_labels' retrieved from /home/airflow/.local/lib/python3.12/site-packages/airflow/example_dags/example_branch_labels.py
[2024-08-02T18:46:44.310+0000] {logging_mixin.py:188} INFO - [2024-08-02T18:46:44.310+0000] {dag.py:3089} INFO - Sync 1 DAGs
[2024-08-02T18:46:44.335+0000] {logging_mixin.py:188} INFO - [2024-08-02T18:46:44.335+0000] {dag.py:3947} INFO - Setting next_dagrun for example_branch_labels to 2024-08-01 00:00:00+00:00, run_after=2024-08-02 00:00:00+00:00
[2024-08-02T18:46:44.357+0000] {processor.py:183} INFO - Processing /home/airflow/.local/lib/python3.12/site-packages/airflow/example_dags/example_branch_labels.py took 0.083 seconds
[2024-08-02T18:48:44.345+0000] {processor.py:161} INFO - Started process (PID=98) to work on /home/airflow/.local/lib/python3.12/site-packages/airflow/example_dags/example_branch_labels.py
[2024-08-02T18:48:44.347+0000] {processor.py:830} INFO - Processing file /home/airflow/.local/lib/python3.12/site-packages/airflow/example_dags/example_branch_labels.py for tasks to queue
[2024-08-02T18:48:44.348+0000] {logging_mixin.py:188} INFO - [2024-08-02T18:48:44.348+0000] {dagbag.py:545} INFO - Filling up the DagBag from /home/airflow/.local/lib/python3.12/site-packages/airflow/example_dags/example_branch_labels.py
[2024-08-02T18:48:44.356+0000] {processor.py:840} INFO - DAG(s) 'example_branch_labels' retrieved from /home/airflow/.local/lib/python3.12/site-packages/airflow/example_dags/example_branch_labels.py
[2024-08-02T18:48:44.465+0000] {logging_mixin.py:188} INFO - [2024-08-02T18:48:44.464+0000] {dag.py:3089} INFO - Sync 1 DAGs
[2024-08-02T18:48:44.487+0000] {logging_mixin.py:188} INFO - [2024-08-02T18:48:44.487+0000] {dag.py:3947} INFO - Setting next_dagrun for example_branch_labels to 2024-08-01 00:00:00+00:00, run_after=2024-08-02 00:00:00+00:00
[2024-08-02T18:48:44.513+0000] {processor.py:183} INFO - Processing /home/airflow/.local/lib/python3.12/site-packages/airflow/example_dags/example_branch_labels.py took 0.172 seconds
[2024-08-02T18:49:15.389+0000] {processor.py:161} INFO - Started process (PID=158) to work on /home/airflow/.local/lib/python3.12/site-packages/airflow/example_dags/example_branch_labels.py
[2024-08-02T18:49:15.390+0000] {processor.py:830} INFO - Processing file /home/airflow/.local/lib/python3.12/site-packages/airflow/example_dags/example_branch_labels.py for tasks to queue
[2024-08-02T18:49:15.391+0000] {logging_mixin.py:188} INFO - [2024-08-02T18:49:15.391+0000] {dagbag.py:545} INFO - Filling up the DagBag from /home/airflow/.local/lib/python3.12/site-packages/airflow/example_dags/example_branch_labels.py
[2024-08-02T18:49:15.398+0000] {processor.py:840} INFO - DAG(s) 'example_branch_labels' retrieved from /home/airflow/.local/lib/python3.12/site-packages/airflow/example_dags/example_branch_labels.py
[2024-08-02T18:49:15.416+0000] {logging_mixin.py:188} INFO - [2024-08-02T18:49:15.416+0000] {dag.py:3089} INFO - Sync 1 DAGs
[2024-08-02T18:49:15.436+0000] {logging_mixin.py:188} INFO - [2024-08-02T18:49:15.436+0000] {dag.py:3947} INFO - Setting next_dagrun for example_branch_labels to 2024-08-01 00:00:00+00:00, run_after=2024-08-02 00:00:00+00:00
[2024-08-02T18:49:15.470+0000] {processor.py:183} INFO - Processing /home/airflow/.local/lib/python3.12/site-packages/airflow/example_dags/example_branch_labels.py took 0.086 seconds
