[2024-08-02T15:35:50.995+0000] {processor.py:161} INFO - Started process (PID=99) to work on /home/airflow/.local/lib/python3.12/site-packages/airflow/example_dags/example_branch_operator.py
[2024-08-02T15:35:50.995+0000] {processor.py:830} INFO - Processing file /home/airflow/.local/lib/python3.12/site-packages/airflow/example_dags/example_branch_operator.py for tasks to queue
[2024-08-02T15:35:50.997+0000] {logging_mixin.py:188} INFO - [2024-08-02T15:35:50.996+0000] {dagbag.py:545} INFO - Filling up the DagBag from /home/airflow/.local/lib/python3.12/site-packages/airflow/example_dags/example_branch_operator.py
[2024-08-02T15:35:51.195+0000] {processor.py:840} INFO - DAG(s) 'example_branch_operator' retrieved from /home/airflow/.local/lib/python3.12/site-packages/airflow/example_dags/example_branch_operator.py
[2024-08-02T15:35:51.344+0000] {logging_mixin.py:188} INFO - [2024-08-02T15:35:51.344+0000] {dag.py:3089} INFO - Sync 1 DAGs
[2024-08-02T15:35:51.369+0000] {logging_mixin.py:188} INFO - [2024-08-02T15:35:51.368+0000] {dag.py:3947} INFO - Setting next_dagrun for example_branch_operator to 2024-08-01 00:00:00+00:00, run_after=2024-08-02 00:00:00+00:00
[2024-08-02T15:35:51.475+0000] {processor.py:183} INFO - Processing /home/airflow/.local/lib/python3.12/site-packages/airflow/example_dags/example_branch_operator.py took 0.492 seconds
[2024-08-02T18:29:17.033+0000] {processor.py:161} INFO - Started process (PID=88) to work on /home/airflow/.local/lib/python3.12/site-packages/airflow/example_dags/example_branch_operator.py
[2024-08-02T18:29:17.034+0000] {processor.py:830} INFO - Processing file /home/airflow/.local/lib/python3.12/site-packages/airflow/example_dags/example_branch_operator.py for tasks to queue
[2024-08-02T18:29:17.035+0000] {logging_mixin.py:188} INFO - [2024-08-02T18:29:17.035+0000] {dagbag.py:545} INFO - Filling up the DagBag from /home/airflow/.local/lib/python3.12/site-packages/airflow/example_dags/example_branch_operator.py
[2024-08-02T18:29:17.055+0000] {processor.py:840} INFO - DAG(s) 'example_branch_operator' retrieved from /home/airflow/.local/lib/python3.12/site-packages/airflow/example_dags/example_branch_operator.py
[2024-08-02T18:29:17.186+0000] {logging_mixin.py:188} INFO - [2024-08-02T18:29:17.186+0000] {dag.py:3089} INFO - Sync 1 DAGs
[2024-08-02T18:29:17.207+0000] {logging_mixin.py:188} INFO - [2024-08-02T18:29:17.207+0000] {dag.py:3947} INFO - Setting next_dagrun for example_branch_operator to 2024-08-01 00:00:00+00:00, run_after=2024-08-02 00:00:00+00:00
[2024-08-02T18:29:17.230+0000] {processor.py:183} INFO - Processing /home/airflow/.local/lib/python3.12/site-packages/airflow/example_dags/example_branch_operator.py took 0.201 seconds
[2024-08-02T18:29:47.996+0000] {processor.py:161} INFO - Started process (PID=147) to work on /home/airflow/.local/lib/python3.12/site-packages/airflow/example_dags/example_branch_operator.py
[2024-08-02T18:29:47.998+0000] {processor.py:830} INFO - Processing file /home/airflow/.local/lib/python3.12/site-packages/airflow/example_dags/example_branch_operator.py for tasks to queue
[2024-08-02T18:29:48.000+0000] {logging_mixin.py:188} INFO - [2024-08-02T18:29:48.000+0000] {dagbag.py:545} INFO - Filling up the DagBag from /home/airflow/.local/lib/python3.12/site-packages/airflow/example_dags/example_branch_operator.py
[2024-08-02T18:29:48.016+0000] {processor.py:840} INFO - DAG(s) 'example_branch_operator' retrieved from /home/airflow/.local/lib/python3.12/site-packages/airflow/example_dags/example_branch_operator.py
[2024-08-02T18:29:48.048+0000] {logging_mixin.py:188} INFO - [2024-08-02T18:29:48.048+0000] {dag.py:3089} INFO - Sync 1 DAGs
[2024-08-02T18:29:48.075+0000] {logging_mixin.py:188} INFO - [2024-08-02T18:29:48.074+0000] {dag.py:3947} INFO - Setting next_dagrun for example_branch_operator to 2024-08-01 00:00:00+00:00, run_after=2024-08-02 00:00:00+00:00
[2024-08-02T18:29:48.103+0000] {processor.py:183} INFO - Processing /home/airflow/.local/lib/python3.12/site-packages/airflow/example_dags/example_branch_operator.py took 0.113 seconds
[2024-08-02T18:30:18.382+0000] {processor.py:161} INFO - Started process (PID=206) to work on /home/airflow/.local/lib/python3.12/site-packages/airflow/example_dags/example_branch_operator.py
[2024-08-02T18:30:18.383+0000] {processor.py:830} INFO - Processing file /home/airflow/.local/lib/python3.12/site-packages/airflow/example_dags/example_branch_operator.py for tasks to queue
[2024-08-02T18:30:18.384+0000] {logging_mixin.py:188} INFO - [2024-08-02T18:30:18.384+0000] {dagbag.py:545} INFO - Filling up the DagBag from /home/airflow/.local/lib/python3.12/site-packages/airflow/example_dags/example_branch_operator.py
[2024-08-02T18:30:18.403+0000] {processor.py:840} INFO - DAG(s) 'example_branch_operator' retrieved from /home/airflow/.local/lib/python3.12/site-packages/airflow/example_dags/example_branch_operator.py
[2024-08-02T18:30:18.432+0000] {logging_mixin.py:188} INFO - [2024-08-02T18:30:18.432+0000] {dag.py:3089} INFO - Sync 1 DAGs
[2024-08-02T18:30:18.453+0000] {logging_mixin.py:188} INFO - [2024-08-02T18:30:18.453+0000] {dag.py:3947} INFO - Setting next_dagrun for example_branch_operator to 2024-08-01 00:00:00+00:00, run_after=2024-08-02 00:00:00+00:00
[2024-08-02T18:30:18.471+0000] {processor.py:183} INFO - Processing /home/airflow/.local/lib/python3.12/site-packages/airflow/example_dags/example_branch_operator.py took 0.095 seconds
[2024-08-02T18:30:49.573+0000] {processor.py:161} INFO - Started process (PID=265) to work on /home/airflow/.local/lib/python3.12/site-packages/airflow/example_dags/example_branch_operator.py
[2024-08-02T18:30:49.574+0000] {processor.py:830} INFO - Processing file /home/airflow/.local/lib/python3.12/site-packages/airflow/example_dags/example_branch_operator.py for tasks to queue
[2024-08-02T18:30:49.577+0000] {logging_mixin.py:188} INFO - [2024-08-02T18:30:49.576+0000] {dagbag.py:545} INFO - Filling up the DagBag from /home/airflow/.local/lib/python3.12/site-packages/airflow/example_dags/example_branch_operator.py
[2024-08-02T18:30:49.596+0000] {processor.py:840} INFO - DAG(s) 'example_branch_operator' retrieved from /home/airflow/.local/lib/python3.12/site-packages/airflow/example_dags/example_branch_operator.py
[2024-08-02T18:30:49.644+0000] {logging_mixin.py:188} INFO - [2024-08-02T18:30:49.643+0000] {dag.py:3089} INFO - Sync 1 DAGs
[2024-08-02T18:30:49.681+0000] {logging_mixin.py:188} INFO - [2024-08-02T18:30:49.681+0000] {dag.py:3947} INFO - Setting next_dagrun for example_branch_operator to 2024-08-01 00:00:00+00:00, run_after=2024-08-02 00:00:00+00:00
[2024-08-02T18:30:49.709+0000] {processor.py:183} INFO - Processing /home/airflow/.local/lib/python3.12/site-packages/airflow/example_dags/example_branch_operator.py took 0.142 seconds
[2024-08-02T18:31:19.881+0000] {processor.py:161} INFO - Started process (PID=324) to work on /home/airflow/.local/lib/python3.12/site-packages/airflow/example_dags/example_branch_operator.py
[2024-08-02T18:31:19.882+0000] {processor.py:830} INFO - Processing file /home/airflow/.local/lib/python3.12/site-packages/airflow/example_dags/example_branch_operator.py for tasks to queue
[2024-08-02T18:31:19.884+0000] {logging_mixin.py:188} INFO - [2024-08-02T18:31:19.883+0000] {dagbag.py:545} INFO - Filling up the DagBag from /home/airflow/.local/lib/python3.12/site-packages/airflow/example_dags/example_branch_operator.py
[2024-08-02T18:31:19.899+0000] {processor.py:840} INFO - DAG(s) 'example_branch_operator' retrieved from /home/airflow/.local/lib/python3.12/site-packages/airflow/example_dags/example_branch_operator.py
[2024-08-02T18:31:19.926+0000] {logging_mixin.py:188} INFO - [2024-08-02T18:31:19.926+0000] {dag.py:3089} INFO - Sync 1 DAGs
[2024-08-02T18:31:19.952+0000] {logging_mixin.py:188} INFO - [2024-08-02T18:31:19.952+0000] {dag.py:3947} INFO - Setting next_dagrun for example_branch_operator to 2024-08-01 00:00:00+00:00, run_after=2024-08-02 00:00:00+00:00
[2024-08-02T18:31:19.973+0000] {processor.py:183} INFO - Processing /home/airflow/.local/lib/python3.12/site-packages/airflow/example_dags/example_branch_operator.py took 0.096 seconds
[2024-08-02T18:31:50.615+0000] {processor.py:161} INFO - Started process (PID=383) to work on /home/airflow/.local/lib/python3.12/site-packages/airflow/example_dags/example_branch_operator.py
[2024-08-02T18:31:50.616+0000] {processor.py:830} INFO - Processing file /home/airflow/.local/lib/python3.12/site-packages/airflow/example_dags/example_branch_operator.py for tasks to queue
[2024-08-02T18:31:50.617+0000] {logging_mixin.py:188} INFO - [2024-08-02T18:31:50.617+0000] {dagbag.py:545} INFO - Filling up the DagBag from /home/airflow/.local/lib/python3.12/site-packages/airflow/example_dags/example_branch_operator.py
[2024-08-02T18:31:50.633+0000] {processor.py:840} INFO - DAG(s) 'example_branch_operator' retrieved from /home/airflow/.local/lib/python3.12/site-packages/airflow/example_dags/example_branch_operator.py
[2024-08-02T18:31:50.660+0000] {logging_mixin.py:188} INFO - [2024-08-02T18:31:50.660+0000] {dag.py:3089} INFO - Sync 1 DAGs
[2024-08-02T18:31:50.681+0000] {logging_mixin.py:188} INFO - [2024-08-02T18:31:50.680+0000] {dag.py:3947} INFO - Setting next_dagrun for example_branch_operator to 2024-08-01 00:00:00+00:00, run_after=2024-08-02 00:00:00+00:00
[2024-08-02T18:31:50.699+0000] {processor.py:183} INFO - Processing /home/airflow/.local/lib/python3.12/site-packages/airflow/example_dags/example_branch_operator.py took 0.089 seconds
[2024-08-02T18:32:21.321+0000] {processor.py:161} INFO - Started process (PID=442) to work on /home/airflow/.local/lib/python3.12/site-packages/airflow/example_dags/example_branch_operator.py
[2024-08-02T18:32:21.322+0000] {processor.py:830} INFO - Processing file /home/airflow/.local/lib/python3.12/site-packages/airflow/example_dags/example_branch_operator.py for tasks to queue
[2024-08-02T18:32:21.324+0000] {logging_mixin.py:188} INFO - [2024-08-02T18:32:21.323+0000] {dagbag.py:545} INFO - Filling up the DagBag from /home/airflow/.local/lib/python3.12/site-packages/airflow/example_dags/example_branch_operator.py
[2024-08-02T18:32:21.338+0000] {processor.py:840} INFO - DAG(s) 'example_branch_operator' retrieved from /home/airflow/.local/lib/python3.12/site-packages/airflow/example_dags/example_branch_operator.py
[2024-08-02T18:32:21.367+0000] {logging_mixin.py:188} INFO - [2024-08-02T18:32:21.367+0000] {dag.py:3089} INFO - Sync 1 DAGs
[2024-08-02T18:32:21.388+0000] {logging_mixin.py:188} INFO - [2024-08-02T18:32:21.387+0000] {dag.py:3947} INFO - Setting next_dagrun for example_branch_operator to 2024-08-01 00:00:00+00:00, run_after=2024-08-02 00:00:00+00:00
[2024-08-02T18:32:21.406+0000] {processor.py:183} INFO - Processing /home/airflow/.local/lib/python3.12/site-packages/airflow/example_dags/example_branch_operator.py took 0.090 seconds
[2024-08-02T18:32:52.441+0000] {processor.py:161} INFO - Started process (PID=501) to work on /home/airflow/.local/lib/python3.12/site-packages/airflow/example_dags/example_branch_operator.py
[2024-08-02T18:32:52.443+0000] {processor.py:830} INFO - Processing file /home/airflow/.local/lib/python3.12/site-packages/airflow/example_dags/example_branch_operator.py for tasks to queue
[2024-08-02T18:32:52.445+0000] {logging_mixin.py:188} INFO - [2024-08-02T18:32:52.444+0000] {dagbag.py:545} INFO - Filling up the DagBag from /home/airflow/.local/lib/python3.12/site-packages/airflow/example_dags/example_branch_operator.py
[2024-08-02T18:32:52.467+0000] {processor.py:840} INFO - DAG(s) 'example_branch_operator' retrieved from /home/airflow/.local/lib/python3.12/site-packages/airflow/example_dags/example_branch_operator.py
[2024-08-02T18:32:52.494+0000] {logging_mixin.py:188} INFO - [2024-08-02T18:32:52.494+0000] {dag.py:3089} INFO - Sync 1 DAGs
[2024-08-02T18:32:52.515+0000] {logging_mixin.py:188} INFO - [2024-08-02T18:32:52.515+0000] {dag.py:3947} INFO - Setting next_dagrun for example_branch_operator to 2024-08-01 00:00:00+00:00, run_after=2024-08-02 00:00:00+00:00
[2024-08-02T18:32:52.536+0000] {processor.py:183} INFO - Processing /home/airflow/.local/lib/python3.12/site-packages/airflow/example_dags/example_branch_operator.py took 0.099 seconds
[2024-08-02T18:35:15.231+0000] {processor.py:161} INFO - Started process (PID=560) to work on /home/airflow/.local/lib/python3.12/site-packages/airflow/example_dags/example_branch_operator.py
[2024-08-02T18:35:15.232+0000] {processor.py:830} INFO - Processing file /home/airflow/.local/lib/python3.12/site-packages/airflow/example_dags/example_branch_operator.py for tasks to queue
[2024-08-02T18:35:15.233+0000] {logging_mixin.py:188} INFO - [2024-08-02T18:35:15.233+0000] {dagbag.py:545} INFO - Filling up the DagBag from /home/airflow/.local/lib/python3.12/site-packages/airflow/example_dags/example_branch_operator.py
[2024-08-02T18:35:15.249+0000] {processor.py:840} INFO - DAG(s) 'example_branch_operator' retrieved from /home/airflow/.local/lib/python3.12/site-packages/airflow/example_dags/example_branch_operator.py
[2024-08-02T18:35:15.280+0000] {logging_mixin.py:188} INFO - [2024-08-02T18:35:15.280+0000] {dag.py:3089} INFO - Sync 1 DAGs
[2024-08-02T18:35:15.303+0000] {logging_mixin.py:188} INFO - [2024-08-02T18:35:15.303+0000] {dag.py:3947} INFO - Setting next_dagrun for example_branch_operator to 2024-08-01 00:00:00+00:00, run_after=2024-08-02 00:00:00+00:00
[2024-08-02T18:35:15.379+0000] {processor.py:183} INFO - Processing /home/airflow/.local/lib/python3.12/site-packages/airflow/example_dags/example_branch_operator.py took 0.153 seconds
[2024-08-02T18:38:21.094+0000] {processor.py:161} INFO - Started process (PID=619) to work on /home/airflow/.local/lib/python3.12/site-packages/airflow/example_dags/example_branch_operator.py
[2024-08-02T18:38:21.096+0000] {processor.py:830} INFO - Processing file /home/airflow/.local/lib/python3.12/site-packages/airflow/example_dags/example_branch_operator.py for tasks to queue
[2024-08-02T18:38:21.097+0000] {logging_mixin.py:188} INFO - [2024-08-02T18:38:21.097+0000] {dagbag.py:545} INFO - Filling up the DagBag from /home/airflow/.local/lib/python3.12/site-packages/airflow/example_dags/example_branch_operator.py
[2024-08-02T18:38:21.138+0000] {processor.py:840} INFO - DAG(s) 'example_branch_operator' retrieved from /home/airflow/.local/lib/python3.12/site-packages/airflow/example_dags/example_branch_operator.py
[2024-08-02T18:38:21.861+0000] {logging_mixin.py:188} INFO - [2024-08-02T18:38:21.846+0000] {dag.py:3089} INFO - Sync 1 DAGs
[2024-08-02T18:38:21.897+0000] {logging_mixin.py:188} INFO - [2024-08-02T18:38:21.897+0000] {dag.py:3947} INFO - Setting next_dagrun for example_branch_operator to 2024-08-01 00:00:00+00:00, run_after=2024-08-02 00:00:00+00:00
[2024-08-02T18:38:21.988+0000] {processor.py:183} INFO - Processing /home/airflow/.local/lib/python3.12/site-packages/airflow/example_dags/example_branch_operator.py took 0.900 seconds
[2024-08-02T18:39:16.865+0000] {processor.py:161} INFO - Started process (PID=715) to work on /home/airflow/.local/lib/python3.12/site-packages/airflow/example_dags/example_branch_operator.py
[2024-08-02T18:39:16.866+0000] {processor.py:830} INFO - Processing file /home/airflow/.local/lib/python3.12/site-packages/airflow/example_dags/example_branch_operator.py for tasks to queue
[2024-08-02T18:39:16.867+0000] {logging_mixin.py:188} INFO - [2024-08-02T18:39:16.867+0000] {dagbag.py:545} INFO - Filling up the DagBag from /home/airflow/.local/lib/python3.12/site-packages/airflow/example_dags/example_branch_operator.py
[2024-08-02T18:39:16.883+0000] {processor.py:840} INFO - DAG(s) 'example_branch_operator' retrieved from /home/airflow/.local/lib/python3.12/site-packages/airflow/example_dags/example_branch_operator.py
[2024-08-02T18:39:16.913+0000] {logging_mixin.py:188} INFO - [2024-08-02T18:39:16.913+0000] {dag.py:3089} INFO - Sync 1 DAGs
[2024-08-02T18:39:16.934+0000] {logging_mixin.py:188} INFO - [2024-08-02T18:39:16.934+0000] {dag.py:3947} INFO - Setting next_dagrun for example_branch_operator to 2024-08-01 00:00:00+00:00, run_after=2024-08-02 00:00:00+00:00
[2024-08-02T18:39:16.956+0000] {processor.py:183} INFO - Processing /home/airflow/.local/lib/python3.12/site-packages/airflow/example_dags/example_branch_operator.py took 0.095 seconds
[2024-08-02T18:45:10.122+0000] {processor.py:161} INFO - Started process (PID=81) to work on /home/airflow/.local/lib/python3.12/site-packages/airflow/example_dags/example_branch_operator.py
[2024-08-02T18:45:10.123+0000] {processor.py:830} INFO - Processing file /home/airflow/.local/lib/python3.12/site-packages/airflow/example_dags/example_branch_operator.py for tasks to queue
[2024-08-02T18:45:10.124+0000] {logging_mixin.py:188} INFO - [2024-08-02T18:45:10.124+0000] {dagbag.py:545} INFO - Filling up the DagBag from /home/airflow/.local/lib/python3.12/site-packages/airflow/example_dags/example_branch_operator.py
[2024-08-02T18:45:10.138+0000] {processor.py:840} INFO - DAG(s) 'example_branch_operator' retrieved from /home/airflow/.local/lib/python3.12/site-packages/airflow/example_dags/example_branch_operator.py
[2024-08-02T18:45:10.149+0000] {logging_mixin.py:188} INFO - [2024-08-02T18:45:10.148+0000] {dag.py:3089} INFO - Sync 1 DAGs
[2024-08-02T18:45:10.175+0000] {logging_mixin.py:188} INFO - [2024-08-02T18:45:10.175+0000] {dag.py:3947} INFO - Setting next_dagrun for example_branch_operator to 2024-08-01 00:00:00+00:00, run_after=2024-08-02 00:00:00+00:00
[2024-08-02T18:45:10.215+0000] {processor.py:183} INFO - Processing /home/airflow/.local/lib/python3.12/site-packages/airflow/example_dags/example_branch_operator.py took 0.098 seconds
[2024-08-02T18:45:41.922+0000] {processor.py:161} INFO - Started process (PID=140) to work on /home/airflow/.local/lib/python3.12/site-packages/airflow/example_dags/example_branch_operator.py
[2024-08-02T18:45:41.923+0000] {processor.py:830} INFO - Processing file /home/airflow/.local/lib/python3.12/site-packages/airflow/example_dags/example_branch_operator.py for tasks to queue
[2024-08-02T18:45:41.925+0000] {logging_mixin.py:188} INFO - [2024-08-02T18:45:41.924+0000] {dagbag.py:545} INFO - Filling up the DagBag from /home/airflow/.local/lib/python3.12/site-packages/airflow/example_dags/example_branch_operator.py
[2024-08-02T18:45:41.938+0000] {processor.py:840} INFO - DAG(s) 'example_branch_operator' retrieved from /home/airflow/.local/lib/python3.12/site-packages/airflow/example_dags/example_branch_operator.py
[2024-08-02T18:45:42.042+0000] {logging_mixin.py:188} INFO - [2024-08-02T18:45:42.041+0000] {dag.py:3089} INFO - Sync 1 DAGs
[2024-08-02T18:45:42.061+0000] {logging_mixin.py:188} INFO - [2024-08-02T18:45:42.060+0000] {dag.py:3947} INFO - Setting next_dagrun for example_branch_operator to 2024-08-01 00:00:00+00:00, run_after=2024-08-02 00:00:00+00:00
[2024-08-02T18:45:42.081+0000] {processor.py:183} INFO - Processing /home/airflow/.local/lib/python3.12/site-packages/airflow/example_dags/example_branch_operator.py took 0.163 seconds
[2024-08-02T18:46:12.133+0000] {processor.py:161} INFO - Started process (PID=200) to work on /home/airflow/.local/lib/python3.12/site-packages/airflow/example_dags/example_branch_operator.py
[2024-08-02T18:46:12.134+0000] {processor.py:830} INFO - Processing file /home/airflow/.local/lib/python3.12/site-packages/airflow/example_dags/example_branch_operator.py for tasks to queue
[2024-08-02T18:46:12.135+0000] {logging_mixin.py:188} INFO - [2024-08-02T18:46:12.135+0000] {dagbag.py:545} INFO - Filling up the DagBag from /home/airflow/.local/lib/python3.12/site-packages/airflow/example_dags/example_branch_operator.py
[2024-08-02T18:46:12.148+0000] {processor.py:840} INFO - DAG(s) 'example_branch_operator' retrieved from /home/airflow/.local/lib/python3.12/site-packages/airflow/example_dags/example_branch_operator.py
[2024-08-02T18:46:12.174+0000] {logging_mixin.py:188} INFO - [2024-08-02T18:46:12.174+0000] {dag.py:3089} INFO - Sync 1 DAGs
[2024-08-02T18:46:12.193+0000] {logging_mixin.py:188} INFO - [2024-08-02T18:46:12.193+0000] {dag.py:3947} INFO - Setting next_dagrun for example_branch_operator to 2024-08-01 00:00:00+00:00, run_after=2024-08-02 00:00:00+00:00
[2024-08-02T18:46:12.210+0000] {processor.py:183} INFO - Processing /home/airflow/.local/lib/python3.12/site-packages/airflow/example_dags/example_branch_operator.py took 0.081 seconds
[2024-08-02T18:46:43.431+0000] {processor.py:161} INFO - Started process (PID=259) to work on /home/airflow/.local/lib/python3.12/site-packages/airflow/example_dags/example_branch_operator.py
[2024-08-02T18:46:43.433+0000] {processor.py:830} INFO - Processing file /home/airflow/.local/lib/python3.12/site-packages/airflow/example_dags/example_branch_operator.py for tasks to queue
[2024-08-02T18:46:43.434+0000] {logging_mixin.py:188} INFO - [2024-08-02T18:46:43.434+0000] {dagbag.py:545} INFO - Filling up the DagBag from /home/airflow/.local/lib/python3.12/site-packages/airflow/example_dags/example_branch_operator.py
[2024-08-02T18:46:43.450+0000] {processor.py:840} INFO - DAG(s) 'example_branch_operator' retrieved from /home/airflow/.local/lib/python3.12/site-packages/airflow/example_dags/example_branch_operator.py
[2024-08-02T18:46:43.485+0000] {logging_mixin.py:188} INFO - [2024-08-02T18:46:43.485+0000] {dag.py:3089} INFO - Sync 1 DAGs
[2024-08-02T18:46:43.512+0000] {logging_mixin.py:188} INFO - [2024-08-02T18:46:43.512+0000] {dag.py:3947} INFO - Setting next_dagrun for example_branch_operator to 2024-08-01 00:00:00+00:00, run_after=2024-08-02 00:00:00+00:00
[2024-08-02T18:46:43.535+0000] {processor.py:183} INFO - Processing /home/airflow/.local/lib/python3.12/site-packages/airflow/example_dags/example_branch_operator.py took 0.109 seconds
[2024-08-02T18:48:43.119+0000] {processor.py:161} INFO - Started process (PID=88) to work on /home/airflow/.local/lib/python3.12/site-packages/airflow/example_dags/example_branch_operator.py
[2024-08-02T18:48:43.120+0000] {processor.py:830} INFO - Processing file /home/airflow/.local/lib/python3.12/site-packages/airflow/example_dags/example_branch_operator.py for tasks to queue
[2024-08-02T18:48:43.121+0000] {logging_mixin.py:188} INFO - [2024-08-02T18:48:43.121+0000] {dagbag.py:545} INFO - Filling up the DagBag from /home/airflow/.local/lib/python3.12/site-packages/airflow/example_dags/example_branch_operator.py
[2024-08-02T18:48:43.138+0000] {processor.py:840} INFO - DAG(s) 'example_branch_operator' retrieved from /home/airflow/.local/lib/python3.12/site-packages/airflow/example_dags/example_branch_operator.py
[2024-08-02T18:48:43.242+0000] {logging_mixin.py:188} INFO - [2024-08-02T18:48:43.242+0000] {dag.py:3089} INFO - Sync 1 DAGs
[2024-08-02T18:48:43.261+0000] {logging_mixin.py:188} INFO - [2024-08-02T18:48:43.261+0000] {dag.py:3947} INFO - Setting next_dagrun for example_branch_operator to 2024-08-01 00:00:00+00:00, run_after=2024-08-02 00:00:00+00:00
[2024-08-02T18:48:43.283+0000] {processor.py:183} INFO - Processing /home/airflow/.local/lib/python3.12/site-packages/airflow/example_dags/example_branch_operator.py took 0.169 seconds
[2024-08-02T18:49:13.926+0000] {processor.py:161} INFO - Started process (PID=148) to work on /home/airflow/.local/lib/python3.12/site-packages/airflow/example_dags/example_branch_operator.py
[2024-08-02T18:49:13.927+0000] {processor.py:830} INFO - Processing file /home/airflow/.local/lib/python3.12/site-packages/airflow/example_dags/example_branch_operator.py for tasks to queue
[2024-08-02T18:49:13.928+0000] {logging_mixin.py:188} INFO - [2024-08-02T18:49:13.928+0000] {dagbag.py:545} INFO - Filling up the DagBag from /home/airflow/.local/lib/python3.12/site-packages/airflow/example_dags/example_branch_operator.py
[2024-08-02T18:49:13.943+0000] {processor.py:840} INFO - DAG(s) 'example_branch_operator' retrieved from /home/airflow/.local/lib/python3.12/site-packages/airflow/example_dags/example_branch_operator.py
[2024-08-02T18:49:13.968+0000] {logging_mixin.py:188} INFO - [2024-08-02T18:49:13.968+0000] {dag.py:3089} INFO - Sync 1 DAGs
[2024-08-02T18:49:13.988+0000] {logging_mixin.py:188} INFO - [2024-08-02T18:49:13.987+0000] {dag.py:3947} INFO - Setting next_dagrun for example_branch_operator to 2024-08-01 00:00:00+00:00, run_after=2024-08-02 00:00:00+00:00
[2024-08-02T18:49:14.038+0000] {processor.py:183} INFO - Processing /home/airflow/.local/lib/python3.12/site-packages/airflow/example_dags/example_branch_operator.py took 0.116 seconds
