[2024-08-02T15:35:38.608+0000] {processor.py:161} INFO - Started process (PID=80) to work on /home/airflow/.local/lib/python3.12/site-packages/airflow/example_dags/example_task_group.py
[2024-08-02T15:35:38.611+0000] {processor.py:830} INFO - Processing file /home/airflow/.local/lib/python3.12/site-packages/airflow/example_dags/example_task_group.py for tasks to queue
[2024-08-02T15:35:38.617+0000] {logging_mixin.py:188} INFO - [2024-08-02T15:35:38.617+0000] {dagbag.py:545} INFO - Filling up the DagBag from /home/airflow/.local/lib/python3.12/site-packages/airflow/example_dags/example_task_group.py
[2024-08-02T15:35:38.658+0000] {processor.py:840} INFO - DAG(s) 'example_task_group' retrieved from /home/airflow/.local/lib/python3.12/site-packages/airflow/example_dags/example_task_group.py
[2024-08-02T15:35:38.964+0000] {logging_mixin.py:188} INFO - [2024-08-02T15:35:38.964+0000] {dag.py:3089} INFO - Sync 1 DAGs
[2024-08-02T15:35:39.043+0000] {logging_mixin.py:188} INFO - [2024-08-02T15:35:39.042+0000] {dag.py:3947} INFO - Setting next_dagrun for example_task_group to 2024-08-01 00:00:00+00:00, run_after=2024-08-02 00:00:00+00:00
[2024-08-02T15:35:39.478+0000] {processor.py:183} INFO - Processing /home/airflow/.local/lib/python3.12/site-packages/airflow/example_dags/example_task_group.py took 0.881 seconds
[2024-08-02T15:36:09.919+0000] {processor.py:161} INFO - Started process (PID=139) to work on /home/airflow/.local/lib/python3.12/site-packages/airflow/example_dags/example_task_group.py
[2024-08-02T15:36:09.920+0000] {processor.py:830} INFO - Processing file /home/airflow/.local/lib/python3.12/site-packages/airflow/example_dags/example_task_group.py for tasks to queue
[2024-08-02T15:36:09.922+0000] {logging_mixin.py:188} INFO - [2024-08-02T15:36:09.922+0000] {dagbag.py:545} INFO - Filling up the DagBag from /home/airflow/.local/lib/python3.12/site-packages/airflow/example_dags/example_task_group.py
[2024-08-02T15:36:09.933+0000] {processor.py:840} INFO - DAG(s) 'example_task_group' retrieved from /home/airflow/.local/lib/python3.12/site-packages/airflow/example_dags/example_task_group.py
[2024-08-02T15:36:09.960+0000] {logging_mixin.py:188} INFO - [2024-08-02T15:36:09.960+0000] {dag.py:3089} INFO - Sync 1 DAGs
[2024-08-02T15:36:09.992+0000] {logging_mixin.py:188} INFO - [2024-08-02T15:36:09.992+0000] {dag.py:3947} INFO - Setting next_dagrun for example_task_group to 2024-08-01 00:00:00+00:00, run_after=2024-08-02 00:00:00+00:00
[2024-08-02T15:36:10.021+0000] {processor.py:183} INFO - Processing /home/airflow/.local/lib/python3.12/site-packages/airflow/example_dags/example_task_group.py took 0.116 seconds
[2024-08-02T18:29:13.392+0000] {processor.py:161} INFO - Started process (PID=69) to work on /home/airflow/.local/lib/python3.12/site-packages/airflow/example_dags/example_task_group.py
[2024-08-02T18:29:13.393+0000] {processor.py:830} INFO - Processing file /home/airflow/.local/lib/python3.12/site-packages/airflow/example_dags/example_task_group.py for tasks to queue
[2024-08-02T18:29:13.395+0000] {logging_mixin.py:188} INFO - [2024-08-02T18:29:13.395+0000] {dagbag.py:545} INFO - Filling up the DagBag from /home/airflow/.local/lib/python3.12/site-packages/airflow/example_dags/example_task_group.py
[2024-08-02T18:29:13.404+0000] {processor.py:840} INFO - DAG(s) 'example_task_group' retrieved from /home/airflow/.local/lib/python3.12/site-packages/airflow/example_dags/example_task_group.py
[2024-08-02T18:29:13.534+0000] {logging_mixin.py:188} INFO - [2024-08-02T18:29:13.534+0000] {dag.py:3089} INFO - Sync 1 DAGs
[2024-08-02T18:29:13.584+0000] {logging_mixin.py:188} INFO - [2024-08-02T18:29:13.584+0000] {dag.py:3947} INFO - Setting next_dagrun for example_task_group to 2024-08-01 00:00:00+00:00, run_after=2024-08-02 00:00:00+00:00
[2024-08-02T18:29:13.657+0000] {processor.py:183} INFO - Processing /home/airflow/.local/lib/python3.12/site-packages/airflow/example_dags/example_task_group.py took 0.271 seconds
[2024-08-02T18:29:44.291+0000] {processor.py:161} INFO - Started process (PID=128) to work on /home/airflow/.local/lib/python3.12/site-packages/airflow/example_dags/example_task_group.py
[2024-08-02T18:29:44.292+0000] {processor.py:830} INFO - Processing file /home/airflow/.local/lib/python3.12/site-packages/airflow/example_dags/example_task_group.py for tasks to queue
[2024-08-02T18:29:44.293+0000] {logging_mixin.py:188} INFO - [2024-08-02T18:29:44.293+0000] {dagbag.py:545} INFO - Filling up the DagBag from /home/airflow/.local/lib/python3.12/site-packages/airflow/example_dags/example_task_group.py
[2024-08-02T18:29:44.300+0000] {processor.py:840} INFO - DAG(s) 'example_task_group' retrieved from /home/airflow/.local/lib/python3.12/site-packages/airflow/example_dags/example_task_group.py
[2024-08-02T18:29:44.320+0000] {logging_mixin.py:188} INFO - [2024-08-02T18:29:44.320+0000] {dag.py:3089} INFO - Sync 1 DAGs
[2024-08-02T18:29:44.341+0000] {logging_mixin.py:188} INFO - [2024-08-02T18:29:44.340+0000] {dag.py:3947} INFO - Setting next_dagrun for example_task_group to 2024-08-01 00:00:00+00:00, run_after=2024-08-02 00:00:00+00:00
[2024-08-02T18:29:44.360+0000] {processor.py:183} INFO - Processing /home/airflow/.local/lib/python3.12/site-packages/airflow/example_dags/example_task_group.py took 0.074 seconds
[2024-08-02T18:30:15.136+0000] {processor.py:161} INFO - Started process (PID=187) to work on /home/airflow/.local/lib/python3.12/site-packages/airflow/example_dags/example_task_group.py
[2024-08-02T18:30:15.137+0000] {processor.py:830} INFO - Processing file /home/airflow/.local/lib/python3.12/site-packages/airflow/example_dags/example_task_group.py for tasks to queue
[2024-08-02T18:30:15.139+0000] {logging_mixin.py:188} INFO - [2024-08-02T18:30:15.138+0000] {dagbag.py:545} INFO - Filling up the DagBag from /home/airflow/.local/lib/python3.12/site-packages/airflow/example_dags/example_task_group.py
[2024-08-02T18:30:15.146+0000] {processor.py:840} INFO - DAG(s) 'example_task_group' retrieved from /home/airflow/.local/lib/python3.12/site-packages/airflow/example_dags/example_task_group.py
[2024-08-02T18:30:15.167+0000] {logging_mixin.py:188} INFO - [2024-08-02T18:30:15.167+0000] {dag.py:3089} INFO - Sync 1 DAGs
[2024-08-02T18:30:15.187+0000] {logging_mixin.py:188} INFO - [2024-08-02T18:30:15.187+0000] {dag.py:3947} INFO - Setting next_dagrun for example_task_group to 2024-08-01 00:00:00+00:00, run_after=2024-08-02 00:00:00+00:00
[2024-08-02T18:30:15.208+0000] {processor.py:183} INFO - Processing /home/airflow/.local/lib/python3.12/site-packages/airflow/example_dags/example_task_group.py took 0.076 seconds
[2024-08-02T18:30:45.834+0000] {processor.py:161} INFO - Started process (PID=246) to work on /home/airflow/.local/lib/python3.12/site-packages/airflow/example_dags/example_task_group.py
[2024-08-02T18:30:45.835+0000] {processor.py:830} INFO - Processing file /home/airflow/.local/lib/python3.12/site-packages/airflow/example_dags/example_task_group.py for tasks to queue
[2024-08-02T18:30:45.837+0000] {logging_mixin.py:188} INFO - [2024-08-02T18:30:45.836+0000] {dagbag.py:545} INFO - Filling up the DagBag from /home/airflow/.local/lib/python3.12/site-packages/airflow/example_dags/example_task_group.py
[2024-08-02T18:30:45.843+0000] {processor.py:840} INFO - DAG(s) 'example_task_group' retrieved from /home/airflow/.local/lib/python3.12/site-packages/airflow/example_dags/example_task_group.py
[2024-08-02T18:30:45.863+0000] {logging_mixin.py:188} INFO - [2024-08-02T18:30:45.863+0000] {dag.py:3089} INFO - Sync 1 DAGs
[2024-08-02T18:30:45.884+0000] {logging_mixin.py:188} INFO - [2024-08-02T18:30:45.884+0000] {dag.py:3947} INFO - Setting next_dagrun for example_task_group to 2024-08-01 00:00:00+00:00, run_after=2024-08-02 00:00:00+00:00
[2024-08-02T18:30:45.906+0000] {processor.py:183} INFO - Processing /home/airflow/.local/lib/python3.12/site-packages/airflow/example_dags/example_task_group.py took 0.077 seconds
[2024-08-02T18:31:16.762+0000] {processor.py:161} INFO - Started process (PID=305) to work on /home/airflow/.local/lib/python3.12/site-packages/airflow/example_dags/example_task_group.py
[2024-08-02T18:31:16.763+0000] {processor.py:830} INFO - Processing file /home/airflow/.local/lib/python3.12/site-packages/airflow/example_dags/example_task_group.py for tasks to queue
[2024-08-02T18:31:16.765+0000] {logging_mixin.py:188} INFO - [2024-08-02T18:31:16.764+0000] {dagbag.py:545} INFO - Filling up the DagBag from /home/airflow/.local/lib/python3.12/site-packages/airflow/example_dags/example_task_group.py
[2024-08-02T18:31:16.771+0000] {processor.py:840} INFO - DAG(s) 'example_task_group' retrieved from /home/airflow/.local/lib/python3.12/site-packages/airflow/example_dags/example_task_group.py
[2024-08-02T18:31:16.790+0000] {logging_mixin.py:188} INFO - [2024-08-02T18:31:16.790+0000] {dag.py:3089} INFO - Sync 1 DAGs
[2024-08-02T18:31:16.809+0000] {logging_mixin.py:188} INFO - [2024-08-02T18:31:16.809+0000] {dag.py:3947} INFO - Setting next_dagrun for example_task_group to 2024-08-01 00:00:00+00:00, run_after=2024-08-02 00:00:00+00:00
[2024-08-02T18:31:16.828+0000] {processor.py:183} INFO - Processing /home/airflow/.local/lib/python3.12/site-packages/airflow/example_dags/example_task_group.py took 0.071 seconds
[2024-08-02T18:31:47.472+0000] {processor.py:161} INFO - Started process (PID=364) to work on /home/airflow/.local/lib/python3.12/site-packages/airflow/example_dags/example_task_group.py
[2024-08-02T18:31:47.473+0000] {processor.py:830} INFO - Processing file /home/airflow/.local/lib/python3.12/site-packages/airflow/example_dags/example_task_group.py for tasks to queue
[2024-08-02T18:31:47.474+0000] {logging_mixin.py:188} INFO - [2024-08-02T18:31:47.474+0000] {dagbag.py:545} INFO - Filling up the DagBag from /home/airflow/.local/lib/python3.12/site-packages/airflow/example_dags/example_task_group.py
[2024-08-02T18:31:47.481+0000] {processor.py:840} INFO - DAG(s) 'example_task_group' retrieved from /home/airflow/.local/lib/python3.12/site-packages/airflow/example_dags/example_task_group.py
[2024-08-02T18:31:47.502+0000] {logging_mixin.py:188} INFO - [2024-08-02T18:31:47.501+0000] {dag.py:3089} INFO - Sync 1 DAGs
[2024-08-02T18:31:47.522+0000] {logging_mixin.py:188} INFO - [2024-08-02T18:31:47.522+0000] {dag.py:3947} INFO - Setting next_dagrun for example_task_group to 2024-08-01 00:00:00+00:00, run_after=2024-08-02 00:00:00+00:00
[2024-08-02T18:31:47.547+0000] {processor.py:183} INFO - Processing /home/airflow/.local/lib/python3.12/site-packages/airflow/example_dags/example_task_group.py took 0.080 seconds
[2024-08-02T18:32:18.216+0000] {processor.py:161} INFO - Started process (PID=423) to work on /home/airflow/.local/lib/python3.12/site-packages/airflow/example_dags/example_task_group.py
[2024-08-02T18:32:18.217+0000] {processor.py:830} INFO - Processing file /home/airflow/.local/lib/python3.12/site-packages/airflow/example_dags/example_task_group.py for tasks to queue
[2024-08-02T18:32:18.219+0000] {logging_mixin.py:188} INFO - [2024-08-02T18:32:18.219+0000] {dagbag.py:545} INFO - Filling up the DagBag from /home/airflow/.local/lib/python3.12/site-packages/airflow/example_dags/example_task_group.py
[2024-08-02T18:32:18.225+0000] {processor.py:840} INFO - DAG(s) 'example_task_group' retrieved from /home/airflow/.local/lib/python3.12/site-packages/airflow/example_dags/example_task_group.py
[2024-08-02T18:32:18.245+0000] {logging_mixin.py:188} INFO - [2024-08-02T18:32:18.244+0000] {dag.py:3089} INFO - Sync 1 DAGs
[2024-08-02T18:32:18.264+0000] {logging_mixin.py:188} INFO - [2024-08-02T18:32:18.264+0000] {dag.py:3947} INFO - Setting next_dagrun for example_task_group to 2024-08-01 00:00:00+00:00, run_after=2024-08-02 00:00:00+00:00
[2024-08-02T18:32:18.284+0000] {processor.py:183} INFO - Processing /home/airflow/.local/lib/python3.12/site-packages/airflow/example_dags/example_task_group.py took 0.073 seconds
[2024-08-02T18:32:49.291+0000] {processor.py:161} INFO - Started process (PID=482) to work on /home/airflow/.local/lib/python3.12/site-packages/airflow/example_dags/example_task_group.py
[2024-08-02T18:32:49.293+0000] {processor.py:830} INFO - Processing file /home/airflow/.local/lib/python3.12/site-packages/airflow/example_dags/example_task_group.py for tasks to queue
[2024-08-02T18:32:49.297+0000] {logging_mixin.py:188} INFO - [2024-08-02T18:32:49.296+0000] {dagbag.py:545} INFO - Filling up the DagBag from /home/airflow/.local/lib/python3.12/site-packages/airflow/example_dags/example_task_group.py
[2024-08-02T18:32:49.312+0000] {processor.py:840} INFO - DAG(s) 'example_task_group' retrieved from /home/airflow/.local/lib/python3.12/site-packages/airflow/example_dags/example_task_group.py
[2024-08-02T18:32:49.366+0000] {logging_mixin.py:188} INFO - [2024-08-02T18:32:49.365+0000] {dag.py:3089} INFO - Sync 1 DAGs
[2024-08-02T18:32:49.405+0000] {logging_mixin.py:188} INFO - [2024-08-02T18:32:49.404+0000] {dag.py:3947} INFO - Setting next_dagrun for example_task_group to 2024-08-01 00:00:00+00:00, run_after=2024-08-02 00:00:00+00:00
[2024-08-02T18:32:49.438+0000] {processor.py:183} INFO - Processing /home/airflow/.local/lib/python3.12/site-packages/airflow/example_dags/example_task_group.py took 0.164 seconds
[2024-08-02T18:35:13.466+0000] {processor.py:161} INFO - Started process (PID=541) to work on /home/airflow/.local/lib/python3.12/site-packages/airflow/example_dags/example_task_group.py
[2024-08-02T18:35:13.469+0000] {processor.py:830} INFO - Processing file /home/airflow/.local/lib/python3.12/site-packages/airflow/example_dags/example_task_group.py for tasks to queue
[2024-08-02T18:35:13.470+0000] {logging_mixin.py:188} INFO - [2024-08-02T18:35:13.470+0000] {dagbag.py:545} INFO - Filling up the DagBag from /home/airflow/.local/lib/python3.12/site-packages/airflow/example_dags/example_task_group.py
[2024-08-02T18:35:13.480+0000] {processor.py:840} INFO - DAG(s) 'example_task_group' retrieved from /home/airflow/.local/lib/python3.12/site-packages/airflow/example_dags/example_task_group.py
[2024-08-02T18:35:13.503+0000] {logging_mixin.py:188} INFO - [2024-08-02T18:35:13.503+0000] {dag.py:3089} INFO - Sync 1 DAGs
[2024-08-02T18:35:13.529+0000] {logging_mixin.py:188} INFO - [2024-08-02T18:35:13.529+0000] {dag.py:3947} INFO - Setting next_dagrun for example_task_group to 2024-08-01 00:00:00+00:00, run_after=2024-08-02 00:00:00+00:00
[2024-08-02T18:35:13.559+0000] {processor.py:183} INFO - Processing /home/airflow/.local/lib/python3.12/site-packages/airflow/example_dags/example_task_group.py took 0.099 seconds
[2024-08-02T18:36:33.360+0000] {processor.py:161} INFO - Started process (PID=600) to work on /home/airflow/.local/lib/python3.12/site-packages/airflow/example_dags/example_task_group.py
[2024-08-02T18:36:33.361+0000] {processor.py:830} INFO - Processing file /home/airflow/.local/lib/python3.12/site-packages/airflow/example_dags/example_task_group.py for tasks to queue
[2024-08-02T18:36:33.362+0000] {logging_mixin.py:188} INFO - [2024-08-02T18:36:33.362+0000] {dagbag.py:545} INFO - Filling up the DagBag from /home/airflow/.local/lib/python3.12/site-packages/airflow/example_dags/example_task_group.py
[2024-08-02T18:36:33.370+0000] {processor.py:840} INFO - DAG(s) 'example_task_group' retrieved from /home/airflow/.local/lib/python3.12/site-packages/airflow/example_dags/example_task_group.py
[2024-08-02T18:36:33.391+0000] {logging_mixin.py:188} INFO - [2024-08-02T18:36:33.391+0000] {dag.py:3089} INFO - Sync 1 DAGs
[2024-08-02T18:36:33.413+0000] {logging_mixin.py:188} INFO - [2024-08-02T18:36:33.413+0000] {dag.py:3947} INFO - Setting next_dagrun for example_task_group to 2024-08-01 00:00:00+00:00, run_after=2024-08-02 00:00:00+00:00
[2024-08-02T18:36:33.486+0000] {processor.py:183} INFO - Processing /home/airflow/.local/lib/python3.12/site-packages/airflow/example_dags/example_task_group.py took 0.132 seconds
[2024-08-02T18:38:26.219+0000] {processor.py:161} INFO - Started process (PID=645) to work on /home/airflow/.local/lib/python3.12/site-packages/airflow/example_dags/example_task_group.py
[2024-08-02T18:38:26.220+0000] {processor.py:830} INFO - Processing file /home/airflow/.local/lib/python3.12/site-packages/airflow/example_dags/example_task_group.py for tasks to queue
[2024-08-02T18:38:26.221+0000] {logging_mixin.py:188} INFO - [2024-08-02T18:38:26.221+0000] {dagbag.py:545} INFO - Filling up the DagBag from /home/airflow/.local/lib/python3.12/site-packages/airflow/example_dags/example_task_group.py
[2024-08-02T18:38:26.227+0000] {processor.py:840} INFO - DAG(s) 'example_task_group' retrieved from /home/airflow/.local/lib/python3.12/site-packages/airflow/example_dags/example_task_group.py
[2024-08-02T18:38:26.250+0000] {logging_mixin.py:188} INFO - [2024-08-02T18:38:26.249+0000] {dag.py:3089} INFO - Sync 1 DAGs
[2024-08-02T18:38:26.271+0000] {logging_mixin.py:188} INFO - [2024-08-02T18:38:26.270+0000] {dag.py:3947} INFO - Setting next_dagrun for example_task_group to 2024-08-01 00:00:00+00:00, run_after=2024-08-02 00:00:00+00:00
[2024-08-02T18:38:26.339+0000] {processor.py:183} INFO - Processing /home/airflow/.local/lib/python3.12/site-packages/airflow/example_dags/example_task_group.py took 0.125 seconds
[2024-08-02T18:39:14.939+0000] {processor.py:161} INFO - Started process (PID=696) to work on /home/airflow/.local/lib/python3.12/site-packages/airflow/example_dags/example_task_group.py
[2024-08-02T18:39:14.946+0000] {processor.py:830} INFO - Processing file /home/airflow/.local/lib/python3.12/site-packages/airflow/example_dags/example_task_group.py for tasks to queue
[2024-08-02T18:39:14.950+0000] {logging_mixin.py:188} INFO - [2024-08-02T18:39:14.949+0000] {dagbag.py:545} INFO - Filling up the DagBag from /home/airflow/.local/lib/python3.12/site-packages/airflow/example_dags/example_task_group.py
[2024-08-02T18:39:14.964+0000] {processor.py:840} INFO - DAG(s) 'example_task_group' retrieved from /home/airflow/.local/lib/python3.12/site-packages/airflow/example_dags/example_task_group.py
[2024-08-02T18:39:14.997+0000] {logging_mixin.py:188} INFO - [2024-08-02T18:39:14.997+0000] {dag.py:3089} INFO - Sync 1 DAGs
[2024-08-02T18:39:15.026+0000] {logging_mixin.py:188} INFO - [2024-08-02T18:39:15.026+0000] {dag.py:3947} INFO - Setting next_dagrun for example_task_group to 2024-08-01 00:00:00+00:00, run_after=2024-08-02 00:00:00+00:00
[2024-08-02T18:39:15.059+0000] {processor.py:183} INFO - Processing /home/airflow/.local/lib/python3.12/site-packages/airflow/example_dags/example_task_group.py took 0.127 seconds
[2024-08-02T18:45:09.029+0000] {processor.py:161} INFO - Started process (PID=56) to work on /home/airflow/.local/lib/python3.12/site-packages/airflow/example_dags/example_task_group.py
[2024-08-02T18:45:09.035+0000] {processor.py:830} INFO - Processing file /home/airflow/.local/lib/python3.12/site-packages/airflow/example_dags/example_task_group.py for tasks to queue
[2024-08-02T18:45:09.036+0000] {logging_mixin.py:188} INFO - [2024-08-02T18:45:09.036+0000] {dagbag.py:545} INFO - Filling up the DagBag from /home/airflow/.local/lib/python3.12/site-packages/airflow/example_dags/example_task_group.py
[2024-08-02T18:45:09.043+0000] {processor.py:840} INFO - DAG(s) 'example_task_group' retrieved from /home/airflow/.local/lib/python3.12/site-packages/airflow/example_dags/example_task_group.py
[2024-08-02T18:45:09.054+0000] {logging_mixin.py:188} INFO - [2024-08-02T18:45:09.054+0000] {dag.py:3089} INFO - Sync 1 DAGs
[2024-08-02T18:45:09.084+0000] {logging_mixin.py:188} INFO - [2024-08-02T18:45:09.084+0000] {dag.py:3947} INFO - Setting next_dagrun for example_task_group to 2024-08-01 00:00:00+00:00, run_after=2024-08-02 00:00:00+00:00
[2024-08-02T18:45:09.103+0000] {processor.py:183} INFO - Processing /home/airflow/.local/lib/python3.12/site-packages/airflow/example_dags/example_task_group.py took 0.078 seconds
[2024-08-02T18:45:40.250+0000] {processor.py:161} INFO - Started process (PID=121) to work on /home/airflow/.local/lib/python3.12/site-packages/airflow/example_dags/example_task_group.py
[2024-08-02T18:45:40.251+0000] {processor.py:830} INFO - Processing file /home/airflow/.local/lib/python3.12/site-packages/airflow/example_dags/example_task_group.py for tasks to queue
[2024-08-02T18:45:40.252+0000] {logging_mixin.py:188} INFO - [2024-08-02T18:45:40.252+0000] {dagbag.py:545} INFO - Filling up the DagBag from /home/airflow/.local/lib/python3.12/site-packages/airflow/example_dags/example_task_group.py
[2024-08-02T18:45:40.257+0000] {processor.py:840} INFO - DAG(s) 'example_task_group' retrieved from /home/airflow/.local/lib/python3.12/site-packages/airflow/example_dags/example_task_group.py
[2024-08-02T18:45:40.347+0000] {logging_mixin.py:188} INFO - [2024-08-02T18:45:40.347+0000] {dag.py:3089} INFO - Sync 1 DAGs
[2024-08-02T18:45:40.364+0000] {logging_mixin.py:188} INFO - [2024-08-02T18:45:40.364+0000] {dag.py:3947} INFO - Setting next_dagrun for example_task_group to 2024-08-01 00:00:00+00:00, run_after=2024-08-02 00:00:00+00:00
[2024-08-02T18:45:40.383+0000] {processor.py:183} INFO - Processing /home/airflow/.local/lib/python3.12/site-packages/airflow/example_dags/example_task_group.py took 0.137 seconds
[2024-08-02T18:46:10.807+0000] {processor.py:161} INFO - Started process (PID=181) to work on /home/airflow/.local/lib/python3.12/site-packages/airflow/example_dags/example_task_group.py
[2024-08-02T18:46:10.808+0000] {processor.py:830} INFO - Processing file /home/airflow/.local/lib/python3.12/site-packages/airflow/example_dags/example_task_group.py for tasks to queue
[2024-08-02T18:46:10.809+0000] {logging_mixin.py:188} INFO - [2024-08-02T18:46:10.809+0000] {dagbag.py:545} INFO - Filling up the DagBag from /home/airflow/.local/lib/python3.12/site-packages/airflow/example_dags/example_task_group.py
[2024-08-02T18:46:10.814+0000] {processor.py:840} INFO - DAG(s) 'example_task_group' retrieved from /home/airflow/.local/lib/python3.12/site-packages/airflow/example_dags/example_task_group.py
[2024-08-02T18:46:10.834+0000] {logging_mixin.py:188} INFO - [2024-08-02T18:46:10.834+0000] {dag.py:3089} INFO - Sync 1 DAGs
[2024-08-02T18:46:10.854+0000] {logging_mixin.py:188} INFO - [2024-08-02T18:46:10.854+0000] {dag.py:3947} INFO - Setting next_dagrun for example_task_group to 2024-08-01 00:00:00+00:00, run_after=2024-08-02 00:00:00+00:00
[2024-08-02T18:46:10.873+0000] {processor.py:183} INFO - Processing /home/airflow/.local/lib/python3.12/site-packages/airflow/example_dags/example_task_group.py took 0.069 seconds
[2024-08-02T18:46:42.164+0000] {processor.py:161} INFO - Started process (PID=240) to work on /home/airflow/.local/lib/python3.12/site-packages/airflow/example_dags/example_task_group.py
[2024-08-02T18:46:42.165+0000] {processor.py:830} INFO - Processing file /home/airflow/.local/lib/python3.12/site-packages/airflow/example_dags/example_task_group.py for tasks to queue
[2024-08-02T18:46:42.166+0000] {logging_mixin.py:188} INFO - [2024-08-02T18:46:42.166+0000] {dagbag.py:545} INFO - Filling up the DagBag from /home/airflow/.local/lib/python3.12/site-packages/airflow/example_dags/example_task_group.py
[2024-08-02T18:46:42.172+0000] {processor.py:840} INFO - DAG(s) 'example_task_group' retrieved from /home/airflow/.local/lib/python3.12/site-packages/airflow/example_dags/example_task_group.py
[2024-08-02T18:46:42.192+0000] {logging_mixin.py:188} INFO - [2024-08-02T18:46:42.192+0000] {dag.py:3089} INFO - Sync 1 DAGs
[2024-08-02T18:46:42.213+0000] {logging_mixin.py:188} INFO - [2024-08-02T18:46:42.213+0000] {dag.py:3947} INFO - Setting next_dagrun for example_task_group to 2024-08-01 00:00:00+00:00, run_after=2024-08-02 00:00:00+00:00
[2024-08-02T18:46:42.235+0000] {processor.py:183} INFO - Processing /home/airflow/.local/lib/python3.12/site-packages/airflow/example_dags/example_task_group.py took 0.076 seconds
[2024-08-02T18:48:38.685+0000] {processor.py:161} INFO - Started process (PID=69) to work on /home/airflow/.local/lib/python3.12/site-packages/airflow/example_dags/example_task_group.py
[2024-08-02T18:48:38.686+0000] {processor.py:830} INFO - Processing file /home/airflow/.local/lib/python3.12/site-packages/airflow/example_dags/example_task_group.py for tasks to queue
[2024-08-02T18:48:38.688+0000] {logging_mixin.py:188} INFO - [2024-08-02T18:48:38.688+0000] {dagbag.py:545} INFO - Filling up the DagBag from /home/airflow/.local/lib/python3.12/site-packages/airflow/example_dags/example_task_group.py
[2024-08-02T18:48:38.696+0000] {processor.py:840} INFO - DAG(s) 'example_task_group' retrieved from /home/airflow/.local/lib/python3.12/site-packages/airflow/example_dags/example_task_group.py
[2024-08-02T18:48:39.005+0000] {logging_mixin.py:188} INFO - [2024-08-02T18:48:39.004+0000] {dag.py:3089} INFO - Sync 1 DAGs
[2024-08-02T18:48:39.040+0000] {logging_mixin.py:188} INFO - [2024-08-02T18:48:39.039+0000] {dag.py:3947} INFO - Setting next_dagrun for example_task_group to 2024-08-01 00:00:00+00:00, run_after=2024-08-02 00:00:00+00:00
[2024-08-02T18:48:39.087+0000] {processor.py:183} INFO - Processing /home/airflow/.local/lib/python3.12/site-packages/airflow/example_dags/example_task_group.py took 0.406 seconds
[2024-08-02T18:49:09.733+0000] {processor.py:161} INFO - Started process (PID=122) to work on /home/airflow/.local/lib/python3.12/site-packages/airflow/example_dags/example_task_group.py
[2024-08-02T18:49:09.734+0000] {processor.py:830} INFO - Processing file /home/airflow/.local/lib/python3.12/site-packages/airflow/example_dags/example_task_group.py for tasks to queue
[2024-08-02T18:49:09.735+0000] {logging_mixin.py:188} INFO - [2024-08-02T18:49:09.735+0000] {dagbag.py:545} INFO - Filling up the DagBag from /home/airflow/.local/lib/python3.12/site-packages/airflow/example_dags/example_task_group.py
[2024-08-02T18:49:09.742+0000] {processor.py:840} INFO - DAG(s) 'example_task_group' retrieved from /home/airflow/.local/lib/python3.12/site-packages/airflow/example_dags/example_task_group.py
[2024-08-02T18:49:09.836+0000] {logging_mixin.py:188} INFO - [2024-08-02T18:49:09.836+0000] {dag.py:3089} INFO - Sync 1 DAGs
[2024-08-02T18:49:09.856+0000] {logging_mixin.py:188} INFO - [2024-08-02T18:49:09.855+0000] {dag.py:3947} INFO - Setting next_dagrun for example_task_group to 2024-08-01 00:00:00+00:00, run_after=2024-08-02 00:00:00+00:00
[2024-08-02T18:49:09.905+0000] {processor.py:183} INFO - Processing /home/airflow/.local/lib/python3.12/site-packages/airflow/example_dags/example_task_group.py took 0.177 seconds
