[2024-08-02T15:35:41.409+0000] {processor.py:161} INFO - Started process (PID=85) to work on /home/airflow/.local/lib/python3.12/site-packages/airflow/example_dags/example_datasets.py
[2024-08-02T15:35:41.410+0000] {processor.py:830} INFO - Processing file /home/airflow/.local/lib/python3.12/site-packages/airflow/example_dags/example_datasets.py for tasks to queue
[2024-08-02T15:35:41.412+0000] {logging_mixin.py:188} INFO - [2024-08-02T15:35:41.412+0000] {dagbag.py:545} INFO - Filling up the DagBag from /home/airflow/.local/lib/python3.12/site-packages/airflow/example_dags/example_datasets.py
[2024-08-02T15:35:41.456+0000] {processor.py:840} INFO - DAG(s) 'consume_1_and_2_with_dataset_expressions', 'dataset_produces_2', 'consume_1_or_both_2_and_3_with_dataset_expressions', 'dataset_consumes_1_and_2', 'consume_1_or_2_with_dataset_expressions', 'dataset_produces_1', 'dataset_consumes_1', 'dataset_consumes_unknown_never_scheduled', 'conditional_dataset_and_time_based_timetable', 'dataset_consumes_1_never_scheduled' retrieved from /home/airflow/.local/lib/python3.12/site-packages/airflow/example_dags/example_datasets.py
[2024-08-02T15:35:41.797+0000] {logging_mixin.py:188} INFO - [2024-08-02T15:35:41.797+0000] {dag.py:3089} INFO - Sync 10 DAGs
[2024-08-02T15:35:41.861+0000] {logging_mixin.py:188} INFO - [2024-08-02T15:35:41.860+0000] {dag.py:3947} INFO - Setting next_dagrun for conditional_dataset_and_time_based_timetable to 2024-07-31 01:00:00+00:00, run_after=2024-07-31 01:00:00+00:00
[2024-08-02T15:35:41.868+0000] {logging_mixin.py:188} INFO - [2024-08-02T15:35:41.867+0000] {dag.py:3947} INFO - Setting next_dagrun for consume_1_and_2_with_dataset_expressions to None, run_after=None
[2024-08-02T15:35:41.870+0000] {logging_mixin.py:188} INFO - [2024-08-02T15:35:41.869+0000] {dag.py:3947} INFO - Setting next_dagrun for consume_1_or_2_with_dataset_expressions to None, run_after=None
[2024-08-02T15:35:41.871+0000] {logging_mixin.py:188} INFO - [2024-08-02T15:35:41.870+0000] {dag.py:3947} INFO - Setting next_dagrun for consume_1_or_both_2_and_3_with_dataset_expressions to None, run_after=None
[2024-08-02T15:35:41.872+0000] {logging_mixin.py:188} INFO - [2024-08-02T15:35:41.871+0000] {dag.py:3947} INFO - Setting next_dagrun for dataset_consumes_1 to None, run_after=None
[2024-08-02T15:35:41.873+0000] {logging_mixin.py:188} INFO - [2024-08-02T15:35:41.872+0000] {dag.py:3947} INFO - Setting next_dagrun for dataset_consumes_1_and_2 to None, run_after=None
[2024-08-02T15:35:41.874+0000] {logging_mixin.py:188} INFO - [2024-08-02T15:35:41.873+0000] {dag.py:3947} INFO - Setting next_dagrun for dataset_consumes_1_never_scheduled to None, run_after=None
[2024-08-02T15:35:41.875+0000] {logging_mixin.py:188} INFO - [2024-08-02T15:35:41.875+0000] {dag.py:3947} INFO - Setting next_dagrun for dataset_consumes_unknown_never_scheduled to None, run_after=None
[2024-08-02T15:35:41.879+0000] {logging_mixin.py:188} INFO - [2024-08-02T15:35:41.879+0000] {dag.py:3947} INFO - Setting next_dagrun for dataset_produces_1 to 2024-08-01 00:00:00+00:00, run_after=2024-08-02 00:00:00+00:00
[2024-08-02T15:35:41.882+0000] {logging_mixin.py:188} INFO - [2024-08-02T15:35:41.882+0000] {dag.py:3947} INFO - Setting next_dagrun for dataset_produces_2 to None, run_after=None
[2024-08-02T15:35:42.042+0000] {processor.py:183} INFO - Processing /home/airflow/.local/lib/python3.12/site-packages/airflow/example_dags/example_datasets.py took 0.664 seconds
[2024-08-02T15:36:12.343+0000] {processor.py:161} INFO - Started process (PID=144) to work on /home/airflow/.local/lib/python3.12/site-packages/airflow/example_dags/example_datasets.py
[2024-08-02T15:36:12.344+0000] {processor.py:830} INFO - Processing file /home/airflow/.local/lib/python3.12/site-packages/airflow/example_dags/example_datasets.py for tasks to queue
[2024-08-02T15:36:12.348+0000] {logging_mixin.py:188} INFO - [2024-08-02T15:36:12.348+0000] {dagbag.py:545} INFO - Filling up the DagBag from /home/airflow/.local/lib/python3.12/site-packages/airflow/example_dags/example_datasets.py
[2024-08-02T15:36:12.370+0000] {processor.py:840} INFO - DAG(s) 'dataset_consumes_unknown_never_scheduled', 'dataset_consumes_1_never_scheduled', 'consume_1_and_2_with_dataset_expressions', 'consume_1_or_both_2_and_3_with_dataset_expressions', 'consume_1_or_2_with_dataset_expressions', 'conditional_dataset_and_time_based_timetable', 'dataset_produces_2', 'dataset_produces_1', 'dataset_consumes_1_and_2', 'dataset_consumes_1' retrieved from /home/airflow/.local/lib/python3.12/site-packages/airflow/example_dags/example_datasets.py
[2024-08-02T15:36:12.427+0000] {logging_mixin.py:188} INFO - [2024-08-02T15:36:12.427+0000] {dag.py:3089} INFO - Sync 10 DAGs
[2024-08-02T15:36:12.533+0000] {logging_mixin.py:188} INFO - [2024-08-02T15:36:12.533+0000] {dag.py:3947} INFO - Setting next_dagrun for conditional_dataset_and_time_based_timetable to 2024-07-31 01:00:00+00:00, run_after=2024-07-31 01:00:00+00:00
[2024-08-02T15:36:12.538+0000] {logging_mixin.py:188} INFO - [2024-08-02T15:36:12.537+0000] {dag.py:3947} INFO - Setting next_dagrun for consume_1_and_2_with_dataset_expressions to None, run_after=None
[2024-08-02T15:36:12.539+0000] {logging_mixin.py:188} INFO - [2024-08-02T15:36:12.539+0000] {dag.py:3947} INFO - Setting next_dagrun for consume_1_or_2_with_dataset_expressions to None, run_after=None
[2024-08-02T15:36:12.540+0000] {logging_mixin.py:188} INFO - [2024-08-02T15:36:12.540+0000] {dag.py:3947} INFO - Setting next_dagrun for consume_1_or_both_2_and_3_with_dataset_expressions to None, run_after=None
[2024-08-02T15:36:12.541+0000] {logging_mixin.py:188} INFO - [2024-08-02T15:36:12.541+0000] {dag.py:3947} INFO - Setting next_dagrun for dataset_consumes_1 to None, run_after=None
[2024-08-02T15:36:12.542+0000] {logging_mixin.py:188} INFO - [2024-08-02T15:36:12.542+0000] {dag.py:3947} INFO - Setting next_dagrun for dataset_consumes_1_and_2 to None, run_after=None
[2024-08-02T15:36:12.543+0000] {logging_mixin.py:188} INFO - [2024-08-02T15:36:12.543+0000] {dag.py:3947} INFO - Setting next_dagrun for dataset_consumes_1_never_scheduled to None, run_after=None
[2024-08-02T15:36:12.544+0000] {logging_mixin.py:188} INFO - [2024-08-02T15:36:12.544+0000] {dag.py:3947} INFO - Setting next_dagrun for dataset_consumes_unknown_never_scheduled to None, run_after=None
[2024-08-02T15:36:12.547+0000] {logging_mixin.py:188} INFO - [2024-08-02T15:36:12.547+0000] {dag.py:3947} INFO - Setting next_dagrun for dataset_produces_1 to 2024-08-01 00:00:00+00:00, run_after=2024-08-02 00:00:00+00:00
[2024-08-02T15:36:12.548+0000] {logging_mixin.py:188} INFO - [2024-08-02T15:36:12.548+0000] {dag.py:3947} INFO - Setting next_dagrun for dataset_produces_2 to None, run_after=None
[2024-08-02T15:36:12.635+0000] {processor.py:183} INFO - Processing /home/airflow/.local/lib/python3.12/site-packages/airflow/example_dags/example_datasets.py took 0.301 seconds
[2024-08-02T18:29:13.941+0000] {processor.py:161} INFO - Started process (PID=74) to work on /home/airflow/.local/lib/python3.12/site-packages/airflow/example_dags/example_datasets.py
[2024-08-02T18:29:13.944+0000] {processor.py:830} INFO - Processing file /home/airflow/.local/lib/python3.12/site-packages/airflow/example_dags/example_datasets.py for tasks to queue
[2024-08-02T18:29:13.947+0000] {logging_mixin.py:188} INFO - [2024-08-02T18:29:13.947+0000] {dagbag.py:545} INFO - Filling up the DagBag from /home/airflow/.local/lib/python3.12/site-packages/airflow/example_dags/example_datasets.py
[2024-08-02T18:29:13.980+0000] {processor.py:840} INFO - DAG(s) 'dataset_consumes_unknown_never_scheduled', 'dataset_consumes_1', 'dataset_produces_1', 'dataset_consumes_1_never_scheduled', 'consume_1_or_2_with_dataset_expressions', 'consume_1_and_2_with_dataset_expressions', 'dataset_consumes_1_and_2', 'conditional_dataset_and_time_based_timetable', 'consume_1_or_both_2_and_3_with_dataset_expressions', 'dataset_produces_2' retrieved from /home/airflow/.local/lib/python3.12/site-packages/airflow/example_dags/example_datasets.py
[2024-08-02T18:29:14.199+0000] {logging_mixin.py:188} INFO - [2024-08-02T18:29:14.199+0000] {dag.py:3089} INFO - Sync 10 DAGs
[2024-08-02T18:29:14.350+0000] {logging_mixin.py:188} INFO - [2024-08-02T18:29:14.349+0000] {dag.py:3947} INFO - Setting next_dagrun for conditional_dataset_and_time_based_timetable to 2024-07-31 01:00:00+00:00, run_after=2024-07-31 01:00:00+00:00
[2024-08-02T18:29:14.356+0000] {logging_mixin.py:188} INFO - [2024-08-02T18:29:14.355+0000] {dag.py:3947} INFO - Setting next_dagrun for consume_1_and_2_with_dataset_expressions to None, run_after=None
[2024-08-02T18:29:14.357+0000] {logging_mixin.py:188} INFO - [2024-08-02T18:29:14.357+0000] {dag.py:3947} INFO - Setting next_dagrun for consume_1_or_2_with_dataset_expressions to None, run_after=None
[2024-08-02T18:29:14.358+0000] {logging_mixin.py:188} INFO - [2024-08-02T18:29:14.358+0000] {dag.py:3947} INFO - Setting next_dagrun for consume_1_or_both_2_and_3_with_dataset_expressions to None, run_after=None
[2024-08-02T18:29:14.359+0000] {logging_mixin.py:188} INFO - [2024-08-02T18:29:14.359+0000] {dag.py:3947} INFO - Setting next_dagrun for dataset_consumes_1 to None, run_after=None
[2024-08-02T18:29:14.360+0000] {logging_mixin.py:188} INFO - [2024-08-02T18:29:14.360+0000] {dag.py:3947} INFO - Setting next_dagrun for dataset_consumes_1_and_2 to None, run_after=None
[2024-08-02T18:29:14.361+0000] {logging_mixin.py:188} INFO - [2024-08-02T18:29:14.361+0000] {dag.py:3947} INFO - Setting next_dagrun for dataset_consumes_1_never_scheduled to None, run_after=None
[2024-08-02T18:29:14.363+0000] {logging_mixin.py:188} INFO - [2024-08-02T18:29:14.362+0000] {dag.py:3947} INFO - Setting next_dagrun for dataset_consumes_unknown_never_scheduled to None, run_after=None
[2024-08-02T18:29:14.365+0000] {logging_mixin.py:188} INFO - [2024-08-02T18:29:14.365+0000] {dag.py:3947} INFO - Setting next_dagrun for dataset_produces_1 to 2024-08-01 00:00:00+00:00, run_after=2024-08-02 00:00:00+00:00
[2024-08-02T18:29:14.366+0000] {logging_mixin.py:188} INFO - [2024-08-02T18:29:14.366+0000] {dag.py:3947} INFO - Setting next_dagrun for dataset_produces_2 to None, run_after=None
[2024-08-02T18:29:14.410+0000] {processor.py:183} INFO - Processing /home/airflow/.local/lib/python3.12/site-packages/airflow/example_dags/example_datasets.py took 0.473 seconds
[2024-08-02T18:29:44.640+0000] {processor.py:161} INFO - Started process (PID=133) to work on /home/airflow/.local/lib/python3.12/site-packages/airflow/example_dags/example_datasets.py
[2024-08-02T18:29:44.804+0000] {processor.py:830} INFO - Processing file /home/airflow/.local/lib/python3.12/site-packages/airflow/example_dags/example_datasets.py for tasks to queue
[2024-08-02T18:29:44.806+0000] {logging_mixin.py:188} INFO - [2024-08-02T18:29:44.806+0000] {dagbag.py:545} INFO - Filling up the DagBag from /home/airflow/.local/lib/python3.12/site-packages/airflow/example_dags/example_datasets.py
[2024-08-02T18:29:44.871+0000] {processor.py:840} INFO - DAG(s) 'conditional_dataset_and_time_based_timetable', 'consume_1_or_both_2_and_3_with_dataset_expressions', 'consume_1_and_2_with_dataset_expressions', 'consume_1_or_2_with_dataset_expressions', 'dataset_consumes_unknown_never_scheduled', 'dataset_produces_2', 'dataset_consumes_1_never_scheduled', 'dataset_consumes_1_and_2', 'dataset_consumes_1', 'dataset_produces_1' retrieved from /home/airflow/.local/lib/python3.12/site-packages/airflow/example_dags/example_datasets.py
[2024-08-02T18:29:44.960+0000] {logging_mixin.py:188} INFO - [2024-08-02T18:29:44.960+0000] {dag.py:3089} INFO - Sync 10 DAGs
[2024-08-02T18:29:45.049+0000] {logging_mixin.py:188} INFO - [2024-08-02T18:29:45.049+0000] {dag.py:3947} INFO - Setting next_dagrun for conditional_dataset_and_time_based_timetable to 2024-07-31 01:00:00+00:00, run_after=2024-07-31 01:00:00+00:00
[2024-08-02T18:29:45.054+0000] {logging_mixin.py:188} INFO - [2024-08-02T18:29:45.054+0000] {dag.py:3947} INFO - Setting next_dagrun for consume_1_and_2_with_dataset_expressions to None, run_after=None
[2024-08-02T18:29:45.055+0000] {logging_mixin.py:188} INFO - [2024-08-02T18:29:45.055+0000] {dag.py:3947} INFO - Setting next_dagrun for consume_1_or_2_with_dataset_expressions to None, run_after=None
[2024-08-02T18:29:45.056+0000] {logging_mixin.py:188} INFO - [2024-08-02T18:29:45.056+0000] {dag.py:3947} INFO - Setting next_dagrun for consume_1_or_both_2_and_3_with_dataset_expressions to None, run_after=None
[2024-08-02T18:29:45.057+0000] {logging_mixin.py:188} INFO - [2024-08-02T18:29:45.057+0000] {dag.py:3947} INFO - Setting next_dagrun for dataset_consumes_1 to None, run_after=None
[2024-08-02T18:29:45.059+0000] {logging_mixin.py:188} INFO - [2024-08-02T18:29:45.058+0000] {dag.py:3947} INFO - Setting next_dagrun for dataset_consumes_1_and_2 to None, run_after=None
[2024-08-02T18:29:45.060+0000] {logging_mixin.py:188} INFO - [2024-08-02T18:29:45.059+0000] {dag.py:3947} INFO - Setting next_dagrun for dataset_consumes_1_never_scheduled to None, run_after=None
[2024-08-02T18:29:45.062+0000] {logging_mixin.py:188} INFO - [2024-08-02T18:29:45.061+0000] {dag.py:3947} INFO - Setting next_dagrun for dataset_consumes_unknown_never_scheduled to None, run_after=None
[2024-08-02T18:29:45.071+0000] {logging_mixin.py:188} INFO - [2024-08-02T18:29:45.071+0000] {dag.py:3947} INFO - Setting next_dagrun for dataset_produces_1 to 2024-08-01 00:00:00+00:00, run_after=2024-08-02 00:00:00+00:00
[2024-08-02T18:29:45.072+0000] {logging_mixin.py:188} INFO - [2024-08-02T18:29:45.072+0000] {dag.py:3947} INFO - Setting next_dagrun for dataset_produces_2 to None, run_after=None
[2024-08-02T18:29:45.267+0000] {processor.py:183} INFO - Processing /home/airflow/.local/lib/python3.12/site-packages/airflow/example_dags/example_datasets.py took 0.632 seconds
[2024-08-02T18:30:15.478+0000] {processor.py:161} INFO - Started process (PID=193) to work on /home/airflow/.local/lib/python3.12/site-packages/airflow/example_dags/example_datasets.py
[2024-08-02T18:30:15.479+0000] {processor.py:830} INFO - Processing file /home/airflow/.local/lib/python3.12/site-packages/airflow/example_dags/example_datasets.py for tasks to queue
[2024-08-02T18:30:15.480+0000] {logging_mixin.py:188} INFO - [2024-08-02T18:30:15.480+0000] {dagbag.py:545} INFO - Filling up the DagBag from /home/airflow/.local/lib/python3.12/site-packages/airflow/example_dags/example_datasets.py
[2024-08-02T18:30:15.502+0000] {processor.py:840} INFO - DAG(s) 'dataset_consumes_1', 'dataset_consumes_1_never_scheduled', 'consume_1_and_2_with_dataset_expressions', 'dataset_produces_2', 'consume_1_or_2_with_dataset_expressions', 'dataset_produces_1', 'consume_1_or_both_2_and_3_with_dataset_expressions', 'dataset_consumes_1_and_2', 'conditional_dataset_and_time_based_timetable', 'dataset_consumes_unknown_never_scheduled' retrieved from /home/airflow/.local/lib/python3.12/site-packages/airflow/example_dags/example_datasets.py
[2024-08-02T18:30:15.552+0000] {logging_mixin.py:188} INFO - [2024-08-02T18:30:15.552+0000] {dag.py:3089} INFO - Sync 10 DAGs
[2024-08-02T18:30:15.576+0000] {logging_mixin.py:188} INFO - [2024-08-02T18:30:15.576+0000] {dag.py:3947} INFO - Setting next_dagrun for conditional_dataset_and_time_based_timetable to 2024-07-31 01:00:00+00:00, run_after=2024-07-31 01:00:00+00:00
[2024-08-02T18:30:15.580+0000] {logging_mixin.py:188} INFO - [2024-08-02T18:30:15.580+0000] {dag.py:3947} INFO - Setting next_dagrun for consume_1_and_2_with_dataset_expressions to None, run_after=None
[2024-08-02T18:30:15.582+0000] {logging_mixin.py:188} INFO - [2024-08-02T18:30:15.581+0000] {dag.py:3947} INFO - Setting next_dagrun for consume_1_or_2_with_dataset_expressions to None, run_after=None
[2024-08-02T18:30:15.583+0000] {logging_mixin.py:188} INFO - [2024-08-02T18:30:15.582+0000] {dag.py:3947} INFO - Setting next_dagrun for consume_1_or_both_2_and_3_with_dataset_expressions to None, run_after=None
[2024-08-02T18:30:15.584+0000] {logging_mixin.py:188} INFO - [2024-08-02T18:30:15.583+0000] {dag.py:3947} INFO - Setting next_dagrun for dataset_consumes_1 to None, run_after=None
[2024-08-02T18:30:15.585+0000] {logging_mixin.py:188} INFO - [2024-08-02T18:30:15.585+0000] {dag.py:3947} INFO - Setting next_dagrun for dataset_consumes_1_and_2 to None, run_after=None
[2024-08-02T18:30:15.586+0000] {logging_mixin.py:188} INFO - [2024-08-02T18:30:15.586+0000] {dag.py:3947} INFO - Setting next_dagrun for dataset_consumes_1_never_scheduled to None, run_after=None
[2024-08-02T18:30:15.587+0000] {logging_mixin.py:188} INFO - [2024-08-02T18:30:15.587+0000] {dag.py:3947} INFO - Setting next_dagrun for dataset_consumes_unknown_never_scheduled to None, run_after=None
[2024-08-02T18:30:15.589+0000] {logging_mixin.py:188} INFO - [2024-08-02T18:30:15.589+0000] {dag.py:3947} INFO - Setting next_dagrun for dataset_produces_1 to 2024-08-01 00:00:00+00:00, run_after=2024-08-02 00:00:00+00:00
[2024-08-02T18:30:15.590+0000] {logging_mixin.py:188} INFO - [2024-08-02T18:30:15.590+0000] {dag.py:3947} INFO - Setting next_dagrun for dataset_produces_2 to None, run_after=None
[2024-08-02T18:30:15.632+0000] {processor.py:183} INFO - Processing /home/airflow/.local/lib/python3.12/site-packages/airflow/example_dags/example_datasets.py took 0.159 seconds
[2024-08-02T18:30:46.046+0000] {processor.py:161} INFO - Started process (PID=251) to work on /home/airflow/.local/lib/python3.12/site-packages/airflow/example_dags/example_datasets.py
[2024-08-02T18:30:46.048+0000] {processor.py:830} INFO - Processing file /home/airflow/.local/lib/python3.12/site-packages/airflow/example_dags/example_datasets.py for tasks to queue
[2024-08-02T18:30:46.049+0000] {logging_mixin.py:188} INFO - [2024-08-02T18:30:46.049+0000] {dagbag.py:545} INFO - Filling up the DagBag from /home/airflow/.local/lib/python3.12/site-packages/airflow/example_dags/example_datasets.py
[2024-08-02T18:30:46.066+0000] {processor.py:840} INFO - DAG(s) 'consume_1_or_both_2_and_3_with_dataset_expressions', 'dataset_produces_2', 'consume_1_or_2_with_dataset_expressions', 'dataset_consumes_1', 'dataset_produces_1', 'dataset_consumes_1_and_2', 'dataset_consumes_1_never_scheduled', 'conditional_dataset_and_time_based_timetable', 'consume_1_and_2_with_dataset_expressions', 'dataset_consumes_unknown_never_scheduled' retrieved from /home/airflow/.local/lib/python3.12/site-packages/airflow/example_dags/example_datasets.py
[2024-08-02T18:30:46.119+0000] {logging_mixin.py:188} INFO - [2024-08-02T18:30:46.118+0000] {dag.py:3089} INFO - Sync 10 DAGs
[2024-08-02T18:30:46.144+0000] {logging_mixin.py:188} INFO - [2024-08-02T18:30:46.144+0000] {dag.py:3947} INFO - Setting next_dagrun for conditional_dataset_and_time_based_timetable to 2024-07-31 01:00:00+00:00, run_after=2024-07-31 01:00:00+00:00
[2024-08-02T18:30:46.148+0000] {logging_mixin.py:188} INFO - [2024-08-02T18:30:46.148+0000] {dag.py:3947} INFO - Setting next_dagrun for consume_1_and_2_with_dataset_expressions to None, run_after=None
[2024-08-02T18:30:46.149+0000] {logging_mixin.py:188} INFO - [2024-08-02T18:30:46.149+0000] {dag.py:3947} INFO - Setting next_dagrun for consume_1_or_2_with_dataset_expressions to None, run_after=None
[2024-08-02T18:30:46.150+0000] {logging_mixin.py:188} INFO - [2024-08-02T18:30:46.150+0000] {dag.py:3947} INFO - Setting next_dagrun for consume_1_or_both_2_and_3_with_dataset_expressions to None, run_after=None
[2024-08-02T18:30:46.151+0000] {logging_mixin.py:188} INFO - [2024-08-02T18:30:46.151+0000] {dag.py:3947} INFO - Setting next_dagrun for dataset_consumes_1 to None, run_after=None
[2024-08-02T18:30:46.153+0000] {logging_mixin.py:188} INFO - [2024-08-02T18:30:46.153+0000] {dag.py:3947} INFO - Setting next_dagrun for dataset_consumes_1_and_2 to None, run_after=None
[2024-08-02T18:30:46.154+0000] {logging_mixin.py:188} INFO - [2024-08-02T18:30:46.154+0000] {dag.py:3947} INFO - Setting next_dagrun for dataset_consumes_1_never_scheduled to None, run_after=None
[2024-08-02T18:30:46.155+0000] {logging_mixin.py:188} INFO - [2024-08-02T18:30:46.155+0000] {dag.py:3947} INFO - Setting next_dagrun for dataset_consumes_unknown_never_scheduled to None, run_after=None
[2024-08-02T18:30:46.158+0000] {logging_mixin.py:188} INFO - [2024-08-02T18:30:46.158+0000] {dag.py:3947} INFO - Setting next_dagrun for dataset_produces_1 to 2024-08-01 00:00:00+00:00, run_after=2024-08-02 00:00:00+00:00
[2024-08-02T18:30:46.159+0000] {logging_mixin.py:188} INFO - [2024-08-02T18:30:46.159+0000] {dag.py:3947} INFO - Setting next_dagrun for dataset_produces_2 to None, run_after=None
[2024-08-02T18:30:46.194+0000] {processor.py:183} INFO - Processing /home/airflow/.local/lib/python3.12/site-packages/airflow/example_dags/example_datasets.py took 0.152 seconds
[2024-08-02T18:31:17.032+0000] {processor.py:161} INFO - Started process (PID=310) to work on /home/airflow/.local/lib/python3.12/site-packages/airflow/example_dags/example_datasets.py
[2024-08-02T18:31:17.033+0000] {processor.py:830} INFO - Processing file /home/airflow/.local/lib/python3.12/site-packages/airflow/example_dags/example_datasets.py for tasks to queue
[2024-08-02T18:31:17.035+0000] {logging_mixin.py:188} INFO - [2024-08-02T18:31:17.034+0000] {dagbag.py:545} INFO - Filling up the DagBag from /home/airflow/.local/lib/python3.12/site-packages/airflow/example_dags/example_datasets.py
[2024-08-02T18:31:17.049+0000] {processor.py:840} INFO - DAG(s) 'dataset_produces_1', 'dataset_consumes_1', 'dataset_consumes_1_and_2', 'consume_1_or_2_with_dataset_expressions', 'consume_1_or_both_2_and_3_with_dataset_expressions', 'dataset_consumes_unknown_never_scheduled', 'conditional_dataset_and_time_based_timetable', 'dataset_consumes_1_never_scheduled', 'dataset_produces_2', 'consume_1_and_2_with_dataset_expressions' retrieved from /home/airflow/.local/lib/python3.12/site-packages/airflow/example_dags/example_datasets.py
[2024-08-02T18:31:17.092+0000] {logging_mixin.py:188} INFO - [2024-08-02T18:31:17.091+0000] {dag.py:3089} INFO - Sync 10 DAGs
[2024-08-02T18:31:17.118+0000] {logging_mixin.py:188} INFO - [2024-08-02T18:31:17.118+0000] {dag.py:3947} INFO - Setting next_dagrun for conditional_dataset_and_time_based_timetable to 2024-07-31 01:00:00+00:00, run_after=2024-07-31 01:00:00+00:00
[2024-08-02T18:31:17.122+0000] {logging_mixin.py:188} INFO - [2024-08-02T18:31:17.122+0000] {dag.py:3947} INFO - Setting next_dagrun for consume_1_and_2_with_dataset_expressions to None, run_after=None
[2024-08-02T18:31:17.123+0000] {logging_mixin.py:188} INFO - [2024-08-02T18:31:17.123+0000] {dag.py:3947} INFO - Setting next_dagrun for consume_1_or_2_with_dataset_expressions to None, run_after=None
[2024-08-02T18:31:17.124+0000] {logging_mixin.py:188} INFO - [2024-08-02T18:31:17.124+0000] {dag.py:3947} INFO - Setting next_dagrun for consume_1_or_both_2_and_3_with_dataset_expressions to None, run_after=None
[2024-08-02T18:31:17.125+0000] {logging_mixin.py:188} INFO - [2024-08-02T18:31:17.125+0000] {dag.py:3947} INFO - Setting next_dagrun for dataset_consumes_1 to None, run_after=None
[2024-08-02T18:31:17.126+0000] {logging_mixin.py:188} INFO - [2024-08-02T18:31:17.126+0000] {dag.py:3947} INFO - Setting next_dagrun for dataset_consumes_1_and_2 to None, run_after=None
[2024-08-02T18:31:17.127+0000] {logging_mixin.py:188} INFO - [2024-08-02T18:31:17.127+0000] {dag.py:3947} INFO - Setting next_dagrun for dataset_consumes_1_never_scheduled to None, run_after=None
[2024-08-02T18:31:17.128+0000] {logging_mixin.py:188} INFO - [2024-08-02T18:31:17.128+0000] {dag.py:3947} INFO - Setting next_dagrun for dataset_consumes_unknown_never_scheduled to None, run_after=None
[2024-08-02T18:31:17.131+0000] {logging_mixin.py:188} INFO - [2024-08-02T18:31:17.131+0000] {dag.py:3947} INFO - Setting next_dagrun for dataset_produces_1 to 2024-08-01 00:00:00+00:00, run_after=2024-08-02 00:00:00+00:00
[2024-08-02T18:31:17.132+0000] {logging_mixin.py:188} INFO - [2024-08-02T18:31:17.132+0000] {dag.py:3947} INFO - Setting next_dagrun for dataset_produces_2 to None, run_after=None
[2024-08-02T18:31:17.168+0000] {processor.py:183} INFO - Processing /home/airflow/.local/lib/python3.12/site-packages/airflow/example_dags/example_datasets.py took 0.140 seconds
[2024-08-02T18:31:47.771+0000] {processor.py:161} INFO - Started process (PID=369) to work on /home/airflow/.local/lib/python3.12/site-packages/airflow/example_dags/example_datasets.py
[2024-08-02T18:31:47.772+0000] {processor.py:830} INFO - Processing file /home/airflow/.local/lib/python3.12/site-packages/airflow/example_dags/example_datasets.py for tasks to queue
[2024-08-02T18:31:47.773+0000] {logging_mixin.py:188} INFO - [2024-08-02T18:31:47.773+0000] {dagbag.py:545} INFO - Filling up the DagBag from /home/airflow/.local/lib/python3.12/site-packages/airflow/example_dags/example_datasets.py
[2024-08-02T18:31:47.789+0000] {processor.py:840} INFO - DAG(s) 'consume_1_and_2_with_dataset_expressions', 'conditional_dataset_and_time_based_timetable', 'dataset_consumes_1_and_2', 'consume_1_or_2_with_dataset_expressions', 'dataset_produces_2', 'dataset_produces_1', 'dataset_consumes_unknown_never_scheduled', 'dataset_consumes_1', 'dataset_consumes_1_never_scheduled', 'consume_1_or_both_2_and_3_with_dataset_expressions' retrieved from /home/airflow/.local/lib/python3.12/site-packages/airflow/example_dags/example_datasets.py
[2024-08-02T18:31:47.831+0000] {logging_mixin.py:188} INFO - [2024-08-02T18:31:47.831+0000] {dag.py:3089} INFO - Sync 10 DAGs
[2024-08-02T18:31:47.854+0000] {logging_mixin.py:188} INFO - [2024-08-02T18:31:47.854+0000] {dag.py:3947} INFO - Setting next_dagrun for conditional_dataset_and_time_based_timetable to 2024-07-31 01:00:00+00:00, run_after=2024-07-31 01:00:00+00:00
[2024-08-02T18:31:47.857+0000] {logging_mixin.py:188} INFO - [2024-08-02T18:31:47.857+0000] {dag.py:3947} INFO - Setting next_dagrun for consume_1_and_2_with_dataset_expressions to None, run_after=None
[2024-08-02T18:31:47.858+0000] {logging_mixin.py:188} INFO - [2024-08-02T18:31:47.858+0000] {dag.py:3947} INFO - Setting next_dagrun for consume_1_or_2_with_dataset_expressions to None, run_after=None
[2024-08-02T18:31:47.859+0000] {logging_mixin.py:188} INFO - [2024-08-02T18:31:47.859+0000] {dag.py:3947} INFO - Setting next_dagrun for consume_1_or_both_2_and_3_with_dataset_expressions to None, run_after=None
[2024-08-02T18:31:47.861+0000] {logging_mixin.py:188} INFO - [2024-08-02T18:31:47.860+0000] {dag.py:3947} INFO - Setting next_dagrun for dataset_consumes_1 to None, run_after=None
[2024-08-02T18:31:47.862+0000] {logging_mixin.py:188} INFO - [2024-08-02T18:31:47.862+0000] {dag.py:3947} INFO - Setting next_dagrun for dataset_consumes_1_and_2 to None, run_after=None
[2024-08-02T18:31:47.863+0000] {logging_mixin.py:188} INFO - [2024-08-02T18:31:47.863+0000] {dag.py:3947} INFO - Setting next_dagrun for dataset_consumes_1_never_scheduled to None, run_after=None
[2024-08-02T18:31:47.864+0000] {logging_mixin.py:188} INFO - [2024-08-02T18:31:47.864+0000] {dag.py:3947} INFO - Setting next_dagrun for dataset_consumes_unknown_never_scheduled to None, run_after=None
[2024-08-02T18:31:47.866+0000] {logging_mixin.py:188} INFO - [2024-08-02T18:31:47.866+0000] {dag.py:3947} INFO - Setting next_dagrun for dataset_produces_1 to 2024-08-01 00:00:00+00:00, run_after=2024-08-02 00:00:00+00:00
[2024-08-02T18:31:47.867+0000] {logging_mixin.py:188} INFO - [2024-08-02T18:31:47.867+0000] {dag.py:3947} INFO - Setting next_dagrun for dataset_produces_2 to None, run_after=None
[2024-08-02T18:31:47.898+0000] {processor.py:183} INFO - Processing /home/airflow/.local/lib/python3.12/site-packages/airflow/example_dags/example_datasets.py took 0.132 seconds
[2024-08-02T18:32:18.424+0000] {processor.py:161} INFO - Started process (PID=428) to work on /home/airflow/.local/lib/python3.12/site-packages/airflow/example_dags/example_datasets.py
[2024-08-02T18:32:18.425+0000] {processor.py:830} INFO - Processing file /home/airflow/.local/lib/python3.12/site-packages/airflow/example_dags/example_datasets.py for tasks to queue
[2024-08-02T18:32:18.427+0000] {logging_mixin.py:188} INFO - [2024-08-02T18:32:18.427+0000] {dagbag.py:545} INFO - Filling up the DagBag from /home/airflow/.local/lib/python3.12/site-packages/airflow/example_dags/example_datasets.py
[2024-08-02T18:32:18.442+0000] {processor.py:840} INFO - DAG(s) 'dataset_produces_1', 'dataset_consumes_1_never_scheduled', 'consume_1_or_both_2_and_3_with_dataset_expressions', 'dataset_consumes_1', 'dataset_consumes_unknown_never_scheduled', 'dataset_produces_2', 'conditional_dataset_and_time_based_timetable', 'dataset_consumes_1_and_2', 'consume_1_and_2_with_dataset_expressions', 'consume_1_or_2_with_dataset_expressions' retrieved from /home/airflow/.local/lib/python3.12/site-packages/airflow/example_dags/example_datasets.py
[2024-08-02T18:32:18.486+0000] {logging_mixin.py:188} INFO - [2024-08-02T18:32:18.485+0000] {dag.py:3089} INFO - Sync 10 DAGs
[2024-08-02T18:32:18.509+0000] {logging_mixin.py:188} INFO - [2024-08-02T18:32:18.509+0000] {dag.py:3947} INFO - Setting next_dagrun for conditional_dataset_and_time_based_timetable to 2024-07-31 01:00:00+00:00, run_after=2024-07-31 01:00:00+00:00
[2024-08-02T18:32:18.513+0000] {logging_mixin.py:188} INFO - [2024-08-02T18:32:18.513+0000] {dag.py:3947} INFO - Setting next_dagrun for consume_1_and_2_with_dataset_expressions to None, run_after=None
[2024-08-02T18:32:18.514+0000] {logging_mixin.py:188} INFO - [2024-08-02T18:32:18.514+0000] {dag.py:3947} INFO - Setting next_dagrun for consume_1_or_2_with_dataset_expressions to None, run_after=None
[2024-08-02T18:32:18.515+0000] {logging_mixin.py:188} INFO - [2024-08-02T18:32:18.515+0000] {dag.py:3947} INFO - Setting next_dagrun for consume_1_or_both_2_and_3_with_dataset_expressions to None, run_after=None
[2024-08-02T18:32:18.516+0000] {logging_mixin.py:188} INFO - [2024-08-02T18:32:18.516+0000] {dag.py:3947} INFO - Setting next_dagrun for dataset_consumes_1 to None, run_after=None
[2024-08-02T18:32:18.518+0000] {logging_mixin.py:188} INFO - [2024-08-02T18:32:18.517+0000] {dag.py:3947} INFO - Setting next_dagrun for dataset_consumes_1_and_2 to None, run_after=None
[2024-08-02T18:32:18.519+0000] {logging_mixin.py:188} INFO - [2024-08-02T18:32:18.519+0000] {dag.py:3947} INFO - Setting next_dagrun for dataset_consumes_1_never_scheduled to None, run_after=None
[2024-08-02T18:32:18.520+0000] {logging_mixin.py:188} INFO - [2024-08-02T18:32:18.520+0000] {dag.py:3947} INFO - Setting next_dagrun for dataset_consumes_unknown_never_scheduled to None, run_after=None
[2024-08-02T18:32:18.522+0000] {logging_mixin.py:188} INFO - [2024-08-02T18:32:18.522+0000] {dag.py:3947} INFO - Setting next_dagrun for dataset_produces_1 to 2024-08-01 00:00:00+00:00, run_after=2024-08-02 00:00:00+00:00
[2024-08-02T18:32:18.523+0000] {logging_mixin.py:188} INFO - [2024-08-02T18:32:18.523+0000] {dag.py:3947} INFO - Setting next_dagrun for dataset_produces_2 to None, run_after=None
[2024-08-02T18:32:18.557+0000] {processor.py:183} INFO - Processing /home/airflow/.local/lib/python3.12/site-packages/airflow/example_dags/example_datasets.py took 0.137 seconds
[2024-08-02T18:32:50.231+0000] {processor.py:161} INFO - Started process (PID=487) to work on /home/airflow/.local/lib/python3.12/site-packages/airflow/example_dags/example_datasets.py
[2024-08-02T18:32:50.235+0000] {processor.py:830} INFO - Processing file /home/airflow/.local/lib/python3.12/site-packages/airflow/example_dags/example_datasets.py for tasks to queue
[2024-08-02T18:32:50.237+0000] {logging_mixin.py:188} INFO - [2024-08-02T18:32:50.236+0000] {dagbag.py:545} INFO - Filling up the DagBag from /home/airflow/.local/lib/python3.12/site-packages/airflow/example_dags/example_datasets.py
[2024-08-02T18:32:50.277+0000] {processor.py:840} INFO - DAG(s) 'consume_1_or_both_2_and_3_with_dataset_expressions', 'dataset_consumes_1_and_2', 'dataset_produces_2', 'dataset_consumes_unknown_never_scheduled', 'consume_1_or_2_with_dataset_expressions', 'dataset_produces_1', 'conditional_dataset_and_time_based_timetable', 'dataset_consumes_1', 'consume_1_and_2_with_dataset_expressions', 'dataset_consumes_1_never_scheduled' retrieved from /home/airflow/.local/lib/python3.12/site-packages/airflow/example_dags/example_datasets.py
[2024-08-02T18:32:50.352+0000] {logging_mixin.py:188} INFO - [2024-08-02T18:32:50.352+0000] {dag.py:3089} INFO - Sync 10 DAGs
[2024-08-02T18:32:50.380+0000] {logging_mixin.py:188} INFO - [2024-08-02T18:32:50.380+0000] {dag.py:3947} INFO - Setting next_dagrun for conditional_dataset_and_time_based_timetable to 2024-07-31 01:00:00+00:00, run_after=2024-07-31 01:00:00+00:00
[2024-08-02T18:32:50.386+0000] {logging_mixin.py:188} INFO - [2024-08-02T18:32:50.385+0000] {dag.py:3947} INFO - Setting next_dagrun for consume_1_and_2_with_dataset_expressions to None, run_after=None
[2024-08-02T18:32:50.388+0000] {logging_mixin.py:188} INFO - [2024-08-02T18:32:50.387+0000] {dag.py:3947} INFO - Setting next_dagrun for consume_1_or_2_with_dataset_expressions to None, run_after=None
[2024-08-02T18:32:50.390+0000] {logging_mixin.py:188} INFO - [2024-08-02T18:32:50.390+0000] {dag.py:3947} INFO - Setting next_dagrun for consume_1_or_both_2_and_3_with_dataset_expressions to None, run_after=None
[2024-08-02T18:32:50.392+0000] {logging_mixin.py:188} INFO - [2024-08-02T18:32:50.392+0000] {dag.py:3947} INFO - Setting next_dagrun for dataset_consumes_1 to None, run_after=None
[2024-08-02T18:32:50.394+0000] {logging_mixin.py:188} INFO - [2024-08-02T18:32:50.393+0000] {dag.py:3947} INFO - Setting next_dagrun for dataset_consumes_1_and_2 to None, run_after=None
[2024-08-02T18:32:50.395+0000] {logging_mixin.py:188} INFO - [2024-08-02T18:32:50.395+0000] {dag.py:3947} INFO - Setting next_dagrun for dataset_consumes_1_never_scheduled to None, run_after=None
[2024-08-02T18:32:50.397+0000] {logging_mixin.py:188} INFO - [2024-08-02T18:32:50.396+0000] {dag.py:3947} INFO - Setting next_dagrun for dataset_consumes_unknown_never_scheduled to None, run_after=None
[2024-08-02T18:32:50.401+0000] {logging_mixin.py:188} INFO - [2024-08-02T18:32:50.401+0000] {dag.py:3947} INFO - Setting next_dagrun for dataset_produces_1 to 2024-08-01 00:00:00+00:00, run_after=2024-08-02 00:00:00+00:00
[2024-08-02T18:32:50.403+0000] {logging_mixin.py:188} INFO - [2024-08-02T18:32:50.403+0000] {dag.py:3947} INFO - Setting next_dagrun for dataset_produces_2 to None, run_after=None
[2024-08-02T18:32:50.453+0000] {processor.py:183} INFO - Processing /home/airflow/.local/lib/python3.12/site-packages/airflow/example_dags/example_datasets.py took 0.228 seconds
[2024-08-02T18:35:13.929+0000] {processor.py:161} INFO - Started process (PID=546) to work on /home/airflow/.local/lib/python3.12/site-packages/airflow/example_dags/example_datasets.py
[2024-08-02T18:35:13.931+0000] {processor.py:830} INFO - Processing file /home/airflow/.local/lib/python3.12/site-packages/airflow/example_dags/example_datasets.py for tasks to queue
[2024-08-02T18:35:13.931+0000] {logging_mixin.py:188} INFO - [2024-08-02T18:35:13.931+0000] {dagbag.py:545} INFO - Filling up the DagBag from /home/airflow/.local/lib/python3.12/site-packages/airflow/example_dags/example_datasets.py
[2024-08-02T18:35:13.970+0000] {processor.py:840} INFO - DAG(s) 'dataset_produces_1', 'dataset_produces_2', 'dataset_consumes_1', 'consume_1_and_2_with_dataset_expressions', 'dataset_consumes_1_and_2', 'consume_1_or_both_2_and_3_with_dataset_expressions', 'dataset_consumes_1_never_scheduled', 'consume_1_or_2_with_dataset_expressions', 'conditional_dataset_and_time_based_timetable', 'dataset_consumes_unknown_never_scheduled' retrieved from /home/airflow/.local/lib/python3.12/site-packages/airflow/example_dags/example_datasets.py
[2024-08-02T18:35:14.025+0000] {logging_mixin.py:188} INFO - [2024-08-02T18:35:14.025+0000] {dag.py:3089} INFO - Sync 10 DAGs
[2024-08-02T18:35:14.050+0000] {logging_mixin.py:188} INFO - [2024-08-02T18:35:14.050+0000] {dag.py:3947} INFO - Setting next_dagrun for conditional_dataset_and_time_based_timetable to 2024-07-31 01:00:00+00:00, run_after=2024-07-31 01:00:00+00:00
[2024-08-02T18:35:14.054+0000] {logging_mixin.py:188} INFO - [2024-08-02T18:35:14.054+0000] {dag.py:3947} INFO - Setting next_dagrun for consume_1_and_2_with_dataset_expressions to None, run_after=None
[2024-08-02T18:35:14.055+0000] {logging_mixin.py:188} INFO - [2024-08-02T18:35:14.055+0000] {dag.py:3947} INFO - Setting next_dagrun for consume_1_or_2_with_dataset_expressions to None, run_after=None
[2024-08-02T18:35:14.056+0000] {logging_mixin.py:188} INFO - [2024-08-02T18:35:14.056+0000] {dag.py:3947} INFO - Setting next_dagrun for consume_1_or_both_2_and_3_with_dataset_expressions to None, run_after=None
[2024-08-02T18:35:14.057+0000] {logging_mixin.py:188} INFO - [2024-08-02T18:35:14.057+0000] {dag.py:3947} INFO - Setting next_dagrun for dataset_consumes_1 to None, run_after=None
[2024-08-02T18:35:14.058+0000] {logging_mixin.py:188} INFO - [2024-08-02T18:35:14.058+0000] {dag.py:3947} INFO - Setting next_dagrun for dataset_consumes_1_and_2 to None, run_after=None
[2024-08-02T18:35:14.059+0000] {logging_mixin.py:188} INFO - [2024-08-02T18:35:14.059+0000] {dag.py:3947} INFO - Setting next_dagrun for dataset_consumes_1_never_scheduled to None, run_after=None
[2024-08-02T18:35:14.060+0000] {logging_mixin.py:188} INFO - [2024-08-02T18:35:14.060+0000] {dag.py:3947} INFO - Setting next_dagrun for dataset_consumes_unknown_never_scheduled to None, run_after=None
[2024-08-02T18:35:14.062+0000] {logging_mixin.py:188} INFO - [2024-08-02T18:35:14.062+0000] {dag.py:3947} INFO - Setting next_dagrun for dataset_produces_1 to 2024-08-01 00:00:00+00:00, run_after=2024-08-02 00:00:00+00:00
[2024-08-02T18:35:14.064+0000] {logging_mixin.py:188} INFO - [2024-08-02T18:35:14.063+0000] {dag.py:3947} INFO - Setting next_dagrun for dataset_produces_2 to None, run_after=None
[2024-08-02T18:35:14.112+0000] {processor.py:183} INFO - Processing /home/airflow/.local/lib/python3.12/site-packages/airflow/example_dags/example_datasets.py took 0.188 seconds
[2024-08-02T18:36:33.765+0000] {processor.py:161} INFO - Started process (PID=605) to work on /home/airflow/.local/lib/python3.12/site-packages/airflow/example_dags/example_datasets.py
[2024-08-02T18:36:33.769+0000] {processor.py:830} INFO - Processing file /home/airflow/.local/lib/python3.12/site-packages/airflow/example_dags/example_datasets.py for tasks to queue
[2024-08-02T18:36:33.770+0000] {logging_mixin.py:188} INFO - [2024-08-02T18:36:33.770+0000] {dagbag.py:545} INFO - Filling up the DagBag from /home/airflow/.local/lib/python3.12/site-packages/airflow/example_dags/example_datasets.py
[2024-08-02T18:36:33.812+0000] {processor.py:840} INFO - DAG(s) 'dataset_produces_2', 'conditional_dataset_and_time_based_timetable', 'dataset_consumes_1', 'dataset_consumes_unknown_never_scheduled', 'dataset_consumes_1_and_2', 'dataset_produces_1', 'consume_1_or_both_2_and_3_with_dataset_expressions', 'consume_1_and_2_with_dataset_expressions', 'consume_1_or_2_with_dataset_expressions', 'dataset_consumes_1_never_scheduled' retrieved from /home/airflow/.local/lib/python3.12/site-packages/airflow/example_dags/example_datasets.py
[2024-08-02T18:36:33.867+0000] {logging_mixin.py:188} INFO - [2024-08-02T18:36:33.866+0000] {dag.py:3089} INFO - Sync 10 DAGs
[2024-08-02T18:36:33.907+0000] {logging_mixin.py:188} INFO - [2024-08-02T18:36:33.907+0000] {dag.py:3947} INFO - Setting next_dagrun for conditional_dataset_and_time_based_timetable to 2024-07-31 01:00:00+00:00, run_after=2024-07-31 01:00:00+00:00
[2024-08-02T18:36:33.912+0000] {logging_mixin.py:188} INFO - [2024-08-02T18:36:33.911+0000] {dag.py:3947} INFO - Setting next_dagrun for consume_1_and_2_with_dataset_expressions to None, run_after=None
[2024-08-02T18:36:33.913+0000] {logging_mixin.py:188} INFO - [2024-08-02T18:36:33.913+0000] {dag.py:3947} INFO - Setting next_dagrun for consume_1_or_2_with_dataset_expressions to None, run_after=None
[2024-08-02T18:36:33.915+0000] {logging_mixin.py:188} INFO - [2024-08-02T18:36:33.915+0000] {dag.py:3947} INFO - Setting next_dagrun for consume_1_or_both_2_and_3_with_dataset_expressions to None, run_after=None
[2024-08-02T18:36:33.916+0000] {logging_mixin.py:188} INFO - [2024-08-02T18:36:33.916+0000] {dag.py:3947} INFO - Setting next_dagrun for dataset_consumes_1 to None, run_after=None
[2024-08-02T18:36:33.917+0000] {logging_mixin.py:188} INFO - [2024-08-02T18:36:33.917+0000] {dag.py:3947} INFO - Setting next_dagrun for dataset_consumes_1_and_2 to None, run_after=None
[2024-08-02T18:36:33.919+0000] {logging_mixin.py:188} INFO - [2024-08-02T18:36:33.918+0000] {dag.py:3947} INFO - Setting next_dagrun for dataset_consumes_1_never_scheduled to None, run_after=None
[2024-08-02T18:36:33.920+0000] {logging_mixin.py:188} INFO - [2024-08-02T18:36:33.920+0000] {dag.py:3947} INFO - Setting next_dagrun for dataset_consumes_unknown_never_scheduled to None, run_after=None
[2024-08-02T18:36:33.922+0000] {logging_mixin.py:188} INFO - [2024-08-02T18:36:33.922+0000] {dag.py:3947} INFO - Setting next_dagrun for dataset_produces_1 to 2024-08-01 00:00:00+00:00, run_after=2024-08-02 00:00:00+00:00
[2024-08-02T18:36:33.924+0000] {logging_mixin.py:188} INFO - [2024-08-02T18:36:33.923+0000] {dag.py:3947} INFO - Setting next_dagrun for dataset_produces_2 to None, run_after=None
[2024-08-02T18:36:34.023+0000] {processor.py:183} INFO - Processing /home/airflow/.local/lib/python3.12/site-packages/airflow/example_dags/example_datasets.py took 0.263 seconds
[2024-08-02T18:38:26.632+0000] {processor.py:161} INFO - Started process (PID=650) to work on /home/airflow/.local/lib/python3.12/site-packages/airflow/example_dags/example_datasets.py
[2024-08-02T18:38:26.634+0000] {processor.py:830} INFO - Processing file /home/airflow/.local/lib/python3.12/site-packages/airflow/example_dags/example_datasets.py for tasks to queue
[2024-08-02T18:38:26.634+0000] {logging_mixin.py:188} INFO - [2024-08-02T18:38:26.634+0000] {dagbag.py:545} INFO - Filling up the DagBag from /home/airflow/.local/lib/python3.12/site-packages/airflow/example_dags/example_datasets.py
[2024-08-02T18:38:26.657+0000] {processor.py:840} INFO - DAG(s) 'consume_1_or_2_with_dataset_expressions', 'dataset_produces_1', 'dataset_consumes_unknown_never_scheduled', 'conditional_dataset_and_time_based_timetable', 'dataset_consumes_1_and_2', 'consume_1_and_2_with_dataset_expressions', 'consume_1_or_both_2_and_3_with_dataset_expressions', 'dataset_consumes_1', 'dataset_consumes_1_never_scheduled', 'dataset_produces_2' retrieved from /home/airflow/.local/lib/python3.12/site-packages/airflow/example_dags/example_datasets.py
[2024-08-02T18:38:26.701+0000] {logging_mixin.py:188} INFO - [2024-08-02T18:38:26.701+0000] {dag.py:3089} INFO - Sync 10 DAGs
[2024-08-02T18:38:26.725+0000] {logging_mixin.py:188} INFO - [2024-08-02T18:38:26.725+0000] {dag.py:3947} INFO - Setting next_dagrun for conditional_dataset_and_time_based_timetable to 2024-07-31 01:00:00+00:00, run_after=2024-07-31 01:00:00+00:00
[2024-08-02T18:38:26.728+0000] {logging_mixin.py:188} INFO - [2024-08-02T18:38:26.728+0000] {dag.py:3947} INFO - Setting next_dagrun for consume_1_and_2_with_dataset_expressions to None, run_after=None
[2024-08-02T18:38:26.730+0000] {logging_mixin.py:188} INFO - [2024-08-02T18:38:26.729+0000] {dag.py:3947} INFO - Setting next_dagrun for consume_1_or_2_with_dataset_expressions to None, run_after=None
[2024-08-02T18:38:26.731+0000] {logging_mixin.py:188} INFO - [2024-08-02T18:38:26.731+0000] {dag.py:3947} INFO - Setting next_dagrun for consume_1_or_both_2_and_3_with_dataset_expressions to None, run_after=None
[2024-08-02T18:38:26.732+0000] {logging_mixin.py:188} INFO - [2024-08-02T18:38:26.732+0000] {dag.py:3947} INFO - Setting next_dagrun for dataset_consumes_1 to None, run_after=None
[2024-08-02T18:38:26.733+0000] {logging_mixin.py:188} INFO - [2024-08-02T18:38:26.733+0000] {dag.py:3947} INFO - Setting next_dagrun for dataset_consumes_1_and_2 to None, run_after=None
[2024-08-02T18:38:26.734+0000] {logging_mixin.py:188} INFO - [2024-08-02T18:38:26.734+0000] {dag.py:3947} INFO - Setting next_dagrun for dataset_consumes_1_never_scheduled to None, run_after=None
[2024-08-02T18:38:26.735+0000] {logging_mixin.py:188} INFO - [2024-08-02T18:38:26.735+0000] {dag.py:3947} INFO - Setting next_dagrun for dataset_consumes_unknown_never_scheduled to None, run_after=None
[2024-08-02T18:38:26.737+0000] {logging_mixin.py:188} INFO - [2024-08-02T18:38:26.737+0000] {dag.py:3947} INFO - Setting next_dagrun for dataset_produces_1 to 2024-08-01 00:00:00+00:00, run_after=2024-08-02 00:00:00+00:00
[2024-08-02T18:38:26.738+0000] {logging_mixin.py:188} INFO - [2024-08-02T18:38:26.738+0000] {dag.py:3947} INFO - Setting next_dagrun for dataset_produces_2 to None, run_after=None
[2024-08-02T18:38:26.820+0000] {processor.py:183} INFO - Processing /home/airflow/.local/lib/python3.12/site-packages/airflow/example_dags/example_datasets.py took 0.193 seconds
[2024-08-02T18:39:15.335+0000] {processor.py:161} INFO - Started process (PID=701) to work on /home/airflow/.local/lib/python3.12/site-packages/airflow/example_dags/example_datasets.py
[2024-08-02T18:39:15.337+0000] {processor.py:830} INFO - Processing file /home/airflow/.local/lib/python3.12/site-packages/airflow/example_dags/example_datasets.py for tasks to queue
[2024-08-02T18:39:15.338+0000] {logging_mixin.py:188} INFO - [2024-08-02T18:39:15.338+0000] {dagbag.py:545} INFO - Filling up the DagBag from /home/airflow/.local/lib/python3.12/site-packages/airflow/example_dags/example_datasets.py
[2024-08-02T18:39:15.393+0000] {processor.py:840} INFO - DAG(s) 'dataset_consumes_unknown_never_scheduled', 'dataset_produces_1', 'consume_1_and_2_with_dataset_expressions', 'dataset_consumes_1_never_scheduled', 'dataset_consumes_1', 'conditional_dataset_and_time_based_timetable', 'dataset_consumes_1_and_2', 'consume_1_or_both_2_and_3_with_dataset_expressions', 'consume_1_or_2_with_dataset_expressions', 'dataset_produces_2' retrieved from /home/airflow/.local/lib/python3.12/site-packages/airflow/example_dags/example_datasets.py
[2024-08-02T18:39:15.475+0000] {logging_mixin.py:188} INFO - [2024-08-02T18:39:15.474+0000] {dag.py:3089} INFO - Sync 10 DAGs
[2024-08-02T18:39:15.643+0000] {logging_mixin.py:188} INFO - [2024-08-02T18:39:15.642+0000] {dag.py:3947} INFO - Setting next_dagrun for conditional_dataset_and_time_based_timetable to 2024-07-31 01:00:00+00:00, run_after=2024-07-31 01:00:00+00:00
[2024-08-02T18:39:15.648+0000] {logging_mixin.py:188} INFO - [2024-08-02T18:39:15.648+0000] {dag.py:3947} INFO - Setting next_dagrun for consume_1_and_2_with_dataset_expressions to None, run_after=None
[2024-08-02T18:39:15.649+0000] {logging_mixin.py:188} INFO - [2024-08-02T18:39:15.649+0000] {dag.py:3947} INFO - Setting next_dagrun for consume_1_or_2_with_dataset_expressions to None, run_after=None
[2024-08-02T18:39:15.650+0000] {logging_mixin.py:188} INFO - [2024-08-02T18:39:15.650+0000] {dag.py:3947} INFO - Setting next_dagrun for consume_1_or_both_2_and_3_with_dataset_expressions to None, run_after=None
[2024-08-02T18:39:15.652+0000] {logging_mixin.py:188} INFO - [2024-08-02T18:39:15.652+0000] {dag.py:3947} INFO - Setting next_dagrun for dataset_consumes_1 to None, run_after=None
[2024-08-02T18:39:15.653+0000] {logging_mixin.py:188} INFO - [2024-08-02T18:39:15.653+0000] {dag.py:3947} INFO - Setting next_dagrun for dataset_consumes_1_and_2 to None, run_after=None
[2024-08-02T18:39:15.655+0000] {logging_mixin.py:188} INFO - [2024-08-02T18:39:15.655+0000] {dag.py:3947} INFO - Setting next_dagrun for dataset_consumes_1_never_scheduled to None, run_after=None
[2024-08-02T18:39:15.657+0000] {logging_mixin.py:188} INFO - [2024-08-02T18:39:15.657+0000] {dag.py:3947} INFO - Setting next_dagrun for dataset_consumes_unknown_never_scheduled to None, run_after=None
[2024-08-02T18:39:15.660+0000] {logging_mixin.py:188} INFO - [2024-08-02T18:39:15.660+0000] {dag.py:3947} INFO - Setting next_dagrun for dataset_produces_1 to 2024-08-01 00:00:00+00:00, run_after=2024-08-02 00:00:00+00:00
[2024-08-02T18:39:15.662+0000] {logging_mixin.py:188} INFO - [2024-08-02T18:39:15.662+0000] {dag.py:3947} INFO - Setting next_dagrun for dataset_produces_2 to None, run_after=None
[2024-08-02T18:39:15.787+0000] {processor.py:183} INFO - Processing /home/airflow/.local/lib/python3.12/site-packages/airflow/example_dags/example_datasets.py took 0.457 seconds
[2024-08-02T18:45:09.256+0000] {processor.py:161} INFO - Started process (PID=61) to work on /home/airflow/.local/lib/python3.12/site-packages/airflow/example_dags/example_datasets.py
[2024-08-02T18:45:09.258+0000] {processor.py:830} INFO - Processing file /home/airflow/.local/lib/python3.12/site-packages/airflow/example_dags/example_datasets.py for tasks to queue
[2024-08-02T18:45:09.260+0000] {logging_mixin.py:188} INFO - [2024-08-02T18:45:09.259+0000] {dagbag.py:545} INFO - Filling up the DagBag from /home/airflow/.local/lib/python3.12/site-packages/airflow/example_dags/example_datasets.py
[2024-08-02T18:45:09.275+0000] {processor.py:840} INFO - DAG(s) 'conditional_dataset_and_time_based_timetable', 'dataset_produces_2', 'dataset_consumes_1_and_2', 'consume_1_or_2_with_dataset_expressions', 'consume_1_or_both_2_and_3_with_dataset_expressions', 'dataset_produces_1', 'dataset_consumes_unknown_never_scheduled', 'dataset_consumes_1', 'consume_1_and_2_with_dataset_expressions', 'dataset_consumes_1_never_scheduled' retrieved from /home/airflow/.local/lib/python3.12/site-packages/airflow/example_dags/example_datasets.py
[2024-08-02T18:45:09.290+0000] {logging_mixin.py:188} INFO - [2024-08-02T18:45:09.290+0000] {dag.py:3089} INFO - Sync 10 DAGs
[2024-08-02T18:45:09.313+0000] {logging_mixin.py:188} INFO - [2024-08-02T18:45:09.313+0000] {dag.py:3947} INFO - Setting next_dagrun for conditional_dataset_and_time_based_timetable to 2024-07-31 01:00:00+00:00, run_after=2024-07-31 01:00:00+00:00
[2024-08-02T18:45:09.320+0000] {logging_mixin.py:188} INFO - [2024-08-02T18:45:09.320+0000] {dag.py:3947} INFO - Setting next_dagrun for consume_1_and_2_with_dataset_expressions to None, run_after=None
[2024-08-02T18:45:09.322+0000] {logging_mixin.py:188} INFO - [2024-08-02T18:45:09.322+0000] {dag.py:3947} INFO - Setting next_dagrun for consume_1_or_2_with_dataset_expressions to None, run_after=None
[2024-08-02T18:45:09.324+0000] {logging_mixin.py:188} INFO - [2024-08-02T18:45:09.324+0000] {dag.py:3947} INFO - Setting next_dagrun for consume_1_or_both_2_and_3_with_dataset_expressions to None, run_after=None
[2024-08-02T18:45:09.325+0000] {logging_mixin.py:188} INFO - [2024-08-02T18:45:09.325+0000] {dag.py:3947} INFO - Setting next_dagrun for dataset_consumes_1 to None, run_after=None
[2024-08-02T18:45:09.327+0000] {logging_mixin.py:188} INFO - [2024-08-02T18:45:09.327+0000] {dag.py:3947} INFO - Setting next_dagrun for dataset_consumes_1_and_2 to None, run_after=None
[2024-08-02T18:45:09.328+0000] {logging_mixin.py:188} INFO - [2024-08-02T18:45:09.328+0000] {dag.py:3947} INFO - Setting next_dagrun for dataset_consumes_1_never_scheduled to None, run_after=None
[2024-08-02T18:45:09.329+0000] {logging_mixin.py:188} INFO - [2024-08-02T18:45:09.329+0000] {dag.py:3947} INFO - Setting next_dagrun for dataset_consumes_unknown_never_scheduled to None, run_after=None
[2024-08-02T18:45:09.331+0000] {logging_mixin.py:188} INFO - [2024-08-02T18:45:09.331+0000] {dag.py:3947} INFO - Setting next_dagrun for dataset_produces_1 to 2024-08-01 00:00:00+00:00, run_after=2024-08-02 00:00:00+00:00
[2024-08-02T18:45:09.333+0000] {logging_mixin.py:188} INFO - [2024-08-02T18:45:09.332+0000] {dag.py:3947} INFO - Setting next_dagrun for dataset_produces_2 to None, run_after=None
[2024-08-02T18:45:09.380+0000] {processor.py:183} INFO - Processing /home/airflow/.local/lib/python3.12/site-packages/airflow/example_dags/example_datasets.py took 0.129 seconds
[2024-08-02T18:45:40.663+0000] {processor.py:161} INFO - Started process (PID=126) to work on /home/airflow/.local/lib/python3.12/site-packages/airflow/example_dags/example_datasets.py
[2024-08-02T18:45:40.664+0000] {processor.py:830} INFO - Processing file /home/airflow/.local/lib/python3.12/site-packages/airflow/example_dags/example_datasets.py for tasks to queue
[2024-08-02T18:45:40.665+0000] {logging_mixin.py:188} INFO - [2024-08-02T18:45:40.665+0000] {dagbag.py:545} INFO - Filling up the DagBag from /home/airflow/.local/lib/python3.12/site-packages/airflow/example_dags/example_datasets.py
[2024-08-02T18:45:40.679+0000] {processor.py:840} INFO - DAG(s) 'dataset_consumes_1', 'consume_1_or_2_with_dataset_expressions', 'conditional_dataset_and_time_based_timetable', 'consume_1_or_both_2_and_3_with_dataset_expressions', 'dataset_consumes_1_and_2', 'dataset_consumes_unknown_never_scheduled', 'dataset_produces_2', 'dataset_consumes_1_never_scheduled', 'consume_1_and_2_with_dataset_expressions', 'dataset_produces_1' retrieved from /home/airflow/.local/lib/python3.12/site-packages/airflow/example_dags/example_datasets.py
[2024-08-02T18:45:40.859+0000] {logging_mixin.py:188} INFO - [2024-08-02T18:45:40.859+0000] {dag.py:3089} INFO - Sync 10 DAGs
[2024-08-02T18:45:40.885+0000] {logging_mixin.py:188} INFO - [2024-08-02T18:45:40.885+0000] {dag.py:3947} INFO - Setting next_dagrun for conditional_dataset_and_time_based_timetable to 2024-07-31 01:00:00+00:00, run_after=2024-07-31 01:00:00+00:00
[2024-08-02T18:45:40.888+0000] {logging_mixin.py:188} INFO - [2024-08-02T18:45:40.888+0000] {dag.py:3947} INFO - Setting next_dagrun for consume_1_and_2_with_dataset_expressions to None, run_after=None
[2024-08-02T18:45:40.890+0000] {logging_mixin.py:188} INFO - [2024-08-02T18:45:40.889+0000] {dag.py:3947} INFO - Setting next_dagrun for consume_1_or_2_with_dataset_expressions to None, run_after=None
[2024-08-02T18:45:40.891+0000] {logging_mixin.py:188} INFO - [2024-08-02T18:45:40.890+0000] {dag.py:3947} INFO - Setting next_dagrun for consume_1_or_both_2_and_3_with_dataset_expressions to None, run_after=None
[2024-08-02T18:45:40.892+0000] {logging_mixin.py:188} INFO - [2024-08-02T18:45:40.891+0000] {dag.py:3947} INFO - Setting next_dagrun for dataset_consumes_1 to None, run_after=None
[2024-08-02T18:45:40.892+0000] {logging_mixin.py:188} INFO - [2024-08-02T18:45:40.892+0000] {dag.py:3947} INFO - Setting next_dagrun for dataset_consumes_1_and_2 to None, run_after=None
[2024-08-02T18:45:40.893+0000] {logging_mixin.py:188} INFO - [2024-08-02T18:45:40.893+0000] {dag.py:3947} INFO - Setting next_dagrun for dataset_consumes_1_never_scheduled to None, run_after=None
[2024-08-02T18:45:40.894+0000] {logging_mixin.py:188} INFO - [2024-08-02T18:45:40.894+0000] {dag.py:3947} INFO - Setting next_dagrun for dataset_consumes_unknown_never_scheduled to None, run_after=None
[2024-08-02T18:45:40.897+0000] {logging_mixin.py:188} INFO - [2024-08-02T18:45:40.897+0000] {dag.py:3947} INFO - Setting next_dagrun for dataset_produces_1 to 2024-08-01 00:00:00+00:00, run_after=2024-08-02 00:00:00+00:00
[2024-08-02T18:45:40.898+0000] {logging_mixin.py:188} INFO - [2024-08-02T18:45:40.898+0000] {dag.py:3947} INFO - Setting next_dagrun for dataset_produces_2 to None, run_after=None
[2024-08-02T18:45:40.943+0000] {processor.py:183} INFO - Processing /home/airflow/.local/lib/python3.12/site-packages/airflow/example_dags/example_datasets.py took 0.284 seconds
[2024-08-02T18:46:11.077+0000] {processor.py:161} INFO - Started process (PID=186) to work on /home/airflow/.local/lib/python3.12/site-packages/airflow/example_dags/example_datasets.py
[2024-08-02T18:46:11.078+0000] {processor.py:830} INFO - Processing file /home/airflow/.local/lib/python3.12/site-packages/airflow/example_dags/example_datasets.py for tasks to queue
[2024-08-02T18:46:11.079+0000] {logging_mixin.py:188} INFO - [2024-08-02T18:46:11.079+0000] {dagbag.py:545} INFO - Filling up the DagBag from /home/airflow/.local/lib/python3.12/site-packages/airflow/example_dags/example_datasets.py
[2024-08-02T18:46:11.092+0000] {processor.py:840} INFO - DAG(s) 'dataset_consumes_unknown_never_scheduled', 'dataset_produces_2', 'consume_1_or_both_2_and_3_with_dataset_expressions', 'dataset_produces_1', 'dataset_consumes_1_and_2', 'consume_1_and_2_with_dataset_expressions', 'conditional_dataset_and_time_based_timetable', 'dataset_consumes_1_never_scheduled', 'dataset_consumes_1', 'consume_1_or_2_with_dataset_expressions' retrieved from /home/airflow/.local/lib/python3.12/site-packages/airflow/example_dags/example_datasets.py
[2024-08-02T18:46:11.146+0000] {logging_mixin.py:188} INFO - [2024-08-02T18:46:11.146+0000] {dag.py:3089} INFO - Sync 10 DAGs
[2024-08-02T18:46:11.172+0000] {logging_mixin.py:188} INFO - [2024-08-02T18:46:11.172+0000] {dag.py:3947} INFO - Setting next_dagrun for conditional_dataset_and_time_based_timetable to 2024-07-31 01:00:00+00:00, run_after=2024-07-31 01:00:00+00:00
[2024-08-02T18:46:11.176+0000] {logging_mixin.py:188} INFO - [2024-08-02T18:46:11.176+0000] {dag.py:3947} INFO - Setting next_dagrun for consume_1_and_2_with_dataset_expressions to None, run_after=None
[2024-08-02T18:46:11.177+0000] {logging_mixin.py:188} INFO - [2024-08-02T18:46:11.177+0000] {dag.py:3947} INFO - Setting next_dagrun for consume_1_or_2_with_dataset_expressions to None, run_after=None
[2024-08-02T18:46:11.179+0000] {logging_mixin.py:188} INFO - [2024-08-02T18:46:11.178+0000] {dag.py:3947} INFO - Setting next_dagrun for consume_1_or_both_2_and_3_with_dataset_expressions to None, run_after=None
[2024-08-02T18:46:11.180+0000] {logging_mixin.py:188} INFO - [2024-08-02T18:46:11.180+0000] {dag.py:3947} INFO - Setting next_dagrun for dataset_consumes_1 to None, run_after=None
[2024-08-02T18:46:11.182+0000] {logging_mixin.py:188} INFO - [2024-08-02T18:46:11.182+0000] {dag.py:3947} INFO - Setting next_dagrun for dataset_consumes_1_and_2 to None, run_after=None
[2024-08-02T18:46:11.183+0000] {logging_mixin.py:188} INFO - [2024-08-02T18:46:11.183+0000] {dag.py:3947} INFO - Setting next_dagrun for dataset_consumes_1_never_scheduled to None, run_after=None
[2024-08-02T18:46:11.185+0000] {logging_mixin.py:188} INFO - [2024-08-02T18:46:11.185+0000] {dag.py:3947} INFO - Setting next_dagrun for dataset_consumes_unknown_never_scheduled to None, run_after=None
[2024-08-02T18:46:11.188+0000] {logging_mixin.py:188} INFO - [2024-08-02T18:46:11.188+0000] {dag.py:3947} INFO - Setting next_dagrun for dataset_produces_1 to 2024-08-01 00:00:00+00:00, run_after=2024-08-02 00:00:00+00:00
[2024-08-02T18:46:11.189+0000] {logging_mixin.py:188} INFO - [2024-08-02T18:46:11.189+0000] {dag.py:3947} INFO - Setting next_dagrun for dataset_produces_2 to None, run_after=None
[2024-08-02T18:46:11.228+0000] {processor.py:183} INFO - Processing /home/airflow/.local/lib/python3.12/site-packages/airflow/example_dags/example_datasets.py took 0.156 seconds
[2024-08-02T18:46:42.444+0000] {processor.py:161} INFO - Started process (PID=246) to work on /home/airflow/.local/lib/python3.12/site-packages/airflow/example_dags/example_datasets.py
[2024-08-02T18:46:42.445+0000] {processor.py:830} INFO - Processing file /home/airflow/.local/lib/python3.12/site-packages/airflow/example_dags/example_datasets.py for tasks to queue
[2024-08-02T18:46:42.446+0000] {logging_mixin.py:188} INFO - [2024-08-02T18:46:42.446+0000] {dagbag.py:545} INFO - Filling up the DagBag from /home/airflow/.local/lib/python3.12/site-packages/airflow/example_dags/example_datasets.py
[2024-08-02T18:46:42.459+0000] {processor.py:840} INFO - DAG(s) 'dataset_consumes_1_and_2', 'dataset_consumes_1', 'dataset_produces_1', 'consume_1_and_2_with_dataset_expressions', 'dataset_consumes_unknown_never_scheduled', 'dataset_produces_2', 'consume_1_or_both_2_and_3_with_dataset_expressions', 'conditional_dataset_and_time_based_timetable', 'dataset_consumes_1_never_scheduled', 'consume_1_or_2_with_dataset_expressions' retrieved from /home/airflow/.local/lib/python3.12/site-packages/airflow/example_dags/example_datasets.py
[2024-08-02T18:46:42.513+0000] {logging_mixin.py:188} INFO - [2024-08-02T18:46:42.513+0000] {dag.py:3089} INFO - Sync 10 DAGs
[2024-08-02T18:46:42.537+0000] {logging_mixin.py:188} INFO - [2024-08-02T18:46:42.537+0000] {dag.py:3947} INFO - Setting next_dagrun for conditional_dataset_and_time_based_timetable to 2024-07-31 01:00:00+00:00, run_after=2024-07-31 01:00:00+00:00
[2024-08-02T18:46:42.541+0000] {logging_mixin.py:188} INFO - [2024-08-02T18:46:42.540+0000] {dag.py:3947} INFO - Setting next_dagrun for consume_1_and_2_with_dataset_expressions to None, run_after=None
[2024-08-02T18:46:42.542+0000] {logging_mixin.py:188} INFO - [2024-08-02T18:46:42.542+0000] {dag.py:3947} INFO - Setting next_dagrun for consume_1_or_2_with_dataset_expressions to None, run_after=None
[2024-08-02T18:46:42.543+0000] {logging_mixin.py:188} INFO - [2024-08-02T18:46:42.543+0000] {dag.py:3947} INFO - Setting next_dagrun for consume_1_or_both_2_and_3_with_dataset_expressions to None, run_after=None
[2024-08-02T18:46:42.544+0000] {logging_mixin.py:188} INFO - [2024-08-02T18:46:42.544+0000] {dag.py:3947} INFO - Setting next_dagrun for dataset_consumes_1 to None, run_after=None
[2024-08-02T18:46:42.546+0000] {logging_mixin.py:188} INFO - [2024-08-02T18:46:42.545+0000] {dag.py:3947} INFO - Setting next_dagrun for dataset_consumes_1_and_2 to None, run_after=None
[2024-08-02T18:46:42.547+0000] {logging_mixin.py:188} INFO - [2024-08-02T18:46:42.546+0000] {dag.py:3947} INFO - Setting next_dagrun for dataset_consumes_1_never_scheduled to None, run_after=None
[2024-08-02T18:46:42.547+0000] {logging_mixin.py:188} INFO - [2024-08-02T18:46:42.547+0000] {dag.py:3947} INFO - Setting next_dagrun for dataset_consumes_unknown_never_scheduled to None, run_after=None
[2024-08-02T18:46:42.550+0000] {logging_mixin.py:188} INFO - [2024-08-02T18:46:42.549+0000] {dag.py:3947} INFO - Setting next_dagrun for dataset_produces_1 to 2024-08-01 00:00:00+00:00, run_after=2024-08-02 00:00:00+00:00
[2024-08-02T18:46:42.550+0000] {logging_mixin.py:188} INFO - [2024-08-02T18:46:42.550+0000] {dag.py:3947} INFO - Setting next_dagrun for dataset_produces_2 to None, run_after=None
[2024-08-02T18:46:42.636+0000] {processor.py:183} INFO - Processing /home/airflow/.local/lib/python3.12/site-packages/airflow/example_dags/example_datasets.py took 0.197 seconds
[2024-08-02T18:48:41.203+0000] {processor.py:161} INFO - Started process (PID=74) to work on /home/airflow/.local/lib/python3.12/site-packages/airflow/example_dags/example_datasets.py
[2024-08-02T18:48:41.204+0000] {processor.py:830} INFO - Processing file /home/airflow/.local/lib/python3.12/site-packages/airflow/example_dags/example_datasets.py for tasks to queue
[2024-08-02T18:48:41.206+0000] {logging_mixin.py:188} INFO - [2024-08-02T18:48:41.206+0000] {dagbag.py:545} INFO - Filling up the DagBag from /home/airflow/.local/lib/python3.12/site-packages/airflow/example_dags/example_datasets.py
[2024-08-02T18:48:41.254+0000] {processor.py:840} INFO - DAG(s) 'dataset_consumes_1_never_scheduled', 'dataset_consumes_unknown_never_scheduled', 'consume_1_or_both_2_and_3_with_dataset_expressions', 'dataset_consumes_1', 'dataset_consumes_1_and_2', 'conditional_dataset_and_time_based_timetable', 'dataset_produces_2', 'dataset_produces_1', 'consume_1_and_2_with_dataset_expressions', 'consume_1_or_2_with_dataset_expressions' retrieved from /home/airflow/.local/lib/python3.12/site-packages/airflow/example_dags/example_datasets.py
[2024-08-02T18:48:41.633+0000] {logging_mixin.py:188} INFO - [2024-08-02T18:48:41.633+0000] {dag.py:3089} INFO - Sync 10 DAGs
[2024-08-02T18:48:41.656+0000] {logging_mixin.py:188} INFO - [2024-08-02T18:48:41.656+0000] {dag.py:3947} INFO - Setting next_dagrun for conditional_dataset_and_time_based_timetable to 2024-07-31 01:00:00+00:00, run_after=2024-07-31 01:00:00+00:00
[2024-08-02T18:48:41.659+0000] {logging_mixin.py:188} INFO - [2024-08-02T18:48:41.659+0000] {dag.py:3947} INFO - Setting next_dagrun for consume_1_and_2_with_dataset_expressions to None, run_after=None
[2024-08-02T18:48:41.661+0000] {logging_mixin.py:188} INFO - [2024-08-02T18:48:41.661+0000] {dag.py:3947} INFO - Setting next_dagrun for consume_1_or_2_with_dataset_expressions to None, run_after=None
[2024-08-02T18:48:41.662+0000] {logging_mixin.py:188} INFO - [2024-08-02T18:48:41.662+0000] {dag.py:3947} INFO - Setting next_dagrun for consume_1_or_both_2_and_3_with_dataset_expressions to None, run_after=None
[2024-08-02T18:48:41.663+0000] {logging_mixin.py:188} INFO - [2024-08-02T18:48:41.663+0000] {dag.py:3947} INFO - Setting next_dagrun for dataset_consumes_1 to None, run_after=None
[2024-08-02T18:48:41.664+0000] {logging_mixin.py:188} INFO - [2024-08-02T18:48:41.664+0000] {dag.py:3947} INFO - Setting next_dagrun for dataset_consumes_1_and_2 to None, run_after=None
[2024-08-02T18:48:41.665+0000] {logging_mixin.py:188} INFO - [2024-08-02T18:48:41.664+0000] {dag.py:3947} INFO - Setting next_dagrun for dataset_consumes_1_never_scheduled to None, run_after=None
[2024-08-02T18:48:41.666+0000] {logging_mixin.py:188} INFO - [2024-08-02T18:48:41.666+0000] {dag.py:3947} INFO - Setting next_dagrun for dataset_consumes_unknown_never_scheduled to None, run_after=None
[2024-08-02T18:48:41.669+0000] {logging_mixin.py:188} INFO - [2024-08-02T18:48:41.669+0000] {dag.py:3947} INFO - Setting next_dagrun for dataset_produces_1 to 2024-08-01 00:00:00+00:00, run_after=2024-08-02 00:00:00+00:00
[2024-08-02T18:48:41.670+0000] {logging_mixin.py:188} INFO - [2024-08-02T18:48:41.670+0000] {dag.py:3947} INFO - Setting next_dagrun for dataset_produces_2 to None, run_after=None
[2024-08-02T18:48:41.711+0000] {processor.py:183} INFO - Processing /home/airflow/.local/lib/python3.12/site-packages/airflow/example_dags/example_datasets.py took 0.514 seconds
[2024-08-02T18:49:12.023+0000] {processor.py:161} INFO - Started process (PID=134) to work on /home/airflow/.local/lib/python3.12/site-packages/airflow/example_dags/example_datasets.py
[2024-08-02T18:49:12.025+0000] {processor.py:830} INFO - Processing file /home/airflow/.local/lib/python3.12/site-packages/airflow/example_dags/example_datasets.py for tasks to queue
[2024-08-02T18:49:12.026+0000] {logging_mixin.py:188} INFO - [2024-08-02T18:49:12.026+0000] {dagbag.py:545} INFO - Filling up the DagBag from /home/airflow/.local/lib/python3.12/site-packages/airflow/example_dags/example_datasets.py
[2024-08-02T18:49:12.041+0000] {processor.py:840} INFO - DAG(s) 'dataset_consumes_1_never_scheduled', 'dataset_consumes_unknown_never_scheduled', 'consume_1_and_2_with_dataset_expressions', 'dataset_consumes_1_and_2', 'consume_1_or_both_2_and_3_with_dataset_expressions', 'dataset_produces_1', 'dataset_produces_2', 'conditional_dataset_and_time_based_timetable', 'consume_1_or_2_with_dataset_expressions', 'dataset_consumes_1' retrieved from /home/airflow/.local/lib/python3.12/site-packages/airflow/example_dags/example_datasets.py
[2024-08-02T18:49:12.083+0000] {logging_mixin.py:188} INFO - [2024-08-02T18:49:12.083+0000] {dag.py:3089} INFO - Sync 10 DAGs
[2024-08-02T18:49:12.110+0000] {logging_mixin.py:188} INFO - [2024-08-02T18:49:12.109+0000] {dag.py:3947} INFO - Setting next_dagrun for conditional_dataset_and_time_based_timetable to 2024-07-31 01:00:00+00:00, run_after=2024-07-31 01:00:00+00:00
[2024-08-02T18:49:12.113+0000] {logging_mixin.py:188} INFO - [2024-08-02T18:49:12.113+0000] {dag.py:3947} INFO - Setting next_dagrun for consume_1_and_2_with_dataset_expressions to None, run_after=None
[2024-08-02T18:49:12.114+0000] {logging_mixin.py:188} INFO - [2024-08-02T18:49:12.114+0000] {dag.py:3947} INFO - Setting next_dagrun for consume_1_or_2_with_dataset_expressions to None, run_after=None
[2024-08-02T18:49:12.115+0000] {logging_mixin.py:188} INFO - [2024-08-02T18:49:12.115+0000] {dag.py:3947} INFO - Setting next_dagrun for consume_1_or_both_2_and_3_with_dataset_expressions to None, run_after=None
[2024-08-02T18:49:12.116+0000] {logging_mixin.py:188} INFO - [2024-08-02T18:49:12.116+0000] {dag.py:3947} INFO - Setting next_dagrun for dataset_consumes_1 to None, run_after=None
[2024-08-02T18:49:12.117+0000] {logging_mixin.py:188} INFO - [2024-08-02T18:49:12.117+0000] {dag.py:3947} INFO - Setting next_dagrun for dataset_consumes_1_and_2 to None, run_after=None
[2024-08-02T18:49:12.118+0000] {logging_mixin.py:188} INFO - [2024-08-02T18:49:12.118+0000] {dag.py:3947} INFO - Setting next_dagrun for dataset_consumes_1_never_scheduled to None, run_after=None
[2024-08-02T18:49:12.119+0000] {logging_mixin.py:188} INFO - [2024-08-02T18:49:12.119+0000] {dag.py:3947} INFO - Setting next_dagrun for dataset_consumes_unknown_never_scheduled to None, run_after=None
[2024-08-02T18:49:12.122+0000] {logging_mixin.py:188} INFO - [2024-08-02T18:49:12.121+0000] {dag.py:3947} INFO - Setting next_dagrun for dataset_produces_1 to 2024-08-01 00:00:00+00:00, run_after=2024-08-02 00:00:00+00:00
[2024-08-02T18:49:12.123+0000] {logging_mixin.py:188} INFO - [2024-08-02T18:49:12.123+0000] {dag.py:3947} INFO - Setting next_dagrun for dataset_produces_2 to None, run_after=None
[2024-08-02T18:49:12.156+0000] {processor.py:183} INFO - Processing /home/airflow/.local/lib/python3.12/site-packages/airflow/example_dags/example_datasets.py took 0.137 seconds
