[2024-08-02T15:35:40.374+0000] {processor.py:161} INFO - Started process (PID=84) to work on /home/airflow/.local/lib/python3.12/site-packages/airflow/example_dags/example_latest_only.py
[2024-08-02T15:35:40.375+0000] {processor.py:830} INFO - Processing file /home/airflow/.local/lib/python3.12/site-packages/airflow/example_dags/example_latest_only.py for tasks to queue
[2024-08-02T15:35:40.382+0000] {logging_mixin.py:188} INFO - [2024-08-02T15:35:40.382+0000] {dagbag.py:545} INFO - Filling up the DagBag from /home/airflow/.local/lib/python3.12/site-packages/airflow/example_dags/example_latest_only.py
[2024-08-02T15:35:40.477+0000] {processor.py:840} INFO - DAG(s) 'latest_only' retrieved from /home/airflow/.local/lib/python3.12/site-packages/airflow/example_dags/example_latest_only.py
[2024-08-02T15:35:41.267+0000] {logging_mixin.py:188} INFO - [2024-08-02T15:35:41.266+0000] {dag.py:3089} INFO - Sync 1 DAGs
[2024-08-02T15:35:41.311+0000] {logging_mixin.py:188} INFO - [2024-08-02T15:35:41.309+0000] {dag.py:3947} INFO - Setting next_dagrun for latest_only to 2024-08-02 08:00:00+00:00, run_after=2024-08-02 12:00:00+00:00
[2024-08-02T15:35:41.400+0000] {processor.py:183} INFO - Processing /home/airflow/.local/lib/python3.12/site-packages/airflow/example_dags/example_latest_only.py took 1.032 seconds
[2024-08-02T15:36:12.334+0000] {processor.py:161} INFO - Started process (PID=143) to work on /home/airflow/.local/lib/python3.12/site-packages/airflow/example_dags/example_latest_only.py
[2024-08-02T15:36:12.336+0000] {processor.py:830} INFO - Processing file /home/airflow/.local/lib/python3.12/site-packages/airflow/example_dags/example_latest_only.py for tasks to queue
[2024-08-02T15:36:12.342+0000] {logging_mixin.py:188} INFO - [2024-08-02T15:36:12.342+0000] {dagbag.py:545} INFO - Filling up the DagBag from /home/airflow/.local/lib/python3.12/site-packages/airflow/example_dags/example_latest_only.py
[2024-08-02T15:36:12.349+0000] {processor.py:840} INFO - DAG(s) 'latest_only' retrieved from /home/airflow/.local/lib/python3.12/site-packages/airflow/example_dags/example_latest_only.py
[2024-08-02T15:36:12.377+0000] {logging_mixin.py:188} INFO - [2024-08-02T15:36:12.376+0000] {dag.py:3089} INFO - Sync 1 DAGs
[2024-08-02T15:36:12.409+0000] {logging_mixin.py:188} INFO - [2024-08-02T15:36:12.408+0000] {dag.py:3947} INFO - Setting next_dagrun for latest_only to 2024-08-02 08:00:00+00:00, run_after=2024-08-02 12:00:00+00:00
[2024-08-02T15:36:12.486+0000] {processor.py:183} INFO - Processing /home/airflow/.local/lib/python3.12/site-packages/airflow/example_dags/example_latest_only.py took 0.162 seconds
[2024-08-02T18:29:13.905+0000] {processor.py:161} INFO - Started process (PID=73) to work on /home/airflow/.local/lib/python3.12/site-packages/airflow/example_dags/example_latest_only.py
[2024-08-02T18:29:13.909+0000] {processor.py:830} INFO - Processing file /home/airflow/.local/lib/python3.12/site-packages/airflow/example_dags/example_latest_only.py for tasks to queue
[2024-08-02T18:29:13.910+0000] {logging_mixin.py:188} INFO - [2024-08-02T18:29:13.910+0000] {dagbag.py:545} INFO - Filling up the DagBag from /home/airflow/.local/lib/python3.12/site-packages/airflow/example_dags/example_latest_only.py
[2024-08-02T18:29:13.918+0000] {processor.py:840} INFO - DAG(s) 'latest_only' retrieved from /home/airflow/.local/lib/python3.12/site-packages/airflow/example_dags/example_latest_only.py
[2024-08-02T18:29:14.018+0000] {logging_mixin.py:188} INFO - [2024-08-02T18:29:14.018+0000] {dag.py:3089} INFO - Sync 1 DAGs
[2024-08-02T18:29:14.038+0000] {logging_mixin.py:188} INFO - [2024-08-02T18:29:14.038+0000] {dag.py:3947} INFO - Setting next_dagrun for latest_only to 2024-08-02 12:00:00+00:00, run_after=2024-08-02 16:00:00+00:00
[2024-08-02T18:29:14.061+0000] {processor.py:183} INFO - Processing /home/airflow/.local/lib/python3.12/site-packages/airflow/example_dags/example_latest_only.py took 0.161 seconds
[2024-08-02T18:29:44.538+0000] {processor.py:161} INFO - Started process (PID=132) to work on /home/airflow/.local/lib/python3.12/site-packages/airflow/example_dags/example_latest_only.py
[2024-08-02T18:29:44.539+0000] {processor.py:830} INFO - Processing file /home/airflow/.local/lib/python3.12/site-packages/airflow/example_dags/example_latest_only.py for tasks to queue
[2024-08-02T18:29:44.541+0000] {logging_mixin.py:188} INFO - [2024-08-02T18:29:44.540+0000] {dagbag.py:545} INFO - Filling up the DagBag from /home/airflow/.local/lib/python3.12/site-packages/airflow/example_dags/example_latest_only.py
[2024-08-02T18:29:44.545+0000] {processor.py:840} INFO - DAG(s) 'latest_only' retrieved from /home/airflow/.local/lib/python3.12/site-packages/airflow/example_dags/example_latest_only.py
[2024-08-02T18:29:44.565+0000] {logging_mixin.py:188} INFO - [2024-08-02T18:29:44.565+0000] {dag.py:3089} INFO - Sync 1 DAGs
[2024-08-02T18:29:44.591+0000] {logging_mixin.py:188} INFO - [2024-08-02T18:29:44.590+0000] {dag.py:3947} INFO - Setting next_dagrun for latest_only to 2024-08-02 12:00:00+00:00, run_after=2024-08-02 16:00:00+00:00
[2024-08-02T18:29:44.614+0000] {processor.py:183} INFO - Processing /home/airflow/.local/lib/python3.12/site-packages/airflow/example_dags/example_latest_only.py took 0.081 seconds
[2024-08-02T18:30:15.385+0000] {processor.py:161} INFO - Started process (PID=191) to work on /home/airflow/.local/lib/python3.12/site-packages/airflow/example_dags/example_latest_only.py
[2024-08-02T18:30:15.388+0000] {processor.py:830} INFO - Processing file /home/airflow/.local/lib/python3.12/site-packages/airflow/example_dags/example_latest_only.py for tasks to queue
[2024-08-02T18:30:15.390+0000] {logging_mixin.py:188} INFO - [2024-08-02T18:30:15.389+0000] {dagbag.py:545} INFO - Filling up the DagBag from /home/airflow/.local/lib/python3.12/site-packages/airflow/example_dags/example_latest_only.py
[2024-08-02T18:30:15.394+0000] {processor.py:840} INFO - DAG(s) 'latest_only' retrieved from /home/airflow/.local/lib/python3.12/site-packages/airflow/example_dags/example_latest_only.py
[2024-08-02T18:30:15.412+0000] {logging_mixin.py:188} INFO - [2024-08-02T18:30:15.412+0000] {dag.py:3089} INFO - Sync 1 DAGs
[2024-08-02T18:30:15.433+0000] {logging_mixin.py:188} INFO - [2024-08-02T18:30:15.433+0000] {dag.py:3947} INFO - Setting next_dagrun for latest_only to 2024-08-02 12:00:00+00:00, run_after=2024-08-02 16:00:00+00:00
[2024-08-02T18:30:15.455+0000] {processor.py:183} INFO - Processing /home/airflow/.local/lib/python3.12/site-packages/airflow/example_dags/example_latest_only.py took 0.074 seconds
[2024-08-02T18:30:46.030+0000] {processor.py:161} INFO - Started process (PID=250) to work on /home/airflow/.local/lib/python3.12/site-packages/airflow/example_dags/example_latest_only.py
[2024-08-02T18:30:46.032+0000] {processor.py:830} INFO - Processing file /home/airflow/.local/lib/python3.12/site-packages/airflow/example_dags/example_latest_only.py for tasks to queue
[2024-08-02T18:30:46.033+0000] {logging_mixin.py:188} INFO - [2024-08-02T18:30:46.033+0000] {dagbag.py:545} INFO - Filling up the DagBag from /home/airflow/.local/lib/python3.12/site-packages/airflow/example_dags/example_latest_only.py
[2024-08-02T18:30:46.038+0000] {processor.py:840} INFO - DAG(s) 'latest_only' retrieved from /home/airflow/.local/lib/python3.12/site-packages/airflow/example_dags/example_latest_only.py
[2024-08-02T18:30:46.056+0000] {logging_mixin.py:188} INFO - [2024-08-02T18:30:46.056+0000] {dag.py:3089} INFO - Sync 1 DAGs
[2024-08-02T18:30:46.080+0000] {logging_mixin.py:188} INFO - [2024-08-02T18:30:46.080+0000] {dag.py:3947} INFO - Setting next_dagrun for latest_only to 2024-08-02 12:00:00+00:00, run_after=2024-08-02 16:00:00+00:00
[2024-08-02T18:30:46.103+0000] {processor.py:183} INFO - Processing /home/airflow/.local/lib/python3.12/site-packages/airflow/example_dags/example_latest_only.py took 0.077 seconds
[2024-08-02T18:31:16.949+0000] {processor.py:161} INFO - Started process (PID=309) to work on /home/airflow/.local/lib/python3.12/site-packages/airflow/example_dags/example_latest_only.py
[2024-08-02T18:31:16.950+0000] {processor.py:830} INFO - Processing file /home/airflow/.local/lib/python3.12/site-packages/airflow/example_dags/example_latest_only.py for tasks to queue
[2024-08-02T18:31:16.952+0000] {logging_mixin.py:188} INFO - [2024-08-02T18:31:16.951+0000] {dagbag.py:545} INFO - Filling up the DagBag from /home/airflow/.local/lib/python3.12/site-packages/airflow/example_dags/example_latest_only.py
[2024-08-02T18:31:16.955+0000] {processor.py:840} INFO - DAG(s) 'latest_only' retrieved from /home/airflow/.local/lib/python3.12/site-packages/airflow/example_dags/example_latest_only.py
[2024-08-02T18:31:16.973+0000] {logging_mixin.py:188} INFO - [2024-08-02T18:31:16.973+0000] {dag.py:3089} INFO - Sync 1 DAGs
[2024-08-02T18:31:16.993+0000] {logging_mixin.py:188} INFO - [2024-08-02T18:31:16.993+0000] {dag.py:3947} INFO - Setting next_dagrun for latest_only to 2024-08-02 12:00:00+00:00, run_after=2024-08-02 16:00:00+00:00
[2024-08-02T18:31:17.012+0000] {processor.py:183} INFO - Processing /home/airflow/.local/lib/python3.12/site-packages/airflow/example_dags/example_latest_only.py took 0.067 seconds
[2024-08-02T18:31:47.693+0000] {processor.py:161} INFO - Started process (PID=368) to work on /home/airflow/.local/lib/python3.12/site-packages/airflow/example_dags/example_latest_only.py
[2024-08-02T18:31:47.694+0000] {processor.py:830} INFO - Processing file /home/airflow/.local/lib/python3.12/site-packages/airflow/example_dags/example_latest_only.py for tasks to queue
[2024-08-02T18:31:47.695+0000] {logging_mixin.py:188} INFO - [2024-08-02T18:31:47.695+0000] {dagbag.py:545} INFO - Filling up the DagBag from /home/airflow/.local/lib/python3.12/site-packages/airflow/example_dags/example_latest_only.py
[2024-08-02T18:31:47.699+0000] {processor.py:840} INFO - DAG(s) 'latest_only' retrieved from /home/airflow/.local/lib/python3.12/site-packages/airflow/example_dags/example_latest_only.py
[2024-08-02T18:31:47.715+0000] {logging_mixin.py:188} INFO - [2024-08-02T18:31:47.715+0000] {dag.py:3089} INFO - Sync 1 DAGs
[2024-08-02T18:31:47.734+0000] {logging_mixin.py:188} INFO - [2024-08-02T18:31:47.734+0000] {dag.py:3947} INFO - Setting next_dagrun for latest_only to 2024-08-02 12:00:00+00:00, run_after=2024-08-02 16:00:00+00:00
[2024-08-02T18:31:47.751+0000] {processor.py:183} INFO - Processing /home/airflow/.local/lib/python3.12/site-packages/airflow/example_dags/example_latest_only.py took 0.063 seconds
[2024-08-02T18:32:18.407+0000] {processor.py:161} INFO - Started process (PID=427) to work on /home/airflow/.local/lib/python3.12/site-packages/airflow/example_dags/example_latest_only.py
[2024-08-02T18:32:18.408+0000] {processor.py:830} INFO - Processing file /home/airflow/.local/lib/python3.12/site-packages/airflow/example_dags/example_latest_only.py for tasks to queue
[2024-08-02T18:32:18.409+0000] {logging_mixin.py:188} INFO - [2024-08-02T18:32:18.409+0000] {dagbag.py:545} INFO - Filling up the DagBag from /home/airflow/.local/lib/python3.12/site-packages/airflow/example_dags/example_latest_only.py
[2024-08-02T18:32:18.415+0000] {processor.py:840} INFO - DAG(s) 'latest_only' retrieved from /home/airflow/.local/lib/python3.12/site-packages/airflow/example_dags/example_latest_only.py
[2024-08-02T18:32:18.432+0000] {logging_mixin.py:188} INFO - [2024-08-02T18:32:18.432+0000] {dag.py:3089} INFO - Sync 1 DAGs
[2024-08-02T18:32:18.452+0000] {logging_mixin.py:188} INFO - [2024-08-02T18:32:18.452+0000] {dag.py:3947} INFO - Setting next_dagrun for latest_only to 2024-08-02 12:00:00+00:00, run_after=2024-08-02 16:00:00+00:00
[2024-08-02T18:32:18.471+0000] {processor.py:183} INFO - Processing /home/airflow/.local/lib/python3.12/site-packages/airflow/example_dags/example_latest_only.py took 0.069 seconds
[2024-08-02T18:32:50.126+0000] {processor.py:161} INFO - Started process (PID=486) to work on /home/airflow/.local/lib/python3.12/site-packages/airflow/example_dags/example_latest_only.py
[2024-08-02T18:32:50.135+0000] {processor.py:830} INFO - Processing file /home/airflow/.local/lib/python3.12/site-packages/airflow/example_dags/example_latest_only.py for tasks to queue
[2024-08-02T18:32:50.137+0000] {logging_mixin.py:188} INFO - [2024-08-02T18:32:50.136+0000] {dagbag.py:545} INFO - Filling up the DagBag from /home/airflow/.local/lib/python3.12/site-packages/airflow/example_dags/example_latest_only.py
[2024-08-02T18:32:50.144+0000] {processor.py:840} INFO - DAG(s) 'latest_only' retrieved from /home/airflow/.local/lib/python3.12/site-packages/airflow/example_dags/example_latest_only.py
[2024-08-02T18:32:50.173+0000] {logging_mixin.py:188} INFO - [2024-08-02T18:32:50.173+0000] {dag.py:3089} INFO - Sync 1 DAGs
[2024-08-02T18:32:50.207+0000] {logging_mixin.py:188} INFO - [2024-08-02T18:32:50.207+0000] {dag.py:3947} INFO - Setting next_dagrun for latest_only to 2024-08-02 12:00:00+00:00, run_after=2024-08-02 16:00:00+00:00
[2024-08-02T18:32:50.239+0000] {processor.py:183} INFO - Processing /home/airflow/.local/lib/python3.12/site-packages/airflow/example_dags/example_latest_only.py took 0.121 seconds
[2024-08-02T18:35:13.814+0000] {processor.py:161} INFO - Started process (PID=545) to work on /home/airflow/.local/lib/python3.12/site-packages/airflow/example_dags/example_latest_only.py
[2024-08-02T18:35:13.816+0000] {processor.py:830} INFO - Processing file /home/airflow/.local/lib/python3.12/site-packages/airflow/example_dags/example_latest_only.py for tasks to queue
[2024-08-02T18:35:13.816+0000] {logging_mixin.py:188} INFO - [2024-08-02T18:35:13.816+0000] {dagbag.py:545} INFO - Filling up the DagBag from /home/airflow/.local/lib/python3.12/site-packages/airflow/example_dags/example_latest_only.py
[2024-08-02T18:35:13.822+0000] {processor.py:840} INFO - DAG(s) 'latest_only' retrieved from /home/airflow/.local/lib/python3.12/site-packages/airflow/example_dags/example_latest_only.py
[2024-08-02T18:35:13.854+0000] {logging_mixin.py:188} INFO - [2024-08-02T18:35:13.853+0000] {dag.py:3089} INFO - Sync 1 DAGs
[2024-08-02T18:35:13.879+0000] {logging_mixin.py:188} INFO - [2024-08-02T18:35:13.878+0000] {dag.py:3947} INFO - Setting next_dagrun for latest_only to 2024-08-02 12:00:00+00:00, run_after=2024-08-02 16:00:00+00:00
[2024-08-02T18:35:13.903+0000] {processor.py:183} INFO - Processing /home/airflow/.local/lib/python3.12/site-packages/airflow/example_dags/example_latest_only.py took 0.093 seconds
[2024-08-02T18:36:33.705+0000] {processor.py:161} INFO - Started process (PID=604) to work on /home/airflow/.local/lib/python3.12/site-packages/airflow/example_dags/example_latest_only.py
[2024-08-02T18:36:33.707+0000] {processor.py:830} INFO - Processing file /home/airflow/.local/lib/python3.12/site-packages/airflow/example_dags/example_latest_only.py for tasks to queue
[2024-08-02T18:36:33.707+0000] {logging_mixin.py:188} INFO - [2024-08-02T18:36:33.707+0000] {dagbag.py:545} INFO - Filling up the DagBag from /home/airflow/.local/lib/python3.12/site-packages/airflow/example_dags/example_latest_only.py
[2024-08-02T18:36:33.713+0000] {processor.py:840} INFO - DAG(s) 'latest_only' retrieved from /home/airflow/.local/lib/python3.12/site-packages/airflow/example_dags/example_latest_only.py
[2024-08-02T18:36:33.733+0000] {logging_mixin.py:188} INFO - [2024-08-02T18:36:33.732+0000] {dag.py:3089} INFO - Sync 1 DAGs
[2024-08-02T18:36:33.756+0000] {logging_mixin.py:188} INFO - [2024-08-02T18:36:33.756+0000] {dag.py:3947} INFO - Setting next_dagrun for latest_only to 2024-08-02 12:00:00+00:00, run_after=2024-08-02 16:00:00+00:00
[2024-08-02T18:36:33.778+0000] {processor.py:183} INFO - Processing /home/airflow/.local/lib/python3.12/site-packages/airflow/example_dags/example_latest_only.py took 0.078 seconds
[2024-08-02T18:38:26.544+0000] {processor.py:161} INFO - Started process (PID=649) to work on /home/airflow/.local/lib/python3.12/site-packages/airflow/example_dags/example_latest_only.py
[2024-08-02T18:38:26.545+0000] {processor.py:830} INFO - Processing file /home/airflow/.local/lib/python3.12/site-packages/airflow/example_dags/example_latest_only.py for tasks to queue
[2024-08-02T18:38:26.546+0000] {logging_mixin.py:188} INFO - [2024-08-02T18:38:26.546+0000] {dagbag.py:545} INFO - Filling up the DagBag from /home/airflow/.local/lib/python3.12/site-packages/airflow/example_dags/example_latest_only.py
[2024-08-02T18:38:26.551+0000] {processor.py:840} INFO - DAG(s) 'latest_only' retrieved from /home/airflow/.local/lib/python3.12/site-packages/airflow/example_dags/example_latest_only.py
[2024-08-02T18:38:26.574+0000] {logging_mixin.py:188} INFO - [2024-08-02T18:38:26.574+0000] {dag.py:3089} INFO - Sync 1 DAGs
[2024-08-02T18:38:26.596+0000] {logging_mixin.py:188} INFO - [2024-08-02T18:38:26.596+0000] {dag.py:3947} INFO - Setting next_dagrun for latest_only to 2024-08-02 12:00:00+00:00, run_after=2024-08-02 16:00:00+00:00
[2024-08-02T18:38:26.617+0000] {processor.py:183} INFO - Processing /home/airflow/.local/lib/python3.12/site-packages/airflow/example_dags/example_latest_only.py took 0.077 seconds
[2024-08-02T18:39:15.301+0000] {processor.py:161} INFO - Started process (PID=700) to work on /home/airflow/.local/lib/python3.12/site-packages/airflow/example_dags/example_latest_only.py
[2024-08-02T18:39:15.302+0000] {processor.py:830} INFO - Processing file /home/airflow/.local/lib/python3.12/site-packages/airflow/example_dags/example_latest_only.py for tasks to queue
[2024-08-02T18:39:15.303+0000] {logging_mixin.py:188} INFO - [2024-08-02T18:39:15.303+0000] {dagbag.py:545} INFO - Filling up the DagBag from /home/airflow/.local/lib/python3.12/site-packages/airflow/example_dags/example_latest_only.py
[2024-08-02T18:39:15.309+0000] {processor.py:840} INFO - DAG(s) 'latest_only' retrieved from /home/airflow/.local/lib/python3.12/site-packages/airflow/example_dags/example_latest_only.py
[2024-08-02T18:39:15.334+0000] {logging_mixin.py:188} INFO - [2024-08-02T18:39:15.334+0000] {dag.py:3089} INFO - Sync 1 DAGs
[2024-08-02T18:39:15.363+0000] {logging_mixin.py:188} INFO - [2024-08-02T18:39:15.362+0000] {dag.py:3947} INFO - Setting next_dagrun for latest_only to 2024-08-02 12:00:00+00:00, run_after=2024-08-02 16:00:00+00:00
[2024-08-02T18:39:15.397+0000] {processor.py:183} INFO - Processing /home/airflow/.local/lib/python3.12/site-packages/airflow/example_dags/example_latest_only.py took 0.102 seconds
[2024-08-02T18:45:09.192+0000] {processor.py:161} INFO - Started process (PID=60) to work on /home/airflow/.local/lib/python3.12/site-packages/airflow/example_dags/example_latest_only.py
[2024-08-02T18:45:09.193+0000] {processor.py:830} INFO - Processing file /home/airflow/.local/lib/python3.12/site-packages/airflow/example_dags/example_latest_only.py for tasks to queue
[2024-08-02T18:45:09.194+0000] {logging_mixin.py:188} INFO - [2024-08-02T18:45:09.194+0000] {dagbag.py:545} INFO - Filling up the DagBag from /home/airflow/.local/lib/python3.12/site-packages/airflow/example_dags/example_latest_only.py
[2024-08-02T18:45:09.199+0000] {processor.py:840} INFO - DAG(s) 'latest_only' retrieved from /home/airflow/.local/lib/python3.12/site-packages/airflow/example_dags/example_latest_only.py
[2024-08-02T18:45:09.207+0000] {logging_mixin.py:188} INFO - [2024-08-02T18:45:09.207+0000] {dag.py:3089} INFO - Sync 1 DAGs
[2024-08-02T18:45:09.225+0000] {logging_mixin.py:188} INFO - [2024-08-02T18:45:09.225+0000] {dag.py:3947} INFO - Setting next_dagrun for latest_only to 2024-08-02 12:00:00+00:00, run_after=2024-08-02 16:00:00+00:00
[2024-08-02T18:45:09.244+0000] {processor.py:183} INFO - Processing /home/airflow/.local/lib/python3.12/site-packages/airflow/example_dags/example_latest_only.py took 0.057 seconds
[2024-08-02T18:45:40.595+0000] {processor.py:161} INFO - Started process (PID=125) to work on /home/airflow/.local/lib/python3.12/site-packages/airflow/example_dags/example_latest_only.py
[2024-08-02T18:45:40.596+0000] {processor.py:830} INFO - Processing file /home/airflow/.local/lib/python3.12/site-packages/airflow/example_dags/example_latest_only.py for tasks to queue
[2024-08-02T18:45:40.597+0000] {logging_mixin.py:188} INFO - [2024-08-02T18:45:40.597+0000] {dagbag.py:545} INFO - Filling up the DagBag from /home/airflow/.local/lib/python3.12/site-packages/airflow/example_dags/example_latest_only.py
[2024-08-02T18:45:40.601+0000] {processor.py:840} INFO - DAG(s) 'latest_only' retrieved from /home/airflow/.local/lib/python3.12/site-packages/airflow/example_dags/example_latest_only.py
[2024-08-02T18:45:40.689+0000] {logging_mixin.py:188} INFO - [2024-08-02T18:45:40.688+0000] {dag.py:3089} INFO - Sync 1 DAGs
[2024-08-02T18:45:40.705+0000] {logging_mixin.py:188} INFO - [2024-08-02T18:45:40.704+0000] {dag.py:3947} INFO - Setting next_dagrun for latest_only to 2024-08-02 12:00:00+00:00, run_after=2024-08-02 16:00:00+00:00
[2024-08-02T18:45:40.724+0000] {processor.py:183} INFO - Processing /home/airflow/.local/lib/python3.12/site-packages/airflow/example_dags/example_latest_only.py took 0.133 seconds
[2024-08-02T18:46:10.995+0000] {processor.py:161} INFO - Started process (PID=185) to work on /home/airflow/.local/lib/python3.12/site-packages/airflow/example_dags/example_latest_only.py
[2024-08-02T18:46:10.996+0000] {processor.py:830} INFO - Processing file /home/airflow/.local/lib/python3.12/site-packages/airflow/example_dags/example_latest_only.py for tasks to queue
[2024-08-02T18:46:10.997+0000] {logging_mixin.py:188} INFO - [2024-08-02T18:46:10.997+0000] {dagbag.py:545} INFO - Filling up the DagBag from /home/airflow/.local/lib/python3.12/site-packages/airflow/example_dags/example_latest_only.py
[2024-08-02T18:46:11.000+0000] {processor.py:840} INFO - DAG(s) 'latest_only' retrieved from /home/airflow/.local/lib/python3.12/site-packages/airflow/example_dags/example_latest_only.py
[2024-08-02T18:46:11.017+0000] {logging_mixin.py:188} INFO - [2024-08-02T18:46:11.017+0000] {dag.py:3089} INFO - Sync 1 DAGs
[2024-08-02T18:46:11.038+0000] {logging_mixin.py:188} INFO - [2024-08-02T18:46:11.037+0000] {dag.py:3947} INFO - Setting next_dagrun for latest_only to 2024-08-02 12:00:00+00:00, run_after=2024-08-02 16:00:00+00:00
[2024-08-02T18:46:11.057+0000] {processor.py:183} INFO - Processing /home/airflow/.local/lib/python3.12/site-packages/airflow/example_dags/example_latest_only.py took 0.066 seconds
[2024-08-02T18:46:42.358+0000] {processor.py:161} INFO - Started process (PID=244) to work on /home/airflow/.local/lib/python3.12/site-packages/airflow/example_dags/example_latest_only.py
[2024-08-02T18:46:42.359+0000] {processor.py:830} INFO - Processing file /home/airflow/.local/lib/python3.12/site-packages/airflow/example_dags/example_latest_only.py for tasks to queue
[2024-08-02T18:46:42.361+0000] {logging_mixin.py:188} INFO - [2024-08-02T18:46:42.361+0000] {dagbag.py:545} INFO - Filling up the DagBag from /home/airflow/.local/lib/python3.12/site-packages/airflow/example_dags/example_latest_only.py
[2024-08-02T18:46:42.365+0000] {processor.py:840} INFO - DAG(s) 'latest_only' retrieved from /home/airflow/.local/lib/python3.12/site-packages/airflow/example_dags/example_latest_only.py
[2024-08-02T18:46:42.383+0000] {logging_mixin.py:188} INFO - [2024-08-02T18:46:42.383+0000] {dag.py:3089} INFO - Sync 1 DAGs
[2024-08-02T18:46:42.403+0000] {logging_mixin.py:188} INFO - [2024-08-02T18:46:42.403+0000] {dag.py:3947} INFO - Setting next_dagrun for latest_only to 2024-08-02 12:00:00+00:00, run_after=2024-08-02 16:00:00+00:00
[2024-08-02T18:46:42.422+0000] {processor.py:183} INFO - Processing /home/airflow/.local/lib/python3.12/site-packages/airflow/example_dags/example_latest_only.py took 0.070 seconds
[2024-08-02T18:48:40.197+0000] {processor.py:161} INFO - Started process (PID=73) to work on /home/airflow/.local/lib/python3.12/site-packages/airflow/example_dags/example_latest_only.py
[2024-08-02T18:48:40.203+0000] {processor.py:830} INFO - Processing file /home/airflow/.local/lib/python3.12/site-packages/airflow/example_dags/example_latest_only.py for tasks to queue
[2024-08-02T18:48:40.206+0000] {logging_mixin.py:188} INFO - [2024-08-02T18:48:40.206+0000] {dagbag.py:545} INFO - Filling up the DagBag from /home/airflow/.local/lib/python3.12/site-packages/airflow/example_dags/example_latest_only.py
[2024-08-02T18:48:40.214+0000] {processor.py:840} INFO - DAG(s) 'latest_only' retrieved from /home/airflow/.local/lib/python3.12/site-packages/airflow/example_dags/example_latest_only.py
[2024-08-02T18:48:40.957+0000] {logging_mixin.py:188} INFO - [2024-08-02T18:48:40.910+0000] {dag.py:3089} INFO - Sync 1 DAGs
[2024-08-02T18:48:41.215+0000] {logging_mixin.py:188} INFO - [2024-08-02T18:48:41.215+0000] {dag.py:3947} INFO - Setting next_dagrun for latest_only to 2024-08-02 12:00:00+00:00, run_after=2024-08-02 16:00:00+00:00
[2024-08-02T18:48:41.251+0000] {processor.py:183} INFO - Processing /home/airflow/.local/lib/python3.12/site-packages/airflow/example_dags/example_latest_only.py took 1.060 seconds
[2024-08-02T18:49:12.017+0000] {processor.py:161} INFO - Started process (PID=133) to work on /home/airflow/.local/lib/python3.12/site-packages/airflow/example_dags/example_latest_only.py
[2024-08-02T18:49:12.018+0000] {processor.py:830} INFO - Processing file /home/airflow/.local/lib/python3.12/site-packages/airflow/example_dags/example_latest_only.py for tasks to queue
[2024-08-02T18:49:12.019+0000] {logging_mixin.py:188} INFO - [2024-08-02T18:49:12.019+0000] {dagbag.py:545} INFO - Filling up the DagBag from /home/airflow/.local/lib/python3.12/site-packages/airflow/example_dags/example_latest_only.py
[2024-08-02T18:49:12.023+0000] {processor.py:840} INFO - DAG(s) 'latest_only' retrieved from /home/airflow/.local/lib/python3.12/site-packages/airflow/example_dags/example_latest_only.py
[2024-08-02T18:49:12.040+0000] {logging_mixin.py:188} INFO - [2024-08-02T18:49:12.040+0000] {dag.py:3089} INFO - Sync 1 DAGs
[2024-08-02T18:49:12.059+0000] {logging_mixin.py:188} INFO - [2024-08-02T18:49:12.059+0000] {dag.py:3947} INFO - Setting next_dagrun for latest_only to 2024-08-02 12:00:00+00:00, run_after=2024-08-02 16:00:00+00:00
[2024-08-02T18:49:12.078+0000] {processor.py:183} INFO - Processing /home/airflow/.local/lib/python3.12/site-packages/airflow/example_dags/example_latest_only.py took 0.065 seconds
