[2024-08-02T15:35:52.364+0000] {processor.py:161} INFO - Started process (PID=106) to work on /home/airflow/.local/lib/python3.12/site-packages/airflow/example_dags/example_branch_python_dop_operator_3.py
[2024-08-02T15:35:52.365+0000] {processor.py:830} INFO - Processing file /home/airflow/.local/lib/python3.12/site-packages/airflow/example_dags/example_branch_python_dop_operator_3.py for tasks to queue
[2024-08-02T15:35:52.367+0000] {logging_mixin.py:188} INFO - [2024-08-02T15:35:52.367+0000] {dagbag.py:545} INFO - Filling up the DagBag from /home/airflow/.local/lib/python3.12/site-packages/airflow/example_dags/example_branch_python_dop_operator_3.py
[2024-08-02T15:35:52.379+0000] {processor.py:840} INFO - DAG(s) 'example_branch_dop_operator_v3' retrieved from /home/airflow/.local/lib/python3.12/site-packages/airflow/example_dags/example_branch_python_dop_operator_3.py
[2024-08-02T15:35:52.525+0000] {logging_mixin.py:188} INFO - [2024-08-02T15:35:52.524+0000] {dag.py:3089} INFO - Sync 1 DAGs
[2024-08-02T15:35:52.558+0000] {logging_mixin.py:188} INFO - [2024-08-02T15:35:52.558+0000] {dag.py:3947} INFO - Setting next_dagrun for example_branch_dop_operator_v3 to 2024-08-02 15:34:00+00:00, run_after=2024-08-02 15:35:00+00:00
[2024-08-02T15:35:52.594+0000] {processor.py:183} INFO - Processing /home/airflow/.local/lib/python3.12/site-packages/airflow/example_dags/example_branch_python_dop_operator_3.py took 0.237 seconds
[2024-08-02T18:29:17.888+0000] {processor.py:161} INFO - Started process (PID=95) to work on /home/airflow/.local/lib/python3.12/site-packages/airflow/example_dags/example_branch_python_dop_operator_3.py
[2024-08-02T18:29:17.889+0000] {processor.py:830} INFO - Processing file /home/airflow/.local/lib/python3.12/site-packages/airflow/example_dags/example_branch_python_dop_operator_3.py for tasks to queue
[2024-08-02T18:29:17.891+0000] {logging_mixin.py:188} INFO - [2024-08-02T18:29:17.890+0000] {dagbag.py:545} INFO - Filling up the DagBag from /home/airflow/.local/lib/python3.12/site-packages/airflow/example_dags/example_branch_python_dop_operator_3.py
[2024-08-02T18:29:17.899+0000] {processor.py:840} INFO - DAG(s) 'example_branch_dop_operator_v3' retrieved from /home/airflow/.local/lib/python3.12/site-packages/airflow/example_dags/example_branch_python_dop_operator_3.py
[2024-08-02T18:29:18.013+0000] {logging_mixin.py:188} INFO - [2024-08-02T18:29:18.013+0000] {dag.py:3089} INFO - Sync 1 DAGs
[2024-08-02T18:29:18.040+0000] {logging_mixin.py:188} INFO - [2024-08-02T18:29:18.040+0000] {dag.py:3947} INFO - Setting next_dagrun for example_branch_dop_operator_v3 to 2024-08-02 18:28:00+00:00, run_after=2024-08-02 18:29:00+00:00
[2024-08-02T18:29:18.073+0000] {processor.py:183} INFO - Processing /home/airflow/.local/lib/python3.12/site-packages/airflow/example_dags/example_branch_python_dop_operator_3.py took 0.190 seconds
[2024-08-02T18:29:48.697+0000] {processor.py:161} INFO - Started process (PID=154) to work on /home/airflow/.local/lib/python3.12/site-packages/airflow/example_dags/example_branch_python_dop_operator_3.py
[2024-08-02T18:29:48.700+0000] {processor.py:830} INFO - Processing file /home/airflow/.local/lib/python3.12/site-packages/airflow/example_dags/example_branch_python_dop_operator_3.py for tasks to queue
[2024-08-02T18:29:48.702+0000] {logging_mixin.py:188} INFO - [2024-08-02T18:29:48.702+0000] {dagbag.py:545} INFO - Filling up the DagBag from /home/airflow/.local/lib/python3.12/site-packages/airflow/example_dags/example_branch_python_dop_operator_3.py
[2024-08-02T18:29:48.713+0000] {processor.py:840} INFO - DAG(s) 'example_branch_dop_operator_v3' retrieved from /home/airflow/.local/lib/python3.12/site-packages/airflow/example_dags/example_branch_python_dop_operator_3.py
[2024-08-02T18:29:48.735+0000] {logging_mixin.py:188} INFO - [2024-08-02T18:29:48.735+0000] {dag.py:3089} INFO - Sync 1 DAGs
[2024-08-02T18:29:48.766+0000] {logging_mixin.py:188} INFO - [2024-08-02T18:29:48.766+0000] {dag.py:3947} INFO - Setting next_dagrun for example_branch_dop_operator_v3 to 2024-08-02 18:28:00+00:00, run_after=2024-08-02 18:29:00+00:00
[2024-08-02T18:29:48.928+0000] {processor.py:183} INFO - Processing /home/airflow/.local/lib/python3.12/site-packages/airflow/example_dags/example_branch_python_dop_operator_3.py took 0.240 seconds
[2024-08-02T18:30:19.787+0000] {processor.py:161} INFO - Started process (PID=213) to work on /home/airflow/.local/lib/python3.12/site-packages/airflow/example_dags/example_branch_python_dop_operator_3.py
[2024-08-02T18:30:19.788+0000] {processor.py:830} INFO - Processing file /home/airflow/.local/lib/python3.12/site-packages/airflow/example_dags/example_branch_python_dop_operator_3.py for tasks to queue
[2024-08-02T18:30:19.790+0000] {logging_mixin.py:188} INFO - [2024-08-02T18:30:19.790+0000] {dagbag.py:545} INFO - Filling up the DagBag from /home/airflow/.local/lib/python3.12/site-packages/airflow/example_dags/example_branch_python_dop_operator_3.py
[2024-08-02T18:30:19.797+0000] {processor.py:840} INFO - DAG(s) 'example_branch_dop_operator_v3' retrieved from /home/airflow/.local/lib/python3.12/site-packages/airflow/example_dags/example_branch_python_dop_operator_3.py
[2024-08-02T18:30:19.816+0000] {logging_mixin.py:188} INFO - [2024-08-02T18:30:19.815+0000] {dag.py:3089} INFO - Sync 1 DAGs
[2024-08-02T18:30:19.842+0000] {logging_mixin.py:188} INFO - [2024-08-02T18:30:19.841+0000] {dag.py:3947} INFO - Setting next_dagrun for example_branch_dop_operator_v3 to 2024-08-02 18:29:00+00:00, run_after=2024-08-02 18:30:00+00:00
[2024-08-02T18:30:19.861+0000] {processor.py:183} INFO - Processing /home/airflow/.local/lib/python3.12/site-packages/airflow/example_dags/example_branch_python_dop_operator_3.py took 0.078 seconds
[2024-08-02T18:30:50.295+0000] {processor.py:161} INFO - Started process (PID=272) to work on /home/airflow/.local/lib/python3.12/site-packages/airflow/example_dags/example_branch_python_dop_operator_3.py
[2024-08-02T18:30:50.296+0000] {processor.py:830} INFO - Processing file /home/airflow/.local/lib/python3.12/site-packages/airflow/example_dags/example_branch_python_dop_operator_3.py for tasks to queue
[2024-08-02T18:30:50.298+0000] {logging_mixin.py:188} INFO - [2024-08-02T18:30:50.297+0000] {dagbag.py:545} INFO - Filling up the DagBag from /home/airflow/.local/lib/python3.12/site-packages/airflow/example_dags/example_branch_python_dop_operator_3.py
[2024-08-02T18:30:50.308+0000] {processor.py:840} INFO - DAG(s) 'example_branch_dop_operator_v3' retrieved from /home/airflow/.local/lib/python3.12/site-packages/airflow/example_dags/example_branch_python_dop_operator_3.py
[2024-08-02T18:30:50.333+0000] {logging_mixin.py:188} INFO - [2024-08-02T18:30:50.333+0000] {dag.py:3089} INFO - Sync 1 DAGs
[2024-08-02T18:30:50.380+0000] {logging_mixin.py:188} INFO - [2024-08-02T18:30:50.380+0000] {dag.py:3947} INFO - Setting next_dagrun for example_branch_dop_operator_v3 to 2024-08-02 18:29:00+00:00, run_after=2024-08-02 18:30:00+00:00
[2024-08-02T18:30:50.411+0000] {processor.py:183} INFO - Processing /home/airflow/.local/lib/python3.12/site-packages/airflow/example_dags/example_branch_python_dop_operator_3.py took 0.123 seconds
[2024-08-02T18:31:21.208+0000] {processor.py:161} INFO - Started process (PID=331) to work on /home/airflow/.local/lib/python3.12/site-packages/airflow/example_dags/example_branch_python_dop_operator_3.py
[2024-08-02T18:31:21.208+0000] {processor.py:830} INFO - Processing file /home/airflow/.local/lib/python3.12/site-packages/airflow/example_dags/example_branch_python_dop_operator_3.py for tasks to queue
[2024-08-02T18:31:21.210+0000] {logging_mixin.py:188} INFO - [2024-08-02T18:31:21.210+0000] {dagbag.py:545} INFO - Filling up the DagBag from /home/airflow/.local/lib/python3.12/site-packages/airflow/example_dags/example_branch_python_dop_operator_3.py
[2024-08-02T18:31:21.219+0000] {processor.py:840} INFO - DAG(s) 'example_branch_dop_operator_v3' retrieved from /home/airflow/.local/lib/python3.12/site-packages/airflow/example_dags/example_branch_python_dop_operator_3.py
[2024-08-02T18:31:21.236+0000] {logging_mixin.py:188} INFO - [2024-08-02T18:31:21.236+0000] {dag.py:3089} INFO - Sync 1 DAGs
[2024-08-02T18:31:21.258+0000] {logging_mixin.py:188} INFO - [2024-08-02T18:31:21.258+0000] {dag.py:3947} INFO - Setting next_dagrun for example_branch_dop_operator_v3 to 2024-08-02 18:30:00+00:00, run_after=2024-08-02 18:31:00+00:00
[2024-08-02T18:31:21.277+0000] {processor.py:183} INFO - Processing /home/airflow/.local/lib/python3.12/site-packages/airflow/example_dags/example_branch_python_dop_operator_3.py took 0.074 seconds
[2024-08-02T18:31:51.889+0000] {processor.py:161} INFO - Started process (PID=390) to work on /home/airflow/.local/lib/python3.12/site-packages/airflow/example_dags/example_branch_python_dop_operator_3.py
[2024-08-02T18:31:51.890+0000] {processor.py:830} INFO - Processing file /home/airflow/.local/lib/python3.12/site-packages/airflow/example_dags/example_branch_python_dop_operator_3.py for tasks to queue
[2024-08-02T18:31:51.891+0000] {logging_mixin.py:188} INFO - [2024-08-02T18:31:51.891+0000] {dagbag.py:545} INFO - Filling up the DagBag from /home/airflow/.local/lib/python3.12/site-packages/airflow/example_dags/example_branch_python_dop_operator_3.py
[2024-08-02T18:31:51.899+0000] {processor.py:840} INFO - DAG(s) 'example_branch_dop_operator_v3' retrieved from /home/airflow/.local/lib/python3.12/site-packages/airflow/example_dags/example_branch_python_dop_operator_3.py
[2024-08-02T18:31:51.915+0000] {logging_mixin.py:188} INFO - [2024-08-02T18:31:51.915+0000] {dag.py:3089} INFO - Sync 1 DAGs
[2024-08-02T18:31:51.938+0000] {logging_mixin.py:188} INFO - [2024-08-02T18:31:51.937+0000] {dag.py:3947} INFO - Setting next_dagrun for example_branch_dop_operator_v3 to 2024-08-02 18:30:00+00:00, run_after=2024-08-02 18:31:00+00:00
[2024-08-02T18:31:52.034+0000] {processor.py:183} INFO - Processing /home/airflow/.local/lib/python3.12/site-packages/airflow/example_dags/example_branch_python_dop_operator_3.py took 0.149 seconds
[2024-08-02T18:32:22.612+0000] {processor.py:161} INFO - Started process (PID=449) to work on /home/airflow/.local/lib/python3.12/site-packages/airflow/example_dags/example_branch_python_dop_operator_3.py
[2024-08-02T18:32:22.613+0000] {processor.py:830} INFO - Processing file /home/airflow/.local/lib/python3.12/site-packages/airflow/example_dags/example_branch_python_dop_operator_3.py for tasks to queue
[2024-08-02T18:32:22.614+0000] {logging_mixin.py:188} INFO - [2024-08-02T18:32:22.614+0000] {dagbag.py:545} INFO - Filling up the DagBag from /home/airflow/.local/lib/python3.12/site-packages/airflow/example_dags/example_branch_python_dop_operator_3.py
[2024-08-02T18:32:22.622+0000] {processor.py:840} INFO - DAG(s) 'example_branch_dop_operator_v3' retrieved from /home/airflow/.local/lib/python3.12/site-packages/airflow/example_dags/example_branch_python_dop_operator_3.py
[2024-08-02T18:32:22.639+0000] {logging_mixin.py:188} INFO - [2024-08-02T18:32:22.639+0000] {dag.py:3089} INFO - Sync 1 DAGs
[2024-08-02T18:32:22.662+0000] {logging_mixin.py:188} INFO - [2024-08-02T18:32:22.662+0000] {dag.py:3947} INFO - Setting next_dagrun for example_branch_dop_operator_v3 to 2024-08-02 18:31:00+00:00, run_after=2024-08-02 18:32:00+00:00
[2024-08-02T18:32:22.682+0000] {processor.py:183} INFO - Processing /home/airflow/.local/lib/python3.12/site-packages/airflow/example_dags/example_branch_python_dop_operator_3.py took 0.075 seconds
[2024-08-02T18:32:52.806+0000] {processor.py:161} INFO - Started process (PID=508) to work on /home/airflow/.local/lib/python3.12/site-packages/airflow/example_dags/example_branch_python_dop_operator_3.py
[2024-08-02T18:32:52.807+0000] {processor.py:830} INFO - Processing file /home/airflow/.local/lib/python3.12/site-packages/airflow/example_dags/example_branch_python_dop_operator_3.py for tasks to queue
[2024-08-02T18:32:52.809+0000] {logging_mixin.py:188} INFO - [2024-08-02T18:32:52.809+0000] {dagbag.py:545} INFO - Filling up the DagBag from /home/airflow/.local/lib/python3.12/site-packages/airflow/example_dags/example_branch_python_dop_operator_3.py
[2024-08-02T18:32:52.816+0000] {processor.py:840} INFO - DAG(s) 'example_branch_dop_operator_v3' retrieved from /home/airflow/.local/lib/python3.12/site-packages/airflow/example_dags/example_branch_python_dop_operator_3.py
[2024-08-02T18:32:52.833+0000] {logging_mixin.py:188} INFO - [2024-08-02T18:32:52.833+0000] {dag.py:3089} INFO - Sync 1 DAGs
[2024-08-02T18:32:52.857+0000] {logging_mixin.py:188} INFO - [2024-08-02T18:32:52.857+0000] {dag.py:3947} INFO - Setting next_dagrun for example_branch_dop_operator_v3 to 2024-08-02 18:31:00+00:00, run_after=2024-08-02 18:32:00+00:00
[2024-08-02T18:32:52.876+0000] {processor.py:183} INFO - Processing /home/airflow/.local/lib/python3.12/site-packages/airflow/example_dags/example_branch_python_dop_operator_3.py took 0.074 seconds
[2024-08-02T18:35:15.682+0000] {processor.py:161} INFO - Started process (PID=567) to work on /home/airflow/.local/lib/python3.12/site-packages/airflow/example_dags/example_branch_python_dop_operator_3.py
[2024-08-02T18:35:15.683+0000] {processor.py:830} INFO - Processing file /home/airflow/.local/lib/python3.12/site-packages/airflow/example_dags/example_branch_python_dop_operator_3.py for tasks to queue
[2024-08-02T18:35:15.684+0000] {logging_mixin.py:188} INFO - [2024-08-02T18:35:15.684+0000] {dagbag.py:545} INFO - Filling up the DagBag from /home/airflow/.local/lib/python3.12/site-packages/airflow/example_dags/example_branch_python_dop_operator_3.py
[2024-08-02T18:35:15.693+0000] {processor.py:840} INFO - DAG(s) 'example_branch_dop_operator_v3' retrieved from /home/airflow/.local/lib/python3.12/site-packages/airflow/example_dags/example_branch_python_dop_operator_3.py
[2024-08-02T18:35:15.713+0000] {logging_mixin.py:188} INFO - [2024-08-02T18:35:15.713+0000] {dag.py:3089} INFO - Sync 1 DAGs
[2024-08-02T18:35:15.739+0000] {logging_mixin.py:188} INFO - [2024-08-02T18:35:15.739+0000] {dag.py:3947} INFO - Setting next_dagrun for example_branch_dop_operator_v3 to 2024-08-02 18:34:00+00:00, run_after=2024-08-02 18:35:00+00:00
[2024-08-02T18:35:15.761+0000] {processor.py:183} INFO - Processing /home/airflow/.local/lib/python3.12/site-packages/airflow/example_dags/example_branch_python_dop_operator_3.py took 0.084 seconds
[2024-08-02T18:38:28.611+0000] {processor.py:161} INFO - Started process (PID=663) to work on /home/airflow/.local/lib/python3.12/site-packages/airflow/example_dags/example_branch_python_dop_operator_3.py
[2024-08-02T18:38:28.613+0000] {processor.py:830} INFO - Processing file /home/airflow/.local/lib/python3.12/site-packages/airflow/example_dags/example_branch_python_dop_operator_3.py for tasks to queue
[2024-08-02T18:38:28.614+0000] {logging_mixin.py:188} INFO - [2024-08-02T18:38:28.613+0000] {dagbag.py:545} INFO - Filling up the DagBag from /home/airflow/.local/lib/python3.12/site-packages/airflow/example_dags/example_branch_python_dop_operator_3.py
[2024-08-02T18:38:28.622+0000] {processor.py:840} INFO - DAG(s) 'example_branch_dop_operator_v3' retrieved from /home/airflow/.local/lib/python3.12/site-packages/airflow/example_dags/example_branch_python_dop_operator_3.py
[2024-08-02T18:38:28.642+0000] {logging_mixin.py:188} INFO - [2024-08-02T18:38:28.642+0000] {dag.py:3089} INFO - Sync 1 DAGs
[2024-08-02T18:38:28.666+0000] {logging_mixin.py:188} INFO - [2024-08-02T18:38:28.666+0000] {dag.py:3947} INFO - Setting next_dagrun for example_branch_dop_operator_v3 to 2024-08-02 18:37:00+00:00, run_after=2024-08-02 18:38:00+00:00
[2024-08-02T18:38:28.687+0000] {processor.py:183} INFO - Processing /home/airflow/.local/lib/python3.12/site-packages/airflow/example_dags/example_branch_python_dop_operator_3.py took 0.080 seconds
[2024-08-02T18:39:17.424+0000] {processor.py:161} INFO - Started process (PID=722) to work on /home/airflow/.local/lib/python3.12/site-packages/airflow/example_dags/example_branch_python_dop_operator_3.py
[2024-08-02T18:39:17.425+0000] {processor.py:830} INFO - Processing file /home/airflow/.local/lib/python3.12/site-packages/airflow/example_dags/example_branch_python_dop_operator_3.py for tasks to queue
[2024-08-02T18:39:17.426+0000] {logging_mixin.py:188} INFO - [2024-08-02T18:39:17.426+0000] {dagbag.py:545} INFO - Filling up the DagBag from /home/airflow/.local/lib/python3.12/site-packages/airflow/example_dags/example_branch_python_dop_operator_3.py
[2024-08-02T18:39:17.436+0000] {processor.py:840} INFO - DAG(s) 'example_branch_dop_operator_v3' retrieved from /home/airflow/.local/lib/python3.12/site-packages/airflow/example_dags/example_branch_python_dop_operator_3.py
[2024-08-02T18:39:17.459+0000] {logging_mixin.py:188} INFO - [2024-08-02T18:39:17.458+0000] {dag.py:3089} INFO - Sync 1 DAGs
[2024-08-02T18:39:17.487+0000] {logging_mixin.py:188} INFO - [2024-08-02T18:39:17.487+0000] {dag.py:3947} INFO - Setting next_dagrun for example_branch_dop_operator_v3 to 2024-08-02 18:38:00+00:00, run_after=2024-08-02 18:39:00+00:00
[2024-08-02T18:39:17.516+0000] {processor.py:183} INFO - Processing /home/airflow/.local/lib/python3.12/site-packages/airflow/example_dags/example_branch_python_dop_operator_3.py took 0.099 seconds
[2024-08-02T18:45:10.431+0000] {processor.py:161} INFO - Started process (PID=88) to work on /home/airflow/.local/lib/python3.12/site-packages/airflow/example_dags/example_branch_python_dop_operator_3.py
[2024-08-02T18:45:10.432+0000] {processor.py:830} INFO - Processing file /home/airflow/.local/lib/python3.12/site-packages/airflow/example_dags/example_branch_python_dop_operator_3.py for tasks to queue
[2024-08-02T18:45:10.433+0000] {logging_mixin.py:188} INFO - [2024-08-02T18:45:10.433+0000] {dagbag.py:545} INFO - Filling up the DagBag from /home/airflow/.local/lib/python3.12/site-packages/airflow/example_dags/example_branch_python_dop_operator_3.py
[2024-08-02T18:45:10.441+0000] {processor.py:840} INFO - DAG(s) 'example_branch_dop_operator_v3' retrieved from /home/airflow/.local/lib/python3.12/site-packages/airflow/example_dags/example_branch_python_dop_operator_3.py
[2024-08-02T18:45:10.452+0000] {logging_mixin.py:188} INFO - [2024-08-02T18:45:10.451+0000] {dag.py:3089} INFO - Sync 1 DAGs
[2024-08-02T18:45:10.476+0000] {logging_mixin.py:188} INFO - [2024-08-02T18:45:10.476+0000] {dag.py:3947} INFO - Setting next_dagrun for example_branch_dop_operator_v3 to 2024-08-02 18:44:00+00:00, run_after=2024-08-02 18:45:00+00:00
[2024-08-02T18:45:10.499+0000] {processor.py:183} INFO - Processing /home/airflow/.local/lib/python3.12/site-packages/airflow/example_dags/example_branch_python_dop_operator_3.py took 0.073 seconds
[2024-08-02T18:45:42.528+0000] {processor.py:161} INFO - Started process (PID=147) to work on /home/airflow/.local/lib/python3.12/site-packages/airflow/example_dags/example_branch_python_dop_operator_3.py
[2024-08-02T18:45:42.529+0000] {processor.py:830} INFO - Processing file /home/airflow/.local/lib/python3.12/site-packages/airflow/example_dags/example_branch_python_dop_operator_3.py for tasks to queue
[2024-08-02T18:45:42.530+0000] {logging_mixin.py:188} INFO - [2024-08-02T18:45:42.529+0000] {dagbag.py:545} INFO - Filling up the DagBag from /home/airflow/.local/lib/python3.12/site-packages/airflow/example_dags/example_branch_python_dop_operator_3.py
[2024-08-02T18:45:42.536+0000] {processor.py:840} INFO - DAG(s) 'example_branch_dop_operator_v3' retrieved from /home/airflow/.local/lib/python3.12/site-packages/airflow/example_dags/example_branch_python_dop_operator_3.py
[2024-08-02T18:45:42.622+0000] {logging_mixin.py:188} INFO - [2024-08-02T18:45:42.622+0000] {dag.py:3089} INFO - Sync 1 DAGs
[2024-08-02T18:45:42.643+0000] {logging_mixin.py:188} INFO - [2024-08-02T18:45:42.643+0000] {dag.py:3947} INFO - Setting next_dagrun for example_branch_dop_operator_v3 to 2024-08-02 18:44:00+00:00, run_after=2024-08-02 18:45:00+00:00
[2024-08-02T18:45:42.662+0000] {processor.py:183} INFO - Processing /home/airflow/.local/lib/python3.12/site-packages/airflow/example_dags/example_branch_python_dop_operator_3.py took 0.139 seconds
[2024-08-02T18:46:13.620+0000] {processor.py:161} INFO - Started process (PID=207) to work on /home/airflow/.local/lib/python3.12/site-packages/airflow/example_dags/example_branch_python_dop_operator_3.py
[2024-08-02T18:46:13.621+0000] {processor.py:830} INFO - Processing file /home/airflow/.local/lib/python3.12/site-packages/airflow/example_dags/example_branch_python_dop_operator_3.py for tasks to queue
[2024-08-02T18:46:13.622+0000] {logging_mixin.py:188} INFO - [2024-08-02T18:46:13.622+0000] {dagbag.py:545} INFO - Filling up the DagBag from /home/airflow/.local/lib/python3.12/site-packages/airflow/example_dags/example_branch_python_dop_operator_3.py
[2024-08-02T18:46:13.629+0000] {processor.py:840} INFO - DAG(s) 'example_branch_dop_operator_v3' retrieved from /home/airflow/.local/lib/python3.12/site-packages/airflow/example_dags/example_branch_python_dop_operator_3.py
[2024-08-02T18:46:13.647+0000] {logging_mixin.py:188} INFO - [2024-08-02T18:46:13.647+0000] {dag.py:3089} INFO - Sync 1 DAGs
[2024-08-02T18:46:13.670+0000] {logging_mixin.py:188} INFO - [2024-08-02T18:46:13.670+0000] {dag.py:3947} INFO - Setting next_dagrun for example_branch_dop_operator_v3 to 2024-08-02 18:45:00+00:00, run_after=2024-08-02 18:46:00+00:00
[2024-08-02T18:46:13.691+0000] {processor.py:183} INFO - Processing /home/airflow/.local/lib/python3.12/site-packages/airflow/example_dags/example_branch_python_dop_operator_3.py took 0.075 seconds
[2024-08-02T18:46:43.937+0000] {processor.py:161} INFO - Started process (PID=266) to work on /home/airflow/.local/lib/python3.12/site-packages/airflow/example_dags/example_branch_python_dop_operator_3.py
[2024-08-02T18:46:43.939+0000] {processor.py:830} INFO - Processing file /home/airflow/.local/lib/python3.12/site-packages/airflow/example_dags/example_branch_python_dop_operator_3.py for tasks to queue
[2024-08-02T18:46:43.942+0000] {logging_mixin.py:188} INFO - [2024-08-02T18:46:43.941+0000] {dagbag.py:545} INFO - Filling up the DagBag from /home/airflow/.local/lib/python3.12/site-packages/airflow/example_dags/example_branch_python_dop_operator_3.py
[2024-08-02T18:46:43.953+0000] {processor.py:840} INFO - DAG(s) 'example_branch_dop_operator_v3' retrieved from /home/airflow/.local/lib/python3.12/site-packages/airflow/example_dags/example_branch_python_dop_operator_3.py
[2024-08-02T18:46:43.978+0000] {logging_mixin.py:188} INFO - [2024-08-02T18:46:43.978+0000] {dag.py:3089} INFO - Sync 1 DAGs
[2024-08-02T18:46:44.005+0000] {logging_mixin.py:188} INFO - [2024-08-02T18:46:44.005+0000] {dag.py:3947} INFO - Setting next_dagrun for example_branch_dop_operator_v3 to 2024-08-02 18:45:00+00:00, run_after=2024-08-02 18:46:00+00:00
[2024-08-02T18:46:44.025+0000] {processor.py:183} INFO - Processing /home/airflow/.local/lib/python3.12/site-packages/airflow/example_dags/example_branch_python_dop_operator_3.py took 0.094 seconds
[2024-08-02T18:48:43.902+0000] {processor.py:161} INFO - Started process (PID=95) to work on /home/airflow/.local/lib/python3.12/site-packages/airflow/example_dags/example_branch_python_dop_operator_3.py
[2024-08-02T18:48:43.903+0000] {processor.py:830} INFO - Processing file /home/airflow/.local/lib/python3.12/site-packages/airflow/example_dags/example_branch_python_dop_operator_3.py for tasks to queue
[2024-08-02T18:48:43.905+0000] {logging_mixin.py:188} INFO - [2024-08-02T18:48:43.904+0000] {dagbag.py:545} INFO - Filling up the DagBag from /home/airflow/.local/lib/python3.12/site-packages/airflow/example_dags/example_branch_python_dop_operator_3.py
[2024-08-02T18:48:43.915+0000] {processor.py:840} INFO - DAG(s) 'example_branch_dop_operator_v3' retrieved from /home/airflow/.local/lib/python3.12/site-packages/airflow/example_dags/example_branch_python_dop_operator_3.py
[2024-08-02T18:48:44.014+0000] {logging_mixin.py:188} INFO - [2024-08-02T18:48:44.014+0000] {dag.py:3089} INFO - Sync 1 DAGs
[2024-08-02T18:48:44.097+0000] {logging_mixin.py:188} INFO - [2024-08-02T18:48:44.097+0000] {dag.py:3947} INFO - Setting next_dagrun for example_branch_dop_operator_v3 to 2024-08-02 18:47:00+00:00, run_after=2024-08-02 18:48:00+00:00
[2024-08-02T18:48:44.259+0000] {processor.py:183} INFO - Processing /home/airflow/.local/lib/python3.12/site-packages/airflow/example_dags/example_branch_python_dop_operator_3.py took 0.361 seconds
[2024-08-02T18:49:14.297+0000] {processor.py:161} INFO - Started process (PID=155) to work on /home/airflow/.local/lib/python3.12/site-packages/airflow/example_dags/example_branch_python_dop_operator_3.py
[2024-08-02T18:49:14.298+0000] {processor.py:830} INFO - Processing file /home/airflow/.local/lib/python3.12/site-packages/airflow/example_dags/example_branch_python_dop_operator_3.py for tasks to queue
[2024-08-02T18:49:14.300+0000] {logging_mixin.py:188} INFO - [2024-08-02T18:49:14.299+0000] {dagbag.py:545} INFO - Filling up the DagBag from /home/airflow/.local/lib/python3.12/site-packages/airflow/example_dags/example_branch_python_dop_operator_3.py
[2024-08-02T18:49:14.307+0000] {processor.py:840} INFO - DAG(s) 'example_branch_dop_operator_v3' retrieved from /home/airflow/.local/lib/python3.12/site-packages/airflow/example_dags/example_branch_python_dop_operator_3.py
[2024-08-02T18:49:14.323+0000] {logging_mixin.py:188} INFO - [2024-08-02T18:49:14.323+0000] {dag.py:3089} INFO - Sync 1 DAGs
[2024-08-02T18:49:14.343+0000] {logging_mixin.py:188} INFO - [2024-08-02T18:49:14.343+0000] {dag.py:3947} INFO - Setting next_dagrun for example_branch_dop_operator_v3 to 2024-08-02 18:48:00+00:00, run_after=2024-08-02 18:49:00+00:00
[2024-08-02T18:49:14.361+0000] {processor.py:183} INFO - Processing /home/airflow/.local/lib/python3.12/site-packages/airflow/example_dags/example_branch_python_dop_operator_3.py took 0.068 seconds
