[2024-08-01T20:02:22.509+0000] {processor.py:161} INFO - Started process (PID=95) to work on /home/airflow/.local/lib/python3.12/site-packages/airflow/example_dags/example_python_decorator.py
[2024-08-01T20:02:22.509+0000] {processor.py:830} INFO - Processing file /home/airflow/.local/lib/python3.12/site-packages/airflow/example_dags/example_python_decorator.py for tasks to queue
[2024-08-01T20:02:22.511+0000] {logging_mixin.py:188} INFO - [2024-08-01T20:02:22.510+0000] {dagbag.py:545} INFO - Filling up the DagBag from /home/airflow/.local/lib/python3.12/site-packages/airflow/example_dags/example_python_decorator.py
[2024-08-01T20:02:22.543+0000] {processor.py:840} INFO - DAG(s) 'example_python_decorator' retrieved from /home/airflow/.local/lib/python3.12/site-packages/airflow/example_dags/example_python_decorator.py
[2024-08-01T20:02:22.661+0000] {logging_mixin.py:188} INFO - [2024-08-01T20:02:22.661+0000] {dag.py:3089} INFO - Sync 1 DAGs
[2024-08-01T20:02:22.674+0000] {logging_mixin.py:188} INFO - [2024-08-01T20:02:22.674+0000] {dag.py:3947} INFO - Setting next_dagrun for example_python_decorator to None, run_after=None
[2024-08-01T20:02:22.697+0000] {processor.py:183} INFO - Processing /home/airflow/.local/lib/python3.12/site-packages/airflow/example_dags/example_python_decorator.py took 0.193 seconds
[2024-08-01T20:02:52.784+0000] {processor.py:161} INFO - Started process (PID=153) to work on /home/airflow/.local/lib/python3.12/site-packages/airflow/example_dags/example_python_decorator.py
[2024-08-01T20:02:52.785+0000] {processor.py:830} INFO - Processing file /home/airflow/.local/lib/python3.12/site-packages/airflow/example_dags/example_python_decorator.py for tasks to queue
[2024-08-01T20:02:52.787+0000] {logging_mixin.py:188} INFO - [2024-08-01T20:02:52.786+0000] {dagbag.py:545} INFO - Filling up the DagBag from /home/airflow/.local/lib/python3.12/site-packages/airflow/example_dags/example_python_decorator.py
[2024-08-01T20:02:52.798+0000] {processor.py:840} INFO - DAG(s) 'example_python_decorator' retrieved from /home/airflow/.local/lib/python3.12/site-packages/airflow/example_dags/example_python_decorator.py
[2024-08-01T20:02:52.818+0000] {logging_mixin.py:188} INFO - [2024-08-01T20:02:52.818+0000] {dag.py:3089} INFO - Sync 1 DAGs
[2024-08-01T20:02:52.830+0000] {logging_mixin.py:188} INFO - [2024-08-01T20:02:52.830+0000] {dag.py:3947} INFO - Setting next_dagrun for example_python_decorator to None, run_after=None
[2024-08-01T20:02:52.854+0000] {processor.py:183} INFO - Processing /home/airflow/.local/lib/python3.12/site-packages/airflow/example_dags/example_python_decorator.py took 0.075 seconds
[2024-08-01T20:03:22.893+0000] {processor.py:161} INFO - Started process (PID=211) to work on /home/airflow/.local/lib/python3.12/site-packages/airflow/example_dags/example_python_decorator.py
[2024-08-01T20:03:22.894+0000] {processor.py:830} INFO - Processing file /home/airflow/.local/lib/python3.12/site-packages/airflow/example_dags/example_python_decorator.py for tasks to queue
[2024-08-01T20:03:22.895+0000] {logging_mixin.py:188} INFO - [2024-08-01T20:03:22.895+0000] {dagbag.py:545} INFO - Filling up the DagBag from /home/airflow/.local/lib/python3.12/site-packages/airflow/example_dags/example_python_decorator.py
[2024-08-01T20:03:22.906+0000] {processor.py:840} INFO - DAG(s) 'example_python_decorator' retrieved from /home/airflow/.local/lib/python3.12/site-packages/airflow/example_dags/example_python_decorator.py
[2024-08-01T20:03:22.930+0000] {logging_mixin.py:188} INFO - [2024-08-01T20:03:22.930+0000] {dag.py:3089} INFO - Sync 1 DAGs
[2024-08-01T20:03:22.943+0000] {logging_mixin.py:188} INFO - [2024-08-01T20:03:22.943+0000] {dag.py:3947} INFO - Setting next_dagrun for example_python_decorator to None, run_after=None
[2024-08-01T20:03:22.965+0000] {processor.py:183} INFO - Processing /home/airflow/.local/lib/python3.12/site-packages/airflow/example_dags/example_python_decorator.py took 0.076 seconds
[2024-08-01T20:03:53.403+0000] {processor.py:161} INFO - Started process (PID=269) to work on /home/airflow/.local/lib/python3.12/site-packages/airflow/example_dags/example_python_decorator.py
[2024-08-01T20:03:53.404+0000] {processor.py:830} INFO - Processing file /home/airflow/.local/lib/python3.12/site-packages/airflow/example_dags/example_python_decorator.py for tasks to queue
[2024-08-01T20:03:53.405+0000] {logging_mixin.py:188} INFO - [2024-08-01T20:03:53.405+0000] {dagbag.py:545} INFO - Filling up the DagBag from /home/airflow/.local/lib/python3.12/site-packages/airflow/example_dags/example_python_decorator.py
[2024-08-01T20:03:53.416+0000] {processor.py:840} INFO - DAG(s) 'example_python_decorator' retrieved from /home/airflow/.local/lib/python3.12/site-packages/airflow/example_dags/example_python_decorator.py
[2024-08-01T20:03:53.435+0000] {logging_mixin.py:188} INFO - [2024-08-01T20:03:53.435+0000] {dag.py:3089} INFO - Sync 1 DAGs
[2024-08-01T20:03:53.446+0000] {logging_mixin.py:188} INFO - [2024-08-01T20:03:53.446+0000] {dag.py:3947} INFO - Setting next_dagrun for example_python_decorator to None, run_after=None
[2024-08-01T20:03:53.464+0000] {processor.py:183} INFO - Processing /home/airflow/.local/lib/python3.12/site-packages/airflow/example_dags/example_python_decorator.py took 0.066 seconds
[2024-08-01T20:04:23.829+0000] {processor.py:161} INFO - Started process (PID=327) to work on /home/airflow/.local/lib/python3.12/site-packages/airflow/example_dags/example_python_decorator.py
[2024-08-01T20:04:23.830+0000] {processor.py:830} INFO - Processing file /home/airflow/.local/lib/python3.12/site-packages/airflow/example_dags/example_python_decorator.py for tasks to queue
[2024-08-01T20:04:23.832+0000] {logging_mixin.py:188} INFO - [2024-08-01T20:04:23.831+0000] {dagbag.py:545} INFO - Filling up the DagBag from /home/airflow/.local/lib/python3.12/site-packages/airflow/example_dags/example_python_decorator.py
[2024-08-01T20:04:23.843+0000] {processor.py:840} INFO - DAG(s) 'example_python_decorator' retrieved from /home/airflow/.local/lib/python3.12/site-packages/airflow/example_dags/example_python_decorator.py
[2024-08-01T20:04:23.864+0000] {logging_mixin.py:188} INFO - [2024-08-01T20:04:23.863+0000] {dag.py:3089} INFO - Sync 1 DAGs
[2024-08-01T20:04:23.876+0000] {logging_mixin.py:188} INFO - [2024-08-01T20:04:23.875+0000] {dag.py:3947} INFO - Setting next_dagrun for example_python_decorator to None, run_after=None
[2024-08-01T20:04:23.941+0000] {processor.py:183} INFO - Processing /home/airflow/.local/lib/python3.12/site-packages/airflow/example_dags/example_python_decorator.py took 0.117 seconds
[2024-08-01T20:04:54.481+0000] {processor.py:161} INFO - Started process (PID=385) to work on /home/airflow/.local/lib/python3.12/site-packages/airflow/example_dags/example_python_decorator.py
[2024-08-01T20:04:54.482+0000] {processor.py:830} INFO - Processing file /home/airflow/.local/lib/python3.12/site-packages/airflow/example_dags/example_python_decorator.py for tasks to queue
[2024-08-01T20:04:54.484+0000] {logging_mixin.py:188} INFO - [2024-08-01T20:04:54.483+0000] {dagbag.py:545} INFO - Filling up the DagBag from /home/airflow/.local/lib/python3.12/site-packages/airflow/example_dags/example_python_decorator.py
[2024-08-01T20:04:54.498+0000] {processor.py:840} INFO - DAG(s) 'example_python_decorator' retrieved from /home/airflow/.local/lib/python3.12/site-packages/airflow/example_dags/example_python_decorator.py
[2024-08-01T20:04:54.521+0000] {logging_mixin.py:188} INFO - [2024-08-01T20:04:54.521+0000] {dag.py:3089} INFO - Sync 1 DAGs
[2024-08-01T20:04:54.536+0000] {logging_mixin.py:188} INFO - [2024-08-01T20:04:54.535+0000] {dag.py:3947} INFO - Setting next_dagrun for example_python_decorator to None, run_after=None
[2024-08-01T20:04:54.558+0000] {processor.py:183} INFO - Processing /home/airflow/.local/lib/python3.12/site-packages/airflow/example_dags/example_python_decorator.py took 0.082 seconds
[2024-08-01T20:05:25.114+0000] {processor.py:161} INFO - Started process (PID=443) to work on /home/airflow/.local/lib/python3.12/site-packages/airflow/example_dags/example_python_decorator.py
[2024-08-01T20:05:25.115+0000] {processor.py:830} INFO - Processing file /home/airflow/.local/lib/python3.12/site-packages/airflow/example_dags/example_python_decorator.py for tasks to queue
[2024-08-01T20:05:25.116+0000] {logging_mixin.py:188} INFO - [2024-08-01T20:05:25.116+0000] {dagbag.py:545} INFO - Filling up the DagBag from /home/airflow/.local/lib/python3.12/site-packages/airflow/example_dags/example_python_decorator.py
[2024-08-01T20:05:25.127+0000] {processor.py:840} INFO - DAG(s) 'example_python_decorator' retrieved from /home/airflow/.local/lib/python3.12/site-packages/airflow/example_dags/example_python_decorator.py
[2024-08-01T20:05:25.148+0000] {logging_mixin.py:188} INFO - [2024-08-01T20:05:25.147+0000] {dag.py:3089} INFO - Sync 1 DAGs
[2024-08-01T20:05:25.158+0000] {logging_mixin.py:188} INFO - [2024-08-01T20:05:25.158+0000] {dag.py:3947} INFO - Setting next_dagrun for example_python_decorator to None, run_after=None
[2024-08-01T20:05:25.176+0000] {processor.py:183} INFO - Processing /home/airflow/.local/lib/python3.12/site-packages/airflow/example_dags/example_python_decorator.py took 0.066 seconds
[2024-08-01T20:05:55.651+0000] {processor.py:161} INFO - Started process (PID=501) to work on /home/airflow/.local/lib/python3.12/site-packages/airflow/example_dags/example_python_decorator.py
[2024-08-01T20:05:55.652+0000] {processor.py:830} INFO - Processing file /home/airflow/.local/lib/python3.12/site-packages/airflow/example_dags/example_python_decorator.py for tasks to queue
[2024-08-01T20:05:55.654+0000] {logging_mixin.py:188} INFO - [2024-08-01T20:05:55.654+0000] {dagbag.py:545} INFO - Filling up the DagBag from /home/airflow/.local/lib/python3.12/site-packages/airflow/example_dags/example_python_decorator.py
[2024-08-01T20:05:55.669+0000] {processor.py:840} INFO - DAG(s) 'example_python_decorator' retrieved from /home/airflow/.local/lib/python3.12/site-packages/airflow/example_dags/example_python_decorator.py
[2024-08-01T20:05:55.693+0000] {logging_mixin.py:188} INFO - [2024-08-01T20:05:55.692+0000] {dag.py:3089} INFO - Sync 1 DAGs
[2024-08-01T20:05:55.705+0000] {logging_mixin.py:188} INFO - [2024-08-01T20:05:55.704+0000] {dag.py:3947} INFO - Setting next_dagrun for example_python_decorator to None, run_after=None
[2024-08-01T20:05:55.726+0000] {processor.py:183} INFO - Processing /home/airflow/.local/lib/python3.12/site-packages/airflow/example_dags/example_python_decorator.py took 0.079 seconds
[2024-08-01T20:06:36.490+0000] {processor.py:161} INFO - Started process (PID=89) to work on /home/airflow/.local/lib/python3.12/site-packages/airflow/example_dags/example_python_decorator.py
[2024-08-01T20:06:36.519+0000] {processor.py:830} INFO - Processing file /home/airflow/.local/lib/python3.12/site-packages/airflow/example_dags/example_python_decorator.py for tasks to queue
[2024-08-01T20:06:36.520+0000] {logging_mixin.py:188} INFO - [2024-08-01T20:06:36.520+0000] {dagbag.py:545} INFO - Filling up the DagBag from /home/airflow/.local/lib/python3.12/site-packages/airflow/example_dags/example_python_decorator.py
[2024-08-01T20:06:36.532+0000] {processor.py:840} INFO - DAG(s) 'example_python_decorator' retrieved from /home/airflow/.local/lib/python3.12/site-packages/airflow/example_dags/example_python_decorator.py
[2024-08-01T20:06:36.629+0000] {logging_mixin.py:188} INFO - [2024-08-01T20:06:36.629+0000] {dag.py:3089} INFO - Sync 1 DAGs
[2024-08-01T20:06:36.640+0000] {logging_mixin.py:188} INFO - [2024-08-01T20:06:36.640+0000] {dag.py:3947} INFO - Setting next_dagrun for example_python_decorator to None, run_after=None
[2024-08-01T20:06:36.708+0000] {processor.py:183} INFO - Processing /home/airflow/.local/lib/python3.12/site-packages/airflow/example_dags/example_python_decorator.py took 0.223 seconds
[2024-08-01T20:07:07.475+0000] {processor.py:161} INFO - Started process (PID=148) to work on /home/airflow/.local/lib/python3.12/site-packages/airflow/example_dags/example_python_decorator.py
[2024-08-01T20:07:07.476+0000] {processor.py:830} INFO - Processing file /home/airflow/.local/lib/python3.12/site-packages/airflow/example_dags/example_python_decorator.py for tasks to queue
[2024-08-01T20:07:07.477+0000] {logging_mixin.py:188} INFO - [2024-08-01T20:07:07.477+0000] {dagbag.py:545} INFO - Filling up the DagBag from /home/airflow/.local/lib/python3.12/site-packages/airflow/example_dags/example_python_decorator.py
[2024-08-01T20:07:07.489+0000] {processor.py:840} INFO - DAG(s) 'example_python_decorator' retrieved from /home/airflow/.local/lib/python3.12/site-packages/airflow/example_dags/example_python_decorator.py
[2024-08-01T20:07:07.510+0000] {logging_mixin.py:188} INFO - [2024-08-01T20:07:07.510+0000] {dag.py:3089} INFO - Sync 1 DAGs
[2024-08-01T20:07:07.521+0000] {logging_mixin.py:188} INFO - [2024-08-01T20:07:07.521+0000] {dag.py:3947} INFO - Setting next_dagrun for example_python_decorator to None, run_after=None
[2024-08-01T20:07:07.539+0000] {processor.py:183} INFO - Processing /home/airflow/.local/lib/python3.12/site-packages/airflow/example_dags/example_python_decorator.py took 0.069 seconds
[2024-08-01T20:07:38.152+0000] {processor.py:161} INFO - Started process (PID=205) to work on /home/airflow/.local/lib/python3.12/site-packages/airflow/example_dags/example_python_decorator.py
[2024-08-01T20:07:38.153+0000] {processor.py:830} INFO - Processing file /home/airflow/.local/lib/python3.12/site-packages/airflow/example_dags/example_python_decorator.py for tasks to queue
[2024-08-01T20:07:38.154+0000] {logging_mixin.py:188} INFO - [2024-08-01T20:07:38.154+0000] {dagbag.py:545} INFO - Filling up the DagBag from /home/airflow/.local/lib/python3.12/site-packages/airflow/example_dags/example_python_decorator.py
[2024-08-01T20:07:38.167+0000] {processor.py:840} INFO - DAG(s) 'example_python_decorator' retrieved from /home/airflow/.local/lib/python3.12/site-packages/airflow/example_dags/example_python_decorator.py
[2024-08-01T20:07:38.191+0000] {logging_mixin.py:188} INFO - [2024-08-01T20:07:38.191+0000] {dag.py:3089} INFO - Sync 1 DAGs
[2024-08-01T20:07:38.206+0000] {logging_mixin.py:188} INFO - [2024-08-01T20:07:38.205+0000] {dag.py:3947} INFO - Setting next_dagrun for example_python_decorator to None, run_after=None
[2024-08-01T20:07:38.233+0000] {processor.py:183} INFO - Processing /home/airflow/.local/lib/python3.12/site-packages/airflow/example_dags/example_python_decorator.py took 0.086 seconds
[2024-08-01T20:08:08.393+0000] {processor.py:161} INFO - Started process (PID=263) to work on /home/airflow/.local/lib/python3.12/site-packages/airflow/example_dags/example_python_decorator.py
[2024-08-01T20:08:08.394+0000] {processor.py:830} INFO - Processing file /home/airflow/.local/lib/python3.12/site-packages/airflow/example_dags/example_python_decorator.py for tasks to queue
[2024-08-01T20:08:08.396+0000] {logging_mixin.py:188} INFO - [2024-08-01T20:08:08.396+0000] {dagbag.py:545} INFO - Filling up the DagBag from /home/airflow/.local/lib/python3.12/site-packages/airflow/example_dags/example_python_decorator.py
[2024-08-01T20:08:08.407+0000] {processor.py:840} INFO - DAG(s) 'example_python_decorator' retrieved from /home/airflow/.local/lib/python3.12/site-packages/airflow/example_dags/example_python_decorator.py
[2024-08-01T20:08:08.430+0000] {logging_mixin.py:188} INFO - [2024-08-01T20:08:08.429+0000] {dag.py:3089} INFO - Sync 1 DAGs
[2024-08-01T20:08:08.441+0000] {logging_mixin.py:188} INFO - [2024-08-01T20:08:08.441+0000] {dag.py:3947} INFO - Setting next_dagrun for example_python_decorator to None, run_after=None
[2024-08-01T20:08:08.460+0000] {processor.py:183} INFO - Processing /home/airflow/.local/lib/python3.12/site-packages/airflow/example_dags/example_python_decorator.py took 0.071 seconds
[2024-08-01T20:08:39.000+0000] {processor.py:161} INFO - Started process (PID=321) to work on /home/airflow/.local/lib/python3.12/site-packages/airflow/example_dags/example_python_decorator.py
[2024-08-01T20:08:39.002+0000] {processor.py:830} INFO - Processing file /home/airflow/.local/lib/python3.12/site-packages/airflow/example_dags/example_python_decorator.py for tasks to queue
[2024-08-01T20:08:39.004+0000] {logging_mixin.py:188} INFO - [2024-08-01T20:08:39.004+0000] {dagbag.py:545} INFO - Filling up the DagBag from /home/airflow/.local/lib/python3.12/site-packages/airflow/example_dags/example_python_decorator.py
[2024-08-01T20:08:39.020+0000] {processor.py:840} INFO - DAG(s) 'example_python_decorator' retrieved from /home/airflow/.local/lib/python3.12/site-packages/airflow/example_dags/example_python_decorator.py
[2024-08-01T20:08:39.051+0000] {logging_mixin.py:188} INFO - [2024-08-01T20:08:39.050+0000] {dag.py:3089} INFO - Sync 1 DAGs
[2024-08-01T20:08:39.065+0000] {logging_mixin.py:188} INFO - [2024-08-01T20:08:39.064+0000] {dag.py:3947} INFO - Setting next_dagrun for example_python_decorator to None, run_after=None
[2024-08-01T20:08:39.087+0000] {processor.py:183} INFO - Processing /home/airflow/.local/lib/python3.12/site-packages/airflow/example_dags/example_python_decorator.py took 0.096 seconds
[2024-08-01T20:09:09.572+0000] {processor.py:161} INFO - Started process (PID=379) to work on /home/airflow/.local/lib/python3.12/site-packages/airflow/example_dags/example_python_decorator.py
[2024-08-01T20:09:09.573+0000] {processor.py:830} INFO - Processing file /home/airflow/.local/lib/python3.12/site-packages/airflow/example_dags/example_python_decorator.py for tasks to queue
[2024-08-01T20:09:09.574+0000] {logging_mixin.py:188} INFO - [2024-08-01T20:09:09.574+0000] {dagbag.py:545} INFO - Filling up the DagBag from /home/airflow/.local/lib/python3.12/site-packages/airflow/example_dags/example_python_decorator.py
[2024-08-01T20:09:09.586+0000] {processor.py:840} INFO - DAG(s) 'example_python_decorator' retrieved from /home/airflow/.local/lib/python3.12/site-packages/airflow/example_dags/example_python_decorator.py
[2024-08-01T20:09:09.607+0000] {logging_mixin.py:188} INFO - [2024-08-01T20:09:09.607+0000] {dag.py:3089} INFO - Sync 1 DAGs
[2024-08-01T20:09:09.618+0000] {logging_mixin.py:188} INFO - [2024-08-01T20:09:09.618+0000] {dag.py:3947} INFO - Setting next_dagrun for example_python_decorator to None, run_after=None
[2024-08-01T20:09:09.635+0000] {processor.py:183} INFO - Processing /home/airflow/.local/lib/python3.12/site-packages/airflow/example_dags/example_python_decorator.py took 0.068 seconds
[2024-08-01T20:11:22.183+0000] {processor.py:161} INFO - Started process (PID=93) to work on /home/airflow/.local/lib/python3.12/site-packages/airflow/example_dags/example_python_decorator.py
[2024-08-01T20:11:22.184+0000] {processor.py:830} INFO - Processing file /home/airflow/.local/lib/python3.12/site-packages/airflow/example_dags/example_python_decorator.py for tasks to queue
[2024-08-01T20:11:22.186+0000] {logging_mixin.py:188} INFO - [2024-08-01T20:11:22.186+0000] {dagbag.py:545} INFO - Filling up the DagBag from /home/airflow/.local/lib/python3.12/site-packages/airflow/example_dags/example_python_decorator.py
[2024-08-01T20:11:22.199+0000] {processor.py:840} INFO - DAG(s) 'example_python_decorator' retrieved from /home/airflow/.local/lib/python3.12/site-packages/airflow/example_dags/example_python_decorator.py
[2024-08-01T20:11:22.209+0000] {logging_mixin.py:188} INFO - [2024-08-01T20:11:22.209+0000] {dag.py:3089} INFO - Sync 1 DAGs
[2024-08-01T20:11:22.223+0000] {logging_mixin.py:188} INFO - [2024-08-01T20:11:22.222+0000] {dag.py:3947} INFO - Setting next_dagrun for example_python_decorator to None, run_after=None
[2024-08-01T20:11:22.243+0000] {processor.py:183} INFO - Processing /home/airflow/.local/lib/python3.12/site-packages/airflow/example_dags/example_python_decorator.py took 0.066 seconds
[2024-08-01T20:11:53.930+0000] {processor.py:161} INFO - Started process (PID=151) to work on /home/airflow/.local/lib/python3.12/site-packages/airflow/example_dags/example_python_decorator.py
[2024-08-01T20:11:53.931+0000] {processor.py:830} INFO - Processing file /home/airflow/.local/lib/python3.12/site-packages/airflow/example_dags/example_python_decorator.py for tasks to queue
[2024-08-01T20:11:53.933+0000] {logging_mixin.py:188} INFO - [2024-08-01T20:11:53.932+0000] {dagbag.py:545} INFO - Filling up the DagBag from /home/airflow/.local/lib/python3.12/site-packages/airflow/example_dags/example_python_decorator.py
[2024-08-01T20:11:53.944+0000] {processor.py:840} INFO - DAG(s) 'example_python_decorator' retrieved from /home/airflow/.local/lib/python3.12/site-packages/airflow/example_dags/example_python_decorator.py
[2024-08-01T20:11:54.051+0000] {logging_mixin.py:188} INFO - [2024-08-01T20:11:54.050+0000] {dag.py:3089} INFO - Sync 1 DAGs
[2024-08-01T20:11:54.063+0000] {logging_mixin.py:188} INFO - [2024-08-01T20:11:54.063+0000] {dag.py:3947} INFO - Setting next_dagrun for example_python_decorator to None, run_after=None
[2024-08-01T20:11:54.087+0000] {processor.py:183} INFO - Processing /home/airflow/.local/lib/python3.12/site-packages/airflow/example_dags/example_python_decorator.py took 0.162 seconds
[2024-08-01T20:12:24.771+0000] {processor.py:161} INFO - Started process (PID=209) to work on /home/airflow/.local/lib/python3.12/site-packages/airflow/example_dags/example_python_decorator.py
[2024-08-01T20:12:24.772+0000] {processor.py:830} INFO - Processing file /home/airflow/.local/lib/python3.12/site-packages/airflow/example_dags/example_python_decorator.py for tasks to queue
[2024-08-01T20:12:24.773+0000] {logging_mixin.py:188} INFO - [2024-08-01T20:12:24.773+0000] {dagbag.py:545} INFO - Filling up the DagBag from /home/airflow/.local/lib/python3.12/site-packages/airflow/example_dags/example_python_decorator.py
[2024-08-01T20:12:24.784+0000] {processor.py:840} INFO - DAG(s) 'example_python_decorator' retrieved from /home/airflow/.local/lib/python3.12/site-packages/airflow/example_dags/example_python_decorator.py
[2024-08-01T20:12:24.805+0000] {logging_mixin.py:188} INFO - [2024-08-01T20:12:24.804+0000] {dag.py:3089} INFO - Sync 1 DAGs
[2024-08-01T20:12:24.816+0000] {logging_mixin.py:188} INFO - [2024-08-01T20:12:24.816+0000] {dag.py:3947} INFO - Setting next_dagrun for example_python_decorator to None, run_after=None
[2024-08-01T20:12:24.836+0000] {processor.py:183} INFO - Processing /home/airflow/.local/lib/python3.12/site-packages/airflow/example_dags/example_python_decorator.py took 0.069 seconds
[2024-08-01T20:12:55.051+0000] {processor.py:161} INFO - Started process (PID=267) to work on /home/airflow/.local/lib/python3.12/site-packages/airflow/example_dags/example_python_decorator.py
[2024-08-01T20:12:55.052+0000] {processor.py:830} INFO - Processing file /home/airflow/.local/lib/python3.12/site-packages/airflow/example_dags/example_python_decorator.py for tasks to queue
[2024-08-01T20:12:55.053+0000] {logging_mixin.py:188} INFO - [2024-08-01T20:12:55.053+0000] {dagbag.py:545} INFO - Filling up the DagBag from /home/airflow/.local/lib/python3.12/site-packages/airflow/example_dags/example_python_decorator.py
[2024-08-01T20:12:55.066+0000] {processor.py:840} INFO - DAG(s) 'example_python_decorator' retrieved from /home/airflow/.local/lib/python3.12/site-packages/airflow/example_dags/example_python_decorator.py
[2024-08-01T20:12:55.088+0000] {logging_mixin.py:188} INFO - [2024-08-01T20:12:55.088+0000] {dag.py:3089} INFO - Sync 1 DAGs
[2024-08-01T20:12:55.099+0000] {logging_mixin.py:188} INFO - [2024-08-01T20:12:55.099+0000] {dag.py:3947} INFO - Setting next_dagrun for example_python_decorator to None, run_after=None
[2024-08-01T20:12:55.120+0000] {processor.py:183} INFO - Processing /home/airflow/.local/lib/python3.12/site-packages/airflow/example_dags/example_python_decorator.py took 0.074 seconds
[2024-08-01T20:13:25.162+0000] {processor.py:161} INFO - Started process (PID=325) to work on /home/airflow/.local/lib/python3.12/site-packages/airflow/example_dags/example_python_decorator.py
[2024-08-01T20:13:25.163+0000] {processor.py:830} INFO - Processing file /home/airflow/.local/lib/python3.12/site-packages/airflow/example_dags/example_python_decorator.py for tasks to queue
[2024-08-01T20:13:25.164+0000] {logging_mixin.py:188} INFO - [2024-08-01T20:13:25.164+0000] {dagbag.py:545} INFO - Filling up the DagBag from /home/airflow/.local/lib/python3.12/site-packages/airflow/example_dags/example_python_decorator.py
[2024-08-01T20:13:25.175+0000] {processor.py:840} INFO - DAG(s) 'example_python_decorator' retrieved from /home/airflow/.local/lib/python3.12/site-packages/airflow/example_dags/example_python_decorator.py
[2024-08-01T20:13:25.196+0000] {logging_mixin.py:188} INFO - [2024-08-01T20:13:25.196+0000] {dag.py:3089} INFO - Sync 1 DAGs
[2024-08-01T20:13:25.208+0000] {logging_mixin.py:188} INFO - [2024-08-01T20:13:25.208+0000] {dag.py:3947} INFO - Setting next_dagrun for example_python_decorator to None, run_after=None
[2024-08-01T20:13:25.225+0000] {processor.py:183} INFO - Processing /home/airflow/.local/lib/python3.12/site-packages/airflow/example_dags/example_python_decorator.py took 0.068 seconds
[2024-08-01T20:13:55.587+0000] {processor.py:161} INFO - Started process (PID=383) to work on /home/airflow/.local/lib/python3.12/site-packages/airflow/example_dags/example_python_decorator.py
[2024-08-01T20:13:55.588+0000] {processor.py:830} INFO - Processing file /home/airflow/.local/lib/python3.12/site-packages/airflow/example_dags/example_python_decorator.py for tasks to queue
[2024-08-01T20:13:55.589+0000] {logging_mixin.py:188} INFO - [2024-08-01T20:13:55.589+0000] {dagbag.py:545} INFO - Filling up the DagBag from /home/airflow/.local/lib/python3.12/site-packages/airflow/example_dags/example_python_decorator.py
[2024-08-01T20:13:55.601+0000] {processor.py:840} INFO - DAG(s) 'example_python_decorator' retrieved from /home/airflow/.local/lib/python3.12/site-packages/airflow/example_dags/example_python_decorator.py
[2024-08-01T20:13:55.623+0000] {logging_mixin.py:188} INFO - [2024-08-01T20:13:55.622+0000] {dag.py:3089} INFO - Sync 1 DAGs
[2024-08-01T20:13:55.635+0000] {logging_mixin.py:188} INFO - [2024-08-01T20:13:55.635+0000] {dag.py:3947} INFO - Setting next_dagrun for example_python_decorator to None, run_after=None
[2024-08-01T20:13:55.655+0000] {processor.py:183} INFO - Processing /home/airflow/.local/lib/python3.12/site-packages/airflow/example_dags/example_python_decorator.py took 0.072 seconds
[2024-08-01T20:14:26.277+0000] {processor.py:161} INFO - Started process (PID=441) to work on /home/airflow/.local/lib/python3.12/site-packages/airflow/example_dags/example_python_decorator.py
[2024-08-01T20:14:26.280+0000] {processor.py:830} INFO - Processing file /home/airflow/.local/lib/python3.12/site-packages/airflow/example_dags/example_python_decorator.py for tasks to queue
[2024-08-01T20:14:26.282+0000] {logging_mixin.py:188} INFO - [2024-08-01T20:14:26.281+0000] {dagbag.py:545} INFO - Filling up the DagBag from /home/airflow/.local/lib/python3.12/site-packages/airflow/example_dags/example_python_decorator.py
[2024-08-01T20:14:26.297+0000] {processor.py:840} INFO - DAG(s) 'example_python_decorator' retrieved from /home/airflow/.local/lib/python3.12/site-packages/airflow/example_dags/example_python_decorator.py
[2024-08-01T20:14:26.323+0000] {logging_mixin.py:188} INFO - [2024-08-01T20:14:26.323+0000] {dag.py:3089} INFO - Sync 1 DAGs
[2024-08-01T20:14:26.336+0000] {logging_mixin.py:188} INFO - [2024-08-01T20:14:26.336+0000] {dag.py:3947} INFO - Setting next_dagrun for example_python_decorator to None, run_after=None
[2024-08-01T20:14:26.361+0000] {processor.py:183} INFO - Processing /home/airflow/.local/lib/python3.12/site-packages/airflow/example_dags/example_python_decorator.py took 0.090 seconds
[2024-08-01T20:14:56.401+0000] {processor.py:161} INFO - Started process (PID=499) to work on /home/airflow/.local/lib/python3.12/site-packages/airflow/example_dags/example_python_decorator.py
[2024-08-01T20:14:56.402+0000] {processor.py:830} INFO - Processing file /home/airflow/.local/lib/python3.12/site-packages/airflow/example_dags/example_python_decorator.py for tasks to queue
[2024-08-01T20:14:56.403+0000] {logging_mixin.py:188} INFO - [2024-08-01T20:14:56.403+0000] {dagbag.py:545} INFO - Filling up the DagBag from /home/airflow/.local/lib/python3.12/site-packages/airflow/example_dags/example_python_decorator.py
[2024-08-01T20:14:56.415+0000] {processor.py:840} INFO - DAG(s) 'example_python_decorator' retrieved from /home/airflow/.local/lib/python3.12/site-packages/airflow/example_dags/example_python_decorator.py
[2024-08-01T20:14:56.434+0000] {logging_mixin.py:188} INFO - [2024-08-01T20:14:56.434+0000] {dag.py:3089} INFO - Sync 1 DAGs
[2024-08-01T20:14:56.445+0000] {logging_mixin.py:188} INFO - [2024-08-01T20:14:56.445+0000] {dag.py:3947} INFO - Setting next_dagrun for example_python_decorator to None, run_after=None
[2024-08-01T20:14:56.465+0000] {processor.py:183} INFO - Processing /home/airflow/.local/lib/python3.12/site-packages/airflow/example_dags/example_python_decorator.py took 0.069 seconds
[2024-08-01T20:15:26.647+0000] {processor.py:161} INFO - Started process (PID=557) to work on /home/airflow/.local/lib/python3.12/site-packages/airflow/example_dags/example_python_decorator.py
[2024-08-01T20:15:26.648+0000] {processor.py:830} INFO - Processing file /home/airflow/.local/lib/python3.12/site-packages/airflow/example_dags/example_python_decorator.py for tasks to queue
[2024-08-01T20:15:26.650+0000] {logging_mixin.py:188} INFO - [2024-08-01T20:15:26.649+0000] {dagbag.py:545} INFO - Filling up the DagBag from /home/airflow/.local/lib/python3.12/site-packages/airflow/example_dags/example_python_decorator.py
[2024-08-01T20:15:26.661+0000] {processor.py:840} INFO - DAG(s) 'example_python_decorator' retrieved from /home/airflow/.local/lib/python3.12/site-packages/airflow/example_dags/example_python_decorator.py
[2024-08-01T20:15:26.683+0000] {logging_mixin.py:188} INFO - [2024-08-01T20:15:26.682+0000] {dag.py:3089} INFO - Sync 1 DAGs
[2024-08-01T20:15:26.695+0000] {logging_mixin.py:188} INFO - [2024-08-01T20:15:26.694+0000] {dag.py:3947} INFO - Setting next_dagrun for example_python_decorator to None, run_after=None
[2024-08-01T20:15:26.717+0000] {processor.py:183} INFO - Processing /home/airflow/.local/lib/python3.12/site-packages/airflow/example_dags/example_python_decorator.py took 0.075 seconds
[2024-08-01T20:15:56.821+0000] {processor.py:161} INFO - Started process (PID=615) to work on /home/airflow/.local/lib/python3.12/site-packages/airflow/example_dags/example_python_decorator.py
[2024-08-01T20:15:56.822+0000] {processor.py:830} INFO - Processing file /home/airflow/.local/lib/python3.12/site-packages/airflow/example_dags/example_python_decorator.py for tasks to queue
[2024-08-01T20:15:56.823+0000] {logging_mixin.py:188} INFO - [2024-08-01T20:15:56.823+0000] {dagbag.py:545} INFO - Filling up the DagBag from /home/airflow/.local/lib/python3.12/site-packages/airflow/example_dags/example_python_decorator.py
[2024-08-01T20:15:56.834+0000] {processor.py:840} INFO - DAG(s) 'example_python_decorator' retrieved from /home/airflow/.local/lib/python3.12/site-packages/airflow/example_dags/example_python_decorator.py
[2024-08-01T20:15:56.854+0000] {logging_mixin.py:188} INFO - [2024-08-01T20:15:56.853+0000] {dag.py:3089} INFO - Sync 1 DAGs
[2024-08-01T20:15:56.865+0000] {logging_mixin.py:188} INFO - [2024-08-01T20:15:56.864+0000] {dag.py:3947} INFO - Setting next_dagrun for example_python_decorator to None, run_after=None
[2024-08-01T20:15:56.883+0000] {processor.py:183} INFO - Processing /home/airflow/.local/lib/python3.12/site-packages/airflow/example_dags/example_python_decorator.py took 0.067 seconds
[2024-08-01T20:16:27.487+0000] {processor.py:161} INFO - Started process (PID=673) to work on /home/airflow/.local/lib/python3.12/site-packages/airflow/example_dags/example_python_decorator.py
[2024-08-01T20:16:27.488+0000] {processor.py:830} INFO - Processing file /home/airflow/.local/lib/python3.12/site-packages/airflow/example_dags/example_python_decorator.py for tasks to queue
[2024-08-01T20:16:27.489+0000] {logging_mixin.py:188} INFO - [2024-08-01T20:16:27.489+0000] {dagbag.py:545} INFO - Filling up the DagBag from /home/airflow/.local/lib/python3.12/site-packages/airflow/example_dags/example_python_decorator.py
[2024-08-01T20:16:27.501+0000] {processor.py:840} INFO - DAG(s) 'example_python_decorator' retrieved from /home/airflow/.local/lib/python3.12/site-packages/airflow/example_dags/example_python_decorator.py
[2024-08-01T20:16:27.523+0000] {logging_mixin.py:188} INFO - [2024-08-01T20:16:27.523+0000] {dag.py:3089} INFO - Sync 1 DAGs
[2024-08-01T20:16:27.538+0000] {logging_mixin.py:188} INFO - [2024-08-01T20:16:27.537+0000] {dag.py:3947} INFO - Setting next_dagrun for example_python_decorator to None, run_after=None
[2024-08-01T20:16:27.560+0000] {processor.py:183} INFO - Processing /home/airflow/.local/lib/python3.12/site-packages/airflow/example_dags/example_python_decorator.py took 0.078 seconds
