[2024-08-01T20:02:16.520+0000] {processor.py:161} INFO - Started process (PID=51) to work on /home/airflow/.local/lib/python3.12/site-packages/airflow/example_dags/example_complex.py
[2024-08-01T20:02:16.524+0000] {processor.py:830} INFO - Processing file /home/airflow/.local/lib/python3.12/site-packages/airflow/example_dags/example_complex.py for tasks to queue
[2024-08-01T20:02:16.528+0000] {logging_mixin.py:188} INFO - [2024-08-01T20:02:16.527+0000] {dagbag.py:545} INFO - Filling up the DagBag from /home/airflow/.local/lib/python3.12/site-packages/airflow/example_dags/example_complex.py
[2024-08-01T20:02:16.552+0000] {processor.py:840} INFO - DAG(s) 'example_complex' retrieved from /home/airflow/.local/lib/python3.12/site-packages/airflow/example_dags/example_complex.py
[2024-08-01T20:02:16.570+0000] {logging_mixin.py:188} INFO - [2024-08-01T20:02:16.570+0000] {dag.py:3089} INFO - Sync 1 DAGs
[2024-08-01T20:02:16.590+0000] {logging_mixin.py:188} INFO - [2024-08-01T20:02:16.589+0000] {dag.py:3947} INFO - Setting next_dagrun for example_complex to None, run_after=None
[2024-08-01T20:02:16.721+0000] {processor.py:183} INFO - Processing /home/airflow/.local/lib/python3.12/site-packages/airflow/example_dags/example_complex.py took 0.208 seconds
[2024-08-01T20:02:48.448+0000] {processor.py:161} INFO - Started process (PID=115) to work on /home/airflow/.local/lib/python3.12/site-packages/airflow/example_dags/example_complex.py
[2024-08-01T20:02:48.449+0000] {processor.py:830} INFO - Processing file /home/airflow/.local/lib/python3.12/site-packages/airflow/example_dags/example_complex.py for tasks to queue
[2024-08-01T20:02:48.450+0000] {logging_mixin.py:188} INFO - [2024-08-01T20:02:48.450+0000] {dagbag.py:545} INFO - Filling up the DagBag from /home/airflow/.local/lib/python3.12/site-packages/airflow/example_dags/example_complex.py
[2024-08-01T20:02:48.460+0000] {processor.py:840} INFO - DAG(s) 'example_complex' retrieved from /home/airflow/.local/lib/python3.12/site-packages/airflow/example_dags/example_complex.py
[2024-08-01T20:02:48.573+0000] {logging_mixin.py:188} INFO - [2024-08-01T20:02:48.572+0000] {dag.py:3089} INFO - Sync 1 DAGs
[2024-08-01T20:02:48.584+0000] {logging_mixin.py:188} INFO - [2024-08-01T20:02:48.583+0000] {dag.py:3947} INFO - Setting next_dagrun for example_complex to None, run_after=None
[2024-08-01T20:02:48.654+0000] {processor.py:183} INFO - Processing /home/airflow/.local/lib/python3.12/site-packages/airflow/example_dags/example_complex.py took 0.211 seconds
[2024-08-01T20:03:18.693+0000] {processor.py:161} INFO - Started process (PID=173) to work on /home/airflow/.local/lib/python3.12/site-packages/airflow/example_dags/example_complex.py
[2024-08-01T20:03:18.695+0000] {processor.py:830} INFO - Processing file /home/airflow/.local/lib/python3.12/site-packages/airflow/example_dags/example_complex.py for tasks to queue
[2024-08-01T20:03:18.697+0000] {logging_mixin.py:188} INFO - [2024-08-01T20:03:18.696+0000] {dagbag.py:545} INFO - Filling up the DagBag from /home/airflow/.local/lib/python3.12/site-packages/airflow/example_dags/example_complex.py
[2024-08-01T20:03:18.715+0000] {processor.py:840} INFO - DAG(s) 'example_complex' retrieved from /home/airflow/.local/lib/python3.12/site-packages/airflow/example_dags/example_complex.py
[2024-08-01T20:03:18.774+0000] {logging_mixin.py:188} INFO - [2024-08-01T20:03:18.774+0000] {dag.py:3089} INFO - Sync 1 DAGs
[2024-08-01T20:03:18.800+0000] {logging_mixin.py:188} INFO - [2024-08-01T20:03:18.799+0000] {dag.py:3947} INFO - Setting next_dagrun for example_complex to None, run_after=None
[2024-08-01T20:03:18.873+0000] {processor.py:183} INFO - Processing /home/airflow/.local/lib/python3.12/site-packages/airflow/example_dags/example_complex.py took 0.186 seconds
[2024-08-01T20:03:49.268+0000] {processor.py:161} INFO - Started process (PID=231) to work on /home/airflow/.local/lib/python3.12/site-packages/airflow/example_dags/example_complex.py
[2024-08-01T20:03:49.269+0000] {processor.py:830} INFO - Processing file /home/airflow/.local/lib/python3.12/site-packages/airflow/example_dags/example_complex.py for tasks to queue
[2024-08-01T20:03:49.270+0000] {logging_mixin.py:188} INFO - [2024-08-01T20:03:49.270+0000] {dagbag.py:545} INFO - Filling up the DagBag from /home/airflow/.local/lib/python3.12/site-packages/airflow/example_dags/example_complex.py
[2024-08-01T20:03:49.280+0000] {processor.py:840} INFO - DAG(s) 'example_complex' retrieved from /home/airflow/.local/lib/python3.12/site-packages/airflow/example_dags/example_complex.py
[2024-08-01T20:03:49.312+0000] {logging_mixin.py:188} INFO - [2024-08-01T20:03:49.312+0000] {dag.py:3089} INFO - Sync 1 DAGs
[2024-08-01T20:03:49.324+0000] {logging_mixin.py:188} INFO - [2024-08-01T20:03:49.324+0000] {dag.py:3947} INFO - Setting next_dagrun for example_complex to None, run_after=None
[2024-08-01T20:03:49.343+0000] {processor.py:183} INFO - Processing /home/airflow/.local/lib/python3.12/site-packages/airflow/example_dags/example_complex.py took 0.080 seconds
[2024-08-01T20:04:19.442+0000] {processor.py:161} INFO - Started process (PID=289) to work on /home/airflow/.local/lib/python3.12/site-packages/airflow/example_dags/example_complex.py
[2024-08-01T20:04:19.443+0000] {processor.py:830} INFO - Processing file /home/airflow/.local/lib/python3.12/site-packages/airflow/example_dags/example_complex.py for tasks to queue
[2024-08-01T20:04:19.445+0000] {logging_mixin.py:188} INFO - [2024-08-01T20:04:19.445+0000] {dagbag.py:545} INFO - Filling up the DagBag from /home/airflow/.local/lib/python3.12/site-packages/airflow/example_dags/example_complex.py
[2024-08-01T20:04:19.455+0000] {processor.py:840} INFO - DAG(s) 'example_complex' retrieved from /home/airflow/.local/lib/python3.12/site-packages/airflow/example_dags/example_complex.py
[2024-08-01T20:04:19.493+0000] {logging_mixin.py:188} INFO - [2024-08-01T20:04:19.492+0000] {dag.py:3089} INFO - Sync 1 DAGs
[2024-08-01T20:04:19.519+0000] {logging_mixin.py:188} INFO - [2024-08-01T20:04:19.518+0000] {dag.py:3947} INFO - Setting next_dagrun for example_complex to None, run_after=None
[2024-08-01T20:04:19.691+0000] {processor.py:183} INFO - Processing /home/airflow/.local/lib/python3.12/site-packages/airflow/example_dags/example_complex.py took 0.254 seconds
[2024-08-01T20:04:50.126+0000] {processor.py:161} INFO - Started process (PID=347) to work on /home/airflow/.local/lib/python3.12/site-packages/airflow/example_dags/example_complex.py
[2024-08-01T20:04:50.140+0000] {processor.py:830} INFO - Processing file /home/airflow/.local/lib/python3.12/site-packages/airflow/example_dags/example_complex.py for tasks to queue
[2024-08-01T20:04:50.142+0000] {logging_mixin.py:188} INFO - [2024-08-01T20:04:50.142+0000] {dagbag.py:545} INFO - Filling up the DagBag from /home/airflow/.local/lib/python3.12/site-packages/airflow/example_dags/example_complex.py
[2024-08-01T20:04:50.151+0000] {processor.py:840} INFO - DAG(s) 'example_complex' retrieved from /home/airflow/.local/lib/python3.12/site-packages/airflow/example_dags/example_complex.py
[2024-08-01T20:04:50.189+0000] {logging_mixin.py:188} INFO - [2024-08-01T20:04:50.189+0000] {dag.py:3089} INFO - Sync 1 DAGs
[2024-08-01T20:04:50.204+0000] {logging_mixin.py:188} INFO - [2024-08-01T20:04:50.203+0000] {dag.py:3947} INFO - Setting next_dagrun for example_complex to None, run_after=None
[2024-08-01T20:04:50.227+0000] {processor.py:183} INFO - Processing /home/airflow/.local/lib/python3.12/site-packages/airflow/example_dags/example_complex.py took 0.106 seconds
[2024-08-01T20:05:21.098+0000] {processor.py:161} INFO - Started process (PID=405) to work on /home/airflow/.local/lib/python3.12/site-packages/airflow/example_dags/example_complex.py
[2024-08-01T20:05:21.099+0000] {processor.py:830} INFO - Processing file /home/airflow/.local/lib/python3.12/site-packages/airflow/example_dags/example_complex.py for tasks to queue
[2024-08-01T20:05:21.101+0000] {logging_mixin.py:188} INFO - [2024-08-01T20:05:21.101+0000] {dagbag.py:545} INFO - Filling up the DagBag from /home/airflow/.local/lib/python3.12/site-packages/airflow/example_dags/example_complex.py
[2024-08-01T20:05:21.111+0000] {processor.py:840} INFO - DAG(s) 'example_complex' retrieved from /home/airflow/.local/lib/python3.12/site-packages/airflow/example_dags/example_complex.py
[2024-08-01T20:05:21.145+0000] {logging_mixin.py:188} INFO - [2024-08-01T20:05:21.145+0000] {dag.py:3089} INFO - Sync 1 DAGs
[2024-08-01T20:05:21.157+0000] {logging_mixin.py:188} INFO - [2024-08-01T20:05:21.157+0000] {dag.py:3947} INFO - Setting next_dagrun for example_complex to None, run_after=None
[2024-08-01T20:05:21.177+0000] {processor.py:183} INFO - Processing /home/airflow/.local/lib/python3.12/site-packages/airflow/example_dags/example_complex.py took 0.085 seconds
[2024-08-01T20:05:51.264+0000] {processor.py:161} INFO - Started process (PID=463) to work on /home/airflow/.local/lib/python3.12/site-packages/airflow/example_dags/example_complex.py
[2024-08-01T20:05:51.265+0000] {processor.py:830} INFO - Processing file /home/airflow/.local/lib/python3.12/site-packages/airflow/example_dags/example_complex.py for tasks to queue
[2024-08-01T20:05:51.267+0000] {logging_mixin.py:188} INFO - [2024-08-01T20:05:51.267+0000] {dagbag.py:545} INFO - Filling up the DagBag from /home/airflow/.local/lib/python3.12/site-packages/airflow/example_dags/example_complex.py
[2024-08-01T20:05:51.276+0000] {processor.py:840} INFO - DAG(s) 'example_complex' retrieved from /home/airflow/.local/lib/python3.12/site-packages/airflow/example_dags/example_complex.py
[2024-08-01T20:05:51.309+0000] {logging_mixin.py:188} INFO - [2024-08-01T20:05:51.309+0000] {dag.py:3089} INFO - Sync 1 DAGs
[2024-08-01T20:05:51.320+0000] {logging_mixin.py:188} INFO - [2024-08-01T20:05:51.320+0000] {dag.py:3947} INFO - Setting next_dagrun for example_complex to None, run_after=None
[2024-08-01T20:05:51.386+0000] {processor.py:183} INFO - Processing /home/airflow/.local/lib/python3.12/site-packages/airflow/example_dags/example_complex.py took 0.126 seconds
[2024-08-01T20:06:33.682+0000] {processor.py:161} INFO - Started process (PID=51) to work on /home/airflow/.local/lib/python3.12/site-packages/airflow/example_dags/example_complex.py
[2024-08-01T20:06:33.683+0000] {processor.py:830} INFO - Processing file /home/airflow/.local/lib/python3.12/site-packages/airflow/example_dags/example_complex.py for tasks to queue
[2024-08-01T20:06:33.685+0000] {logging_mixin.py:188} INFO - [2024-08-01T20:06:33.685+0000] {dagbag.py:545} INFO - Filling up the DagBag from /home/airflow/.local/lib/python3.12/site-packages/airflow/example_dags/example_complex.py
[2024-08-01T20:06:33.700+0000] {processor.py:840} INFO - DAG(s) 'example_complex' retrieved from /home/airflow/.local/lib/python3.12/site-packages/airflow/example_dags/example_complex.py
[2024-08-01T20:06:33.741+0000] {logging_mixin.py:188} INFO - [2024-08-01T20:06:33.741+0000] {dag.py:3089} INFO - Sync 1 DAGs
[2024-08-01T20:06:33.755+0000] {logging_mixin.py:188} INFO - [2024-08-01T20:06:33.755+0000] {dag.py:3947} INFO - Setting next_dagrun for example_complex to None, run_after=None
[2024-08-01T20:06:33.782+0000] {processor.py:183} INFO - Processing /home/airflow/.local/lib/python3.12/site-packages/airflow/example_dags/example_complex.py took 0.104 seconds
[2024-08-01T20:07:04.704+0000] {processor.py:161} INFO - Started process (PID=109) to work on /home/airflow/.local/lib/python3.12/site-packages/airflow/example_dags/example_complex.py
[2024-08-01T20:07:04.705+0000] {processor.py:830} INFO - Processing file /home/airflow/.local/lib/python3.12/site-packages/airflow/example_dags/example_complex.py for tasks to queue
[2024-08-01T20:07:04.706+0000] {logging_mixin.py:188} INFO - [2024-08-01T20:07:04.706+0000] {dagbag.py:545} INFO - Filling up the DagBag from /home/airflow/.local/lib/python3.12/site-packages/airflow/example_dags/example_complex.py
[2024-08-01T20:07:04.717+0000] {processor.py:840} INFO - DAG(s) 'example_complex' retrieved from /home/airflow/.local/lib/python3.12/site-packages/airflow/example_dags/example_complex.py
[2024-08-01T20:07:04.753+0000] {logging_mixin.py:188} INFO - [2024-08-01T20:07:04.752+0000] {dag.py:3089} INFO - Sync 1 DAGs
[2024-08-01T20:07:04.768+0000] {logging_mixin.py:188} INFO - [2024-08-01T20:07:04.768+0000] {dag.py:3947} INFO - Setting next_dagrun for example_complex to None, run_after=None
[2024-08-01T20:07:04.793+0000] {processor.py:183} INFO - Processing /home/airflow/.local/lib/python3.12/site-packages/airflow/example_dags/example_complex.py took 0.094 seconds
[2024-08-01T20:07:34.967+0000] {processor.py:161} INFO - Started process (PID=167) to work on /home/airflow/.local/lib/python3.12/site-packages/airflow/example_dags/example_complex.py
[2024-08-01T20:07:34.968+0000] {processor.py:830} INFO - Processing file /home/airflow/.local/lib/python3.12/site-packages/airflow/example_dags/example_complex.py for tasks to queue
[2024-08-01T20:07:34.970+0000] {logging_mixin.py:188} INFO - [2024-08-01T20:07:34.969+0000] {dagbag.py:545} INFO - Filling up the DagBag from /home/airflow/.local/lib/python3.12/site-packages/airflow/example_dags/example_complex.py
[2024-08-01T20:07:34.979+0000] {processor.py:840} INFO - DAG(s) 'example_complex' retrieved from /home/airflow/.local/lib/python3.12/site-packages/airflow/example_dags/example_complex.py
[2024-08-01T20:07:35.010+0000] {logging_mixin.py:188} INFO - [2024-08-01T20:07:35.010+0000] {dag.py:3089} INFO - Sync 1 DAGs
[2024-08-01T20:07:35.021+0000] {logging_mixin.py:188} INFO - [2024-08-01T20:07:35.021+0000] {dag.py:3947} INFO - Setting next_dagrun for example_complex to None, run_after=None
[2024-08-01T20:07:35.040+0000] {processor.py:183} INFO - Processing /home/airflow/.local/lib/python3.12/site-packages/airflow/example_dags/example_complex.py took 0.077 seconds
[2024-08-01T20:08:05.501+0000] {processor.py:161} INFO - Started process (PID=225) to work on /home/airflow/.local/lib/python3.12/site-packages/airflow/example_dags/example_complex.py
[2024-08-01T20:08:05.502+0000] {processor.py:830} INFO - Processing file /home/airflow/.local/lib/python3.12/site-packages/airflow/example_dags/example_complex.py for tasks to queue
[2024-08-01T20:08:05.503+0000] {logging_mixin.py:188} INFO - [2024-08-01T20:08:05.503+0000] {dagbag.py:545} INFO - Filling up the DagBag from /home/airflow/.local/lib/python3.12/site-packages/airflow/example_dags/example_complex.py
[2024-08-01T20:08:05.513+0000] {processor.py:840} INFO - DAG(s) 'example_complex' retrieved from /home/airflow/.local/lib/python3.12/site-packages/airflow/example_dags/example_complex.py
[2024-08-01T20:08:05.543+0000] {logging_mixin.py:188} INFO - [2024-08-01T20:08:05.543+0000] {dag.py:3089} INFO - Sync 1 DAGs
[2024-08-01T20:08:05.555+0000] {logging_mixin.py:188} INFO - [2024-08-01T20:08:05.554+0000] {dag.py:3947} INFO - Setting next_dagrun for example_complex to None, run_after=None
[2024-08-01T20:08:05.575+0000] {processor.py:183} INFO - Processing /home/airflow/.local/lib/python3.12/site-packages/airflow/example_dags/example_complex.py took 0.079 seconds
[2024-08-01T20:08:35.917+0000] {processor.py:161} INFO - Started process (PID=283) to work on /home/airflow/.local/lib/python3.12/site-packages/airflow/example_dags/example_complex.py
[2024-08-01T20:08:35.918+0000] {processor.py:830} INFO - Processing file /home/airflow/.local/lib/python3.12/site-packages/airflow/example_dags/example_complex.py for tasks to queue
[2024-08-01T20:08:35.920+0000] {logging_mixin.py:188} INFO - [2024-08-01T20:08:35.920+0000] {dagbag.py:545} INFO - Filling up the DagBag from /home/airflow/.local/lib/python3.12/site-packages/airflow/example_dags/example_complex.py
[2024-08-01T20:08:35.930+0000] {processor.py:840} INFO - DAG(s) 'example_complex' retrieved from /home/airflow/.local/lib/python3.12/site-packages/airflow/example_dags/example_complex.py
[2024-08-01T20:08:35.962+0000] {logging_mixin.py:188} INFO - [2024-08-01T20:08:35.962+0000] {dag.py:3089} INFO - Sync 1 DAGs
[2024-08-01T20:08:35.975+0000] {logging_mixin.py:188} INFO - [2024-08-01T20:08:35.975+0000] {dag.py:3947} INFO - Setting next_dagrun for example_complex to None, run_after=None
[2024-08-01T20:08:36.002+0000] {processor.py:183} INFO - Processing /home/airflow/.local/lib/python3.12/site-packages/airflow/example_dags/example_complex.py took 0.090 seconds
[2024-08-01T20:09:06.206+0000] {processor.py:161} INFO - Started process (PID=341) to work on /home/airflow/.local/lib/python3.12/site-packages/airflow/example_dags/example_complex.py
[2024-08-01T20:09:06.207+0000] {processor.py:830} INFO - Processing file /home/airflow/.local/lib/python3.12/site-packages/airflow/example_dags/example_complex.py for tasks to queue
[2024-08-01T20:09:06.209+0000] {logging_mixin.py:188} INFO - [2024-08-01T20:09:06.209+0000] {dagbag.py:545} INFO - Filling up the DagBag from /home/airflow/.local/lib/python3.12/site-packages/airflow/example_dags/example_complex.py
[2024-08-01T20:09:06.219+0000] {processor.py:840} INFO - DAG(s) 'example_complex' retrieved from /home/airflow/.local/lib/python3.12/site-packages/airflow/example_dags/example_complex.py
[2024-08-01T20:09:06.249+0000] {logging_mixin.py:188} INFO - [2024-08-01T20:09:06.249+0000] {dag.py:3089} INFO - Sync 1 DAGs
[2024-08-01T20:09:06.261+0000] {logging_mixin.py:188} INFO - [2024-08-01T20:09:06.261+0000] {dag.py:3947} INFO - Setting next_dagrun for example_complex to None, run_after=None
[2024-08-01T20:09:06.281+0000] {processor.py:183} INFO - Processing /home/airflow/.local/lib/python3.12/site-packages/airflow/example_dags/example_complex.py took 0.080 seconds
[2024-08-01T20:11:17.417+0000] {processor.py:161} INFO - Started process (PID=49) to work on /home/airflow/.local/lib/python3.12/site-packages/airflow/example_dags/example_complex.py
[2024-08-01T20:11:17.419+0000] {processor.py:830} INFO - Processing file /home/airflow/.local/lib/python3.12/site-packages/airflow/example_dags/example_complex.py for tasks to queue
[2024-08-01T20:11:17.420+0000] {logging_mixin.py:188} INFO - [2024-08-01T20:11:17.420+0000] {dagbag.py:545} INFO - Filling up the DagBag from /home/airflow/.local/lib/python3.12/site-packages/airflow/example_dags/example_complex.py
[2024-08-01T20:11:17.435+0000] {processor.py:840} INFO - DAG(s) 'example_complex' retrieved from /home/airflow/.local/lib/python3.12/site-packages/airflow/example_dags/example_complex.py
[2024-08-01T20:11:17.446+0000] {logging_mixin.py:188} INFO - [2024-08-01T20:11:17.445+0000] {dag.py:3089} INFO - Sync 1 DAGs
[2024-08-01T20:11:17.459+0000] {logging_mixin.py:188} INFO - [2024-08-01T20:11:17.458+0000] {dag.py:3947} INFO - Setting next_dagrun for example_complex to None, run_after=None
[2024-08-01T20:11:17.485+0000] {processor.py:183} INFO - Processing /home/airflow/.local/lib/python3.12/site-packages/airflow/example_dags/example_complex.py took 0.075 seconds
[2024-08-01T20:11:48.153+0000] {processor.py:161} INFO - Started process (PID=107) to work on /home/airflow/.local/lib/python3.12/site-packages/airflow/example_dags/example_complex.py
[2024-08-01T20:11:48.154+0000] {processor.py:830} INFO - Processing file /home/airflow/.local/lib/python3.12/site-packages/airflow/example_dags/example_complex.py for tasks to queue
[2024-08-01T20:11:48.156+0000] {logging_mixin.py:188} INFO - [2024-08-01T20:11:48.156+0000] {dagbag.py:545} INFO - Filling up the DagBag from /home/airflow/.local/lib/python3.12/site-packages/airflow/example_dags/example_complex.py
[2024-08-01T20:11:48.166+0000] {processor.py:840} INFO - DAG(s) 'example_complex' retrieved from /home/airflow/.local/lib/python3.12/site-packages/airflow/example_dags/example_complex.py
[2024-08-01T20:11:48.331+0000] {logging_mixin.py:188} INFO - [2024-08-01T20:11:48.329+0000] {dag.py:3089} INFO - Sync 1 DAGs
[2024-08-01T20:11:48.340+0000] {logging_mixin.py:188} INFO - [2024-08-01T20:11:48.340+0000] {dag.py:3947} INFO - Setting next_dagrun for example_complex to None, run_after=None
[2024-08-01T20:11:48.362+0000] {processor.py:183} INFO - Processing /home/airflow/.local/lib/python3.12/site-packages/airflow/example_dags/example_complex.py took 0.213 seconds
[2024-08-01T20:12:18.642+0000] {processor.py:161} INFO - Started process (PID=165) to work on /home/airflow/.local/lib/python3.12/site-packages/airflow/example_dags/example_complex.py
[2024-08-01T20:12:18.643+0000] {processor.py:830} INFO - Processing file /home/airflow/.local/lib/python3.12/site-packages/airflow/example_dags/example_complex.py for tasks to queue
[2024-08-01T20:12:18.645+0000] {logging_mixin.py:188} INFO - [2024-08-01T20:12:18.644+0000] {dagbag.py:545} INFO - Filling up the DagBag from /home/airflow/.local/lib/python3.12/site-packages/airflow/example_dags/example_complex.py
[2024-08-01T20:12:18.655+0000] {processor.py:840} INFO - DAG(s) 'example_complex' retrieved from /home/airflow/.local/lib/python3.12/site-packages/airflow/example_dags/example_complex.py
[2024-08-01T20:12:18.691+0000] {logging_mixin.py:188} INFO - [2024-08-01T20:12:18.691+0000] {dag.py:3089} INFO - Sync 1 DAGs
[2024-08-01T20:12:18.703+0000] {logging_mixin.py:188} INFO - [2024-08-01T20:12:18.702+0000] {dag.py:3947} INFO - Setting next_dagrun for example_complex to None, run_after=None
[2024-08-01T20:12:18.722+0000] {processor.py:183} INFO - Processing /home/airflow/.local/lib/python3.12/site-packages/airflow/example_dags/example_complex.py took 0.085 seconds
[2024-08-01T20:12:49.131+0000] {processor.py:161} INFO - Started process (PID=223) to work on /home/airflow/.local/lib/python3.12/site-packages/airflow/example_dags/example_complex.py
[2024-08-01T20:12:49.132+0000] {processor.py:830} INFO - Processing file /home/airflow/.local/lib/python3.12/site-packages/airflow/example_dags/example_complex.py for tasks to queue
[2024-08-01T20:12:49.133+0000] {logging_mixin.py:188} INFO - [2024-08-01T20:12:49.133+0000] {dagbag.py:545} INFO - Filling up the DagBag from /home/airflow/.local/lib/python3.12/site-packages/airflow/example_dags/example_complex.py
[2024-08-01T20:12:49.143+0000] {processor.py:840} INFO - DAG(s) 'example_complex' retrieved from /home/airflow/.local/lib/python3.12/site-packages/airflow/example_dags/example_complex.py
[2024-08-01T20:12:49.173+0000] {logging_mixin.py:188} INFO - [2024-08-01T20:12:49.173+0000] {dag.py:3089} INFO - Sync 1 DAGs
[2024-08-01T20:12:49.186+0000] {logging_mixin.py:188} INFO - [2024-08-01T20:12:49.185+0000] {dag.py:3947} INFO - Setting next_dagrun for example_complex to None, run_after=None
[2024-08-01T20:12:49.206+0000] {processor.py:183} INFO - Processing /home/airflow/.local/lib/python3.12/site-packages/airflow/example_dags/example_complex.py took 0.079 seconds
[2024-08-01T20:13:19.276+0000] {processor.py:161} INFO - Started process (PID=281) to work on /home/airflow/.local/lib/python3.12/site-packages/airflow/example_dags/example_complex.py
[2024-08-01T20:13:19.277+0000] {processor.py:830} INFO - Processing file /home/airflow/.local/lib/python3.12/site-packages/airflow/example_dags/example_complex.py for tasks to queue
[2024-08-01T20:13:19.279+0000] {logging_mixin.py:188} INFO - [2024-08-01T20:13:19.278+0000] {dagbag.py:545} INFO - Filling up the DagBag from /home/airflow/.local/lib/python3.12/site-packages/airflow/example_dags/example_complex.py
[2024-08-01T20:13:19.288+0000] {processor.py:840} INFO - DAG(s) 'example_complex' retrieved from /home/airflow/.local/lib/python3.12/site-packages/airflow/example_dags/example_complex.py
[2024-08-01T20:13:19.319+0000] {logging_mixin.py:188} INFO - [2024-08-01T20:13:19.318+0000] {dag.py:3089} INFO - Sync 1 DAGs
[2024-08-01T20:13:19.330+0000] {logging_mixin.py:188} INFO - [2024-08-01T20:13:19.330+0000] {dag.py:3947} INFO - Setting next_dagrun for example_complex to None, run_after=None
[2024-08-01T20:13:19.348+0000] {processor.py:183} INFO - Processing /home/airflow/.local/lib/python3.12/site-packages/airflow/example_dags/example_complex.py took 0.076 seconds
[2024-08-01T20:13:49.410+0000] {processor.py:161} INFO - Started process (PID=339) to work on /home/airflow/.local/lib/python3.12/site-packages/airflow/example_dags/example_complex.py
[2024-08-01T20:13:49.411+0000] {processor.py:830} INFO - Processing file /home/airflow/.local/lib/python3.12/site-packages/airflow/example_dags/example_complex.py for tasks to queue
[2024-08-01T20:13:49.413+0000] {logging_mixin.py:188} INFO - [2024-08-01T20:13:49.413+0000] {dagbag.py:545} INFO - Filling up the DagBag from /home/airflow/.local/lib/python3.12/site-packages/airflow/example_dags/example_complex.py
[2024-08-01T20:13:49.423+0000] {processor.py:840} INFO - DAG(s) 'example_complex' retrieved from /home/airflow/.local/lib/python3.12/site-packages/airflow/example_dags/example_complex.py
[2024-08-01T20:13:49.455+0000] {logging_mixin.py:188} INFO - [2024-08-01T20:13:49.455+0000] {dag.py:3089} INFO - Sync 1 DAGs
[2024-08-01T20:13:49.469+0000] {logging_mixin.py:188} INFO - [2024-08-01T20:13:49.469+0000] {dag.py:3947} INFO - Setting next_dagrun for example_complex to None, run_after=None
[2024-08-01T20:13:49.490+0000] {processor.py:183} INFO - Processing /home/airflow/.local/lib/python3.12/site-packages/airflow/example_dags/example_complex.py took 0.085 seconds
[2024-08-01T20:14:19.855+0000] {processor.py:161} INFO - Started process (PID=397) to work on /home/airflow/.local/lib/python3.12/site-packages/airflow/example_dags/example_complex.py
[2024-08-01T20:14:19.856+0000] {processor.py:830} INFO - Processing file /home/airflow/.local/lib/python3.12/site-packages/airflow/example_dags/example_complex.py for tasks to queue
[2024-08-01T20:14:19.858+0000] {logging_mixin.py:188} INFO - [2024-08-01T20:14:19.857+0000] {dagbag.py:545} INFO - Filling up the DagBag from /home/airflow/.local/lib/python3.12/site-packages/airflow/example_dags/example_complex.py
[2024-08-01T20:14:19.867+0000] {processor.py:840} INFO - DAG(s) 'example_complex' retrieved from /home/airflow/.local/lib/python3.12/site-packages/airflow/example_dags/example_complex.py
[2024-08-01T20:14:19.899+0000] {logging_mixin.py:188} INFO - [2024-08-01T20:14:19.899+0000] {dag.py:3089} INFO - Sync 1 DAGs
[2024-08-01T20:14:19.911+0000] {logging_mixin.py:188} INFO - [2024-08-01T20:14:19.911+0000] {dag.py:3947} INFO - Setting next_dagrun for example_complex to None, run_after=None
[2024-08-01T20:14:19.931+0000] {processor.py:183} INFO - Processing /home/airflow/.local/lib/python3.12/site-packages/airflow/example_dags/example_complex.py took 0.080 seconds
[2024-08-01T20:14:50.525+0000] {processor.py:161} INFO - Started process (PID=455) to work on /home/airflow/.local/lib/python3.12/site-packages/airflow/example_dags/example_complex.py
[2024-08-01T20:14:50.526+0000] {processor.py:830} INFO - Processing file /home/airflow/.local/lib/python3.12/site-packages/airflow/example_dags/example_complex.py for tasks to queue
[2024-08-01T20:14:50.527+0000] {logging_mixin.py:188} INFO - [2024-08-01T20:14:50.527+0000] {dagbag.py:545} INFO - Filling up the DagBag from /home/airflow/.local/lib/python3.12/site-packages/airflow/example_dags/example_complex.py
[2024-08-01T20:14:50.537+0000] {processor.py:840} INFO - DAG(s) 'example_complex' retrieved from /home/airflow/.local/lib/python3.12/site-packages/airflow/example_dags/example_complex.py
[2024-08-01T20:14:50.567+0000] {logging_mixin.py:188} INFO - [2024-08-01T20:14:50.567+0000] {dag.py:3089} INFO - Sync 1 DAGs
[2024-08-01T20:14:50.578+0000] {logging_mixin.py:188} INFO - [2024-08-01T20:14:50.578+0000] {dag.py:3947} INFO - Setting next_dagrun for example_complex to None, run_after=None
[2024-08-01T20:14:50.597+0000] {processor.py:183} INFO - Processing /home/airflow/.local/lib/python3.12/site-packages/airflow/example_dags/example_complex.py took 0.077 seconds
[2024-08-01T20:15:20.657+0000] {processor.py:161} INFO - Started process (PID=513) to work on /home/airflow/.local/lib/python3.12/site-packages/airflow/example_dags/example_complex.py
[2024-08-01T20:15:20.657+0000] {processor.py:830} INFO - Processing file /home/airflow/.local/lib/python3.12/site-packages/airflow/example_dags/example_complex.py for tasks to queue
[2024-08-01T20:15:20.659+0000] {logging_mixin.py:188} INFO - [2024-08-01T20:15:20.659+0000] {dagbag.py:545} INFO - Filling up the DagBag from /home/airflow/.local/lib/python3.12/site-packages/airflow/example_dags/example_complex.py
[2024-08-01T20:15:20.669+0000] {processor.py:840} INFO - DAG(s) 'example_complex' retrieved from /home/airflow/.local/lib/python3.12/site-packages/airflow/example_dags/example_complex.py
[2024-08-01T20:15:20.700+0000] {logging_mixin.py:188} INFO - [2024-08-01T20:15:20.700+0000] {dag.py:3089} INFO - Sync 1 DAGs
[2024-08-01T20:15:20.712+0000] {logging_mixin.py:188} INFO - [2024-08-01T20:15:20.711+0000] {dag.py:3947} INFO - Setting next_dagrun for example_complex to None, run_after=None
[2024-08-01T20:15:20.736+0000] {processor.py:183} INFO - Processing /home/airflow/.local/lib/python3.12/site-packages/airflow/example_dags/example_complex.py took 0.084 seconds
[2024-08-01T20:15:50.916+0000] {processor.py:161} INFO - Started process (PID=571) to work on /home/airflow/.local/lib/python3.12/site-packages/airflow/example_dags/example_complex.py
[2024-08-01T20:15:50.917+0000] {processor.py:830} INFO - Processing file /home/airflow/.local/lib/python3.12/site-packages/airflow/example_dags/example_complex.py for tasks to queue
[2024-08-01T20:15:50.918+0000] {logging_mixin.py:188} INFO - [2024-08-01T20:15:50.918+0000] {dagbag.py:545} INFO - Filling up the DagBag from /home/airflow/.local/lib/python3.12/site-packages/airflow/example_dags/example_complex.py
[2024-08-01T20:15:50.928+0000] {processor.py:840} INFO - DAG(s) 'example_complex' retrieved from /home/airflow/.local/lib/python3.12/site-packages/airflow/example_dags/example_complex.py
[2024-08-01T20:15:50.964+0000] {logging_mixin.py:188} INFO - [2024-08-01T20:15:50.964+0000] {dag.py:3089} INFO - Sync 1 DAGs
[2024-08-01T20:15:50.979+0000] {logging_mixin.py:188} INFO - [2024-08-01T20:15:50.979+0000] {dag.py:3947} INFO - Setting next_dagrun for example_complex to None, run_after=None
[2024-08-01T20:15:51.001+0000] {processor.py:183} INFO - Processing /home/airflow/.local/lib/python3.12/site-packages/airflow/example_dags/example_complex.py took 0.090 seconds
[2024-08-01T20:16:21.404+0000] {processor.py:161} INFO - Started process (PID=629) to work on /home/airflow/.local/lib/python3.12/site-packages/airflow/example_dags/example_complex.py
[2024-08-01T20:16:21.405+0000] {processor.py:830} INFO - Processing file /home/airflow/.local/lib/python3.12/site-packages/airflow/example_dags/example_complex.py for tasks to queue
[2024-08-01T20:16:21.407+0000] {logging_mixin.py:188} INFO - [2024-08-01T20:16:21.407+0000] {dagbag.py:545} INFO - Filling up the DagBag from /home/airflow/.local/lib/python3.12/site-packages/airflow/example_dags/example_complex.py
[2024-08-01T20:16:21.417+0000] {processor.py:840} INFO - DAG(s) 'example_complex' retrieved from /home/airflow/.local/lib/python3.12/site-packages/airflow/example_dags/example_complex.py
[2024-08-01T20:16:21.453+0000] {logging_mixin.py:188} INFO - [2024-08-01T20:16:21.452+0000] {dag.py:3089} INFO - Sync 1 DAGs
[2024-08-01T20:16:21.467+0000] {logging_mixin.py:188} INFO - [2024-08-01T20:16:21.467+0000] {dag.py:3947} INFO - Setting next_dagrun for example_complex to None, run_after=None
[2024-08-01T20:16:21.487+0000] {processor.py:183} INFO - Processing /home/airflow/.local/lib/python3.12/site-packages/airflow/example_dags/example_complex.py took 0.088 seconds
