[2024-08-01T20:02:20.666+0000] {processor.py:161} INFO - Started process (PID=79) to work on /home/airflow/.local/lib/python3.12/site-packages/airflow/example_dags/example_subdag_operator.py
[2024-08-01T20:02:20.667+0000] {processor.py:830} INFO - Processing file /home/airflow/.local/lib/python3.12/site-packages/airflow/example_dags/example_subdag_operator.py for tasks to queue
[2024-08-01T20:02:20.668+0000] {logging_mixin.py:188} INFO - [2024-08-01T20:02:20.668+0000] {dagbag.py:545} INFO - Filling up the DagBag from /home/airflow/.local/lib/python3.12/site-packages/airflow/example_dags/example_subdag_operator.py
[2024-08-01T20:02:20.691+0000] {processor.py:840} INFO - DAG(s) 'example_subdag_operator.section-1', 'example_subdag_operator.section-2', 'example_subdag_operator' retrieved from /home/airflow/.local/lib/python3.12/site-packages/airflow/example_dags/example_subdag_operator.py
[2024-08-01T20:02:20.814+0000] {logging_mixin.py:188} INFO - [2024-08-01T20:02:20.813+0000] {dag.py:3089} INFO - Sync 3 DAGs
[2024-08-01T20:02:20.833+0000] {logging_mixin.py:188} INFO - [2024-08-01T20:02:20.833+0000] {dag.py:3947} INFO - Setting next_dagrun for example_subdag_operator to 2022-01-01 00:00:00+00:00, run_after=2022-01-01 00:00:00+00:00
[2024-08-01T20:02:20.836+0000] {logging_mixin.py:188} INFO - [2024-08-01T20:02:20.836+0000] {dag.py:3947} INFO - Setting next_dagrun for example_subdag_operator.section-1 to None, run_after=None
[2024-08-01T20:02:20.837+0000] {logging_mixin.py:188} INFO - [2024-08-01T20:02:20.837+0000] {dag.py:3947} INFO - Setting next_dagrun for example_subdag_operator.section-2 to None, run_after=None
[2024-08-01T20:02:20.846+0000] {logging_mixin.py:188} INFO - [2024-08-01T20:02:20.846+0000] {dag.py:3089} INFO - Sync 2 DAGs
[2024-08-01T20:02:20.851+0000] {logging_mixin.py:188} INFO - [2024-08-01T20:02:20.851+0000] {dag.py:3947} INFO - Setting next_dagrun for example_subdag_operator.section-1 to None, run_after=None
[2024-08-01T20:02:20.851+0000] {logging_mixin.py:188} INFO - [2024-08-01T20:02:20.851+0000] {dag.py:3947} INFO - Setting next_dagrun for example_subdag_operator.section-2 to None, run_after=None
[2024-08-01T20:02:20.865+0000] {processor.py:183} INFO - Processing /home/airflow/.local/lib/python3.12/site-packages/airflow/example_dags/example_subdag_operator.py took 0.204 seconds
[2024-08-01T20:02:51.744+0000] {processor.py:161} INFO - Started process (PID=137) to work on /home/airflow/.local/lib/python3.12/site-packages/airflow/example_dags/example_subdag_operator.py
[2024-08-01T20:02:51.746+0000] {processor.py:830} INFO - Processing file /home/airflow/.local/lib/python3.12/site-packages/airflow/example_dags/example_subdag_operator.py for tasks to queue
[2024-08-01T20:02:51.748+0000] {logging_mixin.py:188} INFO - [2024-08-01T20:02:51.747+0000] {dagbag.py:545} INFO - Filling up the DagBag from /home/airflow/.local/lib/python3.12/site-packages/airflow/example_dags/example_subdag_operator.py
[2024-08-01T20:02:51.776+0000] {processor.py:840} INFO - DAG(s) 'example_subdag_operator.section-1', 'example_subdag_operator.section-2', 'example_subdag_operator' retrieved from /home/airflow/.local/lib/python3.12/site-packages/airflow/example_dags/example_subdag_operator.py
[2024-08-01T20:02:51.791+0000] {logging_mixin.py:188} INFO - [2024-08-01T20:02:51.790+0000] {dag.py:3089} INFO - Sync 3 DAGs
[2024-08-01T20:02:51.810+0000] {logging_mixin.py:188} INFO - [2024-08-01T20:02:51.810+0000] {dag.py:3947} INFO - Setting next_dagrun for example_subdag_operator to 2022-01-01 00:00:00+00:00, run_after=2022-01-01 00:00:00+00:00
[2024-08-01T20:02:51.814+0000] {logging_mixin.py:188} INFO - [2024-08-01T20:02:51.813+0000] {dag.py:3947} INFO - Setting next_dagrun for example_subdag_operator.section-1 to None, run_after=None
[2024-08-01T20:02:51.815+0000] {logging_mixin.py:188} INFO - [2024-08-01T20:02:51.815+0000] {dag.py:3947} INFO - Setting next_dagrun for example_subdag_operator.section-2 to None, run_after=None
[2024-08-01T20:02:51.822+0000] {logging_mixin.py:188} INFO - [2024-08-01T20:02:51.821+0000] {dag.py:3089} INFO - Sync 2 DAGs
[2024-08-01T20:02:51.826+0000] {logging_mixin.py:188} INFO - [2024-08-01T20:02:51.826+0000] {dag.py:3947} INFO - Setting next_dagrun for example_subdag_operator.section-1 to None, run_after=None
[2024-08-01T20:02:51.826+0000] {logging_mixin.py:188} INFO - [2024-08-01T20:02:51.826+0000] {dag.py:3947} INFO - Setting next_dagrun for example_subdag_operator.section-2 to None, run_after=None
[2024-08-01T20:02:51.839+0000] {processor.py:183} INFO - Processing /home/airflow/.local/lib/python3.12/site-packages/airflow/example_dags/example_subdag_operator.py took 0.100 seconds
[2024-08-01T20:03:22.082+0000] {processor.py:161} INFO - Started process (PID=195) to work on /home/airflow/.local/lib/python3.12/site-packages/airflow/example_dags/example_subdag_operator.py
[2024-08-01T20:03:22.083+0000] {processor.py:830} INFO - Processing file /home/airflow/.local/lib/python3.12/site-packages/airflow/example_dags/example_subdag_operator.py for tasks to queue
[2024-08-01T20:03:22.084+0000] {logging_mixin.py:188} INFO - [2024-08-01T20:03:22.084+0000] {dagbag.py:545} INFO - Filling up the DagBag from /home/airflow/.local/lib/python3.12/site-packages/airflow/example_dags/example_subdag_operator.py
[2024-08-01T20:03:22.106+0000] {processor.py:840} INFO - DAG(s) 'example_subdag_operator.section-1', 'example_subdag_operator.section-2', 'example_subdag_operator' retrieved from /home/airflow/.local/lib/python3.12/site-packages/airflow/example_dags/example_subdag_operator.py
[2024-08-01T20:03:22.122+0000] {logging_mixin.py:188} INFO - [2024-08-01T20:03:22.122+0000] {dag.py:3089} INFO - Sync 3 DAGs
[2024-08-01T20:03:22.145+0000] {logging_mixin.py:188} INFO - [2024-08-01T20:03:22.145+0000] {dag.py:3947} INFO - Setting next_dagrun for example_subdag_operator to 2022-01-01 00:00:00+00:00, run_after=2022-01-01 00:00:00+00:00
[2024-08-01T20:03:22.149+0000] {logging_mixin.py:188} INFO - [2024-08-01T20:03:22.149+0000] {dag.py:3947} INFO - Setting next_dagrun for example_subdag_operator.section-1 to None, run_after=None
[2024-08-01T20:03:22.150+0000] {logging_mixin.py:188} INFO - [2024-08-01T20:03:22.150+0000] {dag.py:3947} INFO - Setting next_dagrun for example_subdag_operator.section-2 to None, run_after=None
[2024-08-01T20:03:22.157+0000] {logging_mixin.py:188} INFO - [2024-08-01T20:03:22.157+0000] {dag.py:3089} INFO - Sync 2 DAGs
[2024-08-01T20:03:22.163+0000] {logging_mixin.py:188} INFO - [2024-08-01T20:03:22.162+0000] {dag.py:3947} INFO - Setting next_dagrun for example_subdag_operator.section-1 to None, run_after=None
[2024-08-01T20:03:22.164+0000] {logging_mixin.py:188} INFO - [2024-08-01T20:03:22.163+0000] {dag.py:3947} INFO - Setting next_dagrun for example_subdag_operator.section-2 to None, run_after=None
[2024-08-01T20:03:22.178+0000] {processor.py:183} INFO - Processing /home/airflow/.local/lib/python3.12/site-packages/airflow/example_dags/example_subdag_operator.py took 0.101 seconds
[2024-08-01T20:03:52.526+0000] {processor.py:161} INFO - Started process (PID=253) to work on /home/airflow/.local/lib/python3.12/site-packages/airflow/example_dags/example_subdag_operator.py
[2024-08-01T20:03:52.527+0000] {processor.py:830} INFO - Processing file /home/airflow/.local/lib/python3.12/site-packages/airflow/example_dags/example_subdag_operator.py for tasks to queue
[2024-08-01T20:03:52.528+0000] {logging_mixin.py:188} INFO - [2024-08-01T20:03:52.528+0000] {dagbag.py:545} INFO - Filling up the DagBag from /home/airflow/.local/lib/python3.12/site-packages/airflow/example_dags/example_subdag_operator.py
[2024-08-01T20:03:52.549+0000] {processor.py:840} INFO - DAG(s) 'example_subdag_operator.section-1', 'example_subdag_operator.section-2', 'example_subdag_operator' retrieved from /home/airflow/.local/lib/python3.12/site-packages/airflow/example_dags/example_subdag_operator.py
[2024-08-01T20:03:52.564+0000] {logging_mixin.py:188} INFO - [2024-08-01T20:03:52.563+0000] {dag.py:3089} INFO - Sync 3 DAGs
[2024-08-01T20:03:52.583+0000] {logging_mixin.py:188} INFO - [2024-08-01T20:03:52.583+0000] {dag.py:3947} INFO - Setting next_dagrun for example_subdag_operator to 2022-01-01 00:00:00+00:00, run_after=2022-01-01 00:00:00+00:00
[2024-08-01T20:03:52.586+0000] {logging_mixin.py:188} INFO - [2024-08-01T20:03:52.586+0000] {dag.py:3947} INFO - Setting next_dagrun for example_subdag_operator.section-1 to None, run_after=None
[2024-08-01T20:03:52.587+0000] {logging_mixin.py:188} INFO - [2024-08-01T20:03:52.587+0000] {dag.py:3947} INFO - Setting next_dagrun for example_subdag_operator.section-2 to None, run_after=None
[2024-08-01T20:03:52.593+0000] {logging_mixin.py:188} INFO - [2024-08-01T20:03:52.593+0000] {dag.py:3089} INFO - Sync 2 DAGs
[2024-08-01T20:03:52.597+0000] {logging_mixin.py:188} INFO - [2024-08-01T20:03:52.597+0000] {dag.py:3947} INFO - Setting next_dagrun for example_subdag_operator.section-1 to None, run_after=None
[2024-08-01T20:03:52.597+0000] {logging_mixin.py:188} INFO - [2024-08-01T20:03:52.597+0000] {dag.py:3947} INFO - Setting next_dagrun for example_subdag_operator.section-2 to None, run_after=None
[2024-08-01T20:03:52.628+0000] {processor.py:183} INFO - Processing /home/airflow/.local/lib/python3.12/site-packages/airflow/example_dags/example_subdag_operator.py took 0.107 seconds
[2024-08-01T20:04:22.933+0000] {processor.py:161} INFO - Started process (PID=311) to work on /home/airflow/.local/lib/python3.12/site-packages/airflow/example_dags/example_subdag_operator.py
[2024-08-01T20:04:22.934+0000] {processor.py:830} INFO - Processing file /home/airflow/.local/lib/python3.12/site-packages/airflow/example_dags/example_subdag_operator.py for tasks to queue
[2024-08-01T20:04:22.936+0000] {logging_mixin.py:188} INFO - [2024-08-01T20:04:22.935+0000] {dagbag.py:545} INFO - Filling up the DagBag from /home/airflow/.local/lib/python3.12/site-packages/airflow/example_dags/example_subdag_operator.py
[2024-08-01T20:04:22.957+0000] {processor.py:840} INFO - DAG(s) 'example_subdag_operator.section-1', 'example_subdag_operator.section-2', 'example_subdag_operator' retrieved from /home/airflow/.local/lib/python3.12/site-packages/airflow/example_dags/example_subdag_operator.py
[2024-08-01T20:04:22.972+0000] {logging_mixin.py:188} INFO - [2024-08-01T20:04:22.971+0000] {dag.py:3089} INFO - Sync 3 DAGs
[2024-08-01T20:04:22.991+0000] {logging_mixin.py:188} INFO - [2024-08-01T20:04:22.991+0000] {dag.py:3947} INFO - Setting next_dagrun for example_subdag_operator to 2022-01-01 00:00:00+00:00, run_after=2022-01-01 00:00:00+00:00
[2024-08-01T20:04:22.995+0000] {logging_mixin.py:188} INFO - [2024-08-01T20:04:22.995+0000] {dag.py:3947} INFO - Setting next_dagrun for example_subdag_operator.section-1 to None, run_after=None
[2024-08-01T20:04:22.996+0000] {logging_mixin.py:188} INFO - [2024-08-01T20:04:22.996+0000] {dag.py:3947} INFO - Setting next_dagrun for example_subdag_operator.section-2 to None, run_after=None
[2024-08-01T20:04:23.002+0000] {logging_mixin.py:188} INFO - [2024-08-01T20:04:23.002+0000] {dag.py:3089} INFO - Sync 2 DAGs
[2024-08-01T20:04:23.007+0000] {logging_mixin.py:188} INFO - [2024-08-01T20:04:23.006+0000] {dag.py:3947} INFO - Setting next_dagrun for example_subdag_operator.section-1 to None, run_after=None
[2024-08-01T20:04:23.007+0000] {logging_mixin.py:188} INFO - [2024-08-01T20:04:23.007+0000] {dag.py:3947} INFO - Setting next_dagrun for example_subdag_operator.section-2 to None, run_after=None
[2024-08-01T20:04:23.020+0000] {processor.py:183} INFO - Processing /home/airflow/.local/lib/python3.12/site-packages/airflow/example_dags/example_subdag_operator.py took 0.091 seconds
[2024-08-01T20:04:53.577+0000] {processor.py:161} INFO - Started process (PID=369) to work on /home/airflow/.local/lib/python3.12/site-packages/airflow/example_dags/example_subdag_operator.py
[2024-08-01T20:04:53.578+0000] {processor.py:830} INFO - Processing file /home/airflow/.local/lib/python3.12/site-packages/airflow/example_dags/example_subdag_operator.py for tasks to queue
[2024-08-01T20:04:53.580+0000] {logging_mixin.py:188} INFO - [2024-08-01T20:04:53.580+0000] {dagbag.py:545} INFO - Filling up the DagBag from /home/airflow/.local/lib/python3.12/site-packages/airflow/example_dags/example_subdag_operator.py
[2024-08-01T20:04:53.602+0000] {processor.py:840} INFO - DAG(s) 'example_subdag_operator.section-1', 'example_subdag_operator.section-2', 'example_subdag_operator' retrieved from /home/airflow/.local/lib/python3.12/site-packages/airflow/example_dags/example_subdag_operator.py
[2024-08-01T20:04:53.618+0000] {logging_mixin.py:188} INFO - [2024-08-01T20:04:53.617+0000] {dag.py:3089} INFO - Sync 3 DAGs
[2024-08-01T20:04:53.638+0000] {logging_mixin.py:188} INFO - [2024-08-01T20:04:53.638+0000] {dag.py:3947} INFO - Setting next_dagrun for example_subdag_operator to 2022-01-01 00:00:00+00:00, run_after=2022-01-01 00:00:00+00:00
[2024-08-01T20:04:53.642+0000] {logging_mixin.py:188} INFO - [2024-08-01T20:04:53.642+0000] {dag.py:3947} INFO - Setting next_dagrun for example_subdag_operator.section-1 to None, run_after=None
[2024-08-01T20:04:53.643+0000] {logging_mixin.py:188} INFO - [2024-08-01T20:04:53.643+0000] {dag.py:3947} INFO - Setting next_dagrun for example_subdag_operator.section-2 to None, run_after=None
[2024-08-01T20:04:53.649+0000] {logging_mixin.py:188} INFO - [2024-08-01T20:04:53.649+0000] {dag.py:3089} INFO - Sync 2 DAGs
[2024-08-01T20:04:53.654+0000] {logging_mixin.py:188} INFO - [2024-08-01T20:04:53.654+0000] {dag.py:3947} INFO - Setting next_dagrun for example_subdag_operator.section-1 to None, run_after=None
[2024-08-01T20:04:53.654+0000] {logging_mixin.py:188} INFO - [2024-08-01T20:04:53.654+0000] {dag.py:3947} INFO - Setting next_dagrun for example_subdag_operator.section-2 to None, run_after=None
[2024-08-01T20:04:53.670+0000] {processor.py:183} INFO - Processing /home/airflow/.local/lib/python3.12/site-packages/airflow/example_dags/example_subdag_operator.py took 0.097 seconds
[2024-08-01T20:05:24.318+0000] {processor.py:161} INFO - Started process (PID=427) to work on /home/airflow/.local/lib/python3.12/site-packages/airflow/example_dags/example_subdag_operator.py
[2024-08-01T20:05:24.319+0000] {processor.py:830} INFO - Processing file /home/airflow/.local/lib/python3.12/site-packages/airflow/example_dags/example_subdag_operator.py for tasks to queue
[2024-08-01T20:05:24.320+0000] {logging_mixin.py:188} INFO - [2024-08-01T20:05:24.320+0000] {dagbag.py:545} INFO - Filling up the DagBag from /home/airflow/.local/lib/python3.12/site-packages/airflow/example_dags/example_subdag_operator.py
[2024-08-01T20:05:24.340+0000] {processor.py:840} INFO - DAG(s) 'example_subdag_operator.section-1', 'example_subdag_operator.section-2', 'example_subdag_operator' retrieved from /home/airflow/.local/lib/python3.12/site-packages/airflow/example_dags/example_subdag_operator.py
[2024-08-01T20:05:24.354+0000] {logging_mixin.py:188} INFO - [2024-08-01T20:05:24.353+0000] {dag.py:3089} INFO - Sync 3 DAGs
[2024-08-01T20:05:24.373+0000] {logging_mixin.py:188} INFO - [2024-08-01T20:05:24.373+0000] {dag.py:3947} INFO - Setting next_dagrun for example_subdag_operator to 2022-01-01 00:00:00+00:00, run_after=2022-01-01 00:00:00+00:00
[2024-08-01T20:05:24.376+0000] {logging_mixin.py:188} INFO - [2024-08-01T20:05:24.376+0000] {dag.py:3947} INFO - Setting next_dagrun for example_subdag_operator.section-1 to None, run_after=None
[2024-08-01T20:05:24.377+0000] {logging_mixin.py:188} INFO - [2024-08-01T20:05:24.377+0000] {dag.py:3947} INFO - Setting next_dagrun for example_subdag_operator.section-2 to None, run_after=None
[2024-08-01T20:05:24.384+0000] {logging_mixin.py:188} INFO - [2024-08-01T20:05:24.384+0000] {dag.py:3089} INFO - Sync 2 DAGs
[2024-08-01T20:05:24.389+0000] {logging_mixin.py:188} INFO - [2024-08-01T20:05:24.389+0000] {dag.py:3947} INFO - Setting next_dagrun for example_subdag_operator.section-1 to None, run_after=None
[2024-08-01T20:05:24.389+0000] {logging_mixin.py:188} INFO - [2024-08-01T20:05:24.389+0000] {dag.py:3947} INFO - Setting next_dagrun for example_subdag_operator.section-2 to None, run_after=None
[2024-08-01T20:05:24.402+0000] {processor.py:183} INFO - Processing /home/airflow/.local/lib/python3.12/site-packages/airflow/example_dags/example_subdag_operator.py took 0.088 seconds
[2024-08-01T20:05:54.677+0000] {processor.py:161} INFO - Started process (PID=485) to work on /home/airflow/.local/lib/python3.12/site-packages/airflow/example_dags/example_subdag_operator.py
[2024-08-01T20:05:54.678+0000] {processor.py:830} INFO - Processing file /home/airflow/.local/lib/python3.12/site-packages/airflow/example_dags/example_subdag_operator.py for tasks to queue
[2024-08-01T20:05:54.680+0000] {logging_mixin.py:188} INFO - [2024-08-01T20:05:54.680+0000] {dagbag.py:545} INFO - Filling up the DagBag from /home/airflow/.local/lib/python3.12/site-packages/airflow/example_dags/example_subdag_operator.py
[2024-08-01T20:05:54.701+0000] {processor.py:840} INFO - DAG(s) 'example_subdag_operator.section-1', 'example_subdag_operator.section-2', 'example_subdag_operator' retrieved from /home/airflow/.local/lib/python3.12/site-packages/airflow/example_dags/example_subdag_operator.py
[2024-08-01T20:05:54.718+0000] {logging_mixin.py:188} INFO - [2024-08-01T20:05:54.718+0000] {dag.py:3089} INFO - Sync 3 DAGs
[2024-08-01T20:05:54.741+0000] {logging_mixin.py:188} INFO - [2024-08-01T20:05:54.741+0000] {dag.py:3947} INFO - Setting next_dagrun for example_subdag_operator to 2022-01-01 00:00:00+00:00, run_after=2022-01-01 00:00:00+00:00
[2024-08-01T20:05:54.746+0000] {logging_mixin.py:188} INFO - [2024-08-01T20:05:54.745+0000] {dag.py:3947} INFO - Setting next_dagrun for example_subdag_operator.section-1 to None, run_after=None
[2024-08-01T20:05:54.747+0000] {logging_mixin.py:188} INFO - [2024-08-01T20:05:54.747+0000] {dag.py:3947} INFO - Setting next_dagrun for example_subdag_operator.section-2 to None, run_after=None
[2024-08-01T20:05:54.754+0000] {logging_mixin.py:188} INFO - [2024-08-01T20:05:54.754+0000] {dag.py:3089} INFO - Sync 2 DAGs
[2024-08-01T20:05:54.759+0000] {logging_mixin.py:188} INFO - [2024-08-01T20:05:54.758+0000] {dag.py:3947} INFO - Setting next_dagrun for example_subdag_operator.section-1 to None, run_after=None
[2024-08-01T20:05:54.759+0000] {logging_mixin.py:188} INFO - [2024-08-01T20:05:54.759+0000] {dag.py:3947} INFO - Setting next_dagrun for example_subdag_operator.section-2 to None, run_after=None
[2024-08-01T20:05:54.773+0000] {processor.py:183} INFO - Processing /home/airflow/.local/lib/python3.12/site-packages/airflow/example_dags/example_subdag_operator.py took 0.100 seconds
[2024-08-01T20:06:35.353+0000] {processor.py:161} INFO - Started process (PID=73) to work on /home/airflow/.local/lib/python3.12/site-packages/airflow/example_dags/example_subdag_operator.py
[2024-08-01T20:06:35.356+0000] {processor.py:830} INFO - Processing file /home/airflow/.local/lib/python3.12/site-packages/airflow/example_dags/example_subdag_operator.py for tasks to queue
[2024-08-01T20:06:35.358+0000] {logging_mixin.py:188} INFO - [2024-08-01T20:06:35.357+0000] {dagbag.py:545} INFO - Filling up the DagBag from /home/airflow/.local/lib/python3.12/site-packages/airflow/example_dags/example_subdag_operator.py
[2024-08-01T20:06:35.398+0000] {processor.py:840} INFO - DAG(s) 'example_subdag_operator.section-1', 'example_subdag_operator.section-2', 'example_subdag_operator' retrieved from /home/airflow/.local/lib/python3.12/site-packages/airflow/example_dags/example_subdag_operator.py
[2024-08-01T20:06:35.420+0000] {logging_mixin.py:188} INFO - [2024-08-01T20:06:35.419+0000] {dag.py:3089} INFO - Sync 3 DAGs
[2024-08-01T20:06:35.445+0000] {logging_mixin.py:188} INFO - [2024-08-01T20:06:35.444+0000] {dag.py:3947} INFO - Setting next_dagrun for example_subdag_operator to 2022-01-01 00:00:00+00:00, run_after=2022-01-01 00:00:00+00:00
[2024-08-01T20:06:35.449+0000] {logging_mixin.py:188} INFO - [2024-08-01T20:06:35.449+0000] {dag.py:3947} INFO - Setting next_dagrun for example_subdag_operator.section-1 to None, run_after=None
[2024-08-01T20:06:35.450+0000] {logging_mixin.py:188} INFO - [2024-08-01T20:06:35.450+0000] {dag.py:3947} INFO - Setting next_dagrun for example_subdag_operator.section-2 to None, run_after=None
[2024-08-01T20:06:35.458+0000] {logging_mixin.py:188} INFO - [2024-08-01T20:06:35.458+0000] {dag.py:3089} INFO - Sync 2 DAGs
[2024-08-01T20:06:35.471+0000] {logging_mixin.py:188} INFO - [2024-08-01T20:06:35.471+0000] {dag.py:3947} INFO - Setting next_dagrun for example_subdag_operator.section-1 to None, run_after=None
[2024-08-01T20:06:35.471+0000] {logging_mixin.py:188} INFO - [2024-08-01T20:06:35.471+0000] {dag.py:3947} INFO - Setting next_dagrun for example_subdag_operator.section-2 to None, run_after=None
[2024-08-01T20:06:35.489+0000] {processor.py:183} INFO - Processing /home/airflow/.local/lib/python3.12/site-packages/airflow/example_dags/example_subdag_operator.py took 0.143 seconds
[2024-08-01T20:07:06.358+0000] {processor.py:161} INFO - Started process (PID=131) to work on /home/airflow/.local/lib/python3.12/site-packages/airflow/example_dags/example_subdag_operator.py
[2024-08-01T20:07:06.359+0000] {processor.py:830} INFO - Processing file /home/airflow/.local/lib/python3.12/site-packages/airflow/example_dags/example_subdag_operator.py for tasks to queue
[2024-08-01T20:07:06.361+0000] {logging_mixin.py:188} INFO - [2024-08-01T20:07:06.361+0000] {dagbag.py:545} INFO - Filling up the DagBag from /home/airflow/.local/lib/python3.12/site-packages/airflow/example_dags/example_subdag_operator.py
[2024-08-01T20:07:06.384+0000] {processor.py:840} INFO - DAG(s) 'example_subdag_operator.section-1', 'example_subdag_operator.section-2', 'example_subdag_operator' retrieved from /home/airflow/.local/lib/python3.12/site-packages/airflow/example_dags/example_subdag_operator.py
[2024-08-01T20:07:06.400+0000] {logging_mixin.py:188} INFO - [2024-08-01T20:07:06.399+0000] {dag.py:3089} INFO - Sync 3 DAGs
[2024-08-01T20:07:06.421+0000] {logging_mixin.py:188} INFO - [2024-08-01T20:07:06.421+0000] {dag.py:3947} INFO - Setting next_dagrun for example_subdag_operator to 2022-01-01 00:00:00+00:00, run_after=2022-01-01 00:00:00+00:00
[2024-08-01T20:07:06.425+0000] {logging_mixin.py:188} INFO - [2024-08-01T20:07:06.425+0000] {dag.py:3947} INFO - Setting next_dagrun for example_subdag_operator.section-1 to None, run_after=None
[2024-08-01T20:07:06.427+0000] {logging_mixin.py:188} INFO - [2024-08-01T20:07:06.427+0000] {dag.py:3947} INFO - Setting next_dagrun for example_subdag_operator.section-2 to None, run_after=None
[2024-08-01T20:07:06.436+0000] {logging_mixin.py:188} INFO - [2024-08-01T20:07:06.436+0000] {dag.py:3089} INFO - Sync 2 DAGs
[2024-08-01T20:07:06.442+0000] {logging_mixin.py:188} INFO - [2024-08-01T20:07:06.442+0000] {dag.py:3947} INFO - Setting next_dagrun for example_subdag_operator.section-1 to None, run_after=None
[2024-08-01T20:07:06.442+0000] {logging_mixin.py:188} INFO - [2024-08-01T20:07:06.442+0000] {dag.py:3947} INFO - Setting next_dagrun for example_subdag_operator.section-2 to None, run_after=None
[2024-08-01T20:07:06.456+0000] {processor.py:183} INFO - Processing /home/airflow/.local/lib/python3.12/site-packages/airflow/example_dags/example_subdag_operator.py took 0.103 seconds
[2024-08-01T20:07:37.279+0000] {processor.py:161} INFO - Started process (PID=189) to work on /home/airflow/.local/lib/python3.12/site-packages/airflow/example_dags/example_subdag_operator.py
[2024-08-01T20:07:37.280+0000] {processor.py:830} INFO - Processing file /home/airflow/.local/lib/python3.12/site-packages/airflow/example_dags/example_subdag_operator.py for tasks to queue
[2024-08-01T20:07:37.281+0000] {logging_mixin.py:188} INFO - [2024-08-01T20:07:37.281+0000] {dagbag.py:545} INFO - Filling up the DagBag from /home/airflow/.local/lib/python3.12/site-packages/airflow/example_dags/example_subdag_operator.py
[2024-08-01T20:07:37.305+0000] {processor.py:840} INFO - DAG(s) 'example_subdag_operator.section-1', 'example_subdag_operator.section-2', 'example_subdag_operator' retrieved from /home/airflow/.local/lib/python3.12/site-packages/airflow/example_dags/example_subdag_operator.py
[2024-08-01T20:07:37.322+0000] {logging_mixin.py:188} INFO - [2024-08-01T20:07:37.322+0000] {dag.py:3089} INFO - Sync 3 DAGs
[2024-08-01T20:07:37.342+0000] {logging_mixin.py:188} INFO - [2024-08-01T20:07:37.342+0000] {dag.py:3947} INFO - Setting next_dagrun for example_subdag_operator to 2022-01-01 00:00:00+00:00, run_after=2022-01-01 00:00:00+00:00
[2024-08-01T20:07:37.346+0000] {logging_mixin.py:188} INFO - [2024-08-01T20:07:37.345+0000] {dag.py:3947} INFO - Setting next_dagrun for example_subdag_operator.section-1 to None, run_after=None
[2024-08-01T20:07:37.347+0000] {logging_mixin.py:188} INFO - [2024-08-01T20:07:37.347+0000] {dag.py:3947} INFO - Setting next_dagrun for example_subdag_operator.section-2 to None, run_after=None
[2024-08-01T20:07:37.354+0000] {logging_mixin.py:188} INFO - [2024-08-01T20:07:37.354+0000] {dag.py:3089} INFO - Sync 2 DAGs
[2024-08-01T20:07:37.359+0000] {logging_mixin.py:188} INFO - [2024-08-01T20:07:37.359+0000] {dag.py:3947} INFO - Setting next_dagrun for example_subdag_operator.section-1 to None, run_after=None
[2024-08-01T20:07:37.359+0000] {logging_mixin.py:188} INFO - [2024-08-01T20:07:37.359+0000] {dag.py:3947} INFO - Setting next_dagrun for example_subdag_operator.section-2 to None, run_after=None
[2024-08-01T20:07:37.373+0000] {processor.py:183} INFO - Processing /home/airflow/.local/lib/python3.12/site-packages/airflow/example_dags/example_subdag_operator.py took 0.101 seconds
[2024-08-01T20:08:07.613+0000] {processor.py:161} INFO - Started process (PID=247) to work on /home/airflow/.local/lib/python3.12/site-packages/airflow/example_dags/example_subdag_operator.py
[2024-08-01T20:08:07.615+0000] {processor.py:830} INFO - Processing file /home/airflow/.local/lib/python3.12/site-packages/airflow/example_dags/example_subdag_operator.py for tasks to queue
[2024-08-01T20:08:07.616+0000] {logging_mixin.py:188} INFO - [2024-08-01T20:08:07.616+0000] {dagbag.py:545} INFO - Filling up the DagBag from /home/airflow/.local/lib/python3.12/site-packages/airflow/example_dags/example_subdag_operator.py
[2024-08-01T20:08:07.636+0000] {processor.py:840} INFO - DAG(s) 'example_subdag_operator.section-1', 'example_subdag_operator.section-2', 'example_subdag_operator' retrieved from /home/airflow/.local/lib/python3.12/site-packages/airflow/example_dags/example_subdag_operator.py
[2024-08-01T20:08:07.650+0000] {logging_mixin.py:188} INFO - [2024-08-01T20:08:07.650+0000] {dag.py:3089} INFO - Sync 3 DAGs
[2024-08-01T20:08:07.670+0000] {logging_mixin.py:188} INFO - [2024-08-01T20:08:07.669+0000] {dag.py:3947} INFO - Setting next_dagrun for example_subdag_operator to 2022-01-01 00:00:00+00:00, run_after=2022-01-01 00:00:00+00:00
[2024-08-01T20:08:07.673+0000] {logging_mixin.py:188} INFO - [2024-08-01T20:08:07.673+0000] {dag.py:3947} INFO - Setting next_dagrun for example_subdag_operator.section-1 to None, run_after=None
[2024-08-01T20:08:07.674+0000] {logging_mixin.py:188} INFO - [2024-08-01T20:08:07.674+0000] {dag.py:3947} INFO - Setting next_dagrun for example_subdag_operator.section-2 to None, run_after=None
[2024-08-01T20:08:07.681+0000] {logging_mixin.py:188} INFO - [2024-08-01T20:08:07.680+0000] {dag.py:3089} INFO - Sync 2 DAGs
[2024-08-01T20:08:07.685+0000] {logging_mixin.py:188} INFO - [2024-08-01T20:08:07.685+0000] {dag.py:3947} INFO - Setting next_dagrun for example_subdag_operator.section-1 to None, run_after=None
[2024-08-01T20:08:07.686+0000] {logging_mixin.py:188} INFO - [2024-08-01T20:08:07.685+0000] {dag.py:3947} INFO - Setting next_dagrun for example_subdag_operator.section-2 to None, run_after=None
[2024-08-01T20:08:07.699+0000] {processor.py:183} INFO - Processing /home/airflow/.local/lib/python3.12/site-packages/airflow/example_dags/example_subdag_operator.py took 0.090 seconds
[2024-08-01T20:08:38.147+0000] {processor.py:161} INFO - Started process (PID=305) to work on /home/airflow/.local/lib/python3.12/site-packages/airflow/example_dags/example_subdag_operator.py
[2024-08-01T20:08:38.149+0000] {processor.py:830} INFO - Processing file /home/airflow/.local/lib/python3.12/site-packages/airflow/example_dags/example_subdag_operator.py for tasks to queue
[2024-08-01T20:08:38.151+0000] {logging_mixin.py:188} INFO - [2024-08-01T20:08:38.151+0000] {dagbag.py:545} INFO - Filling up the DagBag from /home/airflow/.local/lib/python3.12/site-packages/airflow/example_dags/example_subdag_operator.py
[2024-08-01T20:08:38.175+0000] {processor.py:840} INFO - DAG(s) 'example_subdag_operator.section-1', 'example_subdag_operator.section-2', 'example_subdag_operator' retrieved from /home/airflow/.local/lib/python3.12/site-packages/airflow/example_dags/example_subdag_operator.py
[2024-08-01T20:08:38.192+0000] {logging_mixin.py:188} INFO - [2024-08-01T20:08:38.192+0000] {dag.py:3089} INFO - Sync 3 DAGs
[2024-08-01T20:08:38.212+0000] {logging_mixin.py:188} INFO - [2024-08-01T20:08:38.212+0000] {dag.py:3947} INFO - Setting next_dagrun for example_subdag_operator to 2022-01-01 00:00:00+00:00, run_after=2022-01-01 00:00:00+00:00
[2024-08-01T20:08:38.216+0000] {logging_mixin.py:188} INFO - [2024-08-01T20:08:38.216+0000] {dag.py:3947} INFO - Setting next_dagrun for example_subdag_operator.section-1 to None, run_after=None
[2024-08-01T20:08:38.217+0000] {logging_mixin.py:188} INFO - [2024-08-01T20:08:38.217+0000] {dag.py:3947} INFO - Setting next_dagrun for example_subdag_operator.section-2 to None, run_after=None
[2024-08-01T20:08:38.223+0000] {logging_mixin.py:188} INFO - [2024-08-01T20:08:38.223+0000] {dag.py:3089} INFO - Sync 2 DAGs
[2024-08-01T20:08:38.228+0000] {logging_mixin.py:188} INFO - [2024-08-01T20:08:38.228+0000] {dag.py:3947} INFO - Setting next_dagrun for example_subdag_operator.section-1 to None, run_after=None
[2024-08-01T20:08:38.229+0000] {logging_mixin.py:188} INFO - [2024-08-01T20:08:38.229+0000] {dag.py:3947} INFO - Setting next_dagrun for example_subdag_operator.section-2 to None, run_after=None
[2024-08-01T20:08:38.243+0000] {processor.py:183} INFO - Processing /home/airflow/.local/lib/python3.12/site-packages/airflow/example_dags/example_subdag_operator.py took 0.102 seconds
[2024-08-01T20:09:08.639+0000] {processor.py:161} INFO - Started process (PID=363) to work on /home/airflow/.local/lib/python3.12/site-packages/airflow/example_dags/example_subdag_operator.py
[2024-08-01T20:09:08.640+0000] {processor.py:830} INFO - Processing file /home/airflow/.local/lib/python3.12/site-packages/airflow/example_dags/example_subdag_operator.py for tasks to queue
[2024-08-01T20:09:08.641+0000] {logging_mixin.py:188} INFO - [2024-08-01T20:09:08.641+0000] {dagbag.py:545} INFO - Filling up the DagBag from /home/airflow/.local/lib/python3.12/site-packages/airflow/example_dags/example_subdag_operator.py
[2024-08-01T20:09:08.660+0000] {processor.py:840} INFO - DAG(s) 'example_subdag_operator.section-1', 'example_subdag_operator.section-2', 'example_subdag_operator' retrieved from /home/airflow/.local/lib/python3.12/site-packages/airflow/example_dags/example_subdag_operator.py
[2024-08-01T20:09:08.675+0000] {logging_mixin.py:188} INFO - [2024-08-01T20:09:08.674+0000] {dag.py:3089} INFO - Sync 3 DAGs
[2024-08-01T20:09:08.696+0000] {logging_mixin.py:188} INFO - [2024-08-01T20:09:08.696+0000] {dag.py:3947} INFO - Setting next_dagrun for example_subdag_operator to 2022-01-01 00:00:00+00:00, run_after=2022-01-01 00:00:00+00:00
[2024-08-01T20:09:08.701+0000] {logging_mixin.py:188} INFO - [2024-08-01T20:09:08.700+0000] {dag.py:3947} INFO - Setting next_dagrun for example_subdag_operator.section-1 to None, run_after=None
[2024-08-01T20:09:08.702+0000] {logging_mixin.py:188} INFO - [2024-08-01T20:09:08.702+0000] {dag.py:3947} INFO - Setting next_dagrun for example_subdag_operator.section-2 to None, run_after=None
[2024-08-01T20:09:08.708+0000] {logging_mixin.py:188} INFO - [2024-08-01T20:09:08.708+0000] {dag.py:3089} INFO - Sync 2 DAGs
[2024-08-01T20:09:08.713+0000] {logging_mixin.py:188} INFO - [2024-08-01T20:09:08.713+0000] {dag.py:3947} INFO - Setting next_dagrun for example_subdag_operator.section-1 to None, run_after=None
[2024-08-01T20:09:08.713+0000] {logging_mixin.py:188} INFO - [2024-08-01T20:09:08.713+0000] {dag.py:3947} INFO - Setting next_dagrun for example_subdag_operator.section-2 to None, run_after=None
[2024-08-01T20:09:08.724+0000] {processor.py:183} INFO - Processing /home/airflow/.local/lib/python3.12/site-packages/airflow/example_dags/example_subdag_operator.py took 0.090 seconds
[2024-08-01T20:11:20.898+0000] {processor.py:161} INFO - Started process (PID=77) to work on /home/airflow/.local/lib/python3.12/site-packages/airflow/example_dags/example_subdag_operator.py
[2024-08-01T20:11:20.900+0000] {processor.py:830} INFO - Processing file /home/airflow/.local/lib/python3.12/site-packages/airflow/example_dags/example_subdag_operator.py for tasks to queue
[2024-08-01T20:11:20.902+0000] {logging_mixin.py:188} INFO - [2024-08-01T20:11:20.901+0000] {dagbag.py:545} INFO - Filling up the DagBag from /home/airflow/.local/lib/python3.12/site-packages/airflow/example_dags/example_subdag_operator.py
[2024-08-01T20:11:20.929+0000] {processor.py:840} INFO - DAG(s) 'example_subdag_operator.section-1', 'example_subdag_operator.section-2', 'example_subdag_operator' retrieved from /home/airflow/.local/lib/python3.12/site-packages/airflow/example_dags/example_subdag_operator.py
[2024-08-01T20:11:20.933+0000] {logging_mixin.py:188} INFO - [2024-08-01T20:11:20.933+0000] {dag.py:3089} INFO - Sync 3 DAGs
[2024-08-01T20:11:21.179+0000] {logging_mixin.py:188} INFO - [2024-08-01T20:11:21.179+0000] {dag.py:3947} INFO - Setting next_dagrun for example_subdag_operator to 2022-01-01 00:00:00+00:00, run_after=2022-01-01 00:00:00+00:00
[2024-08-01T20:11:21.184+0000] {logging_mixin.py:188} INFO - [2024-08-01T20:11:21.183+0000] {dag.py:3947} INFO - Setting next_dagrun for example_subdag_operator.section-1 to None, run_after=None
[2024-08-01T20:11:21.185+0000] {logging_mixin.py:188} INFO - [2024-08-01T20:11:21.185+0000] {dag.py:3947} INFO - Setting next_dagrun for example_subdag_operator.section-2 to None, run_after=None
[2024-08-01T20:11:21.198+0000] {logging_mixin.py:188} INFO - [2024-08-01T20:11:21.198+0000] {dag.py:3089} INFO - Sync 2 DAGs
[2024-08-01T20:11:21.205+0000] {logging_mixin.py:188} INFO - [2024-08-01T20:11:21.205+0000] {dag.py:3947} INFO - Setting next_dagrun for example_subdag_operator.section-1 to None, run_after=None
[2024-08-01T20:11:21.206+0000] {logging_mixin.py:188} INFO - [2024-08-01T20:11:21.206+0000] {dag.py:3947} INFO - Setting next_dagrun for example_subdag_operator.section-2 to None, run_after=None
[2024-08-01T20:11:21.265+0000] {processor.py:183} INFO - Processing /home/airflow/.local/lib/python3.12/site-packages/airflow/example_dags/example_subdag_operator.py took 0.372 seconds
[2024-08-01T20:11:52.247+0000] {processor.py:161} INFO - Started process (PID=135) to work on /home/airflow/.local/lib/python3.12/site-packages/airflow/example_dags/example_subdag_operator.py
[2024-08-01T20:11:52.248+0000] {processor.py:830} INFO - Processing file /home/airflow/.local/lib/python3.12/site-packages/airflow/example_dags/example_subdag_operator.py for tasks to queue
[2024-08-01T20:11:52.250+0000] {logging_mixin.py:188} INFO - [2024-08-01T20:11:52.249+0000] {dagbag.py:545} INFO - Filling up the DagBag from /home/airflow/.local/lib/python3.12/site-packages/airflow/example_dags/example_subdag_operator.py
[2024-08-01T20:11:52.277+0000] {processor.py:840} INFO - DAG(s) 'example_subdag_operator.section-1', 'example_subdag_operator.section-2', 'example_subdag_operator' retrieved from /home/airflow/.local/lib/python3.12/site-packages/airflow/example_dags/example_subdag_operator.py
[2024-08-01T20:11:52.372+0000] {logging_mixin.py:188} INFO - [2024-08-01T20:11:52.372+0000] {dag.py:3089} INFO - Sync 3 DAGs
[2024-08-01T20:11:52.396+0000] {logging_mixin.py:188} INFO - [2024-08-01T20:11:52.395+0000] {dag.py:3947} INFO - Setting next_dagrun for example_subdag_operator to 2022-01-01 00:00:00+00:00, run_after=2022-01-01 00:00:00+00:00
[2024-08-01T20:11:52.399+0000] {logging_mixin.py:188} INFO - [2024-08-01T20:11:52.399+0000] {dag.py:3947} INFO - Setting next_dagrun for example_subdag_operator.section-1 to None, run_after=None
[2024-08-01T20:11:52.400+0000] {logging_mixin.py:188} INFO - [2024-08-01T20:11:52.400+0000] {dag.py:3947} INFO - Setting next_dagrun for example_subdag_operator.section-2 to None, run_after=None
[2024-08-01T20:11:52.411+0000] {logging_mixin.py:188} INFO - [2024-08-01T20:11:52.411+0000] {dag.py:3089} INFO - Sync 2 DAGs
[2024-08-01T20:11:52.416+0000] {logging_mixin.py:188} INFO - [2024-08-01T20:11:52.416+0000] {dag.py:3947} INFO - Setting next_dagrun for example_subdag_operator.section-1 to None, run_after=None
[2024-08-01T20:11:52.417+0000] {logging_mixin.py:188} INFO - [2024-08-01T20:11:52.416+0000] {dag.py:3947} INFO - Setting next_dagrun for example_subdag_operator.section-2 to None, run_after=None
[2024-08-01T20:11:52.430+0000] {processor.py:183} INFO - Processing /home/airflow/.local/lib/python3.12/site-packages/airflow/example_dags/example_subdag_operator.py took 0.187 seconds
[2024-08-01T20:12:22.753+0000] {processor.py:161} INFO - Started process (PID=193) to work on /home/airflow/.local/lib/python3.12/site-packages/airflow/example_dags/example_subdag_operator.py
[2024-08-01T20:12:22.754+0000] {processor.py:830} INFO - Processing file /home/airflow/.local/lib/python3.12/site-packages/airflow/example_dags/example_subdag_operator.py for tasks to queue
[2024-08-01T20:12:22.755+0000] {logging_mixin.py:188} INFO - [2024-08-01T20:12:22.755+0000] {dagbag.py:545} INFO - Filling up the DagBag from /home/airflow/.local/lib/python3.12/site-packages/airflow/example_dags/example_subdag_operator.py
[2024-08-01T20:12:22.779+0000] {processor.py:840} INFO - DAG(s) 'example_subdag_operator.section-1', 'example_subdag_operator.section-2', 'example_subdag_operator' retrieved from /home/airflow/.local/lib/python3.12/site-packages/airflow/example_dags/example_subdag_operator.py
[2024-08-01T20:12:22.795+0000] {logging_mixin.py:188} INFO - [2024-08-01T20:12:22.795+0000] {dag.py:3089} INFO - Sync 3 DAGs
[2024-08-01T20:12:22.817+0000] {logging_mixin.py:188} INFO - [2024-08-01T20:12:22.817+0000] {dag.py:3947} INFO - Setting next_dagrun for example_subdag_operator to 2022-01-01 00:00:00+00:00, run_after=2022-01-01 00:00:00+00:00
[2024-08-01T20:12:22.822+0000] {logging_mixin.py:188} INFO - [2024-08-01T20:12:22.821+0000] {dag.py:3947} INFO - Setting next_dagrun for example_subdag_operator.section-1 to None, run_after=None
[2024-08-01T20:12:22.823+0000] {logging_mixin.py:188} INFO - [2024-08-01T20:12:22.823+0000] {dag.py:3947} INFO - Setting next_dagrun for example_subdag_operator.section-2 to None, run_after=None
[2024-08-01T20:12:22.830+0000] {logging_mixin.py:188} INFO - [2024-08-01T20:12:22.830+0000] {dag.py:3089} INFO - Sync 2 DAGs
[2024-08-01T20:12:22.836+0000] {logging_mixin.py:188} INFO - [2024-08-01T20:12:22.836+0000] {dag.py:3947} INFO - Setting next_dagrun for example_subdag_operator.section-1 to None, run_after=None
[2024-08-01T20:12:22.837+0000] {logging_mixin.py:188} INFO - [2024-08-01T20:12:22.837+0000] {dag.py:3947} INFO - Setting next_dagrun for example_subdag_operator.section-2 to None, run_after=None
[2024-08-01T20:12:22.850+0000] {processor.py:183} INFO - Processing /home/airflow/.local/lib/python3.12/site-packages/airflow/example_dags/example_subdag_operator.py took 0.102 seconds
[2024-08-01T20:12:53.156+0000] {processor.py:161} INFO - Started process (PID=251) to work on /home/airflow/.local/lib/python3.12/site-packages/airflow/example_dags/example_subdag_operator.py
[2024-08-01T20:12:53.157+0000] {processor.py:830} INFO - Processing file /home/airflow/.local/lib/python3.12/site-packages/airflow/example_dags/example_subdag_operator.py for tasks to queue
[2024-08-01T20:12:53.159+0000] {logging_mixin.py:188} INFO - [2024-08-01T20:12:53.158+0000] {dagbag.py:545} INFO - Filling up the DagBag from /home/airflow/.local/lib/python3.12/site-packages/airflow/example_dags/example_subdag_operator.py
[2024-08-01T20:12:53.178+0000] {processor.py:840} INFO - DAG(s) 'example_subdag_operator.section-1', 'example_subdag_operator.section-2', 'example_subdag_operator' retrieved from /home/airflow/.local/lib/python3.12/site-packages/airflow/example_dags/example_subdag_operator.py
[2024-08-01T20:12:53.192+0000] {logging_mixin.py:188} INFO - [2024-08-01T20:12:53.192+0000] {dag.py:3089} INFO - Sync 3 DAGs
[2024-08-01T20:12:53.212+0000] {logging_mixin.py:188} INFO - [2024-08-01T20:12:53.211+0000] {dag.py:3947} INFO - Setting next_dagrun for example_subdag_operator to 2022-01-01 00:00:00+00:00, run_after=2022-01-01 00:00:00+00:00
[2024-08-01T20:12:53.215+0000] {logging_mixin.py:188} INFO - [2024-08-01T20:12:53.215+0000] {dag.py:3947} INFO - Setting next_dagrun for example_subdag_operator.section-1 to None, run_after=None
[2024-08-01T20:12:53.216+0000] {logging_mixin.py:188} INFO - [2024-08-01T20:12:53.216+0000] {dag.py:3947} INFO - Setting next_dagrun for example_subdag_operator.section-2 to None, run_after=None
[2024-08-01T20:12:53.223+0000] {logging_mixin.py:188} INFO - [2024-08-01T20:12:53.223+0000] {dag.py:3089} INFO - Sync 2 DAGs
[2024-08-01T20:12:53.227+0000] {logging_mixin.py:188} INFO - [2024-08-01T20:12:53.227+0000] {dag.py:3947} INFO - Setting next_dagrun for example_subdag_operator.section-1 to None, run_after=None
[2024-08-01T20:12:53.228+0000] {logging_mixin.py:188} INFO - [2024-08-01T20:12:53.228+0000] {dag.py:3947} INFO - Setting next_dagrun for example_subdag_operator.section-2 to None, run_after=None
[2024-08-01T20:12:53.240+0000] {processor.py:183} INFO - Processing /home/airflow/.local/lib/python3.12/site-packages/airflow/example_dags/example_subdag_operator.py took 0.088 seconds
[2024-08-01T20:13:23.292+0000] {processor.py:161} INFO - Started process (PID=308) to work on /home/airflow/.local/lib/python3.12/site-packages/airflow/example_dags/example_subdag_operator.py
[2024-08-01T20:13:23.293+0000] {processor.py:830} INFO - Processing file /home/airflow/.local/lib/python3.12/site-packages/airflow/example_dags/example_subdag_operator.py for tasks to queue
[2024-08-01T20:13:23.294+0000] {logging_mixin.py:188} INFO - [2024-08-01T20:13:23.294+0000] {dagbag.py:545} INFO - Filling up the DagBag from /home/airflow/.local/lib/python3.12/site-packages/airflow/example_dags/example_subdag_operator.py
[2024-08-01T20:13:23.313+0000] {processor.py:840} INFO - DAG(s) 'example_subdag_operator.section-1', 'example_subdag_operator.section-2', 'example_subdag_operator' retrieved from /home/airflow/.local/lib/python3.12/site-packages/airflow/example_dags/example_subdag_operator.py
[2024-08-01T20:13:23.327+0000] {logging_mixin.py:188} INFO - [2024-08-01T20:13:23.327+0000] {dag.py:3089} INFO - Sync 3 DAGs
[2024-08-01T20:13:23.346+0000] {logging_mixin.py:188} INFO - [2024-08-01T20:13:23.346+0000] {dag.py:3947} INFO - Setting next_dagrun for example_subdag_operator to 2022-01-01 00:00:00+00:00, run_after=2022-01-01 00:00:00+00:00
[2024-08-01T20:13:23.349+0000] {logging_mixin.py:188} INFO - [2024-08-01T20:13:23.349+0000] {dag.py:3947} INFO - Setting next_dagrun for example_subdag_operator.section-1 to None, run_after=None
[2024-08-01T20:13:23.350+0000] {logging_mixin.py:188} INFO - [2024-08-01T20:13:23.350+0000] {dag.py:3947} INFO - Setting next_dagrun for example_subdag_operator.section-2 to None, run_after=None
[2024-08-01T20:13:23.356+0000] {logging_mixin.py:188} INFO - [2024-08-01T20:13:23.356+0000] {dag.py:3089} INFO - Sync 2 DAGs
[2024-08-01T20:13:23.360+0000] {logging_mixin.py:188} INFO - [2024-08-01T20:13:23.360+0000] {dag.py:3947} INFO - Setting next_dagrun for example_subdag_operator.section-1 to None, run_after=None
[2024-08-01T20:13:23.360+0000] {logging_mixin.py:188} INFO - [2024-08-01T20:13:23.360+0000] {dag.py:3947} INFO - Setting next_dagrun for example_subdag_operator.section-2 to None, run_after=None
[2024-08-01T20:13:23.371+0000] {processor.py:183} INFO - Processing /home/airflow/.local/lib/python3.12/site-packages/airflow/example_dags/example_subdag_operator.py took 0.084 seconds
[2024-08-01T20:13:53.549+0000] {processor.py:161} INFO - Started process (PID=366) to work on /home/airflow/.local/lib/python3.12/site-packages/airflow/example_dags/example_subdag_operator.py
[2024-08-01T20:13:53.550+0000] {processor.py:830} INFO - Processing file /home/airflow/.local/lib/python3.12/site-packages/airflow/example_dags/example_subdag_operator.py for tasks to queue
[2024-08-01T20:13:53.552+0000] {logging_mixin.py:188} INFO - [2024-08-01T20:13:53.552+0000] {dagbag.py:545} INFO - Filling up the DagBag from /home/airflow/.local/lib/python3.12/site-packages/airflow/example_dags/example_subdag_operator.py
[2024-08-01T20:13:53.572+0000] {processor.py:840} INFO - DAG(s) 'example_subdag_operator.section-1', 'example_subdag_operator.section-2', 'example_subdag_operator' retrieved from /home/airflow/.local/lib/python3.12/site-packages/airflow/example_dags/example_subdag_operator.py
[2024-08-01T20:13:53.587+0000] {logging_mixin.py:188} INFO - [2024-08-01T20:13:53.587+0000] {dag.py:3089} INFO - Sync 3 DAGs
[2024-08-01T20:13:53.607+0000] {logging_mixin.py:188} INFO - [2024-08-01T20:13:53.606+0000] {dag.py:3947} INFO - Setting next_dagrun for example_subdag_operator to 2022-01-01 00:00:00+00:00, run_after=2022-01-01 00:00:00+00:00
[2024-08-01T20:13:53.610+0000] {logging_mixin.py:188} INFO - [2024-08-01T20:13:53.610+0000] {dag.py:3947} INFO - Setting next_dagrun for example_subdag_operator.section-1 to None, run_after=None
[2024-08-01T20:13:53.611+0000] {logging_mixin.py:188} INFO - [2024-08-01T20:13:53.611+0000] {dag.py:3947} INFO - Setting next_dagrun for example_subdag_operator.section-2 to None, run_after=None
[2024-08-01T20:13:53.617+0000] {logging_mixin.py:188} INFO - [2024-08-01T20:13:53.617+0000] {dag.py:3089} INFO - Sync 2 DAGs
[2024-08-01T20:13:53.623+0000] {logging_mixin.py:188} INFO - [2024-08-01T20:13:53.623+0000] {dag.py:3947} INFO - Setting next_dagrun for example_subdag_operator.section-1 to None, run_after=None
[2024-08-01T20:13:53.624+0000] {logging_mixin.py:188} INFO - [2024-08-01T20:13:53.624+0000] {dag.py:3947} INFO - Setting next_dagrun for example_subdag_operator.section-2 to None, run_after=None
[2024-08-01T20:13:53.638+0000] {processor.py:183} INFO - Processing /home/airflow/.local/lib/python3.12/site-packages/airflow/example_dags/example_subdag_operator.py took 0.094 seconds
[2024-08-01T20:14:23.899+0000] {processor.py:161} INFO - Started process (PID=424) to work on /home/airflow/.local/lib/python3.12/site-packages/airflow/example_dags/example_subdag_operator.py
[2024-08-01T20:14:23.900+0000] {processor.py:830} INFO - Processing file /home/airflow/.local/lib/python3.12/site-packages/airflow/example_dags/example_subdag_operator.py for tasks to queue
[2024-08-01T20:14:23.902+0000] {logging_mixin.py:188} INFO - [2024-08-01T20:14:23.901+0000] {dagbag.py:545} INFO - Filling up the DagBag from /home/airflow/.local/lib/python3.12/site-packages/airflow/example_dags/example_subdag_operator.py
[2024-08-01T20:14:23.927+0000] {processor.py:840} INFO - DAG(s) 'example_subdag_operator.section-1', 'example_subdag_operator.section-2', 'example_subdag_operator' retrieved from /home/airflow/.local/lib/python3.12/site-packages/airflow/example_dags/example_subdag_operator.py
[2024-08-01T20:14:23.946+0000] {logging_mixin.py:188} INFO - [2024-08-01T20:14:23.946+0000] {dag.py:3089} INFO - Sync 3 DAGs
[2024-08-01T20:14:23.969+0000] {logging_mixin.py:188} INFO - [2024-08-01T20:14:23.969+0000] {dag.py:3947} INFO - Setting next_dagrun for example_subdag_operator to 2022-01-01 00:00:00+00:00, run_after=2022-01-01 00:00:00+00:00
[2024-08-01T20:14:23.975+0000] {logging_mixin.py:188} INFO - [2024-08-01T20:14:23.975+0000] {dag.py:3947} INFO - Setting next_dagrun for example_subdag_operator.section-1 to None, run_after=None
[2024-08-01T20:14:23.976+0000] {logging_mixin.py:188} INFO - [2024-08-01T20:14:23.976+0000] {dag.py:3947} INFO - Setting next_dagrun for example_subdag_operator.section-2 to None, run_after=None
[2024-08-01T20:14:23.990+0000] {logging_mixin.py:188} INFO - [2024-08-01T20:14:23.989+0000] {dag.py:3089} INFO - Sync 2 DAGs
[2024-08-01T20:14:23.996+0000] {logging_mixin.py:188} INFO - [2024-08-01T20:14:23.996+0000] {dag.py:3947} INFO - Setting next_dagrun for example_subdag_operator.section-1 to None, run_after=None
[2024-08-01T20:14:23.996+0000] {logging_mixin.py:188} INFO - [2024-08-01T20:14:23.996+0000] {dag.py:3947} INFO - Setting next_dagrun for example_subdag_operator.section-2 to None, run_after=None
[2024-08-01T20:14:24.015+0000] {processor.py:183} INFO - Processing /home/airflow/.local/lib/python3.12/site-packages/airflow/example_dags/example_subdag_operator.py took 0.122 seconds
[2024-08-01T20:14:54.552+0000] {processor.py:161} INFO - Started process (PID=482) to work on /home/airflow/.local/lib/python3.12/site-packages/airflow/example_dags/example_subdag_operator.py
[2024-08-01T20:14:54.553+0000] {processor.py:830} INFO - Processing file /home/airflow/.local/lib/python3.12/site-packages/airflow/example_dags/example_subdag_operator.py for tasks to queue
[2024-08-01T20:14:54.555+0000] {logging_mixin.py:188} INFO - [2024-08-01T20:14:54.555+0000] {dagbag.py:545} INFO - Filling up the DagBag from /home/airflow/.local/lib/python3.12/site-packages/airflow/example_dags/example_subdag_operator.py
[2024-08-01T20:14:54.577+0000] {processor.py:840} INFO - DAG(s) 'example_subdag_operator.section-1', 'example_subdag_operator.section-2', 'example_subdag_operator' retrieved from /home/airflow/.local/lib/python3.12/site-packages/airflow/example_dags/example_subdag_operator.py
[2024-08-01T20:14:54.591+0000] {logging_mixin.py:188} INFO - [2024-08-01T20:14:54.590+0000] {dag.py:3089} INFO - Sync 3 DAGs
[2024-08-01T20:14:54.610+0000] {logging_mixin.py:188} INFO - [2024-08-01T20:14:54.610+0000] {dag.py:3947} INFO - Setting next_dagrun for example_subdag_operator to 2022-01-01 00:00:00+00:00, run_after=2022-01-01 00:00:00+00:00
[2024-08-01T20:14:54.615+0000] {logging_mixin.py:188} INFO - [2024-08-01T20:14:54.614+0000] {dag.py:3947} INFO - Setting next_dagrun for example_subdag_operator.section-1 to None, run_after=None
[2024-08-01T20:14:54.616+0000] {logging_mixin.py:188} INFO - [2024-08-01T20:14:54.616+0000] {dag.py:3947} INFO - Setting next_dagrun for example_subdag_operator.section-2 to None, run_after=None
[2024-08-01T20:14:54.622+0000] {logging_mixin.py:188} INFO - [2024-08-01T20:14:54.622+0000] {dag.py:3089} INFO - Sync 2 DAGs
[2024-08-01T20:14:54.627+0000] {logging_mixin.py:188} INFO - [2024-08-01T20:14:54.627+0000] {dag.py:3947} INFO - Setting next_dagrun for example_subdag_operator.section-1 to None, run_after=None
[2024-08-01T20:14:54.628+0000] {logging_mixin.py:188} INFO - [2024-08-01T20:14:54.627+0000] {dag.py:3947} INFO - Setting next_dagrun for example_subdag_operator.section-2 to None, run_after=None
[2024-08-01T20:14:54.641+0000] {processor.py:183} INFO - Processing /home/airflow/.local/lib/python3.12/site-packages/airflow/example_dags/example_subdag_operator.py took 0.093 seconds
[2024-08-01T20:15:24.717+0000] {processor.py:161} INFO - Started process (PID=540) to work on /home/airflow/.local/lib/python3.12/site-packages/airflow/example_dags/example_subdag_operator.py
[2024-08-01T20:15:24.718+0000] {processor.py:830} INFO - Processing file /home/airflow/.local/lib/python3.12/site-packages/airflow/example_dags/example_subdag_operator.py for tasks to queue
[2024-08-01T20:15:24.719+0000] {logging_mixin.py:188} INFO - [2024-08-01T20:15:24.719+0000] {dagbag.py:545} INFO - Filling up the DagBag from /home/airflow/.local/lib/python3.12/site-packages/airflow/example_dags/example_subdag_operator.py
[2024-08-01T20:15:24.740+0000] {processor.py:840} INFO - DAG(s) 'example_subdag_operator.section-1', 'example_subdag_operator.section-2', 'example_subdag_operator' retrieved from /home/airflow/.local/lib/python3.12/site-packages/airflow/example_dags/example_subdag_operator.py
[2024-08-01T20:15:24.755+0000] {logging_mixin.py:188} INFO - [2024-08-01T20:15:24.754+0000] {dag.py:3089} INFO - Sync 3 DAGs
[2024-08-01T20:15:24.773+0000] {logging_mixin.py:188} INFO - [2024-08-01T20:15:24.773+0000] {dag.py:3947} INFO - Setting next_dagrun for example_subdag_operator to 2022-01-01 00:00:00+00:00, run_after=2022-01-01 00:00:00+00:00
[2024-08-01T20:15:24.777+0000] {logging_mixin.py:188} INFO - [2024-08-01T20:15:24.777+0000] {dag.py:3947} INFO - Setting next_dagrun for example_subdag_operator.section-1 to None, run_after=None
[2024-08-01T20:15:24.779+0000] {logging_mixin.py:188} INFO - [2024-08-01T20:15:24.779+0000] {dag.py:3947} INFO - Setting next_dagrun for example_subdag_operator.section-2 to None, run_after=None
[2024-08-01T20:15:24.785+0000] {logging_mixin.py:188} INFO - [2024-08-01T20:15:24.785+0000] {dag.py:3089} INFO - Sync 2 DAGs
[2024-08-01T20:15:24.791+0000] {logging_mixin.py:188} INFO - [2024-08-01T20:15:24.791+0000] {dag.py:3947} INFO - Setting next_dagrun for example_subdag_operator.section-1 to None, run_after=None
[2024-08-01T20:15:24.792+0000] {logging_mixin.py:188} INFO - [2024-08-01T20:15:24.791+0000] {dag.py:3947} INFO - Setting next_dagrun for example_subdag_operator.section-2 to None, run_after=None
[2024-08-01T20:15:24.804+0000] {processor.py:183} INFO - Processing /home/airflow/.local/lib/python3.12/site-packages/airflow/example_dags/example_subdag_operator.py took 0.092 seconds
[2024-08-01T20:15:54.950+0000] {processor.py:161} INFO - Started process (PID=598) to work on /home/airflow/.local/lib/python3.12/site-packages/airflow/example_dags/example_subdag_operator.py
[2024-08-01T20:15:54.951+0000] {processor.py:830} INFO - Processing file /home/airflow/.local/lib/python3.12/site-packages/airflow/example_dags/example_subdag_operator.py for tasks to queue
[2024-08-01T20:15:54.953+0000] {logging_mixin.py:188} INFO - [2024-08-01T20:15:54.952+0000] {dagbag.py:545} INFO - Filling up the DagBag from /home/airflow/.local/lib/python3.12/site-packages/airflow/example_dags/example_subdag_operator.py
[2024-08-01T20:15:54.975+0000] {processor.py:840} INFO - DAG(s) 'example_subdag_operator.section-1', 'example_subdag_operator.section-2', 'example_subdag_operator' retrieved from /home/airflow/.local/lib/python3.12/site-packages/airflow/example_dags/example_subdag_operator.py
[2024-08-01T20:15:54.991+0000] {logging_mixin.py:188} INFO - [2024-08-01T20:15:54.991+0000] {dag.py:3089} INFO - Sync 3 DAGs
[2024-08-01T20:15:55.011+0000] {logging_mixin.py:188} INFO - [2024-08-01T20:15:55.011+0000] {dag.py:3947} INFO - Setting next_dagrun for example_subdag_operator to 2022-01-01 00:00:00+00:00, run_after=2022-01-01 00:00:00+00:00
[2024-08-01T20:15:55.015+0000] {logging_mixin.py:188} INFO - [2024-08-01T20:15:55.015+0000] {dag.py:3947} INFO - Setting next_dagrun for example_subdag_operator.section-1 to None, run_after=None
[2024-08-01T20:15:55.017+0000] {logging_mixin.py:188} INFO - [2024-08-01T20:15:55.016+0000] {dag.py:3947} INFO - Setting next_dagrun for example_subdag_operator.section-2 to None, run_after=None
[2024-08-01T20:15:55.023+0000] {logging_mixin.py:188} INFO - [2024-08-01T20:15:55.023+0000] {dag.py:3089} INFO - Sync 2 DAGs
[2024-08-01T20:15:55.027+0000] {logging_mixin.py:188} INFO - [2024-08-01T20:15:55.027+0000] {dag.py:3947} INFO - Setting next_dagrun for example_subdag_operator.section-1 to None, run_after=None
[2024-08-01T20:15:55.028+0000] {logging_mixin.py:188} INFO - [2024-08-01T20:15:55.028+0000] {dag.py:3947} INFO - Setting next_dagrun for example_subdag_operator.section-2 to None, run_after=None
[2024-08-01T20:15:55.041+0000] {processor.py:183} INFO - Processing /home/airflow/.local/lib/python3.12/site-packages/airflow/example_dags/example_subdag_operator.py took 0.097 seconds
[2024-08-01T20:16:25.553+0000] {processor.py:161} INFO - Started process (PID=656) to work on /home/airflow/.local/lib/python3.12/site-packages/airflow/example_dags/example_subdag_operator.py
[2024-08-01T20:16:25.554+0000] {processor.py:830} INFO - Processing file /home/airflow/.local/lib/python3.12/site-packages/airflow/example_dags/example_subdag_operator.py for tasks to queue
[2024-08-01T20:16:25.558+0000] {logging_mixin.py:188} INFO - [2024-08-01T20:16:25.558+0000] {dagbag.py:545} INFO - Filling up the DagBag from /home/airflow/.local/lib/python3.12/site-packages/airflow/example_dags/example_subdag_operator.py
[2024-08-01T20:16:25.584+0000] {processor.py:840} INFO - DAG(s) 'example_subdag_operator.section-1', 'example_subdag_operator.section-2', 'example_subdag_operator' retrieved from /home/airflow/.local/lib/python3.12/site-packages/airflow/example_dags/example_subdag_operator.py
[2024-08-01T20:16:25.598+0000] {logging_mixin.py:188} INFO - [2024-08-01T20:16:25.598+0000] {dag.py:3089} INFO - Sync 3 DAGs
[2024-08-01T20:16:25.619+0000] {logging_mixin.py:188} INFO - [2024-08-01T20:16:25.619+0000] {dag.py:3947} INFO - Setting next_dagrun for example_subdag_operator to 2022-01-01 00:00:00+00:00, run_after=2022-01-01 00:00:00+00:00
[2024-08-01T20:16:25.623+0000] {logging_mixin.py:188} INFO - [2024-08-01T20:16:25.623+0000] {dag.py:3947} INFO - Setting next_dagrun for example_subdag_operator.section-1 to None, run_after=None
[2024-08-01T20:16:25.624+0000] {logging_mixin.py:188} INFO - [2024-08-01T20:16:25.624+0000] {dag.py:3947} INFO - Setting next_dagrun for example_subdag_operator.section-2 to None, run_after=None
[2024-08-01T20:16:25.632+0000] {logging_mixin.py:188} INFO - [2024-08-01T20:16:25.632+0000] {dag.py:3089} INFO - Sync 2 DAGs
[2024-08-01T20:16:25.638+0000] {logging_mixin.py:188} INFO - [2024-08-01T20:16:25.638+0000] {dag.py:3947} INFO - Setting next_dagrun for example_subdag_operator.section-1 to None, run_after=None
[2024-08-01T20:16:25.638+0000] {logging_mixin.py:188} INFO - [2024-08-01T20:16:25.638+0000] {dag.py:3947} INFO - Setting next_dagrun for example_subdag_operator.section-2 to None, run_after=None
[2024-08-01T20:16:25.655+0000] {processor.py:183} INFO - Processing /home/airflow/.local/lib/python3.12/site-packages/airflow/example_dags/example_subdag_operator.py took 0.107 seconds
