[2024-08-01T20:02:17.866+0000] {processor.py:161} INFO - Started process (PID=67) to work on /home/airflow/.local/lib/python3.12/site-packages/airflow/example_dags/example_latest_only_with_trigger.py
[2024-08-01T20:02:17.867+0000] {processor.py:830} INFO - Processing file /home/airflow/.local/lib/python3.12/site-packages/airflow/example_dags/example_latest_only_with_trigger.py for tasks to queue
[2024-08-01T20:02:17.869+0000] {logging_mixin.py:188} INFO - [2024-08-01T20:02:17.868+0000] {dagbag.py:545} INFO - Filling up the DagBag from /home/airflow/.local/lib/python3.12/site-packages/airflow/example_dags/example_latest_only_with_trigger.py
[2024-08-01T20:02:17.879+0000] {processor.py:840} INFO - DAG(s) 'latest_only_with_trigger' retrieved from /home/airflow/.local/lib/python3.12/site-packages/airflow/example_dags/example_latest_only_with_trigger.py
[2024-08-01T20:02:17.894+0000] {logging_mixin.py:188} INFO - [2024-08-01T20:02:17.894+0000] {dag.py:3089} INFO - Sync 1 DAGs
[2024-08-01T20:02:17.917+0000] {logging_mixin.py:188} INFO - [2024-08-01T20:02:17.916+0000] {dag.py:3947} INFO - Setting next_dagrun for latest_only_with_trigger to 2024-08-01 16:00:00+00:00, run_after=2024-08-01 20:00:00+00:00
[2024-08-01T20:02:17.945+0000] {processor.py:183} INFO - Processing /home/airflow/.local/lib/python3.12/site-packages/airflow/example_dags/example_latest_only_with_trigger.py took 0.084 seconds
[2024-08-01T20:02:50.202+0000] {processor.py:161} INFO - Started process (PID=125) to work on /home/airflow/.local/lib/python3.12/site-packages/airflow/example_dags/example_latest_only_with_trigger.py
[2024-08-01T20:02:50.204+0000] {processor.py:830} INFO - Processing file /home/airflow/.local/lib/python3.12/site-packages/airflow/example_dags/example_latest_only_with_trigger.py for tasks to queue
[2024-08-01T20:02:50.206+0000] {logging_mixin.py:188} INFO - [2024-08-01T20:02:50.206+0000] {dagbag.py:545} INFO - Filling up the DagBag from /home/airflow/.local/lib/python3.12/site-packages/airflow/example_dags/example_latest_only_with_trigger.py
[2024-08-01T20:02:50.212+0000] {processor.py:840} INFO - DAG(s) 'latest_only_with_trigger' retrieved from /home/airflow/.local/lib/python3.12/site-packages/airflow/example_dags/example_latest_only_with_trigger.py
[2024-08-01T20:02:50.341+0000] {logging_mixin.py:188} INFO - [2024-08-01T20:02:50.341+0000] {dag.py:3089} INFO - Sync 1 DAGs
[2024-08-01T20:02:50.366+0000] {logging_mixin.py:188} INFO - [2024-08-01T20:02:50.366+0000] {dag.py:3947} INFO - Setting next_dagrun for latest_only_with_trigger to 2024-08-01 16:00:00+00:00, run_after=2024-08-01 20:00:00+00:00
[2024-08-01T20:02:50.393+0000] {processor.py:183} INFO - Processing /home/airflow/.local/lib/python3.12/site-packages/airflow/example_dags/example_latest_only_with_trigger.py took 0.197 seconds
[2024-08-01T20:03:21.183+0000] {processor.py:161} INFO - Started process (PID=183) to work on /home/airflow/.local/lib/python3.12/site-packages/airflow/example_dags/example_latest_only_with_trigger.py
[2024-08-01T20:03:21.184+0000] {processor.py:830} INFO - Processing file /home/airflow/.local/lib/python3.12/site-packages/airflow/example_dags/example_latest_only_with_trigger.py for tasks to queue
[2024-08-01T20:03:21.185+0000] {logging_mixin.py:188} INFO - [2024-08-01T20:03:21.185+0000] {dagbag.py:545} INFO - Filling up the DagBag from /home/airflow/.local/lib/python3.12/site-packages/airflow/example_dags/example_latest_only_with_trigger.py
[2024-08-01T20:03:21.190+0000] {processor.py:840} INFO - DAG(s) 'latest_only_with_trigger' retrieved from /home/airflow/.local/lib/python3.12/site-packages/airflow/example_dags/example_latest_only_with_trigger.py
[2024-08-01T20:03:21.210+0000] {logging_mixin.py:188} INFO - [2024-08-01T20:03:21.209+0000] {dag.py:3089} INFO - Sync 1 DAGs
[2024-08-01T20:03:21.252+0000] {logging_mixin.py:188} INFO - [2024-08-01T20:03:21.252+0000] {dag.py:3947} INFO - Setting next_dagrun for latest_only_with_trigger to 2024-08-01 16:00:00+00:00, run_after=2024-08-01 20:00:00+00:00
[2024-08-01T20:03:21.299+0000] {processor.py:183} INFO - Processing /home/airflow/.local/lib/python3.12/site-packages/airflow/example_dags/example_latest_only_with_trigger.py took 0.121 seconds
[2024-08-01T20:03:51.803+0000] {processor.py:161} INFO - Started process (PID=241) to work on /home/airflow/.local/lib/python3.12/site-packages/airflow/example_dags/example_latest_only_with_trigger.py
[2024-08-01T20:03:51.804+0000] {processor.py:830} INFO - Processing file /home/airflow/.local/lib/python3.12/site-packages/airflow/example_dags/example_latest_only_with_trigger.py for tasks to queue
[2024-08-01T20:03:51.806+0000] {logging_mixin.py:188} INFO - [2024-08-01T20:03:51.806+0000] {dagbag.py:545} INFO - Filling up the DagBag from /home/airflow/.local/lib/python3.12/site-packages/airflow/example_dags/example_latest_only_with_trigger.py
[2024-08-01T20:03:51.810+0000] {processor.py:840} INFO - DAG(s) 'latest_only_with_trigger' retrieved from /home/airflow/.local/lib/python3.12/site-packages/airflow/example_dags/example_latest_only_with_trigger.py
[2024-08-01T20:03:51.828+0000] {logging_mixin.py:188} INFO - [2024-08-01T20:03:51.828+0000] {dag.py:3089} INFO - Sync 1 DAGs
[2024-08-01T20:03:51.848+0000] {logging_mixin.py:188} INFO - [2024-08-01T20:03:51.848+0000] {dag.py:3947} INFO - Setting next_dagrun for latest_only_with_trigger to 2024-08-01 16:00:00+00:00, run_after=2024-08-01 20:00:00+00:00
[2024-08-01T20:03:51.868+0000] {processor.py:183} INFO - Processing /home/airflow/.local/lib/python3.12/site-packages/airflow/example_dags/example_latest_only_with_trigger.py took 0.070 seconds
[2024-08-01T20:04:22.216+0000] {processor.py:161} INFO - Started process (PID=299) to work on /home/airflow/.local/lib/python3.12/site-packages/airflow/example_dags/example_latest_only_with_trigger.py
[2024-08-01T20:04:22.224+0000] {processor.py:830} INFO - Processing file /home/airflow/.local/lib/python3.12/site-packages/airflow/example_dags/example_latest_only_with_trigger.py for tasks to queue
[2024-08-01T20:04:22.226+0000] {logging_mixin.py:188} INFO - [2024-08-01T20:04:22.226+0000] {dagbag.py:545} INFO - Filling up the DagBag from /home/airflow/.local/lib/python3.12/site-packages/airflow/example_dags/example_latest_only_with_trigger.py
[2024-08-01T20:04:22.230+0000] {processor.py:840} INFO - DAG(s) 'latest_only_with_trigger' retrieved from /home/airflow/.local/lib/python3.12/site-packages/airflow/example_dags/example_latest_only_with_trigger.py
[2024-08-01T20:04:22.249+0000] {logging_mixin.py:188} INFO - [2024-08-01T20:04:22.249+0000] {dag.py:3089} INFO - Sync 1 DAGs
[2024-08-01T20:04:22.272+0000] {logging_mixin.py:188} INFO - [2024-08-01T20:04:22.272+0000] {dag.py:3947} INFO - Setting next_dagrun for latest_only_with_trigger to 2024-08-01 16:00:00+00:00, run_after=2024-08-01 20:00:00+00:00
[2024-08-01T20:04:22.333+0000] {processor.py:183} INFO - Processing /home/airflow/.local/lib/python3.12/site-packages/airflow/example_dags/example_latest_only_with_trigger.py took 0.122 seconds
[2024-08-01T20:04:52.851+0000] {processor.py:161} INFO - Started process (PID=357) to work on /home/airflow/.local/lib/python3.12/site-packages/airflow/example_dags/example_latest_only_with_trigger.py
[2024-08-01T20:04:52.852+0000] {processor.py:830} INFO - Processing file /home/airflow/.local/lib/python3.12/site-packages/airflow/example_dags/example_latest_only_with_trigger.py for tasks to queue
[2024-08-01T20:04:52.853+0000] {logging_mixin.py:188} INFO - [2024-08-01T20:04:52.853+0000] {dagbag.py:545} INFO - Filling up the DagBag from /home/airflow/.local/lib/python3.12/site-packages/airflow/example_dags/example_latest_only_with_trigger.py
[2024-08-01T20:04:52.857+0000] {processor.py:840} INFO - DAG(s) 'latest_only_with_trigger' retrieved from /home/airflow/.local/lib/python3.12/site-packages/airflow/example_dags/example_latest_only_with_trigger.py
[2024-08-01T20:04:52.877+0000] {logging_mixin.py:188} INFO - [2024-08-01T20:04:52.876+0000] {dag.py:3089} INFO - Sync 1 DAGs
[2024-08-01T20:04:52.896+0000] {logging_mixin.py:188} INFO - [2024-08-01T20:04:52.896+0000] {dag.py:3947} INFO - Setting next_dagrun for latest_only_with_trigger to 2024-08-01 16:00:00+00:00, run_after=2024-08-01 20:00:00+00:00
[2024-08-01T20:04:52.915+0000] {processor.py:183} INFO - Processing /home/airflow/.local/lib/python3.12/site-packages/airflow/example_dags/example_latest_only_with_trigger.py took 0.069 seconds
[2024-08-01T20:05:23.555+0000] {processor.py:161} INFO - Started process (PID=415) to work on /home/airflow/.local/lib/python3.12/site-packages/airflow/example_dags/example_latest_only_with_trigger.py
[2024-08-01T20:05:23.556+0000] {processor.py:830} INFO - Processing file /home/airflow/.local/lib/python3.12/site-packages/airflow/example_dags/example_latest_only_with_trigger.py for tasks to queue
[2024-08-01T20:05:23.557+0000] {logging_mixin.py:188} INFO - [2024-08-01T20:05:23.557+0000] {dagbag.py:545} INFO - Filling up the DagBag from /home/airflow/.local/lib/python3.12/site-packages/airflow/example_dags/example_latest_only_with_trigger.py
[2024-08-01T20:05:23.561+0000] {processor.py:840} INFO - DAG(s) 'latest_only_with_trigger' retrieved from /home/airflow/.local/lib/python3.12/site-packages/airflow/example_dags/example_latest_only_with_trigger.py
[2024-08-01T20:05:23.580+0000] {logging_mixin.py:188} INFO - [2024-08-01T20:05:23.580+0000] {dag.py:3089} INFO - Sync 1 DAGs
[2024-08-01T20:05:23.600+0000] {logging_mixin.py:188} INFO - [2024-08-01T20:05:23.599+0000] {dag.py:3947} INFO - Setting next_dagrun for latest_only_with_trigger to 2024-08-01 16:00:00+00:00, run_after=2024-08-01 20:00:00+00:00
[2024-08-01T20:05:23.618+0000] {processor.py:183} INFO - Processing /home/airflow/.local/lib/python3.12/site-packages/airflow/example_dags/example_latest_only_with_trigger.py took 0.068 seconds
[2024-08-01T20:05:53.781+0000] {processor.py:161} INFO - Started process (PID=473) to work on /home/airflow/.local/lib/python3.12/site-packages/airflow/example_dags/example_latest_only_with_trigger.py
[2024-08-01T20:05:53.798+0000] {processor.py:830} INFO - Processing file /home/airflow/.local/lib/python3.12/site-packages/airflow/example_dags/example_latest_only_with_trigger.py for tasks to queue
[2024-08-01T20:05:53.800+0000] {logging_mixin.py:188} INFO - [2024-08-01T20:05:53.800+0000] {dagbag.py:545} INFO - Filling up the DagBag from /home/airflow/.local/lib/python3.12/site-packages/airflow/example_dags/example_latest_only_with_trigger.py
[2024-08-01T20:05:53.804+0000] {processor.py:840} INFO - DAG(s) 'latest_only_with_trigger' retrieved from /home/airflow/.local/lib/python3.12/site-packages/airflow/example_dags/example_latest_only_with_trigger.py
[2024-08-01T20:05:53.827+0000] {logging_mixin.py:188} INFO - [2024-08-01T20:05:53.827+0000] {dag.py:3089} INFO - Sync 1 DAGs
[2024-08-01T20:05:53.849+0000] {logging_mixin.py:188} INFO - [2024-08-01T20:05:53.849+0000] {dag.py:3947} INFO - Setting next_dagrun for latest_only_with_trigger to 2024-08-01 16:00:00+00:00, run_after=2024-08-01 20:00:00+00:00
[2024-08-01T20:05:53.871+0000] {processor.py:183} INFO - Processing /home/airflow/.local/lib/python3.12/site-packages/airflow/example_dags/example_latest_only_with_trigger.py took 0.095 seconds
[2024-08-01T20:06:34.302+0000] {processor.py:161} INFO - Started process (PID=61) to work on /home/airflow/.local/lib/python3.12/site-packages/airflow/example_dags/example_latest_only_with_trigger.py
[2024-08-01T20:06:34.303+0000] {processor.py:830} INFO - Processing file /home/airflow/.local/lib/python3.12/site-packages/airflow/example_dags/example_latest_only_with_trigger.py for tasks to queue
[2024-08-01T20:06:34.304+0000] {logging_mixin.py:188} INFO - [2024-08-01T20:06:34.304+0000] {dagbag.py:545} INFO - Filling up the DagBag from /home/airflow/.local/lib/python3.12/site-packages/airflow/example_dags/example_latest_only_with_trigger.py
[2024-08-01T20:06:34.312+0000] {processor.py:840} INFO - DAG(s) 'latest_only_with_trigger' retrieved from /home/airflow/.local/lib/python3.12/site-packages/airflow/example_dags/example_latest_only_with_trigger.py
[2024-08-01T20:06:34.337+0000] {logging_mixin.py:188} INFO - [2024-08-01T20:06:34.337+0000] {dag.py:3089} INFO - Sync 1 DAGs
[2024-08-01T20:06:34.357+0000] {logging_mixin.py:188} INFO - [2024-08-01T20:06:34.356+0000] {dag.py:3947} INFO - Setting next_dagrun for latest_only_with_trigger to 2024-08-01 16:00:00+00:00, run_after=2024-08-01 20:00:00+00:00
[2024-08-01T20:06:34.383+0000] {processor.py:183} INFO - Processing /home/airflow/.local/lib/python3.12/site-packages/airflow/example_dags/example_latest_only_with_trigger.py took 0.086 seconds
[2024-08-01T20:07:05.366+0000] {processor.py:161} INFO - Started process (PID=119) to work on /home/airflow/.local/lib/python3.12/site-packages/airflow/example_dags/example_latest_only_with_trigger.py
[2024-08-01T20:07:05.367+0000] {processor.py:830} INFO - Processing file /home/airflow/.local/lib/python3.12/site-packages/airflow/example_dags/example_latest_only_with_trigger.py for tasks to queue
[2024-08-01T20:07:05.369+0000] {logging_mixin.py:188} INFO - [2024-08-01T20:07:05.368+0000] {dagbag.py:545} INFO - Filling up the DagBag from /home/airflow/.local/lib/python3.12/site-packages/airflow/example_dags/example_latest_only_with_trigger.py
[2024-08-01T20:07:05.373+0000] {processor.py:840} INFO - DAG(s) 'latest_only_with_trigger' retrieved from /home/airflow/.local/lib/python3.12/site-packages/airflow/example_dags/example_latest_only_with_trigger.py
[2024-08-01T20:07:05.394+0000] {logging_mixin.py:188} INFO - [2024-08-01T20:07:05.394+0000] {dag.py:3089} INFO - Sync 1 DAGs
[2024-08-01T20:07:05.418+0000] {logging_mixin.py:188} INFO - [2024-08-01T20:07:05.418+0000] {dag.py:3947} INFO - Setting next_dagrun for latest_only_with_trigger to 2024-08-01 16:00:00+00:00, run_after=2024-08-01 20:00:00+00:00
[2024-08-01T20:07:05.440+0000] {processor.py:183} INFO - Processing /home/airflow/.local/lib/python3.12/site-packages/airflow/example_dags/example_latest_only_with_trigger.py took 0.080 seconds
[2024-08-01T20:07:35.596+0000] {processor.py:161} INFO - Started process (PID=177) to work on /home/airflow/.local/lib/python3.12/site-packages/airflow/example_dags/example_latest_only_with_trigger.py
[2024-08-01T20:07:35.597+0000] {processor.py:830} INFO - Processing file /home/airflow/.local/lib/python3.12/site-packages/airflow/example_dags/example_latest_only_with_trigger.py for tasks to queue
[2024-08-01T20:07:35.598+0000] {logging_mixin.py:188} INFO - [2024-08-01T20:07:35.598+0000] {dagbag.py:545} INFO - Filling up the DagBag from /home/airflow/.local/lib/python3.12/site-packages/airflow/example_dags/example_latest_only_with_trigger.py
[2024-08-01T20:07:35.603+0000] {processor.py:840} INFO - DAG(s) 'latest_only_with_trigger' retrieved from /home/airflow/.local/lib/python3.12/site-packages/airflow/example_dags/example_latest_only_with_trigger.py
[2024-08-01T20:07:35.622+0000] {logging_mixin.py:188} INFO - [2024-08-01T20:07:35.622+0000] {dag.py:3089} INFO - Sync 1 DAGs
[2024-08-01T20:07:35.643+0000] {logging_mixin.py:188} INFO - [2024-08-01T20:07:35.643+0000] {dag.py:3947} INFO - Setting next_dagrun for latest_only_with_trigger to 2024-08-01 16:00:00+00:00, run_after=2024-08-01 20:00:00+00:00
[2024-08-01T20:07:35.667+0000] {processor.py:183} INFO - Processing /home/airflow/.local/lib/python3.12/site-packages/airflow/example_dags/example_latest_only_with_trigger.py took 0.076 seconds
[2024-08-01T20:08:05.982+0000] {processor.py:161} INFO - Started process (PID=235) to work on /home/airflow/.local/lib/python3.12/site-packages/airflow/example_dags/example_latest_only_with_trigger.py
[2024-08-01T20:08:05.984+0000] {processor.py:830} INFO - Processing file /home/airflow/.local/lib/python3.12/site-packages/airflow/example_dags/example_latest_only_with_trigger.py for tasks to queue
[2024-08-01T20:08:05.985+0000] {logging_mixin.py:188} INFO - [2024-08-01T20:08:05.985+0000] {dagbag.py:545} INFO - Filling up the DagBag from /home/airflow/.local/lib/python3.12/site-packages/airflow/example_dags/example_latest_only_with_trigger.py
[2024-08-01T20:08:05.989+0000] {processor.py:840} INFO - DAG(s) 'latest_only_with_trigger' retrieved from /home/airflow/.local/lib/python3.12/site-packages/airflow/example_dags/example_latest_only_with_trigger.py
[2024-08-01T20:08:06.007+0000] {logging_mixin.py:188} INFO - [2024-08-01T20:08:06.007+0000] {dag.py:3089} INFO - Sync 1 DAGs
[2024-08-01T20:08:06.026+0000] {logging_mixin.py:188} INFO - [2024-08-01T20:08:06.026+0000] {dag.py:3947} INFO - Setting next_dagrun for latest_only_with_trigger to 2024-08-01 16:00:00+00:00, run_after=2024-08-01 20:00:00+00:00
[2024-08-01T20:08:06.043+0000] {processor.py:183} INFO - Processing /home/airflow/.local/lib/python3.12/site-packages/airflow/example_dags/example_latest_only_with_trigger.py took 0.065 seconds
[2024-08-01T20:08:36.400+0000] {processor.py:161} INFO - Started process (PID=293) to work on /home/airflow/.local/lib/python3.12/site-packages/airflow/example_dags/example_latest_only_with_trigger.py
[2024-08-01T20:08:36.401+0000] {processor.py:830} INFO - Processing file /home/airflow/.local/lib/python3.12/site-packages/airflow/example_dags/example_latest_only_with_trigger.py for tasks to queue
[2024-08-01T20:08:36.404+0000] {logging_mixin.py:188} INFO - [2024-08-01T20:08:36.403+0000] {dagbag.py:545} INFO - Filling up the DagBag from /home/airflow/.local/lib/python3.12/site-packages/airflow/example_dags/example_latest_only_with_trigger.py
[2024-08-01T20:08:36.410+0000] {processor.py:840} INFO - DAG(s) 'latest_only_with_trigger' retrieved from /home/airflow/.local/lib/python3.12/site-packages/airflow/example_dags/example_latest_only_with_trigger.py
[2024-08-01T20:08:36.432+0000] {logging_mixin.py:188} INFO - [2024-08-01T20:08:36.432+0000] {dag.py:3089} INFO - Sync 1 DAGs
[2024-08-01T20:08:36.452+0000] {logging_mixin.py:188} INFO - [2024-08-01T20:08:36.451+0000] {dag.py:3947} INFO - Setting next_dagrun for latest_only_with_trigger to 2024-08-01 16:00:00+00:00, run_after=2024-08-01 20:00:00+00:00
[2024-08-01T20:08:36.478+0000] {processor.py:183} INFO - Processing /home/airflow/.local/lib/python3.12/site-packages/airflow/example_dags/example_latest_only_with_trigger.py took 0.083 seconds
[2024-08-01T20:09:06.675+0000] {processor.py:161} INFO - Started process (PID=351) to work on /home/airflow/.local/lib/python3.12/site-packages/airflow/example_dags/example_latest_only_with_trigger.py
[2024-08-01T20:09:06.677+0000] {processor.py:830} INFO - Processing file /home/airflow/.local/lib/python3.12/site-packages/airflow/example_dags/example_latest_only_with_trigger.py for tasks to queue
[2024-08-01T20:09:06.678+0000] {logging_mixin.py:188} INFO - [2024-08-01T20:09:06.678+0000] {dagbag.py:545} INFO - Filling up the DagBag from /home/airflow/.local/lib/python3.12/site-packages/airflow/example_dags/example_latest_only_with_trigger.py
[2024-08-01T20:09:06.683+0000] {processor.py:840} INFO - DAG(s) 'latest_only_with_trigger' retrieved from /home/airflow/.local/lib/python3.12/site-packages/airflow/example_dags/example_latest_only_with_trigger.py
[2024-08-01T20:09:06.701+0000] {logging_mixin.py:188} INFO - [2024-08-01T20:09:06.701+0000] {dag.py:3089} INFO - Sync 1 DAGs
[2024-08-01T20:09:06.720+0000] {logging_mixin.py:188} INFO - [2024-08-01T20:09:06.719+0000] {dag.py:3947} INFO - Setting next_dagrun for latest_only_with_trigger to 2024-08-01 16:00:00+00:00, run_after=2024-08-01 20:00:00+00:00
[2024-08-01T20:09:06.737+0000] {processor.py:183} INFO - Processing /home/airflow/.local/lib/python3.12/site-packages/airflow/example_dags/example_latest_only_with_trigger.py took 0.066 seconds
[2024-08-01T20:11:19.078+0000] {processor.py:161} INFO - Started process (PID=59) to work on /home/airflow/.local/lib/python3.12/site-packages/airflow/example_dags/example_latest_only_with_trigger.py
[2024-08-01T20:11:19.080+0000] {processor.py:830} INFO - Processing file /home/airflow/.local/lib/python3.12/site-packages/airflow/example_dags/example_latest_only_with_trigger.py for tasks to queue
[2024-08-01T20:11:19.085+0000] {logging_mixin.py:188} INFO - [2024-08-01T20:11:19.081+0000] {dagbag.py:545} INFO - Filling up the DagBag from /home/airflow/.local/lib/python3.12/site-packages/airflow/example_dags/example_latest_only_with_trigger.py
[2024-08-01T20:11:19.103+0000] {processor.py:840} INFO - DAG(s) 'latest_only_with_trigger' retrieved from /home/airflow/.local/lib/python3.12/site-packages/airflow/example_dags/example_latest_only_with_trigger.py
[2024-08-01T20:11:19.120+0000] {logging_mixin.py:188} INFO - [2024-08-01T20:11:19.120+0000] {dag.py:3089} INFO - Sync 1 DAGs
[2024-08-01T20:11:19.166+0000] {logging_mixin.py:188} INFO - [2024-08-01T20:11:19.166+0000] {dag.py:3947} INFO - Setting next_dagrun for latest_only_with_trigger to 2024-08-01 16:00:00+00:00, run_after=2024-08-01 20:00:00+00:00
[2024-08-01T20:11:19.275+0000] {processor.py:183} INFO - Processing /home/airflow/.local/lib/python3.12/site-packages/airflow/example_dags/example_latest_only_with_trigger.py took 0.204 seconds
[2024-08-01T20:11:49.331+0000] {processor.py:161} INFO - Started process (PID=117) to work on /home/airflow/.local/lib/python3.12/site-packages/airflow/example_dags/example_latest_only_with_trigger.py
[2024-08-01T20:11:49.332+0000] {processor.py:830} INFO - Processing file /home/airflow/.local/lib/python3.12/site-packages/airflow/example_dags/example_latest_only_with_trigger.py for tasks to queue
[2024-08-01T20:11:49.334+0000] {logging_mixin.py:188} INFO - [2024-08-01T20:11:49.333+0000] {dagbag.py:545} INFO - Filling up the DagBag from /home/airflow/.local/lib/python3.12/site-packages/airflow/example_dags/example_latest_only_with_trigger.py
[2024-08-01T20:11:49.338+0000] {processor.py:840} INFO - DAG(s) 'latest_only_with_trigger' retrieved from /home/airflow/.local/lib/python3.12/site-packages/airflow/example_dags/example_latest_only_with_trigger.py
[2024-08-01T20:11:49.437+0000] {logging_mixin.py:188} INFO - [2024-08-01T20:11:49.437+0000] {dag.py:3089} INFO - Sync 1 DAGs
[2024-08-01T20:11:49.456+0000] {logging_mixin.py:188} INFO - [2024-08-01T20:11:49.456+0000] {dag.py:3947} INFO - Setting next_dagrun for latest_only_with_trigger to 2024-08-01 16:00:00+00:00, run_after=2024-08-01 20:00:00+00:00
[2024-08-01T20:11:49.497+0000] {processor.py:183} INFO - Processing /home/airflow/.local/lib/python3.12/site-packages/airflow/example_dags/example_latest_only_with_trigger.py took 0.171 seconds
[2024-08-01T20:12:20.128+0000] {processor.py:161} INFO - Started process (PID=175) to work on /home/airflow/.local/lib/python3.12/site-packages/airflow/example_dags/example_latest_only_with_trigger.py
[2024-08-01T20:12:20.128+0000] {processor.py:830} INFO - Processing file /home/airflow/.local/lib/python3.12/site-packages/airflow/example_dags/example_latest_only_with_trigger.py for tasks to queue
[2024-08-01T20:12:20.130+0000] {logging_mixin.py:188} INFO - [2024-08-01T20:12:20.130+0000] {dagbag.py:545} INFO - Filling up the DagBag from /home/airflow/.local/lib/python3.12/site-packages/airflow/example_dags/example_latest_only_with_trigger.py
[2024-08-01T20:12:20.135+0000] {processor.py:840} INFO - DAG(s) 'latest_only_with_trigger' retrieved from /home/airflow/.local/lib/python3.12/site-packages/airflow/example_dags/example_latest_only_with_trigger.py
[2024-08-01T20:12:20.156+0000] {logging_mixin.py:188} INFO - [2024-08-01T20:12:20.156+0000] {dag.py:3089} INFO - Sync 1 DAGs
[2024-08-01T20:12:20.176+0000] {logging_mixin.py:188} INFO - [2024-08-01T20:12:20.176+0000] {dag.py:3947} INFO - Setting next_dagrun for latest_only_with_trigger to 2024-08-01 16:00:00+00:00, run_after=2024-08-01 20:00:00+00:00
[2024-08-01T20:12:20.197+0000] {processor.py:183} INFO - Processing /home/airflow/.local/lib/python3.12/site-packages/airflow/example_dags/example_latest_only_with_trigger.py took 0.074 seconds
[2024-08-01T20:12:50.619+0000] {processor.py:161} INFO - Started process (PID=233) to work on /home/airflow/.local/lib/python3.12/site-packages/airflow/example_dags/example_latest_only_with_trigger.py
[2024-08-01T20:12:50.620+0000] {processor.py:830} INFO - Processing file /home/airflow/.local/lib/python3.12/site-packages/airflow/example_dags/example_latest_only_with_trigger.py for tasks to queue
[2024-08-01T20:12:50.621+0000] {logging_mixin.py:188} INFO - [2024-08-01T20:12:50.621+0000] {dagbag.py:545} INFO - Filling up the DagBag from /home/airflow/.local/lib/python3.12/site-packages/airflow/example_dags/example_latest_only_with_trigger.py
[2024-08-01T20:12:50.626+0000] {processor.py:840} INFO - DAG(s) 'latest_only_with_trigger' retrieved from /home/airflow/.local/lib/python3.12/site-packages/airflow/example_dags/example_latest_only_with_trigger.py
[2024-08-01T20:12:50.644+0000] {logging_mixin.py:188} INFO - [2024-08-01T20:12:50.644+0000] {dag.py:3089} INFO - Sync 1 DAGs
[2024-08-01T20:12:50.667+0000] {logging_mixin.py:188} INFO - [2024-08-01T20:12:50.667+0000] {dag.py:3947} INFO - Setting next_dagrun for latest_only_with_trigger to 2024-08-01 16:00:00+00:00, run_after=2024-08-01 20:00:00+00:00
[2024-08-01T20:12:50.689+0000] {processor.py:183} INFO - Processing /home/airflow/.local/lib/python3.12/site-packages/airflow/example_dags/example_latest_only_with_trigger.py took 0.075 seconds
[2024-08-01T20:13:20.740+0000] {processor.py:161} INFO - Started process (PID=291) to work on /home/airflow/.local/lib/python3.12/site-packages/airflow/example_dags/example_latest_only_with_trigger.py
[2024-08-01T20:13:20.741+0000] {processor.py:830} INFO - Processing file /home/airflow/.local/lib/python3.12/site-packages/airflow/example_dags/example_latest_only_with_trigger.py for tasks to queue
[2024-08-01T20:13:20.743+0000] {logging_mixin.py:188} INFO - [2024-08-01T20:13:20.743+0000] {dagbag.py:545} INFO - Filling up the DagBag from /home/airflow/.local/lib/python3.12/site-packages/airflow/example_dags/example_latest_only_with_trigger.py
[2024-08-01T20:13:20.748+0000] {processor.py:840} INFO - DAG(s) 'latest_only_with_trigger' retrieved from /home/airflow/.local/lib/python3.12/site-packages/airflow/example_dags/example_latest_only_with_trigger.py
[2024-08-01T20:13:20.768+0000] {logging_mixin.py:188} INFO - [2024-08-01T20:13:20.768+0000] {dag.py:3089} INFO - Sync 1 DAGs
[2024-08-01T20:13:20.789+0000] {logging_mixin.py:188} INFO - [2024-08-01T20:13:20.788+0000] {dag.py:3947} INFO - Setting next_dagrun for latest_only_with_trigger to 2024-08-01 16:00:00+00:00, run_after=2024-08-01 20:00:00+00:00
[2024-08-01T20:13:20.814+0000] {processor.py:183} INFO - Processing /home/airflow/.local/lib/python3.12/site-packages/airflow/example_dags/example_latest_only_with_trigger.py took 0.079 seconds
[2024-08-01T20:13:50.870+0000] {processor.py:161} INFO - Started process (PID=349) to work on /home/airflow/.local/lib/python3.12/site-packages/airflow/example_dags/example_latest_only_with_trigger.py
[2024-08-01T20:13:50.871+0000] {processor.py:830} INFO - Processing file /home/airflow/.local/lib/python3.12/site-packages/airflow/example_dags/example_latest_only_with_trigger.py for tasks to queue
[2024-08-01T20:13:50.873+0000] {logging_mixin.py:188} INFO - [2024-08-01T20:13:50.872+0000] {dagbag.py:545} INFO - Filling up the DagBag from /home/airflow/.local/lib/python3.12/site-packages/airflow/example_dags/example_latest_only_with_trigger.py
[2024-08-01T20:13:50.877+0000] {processor.py:840} INFO - DAG(s) 'latest_only_with_trigger' retrieved from /home/airflow/.local/lib/python3.12/site-packages/airflow/example_dags/example_latest_only_with_trigger.py
[2024-08-01T20:13:50.896+0000] {logging_mixin.py:188} INFO - [2024-08-01T20:13:50.896+0000] {dag.py:3089} INFO - Sync 1 DAGs
[2024-08-01T20:13:50.915+0000] {logging_mixin.py:188} INFO - [2024-08-01T20:13:50.915+0000] {dag.py:3947} INFO - Setting next_dagrun for latest_only_with_trigger to 2024-08-01 16:00:00+00:00, run_after=2024-08-01 20:00:00+00:00
[2024-08-01T20:13:50.936+0000] {processor.py:183} INFO - Processing /home/airflow/.local/lib/python3.12/site-packages/airflow/example_dags/example_latest_only_with_trigger.py took 0.071 seconds
[2024-08-01T20:14:21.333+0000] {processor.py:161} INFO - Started process (PID=407) to work on /home/airflow/.local/lib/python3.12/site-packages/airflow/example_dags/example_latest_only_with_trigger.py
[2024-08-01T20:14:21.335+0000] {processor.py:830} INFO - Processing file /home/airflow/.local/lib/python3.12/site-packages/airflow/example_dags/example_latest_only_with_trigger.py for tasks to queue
[2024-08-01T20:14:21.337+0000] {logging_mixin.py:188} INFO - [2024-08-01T20:14:21.336+0000] {dagbag.py:545} INFO - Filling up the DagBag from /home/airflow/.local/lib/python3.12/site-packages/airflow/example_dags/example_latest_only_with_trigger.py
[2024-08-01T20:14:21.345+0000] {processor.py:840} INFO - DAG(s) 'latest_only_with_trigger' retrieved from /home/airflow/.local/lib/python3.12/site-packages/airflow/example_dags/example_latest_only_with_trigger.py
[2024-08-01T20:14:21.364+0000] {logging_mixin.py:188} INFO - [2024-08-01T20:14:21.364+0000] {dag.py:3089} INFO - Sync 1 DAGs
[2024-08-01T20:14:21.385+0000] {logging_mixin.py:188} INFO - [2024-08-01T20:14:21.385+0000] {dag.py:3947} INFO - Setting next_dagrun for latest_only_with_trigger to 2024-08-01 16:00:00+00:00, run_after=2024-08-01 20:00:00+00:00
[2024-08-01T20:14:21.403+0000] {processor.py:183} INFO - Processing /home/airflow/.local/lib/python3.12/site-packages/airflow/example_dags/example_latest_only_with_trigger.py took 0.076 seconds
[2024-08-01T20:14:51.972+0000] {processor.py:161} INFO - Started process (PID=471) to work on /home/airflow/.local/lib/python3.12/site-packages/airflow/example_dags/example_latest_only_with_trigger.py
[2024-08-01T20:14:51.973+0000] {processor.py:830} INFO - Processing file /home/airflow/.local/lib/python3.12/site-packages/airflow/example_dags/example_latest_only_with_trigger.py for tasks to queue
[2024-08-01T20:14:51.974+0000] {logging_mixin.py:188} INFO - [2024-08-01T20:14:51.974+0000] {dagbag.py:545} INFO - Filling up the DagBag from /home/airflow/.local/lib/python3.12/site-packages/airflow/example_dags/example_latest_only_with_trigger.py
[2024-08-01T20:14:51.979+0000] {processor.py:840} INFO - DAG(s) 'latest_only_with_trigger' retrieved from /home/airflow/.local/lib/python3.12/site-packages/airflow/example_dags/example_latest_only_with_trigger.py
[2024-08-01T20:14:51.997+0000] {logging_mixin.py:188} INFO - [2024-08-01T20:14:51.997+0000] {dag.py:3089} INFO - Sync 1 DAGs
[2024-08-01T20:14:52.016+0000] {logging_mixin.py:188} INFO - [2024-08-01T20:14:52.016+0000] {dag.py:3947} INFO - Setting next_dagrun for latest_only_with_trigger to 2024-08-01 16:00:00+00:00, run_after=2024-08-01 20:00:00+00:00
[2024-08-01T20:14:52.035+0000] {processor.py:183} INFO - Processing /home/airflow/.local/lib/python3.12/site-packages/airflow/example_dags/example_latest_only_with_trigger.py took 0.068 seconds
[2024-08-01T20:15:22.127+0000] {processor.py:161} INFO - Started process (PID=529) to work on /home/airflow/.local/lib/python3.12/site-packages/airflow/example_dags/example_latest_only_with_trigger.py
[2024-08-01T20:15:22.128+0000] {processor.py:830} INFO - Processing file /home/airflow/.local/lib/python3.12/site-packages/airflow/example_dags/example_latest_only_with_trigger.py for tasks to queue
[2024-08-01T20:15:22.129+0000] {logging_mixin.py:188} INFO - [2024-08-01T20:15:22.129+0000] {dagbag.py:545} INFO - Filling up the DagBag from /home/airflow/.local/lib/python3.12/site-packages/airflow/example_dags/example_latest_only_with_trigger.py
[2024-08-01T20:15:22.133+0000] {processor.py:840} INFO - DAG(s) 'latest_only_with_trigger' retrieved from /home/airflow/.local/lib/python3.12/site-packages/airflow/example_dags/example_latest_only_with_trigger.py
[2024-08-01T20:15:22.152+0000] {logging_mixin.py:188} INFO - [2024-08-01T20:15:22.152+0000] {dag.py:3089} INFO - Sync 1 DAGs
[2024-08-01T20:15:22.171+0000] {logging_mixin.py:188} INFO - [2024-08-01T20:15:22.171+0000] {dag.py:3947} INFO - Setting next_dagrun for latest_only_with_trigger to 2024-08-01 16:00:00+00:00, run_after=2024-08-01 20:00:00+00:00
[2024-08-01T20:15:22.191+0000] {processor.py:183} INFO - Processing /home/airflow/.local/lib/python3.12/site-packages/airflow/example_dags/example_latest_only_with_trigger.py took 0.069 seconds
[2024-08-01T20:15:52.396+0000] {processor.py:161} INFO - Started process (PID=587) to work on /home/airflow/.local/lib/python3.12/site-packages/airflow/example_dags/example_latest_only_with_trigger.py
[2024-08-01T20:15:52.397+0000] {processor.py:830} INFO - Processing file /home/airflow/.local/lib/python3.12/site-packages/airflow/example_dags/example_latest_only_with_trigger.py for tasks to queue
[2024-08-01T20:15:52.399+0000] {logging_mixin.py:188} INFO - [2024-08-01T20:15:52.398+0000] {dagbag.py:545} INFO - Filling up the DagBag from /home/airflow/.local/lib/python3.12/site-packages/airflow/example_dags/example_latest_only_with_trigger.py
[2024-08-01T20:15:52.403+0000] {processor.py:840} INFO - DAG(s) 'latest_only_with_trigger' retrieved from /home/airflow/.local/lib/python3.12/site-packages/airflow/example_dags/example_latest_only_with_trigger.py
[2024-08-01T20:15:52.421+0000] {logging_mixin.py:188} INFO - [2024-08-01T20:15:52.421+0000] {dag.py:3089} INFO - Sync 1 DAGs
[2024-08-01T20:15:52.442+0000] {logging_mixin.py:188} INFO - [2024-08-01T20:15:52.442+0000] {dag.py:3947} INFO - Setting next_dagrun for latest_only_with_trigger to 2024-08-01 16:00:00+00:00, run_after=2024-08-01 20:00:00+00:00
[2024-08-01T20:15:52.463+0000] {processor.py:183} INFO - Processing /home/airflow/.local/lib/python3.12/site-packages/airflow/example_dags/example_latest_only_with_trigger.py took 0.072 seconds
[2024-08-01T20:16:22.909+0000] {processor.py:161} INFO - Started process (PID=645) to work on /home/airflow/.local/lib/python3.12/site-packages/airflow/example_dags/example_latest_only_with_trigger.py
[2024-08-01T20:16:22.910+0000] {processor.py:830} INFO - Processing file /home/airflow/.local/lib/python3.12/site-packages/airflow/example_dags/example_latest_only_with_trigger.py for tasks to queue
[2024-08-01T20:16:22.912+0000] {logging_mixin.py:188} INFO - [2024-08-01T20:16:22.912+0000] {dagbag.py:545} INFO - Filling up the DagBag from /home/airflow/.local/lib/python3.12/site-packages/airflow/example_dags/example_latest_only_with_trigger.py
[2024-08-01T20:16:22.916+0000] {processor.py:840} INFO - DAG(s) 'latest_only_with_trigger' retrieved from /home/airflow/.local/lib/python3.12/site-packages/airflow/example_dags/example_latest_only_with_trigger.py
[2024-08-01T20:16:22.935+0000] {logging_mixin.py:188} INFO - [2024-08-01T20:16:22.935+0000] {dag.py:3089} INFO - Sync 1 DAGs
[2024-08-01T20:16:22.956+0000] {logging_mixin.py:188} INFO - [2024-08-01T20:16:22.956+0000] {dag.py:3947} INFO - Setting next_dagrun for latest_only_with_trigger to 2024-08-01 16:00:00+00:00, run_after=2024-08-01 20:00:00+00:00
[2024-08-01T20:16:22.975+0000] {processor.py:183} INFO - Processing /home/airflow/.local/lib/python3.12/site-packages/airflow/example_dags/example_latest_only_with_trigger.py took 0.072 seconds
