[2024-08-01T20:02:22.719+0000] {processor.py:161} INFO - Started process (PID=97) to work on /home/airflow/.local/lib/python3.12/site-packages/airflow/example_dags/example_branch_labels.py
[2024-08-01T20:02:22.720+0000] {processor.py:830} INFO - Processing file /home/airflow/.local/lib/python3.12/site-packages/airflow/example_dags/example_branch_labels.py for tasks to queue
[2024-08-01T20:02:22.722+0000] {logging_mixin.py:188} INFO - [2024-08-01T20:02:22.722+0000] {dagbag.py:545} INFO - Filling up the DagBag from /home/airflow/.local/lib/python3.12/site-packages/airflow/example_dags/example_branch_labels.py
[2024-08-01T20:02:22.729+0000] {processor.py:840} INFO - DAG(s) 'example_branch_labels' retrieved from /home/airflow/.local/lib/python3.12/site-packages/airflow/example_dags/example_branch_labels.py
[2024-08-01T20:02:22.830+0000] {logging_mixin.py:188} INFO - [2024-08-01T20:02:22.830+0000] {dag.py:3089} INFO - Sync 1 DAGs
[2024-08-01T20:02:22.850+0000] {logging_mixin.py:188} INFO - [2024-08-01T20:02:22.850+0000] {dag.py:3947} INFO - Setting next_dagrun for example_branch_labels to 2024-07-31 00:00:00+00:00, run_after=2024-08-01 00:00:00+00:00
[2024-08-01T20:02:22.873+0000] {processor.py:183} INFO - Processing /home/airflow/.local/lib/python3.12/site-packages/airflow/example_dags/example_branch_labels.py took 0.158 seconds
[2024-08-01T20:02:52.952+0000] {processor.py:161} INFO - Started process (PID=155) to work on /home/airflow/.local/lib/python3.12/site-packages/airflow/example_dags/example_branch_labels.py
[2024-08-01T20:02:52.953+0000] {processor.py:830} INFO - Processing file /home/airflow/.local/lib/python3.12/site-packages/airflow/example_dags/example_branch_labels.py for tasks to queue
[2024-08-01T20:02:52.955+0000] {logging_mixin.py:188} INFO - [2024-08-01T20:02:52.954+0000] {dagbag.py:545} INFO - Filling up the DagBag from /home/airflow/.local/lib/python3.12/site-packages/airflow/example_dags/example_branch_labels.py
[2024-08-01T20:02:52.962+0000] {processor.py:840} INFO - DAG(s) 'example_branch_labels' retrieved from /home/airflow/.local/lib/python3.12/site-packages/airflow/example_dags/example_branch_labels.py
[2024-08-01T20:02:52.982+0000] {logging_mixin.py:188} INFO - [2024-08-01T20:02:52.982+0000] {dag.py:3089} INFO - Sync 1 DAGs
[2024-08-01T20:02:53.003+0000] {logging_mixin.py:188} INFO - [2024-08-01T20:02:53.003+0000] {dag.py:3947} INFO - Setting next_dagrun for example_branch_labels to 2024-07-31 00:00:00+00:00, run_after=2024-08-01 00:00:00+00:00
[2024-08-01T20:02:53.087+0000] {processor.py:183} INFO - Processing /home/airflow/.local/lib/python3.12/site-packages/airflow/example_dags/example_branch_labels.py took 0.139 seconds
[2024-08-01T20:03:24.043+0000] {processor.py:161} INFO - Started process (PID=214) to work on /home/airflow/.local/lib/python3.12/site-packages/airflow/example_dags/example_branch_labels.py
[2024-08-01T20:03:24.046+0000] {processor.py:830} INFO - Processing file /home/airflow/.local/lib/python3.12/site-packages/airflow/example_dags/example_branch_labels.py for tasks to queue
[2024-08-01T20:03:24.047+0000] {logging_mixin.py:188} INFO - [2024-08-01T20:03:24.047+0000] {dagbag.py:545} INFO - Filling up the DagBag from /home/airflow/.local/lib/python3.12/site-packages/airflow/example_dags/example_branch_labels.py
[2024-08-01T20:03:24.054+0000] {processor.py:840} INFO - DAG(s) 'example_branch_labels' retrieved from /home/airflow/.local/lib/python3.12/site-packages/airflow/example_dags/example_branch_labels.py
[2024-08-01T20:03:24.074+0000] {logging_mixin.py:188} INFO - [2024-08-01T20:03:24.074+0000] {dag.py:3089} INFO - Sync 1 DAGs
[2024-08-01T20:03:24.096+0000] {logging_mixin.py:188} INFO - [2024-08-01T20:03:24.096+0000] {dag.py:3947} INFO - Setting next_dagrun for example_branch_labels to 2024-07-31 00:00:00+00:00, run_after=2024-08-01 00:00:00+00:00
[2024-08-01T20:03:24.188+0000] {processor.py:183} INFO - Processing /home/airflow/.local/lib/python3.12/site-packages/airflow/example_dags/example_branch_labels.py took 0.149 seconds
[2024-08-01T20:03:54.498+0000] {processor.py:161} INFO - Started process (PID=272) to work on /home/airflow/.local/lib/python3.12/site-packages/airflow/example_dags/example_branch_labels.py
[2024-08-01T20:03:54.500+0000] {processor.py:830} INFO - Processing file /home/airflow/.local/lib/python3.12/site-packages/airflow/example_dags/example_branch_labels.py for tasks to queue
[2024-08-01T20:03:54.504+0000] {logging_mixin.py:188} INFO - [2024-08-01T20:03:54.503+0000] {dagbag.py:545} INFO - Filling up the DagBag from /home/airflow/.local/lib/python3.12/site-packages/airflow/example_dags/example_branch_labels.py
[2024-08-01T20:03:54.513+0000] {processor.py:840} INFO - DAG(s) 'example_branch_labels' retrieved from /home/airflow/.local/lib/python3.12/site-packages/airflow/example_dags/example_branch_labels.py
[2024-08-01T20:03:54.533+0000] {logging_mixin.py:188} INFO - [2024-08-01T20:03:54.533+0000] {dag.py:3089} INFO - Sync 1 DAGs
[2024-08-01T20:03:54.554+0000] {logging_mixin.py:188} INFO - [2024-08-01T20:03:54.554+0000] {dag.py:3947} INFO - Setting next_dagrun for example_branch_labels to 2024-07-31 00:00:00+00:00, run_after=2024-08-01 00:00:00+00:00
[2024-08-01T20:03:54.573+0000] {processor.py:183} INFO - Processing /home/airflow/.local/lib/python3.12/site-packages/airflow/example_dags/example_branch_labels.py took 0.084 seconds
[2024-08-01T20:04:24.972+0000] {processor.py:161} INFO - Started process (PID=330) to work on /home/airflow/.local/lib/python3.12/site-packages/airflow/example_dags/example_branch_labels.py
[2024-08-01T20:04:24.973+0000] {processor.py:830} INFO - Processing file /home/airflow/.local/lib/python3.12/site-packages/airflow/example_dags/example_branch_labels.py for tasks to queue
[2024-08-01T20:04:24.975+0000] {logging_mixin.py:188} INFO - [2024-08-01T20:04:24.974+0000] {dagbag.py:545} INFO - Filling up the DagBag from /home/airflow/.local/lib/python3.12/site-packages/airflow/example_dags/example_branch_labels.py
[2024-08-01T20:04:24.984+0000] {processor.py:840} INFO - DAG(s) 'example_branch_labels' retrieved from /home/airflow/.local/lib/python3.12/site-packages/airflow/example_dags/example_branch_labels.py
[2024-08-01T20:04:25.008+0000] {logging_mixin.py:188} INFO - [2024-08-01T20:04:25.008+0000] {dag.py:3089} INFO - Sync 1 DAGs
[2024-08-01T20:04:25.033+0000] {logging_mixin.py:188} INFO - [2024-08-01T20:04:25.033+0000] {dag.py:3947} INFO - Setting next_dagrun for example_branch_labels to 2024-07-31 00:00:00+00:00, run_after=2024-08-01 00:00:00+00:00
[2024-08-01T20:04:25.057+0000] {processor.py:183} INFO - Processing /home/airflow/.local/lib/python3.12/site-packages/airflow/example_dags/example_branch_labels.py took 0.091 seconds
[2024-08-01T20:04:55.596+0000] {processor.py:161} INFO - Started process (PID=388) to work on /home/airflow/.local/lib/python3.12/site-packages/airflow/example_dags/example_branch_labels.py
[2024-08-01T20:04:55.597+0000] {processor.py:830} INFO - Processing file /home/airflow/.local/lib/python3.12/site-packages/airflow/example_dags/example_branch_labels.py for tasks to queue
[2024-08-01T20:04:55.598+0000] {logging_mixin.py:188} INFO - [2024-08-01T20:04:55.598+0000] {dagbag.py:545} INFO - Filling up the DagBag from /home/airflow/.local/lib/python3.12/site-packages/airflow/example_dags/example_branch_labels.py
[2024-08-01T20:04:55.605+0000] {processor.py:840} INFO - DAG(s) 'example_branch_labels' retrieved from /home/airflow/.local/lib/python3.12/site-packages/airflow/example_dags/example_branch_labels.py
[2024-08-01T20:04:55.626+0000] {logging_mixin.py:188} INFO - [2024-08-01T20:04:55.626+0000] {dag.py:3089} INFO - Sync 1 DAGs
[2024-08-01T20:04:55.665+0000] {logging_mixin.py:188} INFO - [2024-08-01T20:04:55.664+0000] {dag.py:3947} INFO - Setting next_dagrun for example_branch_labels to 2024-07-31 00:00:00+00:00, run_after=2024-08-01 00:00:00+00:00
[2024-08-01T20:04:55.689+0000] {processor.py:183} INFO - Processing /home/airflow/.local/lib/python3.12/site-packages/airflow/example_dags/example_branch_labels.py took 0.099 seconds
[2024-08-01T20:05:26.247+0000] {processor.py:161} INFO - Started process (PID=446) to work on /home/airflow/.local/lib/python3.12/site-packages/airflow/example_dags/example_branch_labels.py
[2024-08-01T20:05:26.248+0000] {processor.py:830} INFO - Processing file /home/airflow/.local/lib/python3.12/site-packages/airflow/example_dags/example_branch_labels.py for tasks to queue
[2024-08-01T20:05:26.250+0000] {logging_mixin.py:188} INFO - [2024-08-01T20:05:26.250+0000] {dagbag.py:545} INFO - Filling up the DagBag from /home/airflow/.local/lib/python3.12/site-packages/airflow/example_dags/example_branch_labels.py
[2024-08-01T20:05:26.256+0000] {processor.py:840} INFO - DAG(s) 'example_branch_labels' retrieved from /home/airflow/.local/lib/python3.12/site-packages/airflow/example_dags/example_branch_labels.py
[2024-08-01T20:05:26.276+0000] {logging_mixin.py:188} INFO - [2024-08-01T20:05:26.276+0000] {dag.py:3089} INFO - Sync 1 DAGs
[2024-08-01T20:05:26.297+0000] {logging_mixin.py:188} INFO - [2024-08-01T20:05:26.296+0000] {dag.py:3947} INFO - Setting next_dagrun for example_branch_labels to 2024-07-31 00:00:00+00:00, run_after=2024-08-01 00:00:00+00:00
[2024-08-01T20:05:26.315+0000] {processor.py:183} INFO - Processing /home/airflow/.local/lib/python3.12/site-packages/airflow/example_dags/example_branch_labels.py took 0.072 seconds
[2024-08-01T20:05:56.838+0000] {processor.py:161} INFO - Started process (PID=504) to work on /home/airflow/.local/lib/python3.12/site-packages/airflow/example_dags/example_branch_labels.py
[2024-08-01T20:05:56.839+0000] {processor.py:830} INFO - Processing file /home/airflow/.local/lib/python3.12/site-packages/airflow/example_dags/example_branch_labels.py for tasks to queue
[2024-08-01T20:05:56.840+0000] {logging_mixin.py:188} INFO - [2024-08-01T20:05:56.840+0000] {dagbag.py:545} INFO - Filling up the DagBag from /home/airflow/.local/lib/python3.12/site-packages/airflow/example_dags/example_branch_labels.py
[2024-08-01T20:05:56.847+0000] {processor.py:840} INFO - DAG(s) 'example_branch_labels' retrieved from /home/airflow/.local/lib/python3.12/site-packages/airflow/example_dags/example_branch_labels.py
[2024-08-01T20:05:56.867+0000] {logging_mixin.py:188} INFO - [2024-08-01T20:05:56.867+0000] {dag.py:3089} INFO - Sync 1 DAGs
[2024-08-01T20:05:56.888+0000] {logging_mixin.py:188} INFO - [2024-08-01T20:05:56.888+0000] {dag.py:3947} INFO - Setting next_dagrun for example_branch_labels to 2024-07-31 00:00:00+00:00, run_after=2024-08-01 00:00:00+00:00
[2024-08-01T20:05:56.970+0000] {processor.py:183} INFO - Processing /home/airflow/.local/lib/python3.12/site-packages/airflow/example_dags/example_branch_labels.py took 0.137 seconds
[2024-08-01T20:06:36.626+0000] {processor.py:161} INFO - Started process (PID=91) to work on /home/airflow/.local/lib/python3.12/site-packages/airflow/example_dags/example_branch_labels.py
[2024-08-01T20:06:36.696+0000] {processor.py:830} INFO - Processing file /home/airflow/.local/lib/python3.12/site-packages/airflow/example_dags/example_branch_labels.py for tasks to queue
[2024-08-01T20:06:36.698+0000] {logging_mixin.py:188} INFO - [2024-08-01T20:06:36.698+0000] {dagbag.py:545} INFO - Filling up the DagBag from /home/airflow/.local/lib/python3.12/site-packages/airflow/example_dags/example_branch_labels.py
[2024-08-01T20:06:36.706+0000] {processor.py:840} INFO - DAG(s) 'example_branch_labels' retrieved from /home/airflow/.local/lib/python3.12/site-packages/airflow/example_dags/example_branch_labels.py
[2024-08-01T20:06:36.731+0000] {logging_mixin.py:188} INFO - [2024-08-01T20:06:36.731+0000] {dag.py:3089} INFO - Sync 1 DAGs
[2024-08-01T20:06:36.754+0000] {logging_mixin.py:188} INFO - [2024-08-01T20:06:36.754+0000] {dag.py:3947} INFO - Setting next_dagrun for example_branch_labels to 2024-07-31 00:00:00+00:00, run_after=2024-08-01 00:00:00+00:00
[2024-08-01T20:06:36.772+0000] {processor.py:183} INFO - Processing /home/airflow/.local/lib/python3.12/site-packages/airflow/example_dags/example_branch_labels.py took 0.150 seconds
[2024-08-01T20:07:07.488+0000] {processor.py:161} INFO - Started process (PID=149) to work on /home/airflow/.local/lib/python3.12/site-packages/airflow/example_dags/example_branch_labels.py
[2024-08-01T20:07:07.489+0000] {processor.py:830} INFO - Processing file /home/airflow/.local/lib/python3.12/site-packages/airflow/example_dags/example_branch_labels.py for tasks to queue
[2024-08-01T20:07:07.491+0000] {logging_mixin.py:188} INFO - [2024-08-01T20:07:07.490+0000] {dagbag.py:545} INFO - Filling up the DagBag from /home/airflow/.local/lib/python3.12/site-packages/airflow/example_dags/example_branch_labels.py
[2024-08-01T20:07:07.498+0000] {processor.py:840} INFO - DAG(s) 'example_branch_labels' retrieved from /home/airflow/.local/lib/python3.12/site-packages/airflow/example_dags/example_branch_labels.py
[2024-08-01T20:07:07.517+0000] {logging_mixin.py:188} INFO - [2024-08-01T20:07:07.517+0000] {dag.py:3089} INFO - Sync 1 DAGs
[2024-08-01T20:07:07.537+0000] {logging_mixin.py:188} INFO - [2024-08-01T20:07:07.537+0000] {dag.py:3947} INFO - Setting next_dagrun for example_branch_labels to 2024-07-31 00:00:00+00:00, run_after=2024-08-01 00:00:00+00:00
[2024-08-01T20:07:07.641+0000] {processor.py:183} INFO - Processing /home/airflow/.local/lib/python3.12/site-packages/airflow/example_dags/example_branch_labels.py took 0.158 seconds
[2024-08-01T20:07:38.258+0000] {processor.py:161} INFO - Started process (PID=207) to work on /home/airflow/.local/lib/python3.12/site-packages/airflow/example_dags/example_branch_labels.py
[2024-08-01T20:07:38.259+0000] {processor.py:830} INFO - Processing file /home/airflow/.local/lib/python3.12/site-packages/airflow/example_dags/example_branch_labels.py for tasks to queue
[2024-08-01T20:07:38.261+0000] {logging_mixin.py:188} INFO - [2024-08-01T20:07:38.260+0000] {dagbag.py:545} INFO - Filling up the DagBag from /home/airflow/.local/lib/python3.12/site-packages/airflow/example_dags/example_branch_labels.py
[2024-08-01T20:07:38.268+0000] {processor.py:840} INFO - DAG(s) 'example_branch_labels' retrieved from /home/airflow/.local/lib/python3.12/site-packages/airflow/example_dags/example_branch_labels.py
[2024-08-01T20:07:38.289+0000] {logging_mixin.py:188} INFO - [2024-08-01T20:07:38.289+0000] {dag.py:3089} INFO - Sync 1 DAGs
[2024-08-01T20:07:38.314+0000] {logging_mixin.py:188} INFO - [2024-08-01T20:07:38.313+0000] {dag.py:3947} INFO - Setting next_dagrun for example_branch_labels to 2024-07-31 00:00:00+00:00, run_after=2024-08-01 00:00:00+00:00
[2024-08-01T20:07:38.335+0000] {processor.py:183} INFO - Processing /home/airflow/.local/lib/python3.12/site-packages/airflow/example_dags/example_branch_labels.py took 0.082 seconds
[2024-08-01T20:08:08.481+0000] {processor.py:161} INFO - Started process (PID=265) to work on /home/airflow/.local/lib/python3.12/site-packages/airflow/example_dags/example_branch_labels.py
[2024-08-01T20:08:08.482+0000] {processor.py:830} INFO - Processing file /home/airflow/.local/lib/python3.12/site-packages/airflow/example_dags/example_branch_labels.py for tasks to queue
[2024-08-01T20:08:08.483+0000] {logging_mixin.py:188} INFO - [2024-08-01T20:08:08.483+0000] {dagbag.py:545} INFO - Filling up the DagBag from /home/airflow/.local/lib/python3.12/site-packages/airflow/example_dags/example_branch_labels.py
[2024-08-01T20:08:08.490+0000] {processor.py:840} INFO - DAG(s) 'example_branch_labels' retrieved from /home/airflow/.local/lib/python3.12/site-packages/airflow/example_dags/example_branch_labels.py
[2024-08-01T20:08:08.512+0000] {logging_mixin.py:188} INFO - [2024-08-01T20:08:08.512+0000] {dag.py:3089} INFO - Sync 1 DAGs
[2024-08-01T20:08:08.533+0000] {logging_mixin.py:188} INFO - [2024-08-01T20:08:08.532+0000] {dag.py:3947} INFO - Setting next_dagrun for example_branch_labels to 2024-07-31 00:00:00+00:00, run_after=2024-08-01 00:00:00+00:00
[2024-08-01T20:08:08.550+0000] {processor.py:183} INFO - Processing /home/airflow/.local/lib/python3.12/site-packages/airflow/example_dags/example_branch_labels.py took 0.075 seconds
[2024-08-01T20:08:39.111+0000] {processor.py:161} INFO - Started process (PID=323) to work on /home/airflow/.local/lib/python3.12/site-packages/airflow/example_dags/example_branch_labels.py
[2024-08-01T20:08:39.112+0000] {processor.py:830} INFO - Processing file /home/airflow/.local/lib/python3.12/site-packages/airflow/example_dags/example_branch_labels.py for tasks to queue
[2024-08-01T20:08:39.113+0000] {logging_mixin.py:188} INFO - [2024-08-01T20:08:39.113+0000] {dagbag.py:545} INFO - Filling up the DagBag from /home/airflow/.local/lib/python3.12/site-packages/airflow/example_dags/example_branch_labels.py
[2024-08-01T20:08:39.120+0000] {processor.py:840} INFO - DAG(s) 'example_branch_labels' retrieved from /home/airflow/.local/lib/python3.12/site-packages/airflow/example_dags/example_branch_labels.py
[2024-08-01T20:08:39.142+0000] {logging_mixin.py:188} INFO - [2024-08-01T20:08:39.141+0000] {dag.py:3089} INFO - Sync 1 DAGs
[2024-08-01T20:08:39.166+0000] {logging_mixin.py:188} INFO - [2024-08-01T20:08:39.166+0000] {dag.py:3947} INFO - Setting next_dagrun for example_branch_labels to 2024-07-31 00:00:00+00:00, run_after=2024-08-01 00:00:00+00:00
[2024-08-01T20:08:39.186+0000] {processor.py:183} INFO - Processing /home/airflow/.local/lib/python3.12/site-packages/airflow/example_dags/example_branch_labels.py took 0.080 seconds
[2024-08-01T20:09:09.657+0000] {processor.py:161} INFO - Started process (PID=381) to work on /home/airflow/.local/lib/python3.12/site-packages/airflow/example_dags/example_branch_labels.py
[2024-08-01T20:09:09.658+0000] {processor.py:830} INFO - Processing file /home/airflow/.local/lib/python3.12/site-packages/airflow/example_dags/example_branch_labels.py for tasks to queue
[2024-08-01T20:09:09.659+0000] {logging_mixin.py:188} INFO - [2024-08-01T20:09:09.659+0000] {dagbag.py:545} INFO - Filling up the DagBag from /home/airflow/.local/lib/python3.12/site-packages/airflow/example_dags/example_branch_labels.py
[2024-08-01T20:09:09.667+0000] {processor.py:840} INFO - DAG(s) 'example_branch_labels' retrieved from /home/airflow/.local/lib/python3.12/site-packages/airflow/example_dags/example_branch_labels.py
[2024-08-01T20:09:09.686+0000] {logging_mixin.py:188} INFO - [2024-08-01T20:09:09.686+0000] {dag.py:3089} INFO - Sync 1 DAGs
[2024-08-01T20:09:09.706+0000] {logging_mixin.py:188} INFO - [2024-08-01T20:09:09.706+0000] {dag.py:3947} INFO - Setting next_dagrun for example_branch_labels to 2024-07-31 00:00:00+00:00, run_after=2024-08-01 00:00:00+00:00
[2024-08-01T20:09:09.726+0000] {processor.py:183} INFO - Processing /home/airflow/.local/lib/python3.12/site-packages/airflow/example_dags/example_branch_labels.py took 0.073 seconds
[2024-08-01T20:11:22.341+0000] {processor.py:161} INFO - Started process (PID=95) to work on /home/airflow/.local/lib/python3.12/site-packages/airflow/example_dags/example_branch_labels.py
[2024-08-01T20:11:22.343+0000] {processor.py:830} INFO - Processing file /home/airflow/.local/lib/python3.12/site-packages/airflow/example_dags/example_branch_labels.py for tasks to queue
[2024-08-01T20:11:22.345+0000] {logging_mixin.py:188} INFO - [2024-08-01T20:11:22.344+0000] {dagbag.py:545} INFO - Filling up the DagBag from /home/airflow/.local/lib/python3.12/site-packages/airflow/example_dags/example_branch_labels.py
[2024-08-01T20:11:22.353+0000] {processor.py:840} INFO - DAG(s) 'example_branch_labels' retrieved from /home/airflow/.local/lib/python3.12/site-packages/airflow/example_dags/example_branch_labels.py
[2024-08-01T20:11:22.721+0000] {logging_mixin.py:188} INFO - [2024-08-01T20:11:22.721+0000] {dag.py:3089} INFO - Sync 1 DAGs
[2024-08-01T20:11:22.743+0000] {logging_mixin.py:188} INFO - [2024-08-01T20:11:22.743+0000] {dag.py:3947} INFO - Setting next_dagrun for example_branch_labels to 2024-07-31 00:00:00+00:00, run_after=2024-08-01 00:00:00+00:00
[2024-08-01T20:11:22.811+0000] {processor.py:183} INFO - Processing /home/airflow/.local/lib/python3.12/site-packages/airflow/example_dags/example_branch_labels.py took 0.475 seconds
[2024-08-01T20:11:54.121+0000] {processor.py:161} INFO - Started process (PID=153) to work on /home/airflow/.local/lib/python3.12/site-packages/airflow/example_dags/example_branch_labels.py
[2024-08-01T20:11:54.123+0000] {processor.py:830} INFO - Processing file /home/airflow/.local/lib/python3.12/site-packages/airflow/example_dags/example_branch_labels.py for tasks to queue
[2024-08-01T20:11:54.126+0000] {logging_mixin.py:188} INFO - [2024-08-01T20:11:54.125+0000] {dagbag.py:545} INFO - Filling up the DagBag from /home/airflow/.local/lib/python3.12/site-packages/airflow/example_dags/example_branch_labels.py
[2024-08-01T20:11:54.139+0000] {processor.py:840} INFO - DAG(s) 'example_branch_labels' retrieved from /home/airflow/.local/lib/python3.12/site-packages/airflow/example_dags/example_branch_labels.py
[2024-08-01T20:11:54.164+0000] {logging_mixin.py:188} INFO - [2024-08-01T20:11:54.164+0000] {dag.py:3089} INFO - Sync 1 DAGs
[2024-08-01T20:11:54.194+0000] {logging_mixin.py:188} INFO - [2024-08-01T20:11:54.194+0000] {dag.py:3947} INFO - Setting next_dagrun for example_branch_labels to 2024-07-31 00:00:00+00:00, run_after=2024-08-01 00:00:00+00:00
[2024-08-01T20:11:54.220+0000] {processor.py:183} INFO - Processing /home/airflow/.local/lib/python3.12/site-packages/airflow/example_dags/example_branch_labels.py took 0.112 seconds
[2024-08-01T20:12:24.853+0000] {processor.py:161} INFO - Started process (PID=211) to work on /home/airflow/.local/lib/python3.12/site-packages/airflow/example_dags/example_branch_labels.py
[2024-08-01T20:12:24.854+0000] {processor.py:830} INFO - Processing file /home/airflow/.local/lib/python3.12/site-packages/airflow/example_dags/example_branch_labels.py for tasks to queue
[2024-08-01T20:12:24.856+0000] {logging_mixin.py:188} INFO - [2024-08-01T20:12:24.855+0000] {dagbag.py:545} INFO - Filling up the DagBag from /home/airflow/.local/lib/python3.12/site-packages/airflow/example_dags/example_branch_labels.py
[2024-08-01T20:12:24.862+0000] {processor.py:840} INFO - DAG(s) 'example_branch_labels' retrieved from /home/airflow/.local/lib/python3.12/site-packages/airflow/example_dags/example_branch_labels.py
[2024-08-01T20:12:24.881+0000] {logging_mixin.py:188} INFO - [2024-08-01T20:12:24.881+0000] {dag.py:3089} INFO - Sync 1 DAGs
[2024-08-01T20:12:24.902+0000] {logging_mixin.py:188} INFO - [2024-08-01T20:12:24.902+0000] {dag.py:3947} INFO - Setting next_dagrun for example_branch_labels to 2024-07-31 00:00:00+00:00, run_after=2024-08-01 00:00:00+00:00
[2024-08-01T20:12:24.919+0000] {processor.py:183} INFO - Processing /home/airflow/.local/lib/python3.12/site-packages/airflow/example_dags/example_branch_labels.py took 0.070 seconds
[2024-08-01T20:12:55.140+0000] {processor.py:161} INFO - Started process (PID=269) to work on /home/airflow/.local/lib/python3.12/site-packages/airflow/example_dags/example_branch_labels.py
[2024-08-01T20:12:55.141+0000] {processor.py:830} INFO - Processing file /home/airflow/.local/lib/python3.12/site-packages/airflow/example_dags/example_branch_labels.py for tasks to queue
[2024-08-01T20:12:55.143+0000] {logging_mixin.py:188} INFO - [2024-08-01T20:12:55.143+0000] {dagbag.py:545} INFO - Filling up the DagBag from /home/airflow/.local/lib/python3.12/site-packages/airflow/example_dags/example_branch_labels.py
[2024-08-01T20:12:55.150+0000] {processor.py:840} INFO - DAG(s) 'example_branch_labels' retrieved from /home/airflow/.local/lib/python3.12/site-packages/airflow/example_dags/example_branch_labels.py
[2024-08-01T20:12:55.171+0000] {logging_mixin.py:188} INFO - [2024-08-01T20:12:55.170+0000] {dag.py:3089} INFO - Sync 1 DAGs
[2024-08-01T20:12:55.193+0000] {logging_mixin.py:188} INFO - [2024-08-01T20:12:55.193+0000] {dag.py:3947} INFO - Setting next_dagrun for example_branch_labels to 2024-07-31 00:00:00+00:00, run_after=2024-08-01 00:00:00+00:00
[2024-08-01T20:12:55.212+0000] {processor.py:183} INFO - Processing /home/airflow/.local/lib/python3.12/site-packages/airflow/example_dags/example_branch_labels.py took 0.077 seconds
[2024-08-01T20:13:25.245+0000] {processor.py:161} INFO - Started process (PID=327) to work on /home/airflow/.local/lib/python3.12/site-packages/airflow/example_dags/example_branch_labels.py
[2024-08-01T20:13:25.246+0000] {processor.py:830} INFO - Processing file /home/airflow/.local/lib/python3.12/site-packages/airflow/example_dags/example_branch_labels.py for tasks to queue
[2024-08-01T20:13:25.248+0000] {logging_mixin.py:188} INFO - [2024-08-01T20:13:25.247+0000] {dagbag.py:545} INFO - Filling up the DagBag from /home/airflow/.local/lib/python3.12/site-packages/airflow/example_dags/example_branch_labels.py
[2024-08-01T20:13:25.254+0000] {processor.py:840} INFO - DAG(s) 'example_branch_labels' retrieved from /home/airflow/.local/lib/python3.12/site-packages/airflow/example_dags/example_branch_labels.py
[2024-08-01T20:13:25.274+0000] {logging_mixin.py:188} INFO - [2024-08-01T20:13:25.274+0000] {dag.py:3089} INFO - Sync 1 DAGs
[2024-08-01T20:13:25.296+0000] {logging_mixin.py:188} INFO - [2024-08-01T20:13:25.295+0000] {dag.py:3947} INFO - Setting next_dagrun for example_branch_labels to 2024-07-31 00:00:00+00:00, run_after=2024-08-01 00:00:00+00:00
[2024-08-01T20:13:25.314+0000] {processor.py:183} INFO - Processing /home/airflow/.local/lib/python3.12/site-packages/airflow/example_dags/example_branch_labels.py took 0.074 seconds
[2024-08-01T20:13:55.673+0000] {processor.py:161} INFO - Started process (PID=385) to work on /home/airflow/.local/lib/python3.12/site-packages/airflow/example_dags/example_branch_labels.py
[2024-08-01T20:13:55.674+0000] {processor.py:830} INFO - Processing file /home/airflow/.local/lib/python3.12/site-packages/airflow/example_dags/example_branch_labels.py for tasks to queue
[2024-08-01T20:13:55.676+0000] {logging_mixin.py:188} INFO - [2024-08-01T20:13:55.675+0000] {dagbag.py:545} INFO - Filling up the DagBag from /home/airflow/.local/lib/python3.12/site-packages/airflow/example_dags/example_branch_labels.py
[2024-08-01T20:13:55.682+0000] {processor.py:840} INFO - DAG(s) 'example_branch_labels' retrieved from /home/airflow/.local/lib/python3.12/site-packages/airflow/example_dags/example_branch_labels.py
[2024-08-01T20:13:55.702+0000] {logging_mixin.py:188} INFO - [2024-08-01T20:13:55.701+0000] {dag.py:3089} INFO - Sync 1 DAGs
[2024-08-01T20:13:55.722+0000] {logging_mixin.py:188} INFO - [2024-08-01T20:13:55.722+0000] {dag.py:3947} INFO - Setting next_dagrun for example_branch_labels to 2024-07-31 00:00:00+00:00, run_after=2024-08-01 00:00:00+00:00
[2024-08-01T20:13:55.739+0000] {processor.py:183} INFO - Processing /home/airflow/.local/lib/python3.12/site-packages/airflow/example_dags/example_branch_labels.py took 0.070 seconds
[2024-08-01T20:14:26.371+0000] {processor.py:161} INFO - Started process (PID=443) to work on /home/airflow/.local/lib/python3.12/site-packages/airflow/example_dags/example_branch_labels.py
[2024-08-01T20:14:26.373+0000] {processor.py:830} INFO - Processing file /home/airflow/.local/lib/python3.12/site-packages/airflow/example_dags/example_branch_labels.py for tasks to queue
[2024-08-01T20:14:26.375+0000] {logging_mixin.py:188} INFO - [2024-08-01T20:14:26.374+0000] {dagbag.py:545} INFO - Filling up the DagBag from /home/airflow/.local/lib/python3.12/site-packages/airflow/example_dags/example_branch_labels.py
[2024-08-01T20:14:26.383+0000] {processor.py:840} INFO - DAG(s) 'example_branch_labels' retrieved from /home/airflow/.local/lib/python3.12/site-packages/airflow/example_dags/example_branch_labels.py
[2024-08-01T20:14:26.406+0000] {logging_mixin.py:188} INFO - [2024-08-01T20:14:26.406+0000] {dag.py:3089} INFO - Sync 1 DAGs
[2024-08-01T20:14:26.430+0000] {logging_mixin.py:188} INFO - [2024-08-01T20:14:26.430+0000] {dag.py:3947} INFO - Setting next_dagrun for example_branch_labels to 2024-07-31 00:00:00+00:00, run_after=2024-08-01 00:00:00+00:00
[2024-08-01T20:14:26.451+0000] {processor.py:183} INFO - Processing /home/airflow/.local/lib/python3.12/site-packages/airflow/example_dags/example_branch_labels.py took 0.085 seconds
[2024-08-01T20:14:56.480+0000] {processor.py:161} INFO - Started process (PID=501) to work on /home/airflow/.local/lib/python3.12/site-packages/airflow/example_dags/example_branch_labels.py
[2024-08-01T20:14:56.480+0000] {processor.py:830} INFO - Processing file /home/airflow/.local/lib/python3.12/site-packages/airflow/example_dags/example_branch_labels.py for tasks to queue
[2024-08-01T20:14:56.482+0000] {logging_mixin.py:188} INFO - [2024-08-01T20:14:56.482+0000] {dagbag.py:545} INFO - Filling up the DagBag from /home/airflow/.local/lib/python3.12/site-packages/airflow/example_dags/example_branch_labels.py
[2024-08-01T20:14:56.488+0000] {processor.py:840} INFO - DAG(s) 'example_branch_labels' retrieved from /home/airflow/.local/lib/python3.12/site-packages/airflow/example_dags/example_branch_labels.py
[2024-08-01T20:14:56.507+0000] {logging_mixin.py:188} INFO - [2024-08-01T20:14:56.506+0000] {dag.py:3089} INFO - Sync 1 DAGs
[2024-08-01T20:14:56.528+0000] {logging_mixin.py:188} INFO - [2024-08-01T20:14:56.527+0000] {dag.py:3947} INFO - Setting next_dagrun for example_branch_labels to 2024-07-31 00:00:00+00:00, run_after=2024-08-01 00:00:00+00:00
[2024-08-01T20:14:56.544+0000] {processor.py:183} INFO - Processing /home/airflow/.local/lib/python3.12/site-packages/airflow/example_dags/example_branch_labels.py took 0.070 seconds
[2024-08-01T20:15:26.807+0000] {processor.py:161} INFO - Started process (PID=559) to work on /home/airflow/.local/lib/python3.12/site-packages/airflow/example_dags/example_branch_labels.py
[2024-08-01T20:15:26.808+0000] {processor.py:830} INFO - Processing file /home/airflow/.local/lib/python3.12/site-packages/airflow/example_dags/example_branch_labels.py for tasks to queue
[2024-08-01T20:15:26.810+0000] {logging_mixin.py:188} INFO - [2024-08-01T20:15:26.810+0000] {dagbag.py:545} INFO - Filling up the DagBag from /home/airflow/.local/lib/python3.12/site-packages/airflow/example_dags/example_branch_labels.py
[2024-08-01T20:15:26.816+0000] {processor.py:840} INFO - DAG(s) 'example_branch_labels' retrieved from /home/airflow/.local/lib/python3.12/site-packages/airflow/example_dags/example_branch_labels.py
[2024-08-01T20:15:26.836+0000] {logging_mixin.py:188} INFO - [2024-08-01T20:15:26.836+0000] {dag.py:3089} INFO - Sync 1 DAGs
[2024-08-01T20:15:26.857+0000] {logging_mixin.py:188} INFO - [2024-08-01T20:15:26.857+0000] {dag.py:3947} INFO - Setting next_dagrun for example_branch_labels to 2024-07-31 00:00:00+00:00, run_after=2024-08-01 00:00:00+00:00
[2024-08-01T20:15:26.874+0000] {processor.py:183} INFO - Processing /home/airflow/.local/lib/python3.12/site-packages/airflow/example_dags/example_branch_labels.py took 0.071 seconds
[2024-08-01T20:15:56.906+0000] {processor.py:161} INFO - Started process (PID=617) to work on /home/airflow/.local/lib/python3.12/site-packages/airflow/example_dags/example_branch_labels.py
[2024-08-01T20:15:56.907+0000] {processor.py:830} INFO - Processing file /home/airflow/.local/lib/python3.12/site-packages/airflow/example_dags/example_branch_labels.py for tasks to queue
[2024-08-01T20:15:56.908+0000] {logging_mixin.py:188} INFO - [2024-08-01T20:15:56.908+0000] {dagbag.py:545} INFO - Filling up the DagBag from /home/airflow/.local/lib/python3.12/site-packages/airflow/example_dags/example_branch_labels.py
[2024-08-01T20:15:56.915+0000] {processor.py:840} INFO - DAG(s) 'example_branch_labels' retrieved from /home/airflow/.local/lib/python3.12/site-packages/airflow/example_dags/example_branch_labels.py
[2024-08-01T20:15:56.933+0000] {logging_mixin.py:188} INFO - [2024-08-01T20:15:56.933+0000] {dag.py:3089} INFO - Sync 1 DAGs
[2024-08-01T20:15:56.955+0000] {logging_mixin.py:188} INFO - [2024-08-01T20:15:56.954+0000] {dag.py:3947} INFO - Setting next_dagrun for example_branch_labels to 2024-07-31 00:00:00+00:00, run_after=2024-08-01 00:00:00+00:00
[2024-08-01T20:15:56.975+0000] {processor.py:183} INFO - Processing /home/airflow/.local/lib/python3.12/site-packages/airflow/example_dags/example_branch_labels.py took 0.074 seconds
[2024-08-01T20:16:27.580+0000] {processor.py:161} INFO - Started process (PID=675) to work on /home/airflow/.local/lib/python3.12/site-packages/airflow/example_dags/example_branch_labels.py
[2024-08-01T20:16:27.581+0000] {processor.py:830} INFO - Processing file /home/airflow/.local/lib/python3.12/site-packages/airflow/example_dags/example_branch_labels.py for tasks to queue
[2024-08-01T20:16:27.583+0000] {logging_mixin.py:188} INFO - [2024-08-01T20:16:27.582+0000] {dagbag.py:545} INFO - Filling up the DagBag from /home/airflow/.local/lib/python3.12/site-packages/airflow/example_dags/example_branch_labels.py
[2024-08-01T20:16:27.590+0000] {processor.py:840} INFO - DAG(s) 'example_branch_labels' retrieved from /home/airflow/.local/lib/python3.12/site-packages/airflow/example_dags/example_branch_labels.py
[2024-08-01T20:16:27.613+0000] {logging_mixin.py:188} INFO - [2024-08-01T20:16:27.613+0000] {dag.py:3089} INFO - Sync 1 DAGs
[2024-08-01T20:16:27.639+0000] {logging_mixin.py:188} INFO - [2024-08-01T20:16:27.639+0000] {dag.py:3947} INFO - Setting next_dagrun for example_branch_labels to 2024-07-31 00:00:00+00:00, run_after=2024-08-01 00:00:00+00:00
[2024-08-01T20:16:27.660+0000] {processor.py:183} INFO - Processing /home/airflow/.local/lib/python3.12/site-packages/airflow/example_dags/example_branch_labels.py took 0.085 seconds
