[2024-08-01T20:02:21.931+0000] {processor.py:161} INFO - Started process (PID=91) to work on /home/airflow/.local/lib/python3.12/site-packages/airflow/example_dags/example_short_circuit_operator.py
[2024-08-01T20:02:21.932+0000] {processor.py:830} INFO - Processing file /home/airflow/.local/lib/python3.12/site-packages/airflow/example_dags/example_short_circuit_operator.py for tasks to queue
[2024-08-01T20:02:21.933+0000] {logging_mixin.py:188} INFO - [2024-08-01T20:02:21.933+0000] {dagbag.py:545} INFO - Filling up the DagBag from /home/airflow/.local/lib/python3.12/site-packages/airflow/example_dags/example_short_circuit_operator.py
[2024-08-01T20:02:21.941+0000] {processor.py:840} INFO - DAG(s) 'example_short_circuit_operator' retrieved from /home/airflow/.local/lib/python3.12/site-packages/airflow/example_dags/example_short_circuit_operator.py
[2024-08-01T20:02:22.057+0000] {logging_mixin.py:188} INFO - [2024-08-01T20:02:22.057+0000] {dag.py:3089} INFO - Sync 1 DAGs
[2024-08-01T20:02:22.082+0000] {logging_mixin.py:188} INFO - [2024-08-01T20:02:22.081+0000] {dag.py:3947} INFO - Setting next_dagrun for example_short_circuit_operator to 2024-07-31 00:00:00+00:00, run_after=2024-08-01 00:00:00+00:00
[2024-08-01T20:02:22.115+0000] {processor.py:183} INFO - Processing /home/airflow/.local/lib/python3.12/site-packages/airflow/example_dags/example_short_circuit_operator.py took 0.190 seconds
[2024-08-01T20:02:52.379+0000] {processor.py:161} INFO - Started process (PID=149) to work on /home/airflow/.local/lib/python3.12/site-packages/airflow/example_dags/example_short_circuit_operator.py
[2024-08-01T20:02:52.381+0000] {processor.py:830} INFO - Processing file /home/airflow/.local/lib/python3.12/site-packages/airflow/example_dags/example_short_circuit_operator.py for tasks to queue
[2024-08-01T20:02:52.383+0000] {logging_mixin.py:188} INFO - [2024-08-01T20:02:52.383+0000] {dagbag.py:545} INFO - Filling up the DagBag from /home/airflow/.local/lib/python3.12/site-packages/airflow/example_dags/example_short_circuit_operator.py
[2024-08-01T20:02:52.391+0000] {processor.py:840} INFO - DAG(s) 'example_short_circuit_operator' retrieved from /home/airflow/.local/lib/python3.12/site-packages/airflow/example_dags/example_short_circuit_operator.py
[2024-08-01T20:02:52.413+0000] {logging_mixin.py:188} INFO - [2024-08-01T20:02:52.413+0000] {dag.py:3089} INFO - Sync 1 DAGs
[2024-08-01T20:02:52.433+0000] {logging_mixin.py:188} INFO - [2024-08-01T20:02:52.433+0000] {dag.py:3947} INFO - Setting next_dagrun for example_short_circuit_operator to 2024-07-31 00:00:00+00:00, run_after=2024-08-01 00:00:00+00:00
[2024-08-01T20:02:52.453+0000] {processor.py:183} INFO - Processing /home/airflow/.local/lib/python3.12/site-packages/airflow/example_dags/example_short_circuit_operator.py took 0.081 seconds
[2024-08-01T20:03:22.705+0000] {processor.py:161} INFO - Started process (PID=207) to work on /home/airflow/.local/lib/python3.12/site-packages/airflow/example_dags/example_short_circuit_operator.py
[2024-08-01T20:03:22.706+0000] {processor.py:830} INFO - Processing file /home/airflow/.local/lib/python3.12/site-packages/airflow/example_dags/example_short_circuit_operator.py for tasks to queue
[2024-08-01T20:03:22.707+0000] {logging_mixin.py:188} INFO - [2024-08-01T20:03:22.707+0000] {dagbag.py:545} INFO - Filling up the DagBag from /home/airflow/.local/lib/python3.12/site-packages/airflow/example_dags/example_short_circuit_operator.py
[2024-08-01T20:03:22.714+0000] {processor.py:840} INFO - DAG(s) 'example_short_circuit_operator' retrieved from /home/airflow/.local/lib/python3.12/site-packages/airflow/example_dags/example_short_circuit_operator.py
[2024-08-01T20:03:22.736+0000] {logging_mixin.py:188} INFO - [2024-08-01T20:03:22.736+0000] {dag.py:3089} INFO - Sync 1 DAGs
[2024-08-01T20:03:22.757+0000] {logging_mixin.py:188} INFO - [2024-08-01T20:03:22.757+0000] {dag.py:3947} INFO - Setting next_dagrun for example_short_circuit_operator to 2024-07-31 00:00:00+00:00, run_after=2024-08-01 00:00:00+00:00
[2024-08-01T20:03:22.780+0000] {processor.py:183} INFO - Processing /home/airflow/.local/lib/python3.12/site-packages/airflow/example_dags/example_short_circuit_operator.py took 0.080 seconds
[2024-08-01T20:03:53.163+0000] {processor.py:161} INFO - Started process (PID=265) to work on /home/airflow/.local/lib/python3.12/site-packages/airflow/example_dags/example_short_circuit_operator.py
[2024-08-01T20:03:53.164+0000] {processor.py:830} INFO - Processing file /home/airflow/.local/lib/python3.12/site-packages/airflow/example_dags/example_short_circuit_operator.py for tasks to queue
[2024-08-01T20:03:53.166+0000] {logging_mixin.py:188} INFO - [2024-08-01T20:03:53.165+0000] {dagbag.py:545} INFO - Filling up the DagBag from /home/airflow/.local/lib/python3.12/site-packages/airflow/example_dags/example_short_circuit_operator.py
[2024-08-01T20:03:53.172+0000] {processor.py:840} INFO - DAG(s) 'example_short_circuit_operator' retrieved from /home/airflow/.local/lib/python3.12/site-packages/airflow/example_dags/example_short_circuit_operator.py
[2024-08-01T20:03:53.193+0000] {logging_mixin.py:188} INFO - [2024-08-01T20:03:53.193+0000] {dag.py:3089} INFO - Sync 1 DAGs
[2024-08-01T20:03:53.214+0000] {logging_mixin.py:188} INFO - [2024-08-01T20:03:53.214+0000] {dag.py:3947} INFO - Setting next_dagrun for example_short_circuit_operator to 2024-07-31 00:00:00+00:00, run_after=2024-08-01 00:00:00+00:00
[2024-08-01T20:03:53.233+0000] {processor.py:183} INFO - Processing /home/airflow/.local/lib/python3.12/site-packages/airflow/example_dags/example_short_circuit_operator.py took 0.075 seconds
[2024-08-01T20:04:23.629+0000] {processor.py:161} INFO - Started process (PID=323) to work on /home/airflow/.local/lib/python3.12/site-packages/airflow/example_dags/example_short_circuit_operator.py
[2024-08-01T20:04:23.631+0000] {processor.py:830} INFO - Processing file /home/airflow/.local/lib/python3.12/site-packages/airflow/example_dags/example_short_circuit_operator.py for tasks to queue
[2024-08-01T20:04:23.632+0000] {logging_mixin.py:188} INFO - [2024-08-01T20:04:23.632+0000] {dagbag.py:545} INFO - Filling up the DagBag from /home/airflow/.local/lib/python3.12/site-packages/airflow/example_dags/example_short_circuit_operator.py
[2024-08-01T20:04:23.639+0000] {processor.py:840} INFO - DAG(s) 'example_short_circuit_operator' retrieved from /home/airflow/.local/lib/python3.12/site-packages/airflow/example_dags/example_short_circuit_operator.py
[2024-08-01T20:04:23.662+0000] {logging_mixin.py:188} INFO - [2024-08-01T20:04:23.662+0000] {dag.py:3089} INFO - Sync 1 DAGs
[2024-08-01T20:04:23.686+0000] {logging_mixin.py:188} INFO - [2024-08-01T20:04:23.686+0000] {dag.py:3947} INFO - Setting next_dagrun for example_short_circuit_operator to 2024-07-31 00:00:00+00:00, run_after=2024-08-01 00:00:00+00:00
[2024-08-01T20:04:23.714+0000] {processor.py:183} INFO - Processing /home/airflow/.local/lib/python3.12/site-packages/airflow/example_dags/example_short_circuit_operator.py took 0.090 seconds
[2024-08-01T20:04:54.272+0000] {processor.py:161} INFO - Started process (PID=381) to work on /home/airflow/.local/lib/python3.12/site-packages/airflow/example_dags/example_short_circuit_operator.py
[2024-08-01T20:04:54.274+0000] {processor.py:830} INFO - Processing file /home/airflow/.local/lib/python3.12/site-packages/airflow/example_dags/example_short_circuit_operator.py for tasks to queue
[2024-08-01T20:04:54.275+0000] {logging_mixin.py:188} INFO - [2024-08-01T20:04:54.275+0000] {dagbag.py:545} INFO - Filling up the DagBag from /home/airflow/.local/lib/python3.12/site-packages/airflow/example_dags/example_short_circuit_operator.py
[2024-08-01T20:04:54.281+0000] {processor.py:840} INFO - DAG(s) 'example_short_circuit_operator' retrieved from /home/airflow/.local/lib/python3.12/site-packages/airflow/example_dags/example_short_circuit_operator.py
[2024-08-01T20:04:54.304+0000] {logging_mixin.py:188} INFO - [2024-08-01T20:04:54.303+0000] {dag.py:3089} INFO - Sync 1 DAGs
[2024-08-01T20:04:54.324+0000] {logging_mixin.py:188} INFO - [2024-08-01T20:04:54.324+0000] {dag.py:3947} INFO - Setting next_dagrun for example_short_circuit_operator to 2024-07-31 00:00:00+00:00, run_after=2024-08-01 00:00:00+00:00
[2024-08-01T20:04:54.346+0000] {processor.py:183} INFO - Processing /home/airflow/.local/lib/python3.12/site-packages/airflow/example_dags/example_short_circuit_operator.py took 0.079 seconds
[2024-08-01T20:05:24.916+0000] {processor.py:161} INFO - Started process (PID=439) to work on /home/airflow/.local/lib/python3.12/site-packages/airflow/example_dags/example_short_circuit_operator.py
[2024-08-01T20:05:24.917+0000] {processor.py:830} INFO - Processing file /home/airflow/.local/lib/python3.12/site-packages/airflow/example_dags/example_short_circuit_operator.py for tasks to queue
[2024-08-01T20:05:24.919+0000] {logging_mixin.py:188} INFO - [2024-08-01T20:05:24.918+0000] {dagbag.py:545} INFO - Filling up the DagBag from /home/airflow/.local/lib/python3.12/site-packages/airflow/example_dags/example_short_circuit_operator.py
[2024-08-01T20:05:24.925+0000] {processor.py:840} INFO - DAG(s) 'example_short_circuit_operator' retrieved from /home/airflow/.local/lib/python3.12/site-packages/airflow/example_dags/example_short_circuit_operator.py
[2024-08-01T20:05:24.946+0000] {logging_mixin.py:188} INFO - [2024-08-01T20:05:24.946+0000] {dag.py:3089} INFO - Sync 1 DAGs
[2024-08-01T20:05:24.967+0000] {logging_mixin.py:188} INFO - [2024-08-01T20:05:24.966+0000] {dag.py:3947} INFO - Setting next_dagrun for example_short_circuit_operator to 2024-07-31 00:00:00+00:00, run_after=2024-08-01 00:00:00+00:00
[2024-08-01T20:05:25.018+0000] {processor.py:183} INFO - Processing /home/airflow/.local/lib/python3.12/site-packages/airflow/example_dags/example_short_circuit_operator.py took 0.106 seconds
[2024-08-01T20:05:55.474+0000] {processor.py:161} INFO - Started process (PID=497) to work on /home/airflow/.local/lib/python3.12/site-packages/airflow/example_dags/example_short_circuit_operator.py
[2024-08-01T20:05:55.475+0000] {processor.py:830} INFO - Processing file /home/airflow/.local/lib/python3.12/site-packages/airflow/example_dags/example_short_circuit_operator.py for tasks to queue
[2024-08-01T20:05:55.476+0000] {logging_mixin.py:188} INFO - [2024-08-01T20:05:55.476+0000] {dagbag.py:545} INFO - Filling up the DagBag from /home/airflow/.local/lib/python3.12/site-packages/airflow/example_dags/example_short_circuit_operator.py
[2024-08-01T20:05:55.482+0000] {processor.py:840} INFO - DAG(s) 'example_short_circuit_operator' retrieved from /home/airflow/.local/lib/python3.12/site-packages/airflow/example_dags/example_short_circuit_operator.py
[2024-08-01T20:05:55.504+0000] {logging_mixin.py:188} INFO - [2024-08-01T20:05:55.504+0000] {dag.py:3089} INFO - Sync 1 DAGs
[2024-08-01T20:05:55.526+0000] {logging_mixin.py:188} INFO - [2024-08-01T20:05:55.526+0000] {dag.py:3947} INFO - Setting next_dagrun for example_short_circuit_operator to 2024-07-31 00:00:00+00:00, run_after=2024-08-01 00:00:00+00:00
[2024-08-01T20:05:55.545+0000] {processor.py:183} INFO - Processing /home/airflow/.local/lib/python3.12/site-packages/airflow/example_dags/example_short_circuit_operator.py took 0.076 seconds
[2024-08-01T20:06:36.251+0000] {processor.py:161} INFO - Started process (PID=85) to work on /home/airflow/.local/lib/python3.12/site-packages/airflow/example_dags/example_short_circuit_operator.py
[2024-08-01T20:06:36.252+0000] {processor.py:830} INFO - Processing file /home/airflow/.local/lib/python3.12/site-packages/airflow/example_dags/example_short_circuit_operator.py for tasks to queue
[2024-08-01T20:06:36.253+0000] {logging_mixin.py:188} INFO - [2024-08-01T20:06:36.253+0000] {dagbag.py:545} INFO - Filling up the DagBag from /home/airflow/.local/lib/python3.12/site-packages/airflow/example_dags/example_short_circuit_operator.py
[2024-08-01T20:06:36.260+0000] {processor.py:840} INFO - DAG(s) 'example_short_circuit_operator' retrieved from /home/airflow/.local/lib/python3.12/site-packages/airflow/example_dags/example_short_circuit_operator.py
[2024-08-01T20:06:36.283+0000] {logging_mixin.py:188} INFO - [2024-08-01T20:06:36.283+0000] {dag.py:3089} INFO - Sync 1 DAGs
[2024-08-01T20:06:36.304+0000] {logging_mixin.py:188} INFO - [2024-08-01T20:06:36.304+0000] {dag.py:3947} INFO - Setting next_dagrun for example_short_circuit_operator to 2024-07-31 00:00:00+00:00, run_after=2024-08-01 00:00:00+00:00
[2024-08-01T20:06:36.364+0000] {processor.py:183} INFO - Processing /home/airflow/.local/lib/python3.12/site-packages/airflow/example_dags/example_short_circuit_operator.py took 0.118 seconds
[2024-08-01T20:07:07.235+0000] {processor.py:161} INFO - Started process (PID=143) to work on /home/airflow/.local/lib/python3.12/site-packages/airflow/example_dags/example_short_circuit_operator.py
[2024-08-01T20:07:07.236+0000] {processor.py:830} INFO - Processing file /home/airflow/.local/lib/python3.12/site-packages/airflow/example_dags/example_short_circuit_operator.py for tasks to queue
[2024-08-01T20:07:07.237+0000] {logging_mixin.py:188} INFO - [2024-08-01T20:07:07.237+0000] {dagbag.py:545} INFO - Filling up the DagBag from /home/airflow/.local/lib/python3.12/site-packages/airflow/example_dags/example_short_circuit_operator.py
[2024-08-01T20:07:07.243+0000] {processor.py:840} INFO - DAG(s) 'example_short_circuit_operator' retrieved from /home/airflow/.local/lib/python3.12/site-packages/airflow/example_dags/example_short_circuit_operator.py
[2024-08-01T20:07:07.266+0000] {logging_mixin.py:188} INFO - [2024-08-01T20:07:07.266+0000] {dag.py:3089} INFO - Sync 1 DAGs
[2024-08-01T20:07:07.285+0000] {logging_mixin.py:188} INFO - [2024-08-01T20:07:07.285+0000] {dag.py:3947} INFO - Setting next_dagrun for example_short_circuit_operator to 2024-07-31 00:00:00+00:00, run_after=2024-08-01 00:00:00+00:00
[2024-08-01T20:07:07.305+0000] {processor.py:183} INFO - Processing /home/airflow/.local/lib/python3.12/site-packages/airflow/example_dags/example_short_circuit_operator.py took 0.076 seconds
[2024-08-01T20:07:37.953+0000] {processor.py:161} INFO - Started process (PID=201) to work on /home/airflow/.local/lib/python3.12/site-packages/airflow/example_dags/example_short_circuit_operator.py
[2024-08-01T20:07:37.954+0000] {processor.py:830} INFO - Processing file /home/airflow/.local/lib/python3.12/site-packages/airflow/example_dags/example_short_circuit_operator.py for tasks to queue
[2024-08-01T20:07:37.956+0000] {logging_mixin.py:188} INFO - [2024-08-01T20:07:37.956+0000] {dagbag.py:545} INFO - Filling up the DagBag from /home/airflow/.local/lib/python3.12/site-packages/airflow/example_dags/example_short_circuit_operator.py
[2024-08-01T20:07:37.964+0000] {processor.py:840} INFO - DAG(s) 'example_short_circuit_operator' retrieved from /home/airflow/.local/lib/python3.12/site-packages/airflow/example_dags/example_short_circuit_operator.py
[2024-08-01T20:07:37.991+0000] {logging_mixin.py:188} INFO - [2024-08-01T20:07:37.991+0000] {dag.py:3089} INFO - Sync 1 DAGs
[2024-08-01T20:07:38.016+0000] {logging_mixin.py:188} INFO - [2024-08-01T20:07:38.015+0000] {dag.py:3947} INFO - Setting next_dagrun for example_short_circuit_operator to 2024-07-31 00:00:00+00:00, run_after=2024-08-01 00:00:00+00:00
[2024-08-01T20:07:38.038+0000] {processor.py:183} INFO - Processing /home/airflow/.local/lib/python3.12/site-packages/airflow/example_dags/example_short_circuit_operator.py took 0.090 seconds
[2024-08-01T20:08:08.218+0000] {processor.py:161} INFO - Started process (PID=259) to work on /home/airflow/.local/lib/python3.12/site-packages/airflow/example_dags/example_short_circuit_operator.py
[2024-08-01T20:08:08.219+0000] {processor.py:830} INFO - Processing file /home/airflow/.local/lib/python3.12/site-packages/airflow/example_dags/example_short_circuit_operator.py for tasks to queue
[2024-08-01T20:08:08.221+0000] {logging_mixin.py:188} INFO - [2024-08-01T20:08:08.220+0000] {dagbag.py:545} INFO - Filling up the DagBag from /home/airflow/.local/lib/python3.12/site-packages/airflow/example_dags/example_short_circuit_operator.py
[2024-08-01T20:08:08.227+0000] {processor.py:840} INFO - DAG(s) 'example_short_circuit_operator' retrieved from /home/airflow/.local/lib/python3.12/site-packages/airflow/example_dags/example_short_circuit_operator.py
[2024-08-01T20:08:08.250+0000] {logging_mixin.py:188} INFO - [2024-08-01T20:08:08.249+0000] {dag.py:3089} INFO - Sync 1 DAGs
[2024-08-01T20:08:08.270+0000] {logging_mixin.py:188} INFO - [2024-08-01T20:08:08.270+0000] {dag.py:3947} INFO - Setting next_dagrun for example_short_circuit_operator to 2024-07-31 00:00:00+00:00, run_after=2024-08-01 00:00:00+00:00
[2024-08-01T20:08:08.291+0000] {processor.py:183} INFO - Processing /home/airflow/.local/lib/python3.12/site-packages/airflow/example_dags/example_short_circuit_operator.py took 0.078 seconds
[2024-08-01T20:08:38.774+0000] {processor.py:161} INFO - Started process (PID=317) to work on /home/airflow/.local/lib/python3.12/site-packages/airflow/example_dags/example_short_circuit_operator.py
[2024-08-01T20:08:38.776+0000] {processor.py:830} INFO - Processing file /home/airflow/.local/lib/python3.12/site-packages/airflow/example_dags/example_short_circuit_operator.py for tasks to queue
[2024-08-01T20:08:38.779+0000] {logging_mixin.py:188} INFO - [2024-08-01T20:08:38.779+0000] {dagbag.py:545} INFO - Filling up the DagBag from /home/airflow/.local/lib/python3.12/site-packages/airflow/example_dags/example_short_circuit_operator.py
[2024-08-01T20:08:38.787+0000] {processor.py:840} INFO - DAG(s) 'example_short_circuit_operator' retrieved from /home/airflow/.local/lib/python3.12/site-packages/airflow/example_dags/example_short_circuit_operator.py
[2024-08-01T20:08:38.812+0000] {logging_mixin.py:188} INFO - [2024-08-01T20:08:38.812+0000] {dag.py:3089} INFO - Sync 1 DAGs
[2024-08-01T20:08:38.838+0000] {logging_mixin.py:188} INFO - [2024-08-01T20:08:38.837+0000] {dag.py:3947} INFO - Setting next_dagrun for example_short_circuit_operator to 2024-07-31 00:00:00+00:00, run_after=2024-08-01 00:00:00+00:00
[2024-08-01T20:08:38.860+0000] {processor.py:183} INFO - Processing /home/airflow/.local/lib/python3.12/site-packages/airflow/example_dags/example_short_circuit_operator.py took 0.092 seconds
[2024-08-01T20:09:09.320+0000] {processor.py:161} INFO - Started process (PID=375) to work on /home/airflow/.local/lib/python3.12/site-packages/airflow/example_dags/example_short_circuit_operator.py
[2024-08-01T20:09:09.322+0000] {processor.py:830} INFO - Processing file /home/airflow/.local/lib/python3.12/site-packages/airflow/example_dags/example_short_circuit_operator.py for tasks to queue
[2024-08-01T20:09:09.323+0000] {logging_mixin.py:188} INFO - [2024-08-01T20:09:09.323+0000] {dagbag.py:545} INFO - Filling up the DagBag from /home/airflow/.local/lib/python3.12/site-packages/airflow/example_dags/example_short_circuit_operator.py
[2024-08-01T20:09:09.330+0000] {processor.py:840} INFO - DAG(s) 'example_short_circuit_operator' retrieved from /home/airflow/.local/lib/python3.12/site-packages/airflow/example_dags/example_short_circuit_operator.py
[2024-08-01T20:09:09.354+0000] {logging_mixin.py:188} INFO - [2024-08-01T20:09:09.354+0000] {dag.py:3089} INFO - Sync 1 DAGs
[2024-08-01T20:09:09.373+0000] {logging_mixin.py:188} INFO - [2024-08-01T20:09:09.373+0000] {dag.py:3947} INFO - Setting next_dagrun for example_short_circuit_operator to 2024-07-31 00:00:00+00:00, run_after=2024-08-01 00:00:00+00:00
[2024-08-01T20:09:09.392+0000] {processor.py:183} INFO - Processing /home/airflow/.local/lib/python3.12/site-packages/airflow/example_dags/example_short_circuit_operator.py took 0.076 seconds
[2024-08-01T20:11:21.976+0000] {processor.py:161} INFO - Started process (PID=89) to work on /home/airflow/.local/lib/python3.12/site-packages/airflow/example_dags/example_short_circuit_operator.py
[2024-08-01T20:11:21.978+0000] {processor.py:830} INFO - Processing file /home/airflow/.local/lib/python3.12/site-packages/airflow/example_dags/example_short_circuit_operator.py for tasks to queue
[2024-08-01T20:11:21.980+0000] {logging_mixin.py:188} INFO - [2024-08-01T20:11:21.979+0000] {dagbag.py:545} INFO - Filling up the DagBag from /home/airflow/.local/lib/python3.12/site-packages/airflow/example_dags/example_short_circuit_operator.py
[2024-08-01T20:11:21.988+0000] {processor.py:840} INFO - DAG(s) 'example_short_circuit_operator' retrieved from /home/airflow/.local/lib/python3.12/site-packages/airflow/example_dags/example_short_circuit_operator.py
[2024-08-01T20:11:22.000+0000] {logging_mixin.py:188} INFO - [2024-08-01T20:11:22.000+0000] {dag.py:3089} INFO - Sync 1 DAGs
[2024-08-01T20:11:22.025+0000] {logging_mixin.py:188} INFO - [2024-08-01T20:11:22.025+0000] {dag.py:3947} INFO - Setting next_dagrun for example_short_circuit_operator to 2024-07-31 00:00:00+00:00, run_after=2024-08-01 00:00:00+00:00
[2024-08-01T20:11:22.074+0000] {processor.py:183} INFO - Processing /home/airflow/.local/lib/python3.12/site-packages/airflow/example_dags/example_short_circuit_operator.py took 0.103 seconds
[2024-08-01T20:11:53.574+0000] {processor.py:161} INFO - Started process (PID=147) to work on /home/airflow/.local/lib/python3.12/site-packages/airflow/example_dags/example_short_circuit_operator.py
[2024-08-01T20:11:53.577+0000] {processor.py:830} INFO - Processing file /home/airflow/.local/lib/python3.12/site-packages/airflow/example_dags/example_short_circuit_operator.py for tasks to queue
[2024-08-01T20:11:53.580+0000] {logging_mixin.py:188} INFO - [2024-08-01T20:11:53.579+0000] {dagbag.py:545} INFO - Filling up the DagBag from /home/airflow/.local/lib/python3.12/site-packages/airflow/example_dags/example_short_circuit_operator.py
[2024-08-01T20:11:53.588+0000] {processor.py:840} INFO - DAG(s) 'example_short_circuit_operator' retrieved from /home/airflow/.local/lib/python3.12/site-packages/airflow/example_dags/example_short_circuit_operator.py
[2024-08-01T20:11:53.710+0000] {logging_mixin.py:188} INFO - [2024-08-01T20:11:53.709+0000] {dag.py:3089} INFO - Sync 1 DAGs
[2024-08-01T20:11:53.729+0000] {logging_mixin.py:188} INFO - [2024-08-01T20:11:53.729+0000] {dag.py:3947} INFO - Setting next_dagrun for example_short_circuit_operator to 2024-07-31 00:00:00+00:00, run_after=2024-08-01 00:00:00+00:00
[2024-08-01T20:11:53.753+0000] {processor.py:183} INFO - Processing /home/airflow/.local/lib/python3.12/site-packages/airflow/example_dags/example_short_circuit_operator.py took 0.184 seconds
[2024-08-01T20:12:24.535+0000] {processor.py:161} INFO - Started process (PID=205) to work on /home/airflow/.local/lib/python3.12/site-packages/airflow/example_dags/example_short_circuit_operator.py
[2024-08-01T20:12:24.535+0000] {processor.py:830} INFO - Processing file /home/airflow/.local/lib/python3.12/site-packages/airflow/example_dags/example_short_circuit_operator.py for tasks to queue
[2024-08-01T20:12:24.537+0000] {logging_mixin.py:188} INFO - [2024-08-01T20:12:24.537+0000] {dagbag.py:545} INFO - Filling up the DagBag from /home/airflow/.local/lib/python3.12/site-packages/airflow/example_dags/example_short_circuit_operator.py
[2024-08-01T20:12:24.543+0000] {processor.py:840} INFO - DAG(s) 'example_short_circuit_operator' retrieved from /home/airflow/.local/lib/python3.12/site-packages/airflow/example_dags/example_short_circuit_operator.py
[2024-08-01T20:12:24.564+0000] {logging_mixin.py:188} INFO - [2024-08-01T20:12:24.564+0000] {dag.py:3089} INFO - Sync 1 DAGs
[2024-08-01T20:12:24.583+0000] {logging_mixin.py:188} INFO - [2024-08-01T20:12:24.583+0000] {dag.py:3947} INFO - Setting next_dagrun for example_short_circuit_operator to 2024-07-31 00:00:00+00:00, run_after=2024-08-01 00:00:00+00:00
[2024-08-01T20:12:24.602+0000] {processor.py:183} INFO - Processing /home/airflow/.local/lib/python3.12/site-packages/airflow/example_dags/example_short_circuit_operator.py took 0.072 seconds
[2024-08-01T20:12:54.879+0000] {processor.py:161} INFO - Started process (PID=263) to work on /home/airflow/.local/lib/python3.12/site-packages/airflow/example_dags/example_short_circuit_operator.py
[2024-08-01T20:12:54.881+0000] {processor.py:830} INFO - Processing file /home/airflow/.local/lib/python3.12/site-packages/airflow/example_dags/example_short_circuit_operator.py for tasks to queue
[2024-08-01T20:12:54.882+0000] {logging_mixin.py:188} INFO - [2024-08-01T20:12:54.882+0000] {dagbag.py:545} INFO - Filling up the DagBag from /home/airflow/.local/lib/python3.12/site-packages/airflow/example_dags/example_short_circuit_operator.py
[2024-08-01T20:12:54.889+0000] {processor.py:840} INFO - DAG(s) 'example_short_circuit_operator' retrieved from /home/airflow/.local/lib/python3.12/site-packages/airflow/example_dags/example_short_circuit_operator.py
[2024-08-01T20:12:54.911+0000] {logging_mixin.py:188} INFO - [2024-08-01T20:12:54.911+0000] {dag.py:3089} INFO - Sync 1 DAGs
[2024-08-01T20:12:54.931+0000] {logging_mixin.py:188} INFO - [2024-08-01T20:12:54.931+0000] {dag.py:3947} INFO - Setting next_dagrun for example_short_circuit_operator to 2024-07-31 00:00:00+00:00, run_after=2024-08-01 00:00:00+00:00
[2024-08-01T20:12:54.949+0000] {processor.py:183} INFO - Processing /home/airflow/.local/lib/python3.12/site-packages/airflow/example_dags/example_short_circuit_operator.py took 0.075 seconds
[2024-08-01T20:13:25.002+0000] {processor.py:161} INFO - Started process (PID=321) to work on /home/airflow/.local/lib/python3.12/site-packages/airflow/example_dags/example_short_circuit_operator.py
[2024-08-01T20:13:25.003+0000] {processor.py:830} INFO - Processing file /home/airflow/.local/lib/python3.12/site-packages/airflow/example_dags/example_short_circuit_operator.py for tasks to queue
[2024-08-01T20:13:25.005+0000] {logging_mixin.py:188} INFO - [2024-08-01T20:13:25.005+0000] {dagbag.py:545} INFO - Filling up the DagBag from /home/airflow/.local/lib/python3.12/site-packages/airflow/example_dags/example_short_circuit_operator.py
[2024-08-01T20:13:25.011+0000] {processor.py:840} INFO - DAG(s) 'example_short_circuit_operator' retrieved from /home/airflow/.local/lib/python3.12/site-packages/airflow/example_dags/example_short_circuit_operator.py
[2024-08-01T20:13:25.032+0000] {logging_mixin.py:188} INFO - [2024-08-01T20:13:25.032+0000] {dag.py:3089} INFO - Sync 1 DAGs
[2024-08-01T20:13:25.051+0000] {logging_mixin.py:188} INFO - [2024-08-01T20:13:25.051+0000] {dag.py:3947} INFO - Setting next_dagrun for example_short_circuit_operator to 2024-07-31 00:00:00+00:00, run_after=2024-08-01 00:00:00+00:00
[2024-08-01T20:13:25.070+0000] {processor.py:183} INFO - Processing /home/airflow/.local/lib/python3.12/site-packages/airflow/example_dags/example_short_circuit_operator.py took 0.072 seconds
[2024-08-01T20:13:55.405+0000] {processor.py:161} INFO - Started process (PID=379) to work on /home/airflow/.local/lib/python3.12/site-packages/airflow/example_dags/example_short_circuit_operator.py
[2024-08-01T20:13:55.406+0000] {processor.py:830} INFO - Processing file /home/airflow/.local/lib/python3.12/site-packages/airflow/example_dags/example_short_circuit_operator.py for tasks to queue
[2024-08-01T20:13:55.407+0000] {logging_mixin.py:188} INFO - [2024-08-01T20:13:55.407+0000] {dagbag.py:545} INFO - Filling up the DagBag from /home/airflow/.local/lib/python3.12/site-packages/airflow/example_dags/example_short_circuit_operator.py
[2024-08-01T20:13:55.415+0000] {processor.py:840} INFO - DAG(s) 'example_short_circuit_operator' retrieved from /home/airflow/.local/lib/python3.12/site-packages/airflow/example_dags/example_short_circuit_operator.py
[2024-08-01T20:13:55.442+0000] {logging_mixin.py:188} INFO - [2024-08-01T20:13:55.442+0000] {dag.py:3089} INFO - Sync 1 DAGs
[2024-08-01T20:13:55.465+0000] {logging_mixin.py:188} INFO - [2024-08-01T20:13:55.465+0000] {dag.py:3947} INFO - Setting next_dagrun for example_short_circuit_operator to 2024-07-31 00:00:00+00:00, run_after=2024-08-01 00:00:00+00:00
[2024-08-01T20:13:55.490+0000] {processor.py:183} INFO - Processing /home/airflow/.local/lib/python3.12/site-packages/airflow/example_dags/example_short_circuit_operator.py took 0.090 seconds
[2024-08-01T20:14:25.916+0000] {processor.py:161} INFO - Started process (PID=437) to work on /home/airflow/.local/lib/python3.12/site-packages/airflow/example_dags/example_short_circuit_operator.py
[2024-08-01T20:14:25.920+0000] {processor.py:830} INFO - Processing file /home/airflow/.local/lib/python3.12/site-packages/airflow/example_dags/example_short_circuit_operator.py for tasks to queue
[2024-08-01T20:14:25.922+0000] {logging_mixin.py:188} INFO - [2024-08-01T20:14:25.921+0000] {dagbag.py:545} INFO - Filling up the DagBag from /home/airflow/.local/lib/python3.12/site-packages/airflow/example_dags/example_short_circuit_operator.py
[2024-08-01T20:14:25.933+0000] {processor.py:840} INFO - DAG(s) 'example_short_circuit_operator' retrieved from /home/airflow/.local/lib/python3.12/site-packages/airflow/example_dags/example_short_circuit_operator.py
[2024-08-01T20:14:25.985+0000] {logging_mixin.py:188} INFO - [2024-08-01T20:14:25.984+0000] {dag.py:3089} INFO - Sync 1 DAGs
[2024-08-01T20:14:26.022+0000] {logging_mixin.py:188} INFO - [2024-08-01T20:14:26.021+0000] {dag.py:3947} INFO - Setting next_dagrun for example_short_circuit_operator to 2024-07-31 00:00:00+00:00, run_after=2024-08-01 00:00:00+00:00
[2024-08-01T20:14:26.054+0000] {processor.py:183} INFO - Processing /home/airflow/.local/lib/python3.12/site-packages/airflow/example_dags/example_short_circuit_operator.py took 0.143 seconds
[2024-08-01T20:14:56.152+0000] {processor.py:161} INFO - Started process (PID=495) to work on /home/airflow/.local/lib/python3.12/site-packages/airflow/example_dags/example_short_circuit_operator.py
[2024-08-01T20:14:56.153+0000] {processor.py:830} INFO - Processing file /home/airflow/.local/lib/python3.12/site-packages/airflow/example_dags/example_short_circuit_operator.py for tasks to queue
[2024-08-01T20:14:56.154+0000] {logging_mixin.py:188} INFO - [2024-08-01T20:14:56.154+0000] {dagbag.py:545} INFO - Filling up the DagBag from /home/airflow/.local/lib/python3.12/site-packages/airflow/example_dags/example_short_circuit_operator.py
[2024-08-01T20:14:56.161+0000] {processor.py:840} INFO - DAG(s) 'example_short_circuit_operator' retrieved from /home/airflow/.local/lib/python3.12/site-packages/airflow/example_dags/example_short_circuit_operator.py
[2024-08-01T20:14:56.181+0000] {logging_mixin.py:188} INFO - [2024-08-01T20:14:56.181+0000] {dag.py:3089} INFO - Sync 1 DAGs
[2024-08-01T20:14:56.201+0000] {logging_mixin.py:188} INFO - [2024-08-01T20:14:56.201+0000] {dag.py:3947} INFO - Setting next_dagrun for example_short_circuit_operator to 2024-07-31 00:00:00+00:00, run_after=2024-08-01 00:00:00+00:00
[2024-08-01T20:14:56.218+0000] {processor.py:183} INFO - Processing /home/airflow/.local/lib/python3.12/site-packages/airflow/example_dags/example_short_circuit_operator.py took 0.071 seconds
[2024-08-01T20:15:26.469+0000] {processor.py:161} INFO - Started process (PID=553) to work on /home/airflow/.local/lib/python3.12/site-packages/airflow/example_dags/example_short_circuit_operator.py
[2024-08-01T20:15:26.471+0000] {processor.py:830} INFO - Processing file /home/airflow/.local/lib/python3.12/site-packages/airflow/example_dags/example_short_circuit_operator.py for tasks to queue
[2024-08-01T20:15:26.472+0000] {logging_mixin.py:188} INFO - [2024-08-01T20:15:26.472+0000] {dagbag.py:545} INFO - Filling up the DagBag from /home/airflow/.local/lib/python3.12/site-packages/airflow/example_dags/example_short_circuit_operator.py
[2024-08-01T20:15:26.478+0000] {processor.py:840} INFO - DAG(s) 'example_short_circuit_operator' retrieved from /home/airflow/.local/lib/python3.12/site-packages/airflow/example_dags/example_short_circuit_operator.py
[2024-08-01T20:15:26.501+0000] {logging_mixin.py:188} INFO - [2024-08-01T20:15:26.501+0000] {dag.py:3089} INFO - Sync 1 DAGs
[2024-08-01T20:15:26.522+0000] {logging_mixin.py:188} INFO - [2024-08-01T20:15:26.522+0000] {dag.py:3947} INFO - Setting next_dagrun for example_short_circuit_operator to 2024-07-31 00:00:00+00:00, run_after=2024-08-01 00:00:00+00:00
[2024-08-01T20:15:26.541+0000] {processor.py:183} INFO - Processing /home/airflow/.local/lib/python3.12/site-packages/airflow/example_dags/example_short_circuit_operator.py took 0.077 seconds
[2024-08-01T20:15:56.574+0000] {processor.py:161} INFO - Started process (PID=611) to work on /home/airflow/.local/lib/python3.12/site-packages/airflow/example_dags/example_short_circuit_operator.py
[2024-08-01T20:15:56.575+0000] {processor.py:830} INFO - Processing file /home/airflow/.local/lib/python3.12/site-packages/airflow/example_dags/example_short_circuit_operator.py for tasks to queue
[2024-08-01T20:15:56.577+0000] {logging_mixin.py:188} INFO - [2024-08-01T20:15:56.577+0000] {dagbag.py:545} INFO - Filling up the DagBag from /home/airflow/.local/lib/python3.12/site-packages/airflow/example_dags/example_short_circuit_operator.py
[2024-08-01T20:15:56.583+0000] {processor.py:840} INFO - DAG(s) 'example_short_circuit_operator' retrieved from /home/airflow/.local/lib/python3.12/site-packages/airflow/example_dags/example_short_circuit_operator.py
[2024-08-01T20:15:56.605+0000] {logging_mixin.py:188} INFO - [2024-08-01T20:15:56.605+0000] {dag.py:3089} INFO - Sync 1 DAGs
[2024-08-01T20:15:56.624+0000] {logging_mixin.py:188} INFO - [2024-08-01T20:15:56.624+0000] {dag.py:3947} INFO - Setting next_dagrun for example_short_circuit_operator to 2024-07-31 00:00:00+00:00, run_after=2024-08-01 00:00:00+00:00
[2024-08-01T20:15:56.644+0000] {processor.py:183} INFO - Processing /home/airflow/.local/lib/python3.12/site-packages/airflow/example_dags/example_short_circuit_operator.py took 0.074 seconds
[2024-08-01T20:16:27.302+0000] {processor.py:161} INFO - Started process (PID=669) to work on /home/airflow/.local/lib/python3.12/site-packages/airflow/example_dags/example_short_circuit_operator.py
[2024-08-01T20:16:27.303+0000] {processor.py:830} INFO - Processing file /home/airflow/.local/lib/python3.12/site-packages/airflow/example_dags/example_short_circuit_operator.py for tasks to queue
[2024-08-01T20:16:27.304+0000] {logging_mixin.py:188} INFO - [2024-08-01T20:16:27.304+0000] {dagbag.py:545} INFO - Filling up the DagBag from /home/airflow/.local/lib/python3.12/site-packages/airflow/example_dags/example_short_circuit_operator.py
[2024-08-01T20:16:27.311+0000] {processor.py:840} INFO - DAG(s) 'example_short_circuit_operator' retrieved from /home/airflow/.local/lib/python3.12/site-packages/airflow/example_dags/example_short_circuit_operator.py
[2024-08-01T20:16:27.334+0000] {logging_mixin.py:188} INFO - [2024-08-01T20:16:27.333+0000] {dag.py:3089} INFO - Sync 1 DAGs
[2024-08-01T20:16:27.355+0000] {logging_mixin.py:188} INFO - [2024-08-01T20:16:27.355+0000] {dag.py:3947} INFO - Setting next_dagrun for example_short_circuit_operator to 2024-07-31 00:00:00+00:00, run_after=2024-08-01 00:00:00+00:00
[2024-08-01T20:16:27.377+0000] {processor.py:183} INFO - Processing /home/airflow/.local/lib/python3.12/site-packages/airflow/example_dags/example_short_circuit_operator.py took 0.080 seconds
