[2024-08-01T20:02:16.079+0000] {processor.py:161} INFO - Started process (PID=48) to work on /home/airflow/.local/lib/python3.12/site-packages/airflow/example_dags/example_trigger_target_dag.py
[2024-08-01T20:02:16.081+0000] {processor.py:830} INFO - Processing file /home/airflow/.local/lib/python3.12/site-packages/airflow/example_dags/example_trigger_target_dag.py for tasks to queue
[2024-08-01T20:02:16.083+0000] {logging_mixin.py:188} INFO - [2024-08-01T20:02:16.083+0000] {dagbag.py:545} INFO - Filling up the DagBag from /home/airflow/.local/lib/python3.12/site-packages/airflow/example_dags/example_trigger_target_dag.py
[2024-08-01T20:02:16.102+0000] {processor.py:840} INFO - DAG(s) 'example_trigger_target_dag' retrieved from /home/airflow/.local/lib/python3.12/site-packages/airflow/example_dags/example_trigger_target_dag.py
[2024-08-01T20:02:16.239+0000] {logging_mixin.py:188} INFO - [2024-08-01T20:02:16.239+0000] {dag.py:3089} INFO - Sync 1 DAGs
[2024-08-01T20:02:16.258+0000] {logging_mixin.py:188} INFO - [2024-08-01T20:02:16.258+0000] {dag.py:3947} INFO - Setting next_dagrun for example_trigger_target_dag to None, run_after=None
[2024-08-01T20:02:16.357+0000] {processor.py:183} INFO - Processing /home/airflow/.local/lib/python3.12/site-packages/airflow/example_dags/example_trigger_target_dag.py took 0.289 seconds
[2024-08-01T20:02:47.152+0000] {processor.py:161} INFO - Started process (PID=106) to work on /home/airflow/.local/lib/python3.12/site-packages/airflow/example_dags/example_trigger_target_dag.py
[2024-08-01T20:02:47.195+0000] {processor.py:830} INFO - Processing file /home/airflow/.local/lib/python3.12/site-packages/airflow/example_dags/example_trigger_target_dag.py for tasks to queue
[2024-08-01T20:02:47.205+0000] {logging_mixin.py:188} INFO - [2024-08-01T20:02:47.197+0000] {dagbag.py:545} INFO - Filling up the DagBag from /home/airflow/.local/lib/python3.12/site-packages/airflow/example_dags/example_trigger_target_dag.py
[2024-08-01T20:02:47.227+0000] {processor.py:840} INFO - DAG(s) 'example_trigger_target_dag' retrieved from /home/airflow/.local/lib/python3.12/site-packages/airflow/example_dags/example_trigger_target_dag.py
[2024-08-01T20:02:48.194+0000] {logging_mixin.py:188} INFO - [2024-08-01T20:02:48.194+0000] {dag.py:3089} INFO - Sync 1 DAGs
[2024-08-01T20:02:48.208+0000] {logging_mixin.py:188} INFO - [2024-08-01T20:02:48.207+0000] {dag.py:3947} INFO - Setting next_dagrun for example_trigger_target_dag to None, run_after=None
[2024-08-01T20:02:48.239+0000] {processor.py:183} INFO - Processing /home/airflow/.local/lib/python3.12/site-packages/airflow/example_dags/example_trigger_target_dag.py took 1.095 seconds
[2024-08-01T20:03:18.334+0000] {processor.py:161} INFO - Started process (PID=164) to work on /home/airflow/.local/lib/python3.12/site-packages/airflow/example_dags/example_trigger_target_dag.py
[2024-08-01T20:03:18.335+0000] {processor.py:830} INFO - Processing file /home/airflow/.local/lib/python3.12/site-packages/airflow/example_dags/example_trigger_target_dag.py for tasks to queue
[2024-08-01T20:03:18.343+0000] {logging_mixin.py:188} INFO - [2024-08-01T20:03:18.342+0000] {dagbag.py:545} INFO - Filling up the DagBag from /home/airflow/.local/lib/python3.12/site-packages/airflow/example_dags/example_trigger_target_dag.py
[2024-08-01T20:03:18.365+0000] {processor.py:840} INFO - DAG(s) 'example_trigger_target_dag' retrieved from /home/airflow/.local/lib/python3.12/site-packages/airflow/example_dags/example_trigger_target_dag.py
[2024-08-01T20:03:18.464+0000] {logging_mixin.py:188} INFO - [2024-08-01T20:03:18.463+0000] {dag.py:3089} INFO - Sync 1 DAGs
[2024-08-01T20:03:18.499+0000] {logging_mixin.py:188} INFO - [2024-08-01T20:03:18.498+0000] {dag.py:3947} INFO - Setting next_dagrun for example_trigger_target_dag to None, run_after=None
[2024-08-01T20:03:18.530+0000] {processor.py:183} INFO - Processing /home/airflow/.local/lib/python3.12/site-packages/airflow/example_dags/example_trigger_target_dag.py took 0.210 seconds
[2024-08-01T20:03:49.059+0000] {processor.py:161} INFO - Started process (PID=228) to work on /home/airflow/.local/lib/python3.12/site-packages/airflow/example_dags/example_trigger_target_dag.py
[2024-08-01T20:03:49.061+0000] {processor.py:830} INFO - Processing file /home/airflow/.local/lib/python3.12/site-packages/airflow/example_dags/example_trigger_target_dag.py for tasks to queue
[2024-08-01T20:03:49.063+0000] {logging_mixin.py:188} INFO - [2024-08-01T20:03:49.063+0000] {dagbag.py:545} INFO - Filling up the DagBag from /home/airflow/.local/lib/python3.12/site-packages/airflow/example_dags/example_trigger_target_dag.py
[2024-08-01T20:03:49.067+0000] {processor.py:840} INFO - DAG(s) 'example_trigger_target_dag' retrieved from /home/airflow/.local/lib/python3.12/site-packages/airflow/example_dags/example_trigger_target_dag.py
[2024-08-01T20:03:49.088+0000] {logging_mixin.py:188} INFO - [2024-08-01T20:03:49.088+0000] {dag.py:3089} INFO - Sync 1 DAGs
[2024-08-01T20:03:49.101+0000] {logging_mixin.py:188} INFO - [2024-08-01T20:03:49.101+0000] {dag.py:3947} INFO - Setting next_dagrun for example_trigger_target_dag to None, run_after=None
[2024-08-01T20:03:49.156+0000] {processor.py:183} INFO - Processing /home/airflow/.local/lib/python3.12/site-packages/airflow/example_dags/example_trigger_target_dag.py took 0.118 seconds
[2024-08-01T20:04:19.251+0000] {processor.py:161} INFO - Started process (PID=286) to work on /home/airflow/.local/lib/python3.12/site-packages/airflow/example_dags/example_trigger_target_dag.py
[2024-08-01T20:04:19.252+0000] {processor.py:830} INFO - Processing file /home/airflow/.local/lib/python3.12/site-packages/airflow/example_dags/example_trigger_target_dag.py for tasks to queue
[2024-08-01T20:04:19.253+0000] {logging_mixin.py:188} INFO - [2024-08-01T20:04:19.253+0000] {dagbag.py:545} INFO - Filling up the DagBag from /home/airflow/.local/lib/python3.12/site-packages/airflow/example_dags/example_trigger_target_dag.py
[2024-08-01T20:04:19.258+0000] {processor.py:840} INFO - DAG(s) 'example_trigger_target_dag' retrieved from /home/airflow/.local/lib/python3.12/site-packages/airflow/example_dags/example_trigger_target_dag.py
[2024-08-01T20:04:19.277+0000] {logging_mixin.py:188} INFO - [2024-08-01T20:04:19.276+0000] {dag.py:3089} INFO - Sync 1 DAGs
[2024-08-01T20:04:19.289+0000] {logging_mixin.py:188} INFO - [2024-08-01T20:04:19.289+0000] {dag.py:3947} INFO - Setting next_dagrun for example_trigger_target_dag to None, run_after=None
[2024-08-01T20:04:19.311+0000] {processor.py:183} INFO - Processing /home/airflow/.local/lib/python3.12/site-packages/airflow/example_dags/example_trigger_target_dag.py took 0.064 seconds
[2024-08-01T20:04:49.846+0000] {processor.py:161} INFO - Started process (PID=344) to work on /home/airflow/.local/lib/python3.12/site-packages/airflow/example_dags/example_trigger_target_dag.py
[2024-08-01T20:04:49.851+0000] {processor.py:830} INFO - Processing file /home/airflow/.local/lib/python3.12/site-packages/airflow/example_dags/example_trigger_target_dag.py for tasks to queue
[2024-08-01T20:04:49.854+0000] {logging_mixin.py:188} INFO - [2024-08-01T20:04:49.853+0000] {dagbag.py:545} INFO - Filling up the DagBag from /home/airflow/.local/lib/python3.12/site-packages/airflow/example_dags/example_trigger_target_dag.py
[2024-08-01T20:04:49.863+0000] {processor.py:840} INFO - DAG(s) 'example_trigger_target_dag' retrieved from /home/airflow/.local/lib/python3.12/site-packages/airflow/example_dags/example_trigger_target_dag.py
[2024-08-01T20:04:49.902+0000] {logging_mixin.py:188} INFO - [2024-08-01T20:04:49.902+0000] {dag.py:3089} INFO - Sync 1 DAGs
[2024-08-01T20:04:49.923+0000] {logging_mixin.py:188} INFO - [2024-08-01T20:04:49.923+0000] {dag.py:3947} INFO - Setting next_dagrun for example_trigger_target_dag to None, run_after=None
[2024-08-01T20:04:49.950+0000] {processor.py:183} INFO - Processing /home/airflow/.local/lib/python3.12/site-packages/airflow/example_dags/example_trigger_target_dag.py took 0.111 seconds
[2024-08-01T20:05:20.903+0000] {processor.py:161} INFO - Started process (PID=402) to work on /home/airflow/.local/lib/python3.12/site-packages/airflow/example_dags/example_trigger_target_dag.py
[2024-08-01T20:05:20.904+0000] {processor.py:830} INFO - Processing file /home/airflow/.local/lib/python3.12/site-packages/airflow/example_dags/example_trigger_target_dag.py for tasks to queue
[2024-08-01T20:05:20.905+0000] {logging_mixin.py:188} INFO - [2024-08-01T20:05:20.905+0000] {dagbag.py:545} INFO - Filling up the DagBag from /home/airflow/.local/lib/python3.12/site-packages/airflow/example_dags/example_trigger_target_dag.py
[2024-08-01T20:05:20.910+0000] {processor.py:840} INFO - DAG(s) 'example_trigger_target_dag' retrieved from /home/airflow/.local/lib/python3.12/site-packages/airflow/example_dags/example_trigger_target_dag.py
[2024-08-01T20:05:20.931+0000] {logging_mixin.py:188} INFO - [2024-08-01T20:05:20.930+0000] {dag.py:3089} INFO - Sync 1 DAGs
[2024-08-01T20:05:20.946+0000] {logging_mixin.py:188} INFO - [2024-08-01T20:05:20.946+0000] {dag.py:3947} INFO - Setting next_dagrun for example_trigger_target_dag to None, run_after=None
[2024-08-01T20:05:20.966+0000] {processor.py:183} INFO - Processing /home/airflow/.local/lib/python3.12/site-packages/airflow/example_dags/example_trigger_target_dag.py took 0.069 seconds
[2024-08-01T20:05:51.020+0000] {processor.py:161} INFO - Started process (PID=459) to work on /home/airflow/.local/lib/python3.12/site-packages/airflow/example_dags/example_trigger_target_dag.py
[2024-08-01T20:05:51.021+0000] {processor.py:830} INFO - Processing file /home/airflow/.local/lib/python3.12/site-packages/airflow/example_dags/example_trigger_target_dag.py for tasks to queue
[2024-08-01T20:05:51.022+0000] {logging_mixin.py:188} INFO - [2024-08-01T20:05:51.022+0000] {dagbag.py:545} INFO - Filling up the DagBag from /home/airflow/.local/lib/python3.12/site-packages/airflow/example_dags/example_trigger_target_dag.py
[2024-08-01T20:05:51.026+0000] {processor.py:840} INFO - DAG(s) 'example_trigger_target_dag' retrieved from /home/airflow/.local/lib/python3.12/site-packages/airflow/example_dags/example_trigger_target_dag.py
[2024-08-01T20:05:51.046+0000] {logging_mixin.py:188} INFO - [2024-08-01T20:05:51.046+0000] {dag.py:3089} INFO - Sync 1 DAGs
[2024-08-01T20:05:51.058+0000] {logging_mixin.py:188} INFO - [2024-08-01T20:05:51.057+0000] {dag.py:3947} INFO - Setting next_dagrun for example_trigger_target_dag to None, run_after=None
[2024-08-01T20:05:51.074+0000] {processor.py:183} INFO - Processing /home/airflow/.local/lib/python3.12/site-packages/airflow/example_dags/example_trigger_target_dag.py took 0.059 seconds
[2024-08-01T20:06:33.318+0000] {processor.py:161} INFO - Started process (PID=42) to work on /home/airflow/.local/lib/python3.12/site-packages/airflow/example_dags/example_trigger_target_dag.py
[2024-08-01T20:06:33.320+0000] {processor.py:830} INFO - Processing file /home/airflow/.local/lib/python3.12/site-packages/airflow/example_dags/example_trigger_target_dag.py for tasks to queue
[2024-08-01T20:06:33.322+0000] {logging_mixin.py:188} INFO - [2024-08-01T20:06:33.321+0000] {dagbag.py:545} INFO - Filling up the DagBag from /home/airflow/.local/lib/python3.12/site-packages/airflow/example_dags/example_trigger_target_dag.py
[2024-08-01T20:06:33.337+0000] {processor.py:840} INFO - DAG(s) 'example_trigger_target_dag' retrieved from /home/airflow/.local/lib/python3.12/site-packages/airflow/example_dags/example_trigger_target_dag.py
[2024-08-01T20:06:33.415+0000] {logging_mixin.py:188} INFO - [2024-08-01T20:06:33.414+0000] {dag.py:3089} INFO - Sync 1 DAGs
[2024-08-01T20:06:33.451+0000] {logging_mixin.py:188} INFO - [2024-08-01T20:06:33.451+0000] {dag.py:3947} INFO - Setting next_dagrun for example_trigger_target_dag to None, run_after=None
[2024-08-01T20:06:33.502+0000] {processor.py:183} INFO - Processing /home/airflow/.local/lib/python3.12/site-packages/airflow/example_dags/example_trigger_target_dag.py took 0.196 seconds
[2024-08-01T20:07:03.589+0000] {processor.py:161} INFO - Started process (PID=106) to work on /home/airflow/.local/lib/python3.12/site-packages/airflow/example_dags/example_trigger_target_dag.py
[2024-08-01T20:07:03.593+0000] {processor.py:830} INFO - Processing file /home/airflow/.local/lib/python3.12/site-packages/airflow/example_dags/example_trigger_target_dag.py for tasks to queue
[2024-08-01T20:07:03.596+0000] {logging_mixin.py:188} INFO - [2024-08-01T20:07:03.595+0000] {dagbag.py:545} INFO - Filling up the DagBag from /home/airflow/.local/lib/python3.12/site-packages/airflow/example_dags/example_trigger_target_dag.py
[2024-08-01T20:07:03.605+0000] {processor.py:840} INFO - DAG(s) 'example_trigger_target_dag' retrieved from /home/airflow/.local/lib/python3.12/site-packages/airflow/example_dags/example_trigger_target_dag.py
[2024-08-01T20:07:03.626+0000] {logging_mixin.py:188} INFO - [2024-08-01T20:07:03.625+0000] {dag.py:3089} INFO - Sync 1 DAGs
[2024-08-01T20:07:03.637+0000] {logging_mixin.py:188} INFO - [2024-08-01T20:07:03.637+0000] {dag.py:3947} INFO - Setting next_dagrun for example_trigger_target_dag to None, run_after=None
[2024-08-01T20:07:03.660+0000] {processor.py:183} INFO - Processing /home/airflow/.local/lib/python3.12/site-packages/airflow/example_dags/example_trigger_target_dag.py took 0.077 seconds
[2024-08-01T20:07:33.866+0000] {processor.py:161} INFO - Started process (PID=164) to work on /home/airflow/.local/lib/python3.12/site-packages/airflow/example_dags/example_trigger_target_dag.py
[2024-08-01T20:07:33.867+0000] {processor.py:830} INFO - Processing file /home/airflow/.local/lib/python3.12/site-packages/airflow/example_dags/example_trigger_target_dag.py for tasks to queue
[2024-08-01T20:07:33.868+0000] {logging_mixin.py:188} INFO - [2024-08-01T20:07:33.868+0000] {dagbag.py:545} INFO - Filling up the DagBag from /home/airflow/.local/lib/python3.12/site-packages/airflow/example_dags/example_trigger_target_dag.py
[2024-08-01T20:07:33.873+0000] {processor.py:840} INFO - DAG(s) 'example_trigger_target_dag' retrieved from /home/airflow/.local/lib/python3.12/site-packages/airflow/example_dags/example_trigger_target_dag.py
[2024-08-01T20:07:33.892+0000] {logging_mixin.py:188} INFO - [2024-08-01T20:07:33.891+0000] {dag.py:3089} INFO - Sync 1 DAGs
[2024-08-01T20:07:33.904+0000] {logging_mixin.py:188} INFO - [2024-08-01T20:07:33.904+0000] {dag.py:3947} INFO - Setting next_dagrun for example_trigger_target_dag to None, run_after=None
[2024-08-01T20:07:33.928+0000] {processor.py:183} INFO - Processing /home/airflow/.local/lib/python3.12/site-packages/airflow/example_dags/example_trigger_target_dag.py took 0.067 seconds
[2024-08-01T20:08:04.411+0000] {processor.py:161} INFO - Started process (PID=222) to work on /home/airflow/.local/lib/python3.12/site-packages/airflow/example_dags/example_trigger_target_dag.py
[2024-08-01T20:08:04.412+0000] {processor.py:830} INFO - Processing file /home/airflow/.local/lib/python3.12/site-packages/airflow/example_dags/example_trigger_target_dag.py for tasks to queue
[2024-08-01T20:08:04.413+0000] {logging_mixin.py:188} INFO - [2024-08-01T20:08:04.413+0000] {dagbag.py:545} INFO - Filling up the DagBag from /home/airflow/.local/lib/python3.12/site-packages/airflow/example_dags/example_trigger_target_dag.py
[2024-08-01T20:08:04.417+0000] {processor.py:840} INFO - DAG(s) 'example_trigger_target_dag' retrieved from /home/airflow/.local/lib/python3.12/site-packages/airflow/example_dags/example_trigger_target_dag.py
[2024-08-01T20:08:04.435+0000] {logging_mixin.py:188} INFO - [2024-08-01T20:08:04.434+0000] {dag.py:3089} INFO - Sync 1 DAGs
[2024-08-01T20:08:04.446+0000] {logging_mixin.py:188} INFO - [2024-08-01T20:08:04.446+0000] {dag.py:3947} INFO - Setting next_dagrun for example_trigger_target_dag to None, run_after=None
[2024-08-01T20:08:04.468+0000] {processor.py:183} INFO - Processing /home/airflow/.local/lib/python3.12/site-packages/airflow/example_dags/example_trigger_target_dag.py took 0.062 seconds
[2024-08-01T20:08:34.814+0000] {processor.py:161} INFO - Started process (PID=280) to work on /home/airflow/.local/lib/python3.12/site-packages/airflow/example_dags/example_trigger_target_dag.py
[2024-08-01T20:08:34.815+0000] {processor.py:830} INFO - Processing file /home/airflow/.local/lib/python3.12/site-packages/airflow/example_dags/example_trigger_target_dag.py for tasks to queue
[2024-08-01T20:08:34.817+0000] {logging_mixin.py:188} INFO - [2024-08-01T20:08:34.817+0000] {dagbag.py:545} INFO - Filling up the DagBag from /home/airflow/.local/lib/python3.12/site-packages/airflow/example_dags/example_trigger_target_dag.py
[2024-08-01T20:08:34.822+0000] {processor.py:840} INFO - DAG(s) 'example_trigger_target_dag' retrieved from /home/airflow/.local/lib/python3.12/site-packages/airflow/example_dags/example_trigger_target_dag.py
[2024-08-01T20:08:34.841+0000] {logging_mixin.py:188} INFO - [2024-08-01T20:08:34.840+0000] {dag.py:3089} INFO - Sync 1 DAGs
[2024-08-01T20:08:34.853+0000] {logging_mixin.py:188} INFO - [2024-08-01T20:08:34.853+0000] {dag.py:3947} INFO - Setting next_dagrun for example_trigger_target_dag to None, run_after=None
[2024-08-01T20:08:34.874+0000] {processor.py:183} INFO - Processing /home/airflow/.local/lib/python3.12/site-packages/airflow/example_dags/example_trigger_target_dag.py took 0.066 seconds
[2024-08-01T20:09:05.057+0000] {processor.py:161} INFO - Started process (PID=338) to work on /home/airflow/.local/lib/python3.12/site-packages/airflow/example_dags/example_trigger_target_dag.py
[2024-08-01T20:09:05.060+0000] {processor.py:830} INFO - Processing file /home/airflow/.local/lib/python3.12/site-packages/airflow/example_dags/example_trigger_target_dag.py for tasks to queue
[2024-08-01T20:09:05.062+0000] {logging_mixin.py:188} INFO - [2024-08-01T20:09:05.061+0000] {dagbag.py:545} INFO - Filling up the DagBag from /home/airflow/.local/lib/python3.12/site-packages/airflow/example_dags/example_trigger_target_dag.py
[2024-08-01T20:09:05.067+0000] {processor.py:840} INFO - DAG(s) 'example_trigger_target_dag' retrieved from /home/airflow/.local/lib/python3.12/site-packages/airflow/example_dags/example_trigger_target_dag.py
[2024-08-01T20:09:05.115+0000] {logging_mixin.py:188} INFO - [2024-08-01T20:09:05.115+0000] {dag.py:3089} INFO - Sync 1 DAGs
[2024-08-01T20:09:05.131+0000] {logging_mixin.py:188} INFO - [2024-08-01T20:09:05.131+0000] {dag.py:3947} INFO - Setting next_dagrun for example_trigger_target_dag to None, run_after=None
[2024-08-01T20:09:05.159+0000] {processor.py:183} INFO - Processing /home/airflow/.local/lib/python3.12/site-packages/airflow/example_dags/example_trigger_target_dag.py took 0.107 seconds
[2024-08-01T20:11:17.174+0000] {processor.py:161} INFO - Started process (PID=46) to work on /home/airflow/.local/lib/python3.12/site-packages/airflow/example_dags/example_trigger_target_dag.py
[2024-08-01T20:11:17.187+0000] {processor.py:830} INFO - Processing file /home/airflow/.local/lib/python3.12/site-packages/airflow/example_dags/example_trigger_target_dag.py for tasks to queue
[2024-08-01T20:11:17.189+0000] {logging_mixin.py:188} INFO - [2024-08-01T20:11:17.189+0000] {dagbag.py:545} INFO - Filling up the DagBag from /home/airflow/.local/lib/python3.12/site-packages/airflow/example_dags/example_trigger_target_dag.py
[2024-08-01T20:11:17.196+0000] {processor.py:840} INFO - DAG(s) 'example_trigger_target_dag' retrieved from /home/airflow/.local/lib/python3.12/site-packages/airflow/example_dags/example_trigger_target_dag.py
[2024-08-01T20:11:17.224+0000] {logging_mixin.py:188} INFO - [2024-08-01T20:11:17.224+0000] {dag.py:3089} INFO - Sync 1 DAGs
[2024-08-01T20:11:17.240+0000] {logging_mixin.py:188} INFO - [2024-08-01T20:11:17.240+0000] {dag.py:3947} INFO - Setting next_dagrun for example_trigger_target_dag to None, run_after=None
[2024-08-01T20:11:17.268+0000] {processor.py:183} INFO - Processing /home/airflow/.local/lib/python3.12/site-packages/airflow/example_dags/example_trigger_target_dag.py took 0.098 seconds
[2024-08-01T20:11:47.666+0000] {processor.py:161} INFO - Started process (PID=104) to work on /home/airflow/.local/lib/python3.12/site-packages/airflow/example_dags/example_trigger_target_dag.py
[2024-08-01T20:11:47.667+0000] {processor.py:830} INFO - Processing file /home/airflow/.local/lib/python3.12/site-packages/airflow/example_dags/example_trigger_target_dag.py for tasks to queue
[2024-08-01T20:11:47.668+0000] {logging_mixin.py:188} INFO - [2024-08-01T20:11:47.668+0000] {dagbag.py:545} INFO - Filling up the DagBag from /home/airflow/.local/lib/python3.12/site-packages/airflow/example_dags/example_trigger_target_dag.py
[2024-08-01T20:11:47.680+0000] {processor.py:840} INFO - DAG(s) 'example_trigger_target_dag' retrieved from /home/airflow/.local/lib/python3.12/site-packages/airflow/example_dags/example_trigger_target_dag.py
[2024-08-01T20:11:47.910+0000] {logging_mixin.py:188} INFO - [2024-08-01T20:11:47.909+0000] {dag.py:3089} INFO - Sync 1 DAGs
[2024-08-01T20:11:47.921+0000] {logging_mixin.py:188} INFO - [2024-08-01T20:11:47.921+0000] {dag.py:3947} INFO - Setting next_dagrun for example_trigger_target_dag to None, run_after=None
[2024-08-01T20:11:47.956+0000] {processor.py:183} INFO - Processing /home/airflow/.local/lib/python3.12/site-packages/airflow/example_dags/example_trigger_target_dag.py took 0.297 seconds
[2024-08-01T20:12:18.475+0000] {processor.py:161} INFO - Started process (PID=162) to work on /home/airflow/.local/lib/python3.12/site-packages/airflow/example_dags/example_trigger_target_dag.py
[2024-08-01T20:12:18.477+0000] {processor.py:830} INFO - Processing file /home/airflow/.local/lib/python3.12/site-packages/airflow/example_dags/example_trigger_target_dag.py for tasks to queue
[2024-08-01T20:12:18.479+0000] {logging_mixin.py:188} INFO - [2024-08-01T20:12:18.479+0000] {dagbag.py:545} INFO - Filling up the DagBag from /home/airflow/.local/lib/python3.12/site-packages/airflow/example_dags/example_trigger_target_dag.py
[2024-08-01T20:12:18.484+0000] {processor.py:840} INFO - DAG(s) 'example_trigger_target_dag' retrieved from /home/airflow/.local/lib/python3.12/site-packages/airflow/example_dags/example_trigger_target_dag.py
[2024-08-01T20:12:18.504+0000] {logging_mixin.py:188} INFO - [2024-08-01T20:12:18.503+0000] {dag.py:3089} INFO - Sync 1 DAGs
[2024-08-01T20:12:18.516+0000] {logging_mixin.py:188} INFO - [2024-08-01T20:12:18.516+0000] {dag.py:3947} INFO - Setting next_dagrun for example_trigger_target_dag to None, run_after=None
[2024-08-01T20:12:18.540+0000] {processor.py:183} INFO - Processing /home/airflow/.local/lib/python3.12/site-packages/airflow/example_dags/example_trigger_target_dag.py took 0.070 seconds
[2024-08-01T20:12:48.972+0000] {processor.py:161} INFO - Started process (PID=220) to work on /home/airflow/.local/lib/python3.12/site-packages/airflow/example_dags/example_trigger_target_dag.py
[2024-08-01T20:12:48.973+0000] {processor.py:830} INFO - Processing file /home/airflow/.local/lib/python3.12/site-packages/airflow/example_dags/example_trigger_target_dag.py for tasks to queue
[2024-08-01T20:12:48.974+0000] {logging_mixin.py:188} INFO - [2024-08-01T20:12:48.974+0000] {dagbag.py:545} INFO - Filling up the DagBag from /home/airflow/.local/lib/python3.12/site-packages/airflow/example_dags/example_trigger_target_dag.py
[2024-08-01T20:12:48.979+0000] {processor.py:840} INFO - DAG(s) 'example_trigger_target_dag' retrieved from /home/airflow/.local/lib/python3.12/site-packages/airflow/example_dags/example_trigger_target_dag.py
[2024-08-01T20:12:48.998+0000] {logging_mixin.py:188} INFO - [2024-08-01T20:12:48.997+0000] {dag.py:3089} INFO - Sync 1 DAGs
[2024-08-01T20:12:49.009+0000] {logging_mixin.py:188} INFO - [2024-08-01T20:12:49.009+0000] {dag.py:3947} INFO - Setting next_dagrun for example_trigger_target_dag to None, run_after=None
[2024-08-01T20:12:49.032+0000] {processor.py:183} INFO - Processing /home/airflow/.local/lib/python3.12/site-packages/airflow/example_dags/example_trigger_target_dag.py took 0.065 seconds
[2024-08-01T20:13:19.121+0000] {processor.py:161} INFO - Started process (PID=278) to work on /home/airflow/.local/lib/python3.12/site-packages/airflow/example_dags/example_trigger_target_dag.py
[2024-08-01T20:13:19.122+0000] {processor.py:830} INFO - Processing file /home/airflow/.local/lib/python3.12/site-packages/airflow/example_dags/example_trigger_target_dag.py for tasks to queue
[2024-08-01T20:13:19.124+0000] {logging_mixin.py:188} INFO - [2024-08-01T20:13:19.124+0000] {dagbag.py:545} INFO - Filling up the DagBag from /home/airflow/.local/lib/python3.12/site-packages/airflow/example_dags/example_trigger_target_dag.py
[2024-08-01T20:13:19.129+0000] {processor.py:840} INFO - DAG(s) 'example_trigger_target_dag' retrieved from /home/airflow/.local/lib/python3.12/site-packages/airflow/example_dags/example_trigger_target_dag.py
[2024-08-01T20:13:19.146+0000] {logging_mixin.py:188} INFO - [2024-08-01T20:13:19.146+0000] {dag.py:3089} INFO - Sync 1 DAGs
[2024-08-01T20:13:19.157+0000] {logging_mixin.py:188} INFO - [2024-08-01T20:13:19.156+0000] {dag.py:3947} INFO - Setting next_dagrun for example_trigger_target_dag to None, run_after=None
[2024-08-01T20:13:19.174+0000] {processor.py:183} INFO - Processing /home/airflow/.local/lib/python3.12/site-packages/airflow/example_dags/example_trigger_target_dag.py took 0.058 seconds
[2024-08-01T20:13:49.223+0000] {processor.py:161} INFO - Started process (PID=336) to work on /home/airflow/.local/lib/python3.12/site-packages/airflow/example_dags/example_trigger_target_dag.py
[2024-08-01T20:13:49.224+0000] {processor.py:830} INFO - Processing file /home/airflow/.local/lib/python3.12/site-packages/airflow/example_dags/example_trigger_target_dag.py for tasks to queue
[2024-08-01T20:13:49.226+0000] {logging_mixin.py:188} INFO - [2024-08-01T20:13:49.225+0000] {dagbag.py:545} INFO - Filling up the DagBag from /home/airflow/.local/lib/python3.12/site-packages/airflow/example_dags/example_trigger_target_dag.py
[2024-08-01T20:13:49.231+0000] {processor.py:840} INFO - DAG(s) 'example_trigger_target_dag' retrieved from /home/airflow/.local/lib/python3.12/site-packages/airflow/example_dags/example_trigger_target_dag.py
[2024-08-01T20:13:49.253+0000] {logging_mixin.py:188} INFO - [2024-08-01T20:13:49.253+0000] {dag.py:3089} INFO - Sync 1 DAGs
[2024-08-01T20:13:49.267+0000] {logging_mixin.py:188} INFO - [2024-08-01T20:13:49.267+0000] {dag.py:3947} INFO - Setting next_dagrun for example_trigger_target_dag to None, run_after=None
[2024-08-01T20:13:49.290+0000] {processor.py:183} INFO - Processing /home/airflow/.local/lib/python3.12/site-packages/airflow/example_dags/example_trigger_target_dag.py took 0.073 seconds
[2024-08-01T20:14:19.684+0000] {processor.py:161} INFO - Started process (PID=394) to work on /home/airflow/.local/lib/python3.12/site-packages/airflow/example_dags/example_trigger_target_dag.py
[2024-08-01T20:14:19.686+0000] {processor.py:830} INFO - Processing file /home/airflow/.local/lib/python3.12/site-packages/airflow/example_dags/example_trigger_target_dag.py for tasks to queue
[2024-08-01T20:14:19.687+0000] {logging_mixin.py:188} INFO - [2024-08-01T20:14:19.687+0000] {dagbag.py:545} INFO - Filling up the DagBag from /home/airflow/.local/lib/python3.12/site-packages/airflow/example_dags/example_trigger_target_dag.py
[2024-08-01T20:14:19.693+0000] {processor.py:840} INFO - DAG(s) 'example_trigger_target_dag' retrieved from /home/airflow/.local/lib/python3.12/site-packages/airflow/example_dags/example_trigger_target_dag.py
[2024-08-01T20:14:19.712+0000] {logging_mixin.py:188} INFO - [2024-08-01T20:14:19.712+0000] {dag.py:3089} INFO - Sync 1 DAGs
[2024-08-01T20:14:19.724+0000] {logging_mixin.py:188} INFO - [2024-08-01T20:14:19.723+0000] {dag.py:3947} INFO - Setting next_dagrun for example_trigger_target_dag to None, run_after=None
[2024-08-01T20:14:19.744+0000] {processor.py:183} INFO - Processing /home/airflow/.local/lib/python3.12/site-packages/airflow/example_dags/example_trigger_target_dag.py took 0.065 seconds
[2024-08-01T20:14:50.356+0000] {processor.py:161} INFO - Started process (PID=452) to work on /home/airflow/.local/lib/python3.12/site-packages/airflow/example_dags/example_trigger_target_dag.py
[2024-08-01T20:14:50.357+0000] {processor.py:830} INFO - Processing file /home/airflow/.local/lib/python3.12/site-packages/airflow/example_dags/example_trigger_target_dag.py for tasks to queue
[2024-08-01T20:14:50.359+0000] {logging_mixin.py:188} INFO - [2024-08-01T20:14:50.359+0000] {dagbag.py:545} INFO - Filling up the DagBag from /home/airflow/.local/lib/python3.12/site-packages/airflow/example_dags/example_trigger_target_dag.py
[2024-08-01T20:14:50.364+0000] {processor.py:840} INFO - DAG(s) 'example_trigger_target_dag' retrieved from /home/airflow/.local/lib/python3.12/site-packages/airflow/example_dags/example_trigger_target_dag.py
[2024-08-01T20:14:50.383+0000] {logging_mixin.py:188} INFO - [2024-08-01T20:14:50.383+0000] {dag.py:3089} INFO - Sync 1 DAGs
[2024-08-01T20:14:50.395+0000] {logging_mixin.py:188} INFO - [2024-08-01T20:14:50.395+0000] {dag.py:3947} INFO - Setting next_dagrun for example_trigger_target_dag to None, run_after=None
[2024-08-01T20:14:50.414+0000] {processor.py:183} INFO - Processing /home/airflow/.local/lib/python3.12/site-packages/airflow/example_dags/example_trigger_target_dag.py took 0.063 seconds
[2024-08-01T20:15:20.490+0000] {processor.py:161} INFO - Started process (PID=510) to work on /home/airflow/.local/lib/python3.12/site-packages/airflow/example_dags/example_trigger_target_dag.py
[2024-08-01T20:15:20.491+0000] {processor.py:830} INFO - Processing file /home/airflow/.local/lib/python3.12/site-packages/airflow/example_dags/example_trigger_target_dag.py for tasks to queue
[2024-08-01T20:15:20.492+0000] {logging_mixin.py:188} INFO - [2024-08-01T20:15:20.492+0000] {dagbag.py:545} INFO - Filling up the DagBag from /home/airflow/.local/lib/python3.12/site-packages/airflow/example_dags/example_trigger_target_dag.py
[2024-08-01T20:15:20.497+0000] {processor.py:840} INFO - DAG(s) 'example_trigger_target_dag' retrieved from /home/airflow/.local/lib/python3.12/site-packages/airflow/example_dags/example_trigger_target_dag.py
[2024-08-01T20:15:20.515+0000] {logging_mixin.py:188} INFO - [2024-08-01T20:15:20.514+0000] {dag.py:3089} INFO - Sync 1 DAGs
[2024-08-01T20:15:20.526+0000] {logging_mixin.py:188} INFO - [2024-08-01T20:15:20.526+0000] {dag.py:3947} INFO - Setting next_dagrun for example_trigger_target_dag to None, run_after=None
[2024-08-01T20:15:20.546+0000] {processor.py:183} INFO - Processing /home/airflow/.local/lib/python3.12/site-packages/airflow/example_dags/example_trigger_target_dag.py took 0.061 seconds
[2024-08-01T20:15:50.703+0000] {processor.py:161} INFO - Started process (PID=568) to work on /home/airflow/.local/lib/python3.12/site-packages/airflow/example_dags/example_trigger_target_dag.py
[2024-08-01T20:15:50.705+0000] {processor.py:830} INFO - Processing file /home/airflow/.local/lib/python3.12/site-packages/airflow/example_dags/example_trigger_target_dag.py for tasks to queue
[2024-08-01T20:15:50.707+0000] {logging_mixin.py:188} INFO - [2024-08-01T20:15:50.706+0000] {dagbag.py:545} INFO - Filling up the DagBag from /home/airflow/.local/lib/python3.12/site-packages/airflow/example_dags/example_trigger_target_dag.py
[2024-08-01T20:15:50.714+0000] {processor.py:840} INFO - DAG(s) 'example_trigger_target_dag' retrieved from /home/airflow/.local/lib/python3.12/site-packages/airflow/example_dags/example_trigger_target_dag.py
[2024-08-01T20:15:50.738+0000] {logging_mixin.py:188} INFO - [2024-08-01T20:15:50.738+0000] {dag.py:3089} INFO - Sync 1 DAGs
[2024-08-01T20:15:50.757+0000] {logging_mixin.py:188} INFO - [2024-08-01T20:15:50.756+0000] {dag.py:3947} INFO - Setting next_dagrun for example_trigger_target_dag to None, run_after=None
[2024-08-01T20:15:50.788+0000] {processor.py:183} INFO - Processing /home/airflow/.local/lib/python3.12/site-packages/airflow/example_dags/example_trigger_target_dag.py took 0.090 seconds
[2024-08-01T20:16:21.226+0000] {processor.py:161} INFO - Started process (PID=626) to work on /home/airflow/.local/lib/python3.12/site-packages/airflow/example_dags/example_trigger_target_dag.py
[2024-08-01T20:16:21.227+0000] {processor.py:830} INFO - Processing file /home/airflow/.local/lib/python3.12/site-packages/airflow/example_dags/example_trigger_target_dag.py for tasks to queue
[2024-08-01T20:16:21.228+0000] {logging_mixin.py:188} INFO - [2024-08-01T20:16:21.228+0000] {dagbag.py:545} INFO - Filling up the DagBag from /home/airflow/.local/lib/python3.12/site-packages/airflow/example_dags/example_trigger_target_dag.py
[2024-08-01T20:16:21.234+0000] {processor.py:840} INFO - DAG(s) 'example_trigger_target_dag' retrieved from /home/airflow/.local/lib/python3.12/site-packages/airflow/example_dags/example_trigger_target_dag.py
[2024-08-01T20:16:21.253+0000] {logging_mixin.py:188} INFO - [2024-08-01T20:16:21.252+0000] {dag.py:3089} INFO - Sync 1 DAGs
[2024-08-01T20:16:21.266+0000] {logging_mixin.py:188} INFO - [2024-08-01T20:16:21.265+0000] {dag.py:3947} INFO - Setting next_dagrun for example_trigger_target_dag to None, run_after=None
[2024-08-01T20:16:21.285+0000] {processor.py:183} INFO - Processing /home/airflow/.local/lib/python3.12/site-packages/airflow/example_dags/example_trigger_target_dag.py took 0.064 seconds
