[2024-08-01T20:02:21.839+0000] {processor.py:161} INFO - Started process (PID=90) to work on /home/airflow/.local/lib/python3.12/site-packages/airflow/example_dags/example_sla_dag.py
[2024-08-01T20:02:21.840+0000] {processor.py:830} INFO - Processing file /home/airflow/.local/lib/python3.12/site-packages/airflow/example_dags/example_sla_dag.py for tasks to queue
[2024-08-01T20:02:21.841+0000] {logging_mixin.py:188} INFO - [2024-08-01T20:02:21.841+0000] {dagbag.py:545} INFO - Filling up the DagBag from /home/airflow/.local/lib/python3.12/site-packages/airflow/example_dags/example_sla_dag.py
[2024-08-01T20:02:21.852+0000] {processor.py:840} INFO - DAG(s) 'example_sla_dag' retrieved from /home/airflow/.local/lib/python3.12/site-packages/airflow/example_dags/example_sla_dag.py
[2024-08-01T20:02:22.040+0000] {logging_mixin.py:188} INFO - [2024-08-01T20:02:22.040+0000] {dag.py:3089} INFO - Sync 1 DAGs
[2024-08-01T20:02:22.096+0000] {logging_mixin.py:188} INFO - [2024-08-01T20:02:22.096+0000] {dag.py:3947} INFO - Setting next_dagrun for example_sla_dag to 2024-08-01 20:00:00+00:00, run_after=2024-08-01 20:02:00+00:00
[2024-08-01T20:02:22.124+0000] {processor.py:183} INFO - Processing /home/airflow/.local/lib/python3.12/site-packages/airflow/example_dags/example_sla_dag.py took 0.290 seconds
[2024-08-01T20:02:52.371+0000] {processor.py:161} INFO - Started process (PID=148) to work on /home/airflow/.local/lib/python3.12/site-packages/airflow/example_dags/example_sla_dag.py
[2024-08-01T20:02:52.372+0000] {processor.py:830} INFO - Processing file /home/airflow/.local/lib/python3.12/site-packages/airflow/example_dags/example_sla_dag.py for tasks to queue
[2024-08-01T20:02:52.374+0000] {logging_mixin.py:188} INFO - [2024-08-01T20:02:52.373+0000] {dagbag.py:545} INFO - Filling up the DagBag from /home/airflow/.local/lib/python3.12/site-packages/airflow/example_dags/example_sla_dag.py
[2024-08-01T20:02:52.387+0000] {processor.py:840} INFO - DAG(s) 'example_sla_dag' retrieved from /home/airflow/.local/lib/python3.12/site-packages/airflow/example_dags/example_sla_dag.py
[2024-08-01T20:02:52.406+0000] {logging_mixin.py:188} INFO - [2024-08-01T20:02:52.406+0000] {dag.py:3089} INFO - Sync 1 DAGs
[2024-08-01T20:02:52.429+0000] {logging_mixin.py:188} INFO - [2024-08-01T20:02:52.429+0000] {dag.py:3947} INFO - Setting next_dagrun for example_sla_dag to 2024-08-01 20:00:00+00:00, run_after=2024-08-01 20:02:00+00:00
[2024-08-01T20:02:52.448+0000] {processor.py:183} INFO - Processing /home/airflow/.local/lib/python3.12/site-packages/airflow/example_dags/example_sla_dag.py took 0.082 seconds
[2024-08-01T20:03:22.654+0000] {processor.py:161} INFO - Started process (PID=206) to work on /home/airflow/.local/lib/python3.12/site-packages/airflow/example_dags/example_sla_dag.py
[2024-08-01T20:03:22.655+0000] {processor.py:830} INFO - Processing file /home/airflow/.local/lib/python3.12/site-packages/airflow/example_dags/example_sla_dag.py for tasks to queue
[2024-08-01T20:03:22.656+0000] {logging_mixin.py:188} INFO - [2024-08-01T20:03:22.656+0000] {dagbag.py:545} INFO - Filling up the DagBag from /home/airflow/.local/lib/python3.12/site-packages/airflow/example_dags/example_sla_dag.py
[2024-08-01T20:03:22.664+0000] {processor.py:840} INFO - DAG(s) 'example_sla_dag' retrieved from /home/airflow/.local/lib/python3.12/site-packages/airflow/example_dags/example_sla_dag.py
[2024-08-01T20:03:22.683+0000] {logging_mixin.py:188} INFO - [2024-08-01T20:03:22.683+0000] {dag.py:3089} INFO - Sync 1 DAGs
[2024-08-01T20:03:22.705+0000] {logging_mixin.py:188} INFO - [2024-08-01T20:03:22.705+0000] {dag.py:3947} INFO - Setting next_dagrun for example_sla_dag to 2024-08-01 20:00:00+00:00, run_after=2024-08-01 20:02:00+00:00
[2024-08-01T20:03:22.727+0000] {processor.py:183} INFO - Processing /home/airflow/.local/lib/python3.12/site-packages/airflow/example_dags/example_sla_dag.py took 0.077 seconds
[2024-08-01T20:03:53.111+0000] {processor.py:161} INFO - Started process (PID=264) to work on /home/airflow/.local/lib/python3.12/site-packages/airflow/example_dags/example_sla_dag.py
[2024-08-01T20:03:53.112+0000] {processor.py:830} INFO - Processing file /home/airflow/.local/lib/python3.12/site-packages/airflow/example_dags/example_sla_dag.py for tasks to queue
[2024-08-01T20:03:53.114+0000] {logging_mixin.py:188} INFO - [2024-08-01T20:03:53.113+0000] {dagbag.py:545} INFO - Filling up the DagBag from /home/airflow/.local/lib/python3.12/site-packages/airflow/example_dags/example_sla_dag.py
[2024-08-01T20:03:53.121+0000] {processor.py:840} INFO - DAG(s) 'example_sla_dag' retrieved from /home/airflow/.local/lib/python3.12/site-packages/airflow/example_dags/example_sla_dag.py
[2024-08-01T20:03:53.138+0000] {logging_mixin.py:188} INFO - [2024-08-01T20:03:53.138+0000] {dag.py:3089} INFO - Sync 1 DAGs
[2024-08-01T20:03:53.161+0000] {logging_mixin.py:188} INFO - [2024-08-01T20:03:53.160+0000] {dag.py:3947} INFO - Setting next_dagrun for example_sla_dag to 2024-08-01 20:00:00+00:00, run_after=2024-08-01 20:02:00+00:00
[2024-08-01T20:03:53.180+0000] {processor.py:183} INFO - Processing /home/airflow/.local/lib/python3.12/site-packages/airflow/example_dags/example_sla_dag.py took 0.073 seconds
[2024-08-01T20:04:23.550+0000] {processor.py:161} INFO - Started process (PID=322) to work on /home/airflow/.local/lib/python3.12/site-packages/airflow/example_dags/example_sla_dag.py
[2024-08-01T20:04:23.551+0000] {processor.py:830} INFO - Processing file /home/airflow/.local/lib/python3.12/site-packages/airflow/example_dags/example_sla_dag.py for tasks to queue
[2024-08-01T20:04:23.553+0000] {logging_mixin.py:188} INFO - [2024-08-01T20:04:23.552+0000] {dagbag.py:545} INFO - Filling up the DagBag from /home/airflow/.local/lib/python3.12/site-packages/airflow/example_dags/example_sla_dag.py
[2024-08-01T20:04:23.560+0000] {processor.py:840} INFO - DAG(s) 'example_sla_dag' retrieved from /home/airflow/.local/lib/python3.12/site-packages/airflow/example_dags/example_sla_dag.py
[2024-08-01T20:04:23.579+0000] {logging_mixin.py:188} INFO - [2024-08-01T20:04:23.579+0000] {dag.py:3089} INFO - Sync 1 DAGs
[2024-08-01T20:04:23.602+0000] {logging_mixin.py:188} INFO - [2024-08-01T20:04:23.602+0000] {dag.py:3947} INFO - Setting next_dagrun for example_sla_dag to 2024-08-01 20:02:00+00:00, run_after=2024-08-01 20:04:00+00:00
[2024-08-01T20:04:23.623+0000] {processor.py:183} INFO - Processing /home/airflow/.local/lib/python3.12/site-packages/airflow/example_dags/example_sla_dag.py took 0.079 seconds
[2024-08-01T20:04:54.191+0000] {processor.py:161} INFO - Started process (PID=380) to work on /home/airflow/.local/lib/python3.12/site-packages/airflow/example_dags/example_sla_dag.py
[2024-08-01T20:04:54.192+0000] {processor.py:830} INFO - Processing file /home/airflow/.local/lib/python3.12/site-packages/airflow/example_dags/example_sla_dag.py for tasks to queue
[2024-08-01T20:04:54.194+0000] {logging_mixin.py:188} INFO - [2024-08-01T20:04:54.193+0000] {dagbag.py:545} INFO - Filling up the DagBag from /home/airflow/.local/lib/python3.12/site-packages/airflow/example_dags/example_sla_dag.py
[2024-08-01T20:04:54.201+0000] {processor.py:840} INFO - DAG(s) 'example_sla_dag' retrieved from /home/airflow/.local/lib/python3.12/site-packages/airflow/example_dags/example_sla_dag.py
[2024-08-01T20:04:54.219+0000] {logging_mixin.py:188} INFO - [2024-08-01T20:04:54.219+0000] {dag.py:3089} INFO - Sync 1 DAGs
[2024-08-01T20:04:54.243+0000] {logging_mixin.py:188} INFO - [2024-08-01T20:04:54.242+0000] {dag.py:3947} INFO - Setting next_dagrun for example_sla_dag to 2024-08-01 20:02:00+00:00, run_after=2024-08-01 20:04:00+00:00
[2024-08-01T20:04:54.265+0000] {processor.py:183} INFO - Processing /home/airflow/.local/lib/python3.12/site-packages/airflow/example_dags/example_sla_dag.py took 0.080 seconds
[2024-08-01T20:05:24.874+0000] {processor.py:161} INFO - Started process (PID=438) to work on /home/airflow/.local/lib/python3.12/site-packages/airflow/example_dags/example_sla_dag.py
[2024-08-01T20:05:24.875+0000] {processor.py:830} INFO - Processing file /home/airflow/.local/lib/python3.12/site-packages/airflow/example_dags/example_sla_dag.py for tasks to queue
[2024-08-01T20:05:24.877+0000] {logging_mixin.py:188} INFO - [2024-08-01T20:05:24.877+0000] {dagbag.py:545} INFO - Filling up the DagBag from /home/airflow/.local/lib/python3.12/site-packages/airflow/example_dags/example_sla_dag.py
[2024-08-01T20:05:24.884+0000] {processor.py:840} INFO - DAG(s) 'example_sla_dag' retrieved from /home/airflow/.local/lib/python3.12/site-packages/airflow/example_dags/example_sla_dag.py
[2024-08-01T20:05:24.901+0000] {logging_mixin.py:188} INFO - [2024-08-01T20:05:24.901+0000] {dag.py:3089} INFO - Sync 1 DAGs
[2024-08-01T20:05:24.923+0000] {logging_mixin.py:188} INFO - [2024-08-01T20:05:24.923+0000] {dag.py:3947} INFO - Setting next_dagrun for example_sla_dag to 2024-08-01 20:02:00+00:00, run_after=2024-08-01 20:04:00+00:00
[2024-08-01T20:05:24.942+0000] {processor.py:183} INFO - Processing /home/airflow/.local/lib/python3.12/site-packages/airflow/example_dags/example_sla_dag.py took 0.072 seconds
[2024-08-01T20:05:55.381+0000] {processor.py:161} INFO - Started process (PID=496) to work on /home/airflow/.local/lib/python3.12/site-packages/airflow/example_dags/example_sla_dag.py
[2024-08-01T20:05:55.382+0000] {processor.py:830} INFO - Processing file /home/airflow/.local/lib/python3.12/site-packages/airflow/example_dags/example_sla_dag.py for tasks to queue
[2024-08-01T20:05:55.384+0000] {logging_mixin.py:188} INFO - [2024-08-01T20:05:55.383+0000] {dagbag.py:545} INFO - Filling up the DagBag from /home/airflow/.local/lib/python3.12/site-packages/airflow/example_dags/example_sla_dag.py
[2024-08-01T20:05:55.391+0000] {processor.py:840} INFO - DAG(s) 'example_sla_dag' retrieved from /home/airflow/.local/lib/python3.12/site-packages/airflow/example_dags/example_sla_dag.py
[2024-08-01T20:05:55.411+0000] {logging_mixin.py:188} INFO - [2024-08-01T20:05:55.411+0000] {dag.py:3089} INFO - Sync 1 DAGs
[2024-08-01T20:05:55.436+0000] {logging_mixin.py:188} INFO - [2024-08-01T20:05:55.436+0000] {dag.py:3947} INFO - Setting next_dagrun for example_sla_dag to 2024-08-01 20:02:00+00:00, run_after=2024-08-01 20:04:00+00:00
[2024-08-01T20:05:55.453+0000] {processor.py:183} INFO - Processing /home/airflow/.local/lib/python3.12/site-packages/airflow/example_dags/example_sla_dag.py took 0.077 seconds
[2024-08-01T20:06:36.157+0000] {processor.py:161} INFO - Started process (PID=84) to work on /home/airflow/.local/lib/python3.12/site-packages/airflow/example_dags/example_sla_dag.py
[2024-08-01T20:06:36.158+0000] {processor.py:830} INFO - Processing file /home/airflow/.local/lib/python3.12/site-packages/airflow/example_dags/example_sla_dag.py for tasks to queue
[2024-08-01T20:06:36.160+0000] {logging_mixin.py:188} INFO - [2024-08-01T20:06:36.159+0000] {dagbag.py:545} INFO - Filling up the DagBag from /home/airflow/.local/lib/python3.12/site-packages/airflow/example_dags/example_sla_dag.py
[2024-08-01T20:06:36.167+0000] {processor.py:840} INFO - DAG(s) 'example_sla_dag' retrieved from /home/airflow/.local/lib/python3.12/site-packages/airflow/example_dags/example_sla_dag.py
[2024-08-01T20:06:36.186+0000] {logging_mixin.py:188} INFO - [2024-08-01T20:06:36.185+0000] {dag.py:3089} INFO - Sync 1 DAGs
[2024-08-01T20:06:36.211+0000] {logging_mixin.py:188} INFO - [2024-08-01T20:06:36.211+0000] {dag.py:3947} INFO - Setting next_dagrun for example_sla_dag to 2024-08-01 20:04:00+00:00, run_after=2024-08-01 20:06:00+00:00
[2024-08-01T20:06:36.232+0000] {processor.py:183} INFO - Processing /home/airflow/.local/lib/python3.12/site-packages/airflow/example_dags/example_sla_dag.py took 0.080 seconds
[2024-08-01T20:07:07.146+0000] {processor.py:161} INFO - Started process (PID=142) to work on /home/airflow/.local/lib/python3.12/site-packages/airflow/example_dags/example_sla_dag.py
[2024-08-01T20:07:07.147+0000] {processor.py:830} INFO - Processing file /home/airflow/.local/lib/python3.12/site-packages/airflow/example_dags/example_sla_dag.py for tasks to queue
[2024-08-01T20:07:07.148+0000] {logging_mixin.py:188} INFO - [2024-08-01T20:07:07.148+0000] {dagbag.py:545} INFO - Filling up the DagBag from /home/airflow/.local/lib/python3.12/site-packages/airflow/example_dags/example_sla_dag.py
[2024-08-01T20:07:07.157+0000] {processor.py:840} INFO - DAG(s) 'example_sla_dag' retrieved from /home/airflow/.local/lib/python3.12/site-packages/airflow/example_dags/example_sla_dag.py
[2024-08-01T20:07:07.177+0000] {logging_mixin.py:188} INFO - [2024-08-01T20:07:07.177+0000] {dag.py:3089} INFO - Sync 1 DAGs
[2024-08-01T20:07:07.198+0000] {logging_mixin.py:188} INFO - [2024-08-01T20:07:07.198+0000] {dag.py:3947} INFO - Setting next_dagrun for example_sla_dag to 2024-08-01 20:04:00+00:00, run_after=2024-08-01 20:06:00+00:00
[2024-08-01T20:07:07.215+0000] {processor.py:183} INFO - Processing /home/airflow/.local/lib/python3.12/site-packages/airflow/example_dags/example_sla_dag.py took 0.074 seconds
[2024-08-01T20:07:37.896+0000] {processor.py:161} INFO - Started process (PID=200) to work on /home/airflow/.local/lib/python3.12/site-packages/airflow/example_dags/example_sla_dag.py
[2024-08-01T20:07:37.897+0000] {processor.py:830} INFO - Processing file /home/airflow/.local/lib/python3.12/site-packages/airflow/example_dags/example_sla_dag.py for tasks to queue
[2024-08-01T20:07:37.899+0000] {logging_mixin.py:188} INFO - [2024-08-01T20:07:37.899+0000] {dagbag.py:545} INFO - Filling up the DagBag from /home/airflow/.local/lib/python3.12/site-packages/airflow/example_dags/example_sla_dag.py
[2024-08-01T20:07:37.910+0000] {processor.py:840} INFO - DAG(s) 'example_sla_dag' retrieved from /home/airflow/.local/lib/python3.12/site-packages/airflow/example_dags/example_sla_dag.py
[2024-08-01T20:07:37.932+0000] {logging_mixin.py:188} INFO - [2024-08-01T20:07:37.931+0000] {dag.py:3089} INFO - Sync 1 DAGs
[2024-08-01T20:07:37.957+0000] {logging_mixin.py:188} INFO - [2024-08-01T20:07:37.957+0000] {dag.py:3947} INFO - Setting next_dagrun for example_sla_dag to 2024-08-01 20:04:00+00:00, run_after=2024-08-01 20:06:00+00:00
[2024-08-01T20:07:37.977+0000] {processor.py:183} INFO - Processing /home/airflow/.local/lib/python3.12/site-packages/airflow/example_dags/example_sla_dag.py took 0.085 seconds
[2024-08-01T20:08:08.161+0000] {processor.py:161} INFO - Started process (PID=258) to work on /home/airflow/.local/lib/python3.12/site-packages/airflow/example_dags/example_sla_dag.py
[2024-08-01T20:08:08.162+0000] {processor.py:830} INFO - Processing file /home/airflow/.local/lib/python3.12/site-packages/airflow/example_dags/example_sla_dag.py for tasks to queue
[2024-08-01T20:08:08.163+0000] {logging_mixin.py:188} INFO - [2024-08-01T20:08:08.163+0000] {dagbag.py:545} INFO - Filling up the DagBag from /home/airflow/.local/lib/python3.12/site-packages/airflow/example_dags/example_sla_dag.py
[2024-08-01T20:08:08.170+0000] {processor.py:840} INFO - DAG(s) 'example_sla_dag' retrieved from /home/airflow/.local/lib/python3.12/site-packages/airflow/example_dags/example_sla_dag.py
[2024-08-01T20:08:08.189+0000] {logging_mixin.py:188} INFO - [2024-08-01T20:08:08.189+0000] {dag.py:3089} INFO - Sync 1 DAGs
[2024-08-01T20:08:08.212+0000] {logging_mixin.py:188} INFO - [2024-08-01T20:08:08.212+0000] {dag.py:3947} INFO - Setting next_dagrun for example_sla_dag to 2024-08-01 20:06:00+00:00, run_after=2024-08-01 20:08:00+00:00
[2024-08-01T20:08:08.232+0000] {processor.py:183} INFO - Processing /home/airflow/.local/lib/python3.12/site-packages/airflow/example_dags/example_sla_dag.py took 0.076 seconds
[2024-08-01T20:08:38.727+0000] {processor.py:161} INFO - Started process (PID=316) to work on /home/airflow/.local/lib/python3.12/site-packages/airflow/example_dags/example_sla_dag.py
[2024-08-01T20:08:38.728+0000] {processor.py:830} INFO - Processing file /home/airflow/.local/lib/python3.12/site-packages/airflow/example_dags/example_sla_dag.py for tasks to queue
[2024-08-01T20:08:38.730+0000] {logging_mixin.py:188} INFO - [2024-08-01T20:08:38.729+0000] {dagbag.py:545} INFO - Filling up the DagBag from /home/airflow/.local/lib/python3.12/site-packages/airflow/example_dags/example_sla_dag.py
[2024-08-01T20:08:38.740+0000] {processor.py:840} INFO - DAG(s) 'example_sla_dag' retrieved from /home/airflow/.local/lib/python3.12/site-packages/airflow/example_dags/example_sla_dag.py
[2024-08-01T20:08:38.764+0000] {logging_mixin.py:188} INFO - [2024-08-01T20:08:38.764+0000] {dag.py:3089} INFO - Sync 1 DAGs
[2024-08-01T20:08:38.791+0000] {logging_mixin.py:188} INFO - [2024-08-01T20:08:38.791+0000] {dag.py:3947} INFO - Setting next_dagrun for example_sla_dag to 2024-08-01 20:06:00+00:00, run_after=2024-08-01 20:08:00+00:00
[2024-08-01T20:08:38.814+0000] {processor.py:183} INFO - Processing /home/airflow/.local/lib/python3.12/site-packages/airflow/example_dags/example_sla_dag.py took 0.091 seconds
[2024-08-01T20:09:09.315+0000] {processor.py:161} INFO - Started process (PID=374) to work on /home/airflow/.local/lib/python3.12/site-packages/airflow/example_dags/example_sla_dag.py
[2024-08-01T20:09:09.316+0000] {processor.py:830} INFO - Processing file /home/airflow/.local/lib/python3.12/site-packages/airflow/example_dags/example_sla_dag.py for tasks to queue
[2024-08-01T20:09:09.317+0000] {logging_mixin.py:188} INFO - [2024-08-01T20:09:09.317+0000] {dagbag.py:545} INFO - Filling up the DagBag from /home/airflow/.local/lib/python3.12/site-packages/airflow/example_dags/example_sla_dag.py
[2024-08-01T20:09:09.326+0000] {processor.py:840} INFO - DAG(s) 'example_sla_dag' retrieved from /home/airflow/.local/lib/python3.12/site-packages/airflow/example_dags/example_sla_dag.py
[2024-08-01T20:09:09.347+0000] {logging_mixin.py:188} INFO - [2024-08-01T20:09:09.346+0000] {dag.py:3089} INFO - Sync 1 DAGs
[2024-08-01T20:09:09.370+0000] {logging_mixin.py:188} INFO - [2024-08-01T20:09:09.370+0000] {dag.py:3947} INFO - Setting next_dagrun for example_sla_dag to 2024-08-01 20:06:00+00:00, run_after=2024-08-01 20:08:00+00:00
[2024-08-01T20:09:09.389+0000] {processor.py:183} INFO - Processing /home/airflow/.local/lib/python3.12/site-packages/airflow/example_dags/example_sla_dag.py took 0.079 seconds
[2024-08-01T20:11:21.911+0000] {processor.py:161} INFO - Started process (PID=88) to work on /home/airflow/.local/lib/python3.12/site-packages/airflow/example_dags/example_sla_dag.py
[2024-08-01T20:11:21.912+0000] {processor.py:830} INFO - Processing file /home/airflow/.local/lib/python3.12/site-packages/airflow/example_dags/example_sla_dag.py for tasks to queue
[2024-08-01T20:11:21.914+0000] {logging_mixin.py:188} INFO - [2024-08-01T20:11:21.914+0000] {dagbag.py:545} INFO - Filling up the DagBag from /home/airflow/.local/lib/python3.12/site-packages/airflow/example_dags/example_sla_dag.py
[2024-08-01T20:11:21.923+0000] {processor.py:840} INFO - DAG(s) 'example_sla_dag' retrieved from /home/airflow/.local/lib/python3.12/site-packages/airflow/example_dags/example_sla_dag.py
[2024-08-01T20:11:21.934+0000] {logging_mixin.py:188} INFO - [2024-08-01T20:11:21.934+0000] {dag.py:3089} INFO - Sync 1 DAGs
[2024-08-01T20:11:21.961+0000] {logging_mixin.py:188} INFO - [2024-08-01T20:11:21.961+0000] {dag.py:3947} INFO - Setting next_dagrun for example_sla_dag to 2024-08-01 20:08:00+00:00, run_after=2024-08-01 20:10:00+00:00
[2024-08-01T20:11:21.985+0000] {processor.py:183} INFO - Processing /home/airflow/.local/lib/python3.12/site-packages/airflow/example_dags/example_sla_dag.py took 0.080 seconds
[2024-08-01T20:11:53.434+0000] {processor.py:161} INFO - Started process (PID=146) to work on /home/airflow/.local/lib/python3.12/site-packages/airflow/example_dags/example_sla_dag.py
[2024-08-01T20:11:53.437+0000] {processor.py:830} INFO - Processing file /home/airflow/.local/lib/python3.12/site-packages/airflow/example_dags/example_sla_dag.py for tasks to queue
[2024-08-01T20:11:53.439+0000] {logging_mixin.py:188} INFO - [2024-08-01T20:11:53.438+0000] {dagbag.py:545} INFO - Filling up the DagBag from /home/airflow/.local/lib/python3.12/site-packages/airflow/example_dags/example_sla_dag.py
[2024-08-01T20:11:53.448+0000] {processor.py:840} INFO - DAG(s) 'example_sla_dag' retrieved from /home/airflow/.local/lib/python3.12/site-packages/airflow/example_dags/example_sla_dag.py
[2024-08-01T20:11:53.560+0000] {logging_mixin.py:188} INFO - [2024-08-01T20:11:53.560+0000] {dag.py:3089} INFO - Sync 1 DAGs
[2024-08-01T20:11:53.585+0000] {logging_mixin.py:188} INFO - [2024-08-01T20:11:53.584+0000] {dag.py:3947} INFO - Setting next_dagrun for example_sla_dag to 2024-08-01 20:08:00+00:00, run_after=2024-08-01 20:10:00+00:00
[2024-08-01T20:11:53.612+0000] {processor.py:183} INFO - Processing /home/airflow/.local/lib/python3.12/site-packages/airflow/example_dags/example_sla_dag.py took 0.182 seconds
[2024-08-01T20:12:24.529+0000] {processor.py:161} INFO - Started process (PID=204) to work on /home/airflow/.local/lib/python3.12/site-packages/airflow/example_dags/example_sla_dag.py
[2024-08-01T20:12:24.530+0000] {processor.py:830} INFO - Processing file /home/airflow/.local/lib/python3.12/site-packages/airflow/example_dags/example_sla_dag.py for tasks to queue
[2024-08-01T20:12:24.531+0000] {logging_mixin.py:188} INFO - [2024-08-01T20:12:24.531+0000] {dagbag.py:545} INFO - Filling up the DagBag from /home/airflow/.local/lib/python3.12/site-packages/airflow/example_dags/example_sla_dag.py
[2024-08-01T20:12:24.538+0000] {processor.py:840} INFO - DAG(s) 'example_sla_dag' retrieved from /home/airflow/.local/lib/python3.12/site-packages/airflow/example_dags/example_sla_dag.py
[2024-08-01T20:12:24.556+0000] {logging_mixin.py:188} INFO - [2024-08-01T20:12:24.555+0000] {dag.py:3089} INFO - Sync 1 DAGs
[2024-08-01T20:12:24.577+0000] {logging_mixin.py:188} INFO - [2024-08-01T20:12:24.577+0000] {dag.py:3947} INFO - Setting next_dagrun for example_sla_dag to 2024-08-01 20:10:00+00:00, run_after=2024-08-01 20:12:00+00:00
[2024-08-01T20:12:24.596+0000] {processor.py:183} INFO - Processing /home/airflow/.local/lib/python3.12/site-packages/airflow/example_dags/example_sla_dag.py took 0.072 seconds
[2024-08-01T20:12:54.809+0000] {processor.py:161} INFO - Started process (PID=262) to work on /home/airflow/.local/lib/python3.12/site-packages/airflow/example_dags/example_sla_dag.py
[2024-08-01T20:12:54.810+0000] {processor.py:830} INFO - Processing file /home/airflow/.local/lib/python3.12/site-packages/airflow/example_dags/example_sla_dag.py for tasks to queue
[2024-08-01T20:12:54.812+0000] {logging_mixin.py:188} INFO - [2024-08-01T20:12:54.811+0000] {dagbag.py:545} INFO - Filling up the DagBag from /home/airflow/.local/lib/python3.12/site-packages/airflow/example_dags/example_sla_dag.py
[2024-08-01T20:12:54.818+0000] {processor.py:840} INFO - DAG(s) 'example_sla_dag' retrieved from /home/airflow/.local/lib/python3.12/site-packages/airflow/example_dags/example_sla_dag.py
[2024-08-01T20:12:54.835+0000] {logging_mixin.py:188} INFO - [2024-08-01T20:12:54.834+0000] {dag.py:3089} INFO - Sync 1 DAGs
[2024-08-01T20:12:54.856+0000] {logging_mixin.py:188} INFO - [2024-08-01T20:12:54.856+0000] {dag.py:3947} INFO - Setting next_dagrun for example_sla_dag to 2024-08-01 20:10:00+00:00, run_after=2024-08-01 20:12:00+00:00
[2024-08-01T20:12:54.888+0000] {processor.py:183} INFO - Processing /home/airflow/.local/lib/python3.12/site-packages/airflow/example_dags/example_sla_dag.py took 0.084 seconds
[2024-08-01T20:13:24.935+0000] {processor.py:161} INFO - Started process (PID=320) to work on /home/airflow/.local/lib/python3.12/site-packages/airflow/example_dags/example_sla_dag.py
[2024-08-01T20:13:24.936+0000] {processor.py:830} INFO - Processing file /home/airflow/.local/lib/python3.12/site-packages/airflow/example_dags/example_sla_dag.py for tasks to queue
[2024-08-01T20:13:24.937+0000] {logging_mixin.py:188} INFO - [2024-08-01T20:13:24.937+0000] {dagbag.py:545} INFO - Filling up the DagBag from /home/airflow/.local/lib/python3.12/site-packages/airflow/example_dags/example_sla_dag.py
[2024-08-01T20:13:24.944+0000] {processor.py:840} INFO - DAG(s) 'example_sla_dag' retrieved from /home/airflow/.local/lib/python3.12/site-packages/airflow/example_dags/example_sla_dag.py
[2024-08-01T20:13:24.962+0000] {logging_mixin.py:188} INFO - [2024-08-01T20:13:24.962+0000] {dag.py:3089} INFO - Sync 1 DAGs
[2024-08-01T20:13:24.984+0000] {logging_mixin.py:188} INFO - [2024-08-01T20:13:24.984+0000] {dag.py:3947} INFO - Setting next_dagrun for example_sla_dag to 2024-08-01 20:10:00+00:00, run_after=2024-08-01 20:12:00+00:00
[2024-08-01T20:13:25.004+0000] {processor.py:183} INFO - Processing /home/airflow/.local/lib/python3.12/site-packages/airflow/example_dags/example_sla_dag.py took 0.074 seconds
[2024-08-01T20:13:55.336+0000] {processor.py:161} INFO - Started process (PID=378) to work on /home/airflow/.local/lib/python3.12/site-packages/airflow/example_dags/example_sla_dag.py
[2024-08-01T20:13:55.337+0000] {processor.py:830} INFO - Processing file /home/airflow/.local/lib/python3.12/site-packages/airflow/example_dags/example_sla_dag.py for tasks to queue
[2024-08-01T20:13:55.338+0000] {logging_mixin.py:188} INFO - [2024-08-01T20:13:55.338+0000] {dagbag.py:545} INFO - Filling up the DagBag from /home/airflow/.local/lib/python3.12/site-packages/airflow/example_dags/example_sla_dag.py
[2024-08-01T20:13:55.345+0000] {processor.py:840} INFO - DAG(s) 'example_sla_dag' retrieved from /home/airflow/.local/lib/python3.12/site-packages/airflow/example_dags/example_sla_dag.py
[2024-08-01T20:13:55.366+0000] {logging_mixin.py:188} INFO - [2024-08-01T20:13:55.365+0000] {dag.py:3089} INFO - Sync 1 DAGs
[2024-08-01T20:13:55.388+0000] {logging_mixin.py:188} INFO - [2024-08-01T20:13:55.388+0000] {dag.py:3947} INFO - Setting next_dagrun for example_sla_dag to 2024-08-01 20:10:00+00:00, run_after=2024-08-01 20:12:00+00:00
[2024-08-01T20:13:55.409+0000] {processor.py:183} INFO - Processing /home/airflow/.local/lib/python3.12/site-packages/airflow/example_dags/example_sla_dag.py took 0.077 seconds
[2024-08-01T20:14:25.798+0000] {processor.py:161} INFO - Started process (PID=436) to work on /home/airflow/.local/lib/python3.12/site-packages/airflow/example_dags/example_sla_dag.py
[2024-08-01T20:14:25.799+0000] {processor.py:830} INFO - Processing file /home/airflow/.local/lib/python3.12/site-packages/airflow/example_dags/example_sla_dag.py for tasks to queue
[2024-08-01T20:14:25.801+0000] {logging_mixin.py:188} INFO - [2024-08-01T20:14:25.800+0000] {dagbag.py:545} INFO - Filling up the DagBag from /home/airflow/.local/lib/python3.12/site-packages/airflow/example_dags/example_sla_dag.py
[2024-08-01T20:14:25.809+0000] {processor.py:840} INFO - DAG(s) 'example_sla_dag' retrieved from /home/airflow/.local/lib/python3.12/site-packages/airflow/example_dags/example_sla_dag.py
[2024-08-01T20:14:25.836+0000] {logging_mixin.py:188} INFO - [2024-08-01T20:14:25.835+0000] {dag.py:3089} INFO - Sync 1 DAGs
[2024-08-01T20:14:25.879+0000] {logging_mixin.py:188} INFO - [2024-08-01T20:14:25.879+0000] {dag.py:3947} INFO - Setting next_dagrun for example_sla_dag to 2024-08-01 20:12:00+00:00, run_after=2024-08-01 20:14:00+00:00
[2024-08-01T20:14:25.912+0000] {processor.py:183} INFO - Processing /home/airflow/.local/lib/python3.12/site-packages/airflow/example_dags/example_sla_dag.py took 0.119 seconds
[2024-08-01T20:14:56.087+0000] {processor.py:161} INFO - Started process (PID=494) to work on /home/airflow/.local/lib/python3.12/site-packages/airflow/example_dags/example_sla_dag.py
[2024-08-01T20:14:56.088+0000] {processor.py:830} INFO - Processing file /home/airflow/.local/lib/python3.12/site-packages/airflow/example_dags/example_sla_dag.py for tasks to queue
[2024-08-01T20:14:56.090+0000] {logging_mixin.py:188} INFO - [2024-08-01T20:14:56.089+0000] {dagbag.py:545} INFO - Filling up the DagBag from /home/airflow/.local/lib/python3.12/site-packages/airflow/example_dags/example_sla_dag.py
[2024-08-01T20:14:56.097+0000] {processor.py:840} INFO - DAG(s) 'example_sla_dag' retrieved from /home/airflow/.local/lib/python3.12/site-packages/airflow/example_dags/example_sla_dag.py
[2024-08-01T20:14:56.114+0000] {logging_mixin.py:188} INFO - [2024-08-01T20:14:56.114+0000] {dag.py:3089} INFO - Sync 1 DAGs
[2024-08-01T20:14:56.136+0000] {logging_mixin.py:188} INFO - [2024-08-01T20:14:56.136+0000] {dag.py:3947} INFO - Setting next_dagrun for example_sla_dag to 2024-08-01 20:12:00+00:00, run_after=2024-08-01 20:14:00+00:00
[2024-08-01T20:14:56.154+0000] {processor.py:183} INFO - Processing /home/airflow/.local/lib/python3.12/site-packages/airflow/example_dags/example_sla_dag.py took 0.071 seconds
[2024-08-01T20:15:26.381+0000] {processor.py:161} INFO - Started process (PID=552) to work on /home/airflow/.local/lib/python3.12/site-packages/airflow/example_dags/example_sla_dag.py
[2024-08-01T20:15:26.382+0000] {processor.py:830} INFO - Processing file /home/airflow/.local/lib/python3.12/site-packages/airflow/example_dags/example_sla_dag.py for tasks to queue
[2024-08-01T20:15:26.383+0000] {logging_mixin.py:188} INFO - [2024-08-01T20:15:26.383+0000] {dagbag.py:545} INFO - Filling up the DagBag from /home/airflow/.local/lib/python3.12/site-packages/airflow/example_dags/example_sla_dag.py
[2024-08-01T20:15:26.389+0000] {processor.py:840} INFO - DAG(s) 'example_sla_dag' retrieved from /home/airflow/.local/lib/python3.12/site-packages/airflow/example_dags/example_sla_dag.py
[2024-08-01T20:15:26.407+0000] {logging_mixin.py:188} INFO - [2024-08-01T20:15:26.407+0000] {dag.py:3089} INFO - Sync 1 DAGs
[2024-08-01T20:15:26.430+0000] {logging_mixin.py:188} INFO - [2024-08-01T20:15:26.429+0000] {dag.py:3947} INFO - Setting next_dagrun for example_sla_dag to 2024-08-01 20:12:00+00:00, run_after=2024-08-01 20:14:00+00:00
[2024-08-01T20:15:26.449+0000] {processor.py:183} INFO - Processing /home/airflow/.local/lib/python3.12/site-packages/airflow/example_dags/example_sla_dag.py took 0.073 seconds
[2024-08-01T20:15:56.488+0000] {processor.py:161} INFO - Started process (PID=610) to work on /home/airflow/.local/lib/python3.12/site-packages/airflow/example_dags/example_sla_dag.py
[2024-08-01T20:15:56.489+0000] {processor.py:830} INFO - Processing file /home/airflow/.local/lib/python3.12/site-packages/airflow/example_dags/example_sla_dag.py for tasks to queue
[2024-08-01T20:15:56.490+0000] {logging_mixin.py:188} INFO - [2024-08-01T20:15:56.490+0000] {dagbag.py:545} INFO - Filling up the DagBag from /home/airflow/.local/lib/python3.12/site-packages/airflow/example_dags/example_sla_dag.py
[2024-08-01T20:15:56.497+0000] {processor.py:840} INFO - DAG(s) 'example_sla_dag' retrieved from /home/airflow/.local/lib/python3.12/site-packages/airflow/example_dags/example_sla_dag.py
[2024-08-01T20:15:56.515+0000] {logging_mixin.py:188} INFO - [2024-08-01T20:15:56.515+0000] {dag.py:3089} INFO - Sync 1 DAGs
[2024-08-01T20:15:56.537+0000] {logging_mixin.py:188} INFO - [2024-08-01T20:15:56.537+0000] {dag.py:3947} INFO - Setting next_dagrun for example_sla_dag to 2024-08-01 20:12:00+00:00, run_after=2024-08-01 20:14:00+00:00
[2024-08-01T20:15:56.556+0000] {processor.py:183} INFO - Processing /home/airflow/.local/lib/python3.12/site-packages/airflow/example_dags/example_sla_dag.py took 0.073 seconds
[2024-08-01T20:16:27.236+0000] {processor.py:161} INFO - Started process (PID=668) to work on /home/airflow/.local/lib/python3.12/site-packages/airflow/example_dags/example_sla_dag.py
[2024-08-01T20:16:27.237+0000] {processor.py:830} INFO - Processing file /home/airflow/.local/lib/python3.12/site-packages/airflow/example_dags/example_sla_dag.py for tasks to queue
[2024-08-01T20:16:27.238+0000] {logging_mixin.py:188} INFO - [2024-08-01T20:16:27.238+0000] {dagbag.py:545} INFO - Filling up the DagBag from /home/airflow/.local/lib/python3.12/site-packages/airflow/example_dags/example_sla_dag.py
[2024-08-01T20:16:27.246+0000] {processor.py:840} INFO - DAG(s) 'example_sla_dag' retrieved from /home/airflow/.local/lib/python3.12/site-packages/airflow/example_dags/example_sla_dag.py
[2024-08-01T20:16:27.264+0000] {logging_mixin.py:188} INFO - [2024-08-01T20:16:27.264+0000] {dag.py:3089} INFO - Sync 1 DAGs
[2024-08-01T20:16:27.288+0000] {logging_mixin.py:188} INFO - [2024-08-01T20:16:27.288+0000] {dag.py:3947} INFO - Setting next_dagrun for example_sla_dag to 2024-08-01 20:14:00+00:00, run_after=2024-08-01 20:16:00+00:00
[2024-08-01T20:16:27.311+0000] {processor.py:183} INFO - Processing /home/airflow/.local/lib/python3.12/site-packages/airflow/example_dags/example_sla_dag.py took 0.081 seconds
