[2024-08-01T20:02:20.795+0000] {processor.py:161} INFO - Started process (PID=80) to work on /home/airflow/.local/lib/python3.12/site-packages/airflow/example_dags/example_sensor_decorator.py
[2024-08-01T20:02:20.796+0000] {processor.py:830} INFO - Processing file /home/airflow/.local/lib/python3.12/site-packages/airflow/example_dags/example_sensor_decorator.py for tasks to queue
[2024-08-01T20:02:20.798+0000] {logging_mixin.py:188} INFO - [2024-08-01T20:02:20.798+0000] {dagbag.py:545} INFO - Filling up the DagBag from /home/airflow/.local/lib/python3.12/site-packages/airflow/example_dags/example_sensor_decorator.py
[2024-08-01T20:02:20.806+0000] {processor.py:840} INFO - DAG(s) 'example_sensor_decorator' retrieved from /home/airflow/.local/lib/python3.12/site-packages/airflow/example_dags/example_sensor_decorator.py
[2024-08-01T20:02:20.907+0000] {logging_mixin.py:188} INFO - [2024-08-01T20:02:20.907+0000] {dag.py:3089} INFO - Sync 1 DAGs
[2024-08-01T20:02:20.919+0000] {logging_mixin.py:188} INFO - [2024-08-01T20:02:20.918+0000] {dag.py:3947} INFO - Setting next_dagrun for example_sensor_decorator to None, run_after=None
[2024-08-01T20:02:20.940+0000] {processor.py:183} INFO - Processing /home/airflow/.local/lib/python3.12/site-packages/airflow/example_dags/example_sensor_decorator.py took 0.150 seconds
[2024-08-01T20:02:51.748+0000] {processor.py:161} INFO - Started process (PID=138) to work on /home/airflow/.local/lib/python3.12/site-packages/airflow/example_dags/example_sensor_decorator.py
[2024-08-01T20:02:51.750+0000] {processor.py:830} INFO - Processing file /home/airflow/.local/lib/python3.12/site-packages/airflow/example_dags/example_sensor_decorator.py for tasks to queue
[2024-08-01T20:02:51.751+0000] {logging_mixin.py:188} INFO - [2024-08-01T20:02:51.751+0000] {dagbag.py:545} INFO - Filling up the DagBag from /home/airflow/.local/lib/python3.12/site-packages/airflow/example_dags/example_sensor_decorator.py
[2024-08-01T20:02:51.759+0000] {processor.py:840} INFO - DAG(s) 'example_sensor_decorator' retrieved from /home/airflow/.local/lib/python3.12/site-packages/airflow/example_dags/example_sensor_decorator.py
[2024-08-01T20:02:51.777+0000] {logging_mixin.py:188} INFO - [2024-08-01T20:02:51.777+0000] {dag.py:3089} INFO - Sync 1 DAGs
[2024-08-01T20:02:51.789+0000] {logging_mixin.py:188} INFO - [2024-08-01T20:02:51.789+0000] {dag.py:3947} INFO - Setting next_dagrun for example_sensor_decorator to None, run_after=None
[2024-08-01T20:02:51.809+0000] {processor.py:183} INFO - Processing /home/airflow/.local/lib/python3.12/site-packages/airflow/example_dags/example_sensor_decorator.py took 0.065 seconds
[2024-08-01T20:03:22.106+0000] {processor.py:161} INFO - Started process (PID=196) to work on /home/airflow/.local/lib/python3.12/site-packages/airflow/example_dags/example_sensor_decorator.py
[2024-08-01T20:03:22.108+0000] {processor.py:830} INFO - Processing file /home/airflow/.local/lib/python3.12/site-packages/airflow/example_dags/example_sensor_decorator.py for tasks to queue
[2024-08-01T20:03:22.109+0000] {logging_mixin.py:188} INFO - [2024-08-01T20:03:22.109+0000] {dagbag.py:545} INFO - Filling up the DagBag from /home/airflow/.local/lib/python3.12/site-packages/airflow/example_dags/example_sensor_decorator.py
[2024-08-01T20:03:22.114+0000] {processor.py:840} INFO - DAG(s) 'example_sensor_decorator' retrieved from /home/airflow/.local/lib/python3.12/site-packages/airflow/example_dags/example_sensor_decorator.py
[2024-08-01T20:03:22.134+0000] {logging_mixin.py:188} INFO - [2024-08-01T20:03:22.134+0000] {dag.py:3089} INFO - Sync 1 DAGs
[2024-08-01T20:03:22.146+0000] {logging_mixin.py:188} INFO - [2024-08-01T20:03:22.146+0000] {dag.py:3947} INFO - Setting next_dagrun for example_sensor_decorator to None, run_after=None
[2024-08-01T20:03:22.167+0000] {processor.py:183} INFO - Processing /home/airflow/.local/lib/python3.12/site-packages/airflow/example_dags/example_sensor_decorator.py took 0.065 seconds
[2024-08-01T20:03:52.648+0000] {processor.py:161} INFO - Started process (PID=254) to work on /home/airflow/.local/lib/python3.12/site-packages/airflow/example_dags/example_sensor_decorator.py
[2024-08-01T20:03:52.649+0000] {processor.py:830} INFO - Processing file /home/airflow/.local/lib/python3.12/site-packages/airflow/example_dags/example_sensor_decorator.py for tasks to queue
[2024-08-01T20:03:52.651+0000] {logging_mixin.py:188} INFO - [2024-08-01T20:03:52.650+0000] {dagbag.py:545} INFO - Filling up the DagBag from /home/airflow/.local/lib/python3.12/site-packages/airflow/example_dags/example_sensor_decorator.py
[2024-08-01T20:03:52.655+0000] {processor.py:840} INFO - DAG(s) 'example_sensor_decorator' retrieved from /home/airflow/.local/lib/python3.12/site-packages/airflow/example_dags/example_sensor_decorator.py
[2024-08-01T20:03:52.674+0000] {logging_mixin.py:188} INFO - [2024-08-01T20:03:52.673+0000] {dag.py:3089} INFO - Sync 1 DAGs
[2024-08-01T20:03:52.686+0000] {logging_mixin.py:188} INFO - [2024-08-01T20:03:52.685+0000] {dag.py:3947} INFO - Setting next_dagrun for example_sensor_decorator to None, run_after=None
[2024-08-01T20:03:52.704+0000] {processor.py:183} INFO - Processing /home/airflow/.local/lib/python3.12/site-packages/airflow/example_dags/example_sensor_decorator.py took 0.061 seconds
[2024-08-01T20:04:23.039+0000] {processor.py:161} INFO - Started process (PID=312) to work on /home/airflow/.local/lib/python3.12/site-packages/airflow/example_dags/example_sensor_decorator.py
[2024-08-01T20:04:23.040+0000] {processor.py:830} INFO - Processing file /home/airflow/.local/lib/python3.12/site-packages/airflow/example_dags/example_sensor_decorator.py for tasks to queue
[2024-08-01T20:04:23.042+0000] {logging_mixin.py:188} INFO - [2024-08-01T20:04:23.042+0000] {dagbag.py:545} INFO - Filling up the DagBag from /home/airflow/.local/lib/python3.12/site-packages/airflow/example_dags/example_sensor_decorator.py
[2024-08-01T20:04:23.047+0000] {processor.py:840} INFO - DAG(s) 'example_sensor_decorator' retrieved from /home/airflow/.local/lib/python3.12/site-packages/airflow/example_dags/example_sensor_decorator.py
[2024-08-01T20:04:23.064+0000] {logging_mixin.py:188} INFO - [2024-08-01T20:04:23.064+0000] {dag.py:3089} INFO - Sync 1 DAGs
[2024-08-01T20:04:23.075+0000] {logging_mixin.py:188} INFO - [2024-08-01T20:04:23.075+0000] {dag.py:3947} INFO - Setting next_dagrun for example_sensor_decorator to None, run_after=None
[2024-08-01T20:04:23.093+0000] {processor.py:183} INFO - Processing /home/airflow/.local/lib/python3.12/site-packages/airflow/example_dags/example_sensor_decorator.py took 0.058 seconds
[2024-08-01T20:04:53.606+0000] {processor.py:161} INFO - Started process (PID=370) to work on /home/airflow/.local/lib/python3.12/site-packages/airflow/example_dags/example_sensor_decorator.py
[2024-08-01T20:04:53.607+0000] {processor.py:830} INFO - Processing file /home/airflow/.local/lib/python3.12/site-packages/airflow/example_dags/example_sensor_decorator.py for tasks to queue
[2024-08-01T20:04:53.608+0000] {logging_mixin.py:188} INFO - [2024-08-01T20:04:53.608+0000] {dagbag.py:545} INFO - Filling up the DagBag from /home/airflow/.local/lib/python3.12/site-packages/airflow/example_dags/example_sensor_decorator.py
[2024-08-01T20:04:53.614+0000] {processor.py:840} INFO - DAG(s) 'example_sensor_decorator' retrieved from /home/airflow/.local/lib/python3.12/site-packages/airflow/example_dags/example_sensor_decorator.py
[2024-08-01T20:04:53.631+0000] {logging_mixin.py:188} INFO - [2024-08-01T20:04:53.631+0000] {dag.py:3089} INFO - Sync 1 DAGs
[2024-08-01T20:04:53.642+0000] {logging_mixin.py:188} INFO - [2024-08-01T20:04:53.642+0000] {dag.py:3947} INFO - Setting next_dagrun for example_sensor_decorator to None, run_after=None
[2024-08-01T20:04:53.664+0000] {processor.py:183} INFO - Processing /home/airflow/.local/lib/python3.12/site-packages/airflow/example_dags/example_sensor_decorator.py took 0.063 seconds
[2024-08-01T20:05:24.420+0000] {processor.py:161} INFO - Started process (PID=428) to work on /home/airflow/.local/lib/python3.12/site-packages/airflow/example_dags/example_sensor_decorator.py
[2024-08-01T20:05:24.421+0000] {processor.py:830} INFO - Processing file /home/airflow/.local/lib/python3.12/site-packages/airflow/example_dags/example_sensor_decorator.py for tasks to queue
[2024-08-01T20:05:24.422+0000] {logging_mixin.py:188} INFO - [2024-08-01T20:05:24.422+0000] {dagbag.py:545} INFO - Filling up the DagBag from /home/airflow/.local/lib/python3.12/site-packages/airflow/example_dags/example_sensor_decorator.py
[2024-08-01T20:05:24.427+0000] {processor.py:840} INFO - DAG(s) 'example_sensor_decorator' retrieved from /home/airflow/.local/lib/python3.12/site-packages/airflow/example_dags/example_sensor_decorator.py
[2024-08-01T20:05:24.444+0000] {logging_mixin.py:188} INFO - [2024-08-01T20:05:24.444+0000] {dag.py:3089} INFO - Sync 1 DAGs
[2024-08-01T20:05:24.457+0000] {logging_mixin.py:188} INFO - [2024-08-01T20:05:24.456+0000] {dag.py:3947} INFO - Setting next_dagrun for example_sensor_decorator to None, run_after=None
[2024-08-01T20:05:24.474+0000] {processor.py:183} INFO - Processing /home/airflow/.local/lib/python3.12/site-packages/airflow/example_dags/example_sensor_decorator.py took 0.059 seconds
[2024-08-01T20:05:54.747+0000] {processor.py:161} INFO - Started process (PID=486) to work on /home/airflow/.local/lib/python3.12/site-packages/airflow/example_dags/example_sensor_decorator.py
[2024-08-01T20:05:54.748+0000] {processor.py:830} INFO - Processing file /home/airflow/.local/lib/python3.12/site-packages/airflow/example_dags/example_sensor_decorator.py for tasks to queue
[2024-08-01T20:05:54.749+0000] {logging_mixin.py:188} INFO - [2024-08-01T20:05:54.749+0000] {dagbag.py:545} INFO - Filling up the DagBag from /home/airflow/.local/lib/python3.12/site-packages/airflow/example_dags/example_sensor_decorator.py
[2024-08-01T20:05:54.754+0000] {processor.py:840} INFO - DAG(s) 'example_sensor_decorator' retrieved from /home/airflow/.local/lib/python3.12/site-packages/airflow/example_dags/example_sensor_decorator.py
[2024-08-01T20:05:54.772+0000] {logging_mixin.py:188} INFO - [2024-08-01T20:05:54.772+0000] {dag.py:3089} INFO - Sync 1 DAGs
[2024-08-01T20:05:54.785+0000] {logging_mixin.py:188} INFO - [2024-08-01T20:05:54.785+0000] {dag.py:3947} INFO - Setting next_dagrun for example_sensor_decorator to None, run_after=None
[2024-08-01T20:05:54.805+0000] {processor.py:183} INFO - Processing /home/airflow/.local/lib/python3.12/site-packages/airflow/example_dags/example_sensor_decorator.py took 0.063 seconds
[2024-08-01T20:06:35.465+0000] {processor.py:161} INFO - Started process (PID=74) to work on /home/airflow/.local/lib/python3.12/site-packages/airflow/example_dags/example_sensor_decorator.py
[2024-08-01T20:06:35.468+0000] {processor.py:830} INFO - Processing file /home/airflow/.local/lib/python3.12/site-packages/airflow/example_dags/example_sensor_decorator.py for tasks to queue
[2024-08-01T20:06:35.470+0000] {logging_mixin.py:188} INFO - [2024-08-01T20:06:35.470+0000] {dagbag.py:545} INFO - Filling up the DagBag from /home/airflow/.local/lib/python3.12/site-packages/airflow/example_dags/example_sensor_decorator.py
[2024-08-01T20:06:35.476+0000] {processor.py:840} INFO - DAG(s) 'example_sensor_decorator' retrieved from /home/airflow/.local/lib/python3.12/site-packages/airflow/example_dags/example_sensor_decorator.py
[2024-08-01T20:06:35.503+0000] {logging_mixin.py:188} INFO - [2024-08-01T20:06:35.502+0000] {dag.py:3089} INFO - Sync 1 DAGs
[2024-08-01T20:06:35.517+0000] {logging_mixin.py:188} INFO - [2024-08-01T20:06:35.517+0000] {dag.py:3947} INFO - Setting next_dagrun for example_sensor_decorator to None, run_after=None
[2024-08-01T20:06:35.545+0000] {processor.py:183} INFO - Processing /home/airflow/.local/lib/python3.12/site-packages/airflow/example_dags/example_sensor_decorator.py took 0.089 seconds
[2024-08-01T20:07:06.557+0000] {processor.py:161} INFO - Started process (PID=132) to work on /home/airflow/.local/lib/python3.12/site-packages/airflow/example_dags/example_sensor_decorator.py
[2024-08-01T20:07:06.558+0000] {processor.py:830} INFO - Processing file /home/airflow/.local/lib/python3.12/site-packages/airflow/example_dags/example_sensor_decorator.py for tasks to queue
[2024-08-01T20:07:06.560+0000] {logging_mixin.py:188} INFO - [2024-08-01T20:07:06.559+0000] {dagbag.py:545} INFO - Filling up the DagBag from /home/airflow/.local/lib/python3.12/site-packages/airflow/example_dags/example_sensor_decorator.py
[2024-08-01T20:07:06.566+0000] {processor.py:840} INFO - DAG(s) 'example_sensor_decorator' retrieved from /home/airflow/.local/lib/python3.12/site-packages/airflow/example_dags/example_sensor_decorator.py
[2024-08-01T20:07:06.585+0000] {logging_mixin.py:188} INFO - [2024-08-01T20:07:06.585+0000] {dag.py:3089} INFO - Sync 1 DAGs
[2024-08-01T20:07:06.598+0000] {logging_mixin.py:188} INFO - [2024-08-01T20:07:06.597+0000] {dag.py:3947} INFO - Setting next_dagrun for example_sensor_decorator to None, run_after=None
[2024-08-01T20:07:06.616+0000] {processor.py:183} INFO - Processing /home/airflow/.local/lib/python3.12/site-packages/airflow/example_dags/example_sensor_decorator.py took 0.064 seconds
[2024-08-01T20:07:37.396+0000] {processor.py:161} INFO - Started process (PID=190) to work on /home/airflow/.local/lib/python3.12/site-packages/airflow/example_dags/example_sensor_decorator.py
[2024-08-01T20:07:37.397+0000] {processor.py:830} INFO - Processing file /home/airflow/.local/lib/python3.12/site-packages/airflow/example_dags/example_sensor_decorator.py for tasks to queue
[2024-08-01T20:07:37.398+0000] {logging_mixin.py:188} INFO - [2024-08-01T20:07:37.398+0000] {dagbag.py:545} INFO - Filling up the DagBag from /home/airflow/.local/lib/python3.12/site-packages/airflow/example_dags/example_sensor_decorator.py
[2024-08-01T20:07:37.404+0000] {processor.py:840} INFO - DAG(s) 'example_sensor_decorator' retrieved from /home/airflow/.local/lib/python3.12/site-packages/airflow/example_dags/example_sensor_decorator.py
[2024-08-01T20:07:37.423+0000] {logging_mixin.py:188} INFO - [2024-08-01T20:07:37.422+0000] {dag.py:3089} INFO - Sync 1 DAGs
[2024-08-01T20:07:37.435+0000] {logging_mixin.py:188} INFO - [2024-08-01T20:07:37.435+0000] {dag.py:3947} INFO - Setting next_dagrun for example_sensor_decorator to None, run_after=None
[2024-08-01T20:07:37.455+0000] {processor.py:183} INFO - Processing /home/airflow/.local/lib/python3.12/site-packages/airflow/example_dags/example_sensor_decorator.py took 0.064 seconds
[2024-08-01T20:08:07.684+0000] {processor.py:161} INFO - Started process (PID=248) to work on /home/airflow/.local/lib/python3.12/site-packages/airflow/example_dags/example_sensor_decorator.py
[2024-08-01T20:08:07.685+0000] {processor.py:830} INFO - Processing file /home/airflow/.local/lib/python3.12/site-packages/airflow/example_dags/example_sensor_decorator.py for tasks to queue
[2024-08-01T20:08:07.687+0000] {logging_mixin.py:188} INFO - [2024-08-01T20:08:07.687+0000] {dagbag.py:545} INFO - Filling up the DagBag from /home/airflow/.local/lib/python3.12/site-packages/airflow/example_dags/example_sensor_decorator.py
[2024-08-01T20:08:07.692+0000] {processor.py:840} INFO - DAG(s) 'example_sensor_decorator' retrieved from /home/airflow/.local/lib/python3.12/site-packages/airflow/example_dags/example_sensor_decorator.py
[2024-08-01T20:08:07.709+0000] {logging_mixin.py:188} INFO - [2024-08-01T20:08:07.709+0000] {dag.py:3089} INFO - Sync 1 DAGs
[2024-08-01T20:08:07.721+0000] {logging_mixin.py:188} INFO - [2024-08-01T20:08:07.720+0000] {dag.py:3947} INFO - Setting next_dagrun for example_sensor_decorator to None, run_after=None
[2024-08-01T20:08:07.740+0000] {processor.py:183} INFO - Processing /home/airflow/.local/lib/python3.12/site-packages/airflow/example_dags/example_sensor_decorator.py took 0.061 seconds
[2024-08-01T20:08:38.269+0000] {processor.py:161} INFO - Started process (PID=306) to work on /home/airflow/.local/lib/python3.12/site-packages/airflow/example_dags/example_sensor_decorator.py
[2024-08-01T20:08:38.270+0000] {processor.py:830} INFO - Processing file /home/airflow/.local/lib/python3.12/site-packages/airflow/example_dags/example_sensor_decorator.py for tasks to queue
[2024-08-01T20:08:38.272+0000] {logging_mixin.py:188} INFO - [2024-08-01T20:08:38.271+0000] {dagbag.py:545} INFO - Filling up the DagBag from /home/airflow/.local/lib/python3.12/site-packages/airflow/example_dags/example_sensor_decorator.py
[2024-08-01T20:08:38.279+0000] {processor.py:840} INFO - DAG(s) 'example_sensor_decorator' retrieved from /home/airflow/.local/lib/python3.12/site-packages/airflow/example_dags/example_sensor_decorator.py
[2024-08-01T20:08:38.301+0000] {logging_mixin.py:188} INFO - [2024-08-01T20:08:38.300+0000] {dag.py:3089} INFO - Sync 1 DAGs
[2024-08-01T20:08:38.315+0000] {logging_mixin.py:188} INFO - [2024-08-01T20:08:38.314+0000] {dag.py:3947} INFO - Setting next_dagrun for example_sensor_decorator to None, run_after=None
[2024-08-01T20:08:38.334+0000] {processor.py:183} INFO - Processing /home/airflow/.local/lib/python3.12/site-packages/airflow/example_dags/example_sensor_decorator.py took 0.071 seconds
[2024-08-01T20:09:08.744+0000] {processor.py:161} INFO - Started process (PID=364) to work on /home/airflow/.local/lib/python3.12/site-packages/airflow/example_dags/example_sensor_decorator.py
[2024-08-01T20:09:08.745+0000] {processor.py:830} INFO - Processing file /home/airflow/.local/lib/python3.12/site-packages/airflow/example_dags/example_sensor_decorator.py for tasks to queue
[2024-08-01T20:09:08.746+0000] {logging_mixin.py:188} INFO - [2024-08-01T20:09:08.746+0000] {dagbag.py:545} INFO - Filling up the DagBag from /home/airflow/.local/lib/python3.12/site-packages/airflow/example_dags/example_sensor_decorator.py
[2024-08-01T20:09:08.751+0000] {processor.py:840} INFO - DAG(s) 'example_sensor_decorator' retrieved from /home/airflow/.local/lib/python3.12/site-packages/airflow/example_dags/example_sensor_decorator.py
[2024-08-01T20:09:08.768+0000] {logging_mixin.py:188} INFO - [2024-08-01T20:09:08.768+0000] {dag.py:3089} INFO - Sync 1 DAGs
[2024-08-01T20:09:08.779+0000] {logging_mixin.py:188} INFO - [2024-08-01T20:09:08.779+0000] {dag.py:3947} INFO - Setting next_dagrun for example_sensor_decorator to None, run_after=None
[2024-08-01T20:09:08.798+0000] {processor.py:183} INFO - Processing /home/airflow/.local/lib/python3.12/site-packages/airflow/example_dags/example_sensor_decorator.py took 0.058 seconds
[2024-08-01T20:11:21.294+0000] {processor.py:161} INFO - Started process (PID=78) to work on /home/airflow/.local/lib/python3.12/site-packages/airflow/example_dags/example_sensor_decorator.py
[2024-08-01T20:11:21.296+0000] {processor.py:830} INFO - Processing file /home/airflow/.local/lib/python3.12/site-packages/airflow/example_dags/example_sensor_decorator.py for tasks to queue
[2024-08-01T20:11:21.298+0000] {logging_mixin.py:188} INFO - [2024-08-01T20:11:21.298+0000] {dagbag.py:545} INFO - Filling up the DagBag from /home/airflow/.local/lib/python3.12/site-packages/airflow/example_dags/example_sensor_decorator.py
[2024-08-01T20:11:21.306+0000] {processor.py:840} INFO - DAG(s) 'example_sensor_decorator' retrieved from /home/airflow/.local/lib/python3.12/site-packages/airflow/example_dags/example_sensor_decorator.py
[2024-08-01T20:11:21.327+0000] {logging_mixin.py:188} INFO - [2024-08-01T20:11:21.327+0000] {dag.py:3089} INFO - Sync 1 DAGs
[2024-08-01T20:11:21.363+0000] {logging_mixin.py:188} INFO - [2024-08-01T20:11:21.362+0000] {dag.py:3947} INFO - Setting next_dagrun for example_sensor_decorator to None, run_after=None
[2024-08-01T20:11:21.413+0000] {processor.py:183} INFO - Processing /home/airflow/.local/lib/python3.12/site-packages/airflow/example_dags/example_sensor_decorator.py took 0.124 seconds
[2024-08-01T20:11:52.451+0000] {processor.py:161} INFO - Started process (PID=136) to work on /home/airflow/.local/lib/python3.12/site-packages/airflow/example_dags/example_sensor_decorator.py
[2024-08-01T20:11:52.452+0000] {processor.py:830} INFO - Processing file /home/airflow/.local/lib/python3.12/site-packages/airflow/example_dags/example_sensor_decorator.py for tasks to queue
[2024-08-01T20:11:52.453+0000] {logging_mixin.py:188} INFO - [2024-08-01T20:11:52.453+0000] {dagbag.py:545} INFO - Filling up the DagBag from /home/airflow/.local/lib/python3.12/site-packages/airflow/example_dags/example_sensor_decorator.py
[2024-08-01T20:11:52.460+0000] {processor.py:840} INFO - DAG(s) 'example_sensor_decorator' retrieved from /home/airflow/.local/lib/python3.12/site-packages/airflow/example_dags/example_sensor_decorator.py
[2024-08-01T20:11:52.605+0000] {logging_mixin.py:188} INFO - [2024-08-01T20:11:52.604+0000] {dag.py:3089} INFO - Sync 1 DAGs
[2024-08-01T20:11:52.617+0000] {logging_mixin.py:188} INFO - [2024-08-01T20:11:52.617+0000] {dag.py:3947} INFO - Setting next_dagrun for example_sensor_decorator to None, run_after=None
[2024-08-01T20:11:52.643+0000] {processor.py:183} INFO - Processing /home/airflow/.local/lib/python3.12/site-packages/airflow/example_dags/example_sensor_decorator.py took 0.198 seconds
[2024-08-01T20:12:22.870+0000] {processor.py:161} INFO - Started process (PID=194) to work on /home/airflow/.local/lib/python3.12/site-packages/airflow/example_dags/example_sensor_decorator.py
[2024-08-01T20:12:22.871+0000] {processor.py:830} INFO - Processing file /home/airflow/.local/lib/python3.12/site-packages/airflow/example_dags/example_sensor_decorator.py for tasks to queue
[2024-08-01T20:12:22.873+0000] {logging_mixin.py:188} INFO - [2024-08-01T20:12:22.873+0000] {dagbag.py:545} INFO - Filling up the DagBag from /home/airflow/.local/lib/python3.12/site-packages/airflow/example_dags/example_sensor_decorator.py
[2024-08-01T20:12:22.878+0000] {processor.py:840} INFO - DAG(s) 'example_sensor_decorator' retrieved from /home/airflow/.local/lib/python3.12/site-packages/airflow/example_dags/example_sensor_decorator.py
[2024-08-01T20:12:22.898+0000] {logging_mixin.py:188} INFO - [2024-08-01T20:12:22.898+0000] {dag.py:3089} INFO - Sync 1 DAGs
[2024-08-01T20:12:22.912+0000] {logging_mixin.py:188} INFO - [2024-08-01T20:12:22.912+0000] {dag.py:3947} INFO - Setting next_dagrun for example_sensor_decorator to None, run_after=None
[2024-08-01T20:12:22.932+0000] {processor.py:183} INFO - Processing /home/airflow/.local/lib/python3.12/site-packages/airflow/example_dags/example_sensor_decorator.py took 0.067 seconds
[2024-08-01T20:12:53.258+0000] {processor.py:161} INFO - Started process (PID=252) to work on /home/airflow/.local/lib/python3.12/site-packages/airflow/example_dags/example_sensor_decorator.py
[2024-08-01T20:12:53.259+0000] {processor.py:830} INFO - Processing file /home/airflow/.local/lib/python3.12/site-packages/airflow/example_dags/example_sensor_decorator.py for tasks to queue
[2024-08-01T20:12:53.260+0000] {logging_mixin.py:188} INFO - [2024-08-01T20:12:53.260+0000] {dagbag.py:545} INFO - Filling up the DagBag from /home/airflow/.local/lib/python3.12/site-packages/airflow/example_dags/example_sensor_decorator.py
[2024-08-01T20:12:53.265+0000] {processor.py:840} INFO - DAG(s) 'example_sensor_decorator' retrieved from /home/airflow/.local/lib/python3.12/site-packages/airflow/example_dags/example_sensor_decorator.py
[2024-08-01T20:12:53.285+0000] {logging_mixin.py:188} INFO - [2024-08-01T20:12:53.285+0000] {dag.py:3089} INFO - Sync 1 DAGs
[2024-08-01T20:12:53.297+0000] {logging_mixin.py:188} INFO - [2024-08-01T20:12:53.297+0000] {dag.py:3947} INFO - Setting next_dagrun for example_sensor_decorator to None, run_after=None
[2024-08-01T20:12:53.316+0000] {processor.py:183} INFO - Processing /home/airflow/.local/lib/python3.12/site-packages/airflow/example_dags/example_sensor_decorator.py took 0.062 seconds
[2024-08-01T20:13:23.390+0000] {processor.py:161} INFO - Started process (PID=309) to work on /home/airflow/.local/lib/python3.12/site-packages/airflow/example_dags/example_sensor_decorator.py
[2024-08-01T20:13:23.390+0000] {processor.py:830} INFO - Processing file /home/airflow/.local/lib/python3.12/site-packages/airflow/example_dags/example_sensor_decorator.py for tasks to queue
[2024-08-01T20:13:23.392+0000] {logging_mixin.py:188} INFO - [2024-08-01T20:13:23.392+0000] {dagbag.py:545} INFO - Filling up the DagBag from /home/airflow/.local/lib/python3.12/site-packages/airflow/example_dags/example_sensor_decorator.py
[2024-08-01T20:13:23.397+0000] {processor.py:840} INFO - DAG(s) 'example_sensor_decorator' retrieved from /home/airflow/.local/lib/python3.12/site-packages/airflow/example_dags/example_sensor_decorator.py
[2024-08-01T20:13:23.415+0000] {logging_mixin.py:188} INFO - [2024-08-01T20:13:23.415+0000] {dag.py:3089} INFO - Sync 1 DAGs
[2024-08-01T20:13:23.427+0000] {logging_mixin.py:188} INFO - [2024-08-01T20:13:23.426+0000] {dag.py:3947} INFO - Setting next_dagrun for example_sensor_decorator to None, run_after=None
[2024-08-01T20:13:23.444+0000] {processor.py:183} INFO - Processing /home/airflow/.local/lib/python3.12/site-packages/airflow/example_dags/example_sensor_decorator.py took 0.059 seconds
[2024-08-01T20:13:53.553+0000] {processor.py:161} INFO - Started process (PID=367) to work on /home/airflow/.local/lib/python3.12/site-packages/airflow/example_dags/example_sensor_decorator.py
[2024-08-01T20:13:53.554+0000] {processor.py:830} INFO - Processing file /home/airflow/.local/lib/python3.12/site-packages/airflow/example_dags/example_sensor_decorator.py for tasks to queue
[2024-08-01T20:13:53.556+0000] {logging_mixin.py:188} INFO - [2024-08-01T20:13:53.555+0000] {dagbag.py:545} INFO - Filling up the DagBag from /home/airflow/.local/lib/python3.12/site-packages/airflow/example_dags/example_sensor_decorator.py
[2024-08-01T20:13:53.560+0000] {processor.py:840} INFO - DAG(s) 'example_sensor_decorator' retrieved from /home/airflow/.local/lib/python3.12/site-packages/airflow/example_dags/example_sensor_decorator.py
[2024-08-01T20:13:53.576+0000] {logging_mixin.py:188} INFO - [2024-08-01T20:13:53.576+0000] {dag.py:3089} INFO - Sync 1 DAGs
[2024-08-01T20:13:53.588+0000] {logging_mixin.py:188} INFO - [2024-08-01T20:13:53.588+0000] {dag.py:3947} INFO - Setting next_dagrun for example_sensor_decorator to None, run_after=None
[2024-08-01T20:13:53.606+0000] {processor.py:183} INFO - Processing /home/airflow/.local/lib/python3.12/site-packages/airflow/example_dags/example_sensor_decorator.py took 0.057 seconds
[2024-08-01T20:14:23.907+0000] {processor.py:161} INFO - Started process (PID=425) to work on /home/airflow/.local/lib/python3.12/site-packages/airflow/example_dags/example_sensor_decorator.py
[2024-08-01T20:14:23.908+0000] {processor.py:830} INFO - Processing file /home/airflow/.local/lib/python3.12/site-packages/airflow/example_dags/example_sensor_decorator.py for tasks to queue
[2024-08-01T20:14:23.910+0000] {logging_mixin.py:188} INFO - [2024-08-01T20:14:23.910+0000] {dagbag.py:545} INFO - Filling up the DagBag from /home/airflow/.local/lib/python3.12/site-packages/airflow/example_dags/example_sensor_decorator.py
[2024-08-01T20:14:23.917+0000] {processor.py:840} INFO - DAG(s) 'example_sensor_decorator' retrieved from /home/airflow/.local/lib/python3.12/site-packages/airflow/example_dags/example_sensor_decorator.py
[2024-08-01T20:14:23.941+0000] {logging_mixin.py:188} INFO - [2024-08-01T20:14:23.940+0000] {dag.py:3089} INFO - Sync 1 DAGs
[2024-08-01T20:14:23.953+0000] {logging_mixin.py:188} INFO - [2024-08-01T20:14:23.953+0000] {dag.py:3947} INFO - Setting next_dagrun for example_sensor_decorator to None, run_after=None
[2024-08-01T20:14:23.979+0000] {processor.py:183} INFO - Processing /home/airflow/.local/lib/python3.12/site-packages/airflow/example_dags/example_sensor_decorator.py took 0.077 seconds
[2024-08-01T20:14:54.557+0000] {processor.py:161} INFO - Started process (PID=483) to work on /home/airflow/.local/lib/python3.12/site-packages/airflow/example_dags/example_sensor_decorator.py
[2024-08-01T20:14:54.558+0000] {processor.py:830} INFO - Processing file /home/airflow/.local/lib/python3.12/site-packages/airflow/example_dags/example_sensor_decorator.py for tasks to queue
[2024-08-01T20:14:54.559+0000] {logging_mixin.py:188} INFO - [2024-08-01T20:14:54.559+0000] {dagbag.py:545} INFO - Filling up the DagBag from /home/airflow/.local/lib/python3.12/site-packages/airflow/example_dags/example_sensor_decorator.py
[2024-08-01T20:14:54.565+0000] {processor.py:840} INFO - DAG(s) 'example_sensor_decorator' retrieved from /home/airflow/.local/lib/python3.12/site-packages/airflow/example_dags/example_sensor_decorator.py
[2024-08-01T20:14:54.581+0000] {logging_mixin.py:188} INFO - [2024-08-01T20:14:54.581+0000] {dag.py:3089} INFO - Sync 1 DAGs
[2024-08-01T20:14:54.592+0000] {logging_mixin.py:188} INFO - [2024-08-01T20:14:54.592+0000] {dag.py:3947} INFO - Setting next_dagrun for example_sensor_decorator to None, run_after=None
[2024-08-01T20:14:54.612+0000] {processor.py:183} INFO - Processing /home/airflow/.local/lib/python3.12/site-packages/airflow/example_dags/example_sensor_decorator.py took 0.060 seconds
[2024-08-01T20:15:24.721+0000] {processor.py:161} INFO - Started process (PID=541) to work on /home/airflow/.local/lib/python3.12/site-packages/airflow/example_dags/example_sensor_decorator.py
[2024-08-01T20:15:24.721+0000] {processor.py:830} INFO - Processing file /home/airflow/.local/lib/python3.12/site-packages/airflow/example_dags/example_sensor_decorator.py for tasks to queue
[2024-08-01T20:15:24.723+0000] {logging_mixin.py:188} INFO - [2024-08-01T20:15:24.723+0000] {dagbag.py:545} INFO - Filling up the DagBag from /home/airflow/.local/lib/python3.12/site-packages/airflow/example_dags/example_sensor_decorator.py
[2024-08-01T20:15:24.727+0000] {processor.py:840} INFO - DAG(s) 'example_sensor_decorator' retrieved from /home/airflow/.local/lib/python3.12/site-packages/airflow/example_dags/example_sensor_decorator.py
[2024-08-01T20:15:24.745+0000] {logging_mixin.py:188} INFO - [2024-08-01T20:15:24.745+0000] {dag.py:3089} INFO - Sync 1 DAGs
[2024-08-01T20:15:24.757+0000] {logging_mixin.py:188} INFO - [2024-08-01T20:15:24.756+0000] {dag.py:3947} INFO - Setting next_dagrun for example_sensor_decorator to None, run_after=None
[2024-08-01T20:15:24.776+0000] {processor.py:183} INFO - Processing /home/airflow/.local/lib/python3.12/site-packages/airflow/example_dags/example_sensor_decorator.py took 0.060 seconds
[2024-08-01T20:15:54.955+0000] {processor.py:161} INFO - Started process (PID=599) to work on /home/airflow/.local/lib/python3.12/site-packages/airflow/example_dags/example_sensor_decorator.py
[2024-08-01T20:15:54.956+0000] {processor.py:830} INFO - Processing file /home/airflow/.local/lib/python3.12/site-packages/airflow/example_dags/example_sensor_decorator.py for tasks to queue
[2024-08-01T20:15:54.957+0000] {logging_mixin.py:188} INFO - [2024-08-01T20:15:54.957+0000] {dagbag.py:545} INFO - Filling up the DagBag from /home/airflow/.local/lib/python3.12/site-packages/airflow/example_dags/example_sensor_decorator.py
[2024-08-01T20:15:54.962+0000] {processor.py:840} INFO - DAG(s) 'example_sensor_decorator' retrieved from /home/airflow/.local/lib/python3.12/site-packages/airflow/example_dags/example_sensor_decorator.py
[2024-08-01T20:15:54.978+0000] {logging_mixin.py:188} INFO - [2024-08-01T20:15:54.978+0000] {dag.py:3089} INFO - Sync 1 DAGs
[2024-08-01T20:15:54.990+0000] {logging_mixin.py:188} INFO - [2024-08-01T20:15:54.990+0000] {dag.py:3947} INFO - Setting next_dagrun for example_sensor_decorator to None, run_after=None
[2024-08-01T20:15:55.010+0000] {processor.py:183} INFO - Processing /home/airflow/.local/lib/python3.12/site-packages/airflow/example_dags/example_sensor_decorator.py took 0.061 seconds
[2024-08-01T20:16:25.560+0000] {processor.py:161} INFO - Started process (PID=657) to work on /home/airflow/.local/lib/python3.12/site-packages/airflow/example_dags/example_sensor_decorator.py
[2024-08-01T20:16:25.561+0000] {processor.py:830} INFO - Processing file /home/airflow/.local/lib/python3.12/site-packages/airflow/example_dags/example_sensor_decorator.py for tasks to queue
[2024-08-01T20:16:25.562+0000] {logging_mixin.py:188} INFO - [2024-08-01T20:16:25.562+0000] {dagbag.py:545} INFO - Filling up the DagBag from /home/airflow/.local/lib/python3.12/site-packages/airflow/example_dags/example_sensor_decorator.py
[2024-08-01T20:16:25.568+0000] {processor.py:840} INFO - DAG(s) 'example_sensor_decorator' retrieved from /home/airflow/.local/lib/python3.12/site-packages/airflow/example_dags/example_sensor_decorator.py
[2024-08-01T20:16:25.587+0000] {logging_mixin.py:188} INFO - [2024-08-01T20:16:25.587+0000] {dag.py:3089} INFO - Sync 1 DAGs
[2024-08-01T20:16:25.601+0000] {logging_mixin.py:188} INFO - [2024-08-01T20:16:25.601+0000] {dag.py:3947} INFO - Setting next_dagrun for example_sensor_decorator to None, run_after=None
[2024-08-01T20:16:25.622+0000] {processor.py:183} INFO - Processing /home/airflow/.local/lib/python3.12/site-packages/airflow/example_dags/example_sensor_decorator.py took 0.070 seconds
