[2024-08-01T20:02:21.464+0000] {processor.py:161} INFO - Started process (PID=87) to work on /home/airflow/.local/lib/python3.12/site-packages/airflow/example_dags/example_branch_operator.py
[2024-08-01T20:02:21.465+0000] {processor.py:830} INFO - Processing file /home/airflow/.local/lib/python3.12/site-packages/airflow/example_dags/example_branch_operator.py for tasks to queue
[2024-08-01T20:02:21.466+0000] {logging_mixin.py:188} INFO - [2024-08-01T20:02:21.466+0000] {dagbag.py:545} INFO - Filling up the DagBag from /home/airflow/.local/lib/python3.12/site-packages/airflow/example_dags/example_branch_operator.py
[2024-08-01T20:02:21.489+0000] {processor.py:840} INFO - DAG(s) 'example_branch_operator' retrieved from /home/airflow/.local/lib/python3.12/site-packages/airflow/example_dags/example_branch_operator.py
[2024-08-01T20:02:21.608+0000] {logging_mixin.py:188} INFO - [2024-08-01T20:02:21.608+0000] {dag.py:3089} INFO - Sync 1 DAGs
[2024-08-01T20:02:21.629+0000] {logging_mixin.py:188} INFO - [2024-08-01T20:02:21.629+0000] {dag.py:3947} INFO - Setting next_dagrun for example_branch_operator to 2024-07-31 00:00:00+00:00, run_after=2024-08-01 00:00:00+00:00
[2024-08-01T20:02:21.658+0000] {processor.py:183} INFO - Processing /home/airflow/.local/lib/python3.12/site-packages/airflow/example_dags/example_branch_operator.py took 0.199 seconds
[2024-08-01T20:02:52.120+0000] {processor.py:161} INFO - Started process (PID=145) to work on /home/airflow/.local/lib/python3.12/site-packages/airflow/example_dags/example_branch_operator.py
[2024-08-01T20:02:52.122+0000] {processor.py:830} INFO - Processing file /home/airflow/.local/lib/python3.12/site-packages/airflow/example_dags/example_branch_operator.py for tasks to queue
[2024-08-01T20:02:52.124+0000] {logging_mixin.py:188} INFO - [2024-08-01T20:02:52.123+0000] {dagbag.py:545} INFO - Filling up the DagBag from /home/airflow/.local/lib/python3.12/site-packages/airflow/example_dags/example_branch_operator.py
[2024-08-01T20:02:52.159+0000] {processor.py:840} INFO - DAG(s) 'example_branch_operator' retrieved from /home/airflow/.local/lib/python3.12/site-packages/airflow/example_dags/example_branch_operator.py
[2024-08-01T20:02:52.193+0000] {logging_mixin.py:188} INFO - [2024-08-01T20:02:52.192+0000] {dag.py:3089} INFO - Sync 1 DAGs
[2024-08-01T20:02:52.214+0000] {logging_mixin.py:188} INFO - [2024-08-01T20:02:52.213+0000] {dag.py:3947} INFO - Setting next_dagrun for example_branch_operator to 2024-07-31 00:00:00+00:00, run_after=2024-08-01 00:00:00+00:00
[2024-08-01T20:02:52.254+0000] {processor.py:183} INFO - Processing /home/airflow/.local/lib/python3.12/site-packages/airflow/example_dags/example_branch_operator.py took 0.138 seconds
[2024-08-01T20:03:22.504+0000] {processor.py:161} INFO - Started process (PID=203) to work on /home/airflow/.local/lib/python3.12/site-packages/airflow/example_dags/example_branch_operator.py
[2024-08-01T20:03:22.506+0000] {processor.py:830} INFO - Processing file /home/airflow/.local/lib/python3.12/site-packages/airflow/example_dags/example_branch_operator.py for tasks to queue
[2024-08-01T20:03:22.507+0000] {logging_mixin.py:188} INFO - [2024-08-01T20:03:22.507+0000] {dagbag.py:545} INFO - Filling up the DagBag from /home/airflow/.local/lib/python3.12/site-packages/airflow/example_dags/example_branch_operator.py
[2024-08-01T20:03:22.524+0000] {processor.py:840} INFO - DAG(s) 'example_branch_operator' retrieved from /home/airflow/.local/lib/python3.12/site-packages/airflow/example_dags/example_branch_operator.py
[2024-08-01T20:03:22.555+0000] {logging_mixin.py:188} INFO - [2024-08-01T20:03:22.555+0000] {dag.py:3089} INFO - Sync 1 DAGs
[2024-08-01T20:03:22.577+0000] {logging_mixin.py:188} INFO - [2024-08-01T20:03:22.577+0000] {dag.py:3947} INFO - Setting next_dagrun for example_branch_operator to 2024-07-31 00:00:00+00:00, run_after=2024-08-01 00:00:00+00:00
[2024-08-01T20:03:22.599+0000] {processor.py:183} INFO - Processing /home/airflow/.local/lib/python3.12/site-packages/airflow/example_dags/example_branch_operator.py took 0.099 seconds
[2024-08-01T20:03:52.969+0000] {processor.py:161} INFO - Started process (PID=261) to work on /home/airflow/.local/lib/python3.12/site-packages/airflow/example_dags/example_branch_operator.py
[2024-08-01T20:03:52.970+0000] {processor.py:830} INFO - Processing file /home/airflow/.local/lib/python3.12/site-packages/airflow/example_dags/example_branch_operator.py for tasks to queue
[2024-08-01T20:03:52.971+0000] {logging_mixin.py:188} INFO - [2024-08-01T20:03:52.971+0000] {dagbag.py:545} INFO - Filling up the DagBag from /home/airflow/.local/lib/python3.12/site-packages/airflow/example_dags/example_branch_operator.py
[2024-08-01T20:03:52.985+0000] {processor.py:840} INFO - DAG(s) 'example_branch_operator' retrieved from /home/airflow/.local/lib/python3.12/site-packages/airflow/example_dags/example_branch_operator.py
[2024-08-01T20:03:53.014+0000] {logging_mixin.py:188} INFO - [2024-08-01T20:03:53.013+0000] {dag.py:3089} INFO - Sync 1 DAGs
[2024-08-01T20:03:53.042+0000] {logging_mixin.py:188} INFO - [2024-08-01T20:03:53.042+0000] {dag.py:3947} INFO - Setting next_dagrun for example_branch_operator to 2024-07-31 00:00:00+00:00, run_after=2024-08-01 00:00:00+00:00
[2024-08-01T20:03:53.061+0000] {processor.py:183} INFO - Processing /home/airflow/.local/lib/python3.12/site-packages/airflow/example_dags/example_branch_operator.py took 0.097 seconds
[2024-08-01T20:04:23.419+0000] {processor.py:161} INFO - Started process (PID=319) to work on /home/airflow/.local/lib/python3.12/site-packages/airflow/example_dags/example_branch_operator.py
[2024-08-01T20:04:23.420+0000] {processor.py:830} INFO - Processing file /home/airflow/.local/lib/python3.12/site-packages/airflow/example_dags/example_branch_operator.py for tasks to queue
[2024-08-01T20:04:23.421+0000] {logging_mixin.py:188} INFO - [2024-08-01T20:04:23.421+0000] {dagbag.py:545} INFO - Filling up the DagBag from /home/airflow/.local/lib/python3.12/site-packages/airflow/example_dags/example_branch_operator.py
[2024-08-01T20:04:23.435+0000] {processor.py:840} INFO - DAG(s) 'example_branch_operator' retrieved from /home/airflow/.local/lib/python3.12/site-packages/airflow/example_dags/example_branch_operator.py
[2024-08-01T20:04:23.464+0000] {logging_mixin.py:188} INFO - [2024-08-01T20:04:23.464+0000] {dag.py:3089} INFO - Sync 1 DAGs
[2024-08-01T20:04:23.484+0000] {logging_mixin.py:188} INFO - [2024-08-01T20:04:23.484+0000] {dag.py:3947} INFO - Setting next_dagrun for example_branch_operator to 2024-07-31 00:00:00+00:00, run_after=2024-08-01 00:00:00+00:00
[2024-08-01T20:04:23.502+0000] {processor.py:183} INFO - Processing /home/airflow/.local/lib/python3.12/site-packages/airflow/example_dags/example_branch_operator.py took 0.089 seconds
[2024-08-01T20:04:54.067+0000] {processor.py:161} INFO - Started process (PID=377) to work on /home/airflow/.local/lib/python3.12/site-packages/airflow/example_dags/example_branch_operator.py
[2024-08-01T20:04:54.068+0000] {processor.py:830} INFO - Processing file /home/airflow/.local/lib/python3.12/site-packages/airflow/example_dags/example_branch_operator.py for tasks to queue
[2024-08-01T20:04:54.070+0000] {logging_mixin.py:188} INFO - [2024-08-01T20:04:54.069+0000] {dagbag.py:545} INFO - Filling up the DagBag from /home/airflow/.local/lib/python3.12/site-packages/airflow/example_dags/example_branch_operator.py
[2024-08-01T20:04:54.088+0000] {processor.py:840} INFO - DAG(s) 'example_branch_operator' retrieved from /home/airflow/.local/lib/python3.12/site-packages/airflow/example_dags/example_branch_operator.py
[2024-08-01T20:04:54.122+0000] {logging_mixin.py:188} INFO - [2024-08-01T20:04:54.121+0000] {dag.py:3089} INFO - Sync 1 DAGs
[2024-08-01T20:04:54.145+0000] {logging_mixin.py:188} INFO - [2024-08-01T20:04:54.145+0000] {dag.py:3947} INFO - Setting next_dagrun for example_branch_operator to 2024-07-31 00:00:00+00:00, run_after=2024-08-01 00:00:00+00:00
[2024-08-01T20:04:54.166+0000] {processor.py:183} INFO - Processing /home/airflow/.local/lib/python3.12/site-packages/airflow/example_dags/example_branch_operator.py took 0.106 seconds
[2024-08-01T20:05:24.731+0000] {processor.py:161} INFO - Started process (PID=435) to work on /home/airflow/.local/lib/python3.12/site-packages/airflow/example_dags/example_branch_operator.py
[2024-08-01T20:05:24.732+0000] {processor.py:830} INFO - Processing file /home/airflow/.local/lib/python3.12/site-packages/airflow/example_dags/example_branch_operator.py for tasks to queue
[2024-08-01T20:05:24.734+0000] {logging_mixin.py:188} INFO - [2024-08-01T20:05:24.733+0000] {dagbag.py:545} INFO - Filling up the DagBag from /home/airflow/.local/lib/python3.12/site-packages/airflow/example_dags/example_branch_operator.py
[2024-08-01T20:05:24.749+0000] {processor.py:840} INFO - DAG(s) 'example_branch_operator' retrieved from /home/airflow/.local/lib/python3.12/site-packages/airflow/example_dags/example_branch_operator.py
[2024-08-01T20:05:24.776+0000] {logging_mixin.py:188} INFO - [2024-08-01T20:05:24.776+0000] {dag.py:3089} INFO - Sync 1 DAGs
[2024-08-01T20:05:24.797+0000] {logging_mixin.py:188} INFO - [2024-08-01T20:05:24.797+0000] {dag.py:3947} INFO - Setting next_dagrun for example_branch_operator to 2024-07-31 00:00:00+00:00, run_after=2024-08-01 00:00:00+00:00
[2024-08-01T20:05:24.814+0000] {processor.py:183} INFO - Processing /home/airflow/.local/lib/python3.12/site-packages/airflow/example_dags/example_branch_operator.py took 0.088 seconds
[2024-08-01T20:05:55.148+0000] {processor.py:161} INFO - Started process (PID=493) to work on /home/airflow/.local/lib/python3.12/site-packages/airflow/example_dags/example_branch_operator.py
[2024-08-01T20:05:55.149+0000] {processor.py:830} INFO - Processing file /home/airflow/.local/lib/python3.12/site-packages/airflow/example_dags/example_branch_operator.py for tasks to queue
[2024-08-01T20:05:55.150+0000] {logging_mixin.py:188} INFO - [2024-08-01T20:05:55.150+0000] {dagbag.py:545} INFO - Filling up the DagBag from /home/airflow/.local/lib/python3.12/site-packages/airflow/example_dags/example_branch_operator.py
[2024-08-01T20:05:55.166+0000] {processor.py:840} INFO - DAG(s) 'example_branch_operator' retrieved from /home/airflow/.local/lib/python3.12/site-packages/airflow/example_dags/example_branch_operator.py
[2024-08-01T20:05:55.195+0000] {logging_mixin.py:188} INFO - [2024-08-01T20:05:55.194+0000] {dag.py:3089} INFO - Sync 1 DAGs
[2024-08-01T20:05:55.218+0000] {logging_mixin.py:188} INFO - [2024-08-01T20:05:55.218+0000] {dag.py:3947} INFO - Setting next_dagrun for example_branch_operator to 2024-07-31 00:00:00+00:00, run_after=2024-08-01 00:00:00+00:00
[2024-08-01T20:05:55.240+0000] {processor.py:183} INFO - Processing /home/airflow/.local/lib/python3.12/site-packages/airflow/example_dags/example_branch_operator.py took 0.098 seconds
[2024-08-01T20:06:35.972+0000] {processor.py:161} INFO - Started process (PID=81) to work on /home/airflow/.local/lib/python3.12/site-packages/airflow/example_dags/example_branch_operator.py
[2024-08-01T20:06:35.973+0000] {processor.py:830} INFO - Processing file /home/airflow/.local/lib/python3.12/site-packages/airflow/example_dags/example_branch_operator.py for tasks to queue
[2024-08-01T20:06:35.975+0000] {logging_mixin.py:188} INFO - [2024-08-01T20:06:35.974+0000] {dagbag.py:545} INFO - Filling up the DagBag from /home/airflow/.local/lib/python3.12/site-packages/airflow/example_dags/example_branch_operator.py
[2024-08-01T20:06:35.990+0000] {processor.py:840} INFO - DAG(s) 'example_branch_operator' retrieved from /home/airflow/.local/lib/python3.12/site-packages/airflow/example_dags/example_branch_operator.py
[2024-08-01T20:06:36.099+0000] {logging_mixin.py:188} INFO - [2024-08-01T20:06:36.099+0000] {dag.py:3089} INFO - Sync 1 DAGs
[2024-08-01T20:06:36.119+0000] {logging_mixin.py:188} INFO - [2024-08-01T20:06:36.119+0000] {dag.py:3947} INFO - Setting next_dagrun for example_branch_operator to 2024-07-31 00:00:00+00:00, run_after=2024-08-01 00:00:00+00:00
[2024-08-01T20:06:36.139+0000] {processor.py:183} INFO - Processing /home/airflow/.local/lib/python3.12/site-packages/airflow/example_dags/example_branch_operator.py took 0.171 seconds
[2024-08-01T20:07:06.870+0000] {processor.py:161} INFO - Started process (PID=139) to work on /home/airflow/.local/lib/python3.12/site-packages/airflow/example_dags/example_branch_operator.py
[2024-08-01T20:07:06.871+0000] {processor.py:830} INFO - Processing file /home/airflow/.local/lib/python3.12/site-packages/airflow/example_dags/example_branch_operator.py for tasks to queue
[2024-08-01T20:07:06.872+0000] {logging_mixin.py:188} INFO - [2024-08-01T20:07:06.872+0000] {dagbag.py:545} INFO - Filling up the DagBag from /home/airflow/.local/lib/python3.12/site-packages/airflow/example_dags/example_branch_operator.py
[2024-08-01T20:07:06.888+0000] {processor.py:840} INFO - DAG(s) 'example_branch_operator' retrieved from /home/airflow/.local/lib/python3.12/site-packages/airflow/example_dags/example_branch_operator.py
[2024-08-01T20:07:06.918+0000] {logging_mixin.py:188} INFO - [2024-08-01T20:07:06.917+0000] {dag.py:3089} INFO - Sync 1 DAGs
[2024-08-01T20:07:06.938+0000] {logging_mixin.py:188} INFO - [2024-08-01T20:07:06.938+0000] {dag.py:3947} INFO - Setting next_dagrun for example_branch_operator to 2024-07-31 00:00:00+00:00, run_after=2024-08-01 00:00:00+00:00
[2024-08-01T20:07:06.959+0000] {processor.py:183} INFO - Processing /home/airflow/.local/lib/python3.12/site-packages/airflow/example_dags/example_branch_operator.py took 0.094 seconds
[2024-08-01T20:07:37.726+0000] {processor.py:161} INFO - Started process (PID=197) to work on /home/airflow/.local/lib/python3.12/site-packages/airflow/example_dags/example_branch_operator.py
[2024-08-01T20:07:37.727+0000] {processor.py:830} INFO - Processing file /home/airflow/.local/lib/python3.12/site-packages/airflow/example_dags/example_branch_operator.py for tasks to queue
[2024-08-01T20:07:37.729+0000] {logging_mixin.py:188} INFO - [2024-08-01T20:07:37.728+0000] {dagbag.py:545} INFO - Filling up the DagBag from /home/airflow/.local/lib/python3.12/site-packages/airflow/example_dags/example_branch_operator.py
[2024-08-01T20:07:37.744+0000] {processor.py:840} INFO - DAG(s) 'example_branch_operator' retrieved from /home/airflow/.local/lib/python3.12/site-packages/airflow/example_dags/example_branch_operator.py
[2024-08-01T20:07:37.772+0000] {logging_mixin.py:188} INFO - [2024-08-01T20:07:37.772+0000] {dag.py:3089} INFO - Sync 1 DAGs
[2024-08-01T20:07:37.800+0000] {logging_mixin.py:188} INFO - [2024-08-01T20:07:37.800+0000] {dag.py:3947} INFO - Setting next_dagrun for example_branch_operator to 2024-07-31 00:00:00+00:00, run_after=2024-08-01 00:00:00+00:00
[2024-08-01T20:07:37.826+0000] {processor.py:183} INFO - Processing /home/airflow/.local/lib/python3.12/site-packages/airflow/example_dags/example_branch_operator.py took 0.104 seconds
[2024-08-01T20:08:08.014+0000] {processor.py:161} INFO - Started process (PID=255) to work on /home/airflow/.local/lib/python3.12/site-packages/airflow/example_dags/example_branch_operator.py
[2024-08-01T20:08:08.015+0000] {processor.py:830} INFO - Processing file /home/airflow/.local/lib/python3.12/site-packages/airflow/example_dags/example_branch_operator.py for tasks to queue
[2024-08-01T20:08:08.017+0000] {logging_mixin.py:188} INFO - [2024-08-01T20:08:08.016+0000] {dagbag.py:545} INFO - Filling up the DagBag from /home/airflow/.local/lib/python3.12/site-packages/airflow/example_dags/example_branch_operator.py
[2024-08-01T20:08:08.032+0000] {processor.py:840} INFO - DAG(s) 'example_branch_operator' retrieved from /home/airflow/.local/lib/python3.12/site-packages/airflow/example_dags/example_branch_operator.py
[2024-08-01T20:08:08.061+0000] {logging_mixin.py:188} INFO - [2024-08-01T20:08:08.061+0000] {dag.py:3089} INFO - Sync 1 DAGs
[2024-08-01T20:08:08.084+0000] {logging_mixin.py:188} INFO - [2024-08-01T20:08:08.083+0000] {dag.py:3947} INFO - Setting next_dagrun for example_branch_operator to 2024-07-31 00:00:00+00:00, run_after=2024-08-01 00:00:00+00:00
[2024-08-01T20:08:08.106+0000] {processor.py:183} INFO - Processing /home/airflow/.local/lib/python3.12/site-packages/airflow/example_dags/example_branch_operator.py took 0.097 seconds
[2024-08-01T20:08:38.575+0000] {processor.py:161} INFO - Started process (PID=313) to work on /home/airflow/.local/lib/python3.12/site-packages/airflow/example_dags/example_branch_operator.py
[2024-08-01T20:08:38.576+0000] {processor.py:830} INFO - Processing file /home/airflow/.local/lib/python3.12/site-packages/airflow/example_dags/example_branch_operator.py for tasks to queue
[2024-08-01T20:08:38.578+0000] {logging_mixin.py:188} INFO - [2024-08-01T20:08:38.577+0000] {dagbag.py:545} INFO - Filling up the DagBag from /home/airflow/.local/lib/python3.12/site-packages/airflow/example_dags/example_branch_operator.py
[2024-08-01T20:08:38.592+0000] {processor.py:840} INFO - DAG(s) 'example_branch_operator' retrieved from /home/airflow/.local/lib/python3.12/site-packages/airflow/example_dags/example_branch_operator.py
[2024-08-01T20:08:38.619+0000] {logging_mixin.py:188} INFO - [2024-08-01T20:08:38.619+0000] {dag.py:3089} INFO - Sync 1 DAGs
[2024-08-01T20:08:38.639+0000] {logging_mixin.py:188} INFO - [2024-08-01T20:08:38.639+0000] {dag.py:3947} INFO - Setting next_dagrun for example_branch_operator to 2024-07-31 00:00:00+00:00, run_after=2024-08-01 00:00:00+00:00
[2024-08-01T20:08:38.658+0000] {processor.py:183} INFO - Processing /home/airflow/.local/lib/python3.12/site-packages/airflow/example_dags/example_branch_operator.py took 0.088 seconds
[2024-08-01T20:09:09.133+0000] {processor.py:161} INFO - Started process (PID=371) to work on /home/airflow/.local/lib/python3.12/site-packages/airflow/example_dags/example_branch_operator.py
[2024-08-01T20:09:09.134+0000] {processor.py:830} INFO - Processing file /home/airflow/.local/lib/python3.12/site-packages/airflow/example_dags/example_branch_operator.py for tasks to queue
[2024-08-01T20:09:09.135+0000] {logging_mixin.py:188} INFO - [2024-08-01T20:09:09.135+0000] {dagbag.py:545} INFO - Filling up the DagBag from /home/airflow/.local/lib/python3.12/site-packages/airflow/example_dags/example_branch_operator.py
[2024-08-01T20:09:09.150+0000] {processor.py:840} INFO - DAG(s) 'example_branch_operator' retrieved from /home/airflow/.local/lib/python3.12/site-packages/airflow/example_dags/example_branch_operator.py
[2024-08-01T20:09:09.179+0000] {logging_mixin.py:188} INFO - [2024-08-01T20:09:09.179+0000] {dag.py:3089} INFO - Sync 1 DAGs
[2024-08-01T20:09:09.200+0000] {logging_mixin.py:188} INFO - [2024-08-01T20:09:09.200+0000] {dag.py:3947} INFO - Setting next_dagrun for example_branch_operator to 2024-07-31 00:00:00+00:00, run_after=2024-08-01 00:00:00+00:00
[2024-08-01T20:09:09.220+0000] {processor.py:183} INFO - Processing /home/airflow/.local/lib/python3.12/site-packages/airflow/example_dags/example_branch_operator.py took 0.092 seconds
[2024-08-01T20:11:21.790+0000] {processor.py:161} INFO - Started process (PID=85) to work on /home/airflow/.local/lib/python3.12/site-packages/airflow/example_dags/example_branch_operator.py
[2024-08-01T20:11:21.791+0000] {processor.py:830} INFO - Processing file /home/airflow/.local/lib/python3.12/site-packages/airflow/example_dags/example_branch_operator.py for tasks to queue
[2024-08-01T20:11:21.793+0000] {logging_mixin.py:188} INFO - [2024-08-01T20:11:21.792+0000] {dagbag.py:545} INFO - Filling up the DagBag from /home/airflow/.local/lib/python3.12/site-packages/airflow/example_dags/example_branch_operator.py
[2024-08-01T20:11:21.809+0000] {processor.py:840} INFO - DAG(s) 'example_branch_operator' retrieved from /home/airflow/.local/lib/python3.12/site-packages/airflow/example_dags/example_branch_operator.py
[2024-08-01T20:11:21.822+0000] {logging_mixin.py:188} INFO - [2024-08-01T20:11:21.822+0000] {dag.py:3089} INFO - Sync 1 DAGs
[2024-08-01T20:11:21.845+0000] {logging_mixin.py:188} INFO - [2024-08-01T20:11:21.845+0000] {dag.py:3947} INFO - Setting next_dagrun for example_branch_operator to 2024-07-31 00:00:00+00:00, run_after=2024-08-01 00:00:00+00:00
[2024-08-01T20:11:21.866+0000] {processor.py:183} INFO - Processing /home/airflow/.local/lib/python3.12/site-packages/airflow/example_dags/example_branch_operator.py took 0.081 seconds
[2024-08-01T20:11:53.189+0000] {processor.py:161} INFO - Started process (PID=143) to work on /home/airflow/.local/lib/python3.12/site-packages/airflow/example_dags/example_branch_operator.py
[2024-08-01T20:11:53.191+0000] {processor.py:830} INFO - Processing file /home/airflow/.local/lib/python3.12/site-packages/airflow/example_dags/example_branch_operator.py for tasks to queue
[2024-08-01T20:11:53.192+0000] {logging_mixin.py:188} INFO - [2024-08-01T20:11:53.192+0000] {dagbag.py:545} INFO - Filling up the DagBag from /home/airflow/.local/lib/python3.12/site-packages/airflow/example_dags/example_branch_operator.py
[2024-08-01T20:11:53.210+0000] {processor.py:840} INFO - DAG(s) 'example_branch_operator' retrieved from /home/airflow/.local/lib/python3.12/site-packages/airflow/example_dags/example_branch_operator.py
[2024-08-01T20:11:53.323+0000] {logging_mixin.py:188} INFO - [2024-08-01T20:11:53.323+0000] {dag.py:3089} INFO - Sync 1 DAGs
[2024-08-01T20:11:53.343+0000] {logging_mixin.py:188} INFO - [2024-08-01T20:11:53.343+0000] {dag.py:3947} INFO - Setting next_dagrun for example_branch_operator to 2024-07-31 00:00:00+00:00, run_after=2024-08-01 00:00:00+00:00
[2024-08-01T20:11:53.366+0000] {processor.py:183} INFO - Processing /home/airflow/.local/lib/python3.12/site-packages/airflow/example_dags/example_branch_operator.py took 0.182 seconds
[2024-08-01T20:12:24.339+0000] {processor.py:161} INFO - Started process (PID=201) to work on /home/airflow/.local/lib/python3.12/site-packages/airflow/example_dags/example_branch_operator.py
[2024-08-01T20:12:24.340+0000] {processor.py:830} INFO - Processing file /home/airflow/.local/lib/python3.12/site-packages/airflow/example_dags/example_branch_operator.py for tasks to queue
[2024-08-01T20:12:24.342+0000] {logging_mixin.py:188} INFO - [2024-08-01T20:12:24.342+0000] {dagbag.py:545} INFO - Filling up the DagBag from /home/airflow/.local/lib/python3.12/site-packages/airflow/example_dags/example_branch_operator.py
[2024-08-01T20:12:24.358+0000] {processor.py:840} INFO - DAG(s) 'example_branch_operator' retrieved from /home/airflow/.local/lib/python3.12/site-packages/airflow/example_dags/example_branch_operator.py
[2024-08-01T20:12:24.392+0000] {logging_mixin.py:188} INFO - [2024-08-01T20:12:24.391+0000] {dag.py:3089} INFO - Sync 1 DAGs
[2024-08-01T20:12:24.417+0000] {logging_mixin.py:188} INFO - [2024-08-01T20:12:24.416+0000] {dag.py:3947} INFO - Setting next_dagrun for example_branch_operator to 2024-07-31 00:00:00+00:00, run_after=2024-08-01 00:00:00+00:00
[2024-08-01T20:12:24.439+0000] {processor.py:183} INFO - Processing /home/airflow/.local/lib/python3.12/site-packages/airflow/example_dags/example_branch_operator.py took 0.105 seconds
[2024-08-01T20:12:54.703+0000] {processor.py:161} INFO - Started process (PID=259) to work on /home/airflow/.local/lib/python3.12/site-packages/airflow/example_dags/example_branch_operator.py
[2024-08-01T20:12:54.704+0000] {processor.py:830} INFO - Processing file /home/airflow/.local/lib/python3.12/site-packages/airflow/example_dags/example_branch_operator.py for tasks to queue
[2024-08-01T20:12:54.706+0000] {logging_mixin.py:188} INFO - [2024-08-01T20:12:54.706+0000] {dagbag.py:545} INFO - Filling up the DagBag from /home/airflow/.local/lib/python3.12/site-packages/airflow/example_dags/example_branch_operator.py
[2024-08-01T20:12:54.719+0000] {processor.py:840} INFO - DAG(s) 'example_branch_operator' retrieved from /home/airflow/.local/lib/python3.12/site-packages/airflow/example_dags/example_branch_operator.py
[2024-08-01T20:12:54.745+0000] {logging_mixin.py:188} INFO - [2024-08-01T20:12:54.745+0000] {dag.py:3089} INFO - Sync 1 DAGs
[2024-08-01T20:12:54.765+0000] {logging_mixin.py:188} INFO - [2024-08-01T20:12:54.765+0000] {dag.py:3947} INFO - Setting next_dagrun for example_branch_operator to 2024-07-31 00:00:00+00:00, run_after=2024-08-01 00:00:00+00:00
[2024-08-01T20:12:54.790+0000] {processor.py:183} INFO - Processing /home/airflow/.local/lib/python3.12/site-packages/airflow/example_dags/example_branch_operator.py took 0.092 seconds
[2024-08-01T20:13:24.833+0000] {processor.py:161} INFO - Started process (PID=317) to work on /home/airflow/.local/lib/python3.12/site-packages/airflow/example_dags/example_branch_operator.py
[2024-08-01T20:13:24.834+0000] {processor.py:830} INFO - Processing file /home/airflow/.local/lib/python3.12/site-packages/airflow/example_dags/example_branch_operator.py for tasks to queue
[2024-08-01T20:13:24.836+0000] {logging_mixin.py:188} INFO - [2024-08-01T20:13:24.836+0000] {dagbag.py:545} INFO - Filling up the DagBag from /home/airflow/.local/lib/python3.12/site-packages/airflow/example_dags/example_branch_operator.py
[2024-08-01T20:13:24.850+0000] {processor.py:840} INFO - DAG(s) 'example_branch_operator' retrieved from /home/airflow/.local/lib/python3.12/site-packages/airflow/example_dags/example_branch_operator.py
[2024-08-01T20:13:24.878+0000] {logging_mixin.py:188} INFO - [2024-08-01T20:13:24.877+0000] {dag.py:3089} INFO - Sync 1 DAGs
[2024-08-01T20:13:24.897+0000] {logging_mixin.py:188} INFO - [2024-08-01T20:13:24.897+0000] {dag.py:3947} INFO - Setting next_dagrun for example_branch_operator to 2024-07-31 00:00:00+00:00, run_after=2024-08-01 00:00:00+00:00
[2024-08-01T20:13:24.915+0000] {processor.py:183} INFO - Processing /home/airflow/.local/lib/python3.12/site-packages/airflow/example_dags/example_branch_operator.py took 0.087 seconds
[2024-08-01T20:13:55.232+0000] {processor.py:161} INFO - Started process (PID=375) to work on /home/airflow/.local/lib/python3.12/site-packages/airflow/example_dags/example_branch_operator.py
[2024-08-01T20:13:55.233+0000] {processor.py:830} INFO - Processing file /home/airflow/.local/lib/python3.12/site-packages/airflow/example_dags/example_branch_operator.py for tasks to queue
[2024-08-01T20:13:55.234+0000] {logging_mixin.py:188} INFO - [2024-08-01T20:13:55.234+0000] {dagbag.py:545} INFO - Filling up the DagBag from /home/airflow/.local/lib/python3.12/site-packages/airflow/example_dags/example_branch_operator.py
[2024-08-01T20:13:55.249+0000] {processor.py:840} INFO - DAG(s) 'example_branch_operator' retrieved from /home/airflow/.local/lib/python3.12/site-packages/airflow/example_dags/example_branch_operator.py
[2024-08-01T20:13:55.277+0000] {logging_mixin.py:188} INFO - [2024-08-01T20:13:55.277+0000] {dag.py:3089} INFO - Sync 1 DAGs
[2024-08-01T20:13:55.297+0000] {logging_mixin.py:188} INFO - [2024-08-01T20:13:55.296+0000] {dag.py:3947} INFO - Setting next_dagrun for example_branch_operator to 2024-07-31 00:00:00+00:00, run_after=2024-08-01 00:00:00+00:00
[2024-08-01T20:13:55.316+0000] {processor.py:183} INFO - Processing /home/airflow/.local/lib/python3.12/site-packages/airflow/example_dags/example_branch_operator.py took 0.089 seconds
[2024-08-01T20:14:25.635+0000] {processor.py:161} INFO - Started process (PID=433) to work on /home/airflow/.local/lib/python3.12/site-packages/airflow/example_dags/example_branch_operator.py
[2024-08-01T20:14:25.637+0000] {processor.py:830} INFO - Processing file /home/airflow/.local/lib/python3.12/site-packages/airflow/example_dags/example_branch_operator.py for tasks to queue
[2024-08-01T20:14:25.639+0000] {logging_mixin.py:188} INFO - [2024-08-01T20:14:25.639+0000] {dagbag.py:545} INFO - Filling up the DagBag from /home/airflow/.local/lib/python3.12/site-packages/airflow/example_dags/example_branch_operator.py
[2024-08-01T20:14:25.670+0000] {processor.py:840} INFO - DAG(s) 'example_branch_operator' retrieved from /home/airflow/.local/lib/python3.12/site-packages/airflow/example_dags/example_branch_operator.py
[2024-08-01T20:14:25.712+0000] {logging_mixin.py:188} INFO - [2024-08-01T20:14:25.712+0000] {dag.py:3089} INFO - Sync 1 DAGs
[2024-08-01T20:14:25.741+0000] {logging_mixin.py:188} INFO - [2024-08-01T20:14:25.740+0000] {dag.py:3947} INFO - Setting next_dagrun for example_branch_operator to 2024-07-31 00:00:00+00:00, run_after=2024-08-01 00:00:00+00:00
[2024-08-01T20:14:25.768+0000] {processor.py:183} INFO - Processing /home/airflow/.local/lib/python3.12/site-packages/airflow/example_dags/example_branch_operator.py took 0.138 seconds
[2024-08-01T20:14:55.979+0000] {processor.py:161} INFO - Started process (PID=491) to work on /home/airflow/.local/lib/python3.12/site-packages/airflow/example_dags/example_branch_operator.py
[2024-08-01T20:14:55.981+0000] {processor.py:830} INFO - Processing file /home/airflow/.local/lib/python3.12/site-packages/airflow/example_dags/example_branch_operator.py for tasks to queue
[2024-08-01T20:14:55.982+0000] {logging_mixin.py:188} INFO - [2024-08-01T20:14:55.982+0000] {dagbag.py:545} INFO - Filling up the DagBag from /home/airflow/.local/lib/python3.12/site-packages/airflow/example_dags/example_branch_operator.py
[2024-08-01T20:14:55.997+0000] {processor.py:840} INFO - DAG(s) 'example_branch_operator' retrieved from /home/airflow/.local/lib/python3.12/site-packages/airflow/example_dags/example_branch_operator.py
[2024-08-01T20:14:56.025+0000] {logging_mixin.py:188} INFO - [2024-08-01T20:14:56.025+0000] {dag.py:3089} INFO - Sync 1 DAGs
[2024-08-01T20:14:56.047+0000] {logging_mixin.py:188} INFO - [2024-08-01T20:14:56.047+0000] {dag.py:3947} INFO - Setting next_dagrun for example_branch_operator to 2024-07-31 00:00:00+00:00, run_after=2024-08-01 00:00:00+00:00
[2024-08-01T20:14:56.067+0000] {processor.py:183} INFO - Processing /home/airflow/.local/lib/python3.12/site-packages/airflow/example_dags/example_branch_operator.py took 0.093 seconds
[2024-08-01T20:15:26.097+0000] {processor.py:161} INFO - Started process (PID=549) to work on /home/airflow/.local/lib/python3.12/site-packages/airflow/example_dags/example_branch_operator.py
[2024-08-01T20:15:26.098+0000] {processor.py:830} INFO - Processing file /home/airflow/.local/lib/python3.12/site-packages/airflow/example_dags/example_branch_operator.py for tasks to queue
[2024-08-01T20:15:26.100+0000] {logging_mixin.py:188} INFO - [2024-08-01T20:15:26.099+0000] {dagbag.py:545} INFO - Filling up the DagBag from /home/airflow/.local/lib/python3.12/site-packages/airflow/example_dags/example_branch_operator.py
[2024-08-01T20:15:26.115+0000] {processor.py:840} INFO - DAG(s) 'example_branch_operator' retrieved from /home/airflow/.local/lib/python3.12/site-packages/airflow/example_dags/example_branch_operator.py
[2024-08-01T20:15:26.144+0000] {logging_mixin.py:188} INFO - [2024-08-01T20:15:26.144+0000] {dag.py:3089} INFO - Sync 1 DAGs
[2024-08-01T20:15:26.169+0000] {logging_mixin.py:188} INFO - [2024-08-01T20:15:26.168+0000] {dag.py:3947} INFO - Setting next_dagrun for example_branch_operator to 2024-07-31 00:00:00+00:00, run_after=2024-08-01 00:00:00+00:00
[2024-08-01T20:15:26.189+0000] {processor.py:183} INFO - Processing /home/airflow/.local/lib/python3.12/site-packages/airflow/example_dags/example_branch_operator.py took 0.097 seconds
[2024-08-01T20:15:56.301+0000] {processor.py:161} INFO - Started process (PID=606) to work on /home/airflow/.local/lib/python3.12/site-packages/airflow/example_dags/example_branch_operator.py
[2024-08-01T20:15:56.302+0000] {processor.py:830} INFO - Processing file /home/airflow/.local/lib/python3.12/site-packages/airflow/example_dags/example_branch_operator.py for tasks to queue
[2024-08-01T20:15:56.304+0000] {logging_mixin.py:188} INFO - [2024-08-01T20:15:56.303+0000] {dagbag.py:545} INFO - Filling up the DagBag from /home/airflow/.local/lib/python3.12/site-packages/airflow/example_dags/example_branch_operator.py
[2024-08-01T20:15:56.318+0000] {processor.py:840} INFO - DAG(s) 'example_branch_operator' retrieved from /home/airflow/.local/lib/python3.12/site-packages/airflow/example_dags/example_branch_operator.py
[2024-08-01T20:15:56.344+0000] {logging_mixin.py:188} INFO - [2024-08-01T20:15:56.344+0000] {dag.py:3089} INFO - Sync 1 DAGs
[2024-08-01T20:15:56.364+0000] {logging_mixin.py:188} INFO - [2024-08-01T20:15:56.364+0000] {dag.py:3947} INFO - Setting next_dagrun for example_branch_operator to 2024-07-31 00:00:00+00:00, run_after=2024-08-01 00:00:00+00:00
[2024-08-01T20:15:56.384+0000] {processor.py:183} INFO - Processing /home/airflow/.local/lib/python3.12/site-packages/airflow/example_dags/example_branch_operator.py took 0.088 seconds
[2024-08-01T20:16:26.928+0000] {processor.py:161} INFO - Started process (PID=665) to work on /home/airflow/.local/lib/python3.12/site-packages/airflow/example_dags/example_branch_operator.py
[2024-08-01T20:16:26.930+0000] {processor.py:830} INFO - Processing file /home/airflow/.local/lib/python3.12/site-packages/airflow/example_dags/example_branch_operator.py for tasks to queue
[2024-08-01T20:16:26.931+0000] {logging_mixin.py:188} INFO - [2024-08-01T20:16:26.931+0000] {dagbag.py:545} INFO - Filling up the DagBag from /home/airflow/.local/lib/python3.12/site-packages/airflow/example_dags/example_branch_operator.py
[2024-08-01T20:16:26.948+0000] {processor.py:840} INFO - DAG(s) 'example_branch_operator' retrieved from /home/airflow/.local/lib/python3.12/site-packages/airflow/example_dags/example_branch_operator.py
[2024-08-01T20:16:26.977+0000] {logging_mixin.py:188} INFO - [2024-08-01T20:16:26.977+0000] {dag.py:3089} INFO - Sync 1 DAGs
[2024-08-01T20:16:27.001+0000] {logging_mixin.py:188} INFO - [2024-08-01T20:16:27.001+0000] {dag.py:3947} INFO - Setting next_dagrun for example_branch_operator to 2024-07-31 00:00:00+00:00, run_after=2024-08-01 00:00:00+00:00
[2024-08-01T20:16:27.023+0000] {processor.py:183} INFO - Processing /home/airflow/.local/lib/python3.12/site-packages/airflow/example_dags/example_branch_operator.py took 0.100 seconds
