[2024-08-01T20:02:16.738+0000] {processor.py:161} INFO - Started process (PID=52) to work on /home/airflow/.local/lib/python3.12/site-packages/airflow/example_dags/example_bash_decorator.py
[2024-08-01T20:02:16.739+0000] {processor.py:830} INFO - Processing file /home/airflow/.local/lib/python3.12/site-packages/airflow/example_dags/example_bash_decorator.py for tasks to queue
[2024-08-01T20:02:16.741+0000] {logging_mixin.py:188} INFO - [2024-08-01T20:02:16.741+0000] {dagbag.py:545} INFO - Filling up the DagBag from /home/airflow/.local/lib/python3.12/site-packages/airflow/example_dags/example_bash_decorator.py
[2024-08-01T20:02:16.777+0000] {processor.py:840} INFO - DAG(s) 'example_bash_decorator' retrieved from /home/airflow/.local/lib/python3.12/site-packages/airflow/example_dags/example_bash_decorator.py
[2024-08-01T20:02:16.791+0000] {logging_mixin.py:188} INFO - [2024-08-01T20:02:16.790+0000] {dag.py:3089} INFO - Sync 1 DAGs
[2024-08-01T20:02:16.806+0000] {logging_mixin.py:188} INFO - [2024-08-01T20:02:16.806+0000] {dag.py:3947} INFO - Setting next_dagrun for example_bash_decorator to None, run_after=None
[2024-08-01T20:02:16.842+0000] {processor.py:183} INFO - Processing /home/airflow/.local/lib/python3.12/site-packages/airflow/example_dags/example_bash_decorator.py took 0.112 seconds
[2024-08-01T20:02:48.659+0000] {processor.py:161} INFO - Started process (PID=116) to work on /home/airflow/.local/lib/python3.12/site-packages/airflow/example_dags/example_bash_decorator.py
[2024-08-01T20:02:48.661+0000] {processor.py:830} INFO - Processing file /home/airflow/.local/lib/python3.12/site-packages/airflow/example_dags/example_bash_decorator.py for tasks to queue
[2024-08-01T20:02:48.662+0000] {logging_mixin.py:188} INFO - [2024-08-01T20:02:48.662+0000] {dagbag.py:545} INFO - Filling up the DagBag from /home/airflow/.local/lib/python3.12/site-packages/airflow/example_dags/example_bash_decorator.py
[2024-08-01T20:02:48.680+0000] {processor.py:840} INFO - DAG(s) 'example_bash_decorator' retrieved from /home/airflow/.local/lib/python3.12/site-packages/airflow/example_dags/example_bash_decorator.py
[2024-08-01T20:02:48.841+0000] {logging_mixin.py:188} INFO - [2024-08-01T20:02:48.841+0000] {dag.py:3089} INFO - Sync 1 DAGs
[2024-08-01T20:02:48.857+0000] {logging_mixin.py:188} INFO - [2024-08-01T20:02:48.857+0000] {dag.py:3947} INFO - Setting next_dagrun for example_bash_decorator to None, run_after=None
[2024-08-01T20:02:48.880+0000] {processor.py:183} INFO - Processing /home/airflow/.local/lib/python3.12/site-packages/airflow/example_dags/example_bash_decorator.py took 0.226 seconds
[2024-08-01T20:03:18.926+0000] {processor.py:161} INFO - Started process (PID=174) to work on /home/airflow/.local/lib/python3.12/site-packages/airflow/example_dags/example_bash_decorator.py
[2024-08-01T20:03:18.927+0000] {processor.py:830} INFO - Processing file /home/airflow/.local/lib/python3.12/site-packages/airflow/example_dags/example_bash_decorator.py for tasks to queue
[2024-08-01T20:03:18.929+0000] {logging_mixin.py:188} INFO - [2024-08-01T20:03:18.929+0000] {dagbag.py:545} INFO - Filling up the DagBag from /home/airflow/.local/lib/python3.12/site-packages/airflow/example_dags/example_bash_decorator.py
[2024-08-01T20:03:18.961+0000] {processor.py:840} INFO - DAG(s) 'example_bash_decorator' retrieved from /home/airflow/.local/lib/python3.12/site-packages/airflow/example_dags/example_bash_decorator.py
[2024-08-01T20:03:19.008+0000] {logging_mixin.py:188} INFO - [2024-08-01T20:03:19.005+0000] {dag.py:3089} INFO - Sync 1 DAGs
[2024-08-01T20:03:19.032+0000] {logging_mixin.py:188} INFO - [2024-08-01T20:03:19.031+0000] {dag.py:3947} INFO - Setting next_dagrun for example_bash_decorator to None, run_after=None
[2024-08-01T20:03:19.119+0000] {processor.py:183} INFO - Processing /home/airflow/.local/lib/python3.12/site-packages/airflow/example_dags/example_bash_decorator.py took 0.199 seconds
[2024-08-01T20:03:49.349+0000] {processor.py:161} INFO - Started process (PID=232) to work on /home/airflow/.local/lib/python3.12/site-packages/airflow/example_dags/example_bash_decorator.py
[2024-08-01T20:03:49.350+0000] {processor.py:830} INFO - Processing file /home/airflow/.local/lib/python3.12/site-packages/airflow/example_dags/example_bash_decorator.py for tasks to queue
[2024-08-01T20:03:49.352+0000] {logging_mixin.py:188} INFO - [2024-08-01T20:03:49.351+0000] {dagbag.py:545} INFO - Filling up the DagBag from /home/airflow/.local/lib/python3.12/site-packages/airflow/example_dags/example_bash_decorator.py
[2024-08-01T20:03:49.362+0000] {processor.py:840} INFO - DAG(s) 'example_bash_decorator' retrieved from /home/airflow/.local/lib/python3.12/site-packages/airflow/example_dags/example_bash_decorator.py
[2024-08-01T20:03:49.385+0000] {logging_mixin.py:188} INFO - [2024-08-01T20:03:49.384+0000] {dag.py:3089} INFO - Sync 1 DAGs
[2024-08-01T20:03:49.397+0000] {logging_mixin.py:188} INFO - [2024-08-01T20:03:49.397+0000] {dag.py:3947} INFO - Setting next_dagrun for example_bash_decorator to None, run_after=None
[2024-08-01T20:03:49.413+0000] {processor.py:183} INFO - Processing /home/airflow/.local/lib/python3.12/site-packages/airflow/example_dags/example_bash_decorator.py took 0.069 seconds
[2024-08-01T20:04:19.715+0000] {processor.py:161} INFO - Started process (PID=290) to work on /home/airflow/.local/lib/python3.12/site-packages/airflow/example_dags/example_bash_decorator.py
[2024-08-01T20:04:19.716+0000] {processor.py:830} INFO - Processing file /home/airflow/.local/lib/python3.12/site-packages/airflow/example_dags/example_bash_decorator.py for tasks to queue
[2024-08-01T20:04:19.718+0000] {logging_mixin.py:188} INFO - [2024-08-01T20:04:19.717+0000] {dagbag.py:545} INFO - Filling up the DagBag from /home/airflow/.local/lib/python3.12/site-packages/airflow/example_dags/example_bash_decorator.py
[2024-08-01T20:04:19.730+0000] {processor.py:840} INFO - DAG(s) 'example_bash_decorator' retrieved from /home/airflow/.local/lib/python3.12/site-packages/airflow/example_dags/example_bash_decorator.py
[2024-08-01T20:04:19.753+0000] {logging_mixin.py:188} INFO - [2024-08-01T20:04:19.753+0000] {dag.py:3089} INFO - Sync 1 DAGs
[2024-08-01T20:04:19.767+0000] {logging_mixin.py:188} INFO - [2024-08-01T20:04:19.766+0000] {dag.py:3947} INFO - Setting next_dagrun for example_bash_decorator to None, run_after=None
[2024-08-01T20:04:19.787+0000] {processor.py:183} INFO - Processing /home/airflow/.local/lib/python3.12/site-packages/airflow/example_dags/example_bash_decorator.py took 0.078 seconds
[2024-08-01T20:04:50.179+0000] {processor.py:161} INFO - Started process (PID=348) to work on /home/airflow/.local/lib/python3.12/site-packages/airflow/example_dags/example_bash_decorator.py
[2024-08-01T20:04:50.181+0000] {processor.py:830} INFO - Processing file /home/airflow/.local/lib/python3.12/site-packages/airflow/example_dags/example_bash_decorator.py for tasks to queue
[2024-08-01T20:04:50.182+0000] {logging_mixin.py:188} INFO - [2024-08-01T20:04:50.182+0000] {dagbag.py:545} INFO - Filling up the DagBag from /home/airflow/.local/lib/python3.12/site-packages/airflow/example_dags/example_bash_decorator.py
[2024-08-01T20:04:50.195+0000] {processor.py:840} INFO - DAG(s) 'example_bash_decorator' retrieved from /home/airflow/.local/lib/python3.12/site-packages/airflow/example_dags/example_bash_decorator.py
[2024-08-01T20:04:50.220+0000] {logging_mixin.py:188} INFO - [2024-08-01T20:04:50.220+0000] {dag.py:3089} INFO - Sync 1 DAGs
[2024-08-01T20:04:50.235+0000] {logging_mixin.py:188} INFO - [2024-08-01T20:04:50.235+0000] {dag.py:3947} INFO - Setting next_dagrun for example_bash_decorator to None, run_after=None
[2024-08-01T20:04:50.264+0000] {processor.py:183} INFO - Processing /home/airflow/.local/lib/python3.12/site-packages/airflow/example_dags/example_bash_decorator.py took 0.090 seconds
[2024-08-01T20:05:21.139+0000] {processor.py:161} INFO - Started process (PID=406) to work on /home/airflow/.local/lib/python3.12/site-packages/airflow/example_dags/example_bash_decorator.py
[2024-08-01T20:05:21.139+0000] {processor.py:830} INFO - Processing file /home/airflow/.local/lib/python3.12/site-packages/airflow/example_dags/example_bash_decorator.py for tasks to queue
[2024-08-01T20:05:21.141+0000] {logging_mixin.py:188} INFO - [2024-08-01T20:05:21.140+0000] {dagbag.py:545} INFO - Filling up the DagBag from /home/airflow/.local/lib/python3.12/site-packages/airflow/example_dags/example_bash_decorator.py
[2024-08-01T20:05:21.152+0000] {processor.py:840} INFO - DAG(s) 'example_bash_decorator' retrieved from /home/airflow/.local/lib/python3.12/site-packages/airflow/example_dags/example_bash_decorator.py
[2024-08-01T20:05:21.175+0000] {logging_mixin.py:188} INFO - [2024-08-01T20:05:21.174+0000] {dag.py:3089} INFO - Sync 1 DAGs
[2024-08-01T20:05:21.187+0000] {logging_mixin.py:188} INFO - [2024-08-01T20:05:21.186+0000] {dag.py:3947} INFO - Setting next_dagrun for example_bash_decorator to None, run_after=None
[2024-08-01T20:05:21.205+0000] {processor.py:183} INFO - Processing /home/airflow/.local/lib/python3.12/site-packages/airflow/example_dags/example_bash_decorator.py took 0.071 seconds
[2024-08-01T20:05:51.270+0000] {processor.py:161} INFO - Started process (PID=464) to work on /home/airflow/.local/lib/python3.12/site-packages/airflow/example_dags/example_bash_decorator.py
[2024-08-01T20:05:51.271+0000] {processor.py:830} INFO - Processing file /home/airflow/.local/lib/python3.12/site-packages/airflow/example_dags/example_bash_decorator.py for tasks to queue
[2024-08-01T20:05:51.272+0000] {logging_mixin.py:188} INFO - [2024-08-01T20:05:51.272+0000] {dagbag.py:545} INFO - Filling up the DagBag from /home/airflow/.local/lib/python3.12/site-packages/airflow/example_dags/example_bash_decorator.py
[2024-08-01T20:05:51.285+0000] {processor.py:840} INFO - DAG(s) 'example_bash_decorator' retrieved from /home/airflow/.local/lib/python3.12/site-packages/airflow/example_dags/example_bash_decorator.py
[2024-08-01T20:05:51.307+0000] {logging_mixin.py:188} INFO - [2024-08-01T20:05:51.307+0000] {dag.py:3089} INFO - Sync 1 DAGs
[2024-08-01T20:05:51.319+0000] {logging_mixin.py:188} INFO - [2024-08-01T20:05:51.319+0000] {dag.py:3947} INFO - Setting next_dagrun for example_bash_decorator to None, run_after=None
[2024-08-01T20:05:51.338+0000] {processor.py:183} INFO - Processing /home/airflow/.local/lib/python3.12/site-packages/airflow/example_dags/example_bash_decorator.py took 0.073 seconds
[2024-08-01T20:06:33.781+0000] {processor.py:161} INFO - Started process (PID=52) to work on /home/airflow/.local/lib/python3.12/site-packages/airflow/example_dags/example_bash_decorator.py
[2024-08-01T20:06:33.782+0000] {processor.py:830} INFO - Processing file /home/airflow/.local/lib/python3.12/site-packages/airflow/example_dags/example_bash_decorator.py for tasks to queue
[2024-08-01T20:06:33.784+0000] {logging_mixin.py:188} INFO - [2024-08-01T20:06:33.784+0000] {dagbag.py:545} INFO - Filling up the DagBag from /home/airflow/.local/lib/python3.12/site-packages/airflow/example_dags/example_bash_decorator.py
[2024-08-01T20:06:33.800+0000] {processor.py:840} INFO - DAG(s) 'example_bash_decorator' retrieved from /home/airflow/.local/lib/python3.12/site-packages/airflow/example_dags/example_bash_decorator.py
[2024-08-01T20:06:33.916+0000] {logging_mixin.py:188} INFO - [2024-08-01T20:06:33.916+0000] {dag.py:3089} INFO - Sync 1 DAGs
[2024-08-01T20:06:33.925+0000] {logging_mixin.py:188} INFO - [2024-08-01T20:06:33.925+0000] {dag.py:3947} INFO - Setting next_dagrun for example_bash_decorator to None, run_after=None
[2024-08-01T20:06:33.948+0000] {processor.py:183} INFO - Processing /home/airflow/.local/lib/python3.12/site-packages/airflow/example_dags/example_bash_decorator.py took 0.173 seconds
[2024-08-01T20:07:04.789+0000] {processor.py:161} INFO - Started process (PID=110) to work on /home/airflow/.local/lib/python3.12/site-packages/airflow/example_dags/example_bash_decorator.py
[2024-08-01T20:07:04.790+0000] {processor.py:830} INFO - Processing file /home/airflow/.local/lib/python3.12/site-packages/airflow/example_dags/example_bash_decorator.py for tasks to queue
[2024-08-01T20:07:04.792+0000] {logging_mixin.py:188} INFO - [2024-08-01T20:07:04.792+0000] {dagbag.py:545} INFO - Filling up the DagBag from /home/airflow/.local/lib/python3.12/site-packages/airflow/example_dags/example_bash_decorator.py
[2024-08-01T20:07:04.805+0000] {processor.py:840} INFO - DAG(s) 'example_bash_decorator' retrieved from /home/airflow/.local/lib/python3.12/site-packages/airflow/example_dags/example_bash_decorator.py
[2024-08-01T20:07:04.830+0000] {logging_mixin.py:188} INFO - [2024-08-01T20:07:04.830+0000] {dag.py:3089} INFO - Sync 1 DAGs
[2024-08-01T20:07:04.845+0000] {logging_mixin.py:188} INFO - [2024-08-01T20:07:04.845+0000] {dag.py:3947} INFO - Setting next_dagrun for example_bash_decorator to None, run_after=None
[2024-08-01T20:07:04.930+0000] {processor.py:183} INFO - Processing /home/airflow/.local/lib/python3.12/site-packages/airflow/example_dags/example_bash_decorator.py took 0.146 seconds
[2024-08-01T20:07:35.059+0000] {processor.py:161} INFO - Started process (PID=168) to work on /home/airflow/.local/lib/python3.12/site-packages/airflow/example_dags/example_bash_decorator.py
[2024-08-01T20:07:35.060+0000] {processor.py:830} INFO - Processing file /home/airflow/.local/lib/python3.12/site-packages/airflow/example_dags/example_bash_decorator.py for tasks to queue
[2024-08-01T20:07:35.061+0000] {logging_mixin.py:188} INFO - [2024-08-01T20:07:35.061+0000] {dagbag.py:545} INFO - Filling up the DagBag from /home/airflow/.local/lib/python3.12/site-packages/airflow/example_dags/example_bash_decorator.py
[2024-08-01T20:07:35.072+0000] {processor.py:840} INFO - DAG(s) 'example_bash_decorator' retrieved from /home/airflow/.local/lib/python3.12/site-packages/airflow/example_dags/example_bash_decorator.py
[2024-08-01T20:07:35.093+0000] {logging_mixin.py:188} INFO - [2024-08-01T20:07:35.093+0000] {dag.py:3089} INFO - Sync 1 DAGs
[2024-08-01T20:07:35.103+0000] {logging_mixin.py:188} INFO - [2024-08-01T20:07:35.103+0000] {dag.py:3947} INFO - Setting next_dagrun for example_bash_decorator to None, run_after=None
[2024-08-01T20:07:35.120+0000] {processor.py:183} INFO - Processing /home/airflow/.local/lib/python3.12/site-packages/airflow/example_dags/example_bash_decorator.py took 0.066 seconds
[2024-08-01T20:08:05.575+0000] {processor.py:161} INFO - Started process (PID=226) to work on /home/airflow/.local/lib/python3.12/site-packages/airflow/example_dags/example_bash_decorator.py
[2024-08-01T20:08:05.576+0000] {processor.py:830} INFO - Processing file /home/airflow/.local/lib/python3.12/site-packages/airflow/example_dags/example_bash_decorator.py for tasks to queue
[2024-08-01T20:08:05.578+0000] {logging_mixin.py:188} INFO - [2024-08-01T20:08:05.577+0000] {dagbag.py:545} INFO - Filling up the DagBag from /home/airflow/.local/lib/python3.12/site-packages/airflow/example_dags/example_bash_decorator.py
[2024-08-01T20:08:05.590+0000] {processor.py:840} INFO - DAG(s) 'example_bash_decorator' retrieved from /home/airflow/.local/lib/python3.12/site-packages/airflow/example_dags/example_bash_decorator.py
[2024-08-01T20:08:05.612+0000] {logging_mixin.py:188} INFO - [2024-08-01T20:08:05.612+0000] {dag.py:3089} INFO - Sync 1 DAGs
[2024-08-01T20:08:05.624+0000] {logging_mixin.py:188} INFO - [2024-08-01T20:08:05.624+0000] {dag.py:3947} INFO - Setting next_dagrun for example_bash_decorator to None, run_after=None
[2024-08-01T20:08:05.643+0000] {processor.py:183} INFO - Processing /home/airflow/.local/lib/python3.12/site-packages/airflow/example_dags/example_bash_decorator.py took 0.073 seconds
[2024-08-01T20:08:36.000+0000] {processor.py:161} INFO - Started process (PID=284) to work on /home/airflow/.local/lib/python3.12/site-packages/airflow/example_dags/example_bash_decorator.py
[2024-08-01T20:08:36.001+0000] {processor.py:830} INFO - Processing file /home/airflow/.local/lib/python3.12/site-packages/airflow/example_dags/example_bash_decorator.py for tasks to queue
[2024-08-01T20:08:36.003+0000] {logging_mixin.py:188} INFO - [2024-08-01T20:08:36.003+0000] {dagbag.py:545} INFO - Filling up the DagBag from /home/airflow/.local/lib/python3.12/site-packages/airflow/example_dags/example_bash_decorator.py
[2024-08-01T20:08:36.018+0000] {processor.py:840} INFO - DAG(s) 'example_bash_decorator' retrieved from /home/airflow/.local/lib/python3.12/site-packages/airflow/example_dags/example_bash_decorator.py
[2024-08-01T20:08:36.040+0000] {logging_mixin.py:188} INFO - [2024-08-01T20:08:36.040+0000] {dag.py:3089} INFO - Sync 1 DAGs
[2024-08-01T20:08:36.052+0000] {logging_mixin.py:188} INFO - [2024-08-01T20:08:36.052+0000] {dag.py:3947} INFO - Setting next_dagrun for example_bash_decorator to None, run_after=None
[2024-08-01T20:08:36.071+0000] {processor.py:183} INFO - Processing /home/airflow/.local/lib/python3.12/site-packages/airflow/example_dags/example_bash_decorator.py took 0.076 seconds
[2024-08-01T20:09:06.286+0000] {processor.py:161} INFO - Started process (PID=342) to work on /home/airflow/.local/lib/python3.12/site-packages/airflow/example_dags/example_bash_decorator.py
[2024-08-01T20:09:06.288+0000] {processor.py:830} INFO - Processing file /home/airflow/.local/lib/python3.12/site-packages/airflow/example_dags/example_bash_decorator.py for tasks to queue
[2024-08-01T20:09:06.289+0000] {logging_mixin.py:188} INFO - [2024-08-01T20:09:06.289+0000] {dagbag.py:545} INFO - Filling up the DagBag from /home/airflow/.local/lib/python3.12/site-packages/airflow/example_dags/example_bash_decorator.py
[2024-08-01T20:09:06.301+0000] {processor.py:840} INFO - DAG(s) 'example_bash_decorator' retrieved from /home/airflow/.local/lib/python3.12/site-packages/airflow/example_dags/example_bash_decorator.py
[2024-08-01T20:09:06.323+0000] {logging_mixin.py:188} INFO - [2024-08-01T20:09:06.322+0000] {dag.py:3089} INFO - Sync 1 DAGs
[2024-08-01T20:09:06.334+0000] {logging_mixin.py:188} INFO - [2024-08-01T20:09:06.334+0000] {dag.py:3947} INFO - Setting next_dagrun for example_bash_decorator to None, run_after=None
[2024-08-01T20:09:06.352+0000] {processor.py:183} INFO - Processing /home/airflow/.local/lib/python3.12/site-packages/airflow/example_dags/example_bash_decorator.py took 0.070 seconds
[2024-08-01T20:11:17.504+0000] {processor.py:161} INFO - Started process (PID=50) to work on /home/airflow/.local/lib/python3.12/site-packages/airflow/example_dags/example_bash_decorator.py
[2024-08-01T20:11:17.508+0000] {processor.py:830} INFO - Processing file /home/airflow/.local/lib/python3.12/site-packages/airflow/example_dags/example_bash_decorator.py for tasks to queue
[2024-08-01T20:11:17.511+0000] {logging_mixin.py:188} INFO - [2024-08-01T20:11:17.510+0000] {dagbag.py:545} INFO - Filling up the DagBag from /home/airflow/.local/lib/python3.12/site-packages/airflow/example_dags/example_bash_decorator.py
[2024-08-01T20:11:17.535+0000] {processor.py:840} INFO - DAG(s) 'example_bash_decorator' retrieved from /home/airflow/.local/lib/python3.12/site-packages/airflow/example_dags/example_bash_decorator.py
[2024-08-01T20:11:17.544+0000] {logging_mixin.py:188} INFO - [2024-08-01T20:11:17.544+0000] {dag.py:3089} INFO - Sync 1 DAGs
[2024-08-01T20:11:17.555+0000] {logging_mixin.py:188} INFO - [2024-08-01T20:11:17.555+0000] {dag.py:3947} INFO - Setting next_dagrun for example_bash_decorator to None, run_after=None
[2024-08-01T20:11:17.573+0000] {processor.py:183} INFO - Processing /home/airflow/.local/lib/python3.12/site-packages/airflow/example_dags/example_bash_decorator.py took 0.074 seconds
[2024-08-01T20:11:48.385+0000] {processor.py:161} INFO - Started process (PID=108) to work on /home/airflow/.local/lib/python3.12/site-packages/airflow/example_dags/example_bash_decorator.py
[2024-08-01T20:11:48.386+0000] {processor.py:830} INFO - Processing file /home/airflow/.local/lib/python3.12/site-packages/airflow/example_dags/example_bash_decorator.py for tasks to queue
[2024-08-01T20:11:48.387+0000] {logging_mixin.py:188} INFO - [2024-08-01T20:11:48.387+0000] {dagbag.py:545} INFO - Filling up the DagBag from /home/airflow/.local/lib/python3.12/site-packages/airflow/example_dags/example_bash_decorator.py
[2024-08-01T20:11:48.403+0000] {processor.py:840} INFO - DAG(s) 'example_bash_decorator' retrieved from /home/airflow/.local/lib/python3.12/site-packages/airflow/example_dags/example_bash_decorator.py
[2024-08-01T20:11:48.509+0000] {logging_mixin.py:188} INFO - [2024-08-01T20:11:48.509+0000] {dag.py:3089} INFO - Sync 1 DAGs
[2024-08-01T20:11:48.519+0000] {logging_mixin.py:188} INFO - [2024-08-01T20:11:48.519+0000] {dag.py:3947} INFO - Setting next_dagrun for example_bash_decorator to None, run_after=None
[2024-08-01T20:11:48.543+0000] {processor.py:183} INFO - Processing /home/airflow/.local/lib/python3.12/site-packages/airflow/example_dags/example_bash_decorator.py took 0.163 seconds
[2024-08-01T20:12:18.718+0000] {processor.py:161} INFO - Started process (PID=166) to work on /home/airflow/.local/lib/python3.12/site-packages/airflow/example_dags/example_bash_decorator.py
[2024-08-01T20:12:18.719+0000] {processor.py:830} INFO - Processing file /home/airflow/.local/lib/python3.12/site-packages/airflow/example_dags/example_bash_decorator.py for tasks to queue
[2024-08-01T20:12:18.721+0000] {logging_mixin.py:188} INFO - [2024-08-01T20:12:18.720+0000] {dagbag.py:545} INFO - Filling up the DagBag from /home/airflow/.local/lib/python3.12/site-packages/airflow/example_dags/example_bash_decorator.py
[2024-08-01T20:12:18.733+0000] {processor.py:840} INFO - DAG(s) 'example_bash_decorator' retrieved from /home/airflow/.local/lib/python3.12/site-packages/airflow/example_dags/example_bash_decorator.py
[2024-08-01T20:12:18.755+0000] {logging_mixin.py:188} INFO - [2024-08-01T20:12:18.755+0000] {dag.py:3089} INFO - Sync 1 DAGs
[2024-08-01T20:12:18.767+0000] {logging_mixin.py:188} INFO - [2024-08-01T20:12:18.767+0000] {dag.py:3947} INFO - Setting next_dagrun for example_bash_decorator to None, run_after=None
[2024-08-01T20:12:18.785+0000] {processor.py:183} INFO - Processing /home/airflow/.local/lib/python3.12/site-packages/airflow/example_dags/example_bash_decorator.py took 0.071 seconds
[2024-08-01T20:12:49.208+0000] {processor.py:161} INFO - Started process (PID=224) to work on /home/airflow/.local/lib/python3.12/site-packages/airflow/example_dags/example_bash_decorator.py
[2024-08-01T20:12:49.209+0000] {processor.py:830} INFO - Processing file /home/airflow/.local/lib/python3.12/site-packages/airflow/example_dags/example_bash_decorator.py for tasks to queue
[2024-08-01T20:12:49.211+0000] {logging_mixin.py:188} INFO - [2024-08-01T20:12:49.211+0000] {dagbag.py:545} INFO - Filling up the DagBag from /home/airflow/.local/lib/python3.12/site-packages/airflow/example_dags/example_bash_decorator.py
[2024-08-01T20:12:49.226+0000] {processor.py:840} INFO - DAG(s) 'example_bash_decorator' retrieved from /home/airflow/.local/lib/python3.12/site-packages/airflow/example_dags/example_bash_decorator.py
[2024-08-01T20:12:49.251+0000] {logging_mixin.py:188} INFO - [2024-08-01T20:12:49.251+0000] {dag.py:3089} INFO - Sync 1 DAGs
[2024-08-01T20:12:49.262+0000] {logging_mixin.py:188} INFO - [2024-08-01T20:12:49.262+0000] {dag.py:3947} INFO - Setting next_dagrun for example_bash_decorator to None, run_after=None
[2024-08-01T20:12:49.282+0000] {processor.py:183} INFO - Processing /home/airflow/.local/lib/python3.12/site-packages/airflow/example_dags/example_bash_decorator.py took 0.080 seconds
[2024-08-01T20:13:19.349+0000] {processor.py:161} INFO - Started process (PID=282) to work on /home/airflow/.local/lib/python3.12/site-packages/airflow/example_dags/example_bash_decorator.py
[2024-08-01T20:13:19.350+0000] {processor.py:830} INFO - Processing file /home/airflow/.local/lib/python3.12/site-packages/airflow/example_dags/example_bash_decorator.py for tasks to queue
[2024-08-01T20:13:19.352+0000] {logging_mixin.py:188} INFO - [2024-08-01T20:13:19.351+0000] {dagbag.py:545} INFO - Filling up the DagBag from /home/airflow/.local/lib/python3.12/site-packages/airflow/example_dags/example_bash_decorator.py
[2024-08-01T20:13:19.363+0000] {processor.py:840} INFO - DAG(s) 'example_bash_decorator' retrieved from /home/airflow/.local/lib/python3.12/site-packages/airflow/example_dags/example_bash_decorator.py
[2024-08-01T20:13:19.385+0000] {logging_mixin.py:188} INFO - [2024-08-01T20:13:19.384+0000] {dag.py:3089} INFO - Sync 1 DAGs
[2024-08-01T20:13:19.396+0000] {logging_mixin.py:188} INFO - [2024-08-01T20:13:19.396+0000] {dag.py:3947} INFO - Setting next_dagrun for example_bash_decorator to None, run_after=None
[2024-08-01T20:13:19.417+0000] {processor.py:183} INFO - Processing /home/airflow/.local/lib/python3.12/site-packages/airflow/example_dags/example_bash_decorator.py took 0.072 seconds
[2024-08-01T20:13:49.489+0000] {processor.py:161} INFO - Started process (PID=340) to work on /home/airflow/.local/lib/python3.12/site-packages/airflow/example_dags/example_bash_decorator.py
[2024-08-01T20:13:49.490+0000] {processor.py:830} INFO - Processing file /home/airflow/.local/lib/python3.12/site-packages/airflow/example_dags/example_bash_decorator.py for tasks to queue
[2024-08-01T20:13:49.492+0000] {logging_mixin.py:188} INFO - [2024-08-01T20:13:49.491+0000] {dagbag.py:545} INFO - Filling up the DagBag from /home/airflow/.local/lib/python3.12/site-packages/airflow/example_dags/example_bash_decorator.py
[2024-08-01T20:13:49.504+0000] {processor.py:840} INFO - DAG(s) 'example_bash_decorator' retrieved from /home/airflow/.local/lib/python3.12/site-packages/airflow/example_dags/example_bash_decorator.py
[2024-08-01T20:13:49.526+0000] {logging_mixin.py:188} INFO - [2024-08-01T20:13:49.526+0000] {dag.py:3089} INFO - Sync 1 DAGs
[2024-08-01T20:13:49.539+0000] {logging_mixin.py:188} INFO - [2024-08-01T20:13:49.538+0000] {dag.py:3947} INFO - Setting next_dagrun for example_bash_decorator to None, run_after=None
[2024-08-01T20:13:49.558+0000] {processor.py:183} INFO - Processing /home/airflow/.local/lib/python3.12/site-packages/airflow/example_dags/example_bash_decorator.py took 0.074 seconds
[2024-08-01T20:14:19.936+0000] {processor.py:161} INFO - Started process (PID=398) to work on /home/airflow/.local/lib/python3.12/site-packages/airflow/example_dags/example_bash_decorator.py
[2024-08-01T20:14:19.938+0000] {processor.py:830} INFO - Processing file /home/airflow/.local/lib/python3.12/site-packages/airflow/example_dags/example_bash_decorator.py for tasks to queue
[2024-08-01T20:14:19.939+0000] {logging_mixin.py:188} INFO - [2024-08-01T20:14:19.939+0000] {dagbag.py:545} INFO - Filling up the DagBag from /home/airflow/.local/lib/python3.12/site-packages/airflow/example_dags/example_bash_decorator.py
[2024-08-01T20:14:19.953+0000] {processor.py:840} INFO - DAG(s) 'example_bash_decorator' retrieved from /home/airflow/.local/lib/python3.12/site-packages/airflow/example_dags/example_bash_decorator.py
[2024-08-01T20:14:19.978+0000] {logging_mixin.py:188} INFO - [2024-08-01T20:14:19.978+0000] {dag.py:3089} INFO - Sync 1 DAGs
[2024-08-01T20:14:19.990+0000] {logging_mixin.py:188} INFO - [2024-08-01T20:14:19.990+0000] {dag.py:3947} INFO - Setting next_dagrun for example_bash_decorator to None, run_after=None
[2024-08-01T20:14:20.010+0000] {processor.py:183} INFO - Processing /home/airflow/.local/lib/python3.12/site-packages/airflow/example_dags/example_bash_decorator.py took 0.079 seconds
[2024-08-01T20:14:50.599+0000] {processor.py:161} INFO - Started process (PID=456) to work on /home/airflow/.local/lib/python3.12/site-packages/airflow/example_dags/example_bash_decorator.py
[2024-08-01T20:14:50.600+0000] {processor.py:830} INFO - Processing file /home/airflow/.local/lib/python3.12/site-packages/airflow/example_dags/example_bash_decorator.py for tasks to queue
[2024-08-01T20:14:50.602+0000] {logging_mixin.py:188} INFO - [2024-08-01T20:14:50.602+0000] {dagbag.py:545} INFO - Filling up the DagBag from /home/airflow/.local/lib/python3.12/site-packages/airflow/example_dags/example_bash_decorator.py
[2024-08-01T20:14:50.615+0000] {processor.py:840} INFO - DAG(s) 'example_bash_decorator' retrieved from /home/airflow/.local/lib/python3.12/site-packages/airflow/example_dags/example_bash_decorator.py
[2024-08-01T20:14:50.638+0000] {logging_mixin.py:188} INFO - [2024-08-01T20:14:50.638+0000] {dag.py:3089} INFO - Sync 1 DAGs
[2024-08-01T20:14:50.650+0000] {logging_mixin.py:188} INFO - [2024-08-01T20:14:50.649+0000] {dag.py:3947} INFO - Setting next_dagrun for example_bash_decorator to None, run_after=None
[2024-08-01T20:14:50.668+0000] {processor.py:183} INFO - Processing /home/airflow/.local/lib/python3.12/site-packages/airflow/example_dags/example_bash_decorator.py took 0.074 seconds
[2024-08-01T20:15:20.734+0000] {processor.py:161} INFO - Started process (PID=514) to work on /home/airflow/.local/lib/python3.12/site-packages/airflow/example_dags/example_bash_decorator.py
[2024-08-01T20:15:20.735+0000] {processor.py:830} INFO - Processing file /home/airflow/.local/lib/python3.12/site-packages/airflow/example_dags/example_bash_decorator.py for tasks to queue
[2024-08-01T20:15:20.736+0000] {logging_mixin.py:188} INFO - [2024-08-01T20:15:20.736+0000] {dagbag.py:545} INFO - Filling up the DagBag from /home/airflow/.local/lib/python3.12/site-packages/airflow/example_dags/example_bash_decorator.py
[2024-08-01T20:15:20.747+0000] {processor.py:840} INFO - DAG(s) 'example_bash_decorator' retrieved from /home/airflow/.local/lib/python3.12/site-packages/airflow/example_dags/example_bash_decorator.py
[2024-08-01T20:15:20.769+0000] {logging_mixin.py:188} INFO - [2024-08-01T20:15:20.769+0000] {dag.py:3089} INFO - Sync 1 DAGs
[2024-08-01T20:15:20.781+0000] {logging_mixin.py:188} INFO - [2024-08-01T20:15:20.781+0000] {dag.py:3947} INFO - Setting next_dagrun for example_bash_decorator to None, run_after=None
[2024-08-01T20:15:20.802+0000] {processor.py:183} INFO - Processing /home/airflow/.local/lib/python3.12/site-packages/airflow/example_dags/example_bash_decorator.py took 0.073 seconds
[2024-08-01T20:15:51.002+0000] {processor.py:161} INFO - Started process (PID=572) to work on /home/airflow/.local/lib/python3.12/site-packages/airflow/example_dags/example_bash_decorator.py
[2024-08-01T20:15:51.004+0000] {processor.py:830} INFO - Processing file /home/airflow/.local/lib/python3.12/site-packages/airflow/example_dags/example_bash_decorator.py for tasks to queue
[2024-08-01T20:15:51.005+0000] {logging_mixin.py:188} INFO - [2024-08-01T20:15:51.005+0000] {dagbag.py:545} INFO - Filling up the DagBag from /home/airflow/.local/lib/python3.12/site-packages/airflow/example_dags/example_bash_decorator.py
[2024-08-01T20:15:51.018+0000] {processor.py:840} INFO - DAG(s) 'example_bash_decorator' retrieved from /home/airflow/.local/lib/python3.12/site-packages/airflow/example_dags/example_bash_decorator.py
[2024-08-01T20:15:51.040+0000] {logging_mixin.py:188} INFO - [2024-08-01T20:15:51.040+0000] {dag.py:3089} INFO - Sync 1 DAGs
[2024-08-01T20:15:51.052+0000] {logging_mixin.py:188} INFO - [2024-08-01T20:15:51.052+0000] {dag.py:3947} INFO - Setting next_dagrun for example_bash_decorator to None, run_after=None
[2024-08-01T20:15:51.072+0000] {processor.py:183} INFO - Processing /home/airflow/.local/lib/python3.12/site-packages/airflow/example_dags/example_bash_decorator.py took 0.075 seconds
[2024-08-01T20:16:21.493+0000] {processor.py:161} INFO - Started process (PID=630) to work on /home/airflow/.local/lib/python3.12/site-packages/airflow/example_dags/example_bash_decorator.py
[2024-08-01T20:16:21.494+0000] {processor.py:830} INFO - Processing file /home/airflow/.local/lib/python3.12/site-packages/airflow/example_dags/example_bash_decorator.py for tasks to queue
[2024-08-01T20:16:21.495+0000] {logging_mixin.py:188} INFO - [2024-08-01T20:16:21.495+0000] {dagbag.py:545} INFO - Filling up the DagBag from /home/airflow/.local/lib/python3.12/site-packages/airflow/example_dags/example_bash_decorator.py
[2024-08-01T20:16:21.508+0000] {processor.py:840} INFO - DAG(s) 'example_bash_decorator' retrieved from /home/airflow/.local/lib/python3.12/site-packages/airflow/example_dags/example_bash_decorator.py
[2024-08-01T20:16:21.531+0000] {logging_mixin.py:188} INFO - [2024-08-01T20:16:21.530+0000] {dag.py:3089} INFO - Sync 1 DAGs
[2024-08-01T20:16:21.543+0000] {logging_mixin.py:188} INFO - [2024-08-01T20:16:21.543+0000] {dag.py:3947} INFO - Setting next_dagrun for example_bash_decorator to None, run_after=None
[2024-08-01T20:16:21.564+0000] {processor.py:183} INFO - Processing /home/airflow/.local/lib/python3.12/site-packages/airflow/example_dags/example_bash_decorator.py took 0.076 seconds
