[2024-08-01T20:02:21.611+0000] {processor.py:161} INFO - Started process (PID=88) to work on /home/airflow/.local/lib/python3.12/site-packages/airflow/example_dags/example_branch_day_of_week_operator.py
[2024-08-01T20:02:21.612+0000] {processor.py:830} INFO - Processing file /home/airflow/.local/lib/python3.12/site-packages/airflow/example_dags/example_branch_day_of_week_operator.py for tasks to queue
[2024-08-01T20:02:21.613+0000] {logging_mixin.py:188} INFO - [2024-08-01T20:02:21.613+0000] {dagbag.py:545} INFO - Filling up the DagBag from /home/airflow/.local/lib/python3.12/site-packages/airflow/example_dags/example_branch_day_of_week_operator.py
[2024-08-01T20:02:21.621+0000] {processor.py:840} INFO - DAG(s) 'example_weekday_branch_operator' retrieved from /home/airflow/.local/lib/python3.12/site-packages/airflow/example_dags/example_branch_day_of_week_operator.py
[2024-08-01T20:02:21.749+0000] {logging_mixin.py:188} INFO - [2024-08-01T20:02:21.748+0000] {dag.py:3089} INFO - Sync 1 DAGs
[2024-08-01T20:02:21.775+0000] {logging_mixin.py:188} INFO - [2024-08-01T20:02:21.775+0000] {dag.py:3947} INFO - Setting next_dagrun for example_weekday_branch_operator to 2024-07-31 00:00:00+00:00, run_after=2024-08-01 00:00:00+00:00
[2024-08-01T20:02:21.805+0000] {processor.py:183} INFO - Processing /home/airflow/.local/lib/python3.12/site-packages/airflow/example_dags/example_branch_day_of_week_operator.py took 0.200 seconds
[2024-08-01T20:02:52.179+0000] {processor.py:161} INFO - Started process (PID=146) to work on /home/airflow/.local/lib/python3.12/site-packages/airflow/example_dags/example_branch_day_of_week_operator.py
[2024-08-01T20:02:52.181+0000] {processor.py:830} INFO - Processing file /home/airflow/.local/lib/python3.12/site-packages/airflow/example_dags/example_branch_day_of_week_operator.py for tasks to queue
[2024-08-01T20:02:52.182+0000] {logging_mixin.py:188} INFO - [2024-08-01T20:02:52.182+0000] {dagbag.py:545} INFO - Filling up the DagBag from /home/airflow/.local/lib/python3.12/site-packages/airflow/example_dags/example_branch_day_of_week_operator.py
[2024-08-01T20:02:52.194+0000] {processor.py:840} INFO - DAG(s) 'example_weekday_branch_operator' retrieved from /home/airflow/.local/lib/python3.12/site-packages/airflow/example_dags/example_branch_day_of_week_operator.py
[2024-08-01T20:02:52.212+0000] {logging_mixin.py:188} INFO - [2024-08-01T20:02:52.212+0000] {dag.py:3089} INFO - Sync 1 DAGs
[2024-08-01T20:02:52.233+0000] {logging_mixin.py:188} INFO - [2024-08-01T20:02:52.232+0000] {dag.py:3947} INFO - Setting next_dagrun for example_weekday_branch_operator to 2024-07-31 00:00:00+00:00, run_after=2024-08-01 00:00:00+00:00
[2024-08-01T20:02:52.257+0000] {processor.py:183} INFO - Processing /home/airflow/.local/lib/python3.12/site-packages/airflow/example_dags/example_branch_day_of_week_operator.py took 0.083 seconds
[2024-08-01T20:03:22.556+0000] {processor.py:161} INFO - Started process (PID=204) to work on /home/airflow/.local/lib/python3.12/site-packages/airflow/example_dags/example_branch_day_of_week_operator.py
[2024-08-01T20:03:22.559+0000] {processor.py:830} INFO - Processing file /home/airflow/.local/lib/python3.12/site-packages/airflow/example_dags/example_branch_day_of_week_operator.py for tasks to queue
[2024-08-01T20:03:22.561+0000] {logging_mixin.py:188} INFO - [2024-08-01T20:03:22.560+0000] {dagbag.py:545} INFO - Filling up the DagBag from /home/airflow/.local/lib/python3.12/site-packages/airflow/example_dags/example_branch_day_of_week_operator.py
[2024-08-01T20:03:22.568+0000] {processor.py:840} INFO - DAG(s) 'example_weekday_branch_operator' retrieved from /home/airflow/.local/lib/python3.12/site-packages/airflow/example_dags/example_branch_day_of_week_operator.py
[2024-08-01T20:03:22.589+0000] {logging_mixin.py:188} INFO - [2024-08-01T20:03:22.588+0000] {dag.py:3089} INFO - Sync 1 DAGs
[2024-08-01T20:03:22.613+0000] {logging_mixin.py:188} INFO - [2024-08-01T20:03:22.613+0000] {dag.py:3947} INFO - Setting next_dagrun for example_weekday_branch_operator to 2024-07-31 00:00:00+00:00, run_after=2024-08-01 00:00:00+00:00
[2024-08-01T20:03:22.633+0000] {processor.py:183} INFO - Processing /home/airflow/.local/lib/python3.12/site-packages/airflow/example_dags/example_branch_day_of_week_operator.py took 0.081 seconds
[2024-08-01T20:03:53.014+0000] {processor.py:161} INFO - Started process (PID=262) to work on /home/airflow/.local/lib/python3.12/site-packages/airflow/example_dags/example_branch_day_of_week_operator.py
[2024-08-01T20:03:53.016+0000] {processor.py:830} INFO - Processing file /home/airflow/.local/lib/python3.12/site-packages/airflow/example_dags/example_branch_day_of_week_operator.py for tasks to queue
[2024-08-01T20:03:53.018+0000] {logging_mixin.py:188} INFO - [2024-08-01T20:03:53.017+0000] {dagbag.py:545} INFO - Filling up the DagBag from /home/airflow/.local/lib/python3.12/site-packages/airflow/example_dags/example_branch_day_of_week_operator.py
[2024-08-01T20:03:53.030+0000] {processor.py:840} INFO - DAG(s) 'example_weekday_branch_operator' retrieved from /home/airflow/.local/lib/python3.12/site-packages/airflow/example_dags/example_branch_day_of_week_operator.py
[2024-08-01T20:03:53.051+0000] {logging_mixin.py:188} INFO - [2024-08-01T20:03:53.051+0000] {dag.py:3089} INFO - Sync 1 DAGs
[2024-08-01T20:03:53.073+0000] {logging_mixin.py:188} INFO - [2024-08-01T20:03:53.073+0000] {dag.py:3947} INFO - Setting next_dagrun for example_weekday_branch_operator to 2024-07-31 00:00:00+00:00, run_after=2024-08-01 00:00:00+00:00
[2024-08-01T20:03:53.091+0000] {processor.py:183} INFO - Processing /home/airflow/.local/lib/python3.12/site-packages/airflow/example_dags/example_branch_day_of_week_operator.py took 0.082 seconds
[2024-08-01T20:04:23.451+0000] {processor.py:161} INFO - Started process (PID=320) to work on /home/airflow/.local/lib/python3.12/site-packages/airflow/example_dags/example_branch_day_of_week_operator.py
[2024-08-01T20:04:23.452+0000] {processor.py:830} INFO - Processing file /home/airflow/.local/lib/python3.12/site-packages/airflow/example_dags/example_branch_day_of_week_operator.py for tasks to queue
[2024-08-01T20:04:23.454+0000] {logging_mixin.py:188} INFO - [2024-08-01T20:04:23.454+0000] {dagbag.py:545} INFO - Filling up the DagBag from /home/airflow/.local/lib/python3.12/site-packages/airflow/example_dags/example_branch_day_of_week_operator.py
[2024-08-01T20:04:23.460+0000] {processor.py:840} INFO - DAG(s) 'example_weekday_branch_operator' retrieved from /home/airflow/.local/lib/python3.12/site-packages/airflow/example_dags/example_branch_day_of_week_operator.py
[2024-08-01T20:04:23.479+0000] {logging_mixin.py:188} INFO - [2024-08-01T20:04:23.479+0000] {dag.py:3089} INFO - Sync 1 DAGs
[2024-08-01T20:04:23.499+0000] {logging_mixin.py:188} INFO - [2024-08-01T20:04:23.499+0000] {dag.py:3947} INFO - Setting next_dagrun for example_weekday_branch_operator to 2024-07-31 00:00:00+00:00, run_after=2024-08-01 00:00:00+00:00
[2024-08-01T20:04:23.521+0000] {processor.py:183} INFO - Processing /home/airflow/.local/lib/python3.12/site-packages/airflow/example_dags/example_branch_day_of_week_operator.py took 0.074 seconds
[2024-08-01T20:04:54.075+0000] {processor.py:161} INFO - Started process (PID=378) to work on /home/airflow/.local/lib/python3.12/site-packages/airflow/example_dags/example_branch_day_of_week_operator.py
[2024-08-01T20:04:54.076+0000] {processor.py:830} INFO - Processing file /home/airflow/.local/lib/python3.12/site-packages/airflow/example_dags/example_branch_day_of_week_operator.py for tasks to queue
[2024-08-01T20:04:54.078+0000] {logging_mixin.py:188} INFO - [2024-08-01T20:04:54.078+0000] {dagbag.py:545} INFO - Filling up the DagBag from /home/airflow/.local/lib/python3.12/site-packages/airflow/example_dags/example_branch_day_of_week_operator.py
[2024-08-01T20:04:54.085+0000] {processor.py:840} INFO - DAG(s) 'example_weekday_branch_operator' retrieved from /home/airflow/.local/lib/python3.12/site-packages/airflow/example_dags/example_branch_day_of_week_operator.py
[2024-08-01T20:04:54.108+0000] {logging_mixin.py:188} INFO - [2024-08-01T20:04:54.108+0000] {dag.py:3089} INFO - Sync 1 DAGs
[2024-08-01T20:04:54.135+0000] {logging_mixin.py:188} INFO - [2024-08-01T20:04:54.135+0000] {dag.py:3947} INFO - Setting next_dagrun for example_weekday_branch_operator to 2024-07-31 00:00:00+00:00, run_after=2024-08-01 00:00:00+00:00
[2024-08-01T20:04:54.157+0000] {processor.py:183} INFO - Processing /home/airflow/.local/lib/python3.12/site-packages/airflow/example_dags/example_branch_day_of_week_operator.py took 0.086 seconds
[2024-08-01T20:05:24.786+0000] {processor.py:161} INFO - Started process (PID=436) to work on /home/airflow/.local/lib/python3.12/site-packages/airflow/example_dags/example_branch_day_of_week_operator.py
[2024-08-01T20:05:24.787+0000] {processor.py:830} INFO - Processing file /home/airflow/.local/lib/python3.12/site-packages/airflow/example_dags/example_branch_day_of_week_operator.py for tasks to queue
[2024-08-01T20:05:24.788+0000] {logging_mixin.py:188} INFO - [2024-08-01T20:05:24.788+0000] {dagbag.py:545} INFO - Filling up the DagBag from /home/airflow/.local/lib/python3.12/site-packages/airflow/example_dags/example_branch_day_of_week_operator.py
[2024-08-01T20:05:24.795+0000] {processor.py:840} INFO - DAG(s) 'example_weekday_branch_operator' retrieved from /home/airflow/.local/lib/python3.12/site-packages/airflow/example_dags/example_branch_day_of_week_operator.py
[2024-08-01T20:05:24.813+0000] {logging_mixin.py:188} INFO - [2024-08-01T20:05:24.813+0000] {dag.py:3089} INFO - Sync 1 DAGs
[2024-08-01T20:05:24.834+0000] {logging_mixin.py:188} INFO - [2024-08-01T20:05:24.833+0000] {dag.py:3947} INFO - Setting next_dagrun for example_weekday_branch_operator to 2024-07-31 00:00:00+00:00, run_after=2024-08-01 00:00:00+00:00
[2024-08-01T20:05:24.854+0000] {processor.py:183} INFO - Processing /home/airflow/.local/lib/python3.12/site-packages/airflow/example_dags/example_branch_day_of_week_operator.py took 0.073 seconds
[2024-08-01T20:05:55.222+0000] {processor.py:161} INFO - Started process (PID=494) to work on /home/airflow/.local/lib/python3.12/site-packages/airflow/example_dags/example_branch_day_of_week_operator.py
[2024-08-01T20:05:55.223+0000] {processor.py:830} INFO - Processing file /home/airflow/.local/lib/python3.12/site-packages/airflow/example_dags/example_branch_day_of_week_operator.py for tasks to queue
[2024-08-01T20:05:55.224+0000] {logging_mixin.py:188} INFO - [2024-08-01T20:05:55.224+0000] {dagbag.py:545} INFO - Filling up the DagBag from /home/airflow/.local/lib/python3.12/site-packages/airflow/example_dags/example_branch_day_of_week_operator.py
[2024-08-01T20:05:55.232+0000] {processor.py:840} INFO - DAG(s) 'example_weekday_branch_operator' retrieved from /home/airflow/.local/lib/python3.12/site-packages/airflow/example_dags/example_branch_day_of_week_operator.py
[2024-08-01T20:05:55.254+0000] {logging_mixin.py:188} INFO - [2024-08-01T20:05:55.254+0000] {dag.py:3089} INFO - Sync 1 DAGs
[2024-08-01T20:05:55.279+0000] {logging_mixin.py:188} INFO - [2024-08-01T20:05:55.279+0000] {dag.py:3947} INFO - Setting next_dagrun for example_weekday_branch_operator to 2024-07-31 00:00:00+00:00, run_after=2024-08-01 00:00:00+00:00
[2024-08-01T20:05:55.356+0000] {processor.py:183} INFO - Processing /home/airflow/.local/lib/python3.12/site-packages/airflow/example_dags/example_branch_day_of_week_operator.py took 0.140 seconds
[2024-08-01T20:06:35.980+0000] {processor.py:161} INFO - Started process (PID=82) to work on /home/airflow/.local/lib/python3.12/site-packages/airflow/example_dags/example_branch_day_of_week_operator.py
[2024-08-01T20:06:35.982+0000] {processor.py:830} INFO - Processing file /home/airflow/.local/lib/python3.12/site-packages/airflow/example_dags/example_branch_day_of_week_operator.py for tasks to queue
[2024-08-01T20:06:35.983+0000] {logging_mixin.py:188} INFO - [2024-08-01T20:06:35.983+0000] {dagbag.py:545} INFO - Filling up the DagBag from /home/airflow/.local/lib/python3.12/site-packages/airflow/example_dags/example_branch_day_of_week_operator.py
[2024-08-01T20:06:35.989+0000] {processor.py:840} INFO - DAG(s) 'example_weekday_branch_operator' retrieved from /home/airflow/.local/lib/python3.12/site-packages/airflow/example_dags/example_branch_day_of_week_operator.py
[2024-08-01T20:06:36.012+0000] {logging_mixin.py:188} INFO - [2024-08-01T20:06:36.011+0000] {dag.py:3089} INFO - Sync 1 DAGs
[2024-08-01T20:06:36.032+0000] {logging_mixin.py:188} INFO - [2024-08-01T20:06:36.032+0000] {dag.py:3947} INFO - Setting next_dagrun for example_weekday_branch_operator to 2024-07-31 00:00:00+00:00, run_after=2024-08-01 00:00:00+00:00
[2024-08-01T20:06:36.051+0000] {processor.py:183} INFO - Processing /home/airflow/.local/lib/python3.12/site-packages/airflow/example_dags/example_branch_day_of_week_operator.py took 0.076 seconds
[2024-08-01T20:07:06.937+0000] {processor.py:161} INFO - Started process (PID=140) to work on /home/airflow/.local/lib/python3.12/site-packages/airflow/example_dags/example_branch_day_of_week_operator.py
[2024-08-01T20:07:06.938+0000] {processor.py:830} INFO - Processing file /home/airflow/.local/lib/python3.12/site-packages/airflow/example_dags/example_branch_day_of_week_operator.py for tasks to queue
[2024-08-01T20:07:06.939+0000] {logging_mixin.py:188} INFO - [2024-08-01T20:07:06.939+0000] {dagbag.py:545} INFO - Filling up the DagBag from /home/airflow/.local/lib/python3.12/site-packages/airflow/example_dags/example_branch_day_of_week_operator.py
[2024-08-01T20:07:06.946+0000] {processor.py:840} INFO - DAG(s) 'example_weekday_branch_operator' retrieved from /home/airflow/.local/lib/python3.12/site-packages/airflow/example_dags/example_branch_day_of_week_operator.py
[2024-08-01T20:07:06.965+0000] {logging_mixin.py:188} INFO - [2024-08-01T20:07:06.965+0000] {dag.py:3089} INFO - Sync 1 DAGs
[2024-08-01T20:07:06.987+0000] {logging_mixin.py:188} INFO - [2024-08-01T20:07:06.986+0000] {dag.py:3947} INFO - Setting next_dagrun for example_weekday_branch_operator to 2024-07-31 00:00:00+00:00, run_after=2024-08-01 00:00:00+00:00
[2024-08-01T20:07:07.124+0000] {processor.py:183} INFO - Processing /home/airflow/.local/lib/python3.12/site-packages/airflow/example_dags/example_branch_day_of_week_operator.py took 0.193 seconds
[2024-08-01T20:07:37.784+0000] {processor.py:161} INFO - Started process (PID=198) to work on /home/airflow/.local/lib/python3.12/site-packages/airflow/example_dags/example_branch_day_of_week_operator.py
[2024-08-01T20:07:37.785+0000] {processor.py:830} INFO - Processing file /home/airflow/.local/lib/python3.12/site-packages/airflow/example_dags/example_branch_day_of_week_operator.py for tasks to queue
[2024-08-01T20:07:37.787+0000] {logging_mixin.py:188} INFO - [2024-08-01T20:07:37.787+0000] {dagbag.py:545} INFO - Filling up the DagBag from /home/airflow/.local/lib/python3.12/site-packages/airflow/example_dags/example_branch_day_of_week_operator.py
[2024-08-01T20:07:37.801+0000] {processor.py:840} INFO - DAG(s) 'example_weekday_branch_operator' retrieved from /home/airflow/.local/lib/python3.12/site-packages/airflow/example_dags/example_branch_day_of_week_operator.py
[2024-08-01T20:07:37.823+0000] {logging_mixin.py:188} INFO - [2024-08-01T20:07:37.823+0000] {dag.py:3089} INFO - Sync 1 DAGs
[2024-08-01T20:07:37.845+0000] {logging_mixin.py:188} INFO - [2024-08-01T20:07:37.845+0000] {dag.py:3947} INFO - Setting next_dagrun for example_weekday_branch_operator to 2024-07-31 00:00:00+00:00, run_after=2024-08-01 00:00:00+00:00
[2024-08-01T20:07:37.872+0000] {processor.py:183} INFO - Processing /home/airflow/.local/lib/python3.12/site-packages/airflow/example_dags/example_branch_day_of_week_operator.py took 0.093 seconds
[2024-08-01T20:08:08.064+0000] {processor.py:161} INFO - Started process (PID=256) to work on /home/airflow/.local/lib/python3.12/site-packages/airflow/example_dags/example_branch_day_of_week_operator.py
[2024-08-01T20:08:08.065+0000] {processor.py:830} INFO - Processing file /home/airflow/.local/lib/python3.12/site-packages/airflow/example_dags/example_branch_day_of_week_operator.py for tasks to queue
[2024-08-01T20:08:08.066+0000] {logging_mixin.py:188} INFO - [2024-08-01T20:08:08.066+0000] {dagbag.py:545} INFO - Filling up the DagBag from /home/airflow/.local/lib/python3.12/site-packages/airflow/example_dags/example_branch_day_of_week_operator.py
[2024-08-01T20:08:08.073+0000] {processor.py:840} INFO - DAG(s) 'example_weekday_branch_operator' retrieved from /home/airflow/.local/lib/python3.12/site-packages/airflow/example_dags/example_branch_day_of_week_operator.py
[2024-08-01T20:08:08.095+0000] {logging_mixin.py:188} INFO - [2024-08-01T20:08:08.095+0000] {dag.py:3089} INFO - Sync 1 DAGs
[2024-08-01T20:08:08.118+0000] {logging_mixin.py:188} INFO - [2024-08-01T20:08:08.117+0000] {dag.py:3947} INFO - Setting next_dagrun for example_weekday_branch_operator to 2024-07-31 00:00:00+00:00, run_after=2024-08-01 00:00:00+00:00
[2024-08-01T20:08:08.139+0000] {processor.py:183} INFO - Processing /home/airflow/.local/lib/python3.12/site-packages/airflow/example_dags/example_branch_day_of_week_operator.py took 0.080 seconds
[2024-08-01T20:08:38.639+0000] {processor.py:161} INFO - Started process (PID=314) to work on /home/airflow/.local/lib/python3.12/site-packages/airflow/example_dags/example_branch_day_of_week_operator.py
[2024-08-01T20:08:38.640+0000] {processor.py:830} INFO - Processing file /home/airflow/.local/lib/python3.12/site-packages/airflow/example_dags/example_branch_day_of_week_operator.py for tasks to queue
[2024-08-01T20:08:38.641+0000] {logging_mixin.py:188} INFO - [2024-08-01T20:08:38.641+0000] {dagbag.py:545} INFO - Filling up the DagBag from /home/airflow/.local/lib/python3.12/site-packages/airflow/example_dags/example_branch_day_of_week_operator.py
[2024-08-01T20:08:38.648+0000] {processor.py:840} INFO - DAG(s) 'example_weekday_branch_operator' retrieved from /home/airflow/.local/lib/python3.12/site-packages/airflow/example_dags/example_branch_day_of_week_operator.py
[2024-08-01T20:08:38.667+0000] {logging_mixin.py:188} INFO - [2024-08-01T20:08:38.667+0000] {dag.py:3089} INFO - Sync 1 DAGs
[2024-08-01T20:08:38.688+0000] {logging_mixin.py:188} INFO - [2024-08-01T20:08:38.688+0000] {dag.py:3947} INFO - Setting next_dagrun for example_weekday_branch_operator to 2024-07-31 00:00:00+00:00, run_after=2024-08-01 00:00:00+00:00
[2024-08-01T20:08:38.706+0000] {processor.py:183} INFO - Processing /home/airflow/.local/lib/python3.12/site-packages/airflow/example_dags/example_branch_day_of_week_operator.py took 0.071 seconds
[2024-08-01T20:09:09.145+0000] {processor.py:161} INFO - Started process (PID=372) to work on /home/airflow/.local/lib/python3.12/site-packages/airflow/example_dags/example_branch_day_of_week_operator.py
[2024-08-01T20:09:09.146+0000] {processor.py:830} INFO - Processing file /home/airflow/.local/lib/python3.12/site-packages/airflow/example_dags/example_branch_day_of_week_operator.py for tasks to queue
[2024-08-01T20:09:09.147+0000] {logging_mixin.py:188} INFO - [2024-08-01T20:09:09.147+0000] {dagbag.py:545} INFO - Filling up the DagBag from /home/airflow/.local/lib/python3.12/site-packages/airflow/example_dags/example_branch_day_of_week_operator.py
[2024-08-01T20:09:09.153+0000] {processor.py:840} INFO - DAG(s) 'example_weekday_branch_operator' retrieved from /home/airflow/.local/lib/python3.12/site-packages/airflow/example_dags/example_branch_day_of_week_operator.py
[2024-08-01T20:09:09.174+0000] {logging_mixin.py:188} INFO - [2024-08-01T20:09:09.173+0000] {dag.py:3089} INFO - Sync 1 DAGs
[2024-08-01T20:09:09.195+0000] {logging_mixin.py:188} INFO - [2024-08-01T20:09:09.195+0000] {dag.py:3947} INFO - Setting next_dagrun for example_weekday_branch_operator to 2024-07-31 00:00:00+00:00, run_after=2024-08-01 00:00:00+00:00
[2024-08-01T20:09:09.215+0000] {processor.py:183} INFO - Processing /home/airflow/.local/lib/python3.12/site-packages/airflow/example_dags/example_branch_day_of_week_operator.py took 0.075 seconds
[2024-08-01T20:11:21.818+0000] {processor.py:161} INFO - Started process (PID=86) to work on /home/airflow/.local/lib/python3.12/site-packages/airflow/example_dags/example_branch_day_of_week_operator.py
[2024-08-01T20:11:21.820+0000] {processor.py:830} INFO - Processing file /home/airflow/.local/lib/python3.12/site-packages/airflow/example_dags/example_branch_day_of_week_operator.py for tasks to queue
[2024-08-01T20:11:21.821+0000] {logging_mixin.py:188} INFO - [2024-08-01T20:11:21.821+0000] {dagbag.py:545} INFO - Filling up the DagBag from /home/airflow/.local/lib/python3.12/site-packages/airflow/example_dags/example_branch_day_of_week_operator.py
[2024-08-01T20:11:21.828+0000] {processor.py:840} INFO - DAG(s) 'example_weekday_branch_operator' retrieved from /home/airflow/.local/lib/python3.12/site-packages/airflow/example_dags/example_branch_day_of_week_operator.py
[2024-08-01T20:11:21.840+0000] {logging_mixin.py:188} INFO - [2024-08-01T20:11:21.839+0000] {dag.py:3089} INFO - Sync 1 DAGs
[2024-08-01T20:11:21.867+0000] {logging_mixin.py:188} INFO - [2024-08-01T20:11:21.867+0000] {dag.py:3947} INFO - Setting next_dagrun for example_weekday_branch_operator to 2024-07-31 00:00:00+00:00, run_after=2024-08-01 00:00:00+00:00
[2024-08-01T20:11:21.887+0000] {processor.py:183} INFO - Processing /home/airflow/.local/lib/python3.12/site-packages/airflow/example_dags/example_branch_day_of_week_operator.py took 0.074 seconds
[2024-08-01T20:11:53.246+0000] {processor.py:161} INFO - Started process (PID=144) to work on /home/airflow/.local/lib/python3.12/site-packages/airflow/example_dags/example_branch_day_of_week_operator.py
[2024-08-01T20:11:53.247+0000] {processor.py:830} INFO - Processing file /home/airflow/.local/lib/python3.12/site-packages/airflow/example_dags/example_branch_day_of_week_operator.py for tasks to queue
[2024-08-01T20:11:53.249+0000] {logging_mixin.py:188} INFO - [2024-08-01T20:11:53.249+0000] {dagbag.py:545} INFO - Filling up the DagBag from /home/airflow/.local/lib/python3.12/site-packages/airflow/example_dags/example_branch_day_of_week_operator.py
[2024-08-01T20:11:53.257+0000] {processor.py:840} INFO - DAG(s) 'example_weekday_branch_operator' retrieved from /home/airflow/.local/lib/python3.12/site-packages/airflow/example_dags/example_branch_day_of_week_operator.py
[2024-08-01T20:11:53.356+0000] {logging_mixin.py:188} INFO - [2024-08-01T20:11:53.356+0000] {dag.py:3089} INFO - Sync 1 DAGs
[2024-08-01T20:11:53.380+0000] {logging_mixin.py:188} INFO - [2024-08-01T20:11:53.380+0000] {dag.py:3947} INFO - Setting next_dagrun for example_weekday_branch_operator to 2024-07-31 00:00:00+00:00, run_after=2024-08-01 00:00:00+00:00
[2024-08-01T20:11:53.411+0000] {processor.py:183} INFO - Processing /home/airflow/.local/lib/python3.12/site-packages/airflow/example_dags/example_branch_day_of_week_operator.py took 0.169 seconds
[2024-08-01T20:12:24.344+0000] {processor.py:161} INFO - Started process (PID=202) to work on /home/airflow/.local/lib/python3.12/site-packages/airflow/example_dags/example_branch_day_of_week_operator.py
[2024-08-01T20:12:24.345+0000] {processor.py:830} INFO - Processing file /home/airflow/.local/lib/python3.12/site-packages/airflow/example_dags/example_branch_day_of_week_operator.py for tasks to queue
[2024-08-01T20:12:24.346+0000] {logging_mixin.py:188} INFO - [2024-08-01T20:12:24.346+0000] {dagbag.py:545} INFO - Filling up the DagBag from /home/airflow/.local/lib/python3.12/site-packages/airflow/example_dags/example_branch_day_of_week_operator.py
[2024-08-01T20:12:24.353+0000] {processor.py:840} INFO - DAG(s) 'example_weekday_branch_operator' retrieved from /home/airflow/.local/lib/python3.12/site-packages/airflow/example_dags/example_branch_day_of_week_operator.py
[2024-08-01T20:12:24.384+0000] {logging_mixin.py:188} INFO - [2024-08-01T20:12:24.384+0000] {dag.py:3089} INFO - Sync 1 DAGs
[2024-08-01T20:12:24.411+0000] {logging_mixin.py:188} INFO - [2024-08-01T20:12:24.410+0000] {dag.py:3947} INFO - Setting next_dagrun for example_weekday_branch_operator to 2024-07-31 00:00:00+00:00, run_after=2024-08-01 00:00:00+00:00
[2024-08-01T20:12:24.434+0000] {processor.py:183} INFO - Processing /home/airflow/.local/lib/python3.12/site-packages/airflow/example_dags/example_branch_day_of_week_operator.py took 0.095 seconds
[2024-08-01T20:12:54.708+0000] {processor.py:161} INFO - Started process (PID=260) to work on /home/airflow/.local/lib/python3.12/site-packages/airflow/example_dags/example_branch_day_of_week_operator.py
[2024-08-01T20:12:54.710+0000] {processor.py:830} INFO - Processing file /home/airflow/.local/lib/python3.12/site-packages/airflow/example_dags/example_branch_day_of_week_operator.py for tasks to queue
[2024-08-01T20:12:54.711+0000] {logging_mixin.py:188} INFO - [2024-08-01T20:12:54.711+0000] {dagbag.py:545} INFO - Filling up the DagBag from /home/airflow/.local/lib/python3.12/site-packages/airflow/example_dags/example_branch_day_of_week_operator.py
[2024-08-01T20:12:54.717+0000] {processor.py:840} INFO - DAG(s) 'example_weekday_branch_operator' retrieved from /home/airflow/.local/lib/python3.12/site-packages/airflow/example_dags/example_branch_day_of_week_operator.py
[2024-08-01T20:12:54.736+0000] {logging_mixin.py:188} INFO - [2024-08-01T20:12:54.736+0000] {dag.py:3089} INFO - Sync 1 DAGs
[2024-08-01T20:12:54.757+0000] {logging_mixin.py:188} INFO - [2024-08-01T20:12:54.757+0000] {dag.py:3947} INFO - Setting next_dagrun for example_weekday_branch_operator to 2024-07-31 00:00:00+00:00, run_after=2024-08-01 00:00:00+00:00
[2024-08-01T20:12:54.776+0000] {processor.py:183} INFO - Processing /home/airflow/.local/lib/python3.12/site-packages/airflow/example_dags/example_branch_day_of_week_operator.py took 0.073 seconds
[2024-08-01T20:13:24.838+0000] {processor.py:161} INFO - Started process (PID=318) to work on /home/airflow/.local/lib/python3.12/site-packages/airflow/example_dags/example_branch_day_of_week_operator.py
[2024-08-01T20:13:24.839+0000] {processor.py:830} INFO - Processing file /home/airflow/.local/lib/python3.12/site-packages/airflow/example_dags/example_branch_day_of_week_operator.py for tasks to queue
[2024-08-01T20:13:24.840+0000] {logging_mixin.py:188} INFO - [2024-08-01T20:13:24.840+0000] {dagbag.py:545} INFO - Filling up the DagBag from /home/airflow/.local/lib/python3.12/site-packages/airflow/example_dags/example_branch_day_of_week_operator.py
[2024-08-01T20:13:24.846+0000] {processor.py:840} INFO - DAG(s) 'example_weekday_branch_operator' retrieved from /home/airflow/.local/lib/python3.12/site-packages/airflow/example_dags/example_branch_day_of_week_operator.py
[2024-08-01T20:13:24.866+0000] {logging_mixin.py:188} INFO - [2024-08-01T20:13:24.866+0000] {dag.py:3089} INFO - Sync 1 DAGs
[2024-08-01T20:13:24.886+0000] {logging_mixin.py:188} INFO - [2024-08-01T20:13:24.886+0000] {dag.py:3947} INFO - Setting next_dagrun for example_weekday_branch_operator to 2024-07-31 00:00:00+00:00, run_after=2024-08-01 00:00:00+00:00
[2024-08-01T20:13:24.904+0000] {processor.py:183} INFO - Processing /home/airflow/.local/lib/python3.12/site-packages/airflow/example_dags/example_branch_day_of_week_operator.py took 0.071 seconds
[2024-08-01T20:13:55.236+0000] {processor.py:161} INFO - Started process (PID=376) to work on /home/airflow/.local/lib/python3.12/site-packages/airflow/example_dags/example_branch_day_of_week_operator.py
[2024-08-01T20:13:55.237+0000] {processor.py:830} INFO - Processing file /home/airflow/.local/lib/python3.12/site-packages/airflow/example_dags/example_branch_day_of_week_operator.py for tasks to queue
[2024-08-01T20:13:55.239+0000] {logging_mixin.py:188} INFO - [2024-08-01T20:13:55.239+0000] {dagbag.py:545} INFO - Filling up the DagBag from /home/airflow/.local/lib/python3.12/site-packages/airflow/example_dags/example_branch_day_of_week_operator.py
[2024-08-01T20:13:55.245+0000] {processor.py:840} INFO - DAG(s) 'example_weekday_branch_operator' retrieved from /home/airflow/.local/lib/python3.12/site-packages/airflow/example_dags/example_branch_day_of_week_operator.py
[2024-08-01T20:13:55.265+0000] {logging_mixin.py:188} INFO - [2024-08-01T20:13:55.264+0000] {dag.py:3089} INFO - Sync 1 DAGs
[2024-08-01T20:13:55.286+0000] {logging_mixin.py:188} INFO - [2024-08-01T20:13:55.286+0000] {dag.py:3947} INFO - Setting next_dagrun for example_weekday_branch_operator to 2024-07-31 00:00:00+00:00, run_after=2024-08-01 00:00:00+00:00
[2024-08-01T20:13:55.303+0000] {processor.py:183} INFO - Processing /home/airflow/.local/lib/python3.12/site-packages/airflow/example_dags/example_branch_day_of_week_operator.py took 0.071 seconds
[2024-08-01T20:14:25.646+0000] {processor.py:161} INFO - Started process (PID=434) to work on /home/airflow/.local/lib/python3.12/site-packages/airflow/example_dags/example_branch_day_of_week_operator.py
[2024-08-01T20:14:25.649+0000] {processor.py:830} INFO - Processing file /home/airflow/.local/lib/python3.12/site-packages/airflow/example_dags/example_branch_day_of_week_operator.py for tasks to queue
[2024-08-01T20:14:25.651+0000] {logging_mixin.py:188} INFO - [2024-08-01T20:14:25.650+0000] {dagbag.py:545} INFO - Filling up the DagBag from /home/airflow/.local/lib/python3.12/site-packages/airflow/example_dags/example_branch_day_of_week_operator.py
[2024-08-01T20:14:25.662+0000] {processor.py:840} INFO - DAG(s) 'example_weekday_branch_operator' retrieved from /home/airflow/.local/lib/python3.12/site-packages/airflow/example_dags/example_branch_day_of_week_operator.py
[2024-08-01T20:14:25.694+0000] {logging_mixin.py:188} INFO - [2024-08-01T20:14:25.693+0000] {dag.py:3089} INFO - Sync 1 DAGs
[2024-08-01T20:14:25.722+0000] {logging_mixin.py:188} INFO - [2024-08-01T20:14:25.722+0000] {dag.py:3947} INFO - Setting next_dagrun for example_weekday_branch_operator to 2024-07-31 00:00:00+00:00, run_after=2024-08-01 00:00:00+00:00
[2024-08-01T20:14:25.748+0000] {processor.py:183} INFO - Processing /home/airflow/.local/lib/python3.12/site-packages/airflow/example_dags/example_branch_day_of_week_operator.py took 0.108 seconds
[2024-08-01T20:14:55.983+0000] {processor.py:161} INFO - Started process (PID=492) to work on /home/airflow/.local/lib/python3.12/site-packages/airflow/example_dags/example_branch_day_of_week_operator.py
[2024-08-01T20:14:55.984+0000] {processor.py:830} INFO - Processing file /home/airflow/.local/lib/python3.12/site-packages/airflow/example_dags/example_branch_day_of_week_operator.py for tasks to queue
[2024-08-01T20:14:55.985+0000] {logging_mixin.py:188} INFO - [2024-08-01T20:14:55.985+0000] {dagbag.py:545} INFO - Filling up the DagBag from /home/airflow/.local/lib/python3.12/site-packages/airflow/example_dags/example_branch_day_of_week_operator.py
[2024-08-01T20:14:55.991+0000] {processor.py:840} INFO - DAG(s) 'example_weekday_branch_operator' retrieved from /home/airflow/.local/lib/python3.12/site-packages/airflow/example_dags/example_branch_day_of_week_operator.py
[2024-08-01T20:14:56.012+0000] {logging_mixin.py:188} INFO - [2024-08-01T20:14:56.011+0000] {dag.py:3089} INFO - Sync 1 DAGs
[2024-08-01T20:14:56.033+0000] {logging_mixin.py:188} INFO - [2024-08-01T20:14:56.032+0000] {dag.py:3947} INFO - Setting next_dagrun for example_weekday_branch_operator to 2024-07-31 00:00:00+00:00, run_after=2024-08-01 00:00:00+00:00
[2024-08-01T20:14:56.052+0000] {processor.py:183} INFO - Processing /home/airflow/.local/lib/python3.12/site-packages/airflow/example_dags/example_branch_day_of_week_operator.py took 0.073 seconds
[2024-08-01T20:15:26.207+0000] {processor.py:161} INFO - Started process (PID=550) to work on /home/airflow/.local/lib/python3.12/site-packages/airflow/example_dags/example_branch_day_of_week_operator.py
[2024-08-01T20:15:26.208+0000] {processor.py:830} INFO - Processing file /home/airflow/.local/lib/python3.12/site-packages/airflow/example_dags/example_branch_day_of_week_operator.py for tasks to queue
[2024-08-01T20:15:26.210+0000] {logging_mixin.py:188} INFO - [2024-08-01T20:15:26.210+0000] {dagbag.py:545} INFO - Filling up the DagBag from /home/airflow/.local/lib/python3.12/site-packages/airflow/example_dags/example_branch_day_of_week_operator.py
[2024-08-01T20:15:26.216+0000] {processor.py:840} INFO - DAG(s) 'example_weekday_branch_operator' retrieved from /home/airflow/.local/lib/python3.12/site-packages/airflow/example_dags/example_branch_day_of_week_operator.py
[2024-08-01T20:15:26.236+0000] {logging_mixin.py:188} INFO - [2024-08-01T20:15:26.235+0000] {dag.py:3089} INFO - Sync 1 DAGs
[2024-08-01T20:15:26.258+0000] {logging_mixin.py:188} INFO - [2024-08-01T20:15:26.258+0000] {dag.py:3947} INFO - Setting next_dagrun for example_weekday_branch_operator to 2024-07-31 00:00:00+00:00, run_after=2024-08-01 00:00:00+00:00
[2024-08-01T20:15:26.280+0000] {processor.py:183} INFO - Processing /home/airflow/.local/lib/python3.12/site-packages/airflow/example_dags/example_branch_day_of_week_operator.py took 0.077 seconds
[2024-08-01T20:15:56.306+0000] {processor.py:161} INFO - Started process (PID=607) to work on /home/airflow/.local/lib/python3.12/site-packages/airflow/example_dags/example_branch_day_of_week_operator.py
[2024-08-01T20:15:56.307+0000] {processor.py:830} INFO - Processing file /home/airflow/.local/lib/python3.12/site-packages/airflow/example_dags/example_branch_day_of_week_operator.py for tasks to queue
[2024-08-01T20:15:56.308+0000] {logging_mixin.py:188} INFO - [2024-08-01T20:15:56.308+0000] {dagbag.py:545} INFO - Filling up the DagBag from /home/airflow/.local/lib/python3.12/site-packages/airflow/example_dags/example_branch_day_of_week_operator.py
[2024-08-01T20:15:56.314+0000] {processor.py:840} INFO - DAG(s) 'example_weekday_branch_operator' retrieved from /home/airflow/.local/lib/python3.12/site-packages/airflow/example_dags/example_branch_day_of_week_operator.py
[2024-08-01T20:15:56.333+0000] {logging_mixin.py:188} INFO - [2024-08-01T20:15:56.333+0000] {dag.py:3089} INFO - Sync 1 DAGs
[2024-08-01T20:15:56.354+0000] {logging_mixin.py:188} INFO - [2024-08-01T20:15:56.353+0000] {dag.py:3947} INFO - Setting next_dagrun for example_weekday_branch_operator to 2024-07-31 00:00:00+00:00, run_after=2024-08-01 00:00:00+00:00
[2024-08-01T20:15:56.372+0000] {processor.py:183} INFO - Processing /home/airflow/.local/lib/python3.12/site-packages/airflow/example_dags/example_branch_day_of_week_operator.py took 0.070 seconds
[2024-08-01T20:16:27.043+0000] {processor.py:161} INFO - Started process (PID=666) to work on /home/airflow/.local/lib/python3.12/site-packages/airflow/example_dags/example_branch_day_of_week_operator.py
[2024-08-01T20:16:27.044+0000] {processor.py:830} INFO - Processing file /home/airflow/.local/lib/python3.12/site-packages/airflow/example_dags/example_branch_day_of_week_operator.py for tasks to queue
[2024-08-01T20:16:27.046+0000] {logging_mixin.py:188} INFO - [2024-08-01T20:16:27.046+0000] {dagbag.py:545} INFO - Filling up the DagBag from /home/airflow/.local/lib/python3.12/site-packages/airflow/example_dags/example_branch_day_of_week_operator.py
[2024-08-01T20:16:27.052+0000] {processor.py:840} INFO - DAG(s) 'example_weekday_branch_operator' retrieved from /home/airflow/.local/lib/python3.12/site-packages/airflow/example_dags/example_branch_day_of_week_operator.py
[2024-08-01T20:16:27.074+0000] {logging_mixin.py:188} INFO - [2024-08-01T20:16:27.073+0000] {dag.py:3089} INFO - Sync 1 DAGs
[2024-08-01T20:16:27.097+0000] {logging_mixin.py:188} INFO - [2024-08-01T20:16:27.097+0000] {dag.py:3947} INFO - Setting next_dagrun for example_weekday_branch_operator to 2024-07-31 00:00:00+00:00, run_after=2024-08-01 00:00:00+00:00
[2024-08-01T20:16:27.117+0000] {processor.py:183} INFO - Processing /home/airflow/.local/lib/python3.12/site-packages/airflow/example_dags/example_branch_day_of_week_operator.py took 0.079 seconds
