[2024-08-01T20:02:18.476+0000] {processor.py:161} INFO - Started process (PID=73) to work on /home/airflow/.local/lib/python3.12/site-packages/airflow/example_dags/example_datasets.py
[2024-08-01T20:02:18.477+0000] {processor.py:830} INFO - Processing file /home/airflow/.local/lib/python3.12/site-packages/airflow/example_dags/example_datasets.py for tasks to queue
[2024-08-01T20:02:18.480+0000] {logging_mixin.py:188} INFO - [2024-08-01T20:02:18.480+0000] {dagbag.py:545} INFO - Filling up the DagBag from /home/airflow/.local/lib/python3.12/site-packages/airflow/example_dags/example_datasets.py
[2024-08-01T20:02:18.522+0000] {processor.py:840} INFO - DAG(s) 'dataset_consumes_1', 'dataset_consumes_1_and_2', 'dataset_produces_2', 'dataset_consumes_1_never_scheduled', 'dataset_produces_1', 'consume_1_or_both_2_and_3_with_dataset_expressions', 'dataset_consumes_unknown_never_scheduled', 'conditional_dataset_and_time_based_timetable', 'consume_1_or_2_with_dataset_expressions', 'consume_1_and_2_with_dataset_expressions' retrieved from /home/airflow/.local/lib/python3.12/site-packages/airflow/example_dags/example_datasets.py
[2024-08-01T20:02:18.547+0000] {logging_mixin.py:188} INFO - [2024-08-01T20:02:18.547+0000] {dag.py:3089} INFO - Sync 10 DAGs
[2024-08-01T20:02:18.818+0000] {logging_mixin.py:188} INFO - [2024-08-01T20:02:18.817+0000] {dag.py:3947} INFO - Setting next_dagrun for conditional_dataset_and_time_based_timetable to 2024-07-31 01:00:00+00:00, run_after=2024-07-31 01:00:00+00:00
[2024-08-01T20:02:18.824+0000] {logging_mixin.py:188} INFO - [2024-08-01T20:02:18.824+0000] {dag.py:3947} INFO - Setting next_dagrun for consume_1_and_2_with_dataset_expressions to None, run_after=None
[2024-08-01T20:02:18.826+0000] {logging_mixin.py:188} INFO - [2024-08-01T20:02:18.826+0000] {dag.py:3947} INFO - Setting next_dagrun for consume_1_or_2_with_dataset_expressions to None, run_after=None
[2024-08-01T20:02:18.827+0000] {logging_mixin.py:188} INFO - [2024-08-01T20:02:18.827+0000] {dag.py:3947} INFO - Setting next_dagrun for consume_1_or_both_2_and_3_with_dataset_expressions to None, run_after=None
[2024-08-01T20:02:18.828+0000] {logging_mixin.py:188} INFO - [2024-08-01T20:02:18.828+0000] {dag.py:3947} INFO - Setting next_dagrun for dataset_consumes_1 to None, run_after=None
[2024-08-01T20:02:18.829+0000] {logging_mixin.py:188} INFO - [2024-08-01T20:02:18.829+0000] {dag.py:3947} INFO - Setting next_dagrun for dataset_consumes_1_and_2 to None, run_after=None
[2024-08-01T20:02:18.831+0000] {logging_mixin.py:188} INFO - [2024-08-01T20:02:18.831+0000] {dag.py:3947} INFO - Setting next_dagrun for dataset_consumes_1_never_scheduled to None, run_after=None
[2024-08-01T20:02:18.832+0000] {logging_mixin.py:188} INFO - [2024-08-01T20:02:18.832+0000] {dag.py:3947} INFO - Setting next_dagrun for dataset_consumes_unknown_never_scheduled to None, run_after=None
[2024-08-01T20:02:18.834+0000] {logging_mixin.py:188} INFO - [2024-08-01T20:02:18.834+0000] {dag.py:3947} INFO - Setting next_dagrun for dataset_produces_1 to 2024-07-31 00:00:00+00:00, run_after=2024-08-01 00:00:00+00:00
[2024-08-01T20:02:18.836+0000] {logging_mixin.py:188} INFO - [2024-08-01T20:02:18.836+0000] {dag.py:3947} INFO - Setting next_dagrun for dataset_produces_2 to None, run_after=None
[2024-08-01T20:02:19.209+0000] {processor.py:183} INFO - Processing /home/airflow/.local/lib/python3.12/site-packages/airflow/example_dags/example_datasets.py took 0.740 seconds
[2024-08-01T20:02:51.179+0000] {processor.py:161} INFO - Started process (PID=132) to work on /home/airflow/.local/lib/python3.12/site-packages/airflow/example_dags/example_datasets.py
[2024-08-01T20:02:51.180+0000] {processor.py:830} INFO - Processing file /home/airflow/.local/lib/python3.12/site-packages/airflow/example_dags/example_datasets.py for tasks to queue
[2024-08-01T20:02:51.182+0000] {logging_mixin.py:188} INFO - [2024-08-01T20:02:51.182+0000] {dagbag.py:545} INFO - Filling up the DagBag from /home/airflow/.local/lib/python3.12/site-packages/airflow/example_dags/example_datasets.py
[2024-08-01T20:02:51.199+0000] {processor.py:840} INFO - DAG(s) 'dataset_consumes_1_and_2', 'dataset_consumes_unknown_never_scheduled', 'dataset_consumes_1', 'dataset_consumes_1_never_scheduled', 'consume_1_or_2_with_dataset_expressions', 'consume_1_or_both_2_and_3_with_dataset_expressions', 'consume_1_and_2_with_dataset_expressions', 'dataset_produces_2', 'dataset_produces_1', 'conditional_dataset_and_time_based_timetable' retrieved from /home/airflow/.local/lib/python3.12/site-packages/airflow/example_dags/example_datasets.py
[2024-08-01T20:02:51.396+0000] {logging_mixin.py:188} INFO - [2024-08-01T20:02:51.395+0000] {dag.py:3089} INFO - Sync 10 DAGs
[2024-08-01T20:02:51.430+0000] {logging_mixin.py:188} INFO - [2024-08-01T20:02:51.430+0000] {dag.py:3947} INFO - Setting next_dagrun for conditional_dataset_and_time_based_timetable to 2024-07-31 01:00:00+00:00, run_after=2024-07-31 01:00:00+00:00
[2024-08-01T20:02:51.434+0000] {logging_mixin.py:188} INFO - [2024-08-01T20:02:51.434+0000] {dag.py:3947} INFO - Setting next_dagrun for consume_1_and_2_with_dataset_expressions to None, run_after=None
[2024-08-01T20:02:51.437+0000] {logging_mixin.py:188} INFO - [2024-08-01T20:02:51.437+0000] {dag.py:3947} INFO - Setting next_dagrun for consume_1_or_2_with_dataset_expressions to None, run_after=None
[2024-08-01T20:02:51.438+0000] {logging_mixin.py:188} INFO - [2024-08-01T20:02:51.438+0000] {dag.py:3947} INFO - Setting next_dagrun for consume_1_or_both_2_and_3_with_dataset_expressions to None, run_after=None
[2024-08-01T20:02:51.439+0000] {logging_mixin.py:188} INFO - [2024-08-01T20:02:51.439+0000] {dag.py:3947} INFO - Setting next_dagrun for dataset_consumes_1 to None, run_after=None
[2024-08-01T20:02:51.440+0000] {logging_mixin.py:188} INFO - [2024-08-01T20:02:51.440+0000] {dag.py:3947} INFO - Setting next_dagrun for dataset_consumes_1_and_2 to None, run_after=None
[2024-08-01T20:02:51.441+0000] {logging_mixin.py:188} INFO - [2024-08-01T20:02:51.441+0000] {dag.py:3947} INFO - Setting next_dagrun for dataset_consumes_1_never_scheduled to None, run_after=None
[2024-08-01T20:02:51.442+0000] {logging_mixin.py:188} INFO - [2024-08-01T20:02:51.442+0000] {dag.py:3947} INFO - Setting next_dagrun for dataset_consumes_unknown_never_scheduled to None, run_after=None
[2024-08-01T20:02:51.445+0000] {logging_mixin.py:188} INFO - [2024-08-01T20:02:51.445+0000] {dag.py:3947} INFO - Setting next_dagrun for dataset_produces_1 to 2024-07-31 00:00:00+00:00, run_after=2024-08-01 00:00:00+00:00
[2024-08-01T20:02:51.446+0000] {logging_mixin.py:188} INFO - [2024-08-01T20:02:51.446+0000] {dag.py:3947} INFO - Setting next_dagrun for dataset_produces_2 to None, run_after=None
[2024-08-01T20:02:51.496+0000] {processor.py:183} INFO - Processing /home/airflow/.local/lib/python3.12/site-packages/airflow/example_dags/example_datasets.py took 0.322 seconds
[2024-08-01T20:03:21.594+0000] {processor.py:161} INFO - Started process (PID=189) to work on /home/airflow/.local/lib/python3.12/site-packages/airflow/example_dags/example_datasets.py
[2024-08-01T20:03:21.595+0000] {processor.py:830} INFO - Processing file /home/airflow/.local/lib/python3.12/site-packages/airflow/example_dags/example_datasets.py for tasks to queue
[2024-08-01T20:03:21.596+0000] {logging_mixin.py:188} INFO - [2024-08-01T20:03:21.596+0000] {dagbag.py:545} INFO - Filling up the DagBag from /home/airflow/.local/lib/python3.12/site-packages/airflow/example_dags/example_datasets.py
[2024-08-01T20:03:21.611+0000] {processor.py:840} INFO - DAG(s) 'consume_1_or_both_2_and_3_with_dataset_expressions', 'consume_1_and_2_with_dataset_expressions', 'conditional_dataset_and_time_based_timetable', 'dataset_consumes_1_never_scheduled', 'dataset_produces_2', 'dataset_produces_1', 'dataset_consumes_unknown_never_scheduled', 'dataset_consumes_1_and_2', 'consume_1_or_2_with_dataset_expressions', 'dataset_consumes_1' retrieved from /home/airflow/.local/lib/python3.12/site-packages/airflow/example_dags/example_datasets.py
[2024-08-01T20:03:21.666+0000] {logging_mixin.py:188} INFO - [2024-08-01T20:03:21.666+0000] {dag.py:3089} INFO - Sync 10 DAGs
[2024-08-01T20:03:21.693+0000] {logging_mixin.py:188} INFO - [2024-08-01T20:03:21.693+0000] {dag.py:3947} INFO - Setting next_dagrun for conditional_dataset_and_time_based_timetable to 2024-07-31 01:00:00+00:00, run_after=2024-07-31 01:00:00+00:00
[2024-08-01T20:03:21.698+0000] {logging_mixin.py:188} INFO - [2024-08-01T20:03:21.698+0000] {dag.py:3947} INFO - Setting next_dagrun for consume_1_and_2_with_dataset_expressions to None, run_after=None
[2024-08-01T20:03:21.700+0000] {logging_mixin.py:188} INFO - [2024-08-01T20:03:21.699+0000] {dag.py:3947} INFO - Setting next_dagrun for consume_1_or_2_with_dataset_expressions to None, run_after=None
[2024-08-01T20:03:21.701+0000] {logging_mixin.py:188} INFO - [2024-08-01T20:03:21.701+0000] {dag.py:3947} INFO - Setting next_dagrun for consume_1_or_both_2_and_3_with_dataset_expressions to None, run_after=None
[2024-08-01T20:03:21.703+0000] {logging_mixin.py:188} INFO - [2024-08-01T20:03:21.703+0000] {dag.py:3947} INFO - Setting next_dagrun for dataset_consumes_1 to None, run_after=None
[2024-08-01T20:03:21.705+0000] {logging_mixin.py:188} INFO - [2024-08-01T20:03:21.705+0000] {dag.py:3947} INFO - Setting next_dagrun for dataset_consumes_1_and_2 to None, run_after=None
[2024-08-01T20:03:21.706+0000] {logging_mixin.py:188} INFO - [2024-08-01T20:03:21.706+0000] {dag.py:3947} INFO - Setting next_dagrun for dataset_consumes_1_never_scheduled to None, run_after=None
[2024-08-01T20:03:21.708+0000] {logging_mixin.py:188} INFO - [2024-08-01T20:03:21.707+0000] {dag.py:3947} INFO - Setting next_dagrun for dataset_consumes_unknown_never_scheduled to None, run_after=None
[2024-08-01T20:03:21.710+0000] {logging_mixin.py:188} INFO - [2024-08-01T20:03:21.710+0000] {dag.py:3947} INFO - Setting next_dagrun for dataset_produces_1 to 2024-07-31 00:00:00+00:00, run_after=2024-08-01 00:00:00+00:00
[2024-08-01T20:03:21.711+0000] {logging_mixin.py:188} INFO - [2024-08-01T20:03:21.711+0000] {dag.py:3947} INFO - Setting next_dagrun for dataset_produces_2 to None, run_after=None
[2024-08-01T20:03:21.751+0000] {processor.py:183} INFO - Processing /home/airflow/.local/lib/python3.12/site-packages/airflow/example_dags/example_datasets.py took 0.162 seconds
[2024-08-01T20:03:52.057+0000] {processor.py:161} INFO - Started process (PID=247) to work on /home/airflow/.local/lib/python3.12/site-packages/airflow/example_dags/example_datasets.py
[2024-08-01T20:03:52.058+0000] {processor.py:830} INFO - Processing file /home/airflow/.local/lib/python3.12/site-packages/airflow/example_dags/example_datasets.py for tasks to queue
[2024-08-01T20:03:52.059+0000] {logging_mixin.py:188} INFO - [2024-08-01T20:03:52.059+0000] {dagbag.py:545} INFO - Filling up the DagBag from /home/airflow/.local/lib/python3.12/site-packages/airflow/example_dags/example_datasets.py
[2024-08-01T20:03:52.071+0000] {processor.py:840} INFO - DAG(s) 'dataset_produces_2', 'dataset_produces_1', 'dataset_consumes_unknown_never_scheduled', 'dataset_consumes_1', 'dataset_consumes_1_and_2', 'conditional_dataset_and_time_based_timetable', 'consume_1_or_2_with_dataset_expressions', 'consume_1_and_2_with_dataset_expressions', 'dataset_consumes_1_never_scheduled', 'consume_1_or_both_2_and_3_with_dataset_expressions' retrieved from /home/airflow/.local/lib/python3.12/site-packages/airflow/example_dags/example_datasets.py
[2024-08-01T20:03:52.114+0000] {logging_mixin.py:188} INFO - [2024-08-01T20:03:52.114+0000] {dag.py:3089} INFO - Sync 10 DAGs
[2024-08-01T20:03:52.137+0000] {logging_mixin.py:188} INFO - [2024-08-01T20:03:52.136+0000] {dag.py:3947} INFO - Setting next_dagrun for conditional_dataset_and_time_based_timetable to 2024-07-31 01:00:00+00:00, run_after=2024-07-31 01:00:00+00:00
[2024-08-01T20:03:52.141+0000] {logging_mixin.py:188} INFO - [2024-08-01T20:03:52.141+0000] {dag.py:3947} INFO - Setting next_dagrun for consume_1_and_2_with_dataset_expressions to None, run_after=None
[2024-08-01T20:03:52.143+0000] {logging_mixin.py:188} INFO - [2024-08-01T20:03:52.142+0000] {dag.py:3947} INFO - Setting next_dagrun for consume_1_or_2_with_dataset_expressions to None, run_after=None
[2024-08-01T20:03:52.144+0000] {logging_mixin.py:188} INFO - [2024-08-01T20:03:52.144+0000] {dag.py:3947} INFO - Setting next_dagrun for consume_1_or_both_2_and_3_with_dataset_expressions to None, run_after=None
[2024-08-01T20:03:52.145+0000] {logging_mixin.py:188} INFO - [2024-08-01T20:03:52.145+0000] {dag.py:3947} INFO - Setting next_dagrun for dataset_consumes_1 to None, run_after=None
[2024-08-01T20:03:52.146+0000] {logging_mixin.py:188} INFO - [2024-08-01T20:03:52.146+0000] {dag.py:3947} INFO - Setting next_dagrun for dataset_consumes_1_and_2 to None, run_after=None
[2024-08-01T20:03:52.147+0000] {logging_mixin.py:188} INFO - [2024-08-01T20:03:52.147+0000] {dag.py:3947} INFO - Setting next_dagrun for dataset_consumes_1_never_scheduled to None, run_after=None
[2024-08-01T20:03:52.148+0000] {logging_mixin.py:188} INFO - [2024-08-01T20:03:52.148+0000] {dag.py:3947} INFO - Setting next_dagrun for dataset_consumes_unknown_never_scheduled to None, run_after=None
[2024-08-01T20:03:52.150+0000] {logging_mixin.py:188} INFO - [2024-08-01T20:03:52.150+0000] {dag.py:3947} INFO - Setting next_dagrun for dataset_produces_1 to 2024-07-31 00:00:00+00:00, run_after=2024-08-01 00:00:00+00:00
[2024-08-01T20:03:52.151+0000] {logging_mixin.py:188} INFO - [2024-08-01T20:03:52.151+0000] {dag.py:3947} INFO - Setting next_dagrun for dataset_produces_2 to None, run_after=None
[2024-08-01T20:03:52.225+0000] {processor.py:183} INFO - Processing /home/airflow/.local/lib/python3.12/site-packages/airflow/example_dags/example_datasets.py took 0.172 seconds
[2024-08-01T20:04:22.572+0000] {processor.py:161} INFO - Started process (PID=305) to work on /home/airflow/.local/lib/python3.12/site-packages/airflow/example_dags/example_datasets.py
[2024-08-01T20:04:22.572+0000] {processor.py:830} INFO - Processing file /home/airflow/.local/lib/python3.12/site-packages/airflow/example_dags/example_datasets.py for tasks to queue
[2024-08-01T20:04:22.574+0000] {logging_mixin.py:188} INFO - [2024-08-01T20:04:22.574+0000] {dagbag.py:545} INFO - Filling up the DagBag from /home/airflow/.local/lib/python3.12/site-packages/airflow/example_dags/example_datasets.py
[2024-08-01T20:04:22.590+0000] {processor.py:840} INFO - DAG(s) 'dataset_consumes_1', 'conditional_dataset_and_time_based_timetable', 'dataset_produces_2', 'dataset_consumes_unknown_never_scheduled', 'consume_1_and_2_with_dataset_expressions', 'consume_1_or_both_2_and_3_with_dataset_expressions', 'dataset_consumes_1_never_scheduled', 'dataset_produces_1', 'consume_1_or_2_with_dataset_expressions', 'dataset_consumes_1_and_2' retrieved from /home/airflow/.local/lib/python3.12/site-packages/airflow/example_dags/example_datasets.py
[2024-08-01T20:04:22.638+0000] {logging_mixin.py:188} INFO - [2024-08-01T20:04:22.638+0000] {dag.py:3089} INFO - Sync 10 DAGs
[2024-08-01T20:04:22.670+0000] {logging_mixin.py:188} INFO - [2024-08-01T20:04:22.670+0000] {dag.py:3947} INFO - Setting next_dagrun for conditional_dataset_and_time_based_timetable to 2024-07-31 01:00:00+00:00, run_after=2024-07-31 01:00:00+00:00
[2024-08-01T20:04:22.675+0000] {logging_mixin.py:188} INFO - [2024-08-01T20:04:22.674+0000] {dag.py:3947} INFO - Setting next_dagrun for consume_1_and_2_with_dataset_expressions to None, run_after=None
[2024-08-01T20:04:22.676+0000] {logging_mixin.py:188} INFO - [2024-08-01T20:04:22.676+0000] {dag.py:3947} INFO - Setting next_dagrun for consume_1_or_2_with_dataset_expressions to None, run_after=None
[2024-08-01T20:04:22.677+0000] {logging_mixin.py:188} INFO - [2024-08-01T20:04:22.677+0000] {dag.py:3947} INFO - Setting next_dagrun for consume_1_or_both_2_and_3_with_dataset_expressions to None, run_after=None
[2024-08-01T20:04:22.678+0000] {logging_mixin.py:188} INFO - [2024-08-01T20:04:22.678+0000] {dag.py:3947} INFO - Setting next_dagrun for dataset_consumes_1 to None, run_after=None
[2024-08-01T20:04:22.679+0000] {logging_mixin.py:188} INFO - [2024-08-01T20:04:22.679+0000] {dag.py:3947} INFO - Setting next_dagrun for dataset_consumes_1_and_2 to None, run_after=None
[2024-08-01T20:04:22.681+0000] {logging_mixin.py:188} INFO - [2024-08-01T20:04:22.680+0000] {dag.py:3947} INFO - Setting next_dagrun for dataset_consumes_1_never_scheduled to None, run_after=None
[2024-08-01T20:04:22.682+0000] {logging_mixin.py:188} INFO - [2024-08-01T20:04:22.681+0000] {dag.py:3947} INFO - Setting next_dagrun for dataset_consumes_unknown_never_scheduled to None, run_after=None
[2024-08-01T20:04:22.684+0000] {logging_mixin.py:188} INFO - [2024-08-01T20:04:22.684+0000] {dag.py:3947} INFO - Setting next_dagrun for dataset_produces_1 to 2024-07-31 00:00:00+00:00, run_after=2024-08-01 00:00:00+00:00
[2024-08-01T20:04:22.685+0000] {logging_mixin.py:188} INFO - [2024-08-01T20:04:22.685+0000] {dag.py:3947} INFO - Setting next_dagrun for dataset_produces_2 to None, run_after=None
[2024-08-01T20:04:22.726+0000] {processor.py:183} INFO - Processing /home/airflow/.local/lib/python3.12/site-packages/airflow/example_dags/example_datasets.py took 0.160 seconds
[2024-08-01T20:04:53.150+0000] {processor.py:161} INFO - Started process (PID=363) to work on /home/airflow/.local/lib/python3.12/site-packages/airflow/example_dags/example_datasets.py
[2024-08-01T20:04:53.151+0000] {processor.py:830} INFO - Processing file /home/airflow/.local/lib/python3.12/site-packages/airflow/example_dags/example_datasets.py for tasks to queue
[2024-08-01T20:04:53.152+0000] {logging_mixin.py:188} INFO - [2024-08-01T20:04:53.152+0000] {dagbag.py:545} INFO - Filling up the DagBag from /home/airflow/.local/lib/python3.12/site-packages/airflow/example_dags/example_datasets.py
[2024-08-01T20:04:53.165+0000] {processor.py:840} INFO - DAG(s) 'consume_1_or_2_with_dataset_expressions', 'dataset_consumes_1_never_scheduled', 'conditional_dataset_and_time_based_timetable', 'consume_1_and_2_with_dataset_expressions', 'dataset_consumes_1_and_2', 'dataset_consumes_1', 'dataset_produces_2', 'consume_1_or_both_2_and_3_with_dataset_expressions', 'dataset_produces_1', 'dataset_consumes_unknown_never_scheduled' retrieved from /home/airflow/.local/lib/python3.12/site-packages/airflow/example_dags/example_datasets.py
[2024-08-01T20:04:53.215+0000] {logging_mixin.py:188} INFO - [2024-08-01T20:04:53.214+0000] {dag.py:3089} INFO - Sync 10 DAGs
[2024-08-01T20:04:53.240+0000] {logging_mixin.py:188} INFO - [2024-08-01T20:04:53.240+0000] {dag.py:3947} INFO - Setting next_dagrun for conditional_dataset_and_time_based_timetable to 2024-07-31 01:00:00+00:00, run_after=2024-07-31 01:00:00+00:00
[2024-08-01T20:04:53.245+0000] {logging_mixin.py:188} INFO - [2024-08-01T20:04:53.244+0000] {dag.py:3947} INFO - Setting next_dagrun for consume_1_and_2_with_dataset_expressions to None, run_after=None
[2024-08-01T20:04:53.246+0000] {logging_mixin.py:188} INFO - [2024-08-01T20:04:53.246+0000] {dag.py:3947} INFO - Setting next_dagrun for consume_1_or_2_with_dataset_expressions to None, run_after=None
[2024-08-01T20:04:53.247+0000] {logging_mixin.py:188} INFO - [2024-08-01T20:04:53.247+0000] {dag.py:3947} INFO - Setting next_dagrun for consume_1_or_both_2_and_3_with_dataset_expressions to None, run_after=None
[2024-08-01T20:04:53.248+0000] {logging_mixin.py:188} INFO - [2024-08-01T20:04:53.248+0000] {dag.py:3947} INFO - Setting next_dagrun for dataset_consumes_1 to None, run_after=None
[2024-08-01T20:04:53.249+0000] {logging_mixin.py:188} INFO - [2024-08-01T20:04:53.249+0000] {dag.py:3947} INFO - Setting next_dagrun for dataset_consumes_1_and_2 to None, run_after=None
[2024-08-01T20:04:53.251+0000] {logging_mixin.py:188} INFO - [2024-08-01T20:04:53.250+0000] {dag.py:3947} INFO - Setting next_dagrun for dataset_consumes_1_never_scheduled to None, run_after=None
[2024-08-01T20:04:53.252+0000] {logging_mixin.py:188} INFO - [2024-08-01T20:04:53.252+0000] {dag.py:3947} INFO - Setting next_dagrun for dataset_consumes_unknown_never_scheduled to None, run_after=None
[2024-08-01T20:04:53.254+0000] {logging_mixin.py:188} INFO - [2024-08-01T20:04:53.254+0000] {dag.py:3947} INFO - Setting next_dagrun for dataset_produces_1 to 2024-07-31 00:00:00+00:00, run_after=2024-08-01 00:00:00+00:00
[2024-08-01T20:04:53.255+0000] {logging_mixin.py:188} INFO - [2024-08-01T20:04:53.255+0000] {dag.py:3947} INFO - Setting next_dagrun for dataset_produces_2 to None, run_after=None
[2024-08-01T20:04:53.291+0000] {processor.py:183} INFO - Processing /home/airflow/.local/lib/python3.12/site-packages/airflow/example_dags/example_datasets.py took 0.146 seconds
[2024-08-01T20:05:23.904+0000] {processor.py:161} INFO - Started process (PID=421) to work on /home/airflow/.local/lib/python3.12/site-packages/airflow/example_dags/example_datasets.py
[2024-08-01T20:05:23.905+0000] {processor.py:830} INFO - Processing file /home/airflow/.local/lib/python3.12/site-packages/airflow/example_dags/example_datasets.py for tasks to queue
[2024-08-01T20:05:23.906+0000] {logging_mixin.py:188} INFO - [2024-08-01T20:05:23.906+0000] {dagbag.py:545} INFO - Filling up the DagBag from /home/airflow/.local/lib/python3.12/site-packages/airflow/example_dags/example_datasets.py
[2024-08-01T20:05:23.918+0000] {processor.py:840} INFO - DAG(s) 'dataset_consumes_1_and_2', 'conditional_dataset_and_time_based_timetable', 'consume_1_and_2_with_dataset_expressions', 'dataset_produces_2', 'dataset_consumes_unknown_never_scheduled', 'dataset_consumes_1_never_scheduled', 'consume_1_or_both_2_and_3_with_dataset_expressions', 'consume_1_or_2_with_dataset_expressions', 'dataset_consumes_1', 'dataset_produces_1' retrieved from /home/airflow/.local/lib/python3.12/site-packages/airflow/example_dags/example_datasets.py
[2024-08-01T20:05:23.960+0000] {logging_mixin.py:188} INFO - [2024-08-01T20:05:23.960+0000] {dag.py:3089} INFO - Sync 10 DAGs
[2024-08-01T20:05:23.984+0000] {logging_mixin.py:188} INFO - [2024-08-01T20:05:23.984+0000] {dag.py:3947} INFO - Setting next_dagrun for conditional_dataset_and_time_based_timetable to 2024-07-31 01:00:00+00:00, run_after=2024-07-31 01:00:00+00:00
[2024-08-01T20:05:23.988+0000] {logging_mixin.py:188} INFO - [2024-08-01T20:05:23.988+0000] {dag.py:3947} INFO - Setting next_dagrun for consume_1_and_2_with_dataset_expressions to None, run_after=None
[2024-08-01T20:05:23.989+0000] {logging_mixin.py:188} INFO - [2024-08-01T20:05:23.989+0000] {dag.py:3947} INFO - Setting next_dagrun for consume_1_or_2_with_dataset_expressions to None, run_after=None
[2024-08-01T20:05:23.990+0000] {logging_mixin.py:188} INFO - [2024-08-01T20:05:23.990+0000] {dag.py:3947} INFO - Setting next_dagrun for consume_1_or_both_2_and_3_with_dataset_expressions to None, run_after=None
[2024-08-01T20:05:23.991+0000] {logging_mixin.py:188} INFO - [2024-08-01T20:05:23.991+0000] {dag.py:3947} INFO - Setting next_dagrun for dataset_consumes_1 to None, run_after=None
[2024-08-01T20:05:23.992+0000] {logging_mixin.py:188} INFO - [2024-08-01T20:05:23.992+0000] {dag.py:3947} INFO - Setting next_dagrun for dataset_consumes_1_and_2 to None, run_after=None
[2024-08-01T20:05:23.993+0000] {logging_mixin.py:188} INFO - [2024-08-01T20:05:23.993+0000] {dag.py:3947} INFO - Setting next_dagrun for dataset_consumes_1_never_scheduled to None, run_after=None
[2024-08-01T20:05:23.994+0000] {logging_mixin.py:188} INFO - [2024-08-01T20:05:23.994+0000] {dag.py:3947} INFO - Setting next_dagrun for dataset_consumes_unknown_never_scheduled to None, run_after=None
[2024-08-01T20:05:23.996+0000] {logging_mixin.py:188} INFO - [2024-08-01T20:05:23.996+0000] {dag.py:3947} INFO - Setting next_dagrun for dataset_produces_1 to 2024-07-31 00:00:00+00:00, run_after=2024-08-01 00:00:00+00:00
[2024-08-01T20:05:23.998+0000] {logging_mixin.py:188} INFO - [2024-08-01T20:05:23.998+0000] {dag.py:3947} INFO - Setting next_dagrun for dataset_produces_2 to None, run_after=None
[2024-08-01T20:05:24.029+0000] {processor.py:183} INFO - Processing /home/airflow/.local/lib/python3.12/site-packages/airflow/example_dags/example_datasets.py took 0.130 seconds
[2024-08-01T20:05:54.177+0000] {processor.py:161} INFO - Started process (PID=480) to work on /home/airflow/.local/lib/python3.12/site-packages/airflow/example_dags/example_datasets.py
[2024-08-01T20:05:54.178+0000] {processor.py:830} INFO - Processing file /home/airflow/.local/lib/python3.12/site-packages/airflow/example_dags/example_datasets.py for tasks to queue
[2024-08-01T20:05:54.180+0000] {logging_mixin.py:188} INFO - [2024-08-01T20:05:54.180+0000] {dagbag.py:545} INFO - Filling up the DagBag from /home/airflow/.local/lib/python3.12/site-packages/airflow/example_dags/example_datasets.py
[2024-08-01T20:05:54.195+0000] {processor.py:840} INFO - DAG(s) 'dataset_consumes_unknown_never_scheduled', 'conditional_dataset_and_time_based_timetable', 'dataset_consumes_1_never_scheduled', 'dataset_consumes_1_and_2', 'consume_1_and_2_with_dataset_expressions', 'dataset_consumes_1', 'consume_1_or_2_with_dataset_expressions', 'consume_1_or_both_2_and_3_with_dataset_expressions', 'dataset_produces_1', 'dataset_produces_2' retrieved from /home/airflow/.local/lib/python3.12/site-packages/airflow/example_dags/example_datasets.py
[2024-08-01T20:05:54.245+0000] {logging_mixin.py:188} INFO - [2024-08-01T20:05:54.245+0000] {dag.py:3089} INFO - Sync 10 DAGs
[2024-08-01T20:05:54.273+0000] {logging_mixin.py:188} INFO - [2024-08-01T20:05:54.272+0000] {dag.py:3947} INFO - Setting next_dagrun for conditional_dataset_and_time_based_timetable to 2024-07-31 01:00:00+00:00, run_after=2024-07-31 01:00:00+00:00
[2024-08-01T20:05:54.277+0000] {logging_mixin.py:188} INFO - [2024-08-01T20:05:54.277+0000] {dag.py:3947} INFO - Setting next_dagrun for consume_1_and_2_with_dataset_expressions to None, run_after=None
[2024-08-01T20:05:54.279+0000] {logging_mixin.py:188} INFO - [2024-08-01T20:05:54.279+0000] {dag.py:3947} INFO - Setting next_dagrun for consume_1_or_2_with_dataset_expressions to None, run_after=None
[2024-08-01T20:05:54.280+0000] {logging_mixin.py:188} INFO - [2024-08-01T20:05:54.280+0000] {dag.py:3947} INFO - Setting next_dagrun for consume_1_or_both_2_and_3_with_dataset_expressions to None, run_after=None
[2024-08-01T20:05:54.281+0000] {logging_mixin.py:188} INFO - [2024-08-01T20:05:54.281+0000] {dag.py:3947} INFO - Setting next_dagrun for dataset_consumes_1 to None, run_after=None
[2024-08-01T20:05:54.283+0000] {logging_mixin.py:188} INFO - [2024-08-01T20:05:54.283+0000] {dag.py:3947} INFO - Setting next_dagrun for dataset_consumes_1_and_2 to None, run_after=None
[2024-08-01T20:05:54.284+0000] {logging_mixin.py:188} INFO - [2024-08-01T20:05:54.284+0000] {dag.py:3947} INFO - Setting next_dagrun for dataset_consumes_1_never_scheduled to None, run_after=None
[2024-08-01T20:05:54.286+0000] {logging_mixin.py:188} INFO - [2024-08-01T20:05:54.285+0000] {dag.py:3947} INFO - Setting next_dagrun for dataset_consumes_unknown_never_scheduled to None, run_after=None
[2024-08-01T20:05:54.288+0000] {logging_mixin.py:188} INFO - [2024-08-01T20:05:54.288+0000] {dag.py:3947} INFO - Setting next_dagrun for dataset_produces_1 to 2024-07-31 00:00:00+00:00, run_after=2024-08-01 00:00:00+00:00
[2024-08-01T20:05:54.290+0000] {logging_mixin.py:188} INFO - [2024-08-01T20:05:54.290+0000] {dag.py:3947} INFO - Setting next_dagrun for dataset_produces_2 to None, run_after=None
[2024-08-01T20:05:54.323+0000] {processor.py:183} INFO - Processing /home/airflow/.local/lib/python3.12/site-packages/airflow/example_dags/example_datasets.py took 0.150 seconds
[2024-08-01T20:06:34.688+0000] {processor.py:161} INFO - Started process (PID=67) to work on /home/airflow/.local/lib/python3.12/site-packages/airflow/example_dags/example_datasets.py
[2024-08-01T20:06:34.689+0000] {processor.py:830} INFO - Processing file /home/airflow/.local/lib/python3.12/site-packages/airflow/example_dags/example_datasets.py for tasks to queue
[2024-08-01T20:06:34.691+0000] {logging_mixin.py:188} INFO - [2024-08-01T20:06:34.691+0000] {dagbag.py:545} INFO - Filling up the DagBag from /home/airflow/.local/lib/python3.12/site-packages/airflow/example_dags/example_datasets.py
[2024-08-01T20:06:34.705+0000] {processor.py:840} INFO - DAG(s) 'consume_1_and_2_with_dataset_expressions', 'consume_1_or_both_2_and_3_with_dataset_expressions', 'dataset_consumes_unknown_never_scheduled', 'dataset_consumes_1_never_scheduled', 'conditional_dataset_and_time_based_timetable', 'dataset_produces_1', 'dataset_consumes_1_and_2', 'dataset_consumes_1', 'dataset_produces_2', 'consume_1_or_2_with_dataset_expressions' retrieved from /home/airflow/.local/lib/python3.12/site-packages/airflow/example_dags/example_datasets.py
[2024-08-01T20:06:34.752+0000] {logging_mixin.py:188} INFO - [2024-08-01T20:06:34.752+0000] {dag.py:3089} INFO - Sync 10 DAGs
[2024-08-01T20:06:34.774+0000] {logging_mixin.py:188} INFO - [2024-08-01T20:06:34.774+0000] {dag.py:3947} INFO - Setting next_dagrun for conditional_dataset_and_time_based_timetable to 2024-07-31 01:00:00+00:00, run_after=2024-07-31 01:00:00+00:00
[2024-08-01T20:06:34.778+0000] {logging_mixin.py:188} INFO - [2024-08-01T20:06:34.778+0000] {dag.py:3947} INFO - Setting next_dagrun for consume_1_and_2_with_dataset_expressions to None, run_after=None
[2024-08-01T20:06:34.779+0000] {logging_mixin.py:188} INFO - [2024-08-01T20:06:34.779+0000] {dag.py:3947} INFO - Setting next_dagrun for consume_1_or_2_with_dataset_expressions to None, run_after=None
[2024-08-01T20:06:34.780+0000] {logging_mixin.py:188} INFO - [2024-08-01T20:06:34.780+0000] {dag.py:3947} INFO - Setting next_dagrun for consume_1_or_both_2_and_3_with_dataset_expressions to None, run_after=None
[2024-08-01T20:06:34.781+0000] {logging_mixin.py:188} INFO - [2024-08-01T20:06:34.781+0000] {dag.py:3947} INFO - Setting next_dagrun for dataset_consumes_1 to None, run_after=None
[2024-08-01T20:06:34.782+0000] {logging_mixin.py:188} INFO - [2024-08-01T20:06:34.782+0000] {dag.py:3947} INFO - Setting next_dagrun for dataset_consumes_1_and_2 to None, run_after=None
[2024-08-01T20:06:34.783+0000] {logging_mixin.py:188} INFO - [2024-08-01T20:06:34.783+0000] {dag.py:3947} INFO - Setting next_dagrun for dataset_consumes_1_never_scheduled to None, run_after=None
[2024-08-01T20:06:34.785+0000] {logging_mixin.py:188} INFO - [2024-08-01T20:06:34.784+0000] {dag.py:3947} INFO - Setting next_dagrun for dataset_consumes_unknown_never_scheduled to None, run_after=None
[2024-08-01T20:06:34.788+0000] {logging_mixin.py:188} INFO - [2024-08-01T20:06:34.788+0000] {dag.py:3947} INFO - Setting next_dagrun for dataset_produces_1 to 2024-07-31 00:00:00+00:00, run_after=2024-08-01 00:00:00+00:00
[2024-08-01T20:06:34.789+0000] {logging_mixin.py:188} INFO - [2024-08-01T20:06:34.789+0000] {dag.py:3947} INFO - Setting next_dagrun for dataset_produces_2 to None, run_after=None
[2024-08-01T20:06:34.824+0000] {processor.py:183} INFO - Processing /home/airflow/.local/lib/python3.12/site-packages/airflow/example_dags/example_datasets.py took 0.140 seconds
[2024-08-01T20:07:05.723+0000] {processor.py:161} INFO - Started process (PID=125) to work on /home/airflow/.local/lib/python3.12/site-packages/airflow/example_dags/example_datasets.py
[2024-08-01T20:07:05.725+0000] {processor.py:830} INFO - Processing file /home/airflow/.local/lib/python3.12/site-packages/airflow/example_dags/example_datasets.py for tasks to queue
[2024-08-01T20:07:05.726+0000] {logging_mixin.py:188} INFO - [2024-08-01T20:07:05.726+0000] {dagbag.py:545} INFO - Filling up the DagBag from /home/airflow/.local/lib/python3.12/site-packages/airflow/example_dags/example_datasets.py
[2024-08-01T20:07:05.756+0000] {processor.py:840} INFO - DAG(s) 'consume_1_and_2_with_dataset_expressions', 'dataset_produces_1', 'dataset_consumes_1_and_2', 'dataset_consumes_1_never_scheduled', 'conditional_dataset_and_time_based_timetable', 'dataset_consumes_1', 'consume_1_or_2_with_dataset_expressions', 'consume_1_or_both_2_and_3_with_dataset_expressions', 'dataset_produces_2', 'dataset_consumes_unknown_never_scheduled' retrieved from /home/airflow/.local/lib/python3.12/site-packages/airflow/example_dags/example_datasets.py
[2024-08-01T20:07:05.870+0000] {logging_mixin.py:188} INFO - [2024-08-01T20:07:05.860+0000] {dag.py:3089} INFO - Sync 10 DAGs
[2024-08-01T20:07:05.927+0000] {logging_mixin.py:188} INFO - [2024-08-01T20:07:05.927+0000] {dag.py:3947} INFO - Setting next_dagrun for conditional_dataset_and_time_based_timetable to 2024-07-31 01:00:00+00:00, run_after=2024-07-31 01:00:00+00:00
[2024-08-01T20:07:05.933+0000] {logging_mixin.py:188} INFO - [2024-08-01T20:07:05.933+0000] {dag.py:3947} INFO - Setting next_dagrun for consume_1_and_2_with_dataset_expressions to None, run_after=None
[2024-08-01T20:07:05.939+0000] {logging_mixin.py:188} INFO - [2024-08-01T20:07:05.935+0000] {dag.py:3947} INFO - Setting next_dagrun for consume_1_or_2_with_dataset_expressions to None, run_after=None
[2024-08-01T20:07:05.952+0000] {logging_mixin.py:188} INFO - [2024-08-01T20:07:05.951+0000] {dag.py:3947} INFO - Setting next_dagrun for consume_1_or_both_2_and_3_with_dataset_expressions to None, run_after=None
[2024-08-01T20:07:05.953+0000] {logging_mixin.py:188} INFO - [2024-08-01T20:07:05.953+0000] {dag.py:3947} INFO - Setting next_dagrun for dataset_consumes_1 to None, run_after=None
[2024-08-01T20:07:05.954+0000] {logging_mixin.py:188} INFO - [2024-08-01T20:07:05.954+0000] {dag.py:3947} INFO - Setting next_dagrun for dataset_consumes_1_and_2 to None, run_after=None
[2024-08-01T20:07:05.955+0000] {logging_mixin.py:188} INFO - [2024-08-01T20:07:05.955+0000] {dag.py:3947} INFO - Setting next_dagrun for dataset_consumes_1_never_scheduled to None, run_after=None
[2024-08-01T20:07:05.956+0000] {logging_mixin.py:188} INFO - [2024-08-01T20:07:05.956+0000] {dag.py:3947} INFO - Setting next_dagrun for dataset_consumes_unknown_never_scheduled to None, run_after=None
[2024-08-01T20:07:05.959+0000] {logging_mixin.py:188} INFO - [2024-08-01T20:07:05.958+0000] {dag.py:3947} INFO - Setting next_dagrun for dataset_produces_1 to 2024-07-31 00:00:00+00:00, run_after=2024-08-01 00:00:00+00:00
[2024-08-01T20:07:05.960+0000] {logging_mixin.py:188} INFO - [2024-08-01T20:07:05.960+0000] {dag.py:3947} INFO - Setting next_dagrun for dataset_produces_2 to None, run_after=None
[2024-08-01T20:07:05.999+0000] {processor.py:183} INFO - Processing /home/airflow/.local/lib/python3.12/site-packages/airflow/example_dags/example_datasets.py took 0.282 seconds
[2024-08-01T20:07:36.874+0000] {processor.py:161} INFO - Started process (PID=183) to work on /home/airflow/.local/lib/python3.12/site-packages/airflow/example_dags/example_datasets.py
[2024-08-01T20:07:36.875+0000] {processor.py:830} INFO - Processing file /home/airflow/.local/lib/python3.12/site-packages/airflow/example_dags/example_datasets.py for tasks to queue
[2024-08-01T20:07:36.877+0000] {logging_mixin.py:188} INFO - [2024-08-01T20:07:36.876+0000] {dagbag.py:545} INFO - Filling up the DagBag from /home/airflow/.local/lib/python3.12/site-packages/airflow/example_dags/example_datasets.py
[2024-08-01T20:07:36.892+0000] {processor.py:840} INFO - DAG(s) 'consume_1_and_2_with_dataset_expressions', 'dataset_consumes_1_and_2', 'dataset_produces_2', 'conditional_dataset_and_time_based_timetable', 'dataset_consumes_unknown_never_scheduled', 'consume_1_or_both_2_and_3_with_dataset_expressions', 'dataset_produces_1', 'consume_1_or_2_with_dataset_expressions', 'dataset_consumes_1_never_scheduled', 'dataset_consumes_1' retrieved from /home/airflow/.local/lib/python3.12/site-packages/airflow/example_dags/example_datasets.py
[2024-08-01T20:07:36.935+0000] {logging_mixin.py:188} INFO - [2024-08-01T20:07:36.935+0000] {dag.py:3089} INFO - Sync 10 DAGs
[2024-08-01T20:07:36.962+0000] {logging_mixin.py:188} INFO - [2024-08-01T20:07:36.962+0000] {dag.py:3947} INFO - Setting next_dagrun for conditional_dataset_and_time_based_timetable to 2024-07-31 01:00:00+00:00, run_after=2024-07-31 01:00:00+00:00
[2024-08-01T20:07:36.966+0000] {logging_mixin.py:188} INFO - [2024-08-01T20:07:36.966+0000] {dag.py:3947} INFO - Setting next_dagrun for consume_1_and_2_with_dataset_expressions to None, run_after=None
[2024-08-01T20:07:36.969+0000] {logging_mixin.py:188} INFO - [2024-08-01T20:07:36.968+0000] {dag.py:3947} INFO - Setting next_dagrun for consume_1_or_2_with_dataset_expressions to None, run_after=None
[2024-08-01T20:07:36.971+0000] {logging_mixin.py:188} INFO - [2024-08-01T20:07:36.970+0000] {dag.py:3947} INFO - Setting next_dagrun for consume_1_or_both_2_and_3_with_dataset_expressions to None, run_after=None
[2024-08-01T20:07:36.972+0000] {logging_mixin.py:188} INFO - [2024-08-01T20:07:36.972+0000] {dag.py:3947} INFO - Setting next_dagrun for dataset_consumes_1 to None, run_after=None
[2024-08-01T20:07:36.974+0000] {logging_mixin.py:188} INFO - [2024-08-01T20:07:36.973+0000] {dag.py:3947} INFO - Setting next_dagrun for dataset_consumes_1_and_2 to None, run_after=None
[2024-08-01T20:07:36.975+0000] {logging_mixin.py:188} INFO - [2024-08-01T20:07:36.974+0000] {dag.py:3947} INFO - Setting next_dagrun for dataset_consumes_1_never_scheduled to None, run_after=None
[2024-08-01T20:07:36.976+0000] {logging_mixin.py:188} INFO - [2024-08-01T20:07:36.975+0000] {dag.py:3947} INFO - Setting next_dagrun for dataset_consumes_unknown_never_scheduled to None, run_after=None
[2024-08-01T20:07:36.978+0000] {logging_mixin.py:188} INFO - [2024-08-01T20:07:36.978+0000] {dag.py:3947} INFO - Setting next_dagrun for dataset_produces_1 to 2024-07-31 00:00:00+00:00, run_after=2024-08-01 00:00:00+00:00
[2024-08-01T20:07:36.979+0000] {logging_mixin.py:188} INFO - [2024-08-01T20:07:36.979+0000] {dag.py:3947} INFO - Setting next_dagrun for dataset_produces_2 to None, run_after=None
[2024-08-01T20:07:37.015+0000] {processor.py:183} INFO - Processing /home/airflow/.local/lib/python3.12/site-packages/airflow/example_dags/example_datasets.py took 0.146 seconds
[2024-08-01T20:08:07.256+0000] {processor.py:161} INFO - Started process (PID=241) to work on /home/airflow/.local/lib/python3.12/site-packages/airflow/example_dags/example_datasets.py
[2024-08-01T20:08:07.257+0000] {processor.py:830} INFO - Processing file /home/airflow/.local/lib/python3.12/site-packages/airflow/example_dags/example_datasets.py for tasks to queue
[2024-08-01T20:08:07.258+0000] {logging_mixin.py:188} INFO - [2024-08-01T20:08:07.258+0000] {dagbag.py:545} INFO - Filling up the DagBag from /home/airflow/.local/lib/python3.12/site-packages/airflow/example_dags/example_datasets.py
[2024-08-01T20:08:07.272+0000] {processor.py:840} INFO - DAG(s) 'dataset_produces_1', 'dataset_produces_2', 'dataset_consumes_1_never_scheduled', 'dataset_consumes_1_and_2', 'dataset_consumes_1', 'consume_1_or_2_with_dataset_expressions', 'conditional_dataset_and_time_based_timetable', 'consume_1_or_both_2_and_3_with_dataset_expressions', 'dataset_consumes_unknown_never_scheduled', 'consume_1_and_2_with_dataset_expressions' retrieved from /home/airflow/.local/lib/python3.12/site-packages/airflow/example_dags/example_datasets.py
[2024-08-01T20:08:07.318+0000] {logging_mixin.py:188} INFO - [2024-08-01T20:08:07.318+0000] {dag.py:3089} INFO - Sync 10 DAGs
[2024-08-01T20:08:07.344+0000] {logging_mixin.py:188} INFO - [2024-08-01T20:08:07.344+0000] {dag.py:3947} INFO - Setting next_dagrun for conditional_dataset_and_time_based_timetable to 2024-07-31 01:00:00+00:00, run_after=2024-07-31 01:00:00+00:00
[2024-08-01T20:08:07.348+0000] {logging_mixin.py:188} INFO - [2024-08-01T20:08:07.348+0000] {dag.py:3947} INFO - Setting next_dagrun for consume_1_and_2_with_dataset_expressions to None, run_after=None
[2024-08-01T20:08:07.349+0000] {logging_mixin.py:188} INFO - [2024-08-01T20:08:07.349+0000] {dag.py:3947} INFO - Setting next_dagrun for consume_1_or_2_with_dataset_expressions to None, run_after=None
[2024-08-01T20:08:07.350+0000] {logging_mixin.py:188} INFO - [2024-08-01T20:08:07.350+0000] {dag.py:3947} INFO - Setting next_dagrun for consume_1_or_both_2_and_3_with_dataset_expressions to None, run_after=None
[2024-08-01T20:08:07.352+0000] {logging_mixin.py:188} INFO - [2024-08-01T20:08:07.352+0000] {dag.py:3947} INFO - Setting next_dagrun for dataset_consumes_1 to None, run_after=None
[2024-08-01T20:08:07.353+0000] {logging_mixin.py:188} INFO - [2024-08-01T20:08:07.353+0000] {dag.py:3947} INFO - Setting next_dagrun for dataset_consumes_1_and_2 to None, run_after=None
[2024-08-01T20:08:07.354+0000] {logging_mixin.py:188} INFO - [2024-08-01T20:08:07.354+0000] {dag.py:3947} INFO - Setting next_dagrun for dataset_consumes_1_never_scheduled to None, run_after=None
[2024-08-01T20:08:07.355+0000] {logging_mixin.py:188} INFO - [2024-08-01T20:08:07.355+0000] {dag.py:3947} INFO - Setting next_dagrun for dataset_consumes_unknown_never_scheduled to None, run_after=None
[2024-08-01T20:08:07.358+0000] {logging_mixin.py:188} INFO - [2024-08-01T20:08:07.358+0000] {dag.py:3947} INFO - Setting next_dagrun for dataset_produces_1 to 2024-07-31 00:00:00+00:00, run_after=2024-08-01 00:00:00+00:00
[2024-08-01T20:08:07.359+0000] {logging_mixin.py:188} INFO - [2024-08-01T20:08:07.359+0000] {dag.py:3947} INFO - Setting next_dagrun for dataset_produces_2 to None, run_after=None
[2024-08-01T20:08:07.397+0000] {processor.py:183} INFO - Processing /home/airflow/.local/lib/python3.12/site-packages/airflow/example_dags/example_datasets.py took 0.147 seconds
[2024-08-01T20:08:37.726+0000] {processor.py:161} INFO - Started process (PID=299) to work on /home/airflow/.local/lib/python3.12/site-packages/airflow/example_dags/example_datasets.py
[2024-08-01T20:08:37.727+0000] {processor.py:830} INFO - Processing file /home/airflow/.local/lib/python3.12/site-packages/airflow/example_dags/example_datasets.py for tasks to queue
[2024-08-01T20:08:37.728+0000] {logging_mixin.py:188} INFO - [2024-08-01T20:08:37.728+0000] {dagbag.py:545} INFO - Filling up the DagBag from /home/airflow/.local/lib/python3.12/site-packages/airflow/example_dags/example_datasets.py
[2024-08-01T20:08:37.744+0000] {processor.py:840} INFO - DAG(s) 'consume_1_or_2_with_dataset_expressions', 'dataset_produces_1', 'consume_1_or_both_2_and_3_with_dataset_expressions', 'dataset_produces_2', 'dataset_consumes_1_never_scheduled', 'dataset_consumes_1_and_2', 'dataset_consumes_1', 'dataset_consumes_unknown_never_scheduled', 'conditional_dataset_and_time_based_timetable', 'consume_1_and_2_with_dataset_expressions' retrieved from /home/airflow/.local/lib/python3.12/site-packages/airflow/example_dags/example_datasets.py
[2024-08-01T20:08:37.788+0000] {logging_mixin.py:188} INFO - [2024-08-01T20:08:37.788+0000] {dag.py:3089} INFO - Sync 10 DAGs
[2024-08-01T20:08:37.814+0000] {logging_mixin.py:188} INFO - [2024-08-01T20:08:37.814+0000] {dag.py:3947} INFO - Setting next_dagrun for conditional_dataset_and_time_based_timetable to 2024-07-31 01:00:00+00:00, run_after=2024-07-31 01:00:00+00:00
[2024-08-01T20:08:37.817+0000] {logging_mixin.py:188} INFO - [2024-08-01T20:08:37.817+0000] {dag.py:3947} INFO - Setting next_dagrun for consume_1_and_2_with_dataset_expressions to None, run_after=None
[2024-08-01T20:08:37.819+0000] {logging_mixin.py:188} INFO - [2024-08-01T20:08:37.818+0000] {dag.py:3947} INFO - Setting next_dagrun for consume_1_or_2_with_dataset_expressions to None, run_after=None
[2024-08-01T20:08:37.820+0000] {logging_mixin.py:188} INFO - [2024-08-01T20:08:37.820+0000] {dag.py:3947} INFO - Setting next_dagrun for consume_1_or_both_2_and_3_with_dataset_expressions to None, run_after=None
[2024-08-01T20:08:37.821+0000] {logging_mixin.py:188} INFO - [2024-08-01T20:08:37.821+0000] {dag.py:3947} INFO - Setting next_dagrun for dataset_consumes_1 to None, run_after=None
[2024-08-01T20:08:37.822+0000] {logging_mixin.py:188} INFO - [2024-08-01T20:08:37.822+0000] {dag.py:3947} INFO - Setting next_dagrun for dataset_consumes_1_and_2 to None, run_after=None
[2024-08-01T20:08:37.823+0000] {logging_mixin.py:188} INFO - [2024-08-01T20:08:37.823+0000] {dag.py:3947} INFO - Setting next_dagrun for dataset_consumes_1_never_scheduled to None, run_after=None
[2024-08-01T20:08:37.825+0000] {logging_mixin.py:188} INFO - [2024-08-01T20:08:37.825+0000] {dag.py:3947} INFO - Setting next_dagrun for dataset_consumes_unknown_never_scheduled to None, run_after=None
[2024-08-01T20:08:37.828+0000] {logging_mixin.py:188} INFO - [2024-08-01T20:08:37.828+0000] {dag.py:3947} INFO - Setting next_dagrun for dataset_produces_1 to 2024-07-31 00:00:00+00:00, run_after=2024-08-01 00:00:00+00:00
[2024-08-01T20:08:37.830+0000] {logging_mixin.py:188} INFO - [2024-08-01T20:08:37.829+0000] {dag.py:3947} INFO - Setting next_dagrun for dataset_produces_2 to None, run_after=None
[2024-08-01T20:08:37.863+0000] {processor.py:183} INFO - Processing /home/airflow/.local/lib/python3.12/site-packages/airflow/example_dags/example_datasets.py took 0.142 seconds
[2024-08-01T20:09:08.045+0000] {processor.py:161} INFO - Started process (PID=357) to work on /home/airflow/.local/lib/python3.12/site-packages/airflow/example_dags/example_datasets.py
[2024-08-01T20:09:08.046+0000] {processor.py:830} INFO - Processing file /home/airflow/.local/lib/python3.12/site-packages/airflow/example_dags/example_datasets.py for tasks to queue
[2024-08-01T20:09:08.048+0000] {logging_mixin.py:188} INFO - [2024-08-01T20:09:08.047+0000] {dagbag.py:545} INFO - Filling up the DagBag from /home/airflow/.local/lib/python3.12/site-packages/airflow/example_dags/example_datasets.py
[2024-08-01T20:09:08.063+0000] {processor.py:840} INFO - DAG(s) 'dataset_produces_2', 'consume_1_and_2_with_dataset_expressions', 'dataset_consumes_1', 'dataset_consumes_1_never_scheduled', 'dataset_produces_1', 'consume_1_or_2_with_dataset_expressions', 'consume_1_or_both_2_and_3_with_dataset_expressions', 'conditional_dataset_and_time_based_timetable', 'dataset_consumes_1_and_2', 'dataset_consumes_unknown_never_scheduled' retrieved from /home/airflow/.local/lib/python3.12/site-packages/airflow/example_dags/example_datasets.py
[2024-08-01T20:09:08.106+0000] {logging_mixin.py:188} INFO - [2024-08-01T20:09:08.105+0000] {dag.py:3089} INFO - Sync 10 DAGs
[2024-08-01T20:09:08.128+0000] {logging_mixin.py:188} INFO - [2024-08-01T20:09:08.128+0000] {dag.py:3947} INFO - Setting next_dagrun for conditional_dataset_and_time_based_timetable to 2024-07-31 01:00:00+00:00, run_after=2024-07-31 01:00:00+00:00
[2024-08-01T20:09:08.132+0000] {logging_mixin.py:188} INFO - [2024-08-01T20:09:08.132+0000] {dag.py:3947} INFO - Setting next_dagrun for consume_1_and_2_with_dataset_expressions to None, run_after=None
[2024-08-01T20:09:08.133+0000] {logging_mixin.py:188} INFO - [2024-08-01T20:09:08.133+0000] {dag.py:3947} INFO - Setting next_dagrun for consume_1_or_2_with_dataset_expressions to None, run_after=None
[2024-08-01T20:09:08.134+0000] {logging_mixin.py:188} INFO - [2024-08-01T20:09:08.134+0000] {dag.py:3947} INFO - Setting next_dagrun for consume_1_or_both_2_and_3_with_dataset_expressions to None, run_after=None
[2024-08-01T20:09:08.135+0000] {logging_mixin.py:188} INFO - [2024-08-01T20:09:08.135+0000] {dag.py:3947} INFO - Setting next_dagrun for dataset_consumes_1 to None, run_after=None
[2024-08-01T20:09:08.136+0000] {logging_mixin.py:188} INFO - [2024-08-01T20:09:08.136+0000] {dag.py:3947} INFO - Setting next_dagrun for dataset_consumes_1_and_2 to None, run_after=None
[2024-08-01T20:09:08.137+0000] {logging_mixin.py:188} INFO - [2024-08-01T20:09:08.137+0000] {dag.py:3947} INFO - Setting next_dagrun for dataset_consumes_1_never_scheduled to None, run_after=None
[2024-08-01T20:09:08.138+0000] {logging_mixin.py:188} INFO - [2024-08-01T20:09:08.138+0000] {dag.py:3947} INFO - Setting next_dagrun for dataset_consumes_unknown_never_scheduled to None, run_after=None
[2024-08-01T20:09:08.141+0000] {logging_mixin.py:188} INFO - [2024-08-01T20:09:08.141+0000] {dag.py:3947} INFO - Setting next_dagrun for dataset_produces_1 to 2024-07-31 00:00:00+00:00, run_after=2024-08-01 00:00:00+00:00
[2024-08-01T20:09:08.142+0000] {logging_mixin.py:188} INFO - [2024-08-01T20:09:08.142+0000] {dag.py:3947} INFO - Setting next_dagrun for dataset_produces_2 to None, run_after=None
[2024-08-01T20:09:08.174+0000] {processor.py:183} INFO - Processing /home/airflow/.local/lib/python3.12/site-packages/airflow/example_dags/example_datasets.py took 0.134 seconds
[2024-08-01T20:11:20.154+0000] {processor.py:161} INFO - Started process (PID=71) to work on /home/airflow/.local/lib/python3.12/site-packages/airflow/example_dags/example_datasets.py
[2024-08-01T20:11:20.156+0000] {processor.py:830} INFO - Processing file /home/airflow/.local/lib/python3.12/site-packages/airflow/example_dags/example_datasets.py for tasks to queue
[2024-08-01T20:11:20.159+0000] {logging_mixin.py:188} INFO - [2024-08-01T20:11:20.158+0000] {dagbag.py:545} INFO - Filling up the DagBag from /home/airflow/.local/lib/python3.12/site-packages/airflow/example_dags/example_datasets.py
[2024-08-01T20:11:20.186+0000] {processor.py:840} INFO - DAG(s) 'dataset_consumes_1', 'consume_1_and_2_with_dataset_expressions', 'dataset_produces_1', 'dataset_produces_2', 'dataset_consumes_1_and_2', 'dataset_consumes_unknown_never_scheduled', 'consume_1_or_2_with_dataset_expressions', 'consume_1_or_both_2_and_3_with_dataset_expressions', 'dataset_consumes_1_never_scheduled', 'conditional_dataset_and_time_based_timetable' retrieved from /home/airflow/.local/lib/python3.12/site-packages/airflow/example_dags/example_datasets.py
[2024-08-01T20:11:20.210+0000] {logging_mixin.py:188} INFO - [2024-08-01T20:11:20.210+0000] {dag.py:3089} INFO - Sync 10 DAGs
[2024-08-01T20:11:20.243+0000] {logging_mixin.py:188} INFO - [2024-08-01T20:11:20.243+0000] {dag.py:3947} INFO - Setting next_dagrun for conditional_dataset_and_time_based_timetable to 2024-07-31 01:00:00+00:00, run_after=2024-07-31 01:00:00+00:00
[2024-08-01T20:11:20.247+0000] {logging_mixin.py:188} INFO - [2024-08-01T20:11:20.247+0000] {dag.py:3947} INFO - Setting next_dagrun for consume_1_and_2_with_dataset_expressions to None, run_after=None
[2024-08-01T20:11:20.249+0000] {logging_mixin.py:188} INFO - [2024-08-01T20:11:20.248+0000] {dag.py:3947} INFO - Setting next_dagrun for consume_1_or_2_with_dataset_expressions to None, run_after=None
[2024-08-01T20:11:20.250+0000] {logging_mixin.py:188} INFO - [2024-08-01T20:11:20.250+0000] {dag.py:3947} INFO - Setting next_dagrun for consume_1_or_both_2_and_3_with_dataset_expressions to None, run_after=None
[2024-08-01T20:11:20.251+0000] {logging_mixin.py:188} INFO - [2024-08-01T20:11:20.251+0000] {dag.py:3947} INFO - Setting next_dagrun for dataset_consumes_1 to None, run_after=None
[2024-08-01T20:11:20.252+0000] {logging_mixin.py:188} INFO - [2024-08-01T20:11:20.252+0000] {dag.py:3947} INFO - Setting next_dagrun for dataset_consumes_1_and_2 to None, run_after=None
[2024-08-01T20:11:20.253+0000] {logging_mixin.py:188} INFO - [2024-08-01T20:11:20.253+0000] {dag.py:3947} INFO - Setting next_dagrun for dataset_consumes_1_never_scheduled to None, run_after=None
[2024-08-01T20:11:20.254+0000] {logging_mixin.py:188} INFO - [2024-08-01T20:11:20.254+0000] {dag.py:3947} INFO - Setting next_dagrun for dataset_consumes_unknown_never_scheduled to None, run_after=None
[2024-08-01T20:11:20.256+0000] {logging_mixin.py:188} INFO - [2024-08-01T20:11:20.256+0000] {dag.py:3947} INFO - Setting next_dagrun for dataset_produces_1 to 2024-07-31 00:00:00+00:00, run_after=2024-08-01 00:00:00+00:00
[2024-08-01T20:11:20.257+0000] {logging_mixin.py:188} INFO - [2024-08-01T20:11:20.257+0000] {dag.py:3947} INFO - Setting next_dagrun for dataset_produces_2 to None, run_after=None
[2024-08-01T20:11:20.298+0000] {processor.py:183} INFO - Processing /home/airflow/.local/lib/python3.12/site-packages/airflow/example_dags/example_datasets.py took 0.150 seconds
[2024-08-01T20:11:50.707+0000] {processor.py:161} INFO - Started process (PID=123) to work on /home/airflow/.local/lib/python3.12/site-packages/airflow/example_dags/example_datasets.py
[2024-08-01T20:11:50.708+0000] {processor.py:830} INFO - Processing file /home/airflow/.local/lib/python3.12/site-packages/airflow/example_dags/example_datasets.py for tasks to queue
[2024-08-01T20:11:50.709+0000] {logging_mixin.py:188} INFO - [2024-08-01T20:11:50.709+0000] {dagbag.py:545} INFO - Filling up the DagBag from /home/airflow/.local/lib/python3.12/site-packages/airflow/example_dags/example_datasets.py
[2024-08-01T20:11:50.725+0000] {processor.py:840} INFO - DAG(s) 'consume_1_or_both_2_and_3_with_dataset_expressions', 'dataset_consumes_1_never_scheduled', 'consume_1_or_2_with_dataset_expressions', 'dataset_consumes_1', 'conditional_dataset_and_time_based_timetable', 'dataset_produces_1', 'dataset_consumes_unknown_never_scheduled', 'consume_1_and_2_with_dataset_expressions', 'dataset_produces_2', 'dataset_consumes_1_and_2' retrieved from /home/airflow/.local/lib/python3.12/site-packages/airflow/example_dags/example_datasets.py
[2024-08-01T20:11:50.931+0000] {logging_mixin.py:188} INFO - [2024-08-01T20:11:50.930+0000] {dag.py:3089} INFO - Sync 10 DAGs
[2024-08-01T20:11:50.958+0000] {logging_mixin.py:188} INFO - [2024-08-01T20:11:50.958+0000] {dag.py:3947} INFO - Setting next_dagrun for conditional_dataset_and_time_based_timetable to 2024-07-31 01:00:00+00:00, run_after=2024-07-31 01:00:00+00:00
[2024-08-01T20:11:50.961+0000] {logging_mixin.py:188} INFO - [2024-08-01T20:11:50.961+0000] {dag.py:3947} INFO - Setting next_dagrun for consume_1_and_2_with_dataset_expressions to None, run_after=None
[2024-08-01T20:11:50.963+0000] {logging_mixin.py:188} INFO - [2024-08-01T20:11:50.962+0000] {dag.py:3947} INFO - Setting next_dagrun for consume_1_or_2_with_dataset_expressions to None, run_after=None
[2024-08-01T20:11:50.964+0000] {logging_mixin.py:188} INFO - [2024-08-01T20:11:50.964+0000] {dag.py:3947} INFO - Setting next_dagrun for consume_1_or_both_2_and_3_with_dataset_expressions to None, run_after=None
[2024-08-01T20:11:50.965+0000] {logging_mixin.py:188} INFO - [2024-08-01T20:11:50.965+0000] {dag.py:3947} INFO - Setting next_dagrun for dataset_consumes_1 to None, run_after=None
[2024-08-01T20:11:50.967+0000] {logging_mixin.py:188} INFO - [2024-08-01T20:11:50.966+0000] {dag.py:3947} INFO - Setting next_dagrun for dataset_consumes_1_and_2 to None, run_after=None
[2024-08-01T20:11:50.968+0000] {logging_mixin.py:188} INFO - [2024-08-01T20:11:50.967+0000] {dag.py:3947} INFO - Setting next_dagrun for dataset_consumes_1_never_scheduled to None, run_after=None
[2024-08-01T20:11:50.969+0000] {logging_mixin.py:188} INFO - [2024-08-01T20:11:50.969+0000] {dag.py:3947} INFO - Setting next_dagrun for dataset_consumes_unknown_never_scheduled to None, run_after=None
[2024-08-01T20:11:50.971+0000] {logging_mixin.py:188} INFO - [2024-08-01T20:11:50.971+0000] {dag.py:3947} INFO - Setting next_dagrun for dataset_produces_1 to 2024-07-31 00:00:00+00:00, run_after=2024-08-01 00:00:00+00:00
[2024-08-01T20:11:50.973+0000] {logging_mixin.py:188} INFO - [2024-08-01T20:11:50.973+0000] {dag.py:3947} INFO - Setting next_dagrun for dataset_produces_2 to None, run_after=None
[2024-08-01T20:11:51.012+0000] {processor.py:183} INFO - Processing /home/airflow/.local/lib/python3.12/site-packages/airflow/example_dags/example_datasets.py took 0.311 seconds
[2024-08-01T20:12:21.466+0000] {processor.py:161} INFO - Started process (PID=187) to work on /home/airflow/.local/lib/python3.12/site-packages/airflow/example_dags/example_datasets.py
[2024-08-01T20:12:21.467+0000] {processor.py:830} INFO - Processing file /home/airflow/.local/lib/python3.12/site-packages/airflow/example_dags/example_datasets.py for tasks to queue
[2024-08-01T20:12:21.469+0000] {logging_mixin.py:188} INFO - [2024-08-01T20:12:21.468+0000] {dagbag.py:545} INFO - Filling up the DagBag from /home/airflow/.local/lib/python3.12/site-packages/airflow/example_dags/example_datasets.py
[2024-08-01T20:12:21.484+0000] {processor.py:840} INFO - DAG(s) 'dataset_produces_1', 'consume_1_or_both_2_and_3_with_dataset_expressions', 'consume_1_or_2_with_dataset_expressions', 'dataset_consumes_1_and_2', 'conditional_dataset_and_time_based_timetable', 'consume_1_and_2_with_dataset_expressions', 'dataset_consumes_1_never_scheduled', 'dataset_consumes_1', 'dataset_produces_2', 'dataset_consumes_unknown_never_scheduled' retrieved from /home/airflow/.local/lib/python3.12/site-packages/airflow/example_dags/example_datasets.py
[2024-08-01T20:12:21.534+0000] {logging_mixin.py:188} INFO - [2024-08-01T20:12:21.534+0000] {dag.py:3089} INFO - Sync 10 DAGs
[2024-08-01T20:12:21.559+0000] {logging_mixin.py:188} INFO - [2024-08-01T20:12:21.559+0000] {dag.py:3947} INFO - Setting next_dagrun for conditional_dataset_and_time_based_timetable to 2024-07-31 01:00:00+00:00, run_after=2024-07-31 01:00:00+00:00
[2024-08-01T20:12:21.563+0000] {logging_mixin.py:188} INFO - [2024-08-01T20:12:21.563+0000] {dag.py:3947} INFO - Setting next_dagrun for consume_1_and_2_with_dataset_expressions to None, run_after=None
[2024-08-01T20:12:21.564+0000] {logging_mixin.py:188} INFO - [2024-08-01T20:12:21.564+0000] {dag.py:3947} INFO - Setting next_dagrun for consume_1_or_2_with_dataset_expressions to None, run_after=None
[2024-08-01T20:12:21.565+0000] {logging_mixin.py:188} INFO - [2024-08-01T20:12:21.565+0000] {dag.py:3947} INFO - Setting next_dagrun for consume_1_or_both_2_and_3_with_dataset_expressions to None, run_after=None
[2024-08-01T20:12:21.567+0000] {logging_mixin.py:188} INFO - [2024-08-01T20:12:21.566+0000] {dag.py:3947} INFO - Setting next_dagrun for dataset_consumes_1 to None, run_after=None
[2024-08-01T20:12:21.568+0000] {logging_mixin.py:188} INFO - [2024-08-01T20:12:21.568+0000] {dag.py:3947} INFO - Setting next_dagrun for dataset_consumes_1_and_2 to None, run_after=None
[2024-08-01T20:12:21.569+0000] {logging_mixin.py:188} INFO - [2024-08-01T20:12:21.569+0000] {dag.py:3947} INFO - Setting next_dagrun for dataset_consumes_1_never_scheduled to None, run_after=None
[2024-08-01T20:12:21.570+0000] {logging_mixin.py:188} INFO - [2024-08-01T20:12:21.570+0000] {dag.py:3947} INFO - Setting next_dagrun for dataset_consumes_unknown_never_scheduled to None, run_after=None
[2024-08-01T20:12:21.572+0000] {logging_mixin.py:188} INFO - [2024-08-01T20:12:21.572+0000] {dag.py:3947} INFO - Setting next_dagrun for dataset_produces_1 to 2024-07-31 00:00:00+00:00, run_after=2024-08-01 00:00:00+00:00
[2024-08-01T20:12:21.574+0000] {logging_mixin.py:188} INFO - [2024-08-01T20:12:21.574+0000] {dag.py:3947} INFO - Setting next_dagrun for dataset_produces_2 to None, run_after=None
[2024-08-01T20:12:21.609+0000] {processor.py:183} INFO - Processing /home/airflow/.local/lib/python3.12/site-packages/airflow/example_dags/example_datasets.py took 0.150 seconds
[2024-08-01T20:12:51.893+0000] {processor.py:161} INFO - Started process (PID=245) to work on /home/airflow/.local/lib/python3.12/site-packages/airflow/example_dags/example_datasets.py
[2024-08-01T20:12:51.894+0000] {processor.py:830} INFO - Processing file /home/airflow/.local/lib/python3.12/site-packages/airflow/example_dags/example_datasets.py for tasks to queue
[2024-08-01T20:12:51.895+0000] {logging_mixin.py:188} INFO - [2024-08-01T20:12:51.895+0000] {dagbag.py:545} INFO - Filling up the DagBag from /home/airflow/.local/lib/python3.12/site-packages/airflow/example_dags/example_datasets.py
[2024-08-01T20:12:51.907+0000] {processor.py:840} INFO - DAG(s) 'dataset_consumes_1_never_scheduled', 'dataset_consumes_unknown_never_scheduled', 'consume_1_or_both_2_and_3_with_dataset_expressions', 'dataset_produces_2', 'conditional_dataset_and_time_based_timetable', 'consume_1_or_2_with_dataset_expressions', 'dataset_consumes_1_and_2', 'dataset_consumes_1', 'consume_1_and_2_with_dataset_expressions', 'dataset_produces_1' retrieved from /home/airflow/.local/lib/python3.12/site-packages/airflow/example_dags/example_datasets.py
[2024-08-01T20:12:51.950+0000] {logging_mixin.py:188} INFO - [2024-08-01T20:12:51.950+0000] {dag.py:3089} INFO - Sync 10 DAGs
[2024-08-01T20:12:51.973+0000] {logging_mixin.py:188} INFO - [2024-08-01T20:12:51.973+0000] {dag.py:3947} INFO - Setting next_dagrun for conditional_dataset_and_time_based_timetable to 2024-07-31 01:00:00+00:00, run_after=2024-07-31 01:00:00+00:00
[2024-08-01T20:12:51.977+0000] {logging_mixin.py:188} INFO - [2024-08-01T20:12:51.977+0000] {dag.py:3947} INFO - Setting next_dagrun for consume_1_and_2_with_dataset_expressions to None, run_after=None
[2024-08-01T20:12:51.978+0000] {logging_mixin.py:188} INFO - [2024-08-01T20:12:51.978+0000] {dag.py:3947} INFO - Setting next_dagrun for consume_1_or_2_with_dataset_expressions to None, run_after=None
[2024-08-01T20:12:51.979+0000] {logging_mixin.py:188} INFO - [2024-08-01T20:12:51.979+0000] {dag.py:3947} INFO - Setting next_dagrun for consume_1_or_both_2_and_3_with_dataset_expressions to None, run_after=None
[2024-08-01T20:12:51.980+0000] {logging_mixin.py:188} INFO - [2024-08-01T20:12:51.980+0000] {dag.py:3947} INFO - Setting next_dagrun for dataset_consumes_1 to None, run_after=None
[2024-08-01T20:12:51.982+0000] {logging_mixin.py:188} INFO - [2024-08-01T20:12:51.981+0000] {dag.py:3947} INFO - Setting next_dagrun for dataset_consumes_1_and_2 to None, run_after=None
[2024-08-01T20:12:51.983+0000] {logging_mixin.py:188} INFO - [2024-08-01T20:12:51.983+0000] {dag.py:3947} INFO - Setting next_dagrun for dataset_consumes_1_never_scheduled to None, run_after=None
[2024-08-01T20:12:51.984+0000] {logging_mixin.py:188} INFO - [2024-08-01T20:12:51.984+0000] {dag.py:3947} INFO - Setting next_dagrun for dataset_consumes_unknown_never_scheduled to None, run_after=None
[2024-08-01T20:12:51.986+0000] {logging_mixin.py:188} INFO - [2024-08-01T20:12:51.986+0000] {dag.py:3947} INFO - Setting next_dagrun for dataset_produces_1 to 2024-07-31 00:00:00+00:00, run_after=2024-08-01 00:00:00+00:00
[2024-08-01T20:12:51.987+0000] {logging_mixin.py:188} INFO - [2024-08-01T20:12:51.987+0000] {dag.py:3947} INFO - Setting next_dagrun for dataset_produces_2 to None, run_after=None
[2024-08-01T20:12:52.020+0000] {processor.py:183} INFO - Processing /home/airflow/.local/lib/python3.12/site-packages/airflow/example_dags/example_datasets.py took 0.132 seconds
[2024-08-01T20:13:22.048+0000] {processor.py:161} INFO - Started process (PID=304) to work on /home/airflow/.local/lib/python3.12/site-packages/airflow/example_dags/example_datasets.py
[2024-08-01T20:13:22.049+0000] {processor.py:830} INFO - Processing file /home/airflow/.local/lib/python3.12/site-packages/airflow/example_dags/example_datasets.py for tasks to queue
[2024-08-01T20:13:22.051+0000] {logging_mixin.py:188} INFO - [2024-08-01T20:13:22.050+0000] {dagbag.py:545} INFO - Filling up the DagBag from /home/airflow/.local/lib/python3.12/site-packages/airflow/example_dags/example_datasets.py
[2024-08-01T20:13:22.066+0000] {processor.py:840} INFO - DAG(s) 'dataset_consumes_1_never_scheduled', 'consume_1_or_2_with_dataset_expressions', 'consume_1_and_2_with_dataset_expressions', 'consume_1_or_both_2_and_3_with_dataset_expressions', 'dataset_consumes_1', 'dataset_consumes_1_and_2', 'dataset_produces_2', 'dataset_produces_1', 'conditional_dataset_and_time_based_timetable', 'dataset_consumes_unknown_never_scheduled' retrieved from /home/airflow/.local/lib/python3.12/site-packages/airflow/example_dags/example_datasets.py
[2024-08-01T20:13:22.110+0000] {logging_mixin.py:188} INFO - [2024-08-01T20:13:22.109+0000] {dag.py:3089} INFO - Sync 10 DAGs
[2024-08-01T20:13:22.133+0000] {logging_mixin.py:188} INFO - [2024-08-01T20:13:22.132+0000] {dag.py:3947} INFO - Setting next_dagrun for conditional_dataset_and_time_based_timetable to 2024-07-31 01:00:00+00:00, run_after=2024-07-31 01:00:00+00:00
[2024-08-01T20:13:22.136+0000] {logging_mixin.py:188} INFO - [2024-08-01T20:13:22.136+0000] {dag.py:3947} INFO - Setting next_dagrun for consume_1_and_2_with_dataset_expressions to None, run_after=None
[2024-08-01T20:13:22.137+0000] {logging_mixin.py:188} INFO - [2024-08-01T20:13:22.137+0000] {dag.py:3947} INFO - Setting next_dagrun for consume_1_or_2_with_dataset_expressions to None, run_after=None
[2024-08-01T20:13:22.138+0000] {logging_mixin.py:188} INFO - [2024-08-01T20:13:22.138+0000] {dag.py:3947} INFO - Setting next_dagrun for consume_1_or_both_2_and_3_with_dataset_expressions to None, run_after=None
[2024-08-01T20:13:22.139+0000] {logging_mixin.py:188} INFO - [2024-08-01T20:13:22.139+0000] {dag.py:3947} INFO - Setting next_dagrun for dataset_consumes_1 to None, run_after=None
[2024-08-01T20:13:22.140+0000] {logging_mixin.py:188} INFO - [2024-08-01T20:13:22.140+0000] {dag.py:3947} INFO - Setting next_dagrun for dataset_consumes_1_and_2 to None, run_after=None
[2024-08-01T20:13:22.141+0000] {logging_mixin.py:188} INFO - [2024-08-01T20:13:22.141+0000] {dag.py:3947} INFO - Setting next_dagrun for dataset_consumes_1_never_scheduled to None, run_after=None
[2024-08-01T20:13:22.143+0000] {logging_mixin.py:188} INFO - [2024-08-01T20:13:22.142+0000] {dag.py:3947} INFO - Setting next_dagrun for dataset_consumes_unknown_never_scheduled to None, run_after=None
[2024-08-01T20:13:22.145+0000] {logging_mixin.py:188} INFO - [2024-08-01T20:13:22.145+0000] {dag.py:3947} INFO - Setting next_dagrun for dataset_produces_1 to 2024-07-31 00:00:00+00:00, run_after=2024-08-01 00:00:00+00:00
[2024-08-01T20:13:22.146+0000] {logging_mixin.py:188} INFO - [2024-08-01T20:13:22.146+0000] {dag.py:3947} INFO - Setting next_dagrun for dataset_produces_2 to None, run_after=None
[2024-08-01T20:13:22.182+0000] {processor.py:183} INFO - Processing /home/airflow/.local/lib/python3.12/site-packages/airflow/example_dags/example_datasets.py took 0.139 seconds
[2024-08-01T20:13:52.228+0000] {processor.py:161} INFO - Started process (PID=362) to work on /home/airflow/.local/lib/python3.12/site-packages/airflow/example_dags/example_datasets.py
[2024-08-01T20:13:52.229+0000] {processor.py:830} INFO - Processing file /home/airflow/.local/lib/python3.12/site-packages/airflow/example_dags/example_datasets.py for tasks to queue
[2024-08-01T20:13:52.231+0000] {logging_mixin.py:188} INFO - [2024-08-01T20:13:52.231+0000] {dagbag.py:545} INFO - Filling up the DagBag from /home/airflow/.local/lib/python3.12/site-packages/airflow/example_dags/example_datasets.py
[2024-08-01T20:13:52.243+0000] {processor.py:840} INFO - DAG(s) 'dataset_produces_1', 'consume_1_or_2_with_dataset_expressions', 'conditional_dataset_and_time_based_timetable', 'dataset_consumes_1_never_scheduled', 'dataset_produces_2', 'dataset_consumes_unknown_never_scheduled', 'dataset_consumes_1_and_2', 'consume_1_or_both_2_and_3_with_dataset_expressions', 'dataset_consumes_1', 'consume_1_and_2_with_dataset_expressions' retrieved from /home/airflow/.local/lib/python3.12/site-packages/airflow/example_dags/example_datasets.py
[2024-08-01T20:13:52.291+0000] {logging_mixin.py:188} INFO - [2024-08-01T20:13:52.290+0000] {dag.py:3089} INFO - Sync 10 DAGs
[2024-08-01T20:13:52.316+0000] {logging_mixin.py:188} INFO - [2024-08-01T20:13:52.316+0000] {dag.py:3947} INFO - Setting next_dagrun for conditional_dataset_and_time_based_timetable to 2024-07-31 01:00:00+00:00, run_after=2024-07-31 01:00:00+00:00
[2024-08-01T20:13:52.321+0000] {logging_mixin.py:188} INFO - [2024-08-01T20:13:52.320+0000] {dag.py:3947} INFO - Setting next_dagrun for consume_1_and_2_with_dataset_expressions to None, run_after=None
[2024-08-01T20:13:52.322+0000] {logging_mixin.py:188} INFO - [2024-08-01T20:13:52.322+0000] {dag.py:3947} INFO - Setting next_dagrun for consume_1_or_2_with_dataset_expressions to None, run_after=None
[2024-08-01T20:13:52.323+0000] {logging_mixin.py:188} INFO - [2024-08-01T20:13:52.323+0000] {dag.py:3947} INFO - Setting next_dagrun for consume_1_or_both_2_and_3_with_dataset_expressions to None, run_after=None
[2024-08-01T20:13:52.324+0000] {logging_mixin.py:188} INFO - [2024-08-01T20:13:52.324+0000] {dag.py:3947} INFO - Setting next_dagrun for dataset_consumes_1 to None, run_after=None
[2024-08-01T20:13:52.326+0000] {logging_mixin.py:188} INFO - [2024-08-01T20:13:52.325+0000] {dag.py:3947} INFO - Setting next_dagrun for dataset_consumes_1_and_2 to None, run_after=None
[2024-08-01T20:13:52.327+0000] {logging_mixin.py:188} INFO - [2024-08-01T20:13:52.326+0000] {dag.py:3947} INFO - Setting next_dagrun for dataset_consumes_1_never_scheduled to None, run_after=None
[2024-08-01T20:13:52.328+0000] {logging_mixin.py:188} INFO - [2024-08-01T20:13:52.328+0000] {dag.py:3947} INFO - Setting next_dagrun for dataset_consumes_unknown_never_scheduled to None, run_after=None
[2024-08-01T20:13:52.330+0000] {logging_mixin.py:188} INFO - [2024-08-01T20:13:52.330+0000] {dag.py:3947} INFO - Setting next_dagrun for dataset_produces_1 to 2024-07-31 00:00:00+00:00, run_after=2024-08-01 00:00:00+00:00
[2024-08-01T20:13:52.332+0000] {logging_mixin.py:188} INFO - [2024-08-01T20:13:52.331+0000] {dag.py:3947} INFO - Setting next_dagrun for dataset_produces_2 to None, run_after=None
[2024-08-01T20:13:52.519+0000] {processor.py:183} INFO - Processing /home/airflow/.local/lib/python3.12/site-packages/airflow/example_dags/example_datasets.py took 0.296 seconds
[2024-08-01T20:14:22.725+0000] {processor.py:161} INFO - Started process (PID=421) to work on /home/airflow/.local/lib/python3.12/site-packages/airflow/example_dags/example_datasets.py
[2024-08-01T20:14:22.726+0000] {processor.py:830} INFO - Processing file /home/airflow/.local/lib/python3.12/site-packages/airflow/example_dags/example_datasets.py for tasks to queue
[2024-08-01T20:14:22.727+0000] {logging_mixin.py:188} INFO - [2024-08-01T20:14:22.727+0000] {dagbag.py:545} INFO - Filling up the DagBag from /home/airflow/.local/lib/python3.12/site-packages/airflow/example_dags/example_datasets.py
[2024-08-01T20:14:22.750+0000] {processor.py:840} INFO - DAG(s) 'dataset_consumes_1', 'dataset_produces_1', 'dataset_produces_2', 'conditional_dataset_and_time_based_timetable', 'consume_1_or_both_2_and_3_with_dataset_expressions', 'dataset_consumes_1_never_scheduled', 'consume_1_and_2_with_dataset_expressions', 'dataset_consumes_unknown_never_scheduled', 'consume_1_or_2_with_dataset_expressions', 'dataset_consumes_1_and_2' retrieved from /home/airflow/.local/lib/python3.12/site-packages/airflow/example_dags/example_datasets.py
[2024-08-01T20:14:22.797+0000] {logging_mixin.py:188} INFO - [2024-08-01T20:14:22.797+0000] {dag.py:3089} INFO - Sync 10 DAGs
[2024-08-01T20:14:22.821+0000] {logging_mixin.py:188} INFO - [2024-08-01T20:14:22.821+0000] {dag.py:3947} INFO - Setting next_dagrun for conditional_dataset_and_time_based_timetable to 2024-07-31 01:00:00+00:00, run_after=2024-07-31 01:00:00+00:00
[2024-08-01T20:14:22.825+0000] {logging_mixin.py:188} INFO - [2024-08-01T20:14:22.825+0000] {dag.py:3947} INFO - Setting next_dagrun for consume_1_and_2_with_dataset_expressions to None, run_after=None
[2024-08-01T20:14:22.826+0000] {logging_mixin.py:188} INFO - [2024-08-01T20:14:22.826+0000] {dag.py:3947} INFO - Setting next_dagrun for consume_1_or_2_with_dataset_expressions to None, run_after=None
[2024-08-01T20:14:22.828+0000] {logging_mixin.py:188} INFO - [2024-08-01T20:14:22.828+0000] {dag.py:3947} INFO - Setting next_dagrun for consume_1_or_both_2_and_3_with_dataset_expressions to None, run_after=None
[2024-08-01T20:14:22.829+0000] {logging_mixin.py:188} INFO - [2024-08-01T20:14:22.829+0000] {dag.py:3947} INFO - Setting next_dagrun for dataset_consumes_1 to None, run_after=None
[2024-08-01T20:14:22.830+0000] {logging_mixin.py:188} INFO - [2024-08-01T20:14:22.830+0000] {dag.py:3947} INFO - Setting next_dagrun for dataset_consumes_1_and_2 to None, run_after=None
[2024-08-01T20:14:22.832+0000] {logging_mixin.py:188} INFO - [2024-08-01T20:14:22.831+0000] {dag.py:3947} INFO - Setting next_dagrun for dataset_consumes_1_never_scheduled to None, run_after=None
[2024-08-01T20:14:22.833+0000] {logging_mixin.py:188} INFO - [2024-08-01T20:14:22.833+0000] {dag.py:3947} INFO - Setting next_dagrun for dataset_consumes_unknown_never_scheduled to None, run_after=None
[2024-08-01T20:14:22.835+0000] {logging_mixin.py:188} INFO - [2024-08-01T20:14:22.835+0000] {dag.py:3947} INFO - Setting next_dagrun for dataset_produces_1 to 2024-07-31 00:00:00+00:00, run_after=2024-08-01 00:00:00+00:00
[2024-08-01T20:14:22.837+0000] {logging_mixin.py:188} INFO - [2024-08-01T20:14:22.837+0000] {dag.py:3947} INFO - Setting next_dagrun for dataset_produces_2 to None, run_after=None
[2024-08-01T20:14:22.872+0000] {processor.py:183} INFO - Processing /home/airflow/.local/lib/python3.12/site-packages/airflow/example_dags/example_datasets.py took 0.152 seconds
[2024-08-01T20:14:53.287+0000] {processor.py:161} INFO - Started process (PID=477) to work on /home/airflow/.local/lib/python3.12/site-packages/airflow/example_dags/example_datasets.py
[2024-08-01T20:14:53.288+0000] {processor.py:830} INFO - Processing file /home/airflow/.local/lib/python3.12/site-packages/airflow/example_dags/example_datasets.py for tasks to queue
[2024-08-01T20:14:53.290+0000] {logging_mixin.py:188} INFO - [2024-08-01T20:14:53.289+0000] {dagbag.py:545} INFO - Filling up the DagBag from /home/airflow/.local/lib/python3.12/site-packages/airflow/example_dags/example_datasets.py
[2024-08-01T20:14:53.302+0000] {processor.py:840} INFO - DAG(s) 'dataset_consumes_1_and_2', 'dataset_consumes_1', 'dataset_consumes_unknown_never_scheduled', 'dataset_produces_2', 'conditional_dataset_and_time_based_timetable', 'consume_1_or_both_2_and_3_with_dataset_expressions', 'dataset_produces_1', 'consume_1_or_2_with_dataset_expressions', 'dataset_consumes_1_never_scheduled', 'consume_1_and_2_with_dataset_expressions' retrieved from /home/airflow/.local/lib/python3.12/site-packages/airflow/example_dags/example_datasets.py
[2024-08-01T20:14:53.343+0000] {logging_mixin.py:188} INFO - [2024-08-01T20:14:53.343+0000] {dag.py:3089} INFO - Sync 10 DAGs
[2024-08-01T20:14:53.367+0000] {logging_mixin.py:188} INFO - [2024-08-01T20:14:53.366+0000] {dag.py:3947} INFO - Setting next_dagrun for conditional_dataset_and_time_based_timetable to 2024-07-31 01:00:00+00:00, run_after=2024-07-31 01:00:00+00:00
[2024-08-01T20:14:53.371+0000] {logging_mixin.py:188} INFO - [2024-08-01T20:14:53.371+0000] {dag.py:3947} INFO - Setting next_dagrun for consume_1_and_2_with_dataset_expressions to None, run_after=None
[2024-08-01T20:14:53.372+0000] {logging_mixin.py:188} INFO - [2024-08-01T20:14:53.372+0000] {dag.py:3947} INFO - Setting next_dagrun for consume_1_or_2_with_dataset_expressions to None, run_after=None
[2024-08-01T20:14:53.373+0000] {logging_mixin.py:188} INFO - [2024-08-01T20:14:53.373+0000] {dag.py:3947} INFO - Setting next_dagrun for consume_1_or_both_2_and_3_with_dataset_expressions to None, run_after=None
[2024-08-01T20:14:53.374+0000] {logging_mixin.py:188} INFO - [2024-08-01T20:14:53.374+0000] {dag.py:3947} INFO - Setting next_dagrun for dataset_consumes_1 to None, run_after=None
[2024-08-01T20:14:53.375+0000] {logging_mixin.py:188} INFO - [2024-08-01T20:14:53.375+0000] {dag.py:3947} INFO - Setting next_dagrun for dataset_consumes_1_and_2 to None, run_after=None
[2024-08-01T20:14:53.377+0000] {logging_mixin.py:188} INFO - [2024-08-01T20:14:53.376+0000] {dag.py:3947} INFO - Setting next_dagrun for dataset_consumes_1_never_scheduled to None, run_after=None
[2024-08-01T20:14:53.378+0000] {logging_mixin.py:188} INFO - [2024-08-01T20:14:53.378+0000] {dag.py:3947} INFO - Setting next_dagrun for dataset_consumes_unknown_never_scheduled to None, run_after=None
[2024-08-01T20:14:53.380+0000] {logging_mixin.py:188} INFO - [2024-08-01T20:14:53.380+0000] {dag.py:3947} INFO - Setting next_dagrun for dataset_produces_1 to 2024-07-31 00:00:00+00:00, run_after=2024-08-01 00:00:00+00:00
[2024-08-01T20:14:53.381+0000] {logging_mixin.py:188} INFO - [2024-08-01T20:14:53.381+0000] {dag.py:3947} INFO - Setting next_dagrun for dataset_produces_2 to None, run_after=None
[2024-08-01T20:14:53.418+0000] {processor.py:183} INFO - Processing /home/airflow/.local/lib/python3.12/site-packages/airflow/example_dags/example_datasets.py took 0.135 seconds
[2024-08-01T20:15:23.508+0000] {processor.py:161} INFO - Started process (PID=536) to work on /home/airflow/.local/lib/python3.12/site-packages/airflow/example_dags/example_datasets.py
[2024-08-01T20:15:23.509+0000] {processor.py:830} INFO - Processing file /home/airflow/.local/lib/python3.12/site-packages/airflow/example_dags/example_datasets.py for tasks to queue
[2024-08-01T20:15:23.511+0000] {logging_mixin.py:188} INFO - [2024-08-01T20:15:23.511+0000] {dagbag.py:545} INFO - Filling up the DagBag from /home/airflow/.local/lib/python3.12/site-packages/airflow/example_dags/example_datasets.py
[2024-08-01T20:15:23.523+0000] {processor.py:840} INFO - DAG(s) 'dataset_produces_1', 'dataset_consumes_unknown_never_scheduled', 'dataset_consumes_1_and_2', 'dataset_produces_2', 'consume_1_and_2_with_dataset_expressions', 'consume_1_or_both_2_and_3_with_dataset_expressions', 'conditional_dataset_and_time_based_timetable', 'dataset_consumes_1_never_scheduled', 'consume_1_or_2_with_dataset_expressions', 'dataset_consumes_1' retrieved from /home/airflow/.local/lib/python3.12/site-packages/airflow/example_dags/example_datasets.py
[2024-08-01T20:15:23.569+0000] {logging_mixin.py:188} INFO - [2024-08-01T20:15:23.568+0000] {dag.py:3089} INFO - Sync 10 DAGs
[2024-08-01T20:15:23.594+0000] {logging_mixin.py:188} INFO - [2024-08-01T20:15:23.593+0000] {dag.py:3947} INFO - Setting next_dagrun for conditional_dataset_and_time_based_timetable to 2024-07-31 01:00:00+00:00, run_after=2024-07-31 01:00:00+00:00
[2024-08-01T20:15:23.598+0000] {logging_mixin.py:188} INFO - [2024-08-01T20:15:23.598+0000] {dag.py:3947} INFO - Setting next_dagrun for consume_1_and_2_with_dataset_expressions to None, run_after=None
[2024-08-01T20:15:23.600+0000] {logging_mixin.py:188} INFO - [2024-08-01T20:15:23.600+0000] {dag.py:3947} INFO - Setting next_dagrun for consume_1_or_2_with_dataset_expressions to None, run_after=None
[2024-08-01T20:15:23.602+0000] {logging_mixin.py:188} INFO - [2024-08-01T20:15:23.602+0000] {dag.py:3947} INFO - Setting next_dagrun for consume_1_or_both_2_and_3_with_dataset_expressions to None, run_after=None
[2024-08-01T20:15:23.603+0000] {logging_mixin.py:188} INFO - [2024-08-01T20:15:23.603+0000] {dag.py:3947} INFO - Setting next_dagrun for dataset_consumes_1 to None, run_after=None
[2024-08-01T20:15:23.604+0000] {logging_mixin.py:188} INFO - [2024-08-01T20:15:23.604+0000] {dag.py:3947} INFO - Setting next_dagrun for dataset_consumes_1_and_2 to None, run_after=None
[2024-08-01T20:15:23.605+0000] {logging_mixin.py:188} INFO - [2024-08-01T20:15:23.605+0000] {dag.py:3947} INFO - Setting next_dagrun for dataset_consumes_1_never_scheduled to None, run_after=None
[2024-08-01T20:15:23.607+0000] {logging_mixin.py:188} INFO - [2024-08-01T20:15:23.607+0000] {dag.py:3947} INFO - Setting next_dagrun for dataset_consumes_unknown_never_scheduled to None, run_after=None
[2024-08-01T20:15:23.609+0000] {logging_mixin.py:188} INFO - [2024-08-01T20:15:23.609+0000] {dag.py:3947} INFO - Setting next_dagrun for dataset_produces_1 to 2024-07-31 00:00:00+00:00, run_after=2024-08-01 00:00:00+00:00
[2024-08-01T20:15:23.610+0000] {logging_mixin.py:188} INFO - [2024-08-01T20:15:23.610+0000] {dag.py:3947} INFO - Setting next_dagrun for dataset_produces_2 to None, run_after=None
[2024-08-01T20:15:23.643+0000] {processor.py:183} INFO - Processing /home/airflow/.local/lib/python3.12/site-packages/airflow/example_dags/example_datasets.py took 0.139 seconds
[2024-08-01T20:15:53.670+0000] {processor.py:161} INFO - Started process (PID=593) to work on /home/airflow/.local/lib/python3.12/site-packages/airflow/example_dags/example_datasets.py
[2024-08-01T20:15:53.671+0000] {processor.py:830} INFO - Processing file /home/airflow/.local/lib/python3.12/site-packages/airflow/example_dags/example_datasets.py for tasks to queue
[2024-08-01T20:15:53.673+0000] {logging_mixin.py:188} INFO - [2024-08-01T20:15:53.672+0000] {dagbag.py:545} INFO - Filling up the DagBag from /home/airflow/.local/lib/python3.12/site-packages/airflow/example_dags/example_datasets.py
[2024-08-01T20:15:53.692+0000] {processor.py:840} INFO - DAG(s) 'consume_1_or_both_2_and_3_with_dataset_expressions', 'dataset_produces_2', 'consume_1_or_2_with_dataset_expressions', 'consume_1_and_2_with_dataset_expressions', 'dataset_consumes_1', 'dataset_produces_1', 'dataset_consumes_1_never_scheduled', 'conditional_dataset_and_time_based_timetable', 'dataset_consumes_unknown_never_scheduled', 'dataset_consumes_1_and_2' retrieved from /home/airflow/.local/lib/python3.12/site-packages/airflow/example_dags/example_datasets.py
[2024-08-01T20:15:53.747+0000] {logging_mixin.py:188} INFO - [2024-08-01T20:15:53.747+0000] {dag.py:3089} INFO - Sync 10 DAGs
[2024-08-01T20:15:53.769+0000] {logging_mixin.py:188} INFO - [2024-08-01T20:15:53.769+0000] {dag.py:3947} INFO - Setting next_dagrun for conditional_dataset_and_time_based_timetable to 2024-07-31 01:00:00+00:00, run_after=2024-07-31 01:00:00+00:00
[2024-08-01T20:15:53.773+0000] {logging_mixin.py:188} INFO - [2024-08-01T20:15:53.773+0000] {dag.py:3947} INFO - Setting next_dagrun for consume_1_and_2_with_dataset_expressions to None, run_after=None
[2024-08-01T20:15:53.774+0000] {logging_mixin.py:188} INFO - [2024-08-01T20:15:53.774+0000] {dag.py:3947} INFO - Setting next_dagrun for consume_1_or_2_with_dataset_expressions to None, run_after=None
[2024-08-01T20:15:53.775+0000] {logging_mixin.py:188} INFO - [2024-08-01T20:15:53.775+0000] {dag.py:3947} INFO - Setting next_dagrun for consume_1_or_both_2_and_3_with_dataset_expressions to None, run_after=None
[2024-08-01T20:15:53.776+0000] {logging_mixin.py:188} INFO - [2024-08-01T20:15:53.776+0000] {dag.py:3947} INFO - Setting next_dagrun for dataset_consumes_1 to None, run_after=None
[2024-08-01T20:15:53.777+0000] {logging_mixin.py:188} INFO - [2024-08-01T20:15:53.777+0000] {dag.py:3947} INFO - Setting next_dagrun for dataset_consumes_1_and_2 to None, run_after=None
[2024-08-01T20:15:53.778+0000] {logging_mixin.py:188} INFO - [2024-08-01T20:15:53.778+0000] {dag.py:3947} INFO - Setting next_dagrun for dataset_consumes_1_never_scheduled to None, run_after=None
[2024-08-01T20:15:53.779+0000] {logging_mixin.py:188} INFO - [2024-08-01T20:15:53.779+0000] {dag.py:3947} INFO - Setting next_dagrun for dataset_consumes_unknown_never_scheduled to None, run_after=None
[2024-08-01T20:15:53.782+0000] {logging_mixin.py:188} INFO - [2024-08-01T20:15:53.781+0000] {dag.py:3947} INFO - Setting next_dagrun for dataset_produces_1 to 2024-07-31 00:00:00+00:00, run_after=2024-08-01 00:00:00+00:00
[2024-08-01T20:15:53.783+0000] {logging_mixin.py:188} INFO - [2024-08-01T20:15:53.782+0000] {dag.py:3947} INFO - Setting next_dagrun for dataset_produces_2 to None, run_after=None
[2024-08-01T20:15:53.817+0000] {processor.py:183} INFO - Processing /home/airflow/.local/lib/python3.12/site-packages/airflow/example_dags/example_datasets.py took 0.151 seconds
[2024-08-01T20:16:24.187+0000] {processor.py:161} INFO - Started process (PID=651) to work on /home/airflow/.local/lib/python3.12/site-packages/airflow/example_dags/example_datasets.py
[2024-08-01T20:16:24.188+0000] {processor.py:830} INFO - Processing file /home/airflow/.local/lib/python3.12/site-packages/airflow/example_dags/example_datasets.py for tasks to queue
[2024-08-01T20:16:24.190+0000] {logging_mixin.py:188} INFO - [2024-08-01T20:16:24.190+0000] {dagbag.py:545} INFO - Filling up the DagBag from /home/airflow/.local/lib/python3.12/site-packages/airflow/example_dags/example_datasets.py
[2024-08-01T20:16:24.204+0000] {processor.py:840} INFO - DAG(s) 'dataset_consumes_unknown_never_scheduled', 'dataset_consumes_1', 'dataset_produces_1', 'consume_1_or_both_2_and_3_with_dataset_expressions', 'dataset_consumes_1_and_2', 'dataset_consumes_1_never_scheduled', 'consume_1_or_2_with_dataset_expressions', 'conditional_dataset_and_time_based_timetable', 'consume_1_and_2_with_dataset_expressions', 'dataset_produces_2' retrieved from /home/airflow/.local/lib/python3.12/site-packages/airflow/example_dags/example_datasets.py
[2024-08-01T20:16:24.255+0000] {logging_mixin.py:188} INFO - [2024-08-01T20:16:24.254+0000] {dag.py:3089} INFO - Sync 10 DAGs
[2024-08-01T20:16:24.286+0000] {logging_mixin.py:188} INFO - [2024-08-01T20:16:24.286+0000] {dag.py:3947} INFO - Setting next_dagrun for conditional_dataset_and_time_based_timetable to 2024-07-31 01:00:00+00:00, run_after=2024-07-31 01:00:00+00:00
[2024-08-01T20:16:24.293+0000] {logging_mixin.py:188} INFO - [2024-08-01T20:16:24.293+0000] {dag.py:3947} INFO - Setting next_dagrun for consume_1_and_2_with_dataset_expressions to None, run_after=None
[2024-08-01T20:16:24.295+0000] {logging_mixin.py:188} INFO - [2024-08-01T20:16:24.295+0000] {dag.py:3947} INFO - Setting next_dagrun for consume_1_or_2_with_dataset_expressions to None, run_after=None
[2024-08-01T20:16:24.296+0000] {logging_mixin.py:188} INFO - [2024-08-01T20:16:24.296+0000] {dag.py:3947} INFO - Setting next_dagrun for consume_1_or_both_2_and_3_with_dataset_expressions to None, run_after=None
[2024-08-01T20:16:24.298+0000] {logging_mixin.py:188} INFO - [2024-08-01T20:16:24.297+0000] {dag.py:3947} INFO - Setting next_dagrun for dataset_consumes_1 to None, run_after=None
[2024-08-01T20:16:24.299+0000] {logging_mixin.py:188} INFO - [2024-08-01T20:16:24.299+0000] {dag.py:3947} INFO - Setting next_dagrun for dataset_consumes_1_and_2 to None, run_after=None
[2024-08-01T20:16:24.300+0000] {logging_mixin.py:188} INFO - [2024-08-01T20:16:24.300+0000] {dag.py:3947} INFO - Setting next_dagrun for dataset_consumes_1_never_scheduled to None, run_after=None
[2024-08-01T20:16:24.302+0000] {logging_mixin.py:188} INFO - [2024-08-01T20:16:24.301+0000] {dag.py:3947} INFO - Setting next_dagrun for dataset_consumes_unknown_never_scheduled to None, run_after=None
[2024-08-01T20:16:24.305+0000] {logging_mixin.py:188} INFO - [2024-08-01T20:16:24.305+0000] {dag.py:3947} INFO - Setting next_dagrun for dataset_produces_1 to 2024-07-31 00:00:00+00:00, run_after=2024-08-01 00:00:00+00:00
[2024-08-01T20:16:24.307+0000] {logging_mixin.py:188} INFO - [2024-08-01T20:16:24.307+0000] {dag.py:3947} INFO - Setting next_dagrun for dataset_produces_2 to None, run_after=None
[2024-08-01T20:16:24.346+0000] {processor.py:183} INFO - Processing /home/airflow/.local/lib/python3.12/site-packages/airflow/example_dags/example_datasets.py took 0.164 seconds
