[2024-08-01T20:02:20.962+0000] {processor.py:161} INFO - Started process (PID=82) to work on /home/airflow/.local/lib/python3.12/site-packages/airflow/example_dags/example_bash_operator.py
[2024-08-01T20:02:20.962+0000] {processor.py:830} INFO - Processing file /home/airflow/.local/lib/python3.12/site-packages/airflow/example_dags/example_bash_operator.py for tasks to queue
[2024-08-01T20:02:20.964+0000] {logging_mixin.py:188} INFO - [2024-08-01T20:02:20.963+0000] {dagbag.py:545} INFO - Filling up the DagBag from /home/airflow/.local/lib/python3.12/site-packages/airflow/example_dags/example_bash_operator.py
[2024-08-01T20:02:20.974+0000] {processor.py:840} INFO - DAG(s) 'example_bash_operator' retrieved from /home/airflow/.local/lib/python3.12/site-packages/airflow/example_dags/example_bash_operator.py
[2024-08-01T20:02:21.088+0000] {logging_mixin.py:188} INFO - [2024-08-01T20:02:21.088+0000] {dag.py:3089} INFO - Sync 1 DAGs
[2024-08-01T20:02:21.110+0000] {logging_mixin.py:188} INFO - [2024-08-01T20:02:21.110+0000] {dag.py:3947} INFO - Setting next_dagrun for example_bash_operator to 2024-07-31 00:00:00+00:00, run_after=2024-08-01 00:00:00+00:00
[2024-08-01T20:02:21.133+0000] {processor.py:183} INFO - Processing /home/airflow/.local/lib/python3.12/site-packages/airflow/example_dags/example_bash_operator.py took 0.176 seconds
[2024-08-01T20:02:51.860+0000] {processor.py:161} INFO - Started process (PID=140) to work on /home/airflow/.local/lib/python3.12/site-packages/airflow/example_dags/example_bash_operator.py
[2024-08-01T20:02:51.861+0000] {processor.py:830} INFO - Processing file /home/airflow/.local/lib/python3.12/site-packages/airflow/example_dags/example_bash_operator.py for tasks to queue
[2024-08-01T20:02:51.863+0000] {logging_mixin.py:188} INFO - [2024-08-01T20:02:51.863+0000] {dagbag.py:545} INFO - Filling up the DagBag from /home/airflow/.local/lib/python3.12/site-packages/airflow/example_dags/example_bash_operator.py
[2024-08-01T20:02:51.873+0000] {processor.py:840} INFO - DAG(s) 'example_bash_operator' retrieved from /home/airflow/.local/lib/python3.12/site-packages/airflow/example_dags/example_bash_operator.py
[2024-08-01T20:02:51.900+0000] {logging_mixin.py:188} INFO - [2024-08-01T20:02:51.899+0000] {dag.py:3089} INFO - Sync 1 DAGs
[2024-08-01T20:02:51.921+0000] {logging_mixin.py:188} INFO - [2024-08-01T20:02:51.921+0000] {dag.py:3947} INFO - Setting next_dagrun for example_bash_operator to 2024-07-31 00:00:00+00:00, run_after=2024-08-01 00:00:00+00:00
[2024-08-01T20:02:51.953+0000] {processor.py:183} INFO - Processing /home/airflow/.local/lib/python3.12/site-packages/airflow/example_dags/example_bash_operator.py took 0.097 seconds
[2024-08-01T20:03:22.200+0000] {processor.py:161} INFO - Started process (PID=198) to work on /home/airflow/.local/lib/python3.12/site-packages/airflow/example_dags/example_bash_operator.py
[2024-08-01T20:03:22.201+0000] {processor.py:830} INFO - Processing file /home/airflow/.local/lib/python3.12/site-packages/airflow/example_dags/example_bash_operator.py for tasks to queue
[2024-08-01T20:03:22.203+0000] {logging_mixin.py:188} INFO - [2024-08-01T20:03:22.203+0000] {dagbag.py:545} INFO - Filling up the DagBag from /home/airflow/.local/lib/python3.12/site-packages/airflow/example_dags/example_bash_operator.py
[2024-08-01T20:03:22.215+0000] {processor.py:840} INFO - DAG(s) 'example_bash_operator' retrieved from /home/airflow/.local/lib/python3.12/site-packages/airflow/example_dags/example_bash_operator.py
[2024-08-01T20:03:22.245+0000] {logging_mixin.py:188} INFO - [2024-08-01T20:03:22.245+0000] {dag.py:3089} INFO - Sync 1 DAGs
[2024-08-01T20:03:22.269+0000] {logging_mixin.py:188} INFO - [2024-08-01T20:03:22.269+0000] {dag.py:3947} INFO - Setting next_dagrun for example_bash_operator to 2024-07-31 00:00:00+00:00, run_after=2024-08-01 00:00:00+00:00
[2024-08-01T20:03:22.291+0000] {processor.py:183} INFO - Processing /home/airflow/.local/lib/python3.12/site-packages/airflow/example_dags/example_bash_operator.py took 0.096 seconds
[2024-08-01T20:03:52.724+0000] {processor.py:161} INFO - Started process (PID=256) to work on /home/airflow/.local/lib/python3.12/site-packages/airflow/example_dags/example_bash_operator.py
[2024-08-01T20:03:52.725+0000] {processor.py:830} INFO - Processing file /home/airflow/.local/lib/python3.12/site-packages/airflow/example_dags/example_bash_operator.py for tasks to queue
[2024-08-01T20:03:52.726+0000] {logging_mixin.py:188} INFO - [2024-08-01T20:03:52.726+0000] {dagbag.py:545} INFO - Filling up the DagBag from /home/airflow/.local/lib/python3.12/site-packages/airflow/example_dags/example_bash_operator.py
[2024-08-01T20:03:52.736+0000] {processor.py:840} INFO - DAG(s) 'example_bash_operator' retrieved from /home/airflow/.local/lib/python3.12/site-packages/airflow/example_dags/example_bash_operator.py
[2024-08-01T20:03:52.763+0000] {logging_mixin.py:188} INFO - [2024-08-01T20:03:52.763+0000] {dag.py:3089} INFO - Sync 1 DAGs
[2024-08-01T20:03:52.785+0000] {logging_mixin.py:188} INFO - [2024-08-01T20:03:52.785+0000] {dag.py:3947} INFO - Setting next_dagrun for example_bash_operator to 2024-07-31 00:00:00+00:00, run_after=2024-08-01 00:00:00+00:00
[2024-08-01T20:03:52.804+0000] {processor.py:183} INFO - Processing /home/airflow/.local/lib/python3.12/site-packages/airflow/example_dags/example_bash_operator.py took 0.085 seconds
[2024-08-01T20:04:23.121+0000] {processor.py:161} INFO - Started process (PID=314) to work on /home/airflow/.local/lib/python3.12/site-packages/airflow/example_dags/example_bash_operator.py
[2024-08-01T20:04:23.122+0000] {processor.py:830} INFO - Processing file /home/airflow/.local/lib/python3.12/site-packages/airflow/example_dags/example_bash_operator.py for tasks to queue
[2024-08-01T20:04:23.123+0000] {logging_mixin.py:188} INFO - [2024-08-01T20:04:23.123+0000] {dagbag.py:545} INFO - Filling up the DagBag from /home/airflow/.local/lib/python3.12/site-packages/airflow/example_dags/example_bash_operator.py
[2024-08-01T20:04:23.133+0000] {processor.py:840} INFO - DAG(s) 'example_bash_operator' retrieved from /home/airflow/.local/lib/python3.12/site-packages/airflow/example_dags/example_bash_operator.py
[2024-08-01T20:04:23.158+0000] {logging_mixin.py:188} INFO - [2024-08-01T20:04:23.158+0000] {dag.py:3089} INFO - Sync 1 DAGs
[2024-08-01T20:04:23.181+0000] {logging_mixin.py:188} INFO - [2024-08-01T20:04:23.180+0000] {dag.py:3947} INFO - Setting next_dagrun for example_bash_operator to 2024-07-31 00:00:00+00:00, run_after=2024-08-01 00:00:00+00:00
[2024-08-01T20:04:23.249+0000] {processor.py:183} INFO - Processing /home/airflow/.local/lib/python3.12/site-packages/airflow/example_dags/example_bash_operator.py took 0.132 seconds
[2024-08-01T20:04:53.770+0000] {processor.py:161} INFO - Started process (PID=372) to work on /home/airflow/.local/lib/python3.12/site-packages/airflow/example_dags/example_bash_operator.py
[2024-08-01T20:04:53.771+0000] {processor.py:830} INFO - Processing file /home/airflow/.local/lib/python3.12/site-packages/airflow/example_dags/example_bash_operator.py for tasks to queue
[2024-08-01T20:04:53.773+0000] {logging_mixin.py:188} INFO - [2024-08-01T20:04:53.773+0000] {dagbag.py:545} INFO - Filling up the DagBag from /home/airflow/.local/lib/python3.12/site-packages/airflow/example_dags/example_bash_operator.py
[2024-08-01T20:04:53.782+0000] {processor.py:840} INFO - DAG(s) 'example_bash_operator' retrieved from /home/airflow/.local/lib/python3.12/site-packages/airflow/example_dags/example_bash_operator.py
[2024-08-01T20:04:53.808+0000] {logging_mixin.py:188} INFO - [2024-08-01T20:04:53.808+0000] {dag.py:3089} INFO - Sync 1 DAGs
[2024-08-01T20:04:53.829+0000] {logging_mixin.py:188} INFO - [2024-08-01T20:04:53.829+0000] {dag.py:3947} INFO - Setting next_dagrun for example_bash_operator to 2024-07-31 00:00:00+00:00, run_after=2024-08-01 00:00:00+00:00
[2024-08-01T20:04:53.849+0000] {processor.py:183} INFO - Processing /home/airflow/.local/lib/python3.12/site-packages/airflow/example_dags/example_bash_operator.py took 0.084 seconds
[2024-08-01T20:05:24.495+0000] {processor.py:161} INFO - Started process (PID=430) to work on /home/airflow/.local/lib/python3.12/site-packages/airflow/example_dags/example_bash_operator.py
[2024-08-01T20:05:24.496+0000] {processor.py:830} INFO - Processing file /home/airflow/.local/lib/python3.12/site-packages/airflow/example_dags/example_bash_operator.py for tasks to queue
[2024-08-01T20:05:24.497+0000] {logging_mixin.py:188} INFO - [2024-08-01T20:05:24.497+0000] {dagbag.py:545} INFO - Filling up the DagBag from /home/airflow/.local/lib/python3.12/site-packages/airflow/example_dags/example_bash_operator.py
[2024-08-01T20:05:24.507+0000] {processor.py:840} INFO - DAG(s) 'example_bash_operator' retrieved from /home/airflow/.local/lib/python3.12/site-packages/airflow/example_dags/example_bash_operator.py
[2024-08-01T20:05:24.533+0000] {logging_mixin.py:188} INFO - [2024-08-01T20:05:24.532+0000] {dag.py:3089} INFO - Sync 1 DAGs
[2024-08-01T20:05:24.556+0000] {logging_mixin.py:188} INFO - [2024-08-01T20:05:24.555+0000] {dag.py:3947} INFO - Setting next_dagrun for example_bash_operator to 2024-07-31 00:00:00+00:00, run_after=2024-08-01 00:00:00+00:00
[2024-08-01T20:05:24.575+0000] {processor.py:183} INFO - Processing /home/airflow/.local/lib/python3.12/site-packages/airflow/example_dags/example_bash_operator.py took 0.084 seconds
[2024-08-01T20:05:54.827+0000] {processor.py:161} INFO - Started process (PID=488) to work on /home/airflow/.local/lib/python3.12/site-packages/airflow/example_dags/example_bash_operator.py
[2024-08-01T20:05:54.828+0000] {processor.py:830} INFO - Processing file /home/airflow/.local/lib/python3.12/site-packages/airflow/example_dags/example_bash_operator.py for tasks to queue
[2024-08-01T20:05:54.830+0000] {logging_mixin.py:188} INFO - [2024-08-01T20:05:54.830+0000] {dagbag.py:545} INFO - Filling up the DagBag from /home/airflow/.local/lib/python3.12/site-packages/airflow/example_dags/example_bash_operator.py
[2024-08-01T20:05:54.842+0000] {processor.py:840} INFO - DAG(s) 'example_bash_operator' retrieved from /home/airflow/.local/lib/python3.12/site-packages/airflow/example_dags/example_bash_operator.py
[2024-08-01T20:05:54.870+0000] {logging_mixin.py:188} INFO - [2024-08-01T20:05:54.870+0000] {dag.py:3089} INFO - Sync 1 DAGs
[2024-08-01T20:05:54.892+0000] {logging_mixin.py:188} INFO - [2024-08-01T20:05:54.892+0000] {dag.py:3947} INFO - Setting next_dagrun for example_bash_operator to 2024-07-31 00:00:00+00:00, run_after=2024-08-01 00:00:00+00:00
[2024-08-01T20:05:54.926+0000] {processor.py:183} INFO - Processing /home/airflow/.local/lib/python3.12/site-packages/airflow/example_dags/example_bash_operator.py took 0.104 seconds
[2024-08-01T20:06:35.569+0000] {processor.py:161} INFO - Started process (PID=76) to work on /home/airflow/.local/lib/python3.12/site-packages/airflow/example_dags/example_bash_operator.py
[2024-08-01T20:06:35.571+0000] {processor.py:830} INFO - Processing file /home/airflow/.local/lib/python3.12/site-packages/airflow/example_dags/example_bash_operator.py for tasks to queue
[2024-08-01T20:06:35.573+0000] {logging_mixin.py:188} INFO - [2024-08-01T20:06:35.572+0000] {dagbag.py:545} INFO - Filling up the DagBag from /home/airflow/.local/lib/python3.12/site-packages/airflow/example_dags/example_bash_operator.py
[2024-08-01T20:06:35.583+0000] {processor.py:840} INFO - DAG(s) 'example_bash_operator' retrieved from /home/airflow/.local/lib/python3.12/site-packages/airflow/example_dags/example_bash_operator.py
[2024-08-01T20:06:35.617+0000] {logging_mixin.py:188} INFO - [2024-08-01T20:06:35.617+0000] {dag.py:3089} INFO - Sync 1 DAGs
[2024-08-01T20:06:35.645+0000] {logging_mixin.py:188} INFO - [2024-08-01T20:06:35.645+0000] {dag.py:3947} INFO - Setting next_dagrun for example_bash_operator to 2024-07-31 00:00:00+00:00, run_after=2024-08-01 00:00:00+00:00
[2024-08-01T20:06:35.696+0000] {processor.py:183} INFO - Processing /home/airflow/.local/lib/python3.12/site-packages/airflow/example_dags/example_bash_operator.py took 0.132 seconds
[2024-08-01T20:07:06.638+0000] {processor.py:161} INFO - Started process (PID=134) to work on /home/airflow/.local/lib/python3.12/site-packages/airflow/example_dags/example_bash_operator.py
[2024-08-01T20:07:06.639+0000] {processor.py:830} INFO - Processing file /home/airflow/.local/lib/python3.12/site-packages/airflow/example_dags/example_bash_operator.py for tasks to queue
[2024-08-01T20:07:06.641+0000] {logging_mixin.py:188} INFO - [2024-08-01T20:07:06.640+0000] {dagbag.py:545} INFO - Filling up the DagBag from /home/airflow/.local/lib/python3.12/site-packages/airflow/example_dags/example_bash_operator.py
[2024-08-01T20:07:06.650+0000] {processor.py:840} INFO - DAG(s) 'example_bash_operator' retrieved from /home/airflow/.local/lib/python3.12/site-packages/airflow/example_dags/example_bash_operator.py
[2024-08-01T20:07:06.676+0000] {logging_mixin.py:188} INFO - [2024-08-01T20:07:06.676+0000] {dag.py:3089} INFO - Sync 1 DAGs
[2024-08-01T20:07:06.699+0000] {logging_mixin.py:188} INFO - [2024-08-01T20:07:06.699+0000] {dag.py:3947} INFO - Setting next_dagrun for example_bash_operator to 2024-07-31 00:00:00+00:00, run_after=2024-08-01 00:00:00+00:00
[2024-08-01T20:07:06.721+0000] {processor.py:183} INFO - Processing /home/airflow/.local/lib/python3.12/site-packages/airflow/example_dags/example_bash_operator.py took 0.088 seconds
[2024-08-01T20:07:37.480+0000] {processor.py:161} INFO - Started process (PID=192) to work on /home/airflow/.local/lib/python3.12/site-packages/airflow/example_dags/example_bash_operator.py
[2024-08-01T20:07:37.481+0000] {processor.py:830} INFO - Processing file /home/airflow/.local/lib/python3.12/site-packages/airflow/example_dags/example_bash_operator.py for tasks to queue
[2024-08-01T20:07:37.483+0000] {logging_mixin.py:188} INFO - [2024-08-01T20:07:37.482+0000] {dagbag.py:545} INFO - Filling up the DagBag from /home/airflow/.local/lib/python3.12/site-packages/airflow/example_dags/example_bash_operator.py
[2024-08-01T20:07:37.493+0000] {processor.py:840} INFO - DAG(s) 'example_bash_operator' retrieved from /home/airflow/.local/lib/python3.12/site-packages/airflow/example_dags/example_bash_operator.py
[2024-08-01T20:07:37.521+0000] {logging_mixin.py:188} INFO - [2024-08-01T20:07:37.521+0000] {dag.py:3089} INFO - Sync 1 DAGs
[2024-08-01T20:07:37.544+0000] {logging_mixin.py:188} INFO - [2024-08-01T20:07:37.544+0000] {dag.py:3947} INFO - Setting next_dagrun for example_bash_operator to 2024-07-31 00:00:00+00:00, run_after=2024-08-01 00:00:00+00:00
[2024-08-01T20:07:37.565+0000] {processor.py:183} INFO - Processing /home/airflow/.local/lib/python3.12/site-packages/airflow/example_dags/example_bash_operator.py took 0.090 seconds
[2024-08-01T20:08:07.764+0000] {processor.py:161} INFO - Started process (PID=250) to work on /home/airflow/.local/lib/python3.12/site-packages/airflow/example_dags/example_bash_operator.py
[2024-08-01T20:08:07.765+0000] {processor.py:830} INFO - Processing file /home/airflow/.local/lib/python3.12/site-packages/airflow/example_dags/example_bash_operator.py for tasks to queue
[2024-08-01T20:08:07.766+0000] {logging_mixin.py:188} INFO - [2024-08-01T20:08:07.766+0000] {dagbag.py:545} INFO - Filling up the DagBag from /home/airflow/.local/lib/python3.12/site-packages/airflow/example_dags/example_bash_operator.py
[2024-08-01T20:08:07.776+0000] {processor.py:840} INFO - DAG(s) 'example_bash_operator' retrieved from /home/airflow/.local/lib/python3.12/site-packages/airflow/example_dags/example_bash_operator.py
[2024-08-01T20:08:07.805+0000] {logging_mixin.py:188} INFO - [2024-08-01T20:08:07.804+0000] {dag.py:3089} INFO - Sync 1 DAGs
[2024-08-01T20:08:07.829+0000] {logging_mixin.py:188} INFO - [2024-08-01T20:08:07.829+0000] {dag.py:3947} INFO - Setting next_dagrun for example_bash_operator to 2024-07-31 00:00:00+00:00, run_after=2024-08-01 00:00:00+00:00
[2024-08-01T20:08:07.853+0000] {processor.py:183} INFO - Processing /home/airflow/.local/lib/python3.12/site-packages/airflow/example_dags/example_bash_operator.py took 0.094 seconds
[2024-08-01T20:08:38.357+0000] {processor.py:161} INFO - Started process (PID=308) to work on /home/airflow/.local/lib/python3.12/site-packages/airflow/example_dags/example_bash_operator.py
[2024-08-01T20:08:38.358+0000] {processor.py:830} INFO - Processing file /home/airflow/.local/lib/python3.12/site-packages/airflow/example_dags/example_bash_operator.py for tasks to queue
[2024-08-01T20:08:38.359+0000] {logging_mixin.py:188} INFO - [2024-08-01T20:08:38.359+0000] {dagbag.py:545} INFO - Filling up the DagBag from /home/airflow/.local/lib/python3.12/site-packages/airflow/example_dags/example_bash_operator.py
[2024-08-01T20:08:38.370+0000] {processor.py:840} INFO - DAG(s) 'example_bash_operator' retrieved from /home/airflow/.local/lib/python3.12/site-packages/airflow/example_dags/example_bash_operator.py
[2024-08-01T20:08:38.398+0000] {logging_mixin.py:188} INFO - [2024-08-01T20:08:38.398+0000] {dag.py:3089} INFO - Sync 1 DAGs
[2024-08-01T20:08:38.419+0000] {logging_mixin.py:188} INFO - [2024-08-01T20:08:38.419+0000] {dag.py:3947} INFO - Setting next_dagrun for example_bash_operator to 2024-07-31 00:00:00+00:00, run_after=2024-08-01 00:00:00+00:00
[2024-08-01T20:08:38.437+0000] {processor.py:183} INFO - Processing /home/airflow/.local/lib/python3.12/site-packages/airflow/example_dags/example_bash_operator.py took 0.085 seconds
[2024-08-01T20:09:08.820+0000] {processor.py:161} INFO - Started process (PID=366) to work on /home/airflow/.local/lib/python3.12/site-packages/airflow/example_dags/example_bash_operator.py
[2024-08-01T20:09:08.821+0000] {processor.py:830} INFO - Processing file /home/airflow/.local/lib/python3.12/site-packages/airflow/example_dags/example_bash_operator.py for tasks to queue
[2024-08-01T20:09:08.822+0000] {logging_mixin.py:188} INFO - [2024-08-01T20:09:08.822+0000] {dagbag.py:545} INFO - Filling up the DagBag from /home/airflow/.local/lib/python3.12/site-packages/airflow/example_dags/example_bash_operator.py
[2024-08-01T20:09:08.832+0000] {processor.py:840} INFO - DAG(s) 'example_bash_operator' retrieved from /home/airflow/.local/lib/python3.12/site-packages/airflow/example_dags/example_bash_operator.py
[2024-08-01T20:09:08.857+0000] {logging_mixin.py:188} INFO - [2024-08-01T20:09:08.857+0000] {dag.py:3089} INFO - Sync 1 DAGs
[2024-08-01T20:09:08.878+0000] {logging_mixin.py:188} INFO - [2024-08-01T20:09:08.877+0000] {dag.py:3947} INFO - Setting next_dagrun for example_bash_operator to 2024-07-31 00:00:00+00:00, run_after=2024-08-01 00:00:00+00:00
[2024-08-01T20:09:08.898+0000] {processor.py:183} INFO - Processing /home/airflow/.local/lib/python3.12/site-packages/airflow/example_dags/example_bash_operator.py took 0.083 seconds
[2024-08-01T20:11:21.508+0000] {processor.py:161} INFO - Started process (PID=80) to work on /home/airflow/.local/lib/python3.12/site-packages/airflow/example_dags/example_bash_operator.py
[2024-08-01T20:11:21.509+0000] {processor.py:830} INFO - Processing file /home/airflow/.local/lib/python3.12/site-packages/airflow/example_dags/example_bash_operator.py for tasks to queue
[2024-08-01T20:11:21.511+0000] {logging_mixin.py:188} INFO - [2024-08-01T20:11:21.511+0000] {dagbag.py:545} INFO - Filling up the DagBag from /home/airflow/.local/lib/python3.12/site-packages/airflow/example_dags/example_bash_operator.py
[2024-08-01T20:11:21.525+0000] {processor.py:840} INFO - DAG(s) 'example_bash_operator' retrieved from /home/airflow/.local/lib/python3.12/site-packages/airflow/example_dags/example_bash_operator.py
[2024-08-01T20:11:21.538+0000] {logging_mixin.py:188} INFO - [2024-08-01T20:11:21.537+0000] {dag.py:3089} INFO - Sync 1 DAGs
[2024-08-01T20:11:21.562+0000] {logging_mixin.py:188} INFO - [2024-08-01T20:11:21.562+0000] {dag.py:3947} INFO - Setting next_dagrun for example_bash_operator to 2024-07-31 00:00:00+00:00, run_after=2024-08-01 00:00:00+00:00
[2024-08-01T20:11:21.585+0000] {processor.py:183} INFO - Processing /home/airflow/.local/lib/python3.12/site-packages/airflow/example_dags/example_bash_operator.py took 0.082 seconds
[2024-08-01T20:11:52.671+0000] {processor.py:161} INFO - Started process (PID=138) to work on /home/airflow/.local/lib/python3.12/site-packages/airflow/example_dags/example_bash_operator.py
[2024-08-01T20:11:52.673+0000] {processor.py:830} INFO - Processing file /home/airflow/.local/lib/python3.12/site-packages/airflow/example_dags/example_bash_operator.py for tasks to queue
[2024-08-01T20:11:52.675+0000] {logging_mixin.py:188} INFO - [2024-08-01T20:11:52.674+0000] {dagbag.py:545} INFO - Filling up the DagBag from /home/airflow/.local/lib/python3.12/site-packages/airflow/example_dags/example_bash_operator.py
[2024-08-01T20:11:52.689+0000] {processor.py:840} INFO - DAG(s) 'example_bash_operator' retrieved from /home/airflow/.local/lib/python3.12/site-packages/airflow/example_dags/example_bash_operator.py
[2024-08-01T20:11:52.804+0000] {logging_mixin.py:188} INFO - [2024-08-01T20:11:52.804+0000] {dag.py:3089} INFO - Sync 1 DAGs
[2024-08-01T20:11:52.827+0000] {logging_mixin.py:188} INFO - [2024-08-01T20:11:52.827+0000] {dag.py:3947} INFO - Setting next_dagrun for example_bash_operator to 2024-07-31 00:00:00+00:00, run_after=2024-08-01 00:00:00+00:00
[2024-08-01T20:11:52.850+0000] {processor.py:183} INFO - Processing /home/airflow/.local/lib/python3.12/site-packages/airflow/example_dags/example_bash_operator.py took 0.185 seconds
[2024-08-01T20:12:23.054+0000] {processor.py:161} INFO - Started process (PID=196) to work on /home/airflow/.local/lib/python3.12/site-packages/airflow/example_dags/example_bash_operator.py
[2024-08-01T20:12:23.055+0000] {processor.py:830} INFO - Processing file /home/airflow/.local/lib/python3.12/site-packages/airflow/example_dags/example_bash_operator.py for tasks to queue
[2024-08-01T20:12:23.056+0000] {logging_mixin.py:188} INFO - [2024-08-01T20:12:23.056+0000] {dagbag.py:545} INFO - Filling up the DagBag from /home/airflow/.local/lib/python3.12/site-packages/airflow/example_dags/example_bash_operator.py
[2024-08-01T20:12:23.066+0000] {processor.py:840} INFO - DAG(s) 'example_bash_operator' retrieved from /home/airflow/.local/lib/python3.12/site-packages/airflow/example_dags/example_bash_operator.py
[2024-08-01T20:12:23.092+0000] {logging_mixin.py:188} INFO - [2024-08-01T20:12:23.091+0000] {dag.py:3089} INFO - Sync 1 DAGs
[2024-08-01T20:12:23.113+0000] {logging_mixin.py:188} INFO - [2024-08-01T20:12:23.112+0000] {dag.py:3947} INFO - Setting next_dagrun for example_bash_operator to 2024-07-31 00:00:00+00:00, run_after=2024-08-01 00:00:00+00:00
[2024-08-01T20:12:23.131+0000] {processor.py:183} INFO - Processing /home/airflow/.local/lib/python3.12/site-packages/airflow/example_dags/example_bash_operator.py took 0.082 seconds
[2024-08-01T20:12:53.431+0000] {processor.py:161} INFO - Started process (PID=254) to work on /home/airflow/.local/lib/python3.12/site-packages/airflow/example_dags/example_bash_operator.py
[2024-08-01T20:12:53.432+0000] {processor.py:830} INFO - Processing file /home/airflow/.local/lib/python3.12/site-packages/airflow/example_dags/example_bash_operator.py for tasks to queue
[2024-08-01T20:12:53.433+0000] {logging_mixin.py:188} INFO - [2024-08-01T20:12:53.433+0000] {dagbag.py:545} INFO - Filling up the DagBag from /home/airflow/.local/lib/python3.12/site-packages/airflow/example_dags/example_bash_operator.py
[2024-08-01T20:12:53.442+0000] {processor.py:840} INFO - DAG(s) 'example_bash_operator' retrieved from /home/airflow/.local/lib/python3.12/site-packages/airflow/example_dags/example_bash_operator.py
[2024-08-01T20:12:53.468+0000] {logging_mixin.py:188} INFO - [2024-08-01T20:12:53.468+0000] {dag.py:3089} INFO - Sync 1 DAGs
[2024-08-01T20:12:53.490+0000] {logging_mixin.py:188} INFO - [2024-08-01T20:12:53.490+0000] {dag.py:3947} INFO - Setting next_dagrun for example_bash_operator to 2024-07-31 00:00:00+00:00, run_after=2024-08-01 00:00:00+00:00
[2024-08-01T20:12:53.513+0000] {processor.py:183} INFO - Processing /home/airflow/.local/lib/python3.12/site-packages/airflow/example_dags/example_bash_operator.py took 0.086 seconds
[2024-08-01T20:13:23.561+0000] {processor.py:161} INFO - Started process (PID=312) to work on /home/airflow/.local/lib/python3.12/site-packages/airflow/example_dags/example_bash_operator.py
[2024-08-01T20:13:23.562+0000] {processor.py:830} INFO - Processing file /home/airflow/.local/lib/python3.12/site-packages/airflow/example_dags/example_bash_operator.py for tasks to queue
[2024-08-01T20:13:23.564+0000] {logging_mixin.py:188} INFO - [2024-08-01T20:13:23.564+0000] {dagbag.py:545} INFO - Filling up the DagBag from /home/airflow/.local/lib/python3.12/site-packages/airflow/example_dags/example_bash_operator.py
[2024-08-01T20:13:23.575+0000] {processor.py:840} INFO - DAG(s) 'example_bash_operator' retrieved from /home/airflow/.local/lib/python3.12/site-packages/airflow/example_dags/example_bash_operator.py
[2024-08-01T20:13:23.601+0000] {logging_mixin.py:188} INFO - [2024-08-01T20:13:23.601+0000] {dag.py:3089} INFO - Sync 1 DAGs
[2024-08-01T20:13:23.622+0000] {logging_mixin.py:188} INFO - [2024-08-01T20:13:23.621+0000] {dag.py:3947} INFO - Setting next_dagrun for example_bash_operator to 2024-07-31 00:00:00+00:00, run_after=2024-08-01 00:00:00+00:00
[2024-08-01T20:13:23.638+0000] {processor.py:183} INFO - Processing /home/airflow/.local/lib/python3.12/site-packages/airflow/example_dags/example_bash_operator.py took 0.082 seconds
[2024-08-01T20:13:53.660+0000] {processor.py:161} INFO - Started process (PID=369) to work on /home/airflow/.local/lib/python3.12/site-packages/airflow/example_dags/example_bash_operator.py
[2024-08-01T20:13:53.662+0000] {processor.py:830} INFO - Processing file /home/airflow/.local/lib/python3.12/site-packages/airflow/example_dags/example_bash_operator.py for tasks to queue
[2024-08-01T20:13:53.663+0000] {logging_mixin.py:188} INFO - [2024-08-01T20:13:53.663+0000] {dagbag.py:545} INFO - Filling up the DagBag from /home/airflow/.local/lib/python3.12/site-packages/airflow/example_dags/example_bash_operator.py
[2024-08-01T20:13:53.674+0000] {processor.py:840} INFO - DAG(s) 'example_bash_operator' retrieved from /home/airflow/.local/lib/python3.12/site-packages/airflow/example_dags/example_bash_operator.py
[2024-08-01T20:13:53.700+0000] {logging_mixin.py:188} INFO - [2024-08-01T20:13:53.700+0000] {dag.py:3089} INFO - Sync 1 DAGs
[2024-08-01T20:13:53.720+0000] {logging_mixin.py:188} INFO - [2024-08-01T20:13:53.720+0000] {dag.py:3947} INFO - Setting next_dagrun for example_bash_operator to 2024-07-31 00:00:00+00:00, run_after=2024-08-01 00:00:00+00:00
[2024-08-01T20:13:53.738+0000] {processor.py:183} INFO - Processing /home/airflow/.local/lib/python3.12/site-packages/airflow/example_dags/example_bash_operator.py took 0.083 seconds
[2024-08-01T20:14:24.040+0000] {processor.py:161} INFO - Started process (PID=427) to work on /home/airflow/.local/lib/python3.12/site-packages/airflow/example_dags/example_bash_operator.py
[2024-08-01T20:14:24.042+0000] {processor.py:830} INFO - Processing file /home/airflow/.local/lib/python3.12/site-packages/airflow/example_dags/example_bash_operator.py for tasks to queue
[2024-08-01T20:14:24.044+0000] {logging_mixin.py:188} INFO - [2024-08-01T20:14:24.044+0000] {dagbag.py:545} INFO - Filling up the DagBag from /home/airflow/.local/lib/python3.12/site-packages/airflow/example_dags/example_bash_operator.py
[2024-08-01T20:14:24.060+0000] {processor.py:840} INFO - DAG(s) 'example_bash_operator' retrieved from /home/airflow/.local/lib/python3.12/site-packages/airflow/example_dags/example_bash_operator.py
[2024-08-01T20:14:24.098+0000] {logging_mixin.py:188} INFO - [2024-08-01T20:14:24.097+0000] {dag.py:3089} INFO - Sync 1 DAGs
[2024-08-01T20:14:24.129+0000] {logging_mixin.py:188} INFO - [2024-08-01T20:14:24.128+0000] {dag.py:3947} INFO - Setting next_dagrun for example_bash_operator to 2024-07-31 00:00:00+00:00, run_after=2024-08-01 00:00:00+00:00
[2024-08-01T20:14:24.161+0000] {processor.py:183} INFO - Processing /home/airflow/.local/lib/python3.12/site-packages/airflow/example_dags/example_bash_operator.py took 0.125 seconds
[2024-08-01T20:14:54.661+0000] {processor.py:161} INFO - Started process (PID=485) to work on /home/airflow/.local/lib/python3.12/site-packages/airflow/example_dags/example_bash_operator.py
[2024-08-01T20:14:54.662+0000] {processor.py:830} INFO - Processing file /home/airflow/.local/lib/python3.12/site-packages/airflow/example_dags/example_bash_operator.py for tasks to queue
[2024-08-01T20:14:54.663+0000] {logging_mixin.py:188} INFO - [2024-08-01T20:14:54.663+0000] {dagbag.py:545} INFO - Filling up the DagBag from /home/airflow/.local/lib/python3.12/site-packages/airflow/example_dags/example_bash_operator.py
[2024-08-01T20:14:54.672+0000] {processor.py:840} INFO - DAG(s) 'example_bash_operator' retrieved from /home/airflow/.local/lib/python3.12/site-packages/airflow/example_dags/example_bash_operator.py
[2024-08-01T20:14:54.698+0000] {logging_mixin.py:188} INFO - [2024-08-01T20:14:54.698+0000] {dag.py:3089} INFO - Sync 1 DAGs
[2024-08-01T20:14:54.720+0000] {logging_mixin.py:188} INFO - [2024-08-01T20:14:54.719+0000] {dag.py:3947} INFO - Setting next_dagrun for example_bash_operator to 2024-07-31 00:00:00+00:00, run_after=2024-08-01 00:00:00+00:00
[2024-08-01T20:14:54.737+0000] {processor.py:183} INFO - Processing /home/airflow/.local/lib/python3.12/site-packages/airflow/example_dags/example_bash_operator.py took 0.081 seconds
[2024-08-01T20:15:24.825+0000] {processor.py:161} INFO - Started process (PID=543) to work on /home/airflow/.local/lib/python3.12/site-packages/airflow/example_dags/example_bash_operator.py
[2024-08-01T20:15:24.826+0000] {processor.py:830} INFO - Processing file /home/airflow/.local/lib/python3.12/site-packages/airflow/example_dags/example_bash_operator.py for tasks to queue
[2024-08-01T20:15:24.827+0000] {logging_mixin.py:188} INFO - [2024-08-01T20:15:24.827+0000] {dagbag.py:545} INFO - Filling up the DagBag from /home/airflow/.local/lib/python3.12/site-packages/airflow/example_dags/example_bash_operator.py
[2024-08-01T20:15:24.836+0000] {processor.py:840} INFO - DAG(s) 'example_bash_operator' retrieved from /home/airflow/.local/lib/python3.12/site-packages/airflow/example_dags/example_bash_operator.py
[2024-08-01T20:15:24.862+0000] {logging_mixin.py:188} INFO - [2024-08-01T20:15:24.862+0000] {dag.py:3089} INFO - Sync 1 DAGs
[2024-08-01T20:15:24.884+0000] {logging_mixin.py:188} INFO - [2024-08-01T20:15:24.883+0000] {dag.py:3947} INFO - Setting next_dagrun for example_bash_operator to 2024-07-31 00:00:00+00:00, run_after=2024-08-01 00:00:00+00:00
[2024-08-01T20:15:24.904+0000] {processor.py:183} INFO - Processing /home/airflow/.local/lib/python3.12/site-packages/airflow/example_dags/example_bash_operator.py took 0.084 seconds
[2024-08-01T20:15:55.060+0000] {processor.py:161} INFO - Started process (PID=601) to work on /home/airflow/.local/lib/python3.12/site-packages/airflow/example_dags/example_bash_operator.py
[2024-08-01T20:15:55.061+0000] {processor.py:830} INFO - Processing file /home/airflow/.local/lib/python3.12/site-packages/airflow/example_dags/example_bash_operator.py for tasks to queue
[2024-08-01T20:15:55.062+0000] {logging_mixin.py:188} INFO - [2024-08-01T20:15:55.062+0000] {dagbag.py:545} INFO - Filling up the DagBag from /home/airflow/.local/lib/python3.12/site-packages/airflow/example_dags/example_bash_operator.py
[2024-08-01T20:15:55.071+0000] {processor.py:840} INFO - DAG(s) 'example_bash_operator' retrieved from /home/airflow/.local/lib/python3.12/site-packages/airflow/example_dags/example_bash_operator.py
[2024-08-01T20:15:55.097+0000] {logging_mixin.py:188} INFO - [2024-08-01T20:15:55.097+0000] {dag.py:3089} INFO - Sync 1 DAGs
[2024-08-01T20:15:55.119+0000] {logging_mixin.py:188} INFO - [2024-08-01T20:15:55.119+0000] {dag.py:3947} INFO - Setting next_dagrun for example_bash_operator to 2024-07-31 00:00:00+00:00, run_after=2024-08-01 00:00:00+00:00
[2024-08-01T20:15:55.139+0000] {processor.py:183} INFO - Processing /home/airflow/.local/lib/python3.12/site-packages/airflow/example_dags/example_bash_operator.py took 0.084 seconds
[2024-08-01T20:16:25.680+0000] {processor.py:161} INFO - Started process (PID=659) to work on /home/airflow/.local/lib/python3.12/site-packages/airflow/example_dags/example_bash_operator.py
[2024-08-01T20:16:25.682+0000] {processor.py:830} INFO - Processing file /home/airflow/.local/lib/python3.12/site-packages/airflow/example_dags/example_bash_operator.py for tasks to queue
[2024-08-01T20:16:25.683+0000] {logging_mixin.py:188} INFO - [2024-08-01T20:16:25.683+0000] {dagbag.py:545} INFO - Filling up the DagBag from /home/airflow/.local/lib/python3.12/site-packages/airflow/example_dags/example_bash_operator.py
[2024-08-01T20:16:25.694+0000] {processor.py:840} INFO - DAG(s) 'example_bash_operator' retrieved from /home/airflow/.local/lib/python3.12/site-packages/airflow/example_dags/example_bash_operator.py
[2024-08-01T20:16:25.720+0000] {logging_mixin.py:188} INFO - [2024-08-01T20:16:25.720+0000] {dag.py:3089} INFO - Sync 1 DAGs
[2024-08-01T20:16:25.742+0000] {logging_mixin.py:188} INFO - [2024-08-01T20:16:25.742+0000] {dag.py:3947} INFO - Setting next_dagrun for example_bash_operator to 2024-07-31 00:00:00+00:00, run_after=2024-08-01 00:00:00+00:00
[2024-08-01T20:16:25.760+0000] {processor.py:183} INFO - Processing /home/airflow/.local/lib/python3.12/site-packages/airflow/example_dags/example_bash_operator.py took 0.084 seconds
