[2024-08-01T20:02:18.513+0000] {processor.py:161} INFO - Started process (PID=74) to work on /home/airflow/.local/lib/python3.12/site-packages/airflow/example_dags/example_skip_dag.py
[2024-08-01T20:02:18.517+0000] {processor.py:830} INFO - Processing file /home/airflow/.local/lib/python3.12/site-packages/airflow/example_dags/example_skip_dag.py for tasks to queue
[2024-08-01T20:02:18.521+0000] {logging_mixin.py:188} INFO - [2024-08-01T20:02:18.520+0000] {dagbag.py:545} INFO - Filling up the DagBag from /home/airflow/.local/lib/python3.12/site-packages/airflow/example_dags/example_skip_dag.py
[2024-08-01T20:02:18.534+0000] {processor.py:840} INFO - DAG(s) 'example_skip_dag' retrieved from /home/airflow/.local/lib/python3.12/site-packages/airflow/example_dags/example_skip_dag.py
[2024-08-01T20:02:18.550+0000] {logging_mixin.py:188} INFO - [2024-08-01T20:02:18.549+0000] {dag.py:3089} INFO - Sync 1 DAGs
[2024-08-01T20:02:18.813+0000] {logging_mixin.py:188} INFO - [2024-08-01T20:02:18.813+0000] {dag.py:3947} INFO - Setting next_dagrun for example_skip_dag to 2024-07-31 00:00:00+00:00, run_after=2024-08-01 00:00:00+00:00
[2024-08-01T20:02:18.851+0000] {processor.py:183} INFO - Processing /home/airflow/.local/lib/python3.12/site-packages/airflow/example_dags/example_skip_dag.py took 0.348 seconds
[2024-08-01T20:02:51.010+0000] {processor.py:161} INFO - Started process (PID=131) to work on /home/airflow/.local/lib/python3.12/site-packages/airflow/example_dags/example_skip_dag.py
[2024-08-01T20:02:51.011+0000] {processor.py:830} INFO - Processing file /home/airflow/.local/lib/python3.12/site-packages/airflow/example_dags/example_skip_dag.py for tasks to queue
[2024-08-01T20:02:51.012+0000] {logging_mixin.py:188} INFO - [2024-08-01T20:02:51.012+0000] {dagbag.py:545} INFO - Filling up the DagBag from /home/airflow/.local/lib/python3.12/site-packages/airflow/example_dags/example_skip_dag.py
[2024-08-01T20:02:51.018+0000] {processor.py:840} INFO - DAG(s) 'example_skip_dag' retrieved from /home/airflow/.local/lib/python3.12/site-packages/airflow/example_dags/example_skip_dag.py
[2024-08-01T20:02:51.117+0000] {logging_mixin.py:188} INFO - [2024-08-01T20:02:51.117+0000] {dag.py:3089} INFO - Sync 1 DAGs
[2024-08-01T20:02:51.136+0000] {logging_mixin.py:188} INFO - [2024-08-01T20:02:51.136+0000] {dag.py:3947} INFO - Setting next_dagrun for example_skip_dag to 2024-07-31 00:00:00+00:00, run_after=2024-08-01 00:00:00+00:00
[2024-08-01T20:02:51.155+0000] {processor.py:183} INFO - Processing /home/airflow/.local/lib/python3.12/site-packages/airflow/example_dags/example_skip_dag.py took 0.151 seconds
[2024-08-01T20:03:21.643+0000] {processor.py:161} INFO - Started process (PID=190) to work on /home/airflow/.local/lib/python3.12/site-packages/airflow/example_dags/example_skip_dag.py
[2024-08-01T20:03:21.644+0000] {processor.py:830} INFO - Processing file /home/airflow/.local/lib/python3.12/site-packages/airflow/example_dags/example_skip_dag.py for tasks to queue
[2024-08-01T20:03:21.646+0000] {logging_mixin.py:188} INFO - [2024-08-01T20:03:21.645+0000] {dagbag.py:545} INFO - Filling up the DagBag from /home/airflow/.local/lib/python3.12/site-packages/airflow/example_dags/example_skip_dag.py
[2024-08-01T20:03:21.653+0000] {processor.py:840} INFO - DAG(s) 'example_skip_dag' retrieved from /home/airflow/.local/lib/python3.12/site-packages/airflow/example_dags/example_skip_dag.py
[2024-08-01T20:03:21.675+0000] {logging_mixin.py:188} INFO - [2024-08-01T20:03:21.674+0000] {dag.py:3089} INFO - Sync 1 DAGs
[2024-08-01T20:03:21.696+0000] {logging_mixin.py:188} INFO - [2024-08-01T20:03:21.696+0000] {dag.py:3947} INFO - Setting next_dagrun for example_skip_dag to 2024-07-31 00:00:00+00:00, run_after=2024-08-01 00:00:00+00:00
[2024-08-01T20:03:21.717+0000] {processor.py:183} INFO - Processing /home/airflow/.local/lib/python3.12/site-packages/airflow/example_dags/example_skip_dag.py took 0.079 seconds
[2024-08-01T20:03:52.106+0000] {processor.py:161} INFO - Started process (PID=248) to work on /home/airflow/.local/lib/python3.12/site-packages/airflow/example_dags/example_skip_dag.py
[2024-08-01T20:03:52.107+0000] {processor.py:830} INFO - Processing file /home/airflow/.local/lib/python3.12/site-packages/airflow/example_dags/example_skip_dag.py for tasks to queue
[2024-08-01T20:03:52.109+0000] {logging_mixin.py:188} INFO - [2024-08-01T20:03:52.109+0000] {dagbag.py:545} INFO - Filling up the DagBag from /home/airflow/.local/lib/python3.12/site-packages/airflow/example_dags/example_skip_dag.py
[2024-08-01T20:03:52.115+0000] {processor.py:840} INFO - DAG(s) 'example_skip_dag' retrieved from /home/airflow/.local/lib/python3.12/site-packages/airflow/example_dags/example_skip_dag.py
[2024-08-01T20:03:52.134+0000] {logging_mixin.py:188} INFO - [2024-08-01T20:03:52.134+0000] {dag.py:3089} INFO - Sync 1 DAGs
[2024-08-01T20:03:52.154+0000] {logging_mixin.py:188} INFO - [2024-08-01T20:03:52.154+0000] {dag.py:3947} INFO - Setting next_dagrun for example_skip_dag to 2024-07-31 00:00:00+00:00, run_after=2024-08-01 00:00:00+00:00
[2024-08-01T20:03:52.223+0000] {processor.py:183} INFO - Processing /home/airflow/.local/lib/python3.12/site-packages/airflow/example_dags/example_skip_dag.py took 0.123 seconds
[2024-08-01T20:04:22.670+0000] {processor.py:161} INFO - Started process (PID=306) to work on /home/airflow/.local/lib/python3.12/site-packages/airflow/example_dags/example_skip_dag.py
[2024-08-01T20:04:22.671+0000] {processor.py:830} INFO - Processing file /home/airflow/.local/lib/python3.12/site-packages/airflow/example_dags/example_skip_dag.py for tasks to queue
[2024-08-01T20:04:22.672+0000] {logging_mixin.py:188} INFO - [2024-08-01T20:04:22.672+0000] {dagbag.py:545} INFO - Filling up the DagBag from /home/airflow/.local/lib/python3.12/site-packages/airflow/example_dags/example_skip_dag.py
[2024-08-01T20:04:22.679+0000] {processor.py:840} INFO - DAG(s) 'example_skip_dag' retrieved from /home/airflow/.local/lib/python3.12/site-packages/airflow/example_dags/example_skip_dag.py
[2024-08-01T20:04:22.701+0000] {logging_mixin.py:188} INFO - [2024-08-01T20:04:22.701+0000] {dag.py:3089} INFO - Sync 1 DAGs
[2024-08-01T20:04:22.725+0000] {logging_mixin.py:188} INFO - [2024-08-01T20:04:22.725+0000] {dag.py:3947} INFO - Setting next_dagrun for example_skip_dag to 2024-07-31 00:00:00+00:00, run_after=2024-08-01 00:00:00+00:00
[2024-08-01T20:04:22.745+0000] {processor.py:183} INFO - Processing /home/airflow/.local/lib/python3.12/site-packages/airflow/example_dags/example_skip_dag.py took 0.080 seconds
[2024-08-01T20:04:53.193+0000] {processor.py:161} INFO - Started process (PID=364) to work on /home/airflow/.local/lib/python3.12/site-packages/airflow/example_dags/example_skip_dag.py
[2024-08-01T20:04:53.194+0000] {processor.py:830} INFO - Processing file /home/airflow/.local/lib/python3.12/site-packages/airflow/example_dags/example_skip_dag.py for tasks to queue
[2024-08-01T20:04:53.196+0000] {logging_mixin.py:188} INFO - [2024-08-01T20:04:53.195+0000] {dagbag.py:545} INFO - Filling up the DagBag from /home/airflow/.local/lib/python3.12/site-packages/airflow/example_dags/example_skip_dag.py
[2024-08-01T20:04:53.202+0000] {processor.py:840} INFO - DAG(s) 'example_skip_dag' retrieved from /home/airflow/.local/lib/python3.12/site-packages/airflow/example_dags/example_skip_dag.py
[2024-08-01T20:04:53.224+0000] {logging_mixin.py:188} INFO - [2024-08-01T20:04:53.224+0000] {dag.py:3089} INFO - Sync 1 DAGs
[2024-08-01T20:04:53.247+0000] {logging_mixin.py:188} INFO - [2024-08-01T20:04:53.247+0000] {dag.py:3947} INFO - Setting next_dagrun for example_skip_dag to 2024-07-31 00:00:00+00:00, run_after=2024-08-01 00:00:00+00:00
[2024-08-01T20:04:53.268+0000] {processor.py:183} INFO - Processing /home/airflow/.local/lib/python3.12/site-packages/airflow/example_dags/example_skip_dag.py took 0.080 seconds
[2024-08-01T20:05:23.908+0000] {processor.py:161} INFO - Started process (PID=422) to work on /home/airflow/.local/lib/python3.12/site-packages/airflow/example_dags/example_skip_dag.py
[2024-08-01T20:05:23.909+0000] {processor.py:830} INFO - Processing file /home/airflow/.local/lib/python3.12/site-packages/airflow/example_dags/example_skip_dag.py for tasks to queue
[2024-08-01T20:05:23.911+0000] {logging_mixin.py:188} INFO - [2024-08-01T20:05:23.910+0000] {dagbag.py:545} INFO - Filling up the DagBag from /home/airflow/.local/lib/python3.12/site-packages/airflow/example_dags/example_skip_dag.py
[2024-08-01T20:05:23.915+0000] {processor.py:840} INFO - DAG(s) 'example_skip_dag' retrieved from /home/airflow/.local/lib/python3.12/site-packages/airflow/example_dags/example_skip_dag.py
[2024-08-01T20:05:23.934+0000] {logging_mixin.py:188} INFO - [2024-08-01T20:05:23.934+0000] {dag.py:3089} INFO - Sync 1 DAGs
[2024-08-01T20:05:23.954+0000] {logging_mixin.py:188} INFO - [2024-08-01T20:05:23.954+0000] {dag.py:3947} INFO - Setting next_dagrun for example_skip_dag to 2024-07-31 00:00:00+00:00, run_after=2024-08-01 00:00:00+00:00
[2024-08-01T20:05:23.971+0000] {processor.py:183} INFO - Processing /home/airflow/.local/lib/python3.12/site-packages/airflow/example_dags/example_skip_dag.py took 0.068 seconds
[2024-08-01T20:05:54.077+0000] {processor.py:161} INFO - Started process (PID=479) to work on /home/airflow/.local/lib/python3.12/site-packages/airflow/example_dags/example_skip_dag.py
[2024-08-01T20:05:54.078+0000] {processor.py:830} INFO - Processing file /home/airflow/.local/lib/python3.12/site-packages/airflow/example_dags/example_skip_dag.py for tasks to queue
[2024-08-01T20:05:54.079+0000] {logging_mixin.py:188} INFO - [2024-08-01T20:05:54.079+0000] {dagbag.py:545} INFO - Filling up the DagBag from /home/airflow/.local/lib/python3.12/site-packages/airflow/example_dags/example_skip_dag.py
[2024-08-01T20:05:54.084+0000] {processor.py:840} INFO - DAG(s) 'example_skip_dag' retrieved from /home/airflow/.local/lib/python3.12/site-packages/airflow/example_dags/example_skip_dag.py
[2024-08-01T20:05:54.105+0000] {logging_mixin.py:188} INFO - [2024-08-01T20:05:54.105+0000] {dag.py:3089} INFO - Sync 1 DAGs
[2024-08-01T20:05:54.125+0000] {logging_mixin.py:188} INFO - [2024-08-01T20:05:54.125+0000] {dag.py:3947} INFO - Setting next_dagrun for example_skip_dag to 2024-07-31 00:00:00+00:00, run_after=2024-08-01 00:00:00+00:00
[2024-08-01T20:05:54.158+0000] {processor.py:183} INFO - Processing /home/airflow/.local/lib/python3.12/site-packages/airflow/example_dags/example_skip_dag.py took 0.085 seconds
[2024-08-01T20:06:34.842+0000] {processor.py:161} INFO - Started process (PID=68) to work on /home/airflow/.local/lib/python3.12/site-packages/airflow/example_dags/example_skip_dag.py
[2024-08-01T20:06:34.843+0000] {processor.py:830} INFO - Processing file /home/airflow/.local/lib/python3.12/site-packages/airflow/example_dags/example_skip_dag.py for tasks to queue
[2024-08-01T20:06:34.844+0000] {logging_mixin.py:188} INFO - [2024-08-01T20:06:34.844+0000] {dagbag.py:545} INFO - Filling up the DagBag from /home/airflow/.local/lib/python3.12/site-packages/airflow/example_dags/example_skip_dag.py
[2024-08-01T20:06:34.851+0000] {processor.py:840} INFO - DAG(s) 'example_skip_dag' retrieved from /home/airflow/.local/lib/python3.12/site-packages/airflow/example_dags/example_skip_dag.py
[2024-08-01T20:06:34.872+0000] {logging_mixin.py:188} INFO - [2024-08-01T20:06:34.872+0000] {dag.py:3089} INFO - Sync 1 DAGs
[2024-08-01T20:06:34.893+0000] {logging_mixin.py:188} INFO - [2024-08-01T20:06:34.893+0000] {dag.py:3947} INFO - Setting next_dagrun for example_skip_dag to 2024-07-31 00:00:00+00:00, run_after=2024-08-01 00:00:00+00:00
[2024-08-01T20:06:34.946+0000] {processor.py:183} INFO - Processing /home/airflow/.local/lib/python3.12/site-packages/airflow/example_dags/example_skip_dag.py took 0.108 seconds
[2024-08-01T20:07:05.882+0000] {processor.py:161} INFO - Started process (PID=126) to work on /home/airflow/.local/lib/python3.12/site-packages/airflow/example_dags/example_skip_dag.py
[2024-08-01T20:07:05.884+0000] {processor.py:830} INFO - Processing file /home/airflow/.local/lib/python3.12/site-packages/airflow/example_dags/example_skip_dag.py for tasks to queue
[2024-08-01T20:07:05.886+0000] {logging_mixin.py:188} INFO - [2024-08-01T20:07:05.886+0000] {dagbag.py:545} INFO - Filling up the DagBag from /home/airflow/.local/lib/python3.12/site-packages/airflow/example_dags/example_skip_dag.py
[2024-08-01T20:07:05.893+0000] {processor.py:840} INFO - DAG(s) 'example_skip_dag' retrieved from /home/airflow/.local/lib/python3.12/site-packages/airflow/example_dags/example_skip_dag.py
[2024-08-01T20:07:05.930+0000] {logging_mixin.py:188} INFO - [2024-08-01T20:07:05.930+0000] {dag.py:3089} INFO - Sync 1 DAGs
[2024-08-01T20:07:05.967+0000] {logging_mixin.py:188} INFO - [2024-08-01T20:07:05.967+0000] {dag.py:3947} INFO - Setting next_dagrun for example_skip_dag to 2024-07-31 00:00:00+00:00, run_after=2024-08-01 00:00:00+00:00
[2024-08-01T20:07:05.990+0000] {processor.py:183} INFO - Processing /home/airflow/.local/lib/python3.12/site-packages/airflow/example_dags/example_skip_dag.py took 0.123 seconds
[2024-08-01T20:07:36.880+0000] {processor.py:161} INFO - Started process (PID=184) to work on /home/airflow/.local/lib/python3.12/site-packages/airflow/example_dags/example_skip_dag.py
[2024-08-01T20:07:36.881+0000] {processor.py:830} INFO - Processing file /home/airflow/.local/lib/python3.12/site-packages/airflow/example_dags/example_skip_dag.py for tasks to queue
[2024-08-01T20:07:36.882+0000] {logging_mixin.py:188} INFO - [2024-08-01T20:07:36.882+0000] {dagbag.py:545} INFO - Filling up the DagBag from /home/airflow/.local/lib/python3.12/site-packages/airflow/example_dags/example_skip_dag.py
[2024-08-01T20:07:36.887+0000] {processor.py:840} INFO - DAG(s) 'example_skip_dag' retrieved from /home/airflow/.local/lib/python3.12/site-packages/airflow/example_dags/example_skip_dag.py
[2024-08-01T20:07:36.907+0000] {logging_mixin.py:188} INFO - [2024-08-01T20:07:36.906+0000] {dag.py:3089} INFO - Sync 1 DAGs
[2024-08-01T20:07:36.925+0000] {logging_mixin.py:188} INFO - [2024-08-01T20:07:36.925+0000] {dag.py:3947} INFO - Setting next_dagrun for example_skip_dag to 2024-07-31 00:00:00+00:00, run_after=2024-08-01 00:00:00+00:00
[2024-08-01T20:07:36.945+0000] {processor.py:183} INFO - Processing /home/airflow/.local/lib/python3.12/site-packages/airflow/example_dags/example_skip_dag.py took 0.069 seconds
[2024-08-01T20:08:07.262+0000] {processor.py:161} INFO - Started process (PID=242) to work on /home/airflow/.local/lib/python3.12/site-packages/airflow/example_dags/example_skip_dag.py
[2024-08-01T20:08:07.263+0000] {processor.py:830} INFO - Processing file /home/airflow/.local/lib/python3.12/site-packages/airflow/example_dags/example_skip_dag.py for tasks to queue
[2024-08-01T20:08:07.265+0000] {logging_mixin.py:188} INFO - [2024-08-01T20:08:07.264+0000] {dagbag.py:545} INFO - Filling up the DagBag from /home/airflow/.local/lib/python3.12/site-packages/airflow/example_dags/example_skip_dag.py
[2024-08-01T20:08:07.270+0000] {processor.py:840} INFO - DAG(s) 'example_skip_dag' retrieved from /home/airflow/.local/lib/python3.12/site-packages/airflow/example_dags/example_skip_dag.py
[2024-08-01T20:08:07.289+0000] {logging_mixin.py:188} INFO - [2024-08-01T20:08:07.289+0000] {dag.py:3089} INFO - Sync 1 DAGs
[2024-08-01T20:08:07.310+0000] {logging_mixin.py:188} INFO - [2024-08-01T20:08:07.310+0000] {dag.py:3947} INFO - Setting next_dagrun for example_skip_dag to 2024-07-31 00:00:00+00:00, run_after=2024-08-01 00:00:00+00:00
[2024-08-01T20:08:07.330+0000] {processor.py:183} INFO - Processing /home/airflow/.local/lib/python3.12/site-packages/airflow/example_dags/example_skip_dag.py took 0.072 seconds
[2024-08-01T20:08:37.733+0000] {processor.py:161} INFO - Started process (PID=300) to work on /home/airflow/.local/lib/python3.12/site-packages/airflow/example_dags/example_skip_dag.py
[2024-08-01T20:08:37.734+0000] {processor.py:830} INFO - Processing file /home/airflow/.local/lib/python3.12/site-packages/airflow/example_dags/example_skip_dag.py for tasks to queue
[2024-08-01T20:08:37.735+0000] {logging_mixin.py:188} INFO - [2024-08-01T20:08:37.735+0000] {dagbag.py:545} INFO - Filling up the DagBag from /home/airflow/.local/lib/python3.12/site-packages/airflow/example_dags/example_skip_dag.py
[2024-08-01T20:08:37.741+0000] {processor.py:840} INFO - DAG(s) 'example_skip_dag' retrieved from /home/airflow/.local/lib/python3.12/site-packages/airflow/example_dags/example_skip_dag.py
[2024-08-01T20:08:37.761+0000] {logging_mixin.py:188} INFO - [2024-08-01T20:08:37.761+0000] {dag.py:3089} INFO - Sync 1 DAGs
[2024-08-01T20:08:37.780+0000] {logging_mixin.py:188} INFO - [2024-08-01T20:08:37.780+0000] {dag.py:3947} INFO - Setting next_dagrun for example_skip_dag to 2024-07-31 00:00:00+00:00, run_after=2024-08-01 00:00:00+00:00
[2024-08-01T20:08:37.802+0000] {processor.py:183} INFO - Processing /home/airflow/.local/lib/python3.12/site-packages/airflow/example_dags/example_skip_dag.py took 0.074 seconds
[2024-08-01T20:09:08.051+0000] {processor.py:161} INFO - Started process (PID=358) to work on /home/airflow/.local/lib/python3.12/site-packages/airflow/example_dags/example_skip_dag.py
[2024-08-01T20:09:08.052+0000] {processor.py:830} INFO - Processing file /home/airflow/.local/lib/python3.12/site-packages/airflow/example_dags/example_skip_dag.py for tasks to queue
[2024-08-01T20:09:08.054+0000] {logging_mixin.py:188} INFO - [2024-08-01T20:09:08.054+0000] {dagbag.py:545} INFO - Filling up the DagBag from /home/airflow/.local/lib/python3.12/site-packages/airflow/example_dags/example_skip_dag.py
[2024-08-01T20:09:08.059+0000] {processor.py:840} INFO - DAG(s) 'example_skip_dag' retrieved from /home/airflow/.local/lib/python3.12/site-packages/airflow/example_dags/example_skip_dag.py
[2024-08-01T20:09:08.078+0000] {logging_mixin.py:188} INFO - [2024-08-01T20:09:08.078+0000] {dag.py:3089} INFO - Sync 1 DAGs
[2024-08-01T20:09:08.097+0000] {logging_mixin.py:188} INFO - [2024-08-01T20:09:08.097+0000] {dag.py:3947} INFO - Setting next_dagrun for example_skip_dag to 2024-07-31 00:00:00+00:00, run_after=2024-08-01 00:00:00+00:00
[2024-08-01T20:09:08.114+0000] {processor.py:183} INFO - Processing /home/airflow/.local/lib/python3.12/site-packages/airflow/example_dags/example_skip_dag.py took 0.068 seconds
[2024-08-01T20:11:20.177+0000] {processor.py:161} INFO - Started process (PID=72) to work on /home/airflow/.local/lib/python3.12/site-packages/airflow/example_dags/example_skip_dag.py
[2024-08-01T20:11:20.180+0000] {processor.py:830} INFO - Processing file /home/airflow/.local/lib/python3.12/site-packages/airflow/example_dags/example_skip_dag.py for tasks to queue
[2024-08-01T20:11:20.182+0000] {logging_mixin.py:188} INFO - [2024-08-01T20:11:20.182+0000] {dagbag.py:545} INFO - Filling up the DagBag from /home/airflow/.local/lib/python3.12/site-packages/airflow/example_dags/example_skip_dag.py
[2024-08-01T20:11:20.196+0000] {processor.py:840} INFO - DAG(s) 'example_skip_dag' retrieved from /home/airflow/.local/lib/python3.12/site-packages/airflow/example_dags/example_skip_dag.py
[2024-08-01T20:11:20.215+0000] {logging_mixin.py:188} INFO - [2024-08-01T20:11:20.215+0000] {dag.py:3089} INFO - Sync 1 DAGs
[2024-08-01T20:11:20.252+0000] {logging_mixin.py:188} INFO - [2024-08-01T20:11:20.252+0000] {dag.py:3947} INFO - Setting next_dagrun for example_skip_dag to 2024-07-31 00:00:00+00:00, run_after=2024-08-01 00:00:00+00:00
[2024-08-01T20:11:20.279+0000] {processor.py:183} INFO - Processing /home/airflow/.local/lib/python3.12/site-packages/airflow/example_dags/example_skip_dag.py took 0.109 seconds
[2024-08-01T20:11:50.739+0000] {processor.py:161} INFO - Started process (PID=124) to work on /home/airflow/.local/lib/python3.12/site-packages/airflow/example_dags/example_skip_dag.py
[2024-08-01T20:11:50.740+0000] {processor.py:830} INFO - Processing file /home/airflow/.local/lib/python3.12/site-packages/airflow/example_dags/example_skip_dag.py for tasks to queue
[2024-08-01T20:11:50.742+0000] {logging_mixin.py:188} INFO - [2024-08-01T20:11:50.741+0000] {dagbag.py:545} INFO - Filling up the DagBag from /home/airflow/.local/lib/python3.12/site-packages/airflow/example_dags/example_skip_dag.py
[2024-08-01T20:11:50.748+0000] {processor.py:840} INFO - DAG(s) 'example_skip_dag' retrieved from /home/airflow/.local/lib/python3.12/site-packages/airflow/example_dags/example_skip_dag.py
[2024-08-01T20:11:50.847+0000] {logging_mixin.py:188} INFO - [2024-08-01T20:11:50.847+0000] {dag.py:3089} INFO - Sync 1 DAGs
[2024-08-01T20:11:50.867+0000] {logging_mixin.py:188} INFO - [2024-08-01T20:11:50.867+0000] {dag.py:3947} INFO - Setting next_dagrun for example_skip_dag to 2024-07-31 00:00:00+00:00, run_after=2024-08-01 00:00:00+00:00
[2024-08-01T20:11:50.890+0000] {processor.py:183} INFO - Processing /home/airflow/.local/lib/python3.12/site-packages/airflow/example_dags/example_skip_dag.py took 0.156 seconds
[2024-08-01T20:12:21.498+0000] {processor.py:161} INFO - Started process (PID=188) to work on /home/airflow/.local/lib/python3.12/site-packages/airflow/example_dags/example_skip_dag.py
[2024-08-01T20:12:21.500+0000] {processor.py:830} INFO - Processing file /home/airflow/.local/lib/python3.12/site-packages/airflow/example_dags/example_skip_dag.py for tasks to queue
[2024-08-01T20:12:21.501+0000] {logging_mixin.py:188} INFO - [2024-08-01T20:12:21.501+0000] {dagbag.py:545} INFO - Filling up the DagBag from /home/airflow/.local/lib/python3.12/site-packages/airflow/example_dags/example_skip_dag.py
[2024-08-01T20:12:21.506+0000] {processor.py:840} INFO - DAG(s) 'example_skip_dag' retrieved from /home/airflow/.local/lib/python3.12/site-packages/airflow/example_dags/example_skip_dag.py
[2024-08-01T20:12:21.528+0000] {logging_mixin.py:188} INFO - [2024-08-01T20:12:21.528+0000] {dag.py:3089} INFO - Sync 1 DAGs
[2024-08-01T20:12:21.550+0000] {logging_mixin.py:188} INFO - [2024-08-01T20:12:21.550+0000] {dag.py:3947} INFO - Setting next_dagrun for example_skip_dag to 2024-07-31 00:00:00+00:00, run_after=2024-08-01 00:00:00+00:00
[2024-08-01T20:12:21.571+0000] {processor.py:183} INFO - Processing /home/airflow/.local/lib/python3.12/site-packages/airflow/example_dags/example_skip_dag.py took 0.078 seconds
[2024-08-01T20:12:51.925+0000] {processor.py:161} INFO - Started process (PID=246) to work on /home/airflow/.local/lib/python3.12/site-packages/airflow/example_dags/example_skip_dag.py
[2024-08-01T20:12:51.926+0000] {processor.py:830} INFO - Processing file /home/airflow/.local/lib/python3.12/site-packages/airflow/example_dags/example_skip_dag.py for tasks to queue
[2024-08-01T20:12:51.927+0000] {logging_mixin.py:188} INFO - [2024-08-01T20:12:51.927+0000] {dagbag.py:545} INFO - Filling up the DagBag from /home/airflow/.local/lib/python3.12/site-packages/airflow/example_dags/example_skip_dag.py
[2024-08-01T20:12:51.932+0000] {processor.py:840} INFO - DAG(s) 'example_skip_dag' retrieved from /home/airflow/.local/lib/python3.12/site-packages/airflow/example_dags/example_skip_dag.py
[2024-08-01T20:12:51.951+0000] {logging_mixin.py:188} INFO - [2024-08-01T20:12:51.950+0000] {dag.py:3089} INFO - Sync 1 DAGs
[2024-08-01T20:12:51.972+0000] {logging_mixin.py:188} INFO - [2024-08-01T20:12:51.971+0000] {dag.py:3947} INFO - Setting next_dagrun for example_skip_dag to 2024-07-31 00:00:00+00:00, run_after=2024-08-01 00:00:00+00:00
[2024-08-01T20:12:51.992+0000] {processor.py:183} INFO - Processing /home/airflow/.local/lib/python3.12/site-packages/airflow/example_dags/example_skip_dag.py took 0.071 seconds
[2024-08-01T20:13:22.015+0000] {processor.py:161} INFO - Started process (PID=303) to work on /home/airflow/.local/lib/python3.12/site-packages/airflow/example_dags/example_skip_dag.py
[2024-08-01T20:13:22.016+0000] {processor.py:830} INFO - Processing file /home/airflow/.local/lib/python3.12/site-packages/airflow/example_dags/example_skip_dag.py for tasks to queue
[2024-08-01T20:13:22.018+0000] {logging_mixin.py:188} INFO - [2024-08-01T20:13:22.017+0000] {dagbag.py:545} INFO - Filling up the DagBag from /home/airflow/.local/lib/python3.12/site-packages/airflow/example_dags/example_skip_dag.py
[2024-08-01T20:13:22.024+0000] {processor.py:840} INFO - DAG(s) 'example_skip_dag' retrieved from /home/airflow/.local/lib/python3.12/site-packages/airflow/example_dags/example_skip_dag.py
[2024-08-01T20:13:22.044+0000] {logging_mixin.py:188} INFO - [2024-08-01T20:13:22.044+0000] {dag.py:3089} INFO - Sync 1 DAGs
[2024-08-01T20:13:22.064+0000] {logging_mixin.py:188} INFO - [2024-08-01T20:13:22.063+0000] {dag.py:3947} INFO - Setting next_dagrun for example_skip_dag to 2024-07-31 00:00:00+00:00, run_after=2024-08-01 00:00:00+00:00
[2024-08-01T20:13:22.083+0000] {processor.py:183} INFO - Processing /home/airflow/.local/lib/python3.12/site-packages/airflow/example_dags/example_skip_dag.py took 0.073 seconds
[2024-08-01T20:13:52.140+0000] {processor.py:161} INFO - Started process (PID=361) to work on /home/airflow/.local/lib/python3.12/site-packages/airflow/example_dags/example_skip_dag.py
[2024-08-01T20:13:52.142+0000] {processor.py:830} INFO - Processing file /home/airflow/.local/lib/python3.12/site-packages/airflow/example_dags/example_skip_dag.py for tasks to queue
[2024-08-01T20:13:52.144+0000] {logging_mixin.py:188} INFO - [2024-08-01T20:13:52.143+0000] {dagbag.py:545} INFO - Filling up the DagBag from /home/airflow/.local/lib/python3.12/site-packages/airflow/example_dags/example_skip_dag.py
[2024-08-01T20:13:52.149+0000] {processor.py:840} INFO - DAG(s) 'example_skip_dag' retrieved from /home/airflow/.local/lib/python3.12/site-packages/airflow/example_dags/example_skip_dag.py
[2024-08-01T20:13:52.167+0000] {logging_mixin.py:188} INFO - [2024-08-01T20:13:52.167+0000] {dag.py:3089} INFO - Sync 1 DAGs
[2024-08-01T20:13:52.186+0000] {logging_mixin.py:188} INFO - [2024-08-01T20:13:52.185+0000] {dag.py:3947} INFO - Setting next_dagrun for example_skip_dag to 2024-07-31 00:00:00+00:00, run_after=2024-08-01 00:00:00+00:00
[2024-08-01T20:13:52.206+0000] {processor.py:183} INFO - Processing /home/airflow/.local/lib/python3.12/site-packages/airflow/example_dags/example_skip_dag.py took 0.070 seconds
[2024-08-01T20:14:22.626+0000] {processor.py:161} INFO - Started process (PID=419) to work on /home/airflow/.local/lib/python3.12/site-packages/airflow/example_dags/example_skip_dag.py
[2024-08-01T20:14:22.627+0000] {processor.py:830} INFO - Processing file /home/airflow/.local/lib/python3.12/site-packages/airflow/example_dags/example_skip_dag.py for tasks to queue
[2024-08-01T20:14:22.629+0000] {logging_mixin.py:188} INFO - [2024-08-01T20:14:22.628+0000] {dagbag.py:545} INFO - Filling up the DagBag from /home/airflow/.local/lib/python3.12/site-packages/airflow/example_dags/example_skip_dag.py
[2024-08-01T20:14:22.635+0000] {processor.py:840} INFO - DAG(s) 'example_skip_dag' retrieved from /home/airflow/.local/lib/python3.12/site-packages/airflow/example_dags/example_skip_dag.py
[2024-08-01T20:14:22.656+0000] {logging_mixin.py:188} INFO - [2024-08-01T20:14:22.656+0000] {dag.py:3089} INFO - Sync 1 DAGs
[2024-08-01T20:14:22.678+0000] {logging_mixin.py:188} INFO - [2024-08-01T20:14:22.678+0000] {dag.py:3947} INFO - Setting next_dagrun for example_skip_dag to 2024-07-31 00:00:00+00:00, run_after=2024-08-01 00:00:00+00:00
[2024-08-01T20:14:22.700+0000] {processor.py:183} INFO - Processing /home/airflow/.local/lib/python3.12/site-packages/airflow/example_dags/example_skip_dag.py took 0.079 seconds
[2024-08-01T20:14:53.313+0000] {processor.py:161} INFO - Started process (PID=478) to work on /home/airflow/.local/lib/python3.12/site-packages/airflow/example_dags/example_skip_dag.py
[2024-08-01T20:14:53.314+0000] {processor.py:830} INFO - Processing file /home/airflow/.local/lib/python3.12/site-packages/airflow/example_dags/example_skip_dag.py for tasks to queue
[2024-08-01T20:14:53.315+0000] {logging_mixin.py:188} INFO - [2024-08-01T20:14:53.315+0000] {dagbag.py:545} INFO - Filling up the DagBag from /home/airflow/.local/lib/python3.12/site-packages/airflow/example_dags/example_skip_dag.py
[2024-08-01T20:14:53.320+0000] {processor.py:840} INFO - DAG(s) 'example_skip_dag' retrieved from /home/airflow/.local/lib/python3.12/site-packages/airflow/example_dags/example_skip_dag.py
[2024-08-01T20:14:53.339+0000] {logging_mixin.py:188} INFO - [2024-08-01T20:14:53.338+0000] {dag.py:3089} INFO - Sync 1 DAGs
[2024-08-01T20:14:53.358+0000] {logging_mixin.py:188} INFO - [2024-08-01T20:14:53.358+0000] {dag.py:3947} INFO - Setting next_dagrun for example_skip_dag to 2024-07-31 00:00:00+00:00, run_after=2024-08-01 00:00:00+00:00
[2024-08-01T20:14:53.378+0000] {processor.py:183} INFO - Processing /home/airflow/.local/lib/python3.12/site-packages/airflow/example_dags/example_skip_dag.py took 0.070 seconds
[2024-08-01T20:15:23.421+0000] {processor.py:161} INFO - Started process (PID=535) to work on /home/airflow/.local/lib/python3.12/site-packages/airflow/example_dags/example_skip_dag.py
[2024-08-01T20:15:23.422+0000] {processor.py:830} INFO - Processing file /home/airflow/.local/lib/python3.12/site-packages/airflow/example_dags/example_skip_dag.py for tasks to queue
[2024-08-01T20:15:23.423+0000] {logging_mixin.py:188} INFO - [2024-08-01T20:15:23.423+0000] {dagbag.py:545} INFO - Filling up the DagBag from /home/airflow/.local/lib/python3.12/site-packages/airflow/example_dags/example_skip_dag.py
[2024-08-01T20:15:23.428+0000] {processor.py:840} INFO - DAG(s) 'example_skip_dag' retrieved from /home/airflow/.local/lib/python3.12/site-packages/airflow/example_dags/example_skip_dag.py
[2024-08-01T20:15:23.449+0000] {logging_mixin.py:188} INFO - [2024-08-01T20:15:23.448+0000] {dag.py:3089} INFO - Sync 1 DAGs
[2024-08-01T20:15:23.470+0000] {logging_mixin.py:188} INFO - [2024-08-01T20:15:23.469+0000] {dag.py:3947} INFO - Setting next_dagrun for example_skip_dag to 2024-07-31 00:00:00+00:00, run_after=2024-08-01 00:00:00+00:00
[2024-08-01T20:15:23.489+0000] {processor.py:183} INFO - Processing /home/airflow/.local/lib/python3.12/site-packages/airflow/example_dags/example_skip_dag.py took 0.072 seconds
[2024-08-01T20:15:53.704+0000] {processor.py:161} INFO - Started process (PID=594) to work on /home/airflow/.local/lib/python3.12/site-packages/airflow/example_dags/example_skip_dag.py
[2024-08-01T20:15:53.706+0000] {processor.py:830} INFO - Processing file /home/airflow/.local/lib/python3.12/site-packages/airflow/example_dags/example_skip_dag.py for tasks to queue
[2024-08-01T20:15:53.707+0000] {logging_mixin.py:188} INFO - [2024-08-01T20:15:53.707+0000] {dagbag.py:545} INFO - Filling up the DagBag from /home/airflow/.local/lib/python3.12/site-packages/airflow/example_dags/example_skip_dag.py
[2024-08-01T20:15:53.717+0000] {processor.py:840} INFO - DAG(s) 'example_skip_dag' retrieved from /home/airflow/.local/lib/python3.12/site-packages/airflow/example_dags/example_skip_dag.py
[2024-08-01T20:15:53.736+0000] {logging_mixin.py:188} INFO - [2024-08-01T20:15:53.735+0000] {dag.py:3089} INFO - Sync 1 DAGs
[2024-08-01T20:15:53.755+0000] {logging_mixin.py:188} INFO - [2024-08-01T20:15:53.755+0000] {dag.py:3947} INFO - Setting next_dagrun for example_skip_dag to 2024-07-31 00:00:00+00:00, run_after=2024-08-01 00:00:00+00:00
[2024-08-01T20:15:53.774+0000] {processor.py:183} INFO - Processing /home/airflow/.local/lib/python3.12/site-packages/airflow/example_dags/example_skip_dag.py took 0.077 seconds
[2024-08-01T20:16:24.219+0000] {processor.py:161} INFO - Started process (PID=652) to work on /home/airflow/.local/lib/python3.12/site-packages/airflow/example_dags/example_skip_dag.py
[2024-08-01T20:16:24.221+0000] {processor.py:830} INFO - Processing file /home/airflow/.local/lib/python3.12/site-packages/airflow/example_dags/example_skip_dag.py for tasks to queue
[2024-08-01T20:16:24.223+0000] {logging_mixin.py:188} INFO - [2024-08-01T20:16:24.223+0000] {dagbag.py:545} INFO - Filling up the DagBag from /home/airflow/.local/lib/python3.12/site-packages/airflow/example_dags/example_skip_dag.py
[2024-08-01T20:16:24.231+0000] {processor.py:840} INFO - DAG(s) 'example_skip_dag' retrieved from /home/airflow/.local/lib/python3.12/site-packages/airflow/example_dags/example_skip_dag.py
[2024-08-01T20:16:24.260+0000] {logging_mixin.py:188} INFO - [2024-08-01T20:16:24.260+0000] {dag.py:3089} INFO - Sync 1 DAGs
[2024-08-01T20:16:24.282+0000] {logging_mixin.py:188} INFO - [2024-08-01T20:16:24.282+0000] {dag.py:3947} INFO - Setting next_dagrun for example_skip_dag to 2024-07-31 00:00:00+00:00, run_after=2024-08-01 00:00:00+00:00
[2024-08-01T20:16:24.306+0000] {processor.py:183} INFO - Processing /home/airflow/.local/lib/python3.12/site-packages/airflow/example_dags/example_skip_dag.py took 0.093 seconds
