[2024-08-01T20:02:16.526+0000] {processor.py:161} INFO - Started process (PID=50) to work on /home/airflow/.local/lib/python3.12/site-packages/airflow/example_dags/example_external_task_marker_dag.py
[2024-08-01T20:02:16.527+0000] {processor.py:830} INFO - Processing file /home/airflow/.local/lib/python3.12/site-packages/airflow/example_dags/example_external_task_marker_dag.py for tasks to queue
[2024-08-01T20:02:16.530+0000] {logging_mixin.py:188} INFO - [2024-08-01T20:02:16.530+0000] {dagbag.py:545} INFO - Filling up the DagBag from /home/airflow/.local/lib/python3.12/site-packages/airflow/example_dags/example_external_task_marker_dag.py
[2024-08-01T20:02:16.545+0000] {processor.py:840} INFO - DAG(s) 'example_external_task_marker_child', 'example_external_task_marker_parent' retrieved from /home/airflow/.local/lib/python3.12/site-packages/airflow/example_dags/example_external_task_marker_dag.py
[2024-08-01T20:02:16.565+0000] {logging_mixin.py:188} INFO - [2024-08-01T20:02:16.565+0000] {dag.py:3089} INFO - Sync 2 DAGs
[2024-08-01T20:02:16.585+0000] {logging_mixin.py:188} INFO - [2024-08-01T20:02:16.584+0000] {dag.py:3947} INFO - Setting next_dagrun for example_external_task_marker_child to None, run_after=None
[2024-08-01T20:02:16.588+0000] {logging_mixin.py:188} INFO - [2024-08-01T20:02:16.588+0000] {dag.py:3947} INFO - Setting next_dagrun for example_external_task_marker_parent to None, run_after=None
[2024-08-01T20:02:16.711+0000] {processor.py:183} INFO - Processing /home/airflow/.local/lib/python3.12/site-packages/airflow/example_dags/example_external_task_marker_dag.py took 0.203 seconds
[2024-08-01T20:02:48.441+0000] {processor.py:161} INFO - Started process (PID=114) to work on /home/airflow/.local/lib/python3.12/site-packages/airflow/example_dags/example_external_task_marker_dag.py
[2024-08-01T20:02:48.442+0000] {processor.py:830} INFO - Processing file /home/airflow/.local/lib/python3.12/site-packages/airflow/example_dags/example_external_task_marker_dag.py for tasks to queue
[2024-08-01T20:02:48.443+0000] {logging_mixin.py:188} INFO - [2024-08-01T20:02:48.443+0000] {dagbag.py:545} INFO - Filling up the DagBag from /home/airflow/.local/lib/python3.12/site-packages/airflow/example_dags/example_external_task_marker_dag.py
[2024-08-01T20:02:48.449+0000] {processor.py:840} INFO - DAG(s) 'example_external_task_marker_child', 'example_external_task_marker_parent' retrieved from /home/airflow/.local/lib/python3.12/site-packages/airflow/example_dags/example_external_task_marker_dag.py
[2024-08-01T20:02:48.562+0000] {logging_mixin.py:188} INFO - [2024-08-01T20:02:48.562+0000] {dag.py:3089} INFO - Sync 2 DAGs
[2024-08-01T20:02:48.574+0000] {logging_mixin.py:188} INFO - [2024-08-01T20:02:48.574+0000] {dag.py:3947} INFO - Setting next_dagrun for example_external_task_marker_child to None, run_after=None
[2024-08-01T20:02:48.577+0000] {logging_mixin.py:188} INFO - [2024-08-01T20:02:48.577+0000] {dag.py:3947} INFO - Setting next_dagrun for example_external_task_marker_parent to None, run_after=None
[2024-08-01T20:02:48.597+0000] {processor.py:183} INFO - Processing /home/airflow/.local/lib/python3.12/site-packages/airflow/example_dags/example_external_task_marker_dag.py took 0.161 seconds
[2024-08-01T20:03:18.685+0000] {processor.py:161} INFO - Started process (PID=172) to work on /home/airflow/.local/lib/python3.12/site-packages/airflow/example_dags/example_external_task_marker_dag.py
[2024-08-01T20:03:18.688+0000] {processor.py:830} INFO - Processing file /home/airflow/.local/lib/python3.12/site-packages/airflow/example_dags/example_external_task_marker_dag.py for tasks to queue
[2024-08-01T20:03:18.693+0000] {logging_mixin.py:188} INFO - [2024-08-01T20:03:18.692+0000] {dagbag.py:545} INFO - Filling up the DagBag from /home/airflow/.local/lib/python3.12/site-packages/airflow/example_dags/example_external_task_marker_dag.py
[2024-08-01T20:03:18.699+0000] {processor.py:840} INFO - DAG(s) 'example_external_task_marker_child', 'example_external_task_marker_parent' retrieved from /home/airflow/.local/lib/python3.12/site-packages/airflow/example_dags/example_external_task_marker_dag.py
[2024-08-01T20:03:18.745+0000] {logging_mixin.py:188} INFO - [2024-08-01T20:03:18.745+0000] {dag.py:3089} INFO - Sync 2 DAGs
[2024-08-01T20:03:18.771+0000] {logging_mixin.py:188} INFO - [2024-08-01T20:03:18.771+0000] {dag.py:3947} INFO - Setting next_dagrun for example_external_task_marker_child to None, run_after=None
[2024-08-01T20:03:18.781+0000] {logging_mixin.py:188} INFO - [2024-08-01T20:03:18.781+0000] {dag.py:3947} INFO - Setting next_dagrun for example_external_task_marker_parent to None, run_after=None
[2024-08-01T20:03:18.866+0000] {processor.py:183} INFO - Processing /home/airflow/.local/lib/python3.12/site-packages/airflow/example_dags/example_external_task_marker_dag.py took 0.191 seconds
[2024-08-01T20:03:49.261+0000] {processor.py:161} INFO - Started process (PID=230) to work on /home/airflow/.local/lib/python3.12/site-packages/airflow/example_dags/example_external_task_marker_dag.py
[2024-08-01T20:03:49.262+0000] {processor.py:830} INFO - Processing file /home/airflow/.local/lib/python3.12/site-packages/airflow/example_dags/example_external_task_marker_dag.py for tasks to queue
[2024-08-01T20:03:49.264+0000] {logging_mixin.py:188} INFO - [2024-08-01T20:03:49.264+0000] {dagbag.py:545} INFO - Filling up the DagBag from /home/airflow/.local/lib/python3.12/site-packages/airflow/example_dags/example_external_task_marker_dag.py
[2024-08-01T20:03:49.269+0000] {processor.py:840} INFO - DAG(s) 'example_external_task_marker_child', 'example_external_task_marker_parent' retrieved from /home/airflow/.local/lib/python3.12/site-packages/airflow/example_dags/example_external_task_marker_dag.py
[2024-08-01T20:03:49.295+0000] {logging_mixin.py:188} INFO - [2024-08-01T20:03:49.294+0000] {dag.py:3089} INFO - Sync 2 DAGs
[2024-08-01T20:03:49.308+0000] {logging_mixin.py:188} INFO - [2024-08-01T20:03:49.308+0000] {dag.py:3947} INFO - Setting next_dagrun for example_external_task_marker_child to None, run_after=None
[2024-08-01T20:03:49.312+0000] {logging_mixin.py:188} INFO - [2024-08-01T20:03:49.311+0000] {dag.py:3947} INFO - Setting next_dagrun for example_external_task_marker_parent to None, run_after=None
[2024-08-01T20:03:49.328+0000] {processor.py:183} INFO - Processing /home/airflow/.local/lib/python3.12/site-packages/airflow/example_dags/example_external_task_marker_dag.py took 0.072 seconds
[2024-08-01T20:04:19.432+0000] {processor.py:161} INFO - Started process (PID=288) to work on /home/airflow/.local/lib/python3.12/site-packages/airflow/example_dags/example_external_task_marker_dag.py
[2024-08-01T20:04:19.434+0000] {processor.py:830} INFO - Processing file /home/airflow/.local/lib/python3.12/site-packages/airflow/example_dags/example_external_task_marker_dag.py for tasks to queue
[2024-08-01T20:04:19.435+0000] {logging_mixin.py:188} INFO - [2024-08-01T20:04:19.435+0000] {dagbag.py:545} INFO - Filling up the DagBag from /home/airflow/.local/lib/python3.12/site-packages/airflow/example_dags/example_external_task_marker_dag.py
[2024-08-01T20:04:19.441+0000] {processor.py:840} INFO - DAG(s) 'example_external_task_marker_parent', 'example_external_task_marker_child' retrieved from /home/airflow/.local/lib/python3.12/site-packages/airflow/example_dags/example_external_task_marker_dag.py
[2024-08-01T20:04:19.464+0000] {logging_mixin.py:188} INFO - [2024-08-01T20:04:19.463+0000] {dag.py:3089} INFO - Sync 2 DAGs
[2024-08-01T20:04:19.483+0000] {logging_mixin.py:188} INFO - [2024-08-01T20:04:19.483+0000] {dag.py:3947} INFO - Setting next_dagrun for example_external_task_marker_child to None, run_after=None
[2024-08-01T20:04:19.487+0000] {logging_mixin.py:188} INFO - [2024-08-01T20:04:19.487+0000] {dag.py:3947} INFO - Setting next_dagrun for example_external_task_marker_parent to None, run_after=None
[2024-08-01T20:04:19.690+0000] {processor.py:183} INFO - Processing /home/airflow/.local/lib/python3.12/site-packages/airflow/example_dags/example_external_task_marker_dag.py took 0.263 seconds
[2024-08-01T20:04:50.050+0000] {processor.py:161} INFO - Started process (PID=346) to work on /home/airflow/.local/lib/python3.12/site-packages/airflow/example_dags/example_external_task_marker_dag.py
[2024-08-01T20:04:50.052+0000] {processor.py:830} INFO - Processing file /home/airflow/.local/lib/python3.12/site-packages/airflow/example_dags/example_external_task_marker_dag.py for tasks to queue
[2024-08-01T20:04:50.058+0000] {logging_mixin.py:188} INFO - [2024-08-01T20:04:50.057+0000] {dagbag.py:545} INFO - Filling up the DagBag from /home/airflow/.local/lib/python3.12/site-packages/airflow/example_dags/example_external_task_marker_dag.py
[2024-08-01T20:04:50.063+0000] {processor.py:840} INFO - DAG(s) 'example_external_task_marker_child', 'example_external_task_marker_parent' retrieved from /home/airflow/.local/lib/python3.12/site-packages/airflow/example_dags/example_external_task_marker_dag.py
[2024-08-01T20:04:50.093+0000] {logging_mixin.py:188} INFO - [2024-08-01T20:04:50.093+0000] {dag.py:3089} INFO - Sync 2 DAGs
[2024-08-01T20:04:50.109+0000] {logging_mixin.py:188} INFO - [2024-08-01T20:04:50.108+0000] {dag.py:3947} INFO - Setting next_dagrun for example_external_task_marker_child to None, run_after=None
[2024-08-01T20:04:50.113+0000] {logging_mixin.py:188} INFO - [2024-08-01T20:04:50.113+0000] {dag.py:3947} INFO - Setting next_dagrun for example_external_task_marker_parent to None, run_after=None
[2024-08-01T20:04:50.153+0000] {processor.py:183} INFO - Processing /home/airflow/.local/lib/python3.12/site-packages/airflow/example_dags/example_external_task_marker_dag.py took 0.108 seconds
[2024-08-01T20:05:21.040+0000] {processor.py:161} INFO - Started process (PID=404) to work on /home/airflow/.local/lib/python3.12/site-packages/airflow/example_dags/example_external_task_marker_dag.py
[2024-08-01T20:05:21.041+0000] {processor.py:830} INFO - Processing file /home/airflow/.local/lib/python3.12/site-packages/airflow/example_dags/example_external_task_marker_dag.py for tasks to queue
[2024-08-01T20:05:21.042+0000] {logging_mixin.py:188} INFO - [2024-08-01T20:05:21.042+0000] {dagbag.py:545} INFO - Filling up the DagBag from /home/airflow/.local/lib/python3.12/site-packages/airflow/example_dags/example_external_task_marker_dag.py
[2024-08-01T20:05:21.051+0000] {processor.py:840} INFO - DAG(s) 'example_external_task_marker_child', 'example_external_task_marker_parent' retrieved from /home/airflow/.local/lib/python3.12/site-packages/airflow/example_dags/example_external_task_marker_dag.py
[2024-08-01T20:05:21.078+0000] {logging_mixin.py:188} INFO - [2024-08-01T20:05:21.078+0000] {dag.py:3089} INFO - Sync 2 DAGs
[2024-08-01T20:05:21.093+0000] {logging_mixin.py:188} INFO - [2024-08-01T20:05:21.093+0000] {dag.py:3947} INFO - Setting next_dagrun for example_external_task_marker_child to None, run_after=None
[2024-08-01T20:05:21.097+0000] {logging_mixin.py:188} INFO - [2024-08-01T20:05:21.096+0000] {dag.py:3947} INFO - Setting next_dagrun for example_external_task_marker_parent to None, run_after=None
[2024-08-01T20:05:21.116+0000] {processor.py:183} INFO - Processing /home/airflow/.local/lib/python3.12/site-packages/airflow/example_dags/example_external_task_marker_dag.py took 0.080 seconds
[2024-08-01T20:05:51.183+0000] {processor.py:161} INFO - Started process (PID=462) to work on /home/airflow/.local/lib/python3.12/site-packages/airflow/example_dags/example_external_task_marker_dag.py
[2024-08-01T20:05:51.184+0000] {processor.py:830} INFO - Processing file /home/airflow/.local/lib/python3.12/site-packages/airflow/example_dags/example_external_task_marker_dag.py for tasks to queue
[2024-08-01T20:05:51.186+0000] {logging_mixin.py:188} INFO - [2024-08-01T20:05:51.185+0000] {dagbag.py:545} INFO - Filling up the DagBag from /home/airflow/.local/lib/python3.12/site-packages/airflow/example_dags/example_external_task_marker_dag.py
[2024-08-01T20:05:51.191+0000] {processor.py:840} INFO - DAG(s) 'example_external_task_marker_parent', 'example_external_task_marker_child' retrieved from /home/airflow/.local/lib/python3.12/site-packages/airflow/example_dags/example_external_task_marker_dag.py
[2024-08-01T20:05:51.212+0000] {logging_mixin.py:188} INFO - [2024-08-01T20:05:51.212+0000] {dag.py:3089} INFO - Sync 2 DAGs
[2024-08-01T20:05:51.225+0000] {logging_mixin.py:188} INFO - [2024-08-01T20:05:51.225+0000] {dag.py:3947} INFO - Setting next_dagrun for example_external_task_marker_child to None, run_after=None
[2024-08-01T20:05:51.228+0000] {logging_mixin.py:188} INFO - [2024-08-01T20:05:51.228+0000] {dag.py:3947} INFO - Setting next_dagrun for example_external_task_marker_parent to None, run_after=None
[2024-08-01T20:05:51.245+0000] {processor.py:183} INFO - Processing /home/airflow/.local/lib/python3.12/site-packages/airflow/example_dags/example_external_task_marker_dag.py took 0.066 seconds
[2024-08-01T20:06:33.669+0000] {processor.py:161} INFO - Started process (PID=50) to work on /home/airflow/.local/lib/python3.12/site-packages/airflow/example_dags/example_external_task_marker_dag.py
[2024-08-01T20:06:33.671+0000] {processor.py:830} INFO - Processing file /home/airflow/.local/lib/python3.12/site-packages/airflow/example_dags/example_external_task_marker_dag.py for tasks to queue
[2024-08-01T20:06:33.675+0000] {logging_mixin.py:188} INFO - [2024-08-01T20:06:33.675+0000] {dagbag.py:545} INFO - Filling up the DagBag from /home/airflow/.local/lib/python3.12/site-packages/airflow/example_dags/example_external_task_marker_dag.py
[2024-08-01T20:06:33.683+0000] {processor.py:840} INFO - DAG(s) 'example_external_task_marker_parent', 'example_external_task_marker_child' retrieved from /home/airflow/.local/lib/python3.12/site-packages/airflow/example_dags/example_external_task_marker_dag.py
[2024-08-01T20:06:33.713+0000] {logging_mixin.py:188} INFO - [2024-08-01T20:06:33.713+0000] {dag.py:3089} INFO - Sync 2 DAGs
[2024-08-01T20:06:33.728+0000] {logging_mixin.py:188} INFO - [2024-08-01T20:06:33.728+0000] {dag.py:3947} INFO - Setting next_dagrun for example_external_task_marker_child to None, run_after=None
[2024-08-01T20:06:33.732+0000] {logging_mixin.py:188} INFO - [2024-08-01T20:06:33.732+0000] {dag.py:3947} INFO - Setting next_dagrun for example_external_task_marker_parent to None, run_after=None
[2024-08-01T20:06:33.755+0000] {processor.py:183} INFO - Processing /home/airflow/.local/lib/python3.12/site-packages/airflow/example_dags/example_external_task_marker_dag.py took 0.091 seconds
[2024-08-01T20:07:04.693+0000] {processor.py:161} INFO - Started process (PID=108) to work on /home/airflow/.local/lib/python3.12/site-packages/airflow/example_dags/example_external_task_marker_dag.py
[2024-08-01T20:07:04.694+0000] {processor.py:830} INFO - Processing file /home/airflow/.local/lib/python3.12/site-packages/airflow/example_dags/example_external_task_marker_dag.py for tasks to queue
[2024-08-01T20:07:04.696+0000] {logging_mixin.py:188} INFO - [2024-08-01T20:07:04.696+0000] {dagbag.py:545} INFO - Filling up the DagBag from /home/airflow/.local/lib/python3.12/site-packages/airflow/example_dags/example_external_task_marker_dag.py
[2024-08-01T20:07:04.703+0000] {processor.py:840} INFO - DAG(s) 'example_external_task_marker_child', 'example_external_task_marker_parent' retrieved from /home/airflow/.local/lib/python3.12/site-packages/airflow/example_dags/example_external_task_marker_dag.py
[2024-08-01T20:07:04.727+0000] {logging_mixin.py:188} INFO - [2024-08-01T20:07:04.727+0000] {dag.py:3089} INFO - Sync 2 DAGs
[2024-08-01T20:07:04.741+0000] {logging_mixin.py:188} INFO - [2024-08-01T20:07:04.741+0000] {dag.py:3947} INFO - Setting next_dagrun for example_external_task_marker_child to None, run_after=None
[2024-08-01T20:07:04.746+0000] {logging_mixin.py:188} INFO - [2024-08-01T20:07:04.745+0000] {dag.py:3947} INFO - Setting next_dagrun for example_external_task_marker_parent to None, run_after=None
[2024-08-01T20:07:04.765+0000] {processor.py:183} INFO - Processing /home/airflow/.local/lib/python3.12/site-packages/airflow/example_dags/example_external_task_marker_dag.py took 0.078 seconds
[2024-08-01T20:07:34.959+0000] {processor.py:161} INFO - Started process (PID=166) to work on /home/airflow/.local/lib/python3.12/site-packages/airflow/example_dags/example_external_task_marker_dag.py
[2024-08-01T20:07:34.960+0000] {processor.py:830} INFO - Processing file /home/airflow/.local/lib/python3.12/site-packages/airflow/example_dags/example_external_task_marker_dag.py for tasks to queue
[2024-08-01T20:07:34.961+0000] {logging_mixin.py:188} INFO - [2024-08-01T20:07:34.961+0000] {dagbag.py:545} INFO - Filling up the DagBag from /home/airflow/.local/lib/python3.12/site-packages/airflow/example_dags/example_external_task_marker_dag.py
[2024-08-01T20:07:34.967+0000] {processor.py:840} INFO - DAG(s) 'example_external_task_marker_parent', 'example_external_task_marker_child' retrieved from /home/airflow/.local/lib/python3.12/site-packages/airflow/example_dags/example_external_task_marker_dag.py
[2024-08-01T20:07:34.989+0000] {logging_mixin.py:188} INFO - [2024-08-01T20:07:34.988+0000] {dag.py:3089} INFO - Sync 2 DAGs
[2024-08-01T20:07:35.000+0000] {logging_mixin.py:188} INFO - [2024-08-01T20:07:35.000+0000] {dag.py:3947} INFO - Setting next_dagrun for example_external_task_marker_child to None, run_after=None
[2024-08-01T20:07:35.003+0000] {logging_mixin.py:188} INFO - [2024-08-01T20:07:35.003+0000] {dag.py:3947} INFO - Setting next_dagrun for example_external_task_marker_parent to None, run_after=None
[2024-08-01T20:07:35.021+0000] {processor.py:183} INFO - Processing /home/airflow/.local/lib/python3.12/site-packages/airflow/example_dags/example_external_task_marker_dag.py took 0.067 seconds
[2024-08-01T20:08:05.493+0000] {processor.py:161} INFO - Started process (PID=224) to work on /home/airflow/.local/lib/python3.12/site-packages/airflow/example_dags/example_external_task_marker_dag.py
[2024-08-01T20:08:05.494+0000] {processor.py:830} INFO - Processing file /home/airflow/.local/lib/python3.12/site-packages/airflow/example_dags/example_external_task_marker_dag.py for tasks to queue
[2024-08-01T20:08:05.495+0000] {logging_mixin.py:188} INFO - [2024-08-01T20:08:05.495+0000] {dagbag.py:545} INFO - Filling up the DagBag from /home/airflow/.local/lib/python3.12/site-packages/airflow/example_dags/example_external_task_marker_dag.py
[2024-08-01T20:08:05.500+0000] {processor.py:840} INFO - DAG(s) 'example_external_task_marker_parent', 'example_external_task_marker_child' retrieved from /home/airflow/.local/lib/python3.12/site-packages/airflow/example_dags/example_external_task_marker_dag.py
[2024-08-01T20:08:05.523+0000] {logging_mixin.py:188} INFO - [2024-08-01T20:08:05.522+0000] {dag.py:3089} INFO - Sync 2 DAGs
[2024-08-01T20:08:05.534+0000] {logging_mixin.py:188} INFO - [2024-08-01T20:08:05.534+0000] {dag.py:3947} INFO - Setting next_dagrun for example_external_task_marker_child to None, run_after=None
[2024-08-01T20:08:05.537+0000] {logging_mixin.py:188} INFO - [2024-08-01T20:08:05.537+0000] {dag.py:3947} INFO - Setting next_dagrun for example_external_task_marker_parent to None, run_after=None
[2024-08-01T20:08:05.555+0000] {processor.py:183} INFO - Processing /home/airflow/.local/lib/python3.12/site-packages/airflow/example_dags/example_external_task_marker_dag.py took 0.066 seconds
[2024-08-01T20:08:35.908+0000] {processor.py:161} INFO - Started process (PID=282) to work on /home/airflow/.local/lib/python3.12/site-packages/airflow/example_dags/example_external_task_marker_dag.py
[2024-08-01T20:08:35.909+0000] {processor.py:830} INFO - Processing file /home/airflow/.local/lib/python3.12/site-packages/airflow/example_dags/example_external_task_marker_dag.py for tasks to queue
[2024-08-01T20:08:35.910+0000] {logging_mixin.py:188} INFO - [2024-08-01T20:08:35.910+0000] {dagbag.py:545} INFO - Filling up the DagBag from /home/airflow/.local/lib/python3.12/site-packages/airflow/example_dags/example_external_task_marker_dag.py
[2024-08-01T20:08:35.916+0000] {processor.py:840} INFO - DAG(s) 'example_external_task_marker_parent', 'example_external_task_marker_child' retrieved from /home/airflow/.local/lib/python3.12/site-packages/airflow/example_dags/example_external_task_marker_dag.py
[2024-08-01T20:08:35.940+0000] {logging_mixin.py:188} INFO - [2024-08-01T20:08:35.939+0000] {dag.py:3089} INFO - Sync 2 DAGs
[2024-08-01T20:08:35.953+0000] {logging_mixin.py:188} INFO - [2024-08-01T20:08:35.952+0000] {dag.py:3947} INFO - Setting next_dagrun for example_external_task_marker_child to None, run_after=None
[2024-08-01T20:08:35.956+0000] {logging_mixin.py:188} INFO - [2024-08-01T20:08:35.956+0000] {dag.py:3947} INFO - Setting next_dagrun for example_external_task_marker_parent to None, run_after=None
[2024-08-01T20:08:35.973+0000] {processor.py:183} INFO - Processing /home/airflow/.local/lib/python3.12/site-packages/airflow/example_dags/example_external_task_marker_dag.py took 0.070 seconds
[2024-08-01T20:09:06.196+0000] {processor.py:161} INFO - Started process (PID=340) to work on /home/airflow/.local/lib/python3.12/site-packages/airflow/example_dags/example_external_task_marker_dag.py
[2024-08-01T20:09:06.197+0000] {processor.py:830} INFO - Processing file /home/airflow/.local/lib/python3.12/site-packages/airflow/example_dags/example_external_task_marker_dag.py for tasks to queue
[2024-08-01T20:09:06.201+0000] {logging_mixin.py:188} INFO - [2024-08-01T20:09:06.200+0000] {dagbag.py:545} INFO - Filling up the DagBag from /home/airflow/.local/lib/python3.12/site-packages/airflow/example_dags/example_external_task_marker_dag.py
[2024-08-01T20:09:06.207+0000] {processor.py:840} INFO - DAG(s) 'example_external_task_marker_child', 'example_external_task_marker_parent' retrieved from /home/airflow/.local/lib/python3.12/site-packages/airflow/example_dags/example_external_task_marker_dag.py
[2024-08-01T20:09:06.229+0000] {logging_mixin.py:188} INFO - [2024-08-01T20:09:06.229+0000] {dag.py:3089} INFO - Sync 2 DAGs
[2024-08-01T20:09:06.242+0000] {logging_mixin.py:188} INFO - [2024-08-01T20:09:06.241+0000] {dag.py:3947} INFO - Setting next_dagrun for example_external_task_marker_child to None, run_after=None
[2024-08-01T20:09:06.245+0000] {logging_mixin.py:188} INFO - [2024-08-01T20:09:06.244+0000] {dag.py:3947} INFO - Setting next_dagrun for example_external_task_marker_parent to None, run_after=None
[2024-08-01T20:09:06.262+0000] {processor.py:183} INFO - Processing /home/airflow/.local/lib/python3.12/site-packages/airflow/example_dags/example_external_task_marker_dag.py took 0.071 seconds
[2024-08-01T20:11:17.408+0000] {processor.py:161} INFO - Started process (PID=48) to work on /home/airflow/.local/lib/python3.12/site-packages/airflow/example_dags/example_external_task_marker_dag.py
[2024-08-01T20:11:17.410+0000] {processor.py:830} INFO - Processing file /home/airflow/.local/lib/python3.12/site-packages/airflow/example_dags/example_external_task_marker_dag.py for tasks to queue
[2024-08-01T20:11:17.411+0000] {logging_mixin.py:188} INFO - [2024-08-01T20:11:17.411+0000] {dagbag.py:545} INFO - Filling up the DagBag from /home/airflow/.local/lib/python3.12/site-packages/airflow/example_dags/example_external_task_marker_dag.py
[2024-08-01T20:11:17.420+0000] {processor.py:840} INFO - DAG(s) 'example_external_task_marker_child', 'example_external_task_marker_parent' retrieved from /home/airflow/.local/lib/python3.12/site-packages/airflow/example_dags/example_external_task_marker_dag.py
[2024-08-01T20:11:17.433+0000] {logging_mixin.py:188} INFO - [2024-08-01T20:11:17.433+0000] {dag.py:3089} INFO - Sync 2 DAGs
[2024-08-01T20:11:17.446+0000] {logging_mixin.py:188} INFO - [2024-08-01T20:11:17.446+0000] {dag.py:3947} INFO - Setting next_dagrun for example_external_task_marker_child to None, run_after=None
[2024-08-01T20:11:17.450+0000] {logging_mixin.py:188} INFO - [2024-08-01T20:11:17.450+0000] {dag.py:3947} INFO - Setting next_dagrun for example_external_task_marker_parent to None, run_after=None
[2024-08-01T20:11:17.469+0000] {processor.py:183} INFO - Processing /home/airflow/.local/lib/python3.12/site-packages/airflow/example_dags/example_external_task_marker_dag.py took 0.066 seconds
[2024-08-01T20:11:48.147+0000] {processor.py:161} INFO - Started process (PID=106) to work on /home/airflow/.local/lib/python3.12/site-packages/airflow/example_dags/example_external_task_marker_dag.py
[2024-08-01T20:11:48.148+0000] {processor.py:830} INFO - Processing file /home/airflow/.local/lib/python3.12/site-packages/airflow/example_dags/example_external_task_marker_dag.py for tasks to queue
[2024-08-01T20:11:48.150+0000] {logging_mixin.py:188} INFO - [2024-08-01T20:11:48.150+0000] {dagbag.py:545} INFO - Filling up the DagBag from /home/airflow/.local/lib/python3.12/site-packages/airflow/example_dags/example_external_task_marker_dag.py
[2024-08-01T20:11:48.156+0000] {processor.py:840} INFO - DAG(s) 'example_external_task_marker_parent', 'example_external_task_marker_child' retrieved from /home/airflow/.local/lib/python3.12/site-packages/airflow/example_dags/example_external_task_marker_dag.py
[2024-08-01T20:11:48.342+0000] {logging_mixin.py:188} INFO - [2024-08-01T20:11:48.341+0000] {dag.py:3089} INFO - Sync 2 DAGs
[2024-08-01T20:11:48.352+0000] {logging_mixin.py:188} INFO - [2024-08-01T20:11:48.352+0000] {dag.py:3947} INFO - Setting next_dagrun for example_external_task_marker_child to None, run_after=None
[2024-08-01T20:11:48.355+0000] {logging_mixin.py:188} INFO - [2024-08-01T20:11:48.355+0000] {dag.py:3947} INFO - Setting next_dagrun for example_external_task_marker_parent to None, run_after=None
[2024-08-01T20:11:48.381+0000] {processor.py:183} INFO - Processing /home/airflow/.local/lib/python3.12/site-packages/airflow/example_dags/example_external_task_marker_dag.py took 0.238 seconds
[2024-08-01T20:12:18.635+0000] {processor.py:161} INFO - Started process (PID=164) to work on /home/airflow/.local/lib/python3.12/site-packages/airflow/example_dags/example_external_task_marker_dag.py
[2024-08-01T20:12:18.636+0000] {processor.py:830} INFO - Processing file /home/airflow/.local/lib/python3.12/site-packages/airflow/example_dags/example_external_task_marker_dag.py for tasks to queue
[2024-08-01T20:12:18.637+0000] {logging_mixin.py:188} INFO - [2024-08-01T20:12:18.637+0000] {dagbag.py:545} INFO - Filling up the DagBag from /home/airflow/.local/lib/python3.12/site-packages/airflow/example_dags/example_external_task_marker_dag.py
[2024-08-01T20:12:18.642+0000] {processor.py:840} INFO - DAG(s) 'example_external_task_marker_parent', 'example_external_task_marker_child' retrieved from /home/airflow/.local/lib/python3.12/site-packages/airflow/example_dags/example_external_task_marker_dag.py
[2024-08-01T20:12:18.665+0000] {logging_mixin.py:188} INFO - [2024-08-01T20:12:18.665+0000] {dag.py:3089} INFO - Sync 2 DAGs
[2024-08-01T20:12:18.679+0000] {logging_mixin.py:188} INFO - [2024-08-01T20:12:18.678+0000] {dag.py:3947} INFO - Setting next_dagrun for example_external_task_marker_child to None, run_after=None
[2024-08-01T20:12:18.682+0000] {logging_mixin.py:188} INFO - [2024-08-01T20:12:18.682+0000] {dag.py:3947} INFO - Setting next_dagrun for example_external_task_marker_parent to None, run_after=None
[2024-08-01T20:12:18.699+0000] {processor.py:183} INFO - Processing /home/airflow/.local/lib/python3.12/site-packages/airflow/example_dags/example_external_task_marker_dag.py took 0.069 seconds
[2024-08-01T20:12:49.125+0000] {processor.py:161} INFO - Started process (PID=222) to work on /home/airflow/.local/lib/python3.12/site-packages/airflow/example_dags/example_external_task_marker_dag.py
[2024-08-01T20:12:49.126+0000] {processor.py:830} INFO - Processing file /home/airflow/.local/lib/python3.12/site-packages/airflow/example_dags/example_external_task_marker_dag.py for tasks to queue
[2024-08-01T20:12:49.128+0000] {logging_mixin.py:188} INFO - [2024-08-01T20:12:49.127+0000] {dagbag.py:545} INFO - Filling up the DagBag from /home/airflow/.local/lib/python3.12/site-packages/airflow/example_dags/example_external_task_marker_dag.py
[2024-08-01T20:12:49.133+0000] {processor.py:840} INFO - DAG(s) 'example_external_task_marker_parent', 'example_external_task_marker_child' retrieved from /home/airflow/.local/lib/python3.12/site-packages/airflow/example_dags/example_external_task_marker_dag.py
[2024-08-01T20:12:49.154+0000] {logging_mixin.py:188} INFO - [2024-08-01T20:12:49.154+0000] {dag.py:3089} INFO - Sync 2 DAGs
[2024-08-01T20:12:49.165+0000] {logging_mixin.py:188} INFO - [2024-08-01T20:12:49.165+0000] {dag.py:3947} INFO - Setting next_dagrun for example_external_task_marker_child to None, run_after=None
[2024-08-01T20:12:49.169+0000] {logging_mixin.py:188} INFO - [2024-08-01T20:12:49.169+0000] {dag.py:3947} INFO - Setting next_dagrun for example_external_task_marker_parent to None, run_after=None
[2024-08-01T20:12:49.185+0000] {processor.py:183} INFO - Processing /home/airflow/.local/lib/python3.12/site-packages/airflow/example_dags/example_external_task_marker_dag.py took 0.064 seconds
[2024-08-01T20:13:19.269+0000] {processor.py:161} INFO - Started process (PID=280) to work on /home/airflow/.local/lib/python3.12/site-packages/airflow/example_dags/example_external_task_marker_dag.py
[2024-08-01T20:13:19.270+0000] {processor.py:830} INFO - Processing file /home/airflow/.local/lib/python3.12/site-packages/airflow/example_dags/example_external_task_marker_dag.py for tasks to queue
[2024-08-01T20:13:19.272+0000] {logging_mixin.py:188} INFO - [2024-08-01T20:13:19.272+0000] {dagbag.py:545} INFO - Filling up the DagBag from /home/airflow/.local/lib/python3.12/site-packages/airflow/example_dags/example_external_task_marker_dag.py
[2024-08-01T20:13:19.277+0000] {processor.py:840} INFO - DAG(s) 'example_external_task_marker_parent', 'example_external_task_marker_child' retrieved from /home/airflow/.local/lib/python3.12/site-packages/airflow/example_dags/example_external_task_marker_dag.py
[2024-08-01T20:13:19.298+0000] {logging_mixin.py:188} INFO - [2024-08-01T20:13:19.297+0000] {dag.py:3089} INFO - Sync 2 DAGs
[2024-08-01T20:13:19.310+0000] {logging_mixin.py:188} INFO - [2024-08-01T20:13:19.309+0000] {dag.py:3947} INFO - Setting next_dagrun for example_external_task_marker_child to None, run_after=None
[2024-08-01T20:13:19.313+0000] {logging_mixin.py:188} INFO - [2024-08-01T20:13:19.312+0000] {dag.py:3947} INFO - Setting next_dagrun for example_external_task_marker_parent to None, run_after=None
[2024-08-01T20:13:19.329+0000] {processor.py:183} INFO - Processing /home/airflow/.local/lib/python3.12/site-packages/airflow/example_dags/example_external_task_marker_dag.py took 0.065 seconds
[2024-08-01T20:13:49.402+0000] {processor.py:161} INFO - Started process (PID=338) to work on /home/airflow/.local/lib/python3.12/site-packages/airflow/example_dags/example_external_task_marker_dag.py
[2024-08-01T20:13:49.404+0000] {processor.py:830} INFO - Processing file /home/airflow/.local/lib/python3.12/site-packages/airflow/example_dags/example_external_task_marker_dag.py for tasks to queue
[2024-08-01T20:13:49.406+0000] {logging_mixin.py:188} INFO - [2024-08-01T20:13:49.405+0000] {dagbag.py:545} INFO - Filling up the DagBag from /home/airflow/.local/lib/python3.12/site-packages/airflow/example_dags/example_external_task_marker_dag.py
[2024-08-01T20:13:49.411+0000] {processor.py:840} INFO - DAG(s) 'example_external_task_marker_child', 'example_external_task_marker_parent' retrieved from /home/airflow/.local/lib/python3.12/site-packages/airflow/example_dags/example_external_task_marker_dag.py
[2024-08-01T20:13:49.434+0000] {logging_mixin.py:188} INFO - [2024-08-01T20:13:49.433+0000] {dag.py:3089} INFO - Sync 2 DAGs
[2024-08-01T20:13:49.446+0000] {logging_mixin.py:188} INFO - [2024-08-01T20:13:49.446+0000] {dag.py:3947} INFO - Setting next_dagrun for example_external_task_marker_child to None, run_after=None
[2024-08-01T20:13:49.449+0000] {logging_mixin.py:188} INFO - [2024-08-01T20:13:49.449+0000] {dag.py:3947} INFO - Setting next_dagrun for example_external_task_marker_parent to None, run_after=None
[2024-08-01T20:13:49.468+0000] {processor.py:183} INFO - Processing /home/airflow/.local/lib/python3.12/site-packages/airflow/example_dags/example_external_task_marker_dag.py took 0.071 seconds
[2024-08-01T20:14:19.848+0000] {processor.py:161} INFO - Started process (PID=396) to work on /home/airflow/.local/lib/python3.12/site-packages/airflow/example_dags/example_external_task_marker_dag.py
[2024-08-01T20:14:19.850+0000] {processor.py:830} INFO - Processing file /home/airflow/.local/lib/python3.12/site-packages/airflow/example_dags/example_external_task_marker_dag.py for tasks to queue
[2024-08-01T20:14:19.851+0000] {logging_mixin.py:188} INFO - [2024-08-01T20:14:19.851+0000] {dagbag.py:545} INFO - Filling up the DagBag from /home/airflow/.local/lib/python3.12/site-packages/airflow/example_dags/example_external_task_marker_dag.py
[2024-08-01T20:14:19.857+0000] {processor.py:840} INFO - DAG(s) 'example_external_task_marker_parent', 'example_external_task_marker_child' retrieved from /home/airflow/.local/lib/python3.12/site-packages/airflow/example_dags/example_external_task_marker_dag.py
[2024-08-01T20:14:19.879+0000] {logging_mixin.py:188} INFO - [2024-08-01T20:14:19.879+0000] {dag.py:3089} INFO - Sync 2 DAGs
[2024-08-01T20:14:19.892+0000] {logging_mixin.py:188} INFO - [2024-08-01T20:14:19.891+0000] {dag.py:3947} INFO - Setting next_dagrun for example_external_task_marker_child to None, run_after=None
[2024-08-01T20:14:19.895+0000] {logging_mixin.py:188} INFO - [2024-08-01T20:14:19.895+0000] {dag.py:3947} INFO - Setting next_dagrun for example_external_task_marker_parent to None, run_after=None
[2024-08-01T20:14:19.917+0000] {processor.py:183} INFO - Processing /home/airflow/.local/lib/python3.12/site-packages/airflow/example_dags/example_external_task_marker_dag.py took 0.073 seconds
[2024-08-01T20:14:50.518+0000] {processor.py:161} INFO - Started process (PID=454) to work on /home/airflow/.local/lib/python3.12/site-packages/airflow/example_dags/example_external_task_marker_dag.py
[2024-08-01T20:14:50.519+0000] {processor.py:830} INFO - Processing file /home/airflow/.local/lib/python3.12/site-packages/airflow/example_dags/example_external_task_marker_dag.py for tasks to queue
[2024-08-01T20:14:50.521+0000] {logging_mixin.py:188} INFO - [2024-08-01T20:14:50.520+0000] {dagbag.py:545} INFO - Filling up the DagBag from /home/airflow/.local/lib/python3.12/site-packages/airflow/example_dags/example_external_task_marker_dag.py
[2024-08-01T20:14:50.526+0000] {processor.py:840} INFO - DAG(s) 'example_external_task_marker_parent', 'example_external_task_marker_child' retrieved from /home/airflow/.local/lib/python3.12/site-packages/airflow/example_dags/example_external_task_marker_dag.py
[2024-08-01T20:14:50.548+0000] {logging_mixin.py:188} INFO - [2024-08-01T20:14:50.547+0000] {dag.py:3089} INFO - Sync 2 DAGs
[2024-08-01T20:14:50.560+0000] {logging_mixin.py:188} INFO - [2024-08-01T20:14:50.559+0000] {dag.py:3947} INFO - Setting next_dagrun for example_external_task_marker_child to None, run_after=None
[2024-08-01T20:14:50.563+0000] {logging_mixin.py:188} INFO - [2024-08-01T20:14:50.562+0000] {dag.py:3947} INFO - Setting next_dagrun for example_external_task_marker_parent to None, run_after=None
[2024-08-01T20:14:50.579+0000] {processor.py:183} INFO - Processing /home/airflow/.local/lib/python3.12/site-packages/airflow/example_dags/example_external_task_marker_dag.py took 0.066 seconds
[2024-08-01T20:15:20.650+0000] {processor.py:161} INFO - Started process (PID=512) to work on /home/airflow/.local/lib/python3.12/site-packages/airflow/example_dags/example_external_task_marker_dag.py
[2024-08-01T20:15:20.651+0000] {processor.py:830} INFO - Processing file /home/airflow/.local/lib/python3.12/site-packages/airflow/example_dags/example_external_task_marker_dag.py for tasks to queue
[2024-08-01T20:15:20.652+0000] {logging_mixin.py:188} INFO - [2024-08-01T20:15:20.652+0000] {dagbag.py:545} INFO - Filling up the DagBag from /home/airflow/.local/lib/python3.12/site-packages/airflow/example_dags/example_external_task_marker_dag.py
[2024-08-01T20:15:20.657+0000] {processor.py:840} INFO - DAG(s) 'example_external_task_marker_parent', 'example_external_task_marker_child' retrieved from /home/airflow/.local/lib/python3.12/site-packages/airflow/example_dags/example_external_task_marker_dag.py
[2024-08-01T20:15:20.680+0000] {logging_mixin.py:188} INFO - [2024-08-01T20:15:20.679+0000] {dag.py:3089} INFO - Sync 2 DAGs
[2024-08-01T20:15:20.691+0000] {logging_mixin.py:188} INFO - [2024-08-01T20:15:20.691+0000] {dag.py:3947} INFO - Setting next_dagrun for example_external_task_marker_child to None, run_after=None
[2024-08-01T20:15:20.695+0000] {logging_mixin.py:188} INFO - [2024-08-01T20:15:20.694+0000] {dag.py:3947} INFO - Setting next_dagrun for example_external_task_marker_parent to None, run_after=None
[2024-08-01T20:15:20.712+0000] {processor.py:183} INFO - Processing /home/airflow/.local/lib/python3.12/site-packages/airflow/example_dags/example_external_task_marker_dag.py took 0.067 seconds
[2024-08-01T20:15:50.909+0000] {processor.py:161} INFO - Started process (PID=570) to work on /home/airflow/.local/lib/python3.12/site-packages/airflow/example_dags/example_external_task_marker_dag.py
[2024-08-01T20:15:50.910+0000] {processor.py:830} INFO - Processing file /home/airflow/.local/lib/python3.12/site-packages/airflow/example_dags/example_external_task_marker_dag.py for tasks to queue
[2024-08-01T20:15:50.912+0000] {logging_mixin.py:188} INFO - [2024-08-01T20:15:50.911+0000] {dagbag.py:545} INFO - Filling up the DagBag from /home/airflow/.local/lib/python3.12/site-packages/airflow/example_dags/example_external_task_marker_dag.py
[2024-08-01T20:15:50.918+0000] {processor.py:840} INFO - DAG(s) 'example_external_task_marker_child', 'example_external_task_marker_parent' retrieved from /home/airflow/.local/lib/python3.12/site-packages/airflow/example_dags/example_external_task_marker_dag.py
[2024-08-01T20:15:50.943+0000] {logging_mixin.py:188} INFO - [2024-08-01T20:15:50.943+0000] {dag.py:3089} INFO - Sync 2 DAGs
[2024-08-01T20:15:50.959+0000] {logging_mixin.py:188} INFO - [2024-08-01T20:15:50.959+0000] {dag.py:3947} INFO - Setting next_dagrun for example_external_task_marker_child to None, run_after=None
[2024-08-01T20:15:50.964+0000] {logging_mixin.py:188} INFO - [2024-08-01T20:15:50.963+0000] {dag.py:3947} INFO - Setting next_dagrun for example_external_task_marker_parent to None, run_after=None
[2024-08-01T20:15:50.981+0000] {processor.py:183} INFO - Processing /home/airflow/.local/lib/python3.12/site-packages/airflow/example_dags/example_external_task_marker_dag.py took 0.077 seconds
[2024-08-01T20:16:21.397+0000] {processor.py:161} INFO - Started process (PID=628) to work on /home/airflow/.local/lib/python3.12/site-packages/airflow/example_dags/example_external_task_marker_dag.py
[2024-08-01T20:16:21.398+0000] {processor.py:830} INFO - Processing file /home/airflow/.local/lib/python3.12/site-packages/airflow/example_dags/example_external_task_marker_dag.py for tasks to queue
[2024-08-01T20:16:21.400+0000] {logging_mixin.py:188} INFO - [2024-08-01T20:16:21.400+0000] {dagbag.py:545} INFO - Filling up the DagBag from /home/airflow/.local/lib/python3.12/site-packages/airflow/example_dags/example_external_task_marker_dag.py
[2024-08-01T20:16:21.407+0000] {processor.py:840} INFO - DAG(s) 'example_external_task_marker_child', 'example_external_task_marker_parent' retrieved from /home/airflow/.local/lib/python3.12/site-packages/airflow/example_dags/example_external_task_marker_dag.py
[2024-08-01T20:16:21.431+0000] {logging_mixin.py:188} INFO - [2024-08-01T20:16:21.431+0000] {dag.py:3089} INFO - Sync 2 DAGs
[2024-08-01T20:16:21.444+0000] {logging_mixin.py:188} INFO - [2024-08-01T20:16:21.443+0000] {dag.py:3947} INFO - Setting next_dagrun for example_external_task_marker_child to None, run_after=None
[2024-08-01T20:16:21.450+0000] {logging_mixin.py:188} INFO - [2024-08-01T20:16:21.449+0000] {dag.py:3947} INFO - Setting next_dagrun for example_external_task_marker_parent to None, run_after=None
[2024-08-01T20:16:21.470+0000] {processor.py:183} INFO - Processing /home/airflow/.local/lib/python3.12/site-packages/airflow/example_dags/example_external_task_marker_dag.py took 0.078 seconds
