[2024-08-01T20:02:17.967+0000] {processor.py:161} INFO - Started process (PID=68) to work on /home/airflow/.local/lib/python3.12/site-packages/airflow/example_dags/example_task_group.py
[2024-08-01T20:02:17.968+0000] {processor.py:830} INFO - Processing file /home/airflow/.local/lib/python3.12/site-packages/airflow/example_dags/example_task_group.py for tasks to queue
[2024-08-01T20:02:17.969+0000] {logging_mixin.py:188} INFO - [2024-08-01T20:02:17.969+0000] {dagbag.py:545} INFO - Filling up the DagBag from /home/airflow/.local/lib/python3.12/site-packages/airflow/example_dags/example_task_group.py
[2024-08-01T20:02:17.982+0000] {processor.py:840} INFO - DAG(s) 'example_task_group' retrieved from /home/airflow/.local/lib/python3.12/site-packages/airflow/example_dags/example_task_group.py
[2024-08-01T20:02:18.007+0000] {logging_mixin.py:188} INFO - [2024-08-01T20:02:18.007+0000] {dag.py:3089} INFO - Sync 1 DAGs
[2024-08-01T20:02:18.138+0000] {logging_mixin.py:188} INFO - [2024-08-01T20:02:18.138+0000] {dag.py:3947} INFO - Setting next_dagrun for example_task_group to 2024-07-31 00:00:00+00:00, run_after=2024-08-01 00:00:00+00:00
[2024-08-01T20:02:18.177+0000] {processor.py:183} INFO - Processing /home/airflow/.local/lib/python3.12/site-packages/airflow/example_dags/example_task_group.py took 0.215 seconds
[2024-08-01T20:02:50.355+0000] {processor.py:161} INFO - Started process (PID=126) to work on /home/airflow/.local/lib/python3.12/site-packages/airflow/example_dags/example_task_group.py
[2024-08-01T20:02:50.362+0000] {processor.py:830} INFO - Processing file /home/airflow/.local/lib/python3.12/site-packages/airflow/example_dags/example_task_group.py for tasks to queue
[2024-08-01T20:02:50.365+0000] {logging_mixin.py:188} INFO - [2024-08-01T20:02:50.365+0000] {dagbag.py:545} INFO - Filling up the DagBag from /home/airflow/.local/lib/python3.12/site-packages/airflow/example_dags/example_task_group.py
[2024-08-01T20:02:50.383+0000] {processor.py:840} INFO - DAG(s) 'example_task_group' retrieved from /home/airflow/.local/lib/python3.12/site-packages/airflow/example_dags/example_task_group.py
[2024-08-01T20:02:50.511+0000] {logging_mixin.py:188} INFO - [2024-08-01T20:02:50.510+0000] {dag.py:3089} INFO - Sync 1 DAGs
[2024-08-01T20:02:50.534+0000] {logging_mixin.py:188} INFO - [2024-08-01T20:02:50.533+0000] {dag.py:3947} INFO - Setting next_dagrun for example_task_group to 2024-07-31 00:00:00+00:00, run_after=2024-08-01 00:00:00+00:00
[2024-08-01T20:02:50.559+0000] {processor.py:183} INFO - Processing /home/airflow/.local/lib/python3.12/site-packages/airflow/example_dags/example_task_group.py took 0.209 seconds
[2024-08-01T20:03:21.202+0000] {processor.py:161} INFO - Started process (PID=184) to work on /home/airflow/.local/lib/python3.12/site-packages/airflow/example_dags/example_task_group.py
[2024-08-01T20:03:21.203+0000] {processor.py:830} INFO - Processing file /home/airflow/.local/lib/python3.12/site-packages/airflow/example_dags/example_task_group.py for tasks to queue
[2024-08-01T20:03:21.204+0000] {logging_mixin.py:188} INFO - [2024-08-01T20:03:21.204+0000] {dagbag.py:545} INFO - Filling up the DagBag from /home/airflow/.local/lib/python3.12/site-packages/airflow/example_dags/example_task_group.py
[2024-08-01T20:03:21.210+0000] {processor.py:840} INFO - DAG(s) 'example_task_group' retrieved from /home/airflow/.local/lib/python3.12/site-packages/airflow/example_dags/example_task_group.py
[2024-08-01T20:03:21.247+0000] {logging_mixin.py:188} INFO - [2024-08-01T20:03:21.246+0000] {dag.py:3089} INFO - Sync 1 DAGs
[2024-08-01T20:03:21.290+0000] {logging_mixin.py:188} INFO - [2024-08-01T20:03:21.290+0000] {dag.py:3947} INFO - Setting next_dagrun for example_task_group to 2024-07-31 00:00:00+00:00, run_after=2024-08-01 00:00:00+00:00
[2024-08-01T20:03:21.336+0000] {processor.py:183} INFO - Processing /home/airflow/.local/lib/python3.12/site-packages/airflow/example_dags/example_task_group.py took 0.139 seconds
[2024-08-01T20:03:51.819+0000] {processor.py:161} INFO - Started process (PID=242) to work on /home/airflow/.local/lib/python3.12/site-packages/airflow/example_dags/example_task_group.py
[2024-08-01T20:03:51.820+0000] {processor.py:830} INFO - Processing file /home/airflow/.local/lib/python3.12/site-packages/airflow/example_dags/example_task_group.py for tasks to queue
[2024-08-01T20:03:51.821+0000] {logging_mixin.py:188} INFO - [2024-08-01T20:03:51.821+0000] {dagbag.py:545} INFO - Filling up the DagBag from /home/airflow/.local/lib/python3.12/site-packages/airflow/example_dags/example_task_group.py
[2024-08-01T20:03:51.827+0000] {processor.py:840} INFO - DAG(s) 'example_task_group' retrieved from /home/airflow/.local/lib/python3.12/site-packages/airflow/example_dags/example_task_group.py
[2024-08-01T20:03:51.848+0000] {logging_mixin.py:188} INFO - [2024-08-01T20:03:51.848+0000] {dag.py:3089} INFO - Sync 1 DAGs
[2024-08-01T20:03:51.870+0000] {logging_mixin.py:188} INFO - [2024-08-01T20:03:51.869+0000] {dag.py:3947} INFO - Setting next_dagrun for example_task_group to 2024-07-31 00:00:00+00:00, run_after=2024-08-01 00:00:00+00:00
[2024-08-01T20:03:51.891+0000] {processor.py:183} INFO - Processing /home/airflow/.local/lib/python3.12/site-packages/airflow/example_dags/example_task_group.py took 0.077 seconds
[2024-08-01T20:04:22.236+0000] {processor.py:161} INFO - Started process (PID=300) to work on /home/airflow/.local/lib/python3.12/site-packages/airflow/example_dags/example_task_group.py
[2024-08-01T20:04:22.239+0000] {processor.py:830} INFO - Processing file /home/airflow/.local/lib/python3.12/site-packages/airflow/example_dags/example_task_group.py for tasks to queue
[2024-08-01T20:04:22.241+0000] {logging_mixin.py:188} INFO - [2024-08-01T20:04:22.240+0000] {dagbag.py:545} INFO - Filling up the DagBag from /home/airflow/.local/lib/python3.12/site-packages/airflow/example_dags/example_task_group.py
[2024-08-01T20:04:22.247+0000] {processor.py:840} INFO - DAG(s) 'example_task_group' retrieved from /home/airflow/.local/lib/python3.12/site-packages/airflow/example_dags/example_task_group.py
[2024-08-01T20:04:22.270+0000] {logging_mixin.py:188} INFO - [2024-08-01T20:04:22.270+0000] {dag.py:3089} INFO - Sync 1 DAGs
[2024-08-01T20:04:22.291+0000] {logging_mixin.py:188} INFO - [2024-08-01T20:04:22.291+0000] {dag.py:3947} INFO - Setting next_dagrun for example_task_group to 2024-07-31 00:00:00+00:00, run_after=2024-08-01 00:00:00+00:00
[2024-08-01T20:04:22.351+0000] {processor.py:183} INFO - Processing /home/airflow/.local/lib/python3.12/site-packages/airflow/example_dags/example_task_group.py took 0.120 seconds
[2024-08-01T20:04:52.873+0000] {processor.py:161} INFO - Started process (PID=358) to work on /home/airflow/.local/lib/python3.12/site-packages/airflow/example_dags/example_task_group.py
[2024-08-01T20:04:52.874+0000] {processor.py:830} INFO - Processing file /home/airflow/.local/lib/python3.12/site-packages/airflow/example_dags/example_task_group.py for tasks to queue
[2024-08-01T20:04:52.875+0000] {logging_mixin.py:188} INFO - [2024-08-01T20:04:52.875+0000] {dagbag.py:545} INFO - Filling up the DagBag from /home/airflow/.local/lib/python3.12/site-packages/airflow/example_dags/example_task_group.py
[2024-08-01T20:04:52.882+0000] {processor.py:840} INFO - DAG(s) 'example_task_group' retrieved from /home/airflow/.local/lib/python3.12/site-packages/airflow/example_dags/example_task_group.py
[2024-08-01T20:04:52.902+0000] {logging_mixin.py:188} INFO - [2024-08-01T20:04:52.902+0000] {dag.py:3089} INFO - Sync 1 DAGs
[2024-08-01T20:04:52.922+0000] {logging_mixin.py:188} INFO - [2024-08-01T20:04:52.921+0000] {dag.py:3947} INFO - Setting next_dagrun for example_task_group to 2024-07-31 00:00:00+00:00, run_after=2024-08-01 00:00:00+00:00
[2024-08-01T20:04:52.944+0000] {processor.py:183} INFO - Processing /home/airflow/.local/lib/python3.12/site-packages/airflow/example_dags/example_task_group.py took 0.076 seconds
[2024-08-01T20:05:23.580+0000] {processor.py:161} INFO - Started process (PID=416) to work on /home/airflow/.local/lib/python3.12/site-packages/airflow/example_dags/example_task_group.py
[2024-08-01T20:05:23.581+0000] {processor.py:830} INFO - Processing file /home/airflow/.local/lib/python3.12/site-packages/airflow/example_dags/example_task_group.py for tasks to queue
[2024-08-01T20:05:23.583+0000] {logging_mixin.py:188} INFO - [2024-08-01T20:05:23.582+0000] {dagbag.py:545} INFO - Filling up the DagBag from /home/airflow/.local/lib/python3.12/site-packages/airflow/example_dags/example_task_group.py
[2024-08-01T20:05:23.588+0000] {processor.py:840} INFO - DAG(s) 'example_task_group' retrieved from /home/airflow/.local/lib/python3.12/site-packages/airflow/example_dags/example_task_group.py
[2024-08-01T20:05:23.608+0000] {logging_mixin.py:188} INFO - [2024-08-01T20:05:23.607+0000] {dag.py:3089} INFO - Sync 1 DAGs
[2024-08-01T20:05:23.630+0000] {logging_mixin.py:188} INFO - [2024-08-01T20:05:23.629+0000] {dag.py:3947} INFO - Setting next_dagrun for example_task_group to 2024-07-31 00:00:00+00:00, run_after=2024-08-01 00:00:00+00:00
[2024-08-01T20:05:23.648+0000] {processor.py:183} INFO - Processing /home/airflow/.local/lib/python3.12/site-packages/airflow/example_dags/example_task_group.py took 0.072 seconds
[2024-08-01T20:05:53.833+0000] {processor.py:161} INFO - Started process (PID=474) to work on /home/airflow/.local/lib/python3.12/site-packages/airflow/example_dags/example_task_group.py
[2024-08-01T20:05:53.835+0000] {processor.py:830} INFO - Processing file /home/airflow/.local/lib/python3.12/site-packages/airflow/example_dags/example_task_group.py for tasks to queue
[2024-08-01T20:05:53.836+0000] {logging_mixin.py:188} INFO - [2024-08-01T20:05:53.836+0000] {dagbag.py:545} INFO - Filling up the DagBag from /home/airflow/.local/lib/python3.12/site-packages/airflow/example_dags/example_task_group.py
[2024-08-01T20:05:53.842+0000] {processor.py:840} INFO - DAG(s) 'example_task_group' retrieved from /home/airflow/.local/lib/python3.12/site-packages/airflow/example_dags/example_task_group.py
[2024-08-01T20:05:53.863+0000] {logging_mixin.py:188} INFO - [2024-08-01T20:05:53.863+0000] {dag.py:3089} INFO - Sync 1 DAGs
[2024-08-01T20:05:53.885+0000] {logging_mixin.py:188} INFO - [2024-08-01T20:05:53.885+0000] {dag.py:3947} INFO - Setting next_dagrun for example_task_group to 2024-07-31 00:00:00+00:00, run_after=2024-08-01 00:00:00+00:00
[2024-08-01T20:05:53.905+0000] {processor.py:183} INFO - Processing /home/airflow/.local/lib/python3.12/site-packages/airflow/example_dags/example_task_group.py took 0.076 seconds
[2024-08-01T20:06:34.333+0000] {processor.py:161} INFO - Started process (PID=62) to work on /home/airflow/.local/lib/python3.12/site-packages/airflow/example_dags/example_task_group.py
[2024-08-01T20:06:34.335+0000] {processor.py:830} INFO - Processing file /home/airflow/.local/lib/python3.12/site-packages/airflow/example_dags/example_task_group.py for tasks to queue
[2024-08-01T20:06:34.336+0000] {logging_mixin.py:188} INFO - [2024-08-01T20:06:34.336+0000] {dagbag.py:545} INFO - Filling up the DagBag from /home/airflow/.local/lib/python3.12/site-packages/airflow/example_dags/example_task_group.py
[2024-08-01T20:06:34.345+0000] {processor.py:840} INFO - DAG(s) 'example_task_group' retrieved from /home/airflow/.local/lib/python3.12/site-packages/airflow/example_dags/example_task_group.py
[2024-08-01T20:06:34.367+0000] {logging_mixin.py:188} INFO - [2024-08-01T20:06:34.366+0000] {dag.py:3089} INFO - Sync 1 DAGs
[2024-08-01T20:06:34.387+0000] {logging_mixin.py:188} INFO - [2024-08-01T20:06:34.387+0000] {dag.py:3947} INFO - Setting next_dagrun for example_task_group to 2024-07-31 00:00:00+00:00, run_after=2024-08-01 00:00:00+00:00
[2024-08-01T20:06:34.408+0000] {processor.py:183} INFO - Processing /home/airflow/.local/lib/python3.12/site-packages/airflow/example_dags/example_task_group.py took 0.079 seconds
[2024-08-01T20:07:05.412+0000] {processor.py:161} INFO - Started process (PID=120) to work on /home/airflow/.local/lib/python3.12/site-packages/airflow/example_dags/example_task_group.py
[2024-08-01T20:07:05.413+0000] {processor.py:830} INFO - Processing file /home/airflow/.local/lib/python3.12/site-packages/airflow/example_dags/example_task_group.py for tasks to queue
[2024-08-01T20:07:05.415+0000] {logging_mixin.py:188} INFO - [2024-08-01T20:07:05.415+0000] {dagbag.py:545} INFO - Filling up the DagBag from /home/airflow/.local/lib/python3.12/site-packages/airflow/example_dags/example_task_group.py
[2024-08-01T20:07:05.422+0000] {processor.py:840} INFO - DAG(s) 'example_task_group' retrieved from /home/airflow/.local/lib/python3.12/site-packages/airflow/example_dags/example_task_group.py
[2024-08-01T20:07:05.444+0000] {logging_mixin.py:188} INFO - [2024-08-01T20:07:05.444+0000] {dag.py:3089} INFO - Sync 1 DAGs
[2024-08-01T20:07:05.468+0000] {logging_mixin.py:188} INFO - [2024-08-01T20:07:05.468+0000] {dag.py:3947} INFO - Setting next_dagrun for example_task_group to 2024-07-31 00:00:00+00:00, run_after=2024-08-01 00:00:00+00:00
[2024-08-01T20:07:05.491+0000] {processor.py:183} INFO - Processing /home/airflow/.local/lib/python3.12/site-packages/airflow/example_dags/example_task_group.py took 0.084 seconds
[2024-08-01T20:07:35.624+0000] {processor.py:161} INFO - Started process (PID=178) to work on /home/airflow/.local/lib/python3.12/site-packages/airflow/example_dags/example_task_group.py
[2024-08-01T20:07:35.625+0000] {processor.py:830} INFO - Processing file /home/airflow/.local/lib/python3.12/site-packages/airflow/example_dags/example_task_group.py for tasks to queue
[2024-08-01T20:07:35.626+0000] {logging_mixin.py:188} INFO - [2024-08-01T20:07:35.626+0000] {dagbag.py:545} INFO - Filling up the DagBag from /home/airflow/.local/lib/python3.12/site-packages/airflow/example_dags/example_task_group.py
[2024-08-01T20:07:35.633+0000] {processor.py:840} INFO - DAG(s) 'example_task_group' retrieved from /home/airflow/.local/lib/python3.12/site-packages/airflow/example_dags/example_task_group.py
[2024-08-01T20:07:35.655+0000] {logging_mixin.py:188} INFO - [2024-08-01T20:07:35.654+0000] {dag.py:3089} INFO - Sync 1 DAGs
[2024-08-01T20:07:35.675+0000] {logging_mixin.py:188} INFO - [2024-08-01T20:07:35.674+0000] {dag.py:3947} INFO - Setting next_dagrun for example_task_group to 2024-07-31 00:00:00+00:00, run_after=2024-08-01 00:00:00+00:00
[2024-08-01T20:07:35.700+0000] {processor.py:183} INFO - Processing /home/airflow/.local/lib/python3.12/site-packages/airflow/example_dags/example_task_group.py took 0.081 seconds
[2024-08-01T20:08:06.055+0000] {processor.py:161} INFO - Started process (PID=236) to work on /home/airflow/.local/lib/python3.12/site-packages/airflow/example_dags/example_task_group.py
[2024-08-01T20:08:06.056+0000] {processor.py:830} INFO - Processing file /home/airflow/.local/lib/python3.12/site-packages/airflow/example_dags/example_task_group.py for tasks to queue
[2024-08-01T20:08:06.058+0000] {logging_mixin.py:188} INFO - [2024-08-01T20:08:06.057+0000] {dagbag.py:545} INFO - Filling up the DagBag from /home/airflow/.local/lib/python3.12/site-packages/airflow/example_dags/example_task_group.py
[2024-08-01T20:08:06.063+0000] {processor.py:840} INFO - DAG(s) 'example_task_group' retrieved from /home/airflow/.local/lib/python3.12/site-packages/airflow/example_dags/example_task_group.py
[2024-08-01T20:08:06.082+0000] {logging_mixin.py:188} INFO - [2024-08-01T20:08:06.082+0000] {dag.py:3089} INFO - Sync 1 DAGs
[2024-08-01T20:08:06.102+0000] {logging_mixin.py:188} INFO - [2024-08-01T20:08:06.102+0000] {dag.py:3947} INFO - Setting next_dagrun for example_task_group to 2024-07-31 00:00:00+00:00, run_after=2024-08-01 00:00:00+00:00
[2024-08-01T20:08:06.119+0000] {processor.py:183} INFO - Processing /home/airflow/.local/lib/python3.12/site-packages/airflow/example_dags/example_task_group.py took 0.069 seconds
[2024-08-01T20:08:36.493+0000] {processor.py:161} INFO - Started process (PID=294) to work on /home/airflow/.local/lib/python3.12/site-packages/airflow/example_dags/example_task_group.py
[2024-08-01T20:08:36.494+0000] {processor.py:830} INFO - Processing file /home/airflow/.local/lib/python3.12/site-packages/airflow/example_dags/example_task_group.py for tasks to queue
[2024-08-01T20:08:36.496+0000] {logging_mixin.py:188} INFO - [2024-08-01T20:08:36.495+0000] {dagbag.py:545} INFO - Filling up the DagBag from /home/airflow/.local/lib/python3.12/site-packages/airflow/example_dags/example_task_group.py
[2024-08-01T20:08:36.507+0000] {processor.py:840} INFO - DAG(s) 'example_task_group' retrieved from /home/airflow/.local/lib/python3.12/site-packages/airflow/example_dags/example_task_group.py
[2024-08-01T20:08:36.530+0000] {logging_mixin.py:188} INFO - [2024-08-01T20:08:36.529+0000] {dag.py:3089} INFO - Sync 1 DAGs
[2024-08-01T20:08:36.554+0000] {logging_mixin.py:188} INFO - [2024-08-01T20:08:36.553+0000] {dag.py:3947} INFO - Setting next_dagrun for example_task_group to 2024-07-31 00:00:00+00:00, run_after=2024-08-01 00:00:00+00:00
[2024-08-01T20:08:36.573+0000] {processor.py:183} INFO - Processing /home/airflow/.local/lib/python3.12/site-packages/airflow/example_dags/example_task_group.py took 0.087 seconds
[2024-08-01T20:09:06.754+0000] {processor.py:161} INFO - Started process (PID=352) to work on /home/airflow/.local/lib/python3.12/site-packages/airflow/example_dags/example_task_group.py
[2024-08-01T20:09:06.755+0000] {processor.py:830} INFO - Processing file /home/airflow/.local/lib/python3.12/site-packages/airflow/example_dags/example_task_group.py for tasks to queue
[2024-08-01T20:09:06.756+0000] {logging_mixin.py:188} INFO - [2024-08-01T20:09:06.756+0000] {dagbag.py:545} INFO - Filling up the DagBag from /home/airflow/.local/lib/python3.12/site-packages/airflow/example_dags/example_task_group.py
[2024-08-01T20:09:06.762+0000] {processor.py:840} INFO - DAG(s) 'example_task_group' retrieved from /home/airflow/.local/lib/python3.12/site-packages/airflow/example_dags/example_task_group.py
[2024-08-01T20:09:06.782+0000] {logging_mixin.py:188} INFO - [2024-08-01T20:09:06.782+0000] {dag.py:3089} INFO - Sync 1 DAGs
[2024-08-01T20:09:06.801+0000] {logging_mixin.py:188} INFO - [2024-08-01T20:09:06.801+0000] {dag.py:3947} INFO - Setting next_dagrun for example_task_group to 2024-07-31 00:00:00+00:00, run_after=2024-08-01 00:00:00+00:00
[2024-08-01T20:09:06.817+0000] {processor.py:183} INFO - Processing /home/airflow/.local/lib/python3.12/site-packages/airflow/example_dags/example_task_group.py took 0.068 seconds
[2024-08-01T20:11:19.091+0000] {processor.py:161} INFO - Started process (PID=60) to work on /home/airflow/.local/lib/python3.12/site-packages/airflow/example_dags/example_task_group.py
[2024-08-01T20:11:19.094+0000] {processor.py:830} INFO - Processing file /home/airflow/.local/lib/python3.12/site-packages/airflow/example_dags/example_task_group.py for tasks to queue
[2024-08-01T20:11:19.096+0000] {logging_mixin.py:188} INFO - [2024-08-01T20:11:19.096+0000] {dagbag.py:545} INFO - Filling up the DagBag from /home/airflow/.local/lib/python3.12/site-packages/airflow/example_dags/example_task_group.py
[2024-08-01T20:11:19.111+0000] {processor.py:840} INFO - DAG(s) 'example_task_group' retrieved from /home/airflow/.local/lib/python3.12/site-packages/airflow/example_dags/example_task_group.py
[2024-08-01T20:11:19.130+0000] {logging_mixin.py:188} INFO - [2024-08-01T20:11:19.130+0000] {dag.py:3089} INFO - Sync 1 DAGs
[2024-08-01T20:11:19.166+0000] {logging_mixin.py:188} INFO - [2024-08-01T20:11:19.166+0000] {dag.py:3947} INFO - Setting next_dagrun for example_task_group to 2024-07-31 00:00:00+00:00, run_after=2024-08-01 00:00:00+00:00
[2024-08-01T20:11:19.279+0000] {processor.py:183} INFO - Processing /home/airflow/.local/lib/python3.12/site-packages/airflow/example_dags/example_task_group.py took 0.193 seconds
[2024-08-01T20:11:49.335+0000] {processor.py:161} INFO - Started process (PID=118) to work on /home/airflow/.local/lib/python3.12/site-packages/airflow/example_dags/example_task_group.py
[2024-08-01T20:11:49.336+0000] {processor.py:830} INFO - Processing file /home/airflow/.local/lib/python3.12/site-packages/airflow/example_dags/example_task_group.py for tasks to queue
[2024-08-01T20:11:49.337+0000] {logging_mixin.py:188} INFO - [2024-08-01T20:11:49.337+0000] {dagbag.py:545} INFO - Filling up the DagBag from /home/airflow/.local/lib/python3.12/site-packages/airflow/example_dags/example_task_group.py
[2024-08-01T20:11:49.344+0000] {processor.py:840} INFO - DAG(s) 'example_task_group' retrieved from /home/airflow/.local/lib/python3.12/site-packages/airflow/example_dags/example_task_group.py
[2024-08-01T20:11:49.441+0000] {logging_mixin.py:188} INFO - [2024-08-01T20:11:49.441+0000] {dag.py:3089} INFO - Sync 1 DAGs
[2024-08-01T20:11:49.460+0000] {logging_mixin.py:188} INFO - [2024-08-01T20:11:49.460+0000] {dag.py:3947} INFO - Setting next_dagrun for example_task_group to 2024-07-31 00:00:00+00:00, run_after=2024-08-01 00:00:00+00:00
[2024-08-01T20:11:49.499+0000] {processor.py:183} INFO - Processing /home/airflow/.local/lib/python3.12/site-packages/airflow/example_dags/example_task_group.py took 0.168 seconds
[2024-08-01T20:12:20.222+0000] {processor.py:161} INFO - Started process (PID=176) to work on /home/airflow/.local/lib/python3.12/site-packages/airflow/example_dags/example_task_group.py
[2024-08-01T20:12:20.223+0000] {processor.py:830} INFO - Processing file /home/airflow/.local/lib/python3.12/site-packages/airflow/example_dags/example_task_group.py for tasks to queue
[2024-08-01T20:12:20.224+0000] {logging_mixin.py:188} INFO - [2024-08-01T20:12:20.224+0000] {dagbag.py:545} INFO - Filling up the DagBag from /home/airflow/.local/lib/python3.12/site-packages/airflow/example_dags/example_task_group.py
[2024-08-01T20:12:20.232+0000] {processor.py:840} INFO - DAG(s) 'example_task_group' retrieved from /home/airflow/.local/lib/python3.12/site-packages/airflow/example_dags/example_task_group.py
[2024-08-01T20:12:20.254+0000] {logging_mixin.py:188} INFO - [2024-08-01T20:12:20.253+0000] {dag.py:3089} INFO - Sync 1 DAGs
[2024-08-01T20:12:20.276+0000] {logging_mixin.py:188} INFO - [2024-08-01T20:12:20.276+0000] {dag.py:3947} INFO - Setting next_dagrun for example_task_group to 2024-07-31 00:00:00+00:00, run_after=2024-08-01 00:00:00+00:00
[2024-08-01T20:12:20.297+0000] {processor.py:183} INFO - Processing /home/airflow/.local/lib/python3.12/site-packages/airflow/example_dags/example_task_group.py took 0.082 seconds
[2024-08-01T20:12:50.709+0000] {processor.py:161} INFO - Started process (PID=234) to work on /home/airflow/.local/lib/python3.12/site-packages/airflow/example_dags/example_task_group.py
[2024-08-01T20:12:50.710+0000] {processor.py:830} INFO - Processing file /home/airflow/.local/lib/python3.12/site-packages/airflow/example_dags/example_task_group.py for tasks to queue
[2024-08-01T20:12:50.711+0000] {logging_mixin.py:188} INFO - [2024-08-01T20:12:50.711+0000] {dagbag.py:545} INFO - Filling up the DagBag from /home/airflow/.local/lib/python3.12/site-packages/airflow/example_dags/example_task_group.py
[2024-08-01T20:12:50.718+0000] {processor.py:840} INFO - DAG(s) 'example_task_group' retrieved from /home/airflow/.local/lib/python3.12/site-packages/airflow/example_dags/example_task_group.py
[2024-08-01T20:12:50.738+0000] {logging_mixin.py:188} INFO - [2024-08-01T20:12:50.738+0000] {dag.py:3089} INFO - Sync 1 DAGs
[2024-08-01T20:12:50.758+0000] {logging_mixin.py:188} INFO - [2024-08-01T20:12:50.758+0000] {dag.py:3947} INFO - Setting next_dagrun for example_task_group to 2024-07-31 00:00:00+00:00, run_after=2024-08-01 00:00:00+00:00
[2024-08-01T20:12:50.778+0000] {processor.py:183} INFO - Processing /home/airflow/.local/lib/python3.12/site-packages/airflow/example_dags/example_task_group.py took 0.073 seconds
[2024-08-01T20:13:20.835+0000] {processor.py:161} INFO - Started process (PID=292) to work on /home/airflow/.local/lib/python3.12/site-packages/airflow/example_dags/example_task_group.py
[2024-08-01T20:13:20.836+0000] {processor.py:830} INFO - Processing file /home/airflow/.local/lib/python3.12/site-packages/airflow/example_dags/example_task_group.py for tasks to queue
[2024-08-01T20:13:20.837+0000] {logging_mixin.py:188} INFO - [2024-08-01T20:13:20.837+0000] {dagbag.py:545} INFO - Filling up the DagBag from /home/airflow/.local/lib/python3.12/site-packages/airflow/example_dags/example_task_group.py
[2024-08-01T20:13:20.844+0000] {processor.py:840} INFO - DAG(s) 'example_task_group' retrieved from /home/airflow/.local/lib/python3.12/site-packages/airflow/example_dags/example_task_group.py
[2024-08-01T20:13:20.864+0000] {logging_mixin.py:188} INFO - [2024-08-01T20:13:20.864+0000] {dag.py:3089} INFO - Sync 1 DAGs
[2024-08-01T20:13:20.884+0000] {logging_mixin.py:188} INFO - [2024-08-01T20:13:20.883+0000] {dag.py:3947} INFO - Setting next_dagrun for example_task_group to 2024-07-31 00:00:00+00:00, run_after=2024-08-01 00:00:00+00:00
[2024-08-01T20:13:20.903+0000] {processor.py:183} INFO - Processing /home/airflow/.local/lib/python3.12/site-packages/airflow/example_dags/example_task_group.py took 0.073 seconds
[2024-08-01T20:13:50.956+0000] {processor.py:161} INFO - Started process (PID=350) to work on /home/airflow/.local/lib/python3.12/site-packages/airflow/example_dags/example_task_group.py
[2024-08-01T20:13:50.957+0000] {processor.py:830} INFO - Processing file /home/airflow/.local/lib/python3.12/site-packages/airflow/example_dags/example_task_group.py for tasks to queue
[2024-08-01T20:13:50.959+0000] {logging_mixin.py:188} INFO - [2024-08-01T20:13:50.959+0000] {dagbag.py:545} INFO - Filling up the DagBag from /home/airflow/.local/lib/python3.12/site-packages/airflow/example_dags/example_task_group.py
[2024-08-01T20:13:50.965+0000] {processor.py:840} INFO - DAG(s) 'example_task_group' retrieved from /home/airflow/.local/lib/python3.12/site-packages/airflow/example_dags/example_task_group.py
[2024-08-01T20:13:50.985+0000] {logging_mixin.py:188} INFO - [2024-08-01T20:13:50.985+0000] {dag.py:3089} INFO - Sync 1 DAGs
[2024-08-01T20:13:51.005+0000] {logging_mixin.py:188} INFO - [2024-08-01T20:13:51.005+0000] {dag.py:3947} INFO - Setting next_dagrun for example_task_group to 2024-07-31 00:00:00+00:00, run_after=2024-08-01 00:00:00+00:00
[2024-08-01T20:13:51.024+0000] {processor.py:183} INFO - Processing /home/airflow/.local/lib/python3.12/site-packages/airflow/example_dags/example_task_group.py took 0.073 seconds
[2024-08-01T20:14:21.423+0000] {processor.py:161} INFO - Started process (PID=408) to work on /home/airflow/.local/lib/python3.12/site-packages/airflow/example_dags/example_task_group.py
[2024-08-01T20:14:21.424+0000] {processor.py:830} INFO - Processing file /home/airflow/.local/lib/python3.12/site-packages/airflow/example_dags/example_task_group.py for tasks to queue
[2024-08-01T20:14:21.426+0000] {logging_mixin.py:188} INFO - [2024-08-01T20:14:21.426+0000] {dagbag.py:545} INFO - Filling up the DagBag from /home/airflow/.local/lib/python3.12/site-packages/airflow/example_dags/example_task_group.py
[2024-08-01T20:14:21.432+0000] {processor.py:840} INFO - DAG(s) 'example_task_group' retrieved from /home/airflow/.local/lib/python3.12/site-packages/airflow/example_dags/example_task_group.py
[2024-08-01T20:14:21.453+0000] {logging_mixin.py:188} INFO - [2024-08-01T20:14:21.452+0000] {dag.py:3089} INFO - Sync 1 DAGs
[2024-08-01T20:14:21.476+0000] {logging_mixin.py:188} INFO - [2024-08-01T20:14:21.476+0000] {dag.py:3947} INFO - Setting next_dagrun for example_task_group to 2024-07-31 00:00:00+00:00, run_after=2024-08-01 00:00:00+00:00
[2024-08-01T20:14:21.499+0000] {processor.py:183} INFO - Processing /home/airflow/.local/lib/python3.12/site-packages/airflow/example_dags/example_task_group.py took 0.080 seconds
[2024-08-01T20:14:52.054+0000] {processor.py:161} INFO - Started process (PID=472) to work on /home/airflow/.local/lib/python3.12/site-packages/airflow/example_dags/example_task_group.py
[2024-08-01T20:14:52.056+0000] {processor.py:830} INFO - Processing file /home/airflow/.local/lib/python3.12/site-packages/airflow/example_dags/example_task_group.py for tasks to queue
[2024-08-01T20:14:52.057+0000] {logging_mixin.py:188} INFO - [2024-08-01T20:14:52.057+0000] {dagbag.py:545} INFO - Filling up the DagBag from /home/airflow/.local/lib/python3.12/site-packages/airflow/example_dags/example_task_group.py
[2024-08-01T20:14:52.063+0000] {processor.py:840} INFO - DAG(s) 'example_task_group' retrieved from /home/airflow/.local/lib/python3.12/site-packages/airflow/example_dags/example_task_group.py
[2024-08-01T20:14:52.081+0000] {logging_mixin.py:188} INFO - [2024-08-01T20:14:52.081+0000] {dag.py:3089} INFO - Sync 1 DAGs
[2024-08-01T20:14:52.100+0000] {logging_mixin.py:188} INFO - [2024-08-01T20:14:52.100+0000] {dag.py:3947} INFO - Setting next_dagrun for example_task_group to 2024-07-31 00:00:00+00:00, run_after=2024-08-01 00:00:00+00:00
[2024-08-01T20:14:52.116+0000] {processor.py:183} INFO - Processing /home/airflow/.local/lib/python3.12/site-packages/airflow/example_dags/example_task_group.py took 0.067 seconds
[2024-08-01T20:15:22.211+0000] {processor.py:161} INFO - Started process (PID=530) to work on /home/airflow/.local/lib/python3.12/site-packages/airflow/example_dags/example_task_group.py
[2024-08-01T20:15:22.212+0000] {processor.py:830} INFO - Processing file /home/airflow/.local/lib/python3.12/site-packages/airflow/example_dags/example_task_group.py for tasks to queue
[2024-08-01T20:15:22.213+0000] {logging_mixin.py:188} INFO - [2024-08-01T20:15:22.213+0000] {dagbag.py:545} INFO - Filling up the DagBag from /home/airflow/.local/lib/python3.12/site-packages/airflow/example_dags/example_task_group.py
[2024-08-01T20:15:22.219+0000] {processor.py:840} INFO - DAG(s) 'example_task_group' retrieved from /home/airflow/.local/lib/python3.12/site-packages/airflow/example_dags/example_task_group.py
[2024-08-01T20:15:22.238+0000] {logging_mixin.py:188} INFO - [2024-08-01T20:15:22.237+0000] {dag.py:3089} INFO - Sync 1 DAGs
[2024-08-01T20:15:22.258+0000] {logging_mixin.py:188} INFO - [2024-08-01T20:15:22.258+0000] {dag.py:3947} INFO - Setting next_dagrun for example_task_group to 2024-07-31 00:00:00+00:00, run_after=2024-08-01 00:00:00+00:00
[2024-08-01T20:15:22.276+0000] {processor.py:183} INFO - Processing /home/airflow/.local/lib/python3.12/site-packages/airflow/example_dags/example_task_group.py took 0.070 seconds
[2024-08-01T20:15:52.482+0000] {processor.py:161} INFO - Started process (PID=588) to work on /home/airflow/.local/lib/python3.12/site-packages/airflow/example_dags/example_task_group.py
[2024-08-01T20:15:52.483+0000] {processor.py:830} INFO - Processing file /home/airflow/.local/lib/python3.12/site-packages/airflow/example_dags/example_task_group.py for tasks to queue
[2024-08-01T20:15:52.484+0000] {logging_mixin.py:188} INFO - [2024-08-01T20:15:52.484+0000] {dagbag.py:545} INFO - Filling up the DagBag from /home/airflow/.local/lib/python3.12/site-packages/airflow/example_dags/example_task_group.py
[2024-08-01T20:15:52.490+0000] {processor.py:840} INFO - DAG(s) 'example_task_group' retrieved from /home/airflow/.local/lib/python3.12/site-packages/airflow/example_dags/example_task_group.py
[2024-08-01T20:15:52.510+0000] {logging_mixin.py:188} INFO - [2024-08-01T20:15:52.510+0000] {dag.py:3089} INFO - Sync 1 DAGs
[2024-08-01T20:15:52.531+0000] {logging_mixin.py:188} INFO - [2024-08-01T20:15:52.531+0000] {dag.py:3947} INFO - Setting next_dagrun for example_task_group to 2024-07-31 00:00:00+00:00, run_after=2024-08-01 00:00:00+00:00
[2024-08-01T20:15:52.551+0000] {processor.py:183} INFO - Processing /home/airflow/.local/lib/python3.12/site-packages/airflow/example_dags/example_task_group.py took 0.074 seconds
[2024-08-01T20:16:22.995+0000] {processor.py:161} INFO - Started process (PID=646) to work on /home/airflow/.local/lib/python3.12/site-packages/airflow/example_dags/example_task_group.py
[2024-08-01T20:16:22.996+0000] {processor.py:830} INFO - Processing file /home/airflow/.local/lib/python3.12/site-packages/airflow/example_dags/example_task_group.py for tasks to queue
[2024-08-01T20:16:22.998+0000] {logging_mixin.py:188} INFO - [2024-08-01T20:16:22.998+0000] {dagbag.py:545} INFO - Filling up the DagBag from /home/airflow/.local/lib/python3.12/site-packages/airflow/example_dags/example_task_group.py
[2024-08-01T20:16:23.004+0000] {processor.py:840} INFO - DAG(s) 'example_task_group' retrieved from /home/airflow/.local/lib/python3.12/site-packages/airflow/example_dags/example_task_group.py
[2024-08-01T20:16:23.027+0000] {logging_mixin.py:188} INFO - [2024-08-01T20:16:23.027+0000] {dag.py:3089} INFO - Sync 1 DAGs
[2024-08-01T20:16:23.049+0000] {logging_mixin.py:188} INFO - [2024-08-01T20:16:23.048+0000] {dag.py:3947} INFO - Setting next_dagrun for example_task_group to 2024-07-31 00:00:00+00:00, run_after=2024-08-01 00:00:00+00:00
[2024-08-01T20:16:23.068+0000] {processor.py:183} INFO - Processing /home/airflow/.local/lib/python3.12/site-packages/airflow/example_dags/example_task_group.py took 0.077 seconds
