[2024-08-01T20:02:16.386+0000] {processor.py:161} INFO - Started process (PID=49) to work on /home/airflow/.local/lib/python3.12/site-packages/airflow/example_dags/example_sensors.py
[2024-08-01T20:02:16.387+0000] {processor.py:830} INFO - Processing file /home/airflow/.local/lib/python3.12/site-packages/airflow/example_dags/example_sensors.py for tasks to queue
[2024-08-01T20:02:16.390+0000] {logging_mixin.py:188} INFO - [2024-08-01T20:02:16.389+0000] {dagbag.py:545} INFO - Filling up the DagBag from /home/airflow/.local/lib/python3.12/site-packages/airflow/example_dags/example_sensors.py
[2024-08-01T20:02:16.401+0000] {processor.py:840} INFO - DAG(s) 'example_sensors' retrieved from /home/airflow/.local/lib/python3.12/site-packages/airflow/example_dags/example_sensors.py
[2024-08-01T20:02:16.412+0000] {logging_mixin.py:188} INFO - [2024-08-01T20:02:16.412+0000] {dag.py:3089} INFO - Sync 1 DAGs
[2024-08-01T20:02:16.425+0000] {logging_mixin.py:188} INFO - [2024-08-01T20:02:16.425+0000] {dag.py:3947} INFO - Setting next_dagrun for example_sensors to None, run_after=None
[2024-08-01T20:02:16.473+0000] {processor.py:183} INFO - Processing /home/airflow/.local/lib/python3.12/site-packages/airflow/example_dags/example_sensors.py took 0.091 seconds
[2024-08-01T20:02:48.265+0000] {processor.py:161} INFO - Started process (PID=113) to work on /home/airflow/.local/lib/python3.12/site-packages/airflow/example_dags/example_sensors.py
[2024-08-01T20:02:48.266+0000] {processor.py:830} INFO - Processing file /home/airflow/.local/lib/python3.12/site-packages/airflow/example_dags/example_sensors.py for tasks to queue
[2024-08-01T20:02:48.268+0000] {logging_mixin.py:188} INFO - [2024-08-01T20:02:48.267+0000] {dagbag.py:545} INFO - Filling up the DagBag from /home/airflow/.local/lib/python3.12/site-packages/airflow/example_dags/example_sensors.py
[2024-08-01T20:02:48.278+0000] {processor.py:840} INFO - DAG(s) 'example_sensors' retrieved from /home/airflow/.local/lib/python3.12/site-packages/airflow/example_dags/example_sensors.py
[2024-08-01T20:02:48.390+0000] {logging_mixin.py:188} INFO - [2024-08-01T20:02:48.389+0000] {dag.py:3089} INFO - Sync 1 DAGs
[2024-08-01T20:02:48.399+0000] {logging_mixin.py:188} INFO - [2024-08-01T20:02:48.399+0000] {dag.py:3947} INFO - Setting next_dagrun for example_sensors to None, run_after=None
[2024-08-01T20:02:48.420+0000] {processor.py:183} INFO - Processing /home/airflow/.local/lib/python3.12/site-packages/airflow/example_dags/example_sensors.py took 0.161 seconds
[2024-08-01T20:03:18.556+0000] {processor.py:161} INFO - Started process (PID=171) to work on /home/airflow/.local/lib/python3.12/site-packages/airflow/example_dags/example_sensors.py
[2024-08-01T20:03:18.557+0000] {processor.py:830} INFO - Processing file /home/airflow/.local/lib/python3.12/site-packages/airflow/example_dags/example_sensors.py for tasks to queue
[2024-08-01T20:03:18.559+0000] {logging_mixin.py:188} INFO - [2024-08-01T20:03:18.559+0000] {dagbag.py:545} INFO - Filling up the DagBag from /home/airflow/.local/lib/python3.12/site-packages/airflow/example_dags/example_sensors.py
[2024-08-01T20:03:18.570+0000] {processor.py:840} INFO - DAG(s) 'example_sensors' retrieved from /home/airflow/.local/lib/python3.12/site-packages/airflow/example_dags/example_sensors.py
[2024-08-01T20:03:18.606+0000] {logging_mixin.py:188} INFO - [2024-08-01T20:03:18.605+0000] {dag.py:3089} INFO - Sync 1 DAGs
[2024-08-01T20:03:18.623+0000] {logging_mixin.py:188} INFO - [2024-08-01T20:03:18.623+0000] {dag.py:3947} INFO - Setting next_dagrun for example_sensors to None, run_after=None
[2024-08-01T20:03:18.652+0000] {processor.py:183} INFO - Processing /home/airflow/.local/lib/python3.12/site-packages/airflow/example_dags/example_sensors.py took 0.102 seconds
[2024-08-01T20:03:49.174+0000] {processor.py:161} INFO - Started process (PID=229) to work on /home/airflow/.local/lib/python3.12/site-packages/airflow/example_dags/example_sensors.py
[2024-08-01T20:03:49.175+0000] {processor.py:830} INFO - Processing file /home/airflow/.local/lib/python3.12/site-packages/airflow/example_dags/example_sensors.py for tasks to queue
[2024-08-01T20:03:49.176+0000] {logging_mixin.py:188} INFO - [2024-08-01T20:03:49.176+0000] {dagbag.py:545} INFO - Filling up the DagBag from /home/airflow/.local/lib/python3.12/site-packages/airflow/example_dags/example_sensors.py
[2024-08-01T20:03:49.184+0000] {processor.py:840} INFO - DAG(s) 'example_sensors' retrieved from /home/airflow/.local/lib/python3.12/site-packages/airflow/example_dags/example_sensors.py
[2024-08-01T20:03:49.209+0000] {logging_mixin.py:188} INFO - [2024-08-01T20:03:49.209+0000] {dag.py:3089} INFO - Sync 1 DAGs
[2024-08-01T20:03:49.220+0000] {logging_mixin.py:188} INFO - [2024-08-01T20:03:49.220+0000] {dag.py:3947} INFO - Setting next_dagrun for example_sensors to None, run_after=None
[2024-08-01T20:03:49.241+0000] {processor.py:183} INFO - Processing /home/airflow/.local/lib/python3.12/site-packages/airflow/example_dags/example_sensors.py took 0.073 seconds
[2024-08-01T20:04:19.333+0000] {processor.py:161} INFO - Started process (PID=287) to work on /home/airflow/.local/lib/python3.12/site-packages/airflow/example_dags/example_sensors.py
[2024-08-01T20:04:19.335+0000] {processor.py:830} INFO - Processing file /home/airflow/.local/lib/python3.12/site-packages/airflow/example_dags/example_sensors.py for tasks to queue
[2024-08-01T20:04:19.336+0000] {logging_mixin.py:188} INFO - [2024-08-01T20:04:19.336+0000] {dagbag.py:545} INFO - Filling up the DagBag from /home/airflow/.local/lib/python3.12/site-packages/airflow/example_dags/example_sensors.py
[2024-08-01T20:04:19.345+0000] {processor.py:840} INFO - DAG(s) 'example_sensors' retrieved from /home/airflow/.local/lib/python3.12/site-packages/airflow/example_dags/example_sensors.py
[2024-08-01T20:04:19.370+0000] {logging_mixin.py:188} INFO - [2024-08-01T20:04:19.370+0000] {dag.py:3089} INFO - Sync 1 DAGs
[2024-08-01T20:04:19.384+0000] {logging_mixin.py:188} INFO - [2024-08-01T20:04:19.384+0000] {dag.py:3947} INFO - Setting next_dagrun for example_sensors to None, run_after=None
[2024-08-01T20:04:19.409+0000] {processor.py:183} INFO - Processing /home/airflow/.local/lib/python3.12/site-packages/airflow/example_dags/example_sensors.py took 0.081 seconds
[2024-08-01T20:04:49.973+0000] {processor.py:161} INFO - Started process (PID=345) to work on /home/airflow/.local/lib/python3.12/site-packages/airflow/example_dags/example_sensors.py
[2024-08-01T20:04:50.004+0000] {processor.py:830} INFO - Processing file /home/airflow/.local/lib/python3.12/site-packages/airflow/example_dags/example_sensors.py for tasks to queue
[2024-08-01T20:04:50.006+0000] {logging_mixin.py:188} INFO - [2024-08-01T20:04:50.005+0000] {dagbag.py:545} INFO - Filling up the DagBag from /home/airflow/.local/lib/python3.12/site-packages/airflow/example_dags/example_sensors.py
[2024-08-01T20:04:50.023+0000] {processor.py:840} INFO - DAG(s) 'example_sensors' retrieved from /home/airflow/.local/lib/python3.12/site-packages/airflow/example_dags/example_sensors.py
[2024-08-01T20:04:50.061+0000] {logging_mixin.py:188} INFO - [2024-08-01T20:04:50.060+0000] {dag.py:3089} INFO - Sync 1 DAGs
[2024-08-01T20:04:50.078+0000] {logging_mixin.py:188} INFO - [2024-08-01T20:04:50.078+0000] {dag.py:3947} INFO - Setting next_dagrun for example_sensors to None, run_after=None
[2024-08-01T20:04:50.100+0000] {processor.py:183} INFO - Processing /home/airflow/.local/lib/python3.12/site-packages/airflow/example_dags/example_sensors.py took 0.131 seconds
[2024-08-01T20:05:20.986+0000] {processor.py:161} INFO - Started process (PID=403) to work on /home/airflow/.local/lib/python3.12/site-packages/airflow/example_dags/example_sensors.py
[2024-08-01T20:05:21.011+0000] {processor.py:830} INFO - Processing file /home/airflow/.local/lib/python3.12/site-packages/airflow/example_dags/example_sensors.py for tasks to queue
[2024-08-01T20:05:21.013+0000] {logging_mixin.py:188} INFO - [2024-08-01T20:05:21.013+0000] {dagbag.py:545} INFO - Filling up the DagBag from /home/airflow/.local/lib/python3.12/site-packages/airflow/example_dags/example_sensors.py
[2024-08-01T20:05:21.020+0000] {processor.py:840} INFO - DAG(s) 'example_sensors' retrieved from /home/airflow/.local/lib/python3.12/site-packages/airflow/example_dags/example_sensors.py
[2024-08-01T20:05:21.045+0000] {logging_mixin.py:188} INFO - [2024-08-01T20:05:21.045+0000] {dag.py:3089} INFO - Sync 1 DAGs
[2024-08-01T20:05:21.057+0000] {logging_mixin.py:188} INFO - [2024-08-01T20:05:21.056+0000] {dag.py:3947} INFO - Setting next_dagrun for example_sensors to None, run_after=None
[2024-08-01T20:05:21.075+0000] {processor.py:183} INFO - Processing /home/airflow/.local/lib/python3.12/site-packages/airflow/example_dags/example_sensors.py took 0.093 seconds
[2024-08-01T20:05:51.103+0000] {processor.py:161} INFO - Started process (PID=461) to work on /home/airflow/.local/lib/python3.12/site-packages/airflow/example_dags/example_sensors.py
[2024-08-01T20:05:51.104+0000] {processor.py:830} INFO - Processing file /home/airflow/.local/lib/python3.12/site-packages/airflow/example_dags/example_sensors.py for tasks to queue
[2024-08-01T20:05:51.105+0000] {logging_mixin.py:188} INFO - [2024-08-01T20:05:51.105+0000] {dagbag.py:545} INFO - Filling up the DagBag from /home/airflow/.local/lib/python3.12/site-packages/airflow/example_dags/example_sensors.py
[2024-08-01T20:05:51.114+0000] {processor.py:840} INFO - DAG(s) 'example_sensors' retrieved from /home/airflow/.local/lib/python3.12/site-packages/airflow/example_dags/example_sensors.py
[2024-08-01T20:05:51.138+0000] {logging_mixin.py:188} INFO - [2024-08-01T20:05:51.138+0000] {dag.py:3089} INFO - Sync 1 DAGs
[2024-08-01T20:05:51.151+0000] {logging_mixin.py:188} INFO - [2024-08-01T20:05:51.151+0000] {dag.py:3947} INFO - Setting next_dagrun for example_sensors to None, run_after=None
[2024-08-01T20:05:51.172+0000] {processor.py:183} INFO - Processing /home/airflow/.local/lib/python3.12/site-packages/airflow/example_dags/example_sensors.py took 0.074 seconds
[2024-08-01T20:06:33.534+0000] {processor.py:161} INFO - Started process (PID=49) to work on /home/airflow/.local/lib/python3.12/site-packages/airflow/example_dags/example_sensors.py
[2024-08-01T20:06:33.536+0000] {processor.py:830} INFO - Processing file /home/airflow/.local/lib/python3.12/site-packages/airflow/example_dags/example_sensors.py for tasks to queue
[2024-08-01T20:06:33.538+0000] {logging_mixin.py:188} INFO - [2024-08-01T20:06:33.538+0000] {dagbag.py:545} INFO - Filling up the DagBag from /home/airflow/.local/lib/python3.12/site-packages/airflow/example_dags/example_sensors.py
[2024-08-01T20:06:33.561+0000] {processor.py:840} INFO - DAG(s) 'example_sensors' retrieved from /home/airflow/.local/lib/python3.12/site-packages/airflow/example_dags/example_sensors.py
[2024-08-01T20:06:33.596+0000] {logging_mixin.py:188} INFO - [2024-08-01T20:06:33.596+0000] {dag.py:3089} INFO - Sync 1 DAGs
[2024-08-01T20:06:33.611+0000] {logging_mixin.py:188} INFO - [2024-08-01T20:06:33.611+0000] {dag.py:3947} INFO - Setting next_dagrun for example_sensors to None, run_after=None
[2024-08-01T20:06:33.632+0000] {processor.py:183} INFO - Processing /home/airflow/.local/lib/python3.12/site-packages/airflow/example_dags/example_sensors.py took 0.104 seconds
[2024-08-01T20:07:03.678+0000] {processor.py:161} INFO - Started process (PID=107) to work on /home/airflow/.local/lib/python3.12/site-packages/airflow/example_dags/example_sensors.py
[2024-08-01T20:07:03.679+0000] {processor.py:830} INFO - Processing file /home/airflow/.local/lib/python3.12/site-packages/airflow/example_dags/example_sensors.py for tasks to queue
[2024-08-01T20:07:03.681+0000] {logging_mixin.py:188} INFO - [2024-08-01T20:07:03.681+0000] {dagbag.py:545} INFO - Filling up the DagBag from /home/airflow/.local/lib/python3.12/site-packages/airflow/example_dags/example_sensors.py
[2024-08-01T20:07:03.689+0000] {processor.py:840} INFO - DAG(s) 'example_sensors' retrieved from /home/airflow/.local/lib/python3.12/site-packages/airflow/example_dags/example_sensors.py
[2024-08-01T20:07:03.715+0000] {logging_mixin.py:188} INFO - [2024-08-01T20:07:03.715+0000] {dag.py:3089} INFO - Sync 1 DAGs
[2024-08-01T20:07:03.726+0000] {logging_mixin.py:188} INFO - [2024-08-01T20:07:03.726+0000] {dag.py:3947} INFO - Setting next_dagrun for example_sensors to None, run_after=None
[2024-08-01T20:07:03.744+0000] {processor.py:183} INFO - Processing /home/airflow/.local/lib/python3.12/site-packages/airflow/example_dags/example_sensors.py took 0.070 seconds
[2024-08-01T20:07:33.949+0000] {processor.py:161} INFO - Started process (PID=165) to work on /home/airflow/.local/lib/python3.12/site-packages/airflow/example_dags/example_sensors.py
[2024-08-01T20:07:33.950+0000] {processor.py:830} INFO - Processing file /home/airflow/.local/lib/python3.12/site-packages/airflow/example_dags/example_sensors.py for tasks to queue
[2024-08-01T20:07:33.951+0000] {logging_mixin.py:188} INFO - [2024-08-01T20:07:33.951+0000] {dagbag.py:545} INFO - Filling up the DagBag from /home/airflow/.local/lib/python3.12/site-packages/airflow/example_dags/example_sensors.py
[2024-08-01T20:07:33.960+0000] {processor.py:840} INFO - DAG(s) 'example_sensors' retrieved from /home/airflow/.local/lib/python3.12/site-packages/airflow/example_dags/example_sensors.py
[2024-08-01T20:07:33.985+0000] {logging_mixin.py:188} INFO - [2024-08-01T20:07:33.984+0000] {dag.py:3089} INFO - Sync 1 DAGs
[2024-08-01T20:07:33.995+0000] {logging_mixin.py:188} INFO - [2024-08-01T20:07:33.995+0000] {dag.py:3947} INFO - Setting next_dagrun for example_sensors to None, run_after=None
[2024-08-01T20:07:34.015+0000] {processor.py:183} INFO - Processing /home/airflow/.local/lib/python3.12/site-packages/airflow/example_dags/example_sensors.py took 0.072 seconds
[2024-08-01T20:08:04.484+0000] {processor.py:161} INFO - Started process (PID=223) to work on /home/airflow/.local/lib/python3.12/site-packages/airflow/example_dags/example_sensors.py
[2024-08-01T20:08:04.485+0000] {processor.py:830} INFO - Processing file /home/airflow/.local/lib/python3.12/site-packages/airflow/example_dags/example_sensors.py for tasks to queue
[2024-08-01T20:08:04.486+0000] {logging_mixin.py:188} INFO - [2024-08-01T20:08:04.486+0000] {dagbag.py:545} INFO - Filling up the DagBag from /home/airflow/.local/lib/python3.12/site-packages/airflow/example_dags/example_sensors.py
[2024-08-01T20:08:04.495+0000] {processor.py:840} INFO - DAG(s) 'example_sensors' retrieved from /home/airflow/.local/lib/python3.12/site-packages/airflow/example_dags/example_sensors.py
[2024-08-01T20:08:04.518+0000] {logging_mixin.py:188} INFO - [2024-08-01T20:08:04.518+0000] {dag.py:3089} INFO - Sync 1 DAGs
[2024-08-01T20:08:04.529+0000] {logging_mixin.py:188} INFO - [2024-08-01T20:08:04.529+0000] {dag.py:3947} INFO - Setting next_dagrun for example_sensors to None, run_after=None
[2024-08-01T20:08:04.547+0000] {processor.py:183} INFO - Processing /home/airflow/.local/lib/python3.12/site-packages/airflow/example_dags/example_sensors.py took 0.068 seconds
[2024-08-01T20:08:34.896+0000] {processor.py:161} INFO - Started process (PID=281) to work on /home/airflow/.local/lib/python3.12/site-packages/airflow/example_dags/example_sensors.py
[2024-08-01T20:08:34.897+0000] {processor.py:830} INFO - Processing file /home/airflow/.local/lib/python3.12/site-packages/airflow/example_dags/example_sensors.py for tasks to queue
[2024-08-01T20:08:34.899+0000] {logging_mixin.py:188} INFO - [2024-08-01T20:08:34.898+0000] {dagbag.py:545} INFO - Filling up the DagBag from /home/airflow/.local/lib/python3.12/site-packages/airflow/example_dags/example_sensors.py
[2024-08-01T20:08:34.908+0000] {processor.py:840} INFO - DAG(s) 'example_sensors' retrieved from /home/airflow/.local/lib/python3.12/site-packages/airflow/example_dags/example_sensors.py
[2024-08-01T20:08:34.932+0000] {logging_mixin.py:188} INFO - [2024-08-01T20:08:34.932+0000] {dag.py:3089} INFO - Sync 1 DAGs
[2024-08-01T20:08:34.944+0000] {logging_mixin.py:188} INFO - [2024-08-01T20:08:34.944+0000] {dag.py:3947} INFO - Setting next_dagrun for example_sensors to None, run_after=None
[2024-08-01T20:08:34.964+0000] {processor.py:183} INFO - Processing /home/airflow/.local/lib/python3.12/site-packages/airflow/example_dags/example_sensors.py took 0.072 seconds
[2024-08-01T20:09:05.187+0000] {processor.py:161} INFO - Started process (PID=339) to work on /home/airflow/.local/lib/python3.12/site-packages/airflow/example_dags/example_sensors.py
[2024-08-01T20:09:05.189+0000] {processor.py:830} INFO - Processing file /home/airflow/.local/lib/python3.12/site-packages/airflow/example_dags/example_sensors.py for tasks to queue
[2024-08-01T20:09:05.191+0000] {logging_mixin.py:188} INFO - [2024-08-01T20:09:05.191+0000] {dagbag.py:545} INFO - Filling up the DagBag from /home/airflow/.local/lib/python3.12/site-packages/airflow/example_dags/example_sensors.py
[2024-08-01T20:09:05.201+0000] {processor.py:840} INFO - DAG(s) 'example_sensors' retrieved from /home/airflow/.local/lib/python3.12/site-packages/airflow/example_dags/example_sensors.py
[2024-08-01T20:09:05.234+0000] {logging_mixin.py:188} INFO - [2024-08-01T20:09:05.234+0000] {dag.py:3089} INFO - Sync 1 DAGs
[2024-08-01T20:09:05.248+0000] {logging_mixin.py:188} INFO - [2024-08-01T20:09:05.247+0000] {dag.py:3947} INFO - Setting next_dagrun for example_sensors to None, run_after=None
[2024-08-01T20:09:05.270+0000] {processor.py:183} INFO - Processing /home/airflow/.local/lib/python3.12/site-packages/airflow/example_dags/example_sensors.py took 0.089 seconds
[2024-08-01T20:11:17.297+0000] {processor.py:161} INFO - Started process (PID=47) to work on /home/airflow/.local/lib/python3.12/site-packages/airflow/example_dags/example_sensors.py
[2024-08-01T20:11:17.298+0000] {processor.py:830} INFO - Processing file /home/airflow/.local/lib/python3.12/site-packages/airflow/example_dags/example_sensors.py for tasks to queue
[2024-08-01T20:11:17.300+0000] {logging_mixin.py:188} INFO - [2024-08-01T20:11:17.300+0000] {dagbag.py:545} INFO - Filling up the DagBag from /home/airflow/.local/lib/python3.12/site-packages/airflow/example_dags/example_sensors.py
[2024-08-01T20:11:17.314+0000] {processor.py:840} INFO - DAG(s) 'example_sensors' retrieved from /home/airflow/.local/lib/python3.12/site-packages/airflow/example_dags/example_sensors.py
[2024-08-01T20:11:17.327+0000] {logging_mixin.py:188} INFO - [2024-08-01T20:11:17.327+0000] {dag.py:3089} INFO - Sync 1 DAGs
[2024-08-01T20:11:17.343+0000] {logging_mixin.py:188} INFO - [2024-08-01T20:11:17.343+0000] {dag.py:3947} INFO - Setting next_dagrun for example_sensors to None, run_after=None
[2024-08-01T20:11:17.367+0000] {processor.py:183} INFO - Processing /home/airflow/.local/lib/python3.12/site-packages/airflow/example_dags/example_sensors.py took 0.075 seconds
[2024-08-01T20:11:47.979+0000] {processor.py:161} INFO - Started process (PID=105) to work on /home/airflow/.local/lib/python3.12/site-packages/airflow/example_dags/example_sensors.py
[2024-08-01T20:11:47.980+0000] {processor.py:830} INFO - Processing file /home/airflow/.local/lib/python3.12/site-packages/airflow/example_dags/example_sensors.py for tasks to queue
[2024-08-01T20:11:47.984+0000] {logging_mixin.py:188} INFO - [2024-08-01T20:11:47.981+0000] {dagbag.py:545} INFO - Filling up the DagBag from /home/airflow/.local/lib/python3.12/site-packages/airflow/example_dags/example_sensors.py
[2024-08-01T20:11:47.995+0000] {processor.py:840} INFO - DAG(s) 'example_sensors' retrieved from /home/airflow/.local/lib/python3.12/site-packages/airflow/example_dags/example_sensors.py
[2024-08-01T20:11:48.099+0000] {logging_mixin.py:188} INFO - [2024-08-01T20:11:48.098+0000] {dag.py:3089} INFO - Sync 1 DAGs
[2024-08-01T20:11:48.109+0000] {logging_mixin.py:188} INFO - [2024-08-01T20:11:48.108+0000] {dag.py:3947} INFO - Setting next_dagrun for example_sensors to None, run_after=None
[2024-08-01T20:11:48.128+0000] {processor.py:183} INFO - Processing /home/airflow/.local/lib/python3.12/site-packages/airflow/example_dags/example_sensors.py took 0.155 seconds
[2024-08-01T20:12:18.556+0000] {processor.py:161} INFO - Started process (PID=163) to work on /home/airflow/.local/lib/python3.12/site-packages/airflow/example_dags/example_sensors.py
[2024-08-01T20:12:18.557+0000] {processor.py:830} INFO - Processing file /home/airflow/.local/lib/python3.12/site-packages/airflow/example_dags/example_sensors.py for tasks to queue
[2024-08-01T20:12:18.558+0000] {logging_mixin.py:188} INFO - [2024-08-01T20:12:18.558+0000] {dagbag.py:545} INFO - Filling up the DagBag from /home/airflow/.local/lib/python3.12/site-packages/airflow/example_dags/example_sensors.py
[2024-08-01T20:12:18.566+0000] {processor.py:840} INFO - DAG(s) 'example_sensors' retrieved from /home/airflow/.local/lib/python3.12/site-packages/airflow/example_dags/example_sensors.py
[2024-08-01T20:12:18.589+0000] {logging_mixin.py:188} INFO - [2024-08-01T20:12:18.589+0000] {dag.py:3089} INFO - Sync 1 DAGs
[2024-08-01T20:12:18.600+0000] {logging_mixin.py:188} INFO - [2024-08-01T20:12:18.600+0000] {dag.py:3947} INFO - Setting next_dagrun for example_sensors to None, run_after=None
[2024-08-01T20:12:18.618+0000] {processor.py:183} INFO - Processing /home/airflow/.local/lib/python3.12/site-packages/airflow/example_dags/example_sensors.py took 0.068 seconds
[2024-08-01T20:12:49.048+0000] {processor.py:161} INFO - Started process (PID=221) to work on /home/airflow/.local/lib/python3.12/site-packages/airflow/example_dags/example_sensors.py
[2024-08-01T20:12:49.049+0000] {processor.py:830} INFO - Processing file /home/airflow/.local/lib/python3.12/site-packages/airflow/example_dags/example_sensors.py for tasks to queue
[2024-08-01T20:12:49.050+0000] {logging_mixin.py:188} INFO - [2024-08-01T20:12:49.050+0000] {dagbag.py:545} INFO - Filling up the DagBag from /home/airflow/.local/lib/python3.12/site-packages/airflow/example_dags/example_sensors.py
[2024-08-01T20:12:49.058+0000] {processor.py:840} INFO - DAG(s) 'example_sensors' retrieved from /home/airflow/.local/lib/python3.12/site-packages/airflow/example_dags/example_sensors.py
[2024-08-01T20:12:49.080+0000] {logging_mixin.py:188} INFO - [2024-08-01T20:12:49.080+0000] {dag.py:3089} INFO - Sync 1 DAGs
[2024-08-01T20:12:49.091+0000] {logging_mixin.py:188} INFO - [2024-08-01T20:12:49.091+0000] {dag.py:3947} INFO - Setting next_dagrun for example_sensors to None, run_after=None
[2024-08-01T20:12:49.108+0000] {processor.py:183} INFO - Processing /home/airflow/.local/lib/python3.12/site-packages/airflow/example_dags/example_sensors.py took 0.064 seconds
[2024-08-01T20:13:19.192+0000] {processor.py:161} INFO - Started process (PID=279) to work on /home/airflow/.local/lib/python3.12/site-packages/airflow/example_dags/example_sensors.py
[2024-08-01T20:13:19.193+0000] {processor.py:830} INFO - Processing file /home/airflow/.local/lib/python3.12/site-packages/airflow/example_dags/example_sensors.py for tasks to queue
[2024-08-01T20:13:19.194+0000] {logging_mixin.py:188} INFO - [2024-08-01T20:13:19.194+0000] {dagbag.py:545} INFO - Filling up the DagBag from /home/airflow/.local/lib/python3.12/site-packages/airflow/example_dags/example_sensors.py
[2024-08-01T20:13:19.201+0000] {processor.py:840} INFO - DAG(s) 'example_sensors' retrieved from /home/airflow/.local/lib/python3.12/site-packages/airflow/example_dags/example_sensors.py
[2024-08-01T20:13:19.223+0000] {logging_mixin.py:188} INFO - [2024-08-01T20:13:19.223+0000] {dag.py:3089} INFO - Sync 1 DAGs
[2024-08-01T20:13:19.234+0000] {logging_mixin.py:188} INFO - [2024-08-01T20:13:19.234+0000] {dag.py:3947} INFO - Setting next_dagrun for example_sensors to None, run_after=None
[2024-08-01T20:13:19.252+0000] {processor.py:183} INFO - Processing /home/airflow/.local/lib/python3.12/site-packages/airflow/example_dags/example_sensors.py took 0.065 seconds
[2024-08-01T20:13:49.310+0000] {processor.py:161} INFO - Started process (PID=337) to work on /home/airflow/.local/lib/python3.12/site-packages/airflow/example_dags/example_sensors.py
[2024-08-01T20:13:49.312+0000] {processor.py:830} INFO - Processing file /home/airflow/.local/lib/python3.12/site-packages/airflow/example_dags/example_sensors.py for tasks to queue
[2024-08-01T20:13:49.313+0000] {logging_mixin.py:188} INFO - [2024-08-01T20:13:49.313+0000] {dagbag.py:545} INFO - Filling up the DagBag from /home/airflow/.local/lib/python3.12/site-packages/airflow/example_dags/example_sensors.py
[2024-08-01T20:13:49.322+0000] {processor.py:840} INFO - DAG(s) 'example_sensors' retrieved from /home/airflow/.local/lib/python3.12/site-packages/airflow/example_dags/example_sensors.py
[2024-08-01T20:13:49.346+0000] {logging_mixin.py:188} INFO - [2024-08-01T20:13:49.346+0000] {dag.py:3089} INFO - Sync 1 DAGs
[2024-08-01T20:13:49.358+0000] {logging_mixin.py:188} INFO - [2024-08-01T20:13:49.358+0000] {dag.py:3947} INFO - Setting next_dagrun for example_sensors to None, run_after=None
[2024-08-01T20:13:49.379+0000] {processor.py:183} INFO - Processing /home/airflow/.local/lib/python3.12/site-packages/airflow/example_dags/example_sensors.py took 0.073 seconds
[2024-08-01T20:14:19.764+0000] {processor.py:161} INFO - Started process (PID=395) to work on /home/airflow/.local/lib/python3.12/site-packages/airflow/example_dags/example_sensors.py
[2024-08-01T20:14:19.765+0000] {processor.py:830} INFO - Processing file /home/airflow/.local/lib/python3.12/site-packages/airflow/example_dags/example_sensors.py for tasks to queue
[2024-08-01T20:14:19.766+0000] {logging_mixin.py:188} INFO - [2024-08-01T20:14:19.766+0000] {dagbag.py:545} INFO - Filling up the DagBag from /home/airflow/.local/lib/python3.12/site-packages/airflow/example_dags/example_sensors.py
[2024-08-01T20:14:19.774+0000] {processor.py:840} INFO - DAG(s) 'example_sensors' retrieved from /home/airflow/.local/lib/python3.12/site-packages/airflow/example_dags/example_sensors.py
[2024-08-01T20:14:19.798+0000] {logging_mixin.py:188} INFO - [2024-08-01T20:14:19.798+0000] {dag.py:3089} INFO - Sync 1 DAGs
[2024-08-01T20:14:19.810+0000] {logging_mixin.py:188} INFO - [2024-08-01T20:14:19.810+0000] {dag.py:3947} INFO - Setting next_dagrun for example_sensors to None, run_after=None
[2024-08-01T20:14:19.829+0000] {processor.py:183} INFO - Processing /home/airflow/.local/lib/python3.12/site-packages/airflow/example_dags/example_sensors.py took 0.070 seconds
[2024-08-01T20:14:50.437+0000] {processor.py:161} INFO - Started process (PID=453) to work on /home/airflow/.local/lib/python3.12/site-packages/airflow/example_dags/example_sensors.py
[2024-08-01T20:14:50.438+0000] {processor.py:830} INFO - Processing file /home/airflow/.local/lib/python3.12/site-packages/airflow/example_dags/example_sensors.py for tasks to queue
[2024-08-01T20:14:50.439+0000] {logging_mixin.py:188} INFO - [2024-08-01T20:14:50.439+0000] {dagbag.py:545} INFO - Filling up the DagBag from /home/airflow/.local/lib/python3.12/site-packages/airflow/example_dags/example_sensors.py
[2024-08-01T20:14:50.447+0000] {processor.py:840} INFO - DAG(s) 'example_sensors' retrieved from /home/airflow/.local/lib/python3.12/site-packages/airflow/example_dags/example_sensors.py
[2024-08-01T20:14:50.471+0000] {logging_mixin.py:188} INFO - [2024-08-01T20:14:50.471+0000] {dag.py:3089} INFO - Sync 1 DAGs
[2024-08-01T20:14:50.482+0000] {logging_mixin.py:188} INFO - [2024-08-01T20:14:50.482+0000] {dag.py:3947} INFO - Setting next_dagrun for example_sensors to None, run_after=None
[2024-08-01T20:14:50.500+0000] {processor.py:183} INFO - Processing /home/airflow/.local/lib/python3.12/site-packages/airflow/example_dags/example_sensors.py took 0.068 seconds
[2024-08-01T20:15:20.567+0000] {processor.py:161} INFO - Started process (PID=511) to work on /home/airflow/.local/lib/python3.12/site-packages/airflow/example_dags/example_sensors.py
[2024-08-01T20:15:20.568+0000] {processor.py:830} INFO - Processing file /home/airflow/.local/lib/python3.12/site-packages/airflow/example_dags/example_sensors.py for tasks to queue
[2024-08-01T20:15:20.570+0000] {logging_mixin.py:188} INFO - [2024-08-01T20:15:20.569+0000] {dagbag.py:545} INFO - Filling up the DagBag from /home/airflow/.local/lib/python3.12/site-packages/airflow/example_dags/example_sensors.py
[2024-08-01T20:15:20.577+0000] {processor.py:840} INFO - DAG(s) 'example_sensors' retrieved from /home/airflow/.local/lib/python3.12/site-packages/airflow/example_dags/example_sensors.py
[2024-08-01T20:15:20.600+0000] {logging_mixin.py:188} INFO - [2024-08-01T20:15:20.600+0000] {dag.py:3089} INFO - Sync 1 DAGs
[2024-08-01T20:15:20.612+0000] {logging_mixin.py:188} INFO - [2024-08-01T20:15:20.612+0000] {dag.py:3947} INFO - Setting next_dagrun for example_sensors to None, run_after=None
[2024-08-01T20:15:20.631+0000] {processor.py:183} INFO - Processing /home/airflow/.local/lib/python3.12/site-packages/airflow/example_dags/example_sensors.py took 0.070 seconds
[2024-08-01T20:15:50.814+0000] {processor.py:161} INFO - Started process (PID=569) to work on /home/airflow/.local/lib/python3.12/site-packages/airflow/example_dags/example_sensors.py
[2024-08-01T20:15:50.815+0000] {processor.py:830} INFO - Processing file /home/airflow/.local/lib/python3.12/site-packages/airflow/example_dags/example_sensors.py for tasks to queue
[2024-08-01T20:15:50.817+0000] {logging_mixin.py:188} INFO - [2024-08-01T20:15:50.816+0000] {dagbag.py:545} INFO - Filling up the DagBag from /home/airflow/.local/lib/python3.12/site-packages/airflow/example_dags/example_sensors.py
[2024-08-01T20:15:50.826+0000] {processor.py:840} INFO - DAG(s) 'example_sensors' retrieved from /home/airflow/.local/lib/python3.12/site-packages/airflow/example_dags/example_sensors.py
[2024-08-01T20:15:50.860+0000] {logging_mixin.py:188} INFO - [2024-08-01T20:15:50.860+0000] {dag.py:3089} INFO - Sync 1 DAGs
[2024-08-01T20:15:50.872+0000] {logging_mixin.py:188} INFO - [2024-08-01T20:15:50.872+0000] {dag.py:3947} INFO - Setting next_dagrun for example_sensors to None, run_after=None
[2024-08-01T20:15:50.890+0000] {processor.py:183} INFO - Processing /home/airflow/.local/lib/python3.12/site-packages/airflow/example_dags/example_sensors.py took 0.083 seconds
[2024-08-01T20:16:21.305+0000] {processor.py:161} INFO - Started process (PID=627) to work on /home/airflow/.local/lib/python3.12/site-packages/airflow/example_dags/example_sensors.py
[2024-08-01T20:16:21.306+0000] {processor.py:830} INFO - Processing file /home/airflow/.local/lib/python3.12/site-packages/airflow/example_dags/example_sensors.py for tasks to queue
[2024-08-01T20:16:21.308+0000] {logging_mixin.py:188} INFO - [2024-08-01T20:16:21.308+0000] {dagbag.py:545} INFO - Filling up the DagBag from /home/airflow/.local/lib/python3.12/site-packages/airflow/example_dags/example_sensors.py
[2024-08-01T20:16:21.317+0000] {processor.py:840} INFO - DAG(s) 'example_sensors' retrieved from /home/airflow/.local/lib/python3.12/site-packages/airflow/example_dags/example_sensors.py
[2024-08-01T20:16:21.342+0000] {logging_mixin.py:188} INFO - [2024-08-01T20:16:21.342+0000] {dag.py:3089} INFO - Sync 1 DAGs
[2024-08-01T20:16:21.355+0000] {logging_mixin.py:188} INFO - [2024-08-01T20:16:21.355+0000] {dag.py:3947} INFO - Setting next_dagrun for example_sensors to None, run_after=None
[2024-08-01T20:16:21.377+0000] {processor.py:183} INFO - Processing /home/airflow/.local/lib/python3.12/site-packages/airflow/example_dags/example_sensors.py took 0.077 seconds
