[2024-08-01T20:02:21.283+0000] {processor.py:161} INFO - Started process (PID=85) to work on /home/airflow/.local/lib/python3.12/site-packages/airflow/example_dags/example_nested_branch_dag.py
[2024-08-01T20:02:21.284+0000] {processor.py:830} INFO - Processing file /home/airflow/.local/lib/python3.12/site-packages/airflow/example_dags/example_nested_branch_dag.py for tasks to queue
[2024-08-01T20:02:21.285+0000] {logging_mixin.py:188} INFO - [2024-08-01T20:02:21.285+0000] {dagbag.py:545} INFO - Filling up the DagBag from /home/airflow/.local/lib/python3.12/site-packages/airflow/example_dags/example_nested_branch_dag.py
[2024-08-01T20:02:21.295+0000] {processor.py:840} INFO - DAG(s) 'example_nested_branch_dag' retrieved from /home/airflow/.local/lib/python3.12/site-packages/airflow/example_dags/example_nested_branch_dag.py
[2024-08-01T20:02:21.398+0000] {logging_mixin.py:188} INFO - [2024-08-01T20:02:21.398+0000] {dag.py:3089} INFO - Sync 1 DAGs
[2024-08-01T20:02:21.418+0000] {logging_mixin.py:188} INFO - [2024-08-01T20:02:21.418+0000] {dag.py:3947} INFO - Setting next_dagrun for example_nested_branch_dag to 2024-07-31 00:00:00+00:00, run_after=2024-08-01 00:00:00+00:00
[2024-08-01T20:02:21.439+0000] {processor.py:183} INFO - Processing /home/airflow/.local/lib/python3.12/site-packages/airflow/example_dags/example_nested_branch_dag.py took 0.161 seconds
[2024-08-01T20:02:52.028+0000] {processor.py:161} INFO - Started process (PID=143) to work on /home/airflow/.local/lib/python3.12/site-packages/airflow/example_dags/example_nested_branch_dag.py
[2024-08-01T20:02:52.029+0000] {processor.py:830} INFO - Processing file /home/airflow/.local/lib/python3.12/site-packages/airflow/example_dags/example_nested_branch_dag.py for tasks to queue
[2024-08-01T20:02:52.030+0000] {logging_mixin.py:188} INFO - [2024-08-01T20:02:52.030+0000] {dagbag.py:545} INFO - Filling up the DagBag from /home/airflow/.local/lib/python3.12/site-packages/airflow/example_dags/example_nested_branch_dag.py
[2024-08-01T20:02:52.039+0000] {processor.py:840} INFO - DAG(s) 'example_nested_branch_dag' retrieved from /home/airflow/.local/lib/python3.12/site-packages/airflow/example_dags/example_nested_branch_dag.py
[2024-08-01T20:02:52.059+0000] {logging_mixin.py:188} INFO - [2024-08-01T20:02:52.058+0000] {dag.py:3089} INFO - Sync 1 DAGs
[2024-08-01T20:02:52.080+0000] {logging_mixin.py:188} INFO - [2024-08-01T20:02:52.080+0000] {dag.py:3947} INFO - Setting next_dagrun for example_nested_branch_dag to 2024-07-31 00:00:00+00:00, run_after=2024-08-01 00:00:00+00:00
[2024-08-01T20:02:52.098+0000] {processor.py:183} INFO - Processing /home/airflow/.local/lib/python3.12/site-packages/airflow/example_dags/example_nested_branch_dag.py took 0.074 seconds
[2024-08-01T20:03:22.388+0000] {processor.py:161} INFO - Started process (PID=201) to work on /home/airflow/.local/lib/python3.12/site-packages/airflow/example_dags/example_nested_branch_dag.py
[2024-08-01T20:03:22.389+0000] {processor.py:830} INFO - Processing file /home/airflow/.local/lib/python3.12/site-packages/airflow/example_dags/example_nested_branch_dag.py for tasks to queue
[2024-08-01T20:03:22.391+0000] {logging_mixin.py:188} INFO - [2024-08-01T20:03:22.390+0000] {dagbag.py:545} INFO - Filling up the DagBag from /home/airflow/.local/lib/python3.12/site-packages/airflow/example_dags/example_nested_branch_dag.py
[2024-08-01T20:03:22.400+0000] {processor.py:840} INFO - DAG(s) 'example_nested_branch_dag' retrieved from /home/airflow/.local/lib/python3.12/site-packages/airflow/example_dags/example_nested_branch_dag.py
[2024-08-01T20:03:22.420+0000] {logging_mixin.py:188} INFO - [2024-08-01T20:03:22.420+0000] {dag.py:3089} INFO - Sync 1 DAGs
[2024-08-01T20:03:22.441+0000] {logging_mixin.py:188} INFO - [2024-08-01T20:03:22.441+0000] {dag.py:3947} INFO - Setting next_dagrun for example_nested_branch_dag to 2024-07-31 00:00:00+00:00, run_after=2024-08-01 00:00:00+00:00
[2024-08-01T20:03:22.480+0000] {processor.py:183} INFO - Processing /home/airflow/.local/lib/python3.12/site-packages/airflow/example_dags/example_nested_branch_dag.py took 0.097 seconds
[2024-08-01T20:03:52.842+0000] {processor.py:161} INFO - Started process (PID=259) to work on /home/airflow/.local/lib/python3.12/site-packages/airflow/example_dags/example_nested_branch_dag.py
[2024-08-01T20:03:52.843+0000] {processor.py:830} INFO - Processing file /home/airflow/.local/lib/python3.12/site-packages/airflow/example_dags/example_nested_branch_dag.py for tasks to queue
[2024-08-01T20:03:52.844+0000] {logging_mixin.py:188} INFO - [2024-08-01T20:03:52.844+0000] {dagbag.py:545} INFO - Filling up the DagBag from /home/airflow/.local/lib/python3.12/site-packages/airflow/example_dags/example_nested_branch_dag.py
[2024-08-01T20:03:52.852+0000] {processor.py:840} INFO - DAG(s) 'example_nested_branch_dag' retrieved from /home/airflow/.local/lib/python3.12/site-packages/airflow/example_dags/example_nested_branch_dag.py
[2024-08-01T20:03:52.871+0000] {logging_mixin.py:188} INFO - [2024-08-01T20:03:52.871+0000] {dag.py:3089} INFO - Sync 1 DAGs
[2024-08-01T20:03:52.891+0000] {logging_mixin.py:188} INFO - [2024-08-01T20:03:52.891+0000] {dag.py:3947} INFO - Setting next_dagrun for example_nested_branch_dag to 2024-07-31 00:00:00+00:00, run_after=2024-08-01 00:00:00+00:00
[2024-08-01T20:03:52.947+0000] {processor.py:183} INFO - Processing /home/airflow/.local/lib/python3.12/site-packages/airflow/example_dags/example_nested_branch_dag.py took 0.110 seconds
[2024-08-01T20:04:23.324+0000] {processor.py:161} INFO - Started process (PID=317) to work on /home/airflow/.local/lib/python3.12/site-packages/airflow/example_dags/example_nested_branch_dag.py
[2024-08-01T20:04:23.325+0000] {processor.py:830} INFO - Processing file /home/airflow/.local/lib/python3.12/site-packages/airflow/example_dags/example_nested_branch_dag.py for tasks to queue
[2024-08-01T20:04:23.327+0000] {logging_mixin.py:188} INFO - [2024-08-01T20:04:23.327+0000] {dagbag.py:545} INFO - Filling up the DagBag from /home/airflow/.local/lib/python3.12/site-packages/airflow/example_dags/example_nested_branch_dag.py
[2024-08-01T20:04:23.336+0000] {processor.py:840} INFO - DAG(s) 'example_nested_branch_dag' retrieved from /home/airflow/.local/lib/python3.12/site-packages/airflow/example_dags/example_nested_branch_dag.py
[2024-08-01T20:04:23.356+0000] {logging_mixin.py:188} INFO - [2024-08-01T20:04:23.356+0000] {dag.py:3089} INFO - Sync 1 DAGs
[2024-08-01T20:04:23.377+0000] {logging_mixin.py:188} INFO - [2024-08-01T20:04:23.377+0000] {dag.py:3947} INFO - Setting next_dagrun for example_nested_branch_dag to 2024-07-31 00:00:00+00:00, run_after=2024-08-01 00:00:00+00:00
[2024-08-01T20:04:23.397+0000] {processor.py:183} INFO - Processing /home/airflow/.local/lib/python3.12/site-packages/airflow/example_dags/example_nested_branch_dag.py took 0.077 seconds
[2024-08-01T20:04:53.872+0000] {processor.py:161} INFO - Started process (PID=375) to work on /home/airflow/.local/lib/python3.12/site-packages/airflow/example_dags/example_nested_branch_dag.py
[2024-08-01T20:04:53.873+0000] {processor.py:830} INFO - Processing file /home/airflow/.local/lib/python3.12/site-packages/airflow/example_dags/example_nested_branch_dag.py for tasks to queue
[2024-08-01T20:04:53.874+0000] {logging_mixin.py:188} INFO - [2024-08-01T20:04:53.874+0000] {dagbag.py:545} INFO - Filling up the DagBag from /home/airflow/.local/lib/python3.12/site-packages/airflow/example_dags/example_nested_branch_dag.py
[2024-08-01T20:04:53.884+0000] {processor.py:840} INFO - DAG(s) 'example_nested_branch_dag' retrieved from /home/airflow/.local/lib/python3.12/site-packages/airflow/example_dags/example_nested_branch_dag.py
[2024-08-01T20:04:53.905+0000] {logging_mixin.py:188} INFO - [2024-08-01T20:04:53.905+0000] {dag.py:3089} INFO - Sync 1 DAGs
[2024-08-01T20:04:53.928+0000] {logging_mixin.py:188} INFO - [2024-08-01T20:04:53.928+0000] {dag.py:3947} INFO - Setting next_dagrun for example_nested_branch_dag to 2024-07-31 00:00:00+00:00, run_after=2024-08-01 00:00:00+00:00
[2024-08-01T20:04:53.952+0000] {processor.py:183} INFO - Processing /home/airflow/.local/lib/python3.12/site-packages/airflow/example_dags/example_nested_branch_dag.py took 0.084 seconds
[2024-08-01T20:05:24.638+0000] {processor.py:161} INFO - Started process (PID=433) to work on /home/airflow/.local/lib/python3.12/site-packages/airflow/example_dags/example_nested_branch_dag.py
[2024-08-01T20:05:24.639+0000] {processor.py:830} INFO - Processing file /home/airflow/.local/lib/python3.12/site-packages/airflow/example_dags/example_nested_branch_dag.py for tasks to queue
[2024-08-01T20:05:24.641+0000] {logging_mixin.py:188} INFO - [2024-08-01T20:05:24.640+0000] {dagbag.py:545} INFO - Filling up the DagBag from /home/airflow/.local/lib/python3.12/site-packages/airflow/example_dags/example_nested_branch_dag.py
[2024-08-01T20:05:24.649+0000] {processor.py:840} INFO - DAG(s) 'example_nested_branch_dag' retrieved from /home/airflow/.local/lib/python3.12/site-packages/airflow/example_dags/example_nested_branch_dag.py
[2024-08-01T20:05:24.668+0000] {logging_mixin.py:188} INFO - [2024-08-01T20:05:24.668+0000] {dag.py:3089} INFO - Sync 1 DAGs
[2024-08-01T20:05:24.689+0000] {logging_mixin.py:188} INFO - [2024-08-01T20:05:24.689+0000] {dag.py:3947} INFO - Setting next_dagrun for example_nested_branch_dag to 2024-07-31 00:00:00+00:00, run_after=2024-08-01 00:00:00+00:00
[2024-08-01T20:05:24.707+0000] {processor.py:183} INFO - Processing /home/airflow/.local/lib/python3.12/site-packages/airflow/example_dags/example_nested_branch_dag.py took 0.074 seconds
[2024-08-01T20:05:55.045+0000] {processor.py:161} INFO - Started process (PID=491) to work on /home/airflow/.local/lib/python3.12/site-packages/airflow/example_dags/example_nested_branch_dag.py
[2024-08-01T20:05:55.046+0000] {processor.py:830} INFO - Processing file /home/airflow/.local/lib/python3.12/site-packages/airflow/example_dags/example_nested_branch_dag.py for tasks to queue
[2024-08-01T20:05:55.047+0000] {logging_mixin.py:188} INFO - [2024-08-01T20:05:55.047+0000] {dagbag.py:545} INFO - Filling up the DagBag from /home/airflow/.local/lib/python3.12/site-packages/airflow/example_dags/example_nested_branch_dag.py
[2024-08-01T20:05:55.055+0000] {processor.py:840} INFO - DAG(s) 'example_nested_branch_dag' retrieved from /home/airflow/.local/lib/python3.12/site-packages/airflow/example_dags/example_nested_branch_dag.py
[2024-08-01T20:05:55.076+0000] {logging_mixin.py:188} INFO - [2024-08-01T20:05:55.075+0000] {dag.py:3089} INFO - Sync 1 DAGs
[2024-08-01T20:05:55.099+0000] {logging_mixin.py:188} INFO - [2024-08-01T20:05:55.099+0000] {dag.py:3947} INFO - Setting next_dagrun for example_nested_branch_dag to 2024-07-31 00:00:00+00:00, run_after=2024-08-01 00:00:00+00:00
[2024-08-01T20:05:55.118+0000] {processor.py:183} INFO - Processing /home/airflow/.local/lib/python3.12/site-packages/airflow/example_dags/example_nested_branch_dag.py took 0.078 seconds
[2024-08-01T20:06:35.742+0000] {processor.py:161} INFO - Started process (PID=79) to work on /home/airflow/.local/lib/python3.12/site-packages/airflow/example_dags/example_nested_branch_dag.py
[2024-08-01T20:06:35.743+0000] {processor.py:830} INFO - Processing file /home/airflow/.local/lib/python3.12/site-packages/airflow/example_dags/example_nested_branch_dag.py for tasks to queue
[2024-08-01T20:06:35.747+0000] {logging_mixin.py:188} INFO - [2024-08-01T20:06:35.747+0000] {dagbag.py:545} INFO - Filling up the DagBag from /home/airflow/.local/lib/python3.12/site-packages/airflow/example_dags/example_nested_branch_dag.py
[2024-08-01T20:06:35.757+0000] {processor.py:840} INFO - DAG(s) 'example_nested_branch_dag' retrieved from /home/airflow/.local/lib/python3.12/site-packages/airflow/example_dags/example_nested_branch_dag.py
[2024-08-01T20:06:35.789+0000] {logging_mixin.py:188} INFO - [2024-08-01T20:06:35.789+0000] {dag.py:3089} INFO - Sync 1 DAGs
[2024-08-01T20:06:35.816+0000] {logging_mixin.py:188} INFO - [2024-08-01T20:06:35.816+0000] {dag.py:3947} INFO - Setting next_dagrun for example_nested_branch_dag to 2024-07-31 00:00:00+00:00, run_after=2024-08-01 00:00:00+00:00
[2024-08-01T20:06:35.853+0000] {processor.py:183} INFO - Processing /home/airflow/.local/lib/python3.12/site-packages/airflow/example_dags/example_nested_branch_dag.py took 0.116 seconds
[2024-08-01T20:07:06.766+0000] {processor.py:161} INFO - Started process (PID=137) to work on /home/airflow/.local/lib/python3.12/site-packages/airflow/example_dags/example_nested_branch_dag.py
[2024-08-01T20:07:06.767+0000] {processor.py:830} INFO - Processing file /home/airflow/.local/lib/python3.12/site-packages/airflow/example_dags/example_nested_branch_dag.py for tasks to queue
[2024-08-01T20:07:06.768+0000] {logging_mixin.py:188} INFO - [2024-08-01T20:07:06.768+0000] {dagbag.py:545} INFO - Filling up the DagBag from /home/airflow/.local/lib/python3.12/site-packages/airflow/example_dags/example_nested_branch_dag.py
[2024-08-01T20:07:06.778+0000] {processor.py:840} INFO - DAG(s) 'example_nested_branch_dag' retrieved from /home/airflow/.local/lib/python3.12/site-packages/airflow/example_dags/example_nested_branch_dag.py
[2024-08-01T20:07:06.799+0000] {logging_mixin.py:188} INFO - [2024-08-01T20:07:06.799+0000] {dag.py:3089} INFO - Sync 1 DAGs
[2024-08-01T20:07:06.824+0000] {logging_mixin.py:188} INFO - [2024-08-01T20:07:06.823+0000] {dag.py:3947} INFO - Setting next_dagrun for example_nested_branch_dag to 2024-07-31 00:00:00+00:00, run_after=2024-08-01 00:00:00+00:00
[2024-08-01T20:07:06.847+0000] {processor.py:183} INFO - Processing /home/airflow/.local/lib/python3.12/site-packages/airflow/example_dags/example_nested_branch_dag.py took 0.086 seconds
[2024-08-01T20:07:37.621+0000] {processor.py:161} INFO - Started process (PID=195) to work on /home/airflow/.local/lib/python3.12/site-packages/airflow/example_dags/example_nested_branch_dag.py
[2024-08-01T20:07:37.623+0000] {processor.py:830} INFO - Processing file /home/airflow/.local/lib/python3.12/site-packages/airflow/example_dags/example_nested_branch_dag.py for tasks to queue
[2024-08-01T20:07:37.624+0000] {logging_mixin.py:188} INFO - [2024-08-01T20:07:37.624+0000] {dagbag.py:545} INFO - Filling up the DagBag from /home/airflow/.local/lib/python3.12/site-packages/airflow/example_dags/example_nested_branch_dag.py
[2024-08-01T20:07:37.635+0000] {processor.py:840} INFO - DAG(s) 'example_nested_branch_dag' retrieved from /home/airflow/.local/lib/python3.12/site-packages/airflow/example_dags/example_nested_branch_dag.py
[2024-08-01T20:07:37.657+0000] {logging_mixin.py:188} INFO - [2024-08-01T20:07:37.657+0000] {dag.py:3089} INFO - Sync 1 DAGs
[2024-08-01T20:07:37.681+0000] {logging_mixin.py:188} INFO - [2024-08-01T20:07:37.681+0000] {dag.py:3947} INFO - Setting next_dagrun for example_nested_branch_dag to 2024-07-31 00:00:00+00:00, run_after=2024-08-01 00:00:00+00:00
[2024-08-01T20:07:37.701+0000] {processor.py:183} INFO - Processing /home/airflow/.local/lib/python3.12/site-packages/airflow/example_dags/example_nested_branch_dag.py took 0.085 seconds
[2024-08-01T20:08:07.917+0000] {processor.py:161} INFO - Started process (PID=253) to work on /home/airflow/.local/lib/python3.12/site-packages/airflow/example_dags/example_nested_branch_dag.py
[2024-08-01T20:08:07.919+0000] {processor.py:830} INFO - Processing file /home/airflow/.local/lib/python3.12/site-packages/airflow/example_dags/example_nested_branch_dag.py for tasks to queue
[2024-08-01T20:08:07.920+0000] {logging_mixin.py:188} INFO - [2024-08-01T20:08:07.920+0000] {dagbag.py:545} INFO - Filling up the DagBag from /home/airflow/.local/lib/python3.12/site-packages/airflow/example_dags/example_nested_branch_dag.py
[2024-08-01T20:08:07.930+0000] {processor.py:840} INFO - DAG(s) 'example_nested_branch_dag' retrieved from /home/airflow/.local/lib/python3.12/site-packages/airflow/example_dags/example_nested_branch_dag.py
[2024-08-01T20:08:07.951+0000] {logging_mixin.py:188} INFO - [2024-08-01T20:08:07.950+0000] {dag.py:3089} INFO - Sync 1 DAGs
[2024-08-01T20:08:07.972+0000] {logging_mixin.py:188} INFO - [2024-08-01T20:08:07.972+0000] {dag.py:3947} INFO - Setting next_dagrun for example_nested_branch_dag to 2024-07-31 00:00:00+00:00, run_after=2024-08-01 00:00:00+00:00
[2024-08-01T20:08:07.992+0000] {processor.py:183} INFO - Processing /home/airflow/.local/lib/python3.12/site-packages/airflow/example_dags/example_nested_branch_dag.py took 0.080 seconds
[2024-08-01T20:08:38.479+0000] {processor.py:161} INFO - Started process (PID=311) to work on /home/airflow/.local/lib/python3.12/site-packages/airflow/example_dags/example_nested_branch_dag.py
[2024-08-01T20:08:38.481+0000] {processor.py:830} INFO - Processing file /home/airflow/.local/lib/python3.12/site-packages/airflow/example_dags/example_nested_branch_dag.py for tasks to queue
[2024-08-01T20:08:38.483+0000] {logging_mixin.py:188} INFO - [2024-08-01T20:08:38.482+0000] {dagbag.py:545} INFO - Filling up the DagBag from /home/airflow/.local/lib/python3.12/site-packages/airflow/example_dags/example_nested_branch_dag.py
[2024-08-01T20:08:38.492+0000] {processor.py:840} INFO - DAG(s) 'example_nested_branch_dag' retrieved from /home/airflow/.local/lib/python3.12/site-packages/airflow/example_dags/example_nested_branch_dag.py
[2024-08-01T20:08:38.512+0000] {logging_mixin.py:188} INFO - [2024-08-01T20:08:38.512+0000] {dag.py:3089} INFO - Sync 1 DAGs
[2024-08-01T20:08:38.532+0000] {logging_mixin.py:188} INFO - [2024-08-01T20:08:38.532+0000] {dag.py:3947} INFO - Setting next_dagrun for example_nested_branch_dag to 2024-07-31 00:00:00+00:00, run_after=2024-08-01 00:00:00+00:00
[2024-08-01T20:08:38.552+0000] {processor.py:183} INFO - Processing /home/airflow/.local/lib/python3.12/site-packages/airflow/example_dags/example_nested_branch_dag.py took 0.078 seconds
[2024-08-01T20:09:09.031+0000] {processor.py:161} INFO - Started process (PID=369) to work on /home/airflow/.local/lib/python3.12/site-packages/airflow/example_dags/example_nested_branch_dag.py
[2024-08-01T20:09:09.033+0000] {processor.py:830} INFO - Processing file /home/airflow/.local/lib/python3.12/site-packages/airflow/example_dags/example_nested_branch_dag.py for tasks to queue
[2024-08-01T20:09:09.035+0000] {logging_mixin.py:188} INFO - [2024-08-01T20:09:09.034+0000] {dagbag.py:545} INFO - Filling up the DagBag from /home/airflow/.local/lib/python3.12/site-packages/airflow/example_dags/example_nested_branch_dag.py
[2024-08-01T20:09:09.045+0000] {processor.py:840} INFO - DAG(s) 'example_nested_branch_dag' retrieved from /home/airflow/.local/lib/python3.12/site-packages/airflow/example_dags/example_nested_branch_dag.py
[2024-08-01T20:09:09.074+0000] {logging_mixin.py:188} INFO - [2024-08-01T20:09:09.073+0000] {dag.py:3089} INFO - Sync 1 DAGs
[2024-08-01T20:09:09.098+0000] {logging_mixin.py:188} INFO - [2024-08-01T20:09:09.098+0000] {dag.py:3947} INFO - Setting next_dagrun for example_nested_branch_dag to 2024-07-31 00:00:00+00:00, run_after=2024-08-01 00:00:00+00:00
[2024-08-01T20:09:09.120+0000] {processor.py:183} INFO - Processing /home/airflow/.local/lib/python3.12/site-packages/airflow/example_dags/example_nested_branch_dag.py took 0.093 seconds
[2024-08-01T20:11:21.687+0000] {processor.py:161} INFO - Started process (PID=83) to work on /home/airflow/.local/lib/python3.12/site-packages/airflow/example_dags/example_nested_branch_dag.py
[2024-08-01T20:11:21.689+0000] {processor.py:830} INFO - Processing file /home/airflow/.local/lib/python3.12/site-packages/airflow/example_dags/example_nested_branch_dag.py for tasks to queue
[2024-08-01T20:11:21.691+0000] {logging_mixin.py:188} INFO - [2024-08-01T20:11:21.690+0000] {dagbag.py:545} INFO - Filling up the DagBag from /home/airflow/.local/lib/python3.12/site-packages/airflow/example_dags/example_nested_branch_dag.py
[2024-08-01T20:11:21.700+0000] {processor.py:840} INFO - DAG(s) 'example_nested_branch_dag' retrieved from /home/airflow/.local/lib/python3.12/site-packages/airflow/example_dags/example_nested_branch_dag.py
[2024-08-01T20:11:21.714+0000] {logging_mixin.py:188} INFO - [2024-08-01T20:11:21.713+0000] {dag.py:3089} INFO - Sync 1 DAGs
[2024-08-01T20:11:21.741+0000] {logging_mixin.py:188} INFO - [2024-08-01T20:11:21.740+0000] {dag.py:3947} INFO - Setting next_dagrun for example_nested_branch_dag to 2024-07-31 00:00:00+00:00, run_after=2024-08-01 00:00:00+00:00
[2024-08-01T20:11:21.766+0000] {processor.py:183} INFO - Processing /home/airflow/.local/lib/python3.12/site-packages/airflow/example_dags/example_nested_branch_dag.py took 0.084 seconds
[2024-08-01T20:11:53.011+0000] {processor.py:161} INFO - Started process (PID=141) to work on /home/airflow/.local/lib/python3.12/site-packages/airflow/example_dags/example_nested_branch_dag.py
[2024-08-01T20:11:53.013+0000] {processor.py:830} INFO - Processing file /home/airflow/.local/lib/python3.12/site-packages/airflow/example_dags/example_nested_branch_dag.py for tasks to queue
[2024-08-01T20:11:53.015+0000] {logging_mixin.py:188} INFO - [2024-08-01T20:11:53.015+0000] {dagbag.py:545} INFO - Filling up the DagBag from /home/airflow/.local/lib/python3.12/site-packages/airflow/example_dags/example_nested_branch_dag.py
[2024-08-01T20:11:53.025+0000] {processor.py:840} INFO - DAG(s) 'example_nested_branch_dag' retrieved from /home/airflow/.local/lib/python3.12/site-packages/airflow/example_dags/example_nested_branch_dag.py
[2024-08-01T20:11:53.123+0000] {logging_mixin.py:188} INFO - [2024-08-01T20:11:53.122+0000] {dag.py:3089} INFO - Sync 1 DAGs
[2024-08-01T20:11:53.144+0000] {logging_mixin.py:188} INFO - [2024-08-01T20:11:53.143+0000] {dag.py:3947} INFO - Setting next_dagrun for example_nested_branch_dag to 2024-07-31 00:00:00+00:00, run_after=2024-08-01 00:00:00+00:00
[2024-08-01T20:11:53.164+0000] {processor.py:183} INFO - Processing /home/airflow/.local/lib/python3.12/site-packages/airflow/example_dags/example_nested_branch_dag.py took 0.158 seconds
[2024-08-01T20:12:23.238+0000] {processor.py:161} INFO - Started process (PID=199) to work on /home/airflow/.local/lib/python3.12/site-packages/airflow/example_dags/example_nested_branch_dag.py
[2024-08-01T20:12:23.239+0000] {processor.py:830} INFO - Processing file /home/airflow/.local/lib/python3.12/site-packages/airflow/example_dags/example_nested_branch_dag.py for tasks to queue
[2024-08-01T20:12:23.241+0000] {logging_mixin.py:188} INFO - [2024-08-01T20:12:23.240+0000] {dagbag.py:545} INFO - Filling up the DagBag from /home/airflow/.local/lib/python3.12/site-packages/airflow/example_dags/example_nested_branch_dag.py
[2024-08-01T20:12:23.251+0000] {processor.py:840} INFO - DAG(s) 'example_nested_branch_dag' retrieved from /home/airflow/.local/lib/python3.12/site-packages/airflow/example_dags/example_nested_branch_dag.py
[2024-08-01T20:12:23.273+0000] {logging_mixin.py:188} INFO - [2024-08-01T20:12:23.272+0000] {dag.py:3089} INFO - Sync 1 DAGs
[2024-08-01T20:12:23.294+0000] {logging_mixin.py:188} INFO - [2024-08-01T20:12:23.294+0000] {dag.py:3947} INFO - Setting next_dagrun for example_nested_branch_dag to 2024-07-31 00:00:00+00:00, run_after=2024-08-01 00:00:00+00:00
[2024-08-01T20:12:23.313+0000] {processor.py:183} INFO - Processing /home/airflow/.local/lib/python3.12/site-packages/airflow/example_dags/example_nested_branch_dag.py took 0.079 seconds
[2024-08-01T20:12:53.621+0000] {processor.py:161} INFO - Started process (PID=257) to work on /home/airflow/.local/lib/python3.12/site-packages/airflow/example_dags/example_nested_branch_dag.py
[2024-08-01T20:12:53.622+0000] {processor.py:830} INFO - Processing file /home/airflow/.local/lib/python3.12/site-packages/airflow/example_dags/example_nested_branch_dag.py for tasks to queue
[2024-08-01T20:12:53.624+0000] {logging_mixin.py:188} INFO - [2024-08-01T20:12:53.623+0000] {dagbag.py:545} INFO - Filling up the DagBag from /home/airflow/.local/lib/python3.12/site-packages/airflow/example_dags/example_nested_branch_dag.py
[2024-08-01T20:12:53.632+0000] {processor.py:840} INFO - DAG(s) 'example_nested_branch_dag' retrieved from /home/airflow/.local/lib/python3.12/site-packages/airflow/example_dags/example_nested_branch_dag.py
[2024-08-01T20:12:53.651+0000] {logging_mixin.py:188} INFO - [2024-08-01T20:12:53.651+0000] {dag.py:3089} INFO - Sync 1 DAGs
[2024-08-01T20:12:53.671+0000] {logging_mixin.py:188} INFO - [2024-08-01T20:12:53.671+0000] {dag.py:3947} INFO - Setting next_dagrun for example_nested_branch_dag to 2024-07-31 00:00:00+00:00, run_after=2024-08-01 00:00:00+00:00
[2024-08-01T20:12:53.690+0000] {processor.py:183} INFO - Processing /home/airflow/.local/lib/python3.12/site-packages/airflow/example_dags/example_nested_branch_dag.py took 0.073 seconds
[2024-08-01T20:13:23.740+0000] {processor.py:161} INFO - Started process (PID=315) to work on /home/airflow/.local/lib/python3.12/site-packages/airflow/example_dags/example_nested_branch_dag.py
[2024-08-01T20:13:23.741+0000] {processor.py:830} INFO - Processing file /home/airflow/.local/lib/python3.12/site-packages/airflow/example_dags/example_nested_branch_dag.py for tasks to queue
[2024-08-01T20:13:23.742+0000] {logging_mixin.py:188} INFO - [2024-08-01T20:13:23.742+0000] {dagbag.py:545} INFO - Filling up the DagBag from /home/airflow/.local/lib/python3.12/site-packages/airflow/example_dags/example_nested_branch_dag.py
[2024-08-01T20:13:23.750+0000] {processor.py:840} INFO - DAG(s) 'example_nested_branch_dag' retrieved from /home/airflow/.local/lib/python3.12/site-packages/airflow/example_dags/example_nested_branch_dag.py
[2024-08-01T20:13:23.769+0000] {logging_mixin.py:188} INFO - [2024-08-01T20:13:23.769+0000] {dag.py:3089} INFO - Sync 1 DAGs
[2024-08-01T20:13:23.789+0000] {logging_mixin.py:188} INFO - [2024-08-01T20:13:23.788+0000] {dag.py:3947} INFO - Setting next_dagrun for example_nested_branch_dag to 2024-07-31 00:00:00+00:00, run_after=2024-08-01 00:00:00+00:00
[2024-08-01T20:13:23.810+0000] {processor.py:183} INFO - Processing /home/airflow/.local/lib/python3.12/site-packages/airflow/example_dags/example_nested_branch_dag.py took 0.075 seconds
[2024-08-01T20:13:53.965+0000] {processor.py:161} INFO - Started process (PID=373) to work on /home/airflow/.local/lib/python3.12/site-packages/airflow/example_dags/example_nested_branch_dag.py
[2024-08-01T20:13:53.966+0000] {processor.py:830} INFO - Processing file /home/airflow/.local/lib/python3.12/site-packages/airflow/example_dags/example_nested_branch_dag.py for tasks to queue
[2024-08-01T20:13:53.968+0000] {logging_mixin.py:188} INFO - [2024-08-01T20:13:53.968+0000] {dagbag.py:545} INFO - Filling up the DagBag from /home/airflow/.local/lib/python3.12/site-packages/airflow/example_dags/example_nested_branch_dag.py
[2024-08-01T20:13:53.979+0000] {processor.py:840} INFO - DAG(s) 'example_nested_branch_dag' retrieved from /home/airflow/.local/lib/python3.12/site-packages/airflow/example_dags/example_nested_branch_dag.py
[2024-08-01T20:13:54.002+0000] {logging_mixin.py:188} INFO - [2024-08-01T20:13:54.002+0000] {dag.py:3089} INFO - Sync 1 DAGs
[2024-08-01T20:13:54.026+0000] {logging_mixin.py:188} INFO - [2024-08-01T20:13:54.026+0000] {dag.py:3947} INFO - Setting next_dagrun for example_nested_branch_dag to 2024-07-31 00:00:00+00:00, run_after=2024-08-01 00:00:00+00:00
[2024-08-01T20:13:54.202+0000] {processor.py:183} INFO - Processing /home/airflow/.local/lib/python3.12/site-packages/airflow/example_dags/example_nested_branch_dag.py took 0.243 seconds
[2024-08-01T20:14:24.345+0000] {processor.py:161} INFO - Started process (PID=431) to work on /home/airflow/.local/lib/python3.12/site-packages/airflow/example_dags/example_nested_branch_dag.py
[2024-08-01T20:14:24.347+0000] {processor.py:830} INFO - Processing file /home/airflow/.local/lib/python3.12/site-packages/airflow/example_dags/example_nested_branch_dag.py for tasks to queue
[2024-08-01T20:14:24.349+0000] {logging_mixin.py:188} INFO - [2024-08-01T20:14:24.349+0000] {dagbag.py:545} INFO - Filling up the DagBag from /home/airflow/.local/lib/python3.12/site-packages/airflow/example_dags/example_nested_branch_dag.py
[2024-08-01T20:14:24.360+0000] {processor.py:840} INFO - DAG(s) 'example_nested_branch_dag' retrieved from /home/airflow/.local/lib/python3.12/site-packages/airflow/example_dags/example_nested_branch_dag.py
[2024-08-01T20:14:24.406+0000] {logging_mixin.py:188} INFO - [2024-08-01T20:14:24.405+0000] {dag.py:3089} INFO - Sync 1 DAGs
[2024-08-01T20:14:24.435+0000] {logging_mixin.py:188} INFO - [2024-08-01T20:14:24.435+0000] {dag.py:3947} INFO - Setting next_dagrun for example_nested_branch_dag to 2024-07-31 00:00:00+00:00, run_after=2024-08-01 00:00:00+00:00
[2024-08-01T20:14:24.477+0000] {processor.py:183} INFO - Processing /home/airflow/.local/lib/python3.12/site-packages/airflow/example_dags/example_nested_branch_dag.py took 0.140 seconds
[2024-08-01T20:14:54.808+0000] {processor.py:161} INFO - Started process (PID=488) to work on /home/airflow/.local/lib/python3.12/site-packages/airflow/example_dags/example_nested_branch_dag.py
[2024-08-01T20:14:54.809+0000] {processor.py:830} INFO - Processing file /home/airflow/.local/lib/python3.12/site-packages/airflow/example_dags/example_nested_branch_dag.py for tasks to queue
[2024-08-01T20:14:54.810+0000] {logging_mixin.py:188} INFO - [2024-08-01T20:14:54.810+0000] {dagbag.py:545} INFO - Filling up the DagBag from /home/airflow/.local/lib/python3.12/site-packages/airflow/example_dags/example_nested_branch_dag.py
[2024-08-01T20:14:54.819+0000] {processor.py:840} INFO - DAG(s) 'example_nested_branch_dag' retrieved from /home/airflow/.local/lib/python3.12/site-packages/airflow/example_dags/example_nested_branch_dag.py
[2024-08-01T20:14:54.839+0000] {logging_mixin.py:188} INFO - [2024-08-01T20:14:54.839+0000] {dag.py:3089} INFO - Sync 1 DAGs
[2024-08-01T20:14:54.859+0000] {logging_mixin.py:188} INFO - [2024-08-01T20:14:54.859+0000] {dag.py:3947} INFO - Setting next_dagrun for example_nested_branch_dag to 2024-07-31 00:00:00+00:00, run_after=2024-08-01 00:00:00+00:00
[2024-08-01T20:14:54.879+0000] {processor.py:183} INFO - Processing /home/airflow/.local/lib/python3.12/site-packages/airflow/example_dags/example_nested_branch_dag.py took 0.076 seconds
[2024-08-01T20:15:24.980+0000] {processor.py:161} INFO - Started process (PID=546) to work on /home/airflow/.local/lib/python3.12/site-packages/airflow/example_dags/example_nested_branch_dag.py
[2024-08-01T20:15:24.981+0000] {processor.py:830} INFO - Processing file /home/airflow/.local/lib/python3.12/site-packages/airflow/example_dags/example_nested_branch_dag.py for tasks to queue
[2024-08-01T20:15:24.983+0000] {logging_mixin.py:188} INFO - [2024-08-01T20:15:24.983+0000] {dagbag.py:545} INFO - Filling up the DagBag from /home/airflow/.local/lib/python3.12/site-packages/airflow/example_dags/example_nested_branch_dag.py
[2024-08-01T20:15:24.992+0000] {processor.py:840} INFO - DAG(s) 'example_nested_branch_dag' retrieved from /home/airflow/.local/lib/python3.12/site-packages/airflow/example_dags/example_nested_branch_dag.py
[2024-08-01T20:15:25.013+0000] {logging_mixin.py:188} INFO - [2024-08-01T20:15:25.013+0000] {dag.py:3089} INFO - Sync 1 DAGs
[2024-08-01T20:15:25.037+0000] {logging_mixin.py:188} INFO - [2024-08-01T20:15:25.037+0000] {dag.py:3947} INFO - Setting next_dagrun for example_nested_branch_dag to 2024-07-31 00:00:00+00:00, run_after=2024-08-01 00:00:00+00:00
[2024-08-01T20:15:25.062+0000] {processor.py:183} INFO - Processing /home/airflow/.local/lib/python3.12/site-packages/airflow/example_dags/example_nested_branch_dag.py took 0.087 seconds
[2024-08-01T20:15:55.206+0000] {processor.py:161} INFO - Started process (PID=604) to work on /home/airflow/.local/lib/python3.12/site-packages/airflow/example_dags/example_nested_branch_dag.py
[2024-08-01T20:15:55.207+0000] {processor.py:830} INFO - Processing file /home/airflow/.local/lib/python3.12/site-packages/airflow/example_dags/example_nested_branch_dag.py for tasks to queue
[2024-08-01T20:15:55.209+0000] {logging_mixin.py:188} INFO - [2024-08-01T20:15:55.209+0000] {dagbag.py:545} INFO - Filling up the DagBag from /home/airflow/.local/lib/python3.12/site-packages/airflow/example_dags/example_nested_branch_dag.py
[2024-08-01T20:15:55.217+0000] {processor.py:840} INFO - DAG(s) 'example_nested_branch_dag' retrieved from /home/airflow/.local/lib/python3.12/site-packages/airflow/example_dags/example_nested_branch_dag.py
[2024-08-01T20:15:55.237+0000] {logging_mixin.py:188} INFO - [2024-08-01T20:15:55.237+0000] {dag.py:3089} INFO - Sync 1 DAGs
[2024-08-01T20:15:55.258+0000] {logging_mixin.py:188} INFO - [2024-08-01T20:15:55.258+0000] {dag.py:3947} INFO - Setting next_dagrun for example_nested_branch_dag to 2024-07-31 00:00:00+00:00, run_after=2024-08-01 00:00:00+00:00
[2024-08-01T20:15:55.277+0000] {processor.py:183} INFO - Processing /home/airflow/.local/lib/python3.12/site-packages/airflow/example_dags/example_nested_branch_dag.py took 0.076 seconds
[2024-08-01T20:16:25.820+0000] {processor.py:161} INFO - Started process (PID=662) to work on /home/airflow/.local/lib/python3.12/site-packages/airflow/example_dags/example_nested_branch_dag.py
[2024-08-01T20:16:25.821+0000] {processor.py:830} INFO - Processing file /home/airflow/.local/lib/python3.12/site-packages/airflow/example_dags/example_nested_branch_dag.py for tasks to queue
[2024-08-01T20:16:25.822+0000] {logging_mixin.py:188} INFO - [2024-08-01T20:16:25.822+0000] {dagbag.py:545} INFO - Filling up the DagBag from /home/airflow/.local/lib/python3.12/site-packages/airflow/example_dags/example_nested_branch_dag.py
[2024-08-01T20:16:25.831+0000] {processor.py:840} INFO - DAG(s) 'example_nested_branch_dag' retrieved from /home/airflow/.local/lib/python3.12/site-packages/airflow/example_dags/example_nested_branch_dag.py
[2024-08-01T20:16:25.853+0000] {logging_mixin.py:188} INFO - [2024-08-01T20:16:25.852+0000] {dag.py:3089} INFO - Sync 1 DAGs
[2024-08-01T20:16:25.873+0000] {logging_mixin.py:188} INFO - [2024-08-01T20:16:25.873+0000] {dag.py:3947} INFO - Setting next_dagrun for example_nested_branch_dag to 2024-07-31 00:00:00+00:00, run_after=2024-08-01 00:00:00+00:00
[2024-08-01T20:16:25.896+0000] {processor.py:183} INFO - Processing /home/airflow/.local/lib/python3.12/site-packages/airflow/example_dags/example_nested_branch_dag.py took 0.082 seconds
