[2024-08-01T20:02:22.328+0000] {processor.py:161} INFO - Started process (PID=94) to work on /home/airflow/.local/lib/python3.12/site-packages/airflow/example_dags/example_branch_python_dop_operator_3.py
[2024-08-01T20:02:22.330+0000] {processor.py:830} INFO - Processing file /home/airflow/.local/lib/python3.12/site-packages/airflow/example_dags/example_branch_python_dop_operator_3.py for tasks to queue
[2024-08-01T20:02:22.332+0000] {logging_mixin.py:188} INFO - [2024-08-01T20:02:22.332+0000] {dagbag.py:545} INFO - Filling up the DagBag from /home/airflow/.local/lib/python3.12/site-packages/airflow/example_dags/example_branch_python_dop_operator_3.py
[2024-08-01T20:02:22.342+0000] {processor.py:840} INFO - DAG(s) 'example_branch_dop_operator_v3' retrieved from /home/airflow/.local/lib/python3.12/site-packages/airflow/example_dags/example_branch_python_dop_operator_3.py
[2024-08-01T20:02:22.454+0000] {logging_mixin.py:188} INFO - [2024-08-01T20:02:22.454+0000] {dag.py:3089} INFO - Sync 1 DAGs
[2024-08-01T20:02:22.583+0000] {logging_mixin.py:188} INFO - [2024-08-01T20:02:22.582+0000] {dag.py:3947} INFO - Setting next_dagrun for example_branch_dop_operator_v3 to 2024-08-01 20:01:00+00:00, run_after=2024-08-01 20:02:00+00:00
[2024-08-01T20:02:22.605+0000] {processor.py:183} INFO - Processing /home/airflow/.local/lib/python3.12/site-packages/airflow/example_dags/example_branch_python_dop_operator_3.py took 0.282 seconds
[2024-08-01T20:02:52.697+0000] {processor.py:161} INFO - Started process (PID=152) to work on /home/airflow/.local/lib/python3.12/site-packages/airflow/example_dags/example_branch_python_dop_operator_3.py
[2024-08-01T20:02:52.699+0000] {processor.py:830} INFO - Processing file /home/airflow/.local/lib/python3.12/site-packages/airflow/example_dags/example_branch_python_dop_operator_3.py for tasks to queue
[2024-08-01T20:02:52.700+0000] {logging_mixin.py:188} INFO - [2024-08-01T20:02:52.700+0000] {dagbag.py:545} INFO - Filling up the DagBag from /home/airflow/.local/lib/python3.12/site-packages/airflow/example_dags/example_branch_python_dop_operator_3.py
[2024-08-01T20:02:52.707+0000] {processor.py:840} INFO - DAG(s) 'example_branch_dop_operator_v3' retrieved from /home/airflow/.local/lib/python3.12/site-packages/airflow/example_dags/example_branch_python_dop_operator_3.py
[2024-08-01T20:02:52.724+0000] {logging_mixin.py:188} INFO - [2024-08-01T20:02:52.724+0000] {dag.py:3089} INFO - Sync 1 DAGs
[2024-08-01T20:02:52.747+0000] {logging_mixin.py:188} INFO - [2024-08-01T20:02:52.747+0000] {dag.py:3947} INFO - Setting next_dagrun for example_branch_dop_operator_v3 to 2024-08-01 20:01:00+00:00, run_after=2024-08-01 20:02:00+00:00
[2024-08-01T20:02:52.766+0000] {processor.py:183} INFO - Processing /home/airflow/.local/lib/python3.12/site-packages/airflow/example_dags/example_branch_python_dop_operator_3.py took 0.073 seconds
[2024-08-01T20:03:22.852+0000] {processor.py:161} INFO - Started process (PID=210) to work on /home/airflow/.local/lib/python3.12/site-packages/airflow/example_dags/example_branch_python_dop_operator_3.py
[2024-08-01T20:03:22.861+0000] {processor.py:830} INFO - Processing file /home/airflow/.local/lib/python3.12/site-packages/airflow/example_dags/example_branch_python_dop_operator_3.py for tasks to queue
[2024-08-01T20:03:22.863+0000] {logging_mixin.py:188} INFO - [2024-08-01T20:03:22.862+0000] {dagbag.py:545} INFO - Filling up the DagBag from /home/airflow/.local/lib/python3.12/site-packages/airflow/example_dags/example_branch_python_dop_operator_3.py
[2024-08-01T20:03:22.870+0000] {processor.py:840} INFO - DAG(s) 'example_branch_dop_operator_v3' retrieved from /home/airflow/.local/lib/python3.12/site-packages/airflow/example_dags/example_branch_python_dop_operator_3.py
[2024-08-01T20:03:22.888+0000] {logging_mixin.py:188} INFO - [2024-08-01T20:03:22.888+0000] {dag.py:3089} INFO - Sync 1 DAGs
[2024-08-01T20:03:22.912+0000] {logging_mixin.py:188} INFO - [2024-08-01T20:03:22.912+0000] {dag.py:3947} INFO - Setting next_dagrun for example_branch_dop_operator_v3 to 2024-08-01 20:02:00+00:00, run_after=2024-08-01 20:03:00+00:00
[2024-08-01T20:03:22.934+0000] {processor.py:183} INFO - Processing /home/airflow/.local/lib/python3.12/site-packages/airflow/example_dags/example_branch_python_dop_operator_3.py took 0.087 seconds
[2024-08-01T20:03:53.321+0000] {processor.py:161} INFO - Started process (PID=268) to work on /home/airflow/.local/lib/python3.12/site-packages/airflow/example_dags/example_branch_python_dop_operator_3.py
[2024-08-01T20:03:53.322+0000] {processor.py:830} INFO - Processing file /home/airflow/.local/lib/python3.12/site-packages/airflow/example_dags/example_branch_python_dop_operator_3.py for tasks to queue
[2024-08-01T20:03:53.324+0000] {logging_mixin.py:188} INFO - [2024-08-01T20:03:53.323+0000] {dagbag.py:545} INFO - Filling up the DagBag from /home/airflow/.local/lib/python3.12/site-packages/airflow/example_dags/example_branch_python_dop_operator_3.py
[2024-08-01T20:03:53.331+0000] {processor.py:840} INFO - DAG(s) 'example_branch_dop_operator_v3' retrieved from /home/airflow/.local/lib/python3.12/site-packages/airflow/example_dags/example_branch_python_dop_operator_3.py
[2024-08-01T20:03:53.347+0000] {logging_mixin.py:188} INFO - [2024-08-01T20:03:53.347+0000] {dag.py:3089} INFO - Sync 1 DAGs
[2024-08-01T20:03:53.369+0000] {logging_mixin.py:188} INFO - [2024-08-01T20:03:53.369+0000] {dag.py:3947} INFO - Setting next_dagrun for example_branch_dop_operator_v3 to 2024-08-01 20:02:00+00:00, run_after=2024-08-01 20:03:00+00:00
[2024-08-01T20:03:53.385+0000] {processor.py:183} INFO - Processing /home/airflow/.local/lib/python3.12/site-packages/airflow/example_dags/example_branch_python_dop_operator_3.py took 0.068 seconds
[2024-08-01T20:04:23.762+0000] {processor.py:161} INFO - Started process (PID=326) to work on /home/airflow/.local/lib/python3.12/site-packages/airflow/example_dags/example_branch_python_dop_operator_3.py
[2024-08-01T20:04:23.763+0000] {processor.py:830} INFO - Processing file /home/airflow/.local/lib/python3.12/site-packages/airflow/example_dags/example_branch_python_dop_operator_3.py for tasks to queue
[2024-08-01T20:04:23.765+0000] {logging_mixin.py:188} INFO - [2024-08-01T20:04:23.765+0000] {dagbag.py:545} INFO - Filling up the DagBag from /home/airflow/.local/lib/python3.12/site-packages/airflow/example_dags/example_branch_python_dop_operator_3.py
[2024-08-01T20:04:23.776+0000] {processor.py:840} INFO - DAG(s) 'example_branch_dop_operator_v3' retrieved from /home/airflow/.local/lib/python3.12/site-packages/airflow/example_dags/example_branch_python_dop_operator_3.py
[2024-08-01T20:04:23.799+0000] {logging_mixin.py:188} INFO - [2024-08-01T20:04:23.799+0000] {dag.py:3089} INFO - Sync 1 DAGs
[2024-08-01T20:04:23.825+0000] {logging_mixin.py:188} INFO - [2024-08-01T20:04:23.824+0000] {dag.py:3947} INFO - Setting next_dagrun for example_branch_dop_operator_v3 to 2024-08-01 20:03:00+00:00, run_after=2024-08-01 20:04:00+00:00
[2024-08-01T20:04:23.843+0000] {processor.py:183} INFO - Processing /home/airflow/.local/lib/python3.12/site-packages/airflow/example_dags/example_branch_python_dop_operator_3.py took 0.087 seconds
[2024-08-01T20:04:54.389+0000] {processor.py:161} INFO - Started process (PID=384) to work on /home/airflow/.local/lib/python3.12/site-packages/airflow/example_dags/example_branch_python_dop_operator_3.py
[2024-08-01T20:04:54.390+0000] {processor.py:830} INFO - Processing file /home/airflow/.local/lib/python3.12/site-packages/airflow/example_dags/example_branch_python_dop_operator_3.py for tasks to queue
[2024-08-01T20:04:54.392+0000] {logging_mixin.py:188} INFO - [2024-08-01T20:04:54.392+0000] {dagbag.py:545} INFO - Filling up the DagBag from /home/airflow/.local/lib/python3.12/site-packages/airflow/example_dags/example_branch_python_dop_operator_3.py
[2024-08-01T20:04:54.401+0000] {processor.py:840} INFO - DAG(s) 'example_branch_dop_operator_v3' retrieved from /home/airflow/.local/lib/python3.12/site-packages/airflow/example_dags/example_branch_python_dop_operator_3.py
[2024-08-01T20:04:54.423+0000] {logging_mixin.py:188} INFO - [2024-08-01T20:04:54.423+0000] {dag.py:3089} INFO - Sync 1 DAGs
[2024-08-01T20:04:54.462+0000] {logging_mixin.py:188} INFO - [2024-08-01T20:04:54.462+0000] {dag.py:3947} INFO - Setting next_dagrun for example_branch_dop_operator_v3 to 2024-08-01 20:03:00+00:00, run_after=2024-08-01 20:04:00+00:00
[2024-08-01T20:04:54.485+0000] {processor.py:183} INFO - Processing /home/airflow/.local/lib/python3.12/site-packages/airflow/example_dags/example_branch_python_dop_operator_3.py took 0.101 seconds
[2024-08-01T20:05:25.107+0000] {processor.py:161} INFO - Started process (PID=442) to work on /home/airflow/.local/lib/python3.12/site-packages/airflow/example_dags/example_branch_python_dop_operator_3.py
[2024-08-01T20:05:25.108+0000] {processor.py:830} INFO - Processing file /home/airflow/.local/lib/python3.12/site-packages/airflow/example_dags/example_branch_python_dop_operator_3.py for tasks to queue
[2024-08-01T20:05:25.109+0000] {logging_mixin.py:188} INFO - [2024-08-01T20:05:25.109+0000] {dagbag.py:545} INFO - Filling up the DagBag from /home/airflow/.local/lib/python3.12/site-packages/airflow/example_dags/example_branch_python_dop_operator_3.py
[2024-08-01T20:05:25.117+0000] {processor.py:840} INFO - DAG(s) 'example_branch_dop_operator_v3' retrieved from /home/airflow/.local/lib/python3.12/site-packages/airflow/example_dags/example_branch_python_dop_operator_3.py
[2024-08-01T20:05:25.135+0000] {logging_mixin.py:188} INFO - [2024-08-01T20:05:25.134+0000] {dag.py:3089} INFO - Sync 1 DAGs
[2024-08-01T20:05:25.158+0000] {logging_mixin.py:188} INFO - [2024-08-01T20:05:25.158+0000] {dag.py:3947} INFO - Setting next_dagrun for example_branch_dop_operator_v3 to 2024-08-01 20:04:00+00:00, run_after=2024-08-01 20:05:00+00:00
[2024-08-01T20:05:25.178+0000] {processor.py:183} INFO - Processing /home/airflow/.local/lib/python3.12/site-packages/airflow/example_dags/example_branch_python_dop_operator_3.py took 0.076 seconds
[2024-08-01T20:05:55.645+0000] {processor.py:161} INFO - Started process (PID=500) to work on /home/airflow/.local/lib/python3.12/site-packages/airflow/example_dags/example_branch_python_dop_operator_3.py
[2024-08-01T20:05:55.646+0000] {processor.py:830} INFO - Processing file /home/airflow/.local/lib/python3.12/site-packages/airflow/example_dags/example_branch_python_dop_operator_3.py for tasks to queue
[2024-08-01T20:05:55.647+0000] {logging_mixin.py:188} INFO - [2024-08-01T20:05:55.647+0000] {dagbag.py:545} INFO - Filling up the DagBag from /home/airflow/.local/lib/python3.12/site-packages/airflow/example_dags/example_branch_python_dop_operator_3.py
[2024-08-01T20:05:55.656+0000] {processor.py:840} INFO - DAG(s) 'example_branch_dop_operator_v3' retrieved from /home/airflow/.local/lib/python3.12/site-packages/airflow/example_dags/example_branch_python_dop_operator_3.py
[2024-08-01T20:05:55.678+0000] {logging_mixin.py:188} INFO - [2024-08-01T20:05:55.677+0000] {dag.py:3089} INFO - Sync 1 DAGs
[2024-08-01T20:05:55.705+0000] {logging_mixin.py:188} INFO - [2024-08-01T20:05:55.705+0000] {dag.py:3947} INFO - Setting next_dagrun for example_branch_dop_operator_v3 to 2024-08-01 20:04:00+00:00, run_after=2024-08-01 20:05:00+00:00
[2024-08-01T20:05:55.729+0000] {processor.py:183} INFO - Processing /home/airflow/.local/lib/python3.12/site-packages/airflow/example_dags/example_branch_python_dop_operator_3.py took 0.089 seconds
[2024-08-01T20:06:36.390+0000] {processor.py:161} INFO - Started process (PID=88) to work on /home/airflow/.local/lib/python3.12/site-packages/airflow/example_dags/example_branch_python_dop_operator_3.py
[2024-08-01T20:06:36.390+0000] {processor.py:830} INFO - Processing file /home/airflow/.local/lib/python3.12/site-packages/airflow/example_dags/example_branch_python_dop_operator_3.py for tasks to queue
[2024-08-01T20:06:36.392+0000] {logging_mixin.py:188} INFO - [2024-08-01T20:06:36.392+0000] {dagbag.py:545} INFO - Filling up the DagBag from /home/airflow/.local/lib/python3.12/site-packages/airflow/example_dags/example_branch_python_dop_operator_3.py
[2024-08-01T20:06:36.399+0000] {processor.py:840} INFO - DAG(s) 'example_branch_dop_operator_v3' retrieved from /home/airflow/.local/lib/python3.12/site-packages/airflow/example_dags/example_branch_python_dop_operator_3.py
[2024-08-01T20:06:36.416+0000] {logging_mixin.py:188} INFO - [2024-08-01T20:06:36.416+0000] {dag.py:3089} INFO - Sync 1 DAGs
[2024-08-01T20:06:36.438+0000] {logging_mixin.py:188} INFO - [2024-08-01T20:06:36.438+0000] {dag.py:3947} INFO - Setting next_dagrun for example_branch_dop_operator_v3 to 2024-08-01 20:05:00+00:00, run_after=2024-08-01 20:06:00+00:00
[2024-08-01T20:06:36.527+0000] {processor.py:183} INFO - Processing /home/airflow/.local/lib/python3.12/site-packages/airflow/example_dags/example_branch_python_dop_operator_3.py took 0.142 seconds
[2024-08-01T20:07:07.399+0000] {processor.py:161} INFO - Started process (PID=146) to work on /home/airflow/.local/lib/python3.12/site-packages/airflow/example_dags/example_branch_python_dop_operator_3.py
[2024-08-01T20:07:07.400+0000] {processor.py:830} INFO - Processing file /home/airflow/.local/lib/python3.12/site-packages/airflow/example_dags/example_branch_python_dop_operator_3.py for tasks to queue
[2024-08-01T20:07:07.401+0000] {logging_mixin.py:188} INFO - [2024-08-01T20:07:07.401+0000] {dagbag.py:545} INFO - Filling up the DagBag from /home/airflow/.local/lib/python3.12/site-packages/airflow/example_dags/example_branch_python_dop_operator_3.py
[2024-08-01T20:07:07.409+0000] {processor.py:840} INFO - DAG(s) 'example_branch_dop_operator_v3' retrieved from /home/airflow/.local/lib/python3.12/site-packages/airflow/example_dags/example_branch_python_dop_operator_3.py
[2024-08-01T20:07:07.426+0000] {logging_mixin.py:188} INFO - [2024-08-01T20:07:07.426+0000] {dag.py:3089} INFO - Sync 1 DAGs
[2024-08-01T20:07:07.448+0000] {logging_mixin.py:188} INFO - [2024-08-01T20:07:07.448+0000] {dag.py:3947} INFO - Setting next_dagrun for example_branch_dop_operator_v3 to 2024-08-01 20:06:00+00:00, run_after=2024-08-01 20:07:00+00:00
[2024-08-01T20:07:07.467+0000] {processor.py:183} INFO - Processing /home/airflow/.local/lib/python3.12/site-packages/airflow/example_dags/example_branch_python_dop_operator_3.py took 0.072 seconds
[2024-08-01T20:07:38.107+0000] {processor.py:161} INFO - Started process (PID=204) to work on /home/airflow/.local/lib/python3.12/site-packages/airflow/example_dags/example_branch_python_dop_operator_3.py
[2024-08-01T20:07:38.108+0000] {processor.py:830} INFO - Processing file /home/airflow/.local/lib/python3.12/site-packages/airflow/example_dags/example_branch_python_dop_operator_3.py for tasks to queue
[2024-08-01T20:07:38.110+0000] {logging_mixin.py:188} INFO - [2024-08-01T20:07:38.109+0000] {dagbag.py:545} INFO - Filling up the DagBag from /home/airflow/.local/lib/python3.12/site-packages/airflow/example_dags/example_branch_python_dop_operator_3.py
[2024-08-01T20:07:38.120+0000] {processor.py:840} INFO - DAG(s) 'example_branch_dop_operator_v3' retrieved from /home/airflow/.local/lib/python3.12/site-packages/airflow/example_dags/example_branch_python_dop_operator_3.py
[2024-08-01T20:07:38.140+0000] {logging_mixin.py:188} INFO - [2024-08-01T20:07:38.139+0000] {dag.py:3089} INFO - Sync 1 DAGs
[2024-08-01T20:07:38.165+0000] {logging_mixin.py:188} INFO - [2024-08-01T20:07:38.165+0000] {dag.py:3947} INFO - Setting next_dagrun for example_branch_dop_operator_v3 to 2024-08-01 20:06:00+00:00, run_after=2024-08-01 20:07:00+00:00
[2024-08-01T20:07:38.189+0000] {processor.py:183} INFO - Processing /home/airflow/.local/lib/python3.12/site-packages/airflow/example_dags/example_branch_python_dop_operator_3.py took 0.087 seconds
[2024-08-01T20:08:08.345+0000] {processor.py:161} INFO - Started process (PID=262) to work on /home/airflow/.local/lib/python3.12/site-packages/airflow/example_dags/example_branch_python_dop_operator_3.py
[2024-08-01T20:08:08.346+0000] {processor.py:830} INFO - Processing file /home/airflow/.local/lib/python3.12/site-packages/airflow/example_dags/example_branch_python_dop_operator_3.py for tasks to queue
[2024-08-01T20:08:08.348+0000] {logging_mixin.py:188} INFO - [2024-08-01T20:08:08.348+0000] {dagbag.py:545} INFO - Filling up the DagBag from /home/airflow/.local/lib/python3.12/site-packages/airflow/example_dags/example_branch_python_dop_operator_3.py
[2024-08-01T20:08:08.356+0000] {processor.py:840} INFO - DAG(s) 'example_branch_dop_operator_v3' retrieved from /home/airflow/.local/lib/python3.12/site-packages/airflow/example_dags/example_branch_python_dop_operator_3.py
[2024-08-01T20:08:08.375+0000] {logging_mixin.py:188} INFO - [2024-08-01T20:08:08.375+0000] {dag.py:3089} INFO - Sync 1 DAGs
[2024-08-01T20:08:08.397+0000] {logging_mixin.py:188} INFO - [2024-08-01T20:08:08.397+0000] {dag.py:3947} INFO - Setting next_dagrun for example_branch_dop_operator_v3 to 2024-08-01 20:07:00+00:00, run_after=2024-08-01 20:08:00+00:00
[2024-08-01T20:08:08.417+0000] {processor.py:183} INFO - Processing /home/airflow/.local/lib/python3.12/site-packages/airflow/example_dags/example_branch_python_dop_operator_3.py took 0.076 seconds
[2024-08-01T20:08:38.943+0000] {processor.py:161} INFO - Started process (PID=320) to work on /home/airflow/.local/lib/python3.12/site-packages/airflow/example_dags/example_branch_python_dop_operator_3.py
[2024-08-01T20:08:38.945+0000] {processor.py:830} INFO - Processing file /home/airflow/.local/lib/python3.12/site-packages/airflow/example_dags/example_branch_python_dop_operator_3.py for tasks to queue
[2024-08-01T20:08:38.949+0000] {logging_mixin.py:188} INFO - [2024-08-01T20:08:38.949+0000] {dagbag.py:545} INFO - Filling up the DagBag from /home/airflow/.local/lib/python3.12/site-packages/airflow/example_dags/example_branch_python_dop_operator_3.py
[2024-08-01T20:08:38.962+0000] {processor.py:840} INFO - DAG(s) 'example_branch_dop_operator_v3' retrieved from /home/airflow/.local/lib/python3.12/site-packages/airflow/example_dags/example_branch_python_dop_operator_3.py
[2024-08-01T20:08:38.990+0000] {logging_mixin.py:188} INFO - [2024-08-01T20:08:38.990+0000] {dag.py:3089} INFO - Sync 1 DAGs
[2024-08-01T20:08:39.027+0000] {logging_mixin.py:188} INFO - [2024-08-01T20:08:39.026+0000] {dag.py:3947} INFO - Setting next_dagrun for example_branch_dop_operator_v3 to 2024-08-01 20:07:00+00:00, run_after=2024-08-01 20:08:00+00:00
[2024-08-01T20:08:39.049+0000] {processor.py:183} INFO - Processing /home/airflow/.local/lib/python3.12/site-packages/airflow/example_dags/example_branch_python_dop_operator_3.py took 0.114 seconds
[2024-08-01T20:09:09.501+0000] {processor.py:161} INFO - Started process (PID=378) to work on /home/airflow/.local/lib/python3.12/site-packages/airflow/example_dags/example_branch_python_dop_operator_3.py
[2024-08-01T20:09:09.503+0000] {processor.py:830} INFO - Processing file /home/airflow/.local/lib/python3.12/site-packages/airflow/example_dags/example_branch_python_dop_operator_3.py for tasks to queue
[2024-08-01T20:09:09.504+0000] {logging_mixin.py:188} INFO - [2024-08-01T20:09:09.504+0000] {dagbag.py:545} INFO - Filling up the DagBag from /home/airflow/.local/lib/python3.12/site-packages/airflow/example_dags/example_branch_python_dop_operator_3.py
[2024-08-01T20:09:09.512+0000] {processor.py:840} INFO - DAG(s) 'example_branch_dop_operator_v3' retrieved from /home/airflow/.local/lib/python3.12/site-packages/airflow/example_dags/example_branch_python_dop_operator_3.py
[2024-08-01T20:09:09.529+0000] {logging_mixin.py:188} INFO - [2024-08-01T20:09:09.529+0000] {dag.py:3089} INFO - Sync 1 DAGs
[2024-08-01T20:09:09.551+0000] {logging_mixin.py:188} INFO - [2024-08-01T20:09:09.551+0000] {dag.py:3947} INFO - Setting next_dagrun for example_branch_dop_operator_v3 to 2024-08-01 20:08:00+00:00, run_after=2024-08-01 20:09:00+00:00
[2024-08-01T20:09:09.571+0000] {processor.py:183} INFO - Processing /home/airflow/.local/lib/python3.12/site-packages/airflow/example_dags/example_branch_python_dop_operator_3.py took 0.074 seconds
[2024-08-01T20:11:22.174+0000] {processor.py:161} INFO - Started process (PID=92) to work on /home/airflow/.local/lib/python3.12/site-packages/airflow/example_dags/example_branch_python_dop_operator_3.py
[2024-08-01T20:11:22.176+0000] {processor.py:830} INFO - Processing file /home/airflow/.local/lib/python3.12/site-packages/airflow/example_dags/example_branch_python_dop_operator_3.py for tasks to queue
[2024-08-01T20:11:22.178+0000] {logging_mixin.py:188} INFO - [2024-08-01T20:11:22.177+0000] {dagbag.py:545} INFO - Filling up the DagBag from /home/airflow/.local/lib/python3.12/site-packages/airflow/example_dags/example_branch_python_dop_operator_3.py
[2024-08-01T20:11:22.186+0000] {processor.py:840} INFO - DAG(s) 'example_branch_dop_operator_v3' retrieved from /home/airflow/.local/lib/python3.12/site-packages/airflow/example_dags/example_branch_python_dop_operator_3.py
[2024-08-01T20:11:22.198+0000] {logging_mixin.py:188} INFO - [2024-08-01T20:11:22.198+0000] {dag.py:3089} INFO - Sync 1 DAGs
[2024-08-01T20:11:22.224+0000] {logging_mixin.py:188} INFO - [2024-08-01T20:11:22.224+0000] {dag.py:3947} INFO - Setting next_dagrun for example_branch_dop_operator_v3 to 2024-08-01 20:10:00+00:00, run_after=2024-08-01 20:11:00+00:00
[2024-08-01T20:11:22.246+0000] {processor.py:183} INFO - Processing /home/airflow/.local/lib/python3.12/site-packages/airflow/example_dags/example_branch_python_dop_operator_3.py took 0.077 seconds
[2024-08-01T20:11:53.815+0000] {processor.py:161} INFO - Started process (PID=150) to work on /home/airflow/.local/lib/python3.12/site-packages/airflow/example_dags/example_branch_python_dop_operator_3.py
[2024-08-01T20:11:53.816+0000] {processor.py:830} INFO - Processing file /home/airflow/.local/lib/python3.12/site-packages/airflow/example_dags/example_branch_python_dop_operator_3.py for tasks to queue
[2024-08-01T20:11:53.818+0000] {logging_mixin.py:188} INFO - [2024-08-01T20:11:53.817+0000] {dagbag.py:545} INFO - Filling up the DagBag from /home/airflow/.local/lib/python3.12/site-packages/airflow/example_dags/example_branch_python_dop_operator_3.py
[2024-08-01T20:11:53.826+0000] {processor.py:840} INFO - DAG(s) 'example_branch_dop_operator_v3' retrieved from /home/airflow/.local/lib/python3.12/site-packages/airflow/example_dags/example_branch_python_dop_operator_3.py
[2024-08-01T20:11:53.925+0000] {logging_mixin.py:188} INFO - [2024-08-01T20:11:53.925+0000] {dag.py:3089} INFO - Sync 1 DAGs
[2024-08-01T20:11:53.947+0000] {logging_mixin.py:188} INFO - [2024-08-01T20:11:53.947+0000] {dag.py:3947} INFO - Setting next_dagrun for example_branch_dop_operator_v3 to 2024-08-01 20:10:00+00:00, run_after=2024-08-01 20:11:00+00:00
[2024-08-01T20:11:53.969+0000] {processor.py:183} INFO - Processing /home/airflow/.local/lib/python3.12/site-packages/airflow/example_dags/example_branch_python_dop_operator_3.py took 0.159 seconds
[2024-08-01T20:12:24.697+0000] {processor.py:161} INFO - Started process (PID=208) to work on /home/airflow/.local/lib/python3.12/site-packages/airflow/example_dags/example_branch_python_dop_operator_3.py
[2024-08-01T20:12:24.698+0000] {processor.py:830} INFO - Processing file /home/airflow/.local/lib/python3.12/site-packages/airflow/example_dags/example_branch_python_dop_operator_3.py for tasks to queue
[2024-08-01T20:12:24.700+0000] {logging_mixin.py:188} INFO - [2024-08-01T20:12:24.700+0000] {dagbag.py:545} INFO - Filling up the DagBag from /home/airflow/.local/lib/python3.12/site-packages/airflow/example_dags/example_branch_python_dop_operator_3.py
[2024-08-01T20:12:24.708+0000] {processor.py:840} INFO - DAG(s) 'example_branch_dop_operator_v3' retrieved from /home/airflow/.local/lib/python3.12/site-packages/airflow/example_dags/example_branch_python_dop_operator_3.py
[2024-08-01T20:12:24.725+0000] {logging_mixin.py:188} INFO - [2024-08-01T20:12:24.725+0000] {dag.py:3089} INFO - Sync 1 DAGs
[2024-08-01T20:12:24.747+0000] {logging_mixin.py:188} INFO - [2024-08-01T20:12:24.747+0000] {dag.py:3947} INFO - Setting next_dagrun for example_branch_dop_operator_v3 to 2024-08-01 20:11:00+00:00, run_after=2024-08-01 20:12:00+00:00
[2024-08-01T20:12:24.767+0000] {processor.py:183} INFO - Processing /home/airflow/.local/lib/python3.12/site-packages/airflow/example_dags/example_branch_python_dop_operator_3.py took 0.074 seconds
[2024-08-01T20:12:54.999+0000] {processor.py:161} INFO - Started process (PID=266) to work on /home/airflow/.local/lib/python3.12/site-packages/airflow/example_dags/example_branch_python_dop_operator_3.py
[2024-08-01T20:12:55.000+0000] {processor.py:830} INFO - Processing file /home/airflow/.local/lib/python3.12/site-packages/airflow/example_dags/example_branch_python_dop_operator_3.py for tasks to queue
[2024-08-01T20:12:55.002+0000] {logging_mixin.py:188} INFO - [2024-08-01T20:12:55.001+0000] {dagbag.py:545} INFO - Filling up the DagBag from /home/airflow/.local/lib/python3.12/site-packages/airflow/example_dags/example_branch_python_dop_operator_3.py
[2024-08-01T20:12:55.010+0000] {processor.py:840} INFO - DAG(s) 'example_branch_dop_operator_v3' retrieved from /home/airflow/.local/lib/python3.12/site-packages/airflow/example_dags/example_branch_python_dop_operator_3.py
[2024-08-01T20:12:55.031+0000] {logging_mixin.py:188} INFO - [2024-08-01T20:12:55.031+0000] {dag.py:3089} INFO - Sync 1 DAGs
[2024-08-01T20:12:55.055+0000] {logging_mixin.py:188} INFO - [2024-08-01T20:12:55.055+0000] {dag.py:3947} INFO - Setting next_dagrun for example_branch_dop_operator_v3 to 2024-08-01 20:11:00+00:00, run_after=2024-08-01 20:12:00+00:00
[2024-08-01T20:12:55.076+0000] {processor.py:183} INFO - Processing /home/airflow/.local/lib/python3.12/site-packages/airflow/example_dags/example_branch_python_dop_operator_3.py took 0.082 seconds
[2024-08-01T20:13:25.110+0000] {processor.py:161} INFO - Started process (PID=324) to work on /home/airflow/.local/lib/python3.12/site-packages/airflow/example_dags/example_branch_python_dop_operator_3.py
[2024-08-01T20:13:25.111+0000] {processor.py:830} INFO - Processing file /home/airflow/.local/lib/python3.12/site-packages/airflow/example_dags/example_branch_python_dop_operator_3.py for tasks to queue
[2024-08-01T20:13:25.112+0000] {logging_mixin.py:188} INFO - [2024-08-01T20:13:25.112+0000] {dagbag.py:545} INFO - Filling up the DagBag from /home/airflow/.local/lib/python3.12/site-packages/airflow/example_dags/example_branch_python_dop_operator_3.py
[2024-08-01T20:13:25.119+0000] {processor.py:840} INFO - DAG(s) 'example_branch_dop_operator_v3' retrieved from /home/airflow/.local/lib/python3.12/site-packages/airflow/example_dags/example_branch_python_dop_operator_3.py
[2024-08-01T20:13:25.136+0000] {logging_mixin.py:188} INFO - [2024-08-01T20:13:25.136+0000] {dag.py:3089} INFO - Sync 1 DAGs
[2024-08-01T20:13:25.159+0000] {logging_mixin.py:188} INFO - [2024-08-01T20:13:25.159+0000] {dag.py:3947} INFO - Setting next_dagrun for example_branch_dop_operator_v3 to 2024-08-01 20:12:00+00:00, run_after=2024-08-01 20:13:00+00:00
[2024-08-01T20:13:25.178+0000] {processor.py:183} INFO - Processing /home/airflow/.local/lib/python3.12/site-packages/airflow/example_dags/example_branch_python_dop_operator_3.py took 0.073 seconds
[2024-08-01T20:13:55.533+0000] {processor.py:161} INFO - Started process (PID=382) to work on /home/airflow/.local/lib/python3.12/site-packages/airflow/example_dags/example_branch_python_dop_operator_3.py
[2024-08-01T20:13:55.534+0000] {processor.py:830} INFO - Processing file /home/airflow/.local/lib/python3.12/site-packages/airflow/example_dags/example_branch_python_dop_operator_3.py for tasks to queue
[2024-08-01T20:13:55.535+0000] {logging_mixin.py:188} INFO - [2024-08-01T20:13:55.535+0000] {dagbag.py:545} INFO - Filling up the DagBag from /home/airflow/.local/lib/python3.12/site-packages/airflow/example_dags/example_branch_python_dop_operator_3.py
[2024-08-01T20:13:55.543+0000] {processor.py:840} INFO - DAG(s) 'example_branch_dop_operator_v3' retrieved from /home/airflow/.local/lib/python3.12/site-packages/airflow/example_dags/example_branch_python_dop_operator_3.py
[2024-08-01T20:13:55.560+0000] {logging_mixin.py:188} INFO - [2024-08-01T20:13:55.559+0000] {dag.py:3089} INFO - Sync 1 DAGs
[2024-08-01T20:13:55.583+0000] {logging_mixin.py:188} INFO - [2024-08-01T20:13:55.583+0000] {dag.py:3947} INFO - Setting next_dagrun for example_branch_dop_operator_v3 to 2024-08-01 20:12:00+00:00, run_after=2024-08-01 20:13:00+00:00
[2024-08-01T20:13:55.600+0000] {processor.py:183} INFO - Processing /home/airflow/.local/lib/python3.12/site-packages/airflow/example_dags/example_branch_python_dop_operator_3.py took 0.072 seconds
[2024-08-01T20:14:26.161+0000] {processor.py:161} INFO - Started process (PID=440) to work on /home/airflow/.local/lib/python3.12/site-packages/airflow/example_dags/example_branch_python_dop_operator_3.py
[2024-08-01T20:14:26.162+0000] {processor.py:830} INFO - Processing file /home/airflow/.local/lib/python3.12/site-packages/airflow/example_dags/example_branch_python_dop_operator_3.py for tasks to queue
[2024-08-01T20:14:26.164+0000] {logging_mixin.py:188} INFO - [2024-08-01T20:14:26.163+0000] {dagbag.py:545} INFO - Filling up the DagBag from /home/airflow/.local/lib/python3.12/site-packages/airflow/example_dags/example_branch_python_dop_operator_3.py
[2024-08-01T20:14:26.175+0000] {processor.py:840} INFO - DAG(s) 'example_branch_dop_operator_v3' retrieved from /home/airflow/.local/lib/python3.12/site-packages/airflow/example_dags/example_branch_python_dop_operator_3.py
[2024-08-01T20:14:26.199+0000] {logging_mixin.py:188} INFO - [2024-08-01T20:14:26.198+0000] {dag.py:3089} INFO - Sync 1 DAGs
[2024-08-01T20:14:26.230+0000] {logging_mixin.py:188} INFO - [2024-08-01T20:14:26.230+0000] {dag.py:3947} INFO - Setting next_dagrun for example_branch_dop_operator_v3 to 2024-08-01 20:13:00+00:00, run_after=2024-08-01 20:14:00+00:00
[2024-08-01T20:14:26.251+0000] {processor.py:183} INFO - Processing /home/airflow/.local/lib/python3.12/site-packages/airflow/example_dags/example_branch_python_dop_operator_3.py took 0.096 seconds
[2024-08-01T20:14:56.313+0000] {processor.py:161} INFO - Started process (PID=498) to work on /home/airflow/.local/lib/python3.12/site-packages/airflow/example_dags/example_branch_python_dop_operator_3.py
[2024-08-01T20:14:56.314+0000] {processor.py:830} INFO - Processing file /home/airflow/.local/lib/python3.12/site-packages/airflow/example_dags/example_branch_python_dop_operator_3.py for tasks to queue
[2024-08-01T20:14:56.315+0000] {logging_mixin.py:188} INFO - [2024-08-01T20:14:56.315+0000] {dagbag.py:545} INFO - Filling up the DagBag from /home/airflow/.local/lib/python3.12/site-packages/airflow/example_dags/example_branch_python_dop_operator_3.py
[2024-08-01T20:14:56.323+0000] {processor.py:840} INFO - DAG(s) 'example_branch_dop_operator_v3' retrieved from /home/airflow/.local/lib/python3.12/site-packages/airflow/example_dags/example_branch_python_dop_operator_3.py
[2024-08-01T20:14:56.341+0000] {logging_mixin.py:188} INFO - [2024-08-01T20:14:56.341+0000] {dag.py:3089} INFO - Sync 1 DAGs
[2024-08-01T20:14:56.364+0000] {logging_mixin.py:188} INFO - [2024-08-01T20:14:56.363+0000] {dag.py:3947} INFO - Setting next_dagrun for example_branch_dop_operator_v3 to 2024-08-01 20:13:00+00:00, run_after=2024-08-01 20:14:00+00:00
[2024-08-01T20:14:56.383+0000] {processor.py:183} INFO - Processing /home/airflow/.local/lib/python3.12/site-packages/airflow/example_dags/example_branch_python_dop_operator_3.py took 0.075 seconds
[2024-08-01T20:15:26.638+0000] {processor.py:161} INFO - Started process (PID=556) to work on /home/airflow/.local/lib/python3.12/site-packages/airflow/example_dags/example_branch_python_dop_operator_3.py
[2024-08-01T20:15:26.639+0000] {processor.py:830} INFO - Processing file /home/airflow/.local/lib/python3.12/site-packages/airflow/example_dags/example_branch_python_dop_operator_3.py for tasks to queue
[2024-08-01T20:15:26.640+0000] {logging_mixin.py:188} INFO - [2024-08-01T20:15:26.640+0000] {dagbag.py:545} INFO - Filling up the DagBag from /home/airflow/.local/lib/python3.12/site-packages/airflow/example_dags/example_branch_python_dop_operator_3.py
[2024-08-01T20:15:26.649+0000] {processor.py:840} INFO - DAG(s) 'example_branch_dop_operator_v3' retrieved from /home/airflow/.local/lib/python3.12/site-packages/airflow/example_dags/example_branch_python_dop_operator_3.py
[2024-08-01T20:15:26.668+0000] {logging_mixin.py:188} INFO - [2024-08-01T20:15:26.668+0000] {dag.py:3089} INFO - Sync 1 DAGs
[2024-08-01T20:15:26.692+0000] {logging_mixin.py:188} INFO - [2024-08-01T20:15:26.692+0000] {dag.py:3947} INFO - Setting next_dagrun for example_branch_dop_operator_v3 to 2024-08-01 20:14:00+00:00, run_after=2024-08-01 20:15:00+00:00
[2024-08-01T20:15:26.714+0000] {processor.py:183} INFO - Processing /home/airflow/.local/lib/python3.12/site-packages/airflow/example_dags/example_branch_python_dop_operator_3.py took 0.082 seconds
[2024-08-01T20:15:56.736+0000] {processor.py:161} INFO - Started process (PID=614) to work on /home/airflow/.local/lib/python3.12/site-packages/airflow/example_dags/example_branch_python_dop_operator_3.py
[2024-08-01T20:15:56.737+0000] {processor.py:830} INFO - Processing file /home/airflow/.local/lib/python3.12/site-packages/airflow/example_dags/example_branch_python_dop_operator_3.py for tasks to queue
[2024-08-01T20:15:56.739+0000] {logging_mixin.py:188} INFO - [2024-08-01T20:15:56.738+0000] {dagbag.py:545} INFO - Filling up the DagBag from /home/airflow/.local/lib/python3.12/site-packages/airflow/example_dags/example_branch_python_dop_operator_3.py
[2024-08-01T20:15:56.746+0000] {processor.py:840} INFO - DAG(s) 'example_branch_dop_operator_v3' retrieved from /home/airflow/.local/lib/python3.12/site-packages/airflow/example_dags/example_branch_python_dop_operator_3.py
[2024-08-01T20:15:56.764+0000] {logging_mixin.py:188} INFO - [2024-08-01T20:15:56.764+0000] {dag.py:3089} INFO - Sync 1 DAGs
[2024-08-01T20:15:56.785+0000] {logging_mixin.py:188} INFO - [2024-08-01T20:15:56.785+0000] {dag.py:3947} INFO - Setting next_dagrun for example_branch_dop_operator_v3 to 2024-08-01 20:14:00+00:00, run_after=2024-08-01 20:15:00+00:00
[2024-08-01T20:15:56.803+0000] {processor.py:183} INFO - Processing /home/airflow/.local/lib/python3.12/site-packages/airflow/example_dags/example_branch_python_dop_operator_3.py took 0.071 seconds
[2024-08-01T20:16:27.432+0000] {processor.py:161} INFO - Started process (PID=672) to work on /home/airflow/.local/lib/python3.12/site-packages/airflow/example_dags/example_branch_python_dop_operator_3.py
[2024-08-01T20:16:27.434+0000] {processor.py:830} INFO - Processing file /home/airflow/.local/lib/python3.12/site-packages/airflow/example_dags/example_branch_python_dop_operator_3.py for tasks to queue
[2024-08-01T20:16:27.436+0000] {logging_mixin.py:188} INFO - [2024-08-01T20:16:27.435+0000] {dagbag.py:545} INFO - Filling up the DagBag from /home/airflow/.local/lib/python3.12/site-packages/airflow/example_dags/example_branch_python_dop_operator_3.py
[2024-08-01T20:16:27.444+0000] {processor.py:840} INFO - DAG(s) 'example_branch_dop_operator_v3' retrieved from /home/airflow/.local/lib/python3.12/site-packages/airflow/example_dags/example_branch_python_dop_operator_3.py
[2024-08-01T20:16:27.465+0000] {logging_mixin.py:188} INFO - [2024-08-01T20:16:27.465+0000] {dag.py:3089} INFO - Sync 1 DAGs
[2024-08-01T20:16:27.490+0000] {logging_mixin.py:188} INFO - [2024-08-01T20:16:27.490+0000] {dag.py:3947} INFO - Setting next_dagrun for example_branch_dop_operator_v3 to 2024-08-01 20:15:00+00:00, run_after=2024-08-01 20:16:00+00:00
[2024-08-01T20:16:27.513+0000] {processor.py:183} INFO - Processing /home/airflow/.local/lib/python3.12/site-packages/airflow/example_dags/example_branch_python_dop_operator_3.py took 0.088 seconds
