[2024-08-01T20:02:18.969+0000] {processor.py:161} INFO - Started process (PID=75) to work on /home/airflow/.local/lib/python3.12/site-packages/airflow/example_dags/example_python_operator.py
[2024-08-01T20:02:18.999+0000] {processor.py:830} INFO - Processing file /home/airflow/.local/lib/python3.12/site-packages/airflow/example_dags/example_python_operator.py for tasks to queue
[2024-08-01T20:02:19.002+0000] {logging_mixin.py:188} INFO - [2024-08-01T20:02:19.002+0000] {dagbag.py:545} INFO - Filling up the DagBag from /home/airflow/.local/lib/python3.12/site-packages/airflow/example_dags/example_python_operator.py
[2024-08-01T20:02:19.040+0000] {processor.py:840} INFO - DAG(s) 'example_python_operator' retrieved from /home/airflow/.local/lib/python3.12/site-packages/airflow/example_dags/example_python_operator.py
[2024-08-01T20:02:20.191+0000] {logging_mixin.py:188} INFO - [2024-08-01T20:02:20.191+0000] {dag.py:3089} INFO - Sync 1 DAGs
[2024-08-01T20:02:20.230+0000] {logging_mixin.py:188} INFO - [2024-08-01T20:02:20.230+0000] {dag.py:3947} INFO - Setting next_dagrun for example_python_operator to None, run_after=None
[2024-08-01T20:02:20.314+0000] {processor.py:183} INFO - Processing /home/airflow/.local/lib/python3.12/site-packages/airflow/example_dags/example_python_operator.py took 1.396 seconds
[2024-08-01T20:02:51.187+0000] {processor.py:161} INFO - Started process (PID=133) to work on /home/airflow/.local/lib/python3.12/site-packages/airflow/example_dags/example_python_operator.py
[2024-08-01T20:02:51.188+0000] {processor.py:830} INFO - Processing file /home/airflow/.local/lib/python3.12/site-packages/airflow/example_dags/example_python_operator.py for tasks to queue
[2024-08-01T20:02:51.189+0000] {logging_mixin.py:188} INFO - [2024-08-01T20:02:51.189+0000] {dagbag.py:545} INFO - Filling up the DagBag from /home/airflow/.local/lib/python3.12/site-packages/airflow/example_dags/example_python_operator.py
[2024-08-01T20:02:51.198+0000] {processor.py:840} INFO - DAG(s) 'example_python_operator' retrieved from /home/airflow/.local/lib/python3.12/site-packages/airflow/example_dags/example_python_operator.py
[2024-08-01T20:02:51.221+0000] {logging_mixin.py:188} INFO - [2024-08-01T20:02:51.221+0000] {dag.py:3089} INFO - Sync 1 DAGs
[2024-08-01T20:02:51.236+0000] {logging_mixin.py:188} INFO - [2024-08-01T20:02:51.235+0000] {dag.py:3947} INFO - Setting next_dagrun for example_python_operator to None, run_after=None
[2024-08-01T20:02:51.253+0000] {processor.py:183} INFO - Processing /home/airflow/.local/lib/python3.12/site-packages/airflow/example_dags/example_python_operator.py took 0.071 seconds
[2024-08-01T20:03:21.739+0000] {processor.py:161} INFO - Started process (PID=191) to work on /home/airflow/.local/lib/python3.12/site-packages/airflow/example_dags/example_python_operator.py
[2024-08-01T20:03:21.743+0000] {processor.py:830} INFO - Processing file /home/airflow/.local/lib/python3.12/site-packages/airflow/example_dags/example_python_operator.py for tasks to queue
[2024-08-01T20:03:21.745+0000] {logging_mixin.py:188} INFO - [2024-08-01T20:03:21.744+0000] {dagbag.py:545} INFO - Filling up the DagBag from /home/airflow/.local/lib/python3.12/site-packages/airflow/example_dags/example_python_operator.py
[2024-08-01T20:03:21.756+0000] {processor.py:840} INFO - DAG(s) 'example_python_operator' retrieved from /home/airflow/.local/lib/python3.12/site-packages/airflow/example_dags/example_python_operator.py
[2024-08-01T20:03:21.780+0000] {logging_mixin.py:188} INFO - [2024-08-01T20:03:21.780+0000] {dag.py:3089} INFO - Sync 1 DAGs
[2024-08-01T20:03:21.794+0000] {logging_mixin.py:188} INFO - [2024-08-01T20:03:21.793+0000] {dag.py:3947} INFO - Setting next_dagrun for example_python_operator to None, run_after=None
[2024-08-01T20:03:21.827+0000] {processor.py:183} INFO - Processing /home/airflow/.local/lib/python3.12/site-packages/airflow/example_dags/example_python_operator.py took 0.094 seconds
[2024-08-01T20:03:52.242+0000] {processor.py:161} INFO - Started process (PID=249) to work on /home/airflow/.local/lib/python3.12/site-packages/airflow/example_dags/example_python_operator.py
[2024-08-01T20:03:52.243+0000] {processor.py:830} INFO - Processing file /home/airflow/.local/lib/python3.12/site-packages/airflow/example_dags/example_python_operator.py for tasks to queue
[2024-08-01T20:03:52.244+0000] {logging_mixin.py:188} INFO - [2024-08-01T20:03:52.244+0000] {dagbag.py:545} INFO - Filling up the DagBag from /home/airflow/.local/lib/python3.12/site-packages/airflow/example_dags/example_python_operator.py
[2024-08-01T20:03:52.252+0000] {processor.py:840} INFO - DAG(s) 'example_python_operator' retrieved from /home/airflow/.local/lib/python3.12/site-packages/airflow/example_dags/example_python_operator.py
[2024-08-01T20:03:52.272+0000] {logging_mixin.py:188} INFO - [2024-08-01T20:03:52.271+0000] {dag.py:3089} INFO - Sync 1 DAGs
[2024-08-01T20:03:52.283+0000] {logging_mixin.py:188} INFO - [2024-08-01T20:03:52.283+0000] {dag.py:3947} INFO - Setting next_dagrun for example_python_operator to None, run_after=None
[2024-08-01T20:03:52.301+0000] {processor.py:183} INFO - Processing /home/airflow/.local/lib/python3.12/site-packages/airflow/example_dags/example_python_operator.py took 0.064 seconds
[2024-08-01T20:04:22.748+0000] {processor.py:161} INFO - Started process (PID=307) to work on /home/airflow/.local/lib/python3.12/site-packages/airflow/example_dags/example_python_operator.py
[2024-08-01T20:04:22.749+0000] {processor.py:830} INFO - Processing file /home/airflow/.local/lib/python3.12/site-packages/airflow/example_dags/example_python_operator.py for tasks to queue
[2024-08-01T20:04:22.752+0000] {logging_mixin.py:188} INFO - [2024-08-01T20:04:22.752+0000] {dagbag.py:545} INFO - Filling up the DagBag from /home/airflow/.local/lib/python3.12/site-packages/airflow/example_dags/example_python_operator.py
[2024-08-01T20:04:22.762+0000] {processor.py:840} INFO - DAG(s) 'example_python_operator' retrieved from /home/airflow/.local/lib/python3.12/site-packages/airflow/example_dags/example_python_operator.py
[2024-08-01T20:04:22.783+0000] {logging_mixin.py:188} INFO - [2024-08-01T20:04:22.782+0000] {dag.py:3089} INFO - Sync 1 DAGs
[2024-08-01T20:04:22.794+0000] {logging_mixin.py:188} INFO - [2024-08-01T20:04:22.794+0000] {dag.py:3947} INFO - Setting next_dagrun for example_python_operator to None, run_after=None
[2024-08-01T20:04:22.813+0000] {processor.py:183} INFO - Processing /home/airflow/.local/lib/python3.12/site-packages/airflow/example_dags/example_python_operator.py took 0.070 seconds
[2024-08-01T20:04:53.290+0000] {processor.py:161} INFO - Started process (PID=365) to work on /home/airflow/.local/lib/python3.12/site-packages/airflow/example_dags/example_python_operator.py
[2024-08-01T20:04:53.291+0000] {processor.py:830} INFO - Processing file /home/airflow/.local/lib/python3.12/site-packages/airflow/example_dags/example_python_operator.py for tasks to queue
[2024-08-01T20:04:53.292+0000] {logging_mixin.py:188} INFO - [2024-08-01T20:04:53.292+0000] {dagbag.py:545} INFO - Filling up the DagBag from /home/airflow/.local/lib/python3.12/site-packages/airflow/example_dags/example_python_operator.py
[2024-08-01T20:04:53.302+0000] {processor.py:840} INFO - DAG(s) 'example_python_operator' retrieved from /home/airflow/.local/lib/python3.12/site-packages/airflow/example_dags/example_python_operator.py
[2024-08-01T20:04:53.324+0000] {logging_mixin.py:188} INFO - [2024-08-01T20:04:53.323+0000] {dag.py:3089} INFO - Sync 1 DAGs
[2024-08-01T20:04:53.337+0000] {logging_mixin.py:188} INFO - [2024-08-01T20:04:53.337+0000] {dag.py:3947} INFO - Setting next_dagrun for example_python_operator to None, run_after=None
[2024-08-01T20:04:53.359+0000] {processor.py:183} INFO - Processing /home/airflow/.local/lib/python3.12/site-packages/airflow/example_dags/example_python_operator.py took 0.074 seconds
[2024-08-01T20:05:23.992+0000] {processor.py:161} INFO - Started process (PID=423) to work on /home/airflow/.local/lib/python3.12/site-packages/airflow/example_dags/example_python_operator.py
[2024-08-01T20:05:23.993+0000] {processor.py:830} INFO - Processing file /home/airflow/.local/lib/python3.12/site-packages/airflow/example_dags/example_python_operator.py for tasks to queue
[2024-08-01T20:05:23.994+0000] {logging_mixin.py:188} INFO - [2024-08-01T20:05:23.994+0000] {dagbag.py:545} INFO - Filling up the DagBag from /home/airflow/.local/lib/python3.12/site-packages/airflow/example_dags/example_python_operator.py
[2024-08-01T20:05:24.003+0000] {processor.py:840} INFO - DAG(s) 'example_python_operator' retrieved from /home/airflow/.local/lib/python3.12/site-packages/airflow/example_dags/example_python_operator.py
[2024-08-01T20:05:24.023+0000] {logging_mixin.py:188} INFO - [2024-08-01T20:05:24.023+0000] {dag.py:3089} INFO - Sync 1 DAGs
[2024-08-01T20:05:24.035+0000] {logging_mixin.py:188} INFO - [2024-08-01T20:05:24.034+0000] {dag.py:3947} INFO - Setting next_dagrun for example_python_operator to None, run_after=None
[2024-08-01T20:05:24.055+0000] {processor.py:183} INFO - Processing /home/airflow/.local/lib/python3.12/site-packages/airflow/example_dags/example_python_operator.py took 0.067 seconds
[2024-08-01T20:05:54.342+0000] {processor.py:161} INFO - Started process (PID=481) to work on /home/airflow/.local/lib/python3.12/site-packages/airflow/example_dags/example_python_operator.py
[2024-08-01T20:05:54.344+0000] {processor.py:830} INFO - Processing file /home/airflow/.local/lib/python3.12/site-packages/airflow/example_dags/example_python_operator.py for tasks to queue
[2024-08-01T20:05:54.346+0000] {logging_mixin.py:188} INFO - [2024-08-01T20:05:54.346+0000] {dagbag.py:545} INFO - Filling up the DagBag from /home/airflow/.local/lib/python3.12/site-packages/airflow/example_dags/example_python_operator.py
[2024-08-01T20:05:54.357+0000] {processor.py:840} INFO - DAG(s) 'example_python_operator' retrieved from /home/airflow/.local/lib/python3.12/site-packages/airflow/example_dags/example_python_operator.py
[2024-08-01T20:05:54.379+0000] {logging_mixin.py:188} INFO - [2024-08-01T20:05:54.379+0000] {dag.py:3089} INFO - Sync 1 DAGs
[2024-08-01T20:05:54.393+0000] {logging_mixin.py:188} INFO - [2024-08-01T20:05:54.393+0000] {dag.py:3947} INFO - Setting next_dagrun for example_python_operator to None, run_after=None
[2024-08-01T20:05:54.412+0000] {processor.py:183} INFO - Processing /home/airflow/.local/lib/python3.12/site-packages/airflow/example_dags/example_python_operator.py took 0.075 seconds
[2024-08-01T20:06:34.848+0000] {processor.py:161} INFO - Started process (PID=69) to work on /home/airflow/.local/lib/python3.12/site-packages/airflow/example_dags/example_python_operator.py
[2024-08-01T20:06:34.849+0000] {processor.py:830} INFO - Processing file /home/airflow/.local/lib/python3.12/site-packages/airflow/example_dags/example_python_operator.py for tasks to queue
[2024-08-01T20:06:34.851+0000] {logging_mixin.py:188} INFO - [2024-08-01T20:06:34.850+0000] {dagbag.py:545} INFO - Filling up the DagBag from /home/airflow/.local/lib/python3.12/site-packages/airflow/example_dags/example_python_operator.py
[2024-08-01T20:06:34.861+0000] {processor.py:840} INFO - DAG(s) 'example_python_operator' retrieved from /home/airflow/.local/lib/python3.12/site-packages/airflow/example_dags/example_python_operator.py
[2024-08-01T20:06:34.971+0000] {logging_mixin.py:188} INFO - [2024-08-01T20:06:34.971+0000] {dag.py:3089} INFO - Sync 1 DAGs
[2024-08-01T20:06:34.985+0000] {logging_mixin.py:188} INFO - [2024-08-01T20:06:34.985+0000] {dag.py:3947} INFO - Setting next_dagrun for example_python_operator to None, run_after=None
[2024-08-01T20:06:35.013+0000] {processor.py:183} INFO - Processing /home/airflow/.local/lib/python3.12/site-packages/airflow/example_dags/example_python_operator.py took 0.170 seconds
[2024-08-01T20:07:06.015+0000] {processor.py:161} INFO - Started process (PID=127) to work on /home/airflow/.local/lib/python3.12/site-packages/airflow/example_dags/example_python_operator.py
[2024-08-01T20:07:06.016+0000] {processor.py:830} INFO - Processing file /home/airflow/.local/lib/python3.12/site-packages/airflow/example_dags/example_python_operator.py for tasks to queue
[2024-08-01T20:07:06.018+0000] {logging_mixin.py:188} INFO - [2024-08-01T20:07:06.018+0000] {dagbag.py:545} INFO - Filling up the DagBag from /home/airflow/.local/lib/python3.12/site-packages/airflow/example_dags/example_python_operator.py
[2024-08-01T20:07:06.030+0000] {processor.py:840} INFO - DAG(s) 'example_python_operator' retrieved from /home/airflow/.local/lib/python3.12/site-packages/airflow/example_dags/example_python_operator.py
[2024-08-01T20:07:06.054+0000] {logging_mixin.py:188} INFO - [2024-08-01T20:07:06.054+0000] {dag.py:3089} INFO - Sync 1 DAGs
[2024-08-01T20:07:06.069+0000] {logging_mixin.py:188} INFO - [2024-08-01T20:07:06.068+0000] {dag.py:3947} INFO - Setting next_dagrun for example_python_operator to None, run_after=None
[2024-08-01T20:07:06.091+0000] {processor.py:183} INFO - Processing /home/airflow/.local/lib/python3.12/site-packages/airflow/example_dags/example_python_operator.py took 0.081 seconds
[2024-08-01T20:07:36.968+0000] {processor.py:161} INFO - Started process (PID=185) to work on /home/airflow/.local/lib/python3.12/site-packages/airflow/example_dags/example_python_operator.py
[2024-08-01T20:07:36.969+0000] {processor.py:830} INFO - Processing file /home/airflow/.local/lib/python3.12/site-packages/airflow/example_dags/example_python_operator.py for tasks to queue
[2024-08-01T20:07:36.971+0000] {logging_mixin.py:188} INFO - [2024-08-01T20:07:36.971+0000] {dagbag.py:545} INFO - Filling up the DagBag from /home/airflow/.local/lib/python3.12/site-packages/airflow/example_dags/example_python_operator.py
[2024-08-01T20:07:36.982+0000] {processor.py:840} INFO - DAG(s) 'example_python_operator' retrieved from /home/airflow/.local/lib/python3.12/site-packages/airflow/example_dags/example_python_operator.py
[2024-08-01T20:07:37.005+0000] {logging_mixin.py:188} INFO - [2024-08-01T20:07:37.004+0000] {dag.py:3089} INFO - Sync 1 DAGs
[2024-08-01T20:07:37.019+0000] {logging_mixin.py:188} INFO - [2024-08-01T20:07:37.018+0000] {dag.py:3947} INFO - Setting next_dagrun for example_python_operator to None, run_after=None
[2024-08-01T20:07:37.040+0000] {processor.py:183} INFO - Processing /home/airflow/.local/lib/python3.12/site-packages/airflow/example_dags/example_python_operator.py took 0.077 seconds
[2024-08-01T20:08:07.351+0000] {processor.py:161} INFO - Started process (PID=243) to work on /home/airflow/.local/lib/python3.12/site-packages/airflow/example_dags/example_python_operator.py
[2024-08-01T20:08:07.352+0000] {processor.py:830} INFO - Processing file /home/airflow/.local/lib/python3.12/site-packages/airflow/example_dags/example_python_operator.py for tasks to queue
[2024-08-01T20:08:07.354+0000] {logging_mixin.py:188} INFO - [2024-08-01T20:08:07.353+0000] {dagbag.py:545} INFO - Filling up the DagBag from /home/airflow/.local/lib/python3.12/site-packages/airflow/example_dags/example_python_operator.py
[2024-08-01T20:08:07.363+0000] {processor.py:840} INFO - DAG(s) 'example_python_operator' retrieved from /home/airflow/.local/lib/python3.12/site-packages/airflow/example_dags/example_python_operator.py
[2024-08-01T20:08:07.384+0000] {logging_mixin.py:188} INFO - [2024-08-01T20:08:07.384+0000] {dag.py:3089} INFO - Sync 1 DAGs
[2024-08-01T20:08:07.398+0000] {logging_mixin.py:188} INFO - [2024-08-01T20:08:07.398+0000] {dag.py:3947} INFO - Setting next_dagrun for example_python_operator to None, run_after=None
[2024-08-01T20:08:07.419+0000] {processor.py:183} INFO - Processing /home/airflow/.local/lib/python3.12/site-packages/airflow/example_dags/example_python_operator.py took 0.072 seconds
[2024-08-01T20:08:37.825+0000] {processor.py:161} INFO - Started process (PID=301) to work on /home/airflow/.local/lib/python3.12/site-packages/airflow/example_dags/example_python_operator.py
[2024-08-01T20:08:37.826+0000] {processor.py:830} INFO - Processing file /home/airflow/.local/lib/python3.12/site-packages/airflow/example_dags/example_python_operator.py for tasks to queue
[2024-08-01T20:08:37.828+0000] {logging_mixin.py:188} INFO - [2024-08-01T20:08:37.827+0000] {dagbag.py:545} INFO - Filling up the DagBag from /home/airflow/.local/lib/python3.12/site-packages/airflow/example_dags/example_python_operator.py
[2024-08-01T20:08:37.838+0000] {processor.py:840} INFO - DAG(s) 'example_python_operator' retrieved from /home/airflow/.local/lib/python3.12/site-packages/airflow/example_dags/example_python_operator.py
[2024-08-01T20:08:37.858+0000] {logging_mixin.py:188} INFO - [2024-08-01T20:08:37.858+0000] {dag.py:3089} INFO - Sync 1 DAGs
[2024-08-01T20:08:37.870+0000] {logging_mixin.py:188} INFO - [2024-08-01T20:08:37.869+0000] {dag.py:3947} INFO - Setting next_dagrun for example_python_operator to None, run_after=None
[2024-08-01T20:08:37.891+0000] {processor.py:183} INFO - Processing /home/airflow/.local/lib/python3.12/site-packages/airflow/example_dags/example_python_operator.py took 0.071 seconds
[2024-08-01T20:09:08.136+0000] {processor.py:161} INFO - Started process (PID=359) to work on /home/airflow/.local/lib/python3.12/site-packages/airflow/example_dags/example_python_operator.py
[2024-08-01T20:09:08.137+0000] {processor.py:830} INFO - Processing file /home/airflow/.local/lib/python3.12/site-packages/airflow/example_dags/example_python_operator.py for tasks to queue
[2024-08-01T20:09:08.139+0000] {logging_mixin.py:188} INFO - [2024-08-01T20:09:08.139+0000] {dagbag.py:545} INFO - Filling up the DagBag from /home/airflow/.local/lib/python3.12/site-packages/airflow/example_dags/example_python_operator.py
[2024-08-01T20:09:08.148+0000] {processor.py:840} INFO - DAG(s) 'example_python_operator' retrieved from /home/airflow/.local/lib/python3.12/site-packages/airflow/example_dags/example_python_operator.py
[2024-08-01T20:09:08.168+0000] {logging_mixin.py:188} INFO - [2024-08-01T20:09:08.167+0000] {dag.py:3089} INFO - Sync 1 DAGs
[2024-08-01T20:09:08.179+0000] {logging_mixin.py:188} INFO - [2024-08-01T20:09:08.178+0000] {dag.py:3947} INFO - Setting next_dagrun for example_python_operator to None, run_after=None
[2024-08-01T20:09:08.198+0000] {processor.py:183} INFO - Processing /home/airflow/.local/lib/python3.12/site-packages/airflow/example_dags/example_python_operator.py took 0.067 seconds
[2024-08-01T20:11:20.320+0000] {processor.py:161} INFO - Started process (PID=73) to work on /home/airflow/.local/lib/python3.12/site-packages/airflow/example_dags/example_python_operator.py
[2024-08-01T20:11:20.322+0000] {processor.py:830} INFO - Processing file /home/airflow/.local/lib/python3.12/site-packages/airflow/example_dags/example_python_operator.py for tasks to queue
[2024-08-01T20:11:20.325+0000] {logging_mixin.py:188} INFO - [2024-08-01T20:11:20.324+0000] {dagbag.py:545} INFO - Filling up the DagBag from /home/airflow/.local/lib/python3.12/site-packages/airflow/example_dags/example_python_operator.py
[2024-08-01T20:11:20.343+0000] {processor.py:840} INFO - DAG(s) 'example_python_operator' retrieved from /home/airflow/.local/lib/python3.12/site-packages/airflow/example_dags/example_python_operator.py
[2024-08-01T20:11:20.371+0000] {logging_mixin.py:188} INFO - [2024-08-01T20:11:20.370+0000] {dag.py:3089} INFO - Sync 1 DAGs
[2024-08-01T20:11:20.391+0000] {logging_mixin.py:188} INFO - [2024-08-01T20:11:20.391+0000] {dag.py:3947} INFO - Setting next_dagrun for example_python_operator to None, run_after=None
[2024-08-01T20:11:20.429+0000] {processor.py:183} INFO - Processing /home/airflow/.local/lib/python3.12/site-packages/airflow/example_dags/example_python_operator.py took 0.121 seconds
[2024-08-01T20:11:50.912+0000] {processor.py:161} INFO - Started process (PID=125) to work on /home/airflow/.local/lib/python3.12/site-packages/airflow/example_dags/example_python_operator.py
[2024-08-01T20:11:50.913+0000] {processor.py:830} INFO - Processing file /home/airflow/.local/lib/python3.12/site-packages/airflow/example_dags/example_python_operator.py for tasks to queue
[2024-08-01T20:11:50.914+0000] {logging_mixin.py:188} INFO - [2024-08-01T20:11:50.914+0000] {dagbag.py:545} INFO - Filling up the DagBag from /home/airflow/.local/lib/python3.12/site-packages/airflow/example_dags/example_python_operator.py
[2024-08-01T20:11:50.924+0000] {processor.py:840} INFO - DAG(s) 'example_python_operator' retrieved from /home/airflow/.local/lib/python3.12/site-packages/airflow/example_dags/example_python_operator.py
[2024-08-01T20:11:51.031+0000] {logging_mixin.py:188} INFO - [2024-08-01T20:11:51.031+0000] {dag.py:3089} INFO - Sync 1 DAGs
[2024-08-01T20:11:51.044+0000] {logging_mixin.py:188} INFO - [2024-08-01T20:11:51.044+0000] {dag.py:3947} INFO - Setting next_dagrun for example_python_operator to None, run_after=None
[2024-08-01T20:11:51.065+0000] {processor.py:183} INFO - Processing /home/airflow/.local/lib/python3.12/site-packages/airflow/example_dags/example_python_operator.py took 0.159 seconds
[2024-08-01T20:12:21.591+0000] {processor.py:161} INFO - Started process (PID=189) to work on /home/airflow/.local/lib/python3.12/site-packages/airflow/example_dags/example_python_operator.py
[2024-08-01T20:12:21.592+0000] {processor.py:830} INFO - Processing file /home/airflow/.local/lib/python3.12/site-packages/airflow/example_dags/example_python_operator.py for tasks to queue
[2024-08-01T20:12:21.594+0000] {logging_mixin.py:188} INFO - [2024-08-01T20:12:21.593+0000] {dagbag.py:545} INFO - Filling up the DagBag from /home/airflow/.local/lib/python3.12/site-packages/airflow/example_dags/example_python_operator.py
[2024-08-01T20:12:21.603+0000] {processor.py:840} INFO - DAG(s) 'example_python_operator' retrieved from /home/airflow/.local/lib/python3.12/site-packages/airflow/example_dags/example_python_operator.py
[2024-08-01T20:12:21.626+0000] {logging_mixin.py:188} INFO - [2024-08-01T20:12:21.625+0000] {dag.py:3089} INFO - Sync 1 DAGs
[2024-08-01T20:12:21.639+0000] {logging_mixin.py:188} INFO - [2024-08-01T20:12:21.639+0000] {dag.py:3947} INFO - Setting next_dagrun for example_python_operator to None, run_after=None
[2024-08-01T20:12:21.660+0000] {processor.py:183} INFO - Processing /home/airflow/.local/lib/python3.12/site-packages/airflow/example_dags/example_python_operator.py took 0.074 seconds
[2024-08-01T20:12:52.011+0000] {processor.py:161} INFO - Started process (PID=247) to work on /home/airflow/.local/lib/python3.12/site-packages/airflow/example_dags/example_python_operator.py
[2024-08-01T20:12:52.013+0000] {processor.py:830} INFO - Processing file /home/airflow/.local/lib/python3.12/site-packages/airflow/example_dags/example_python_operator.py for tasks to queue
[2024-08-01T20:12:52.015+0000] {logging_mixin.py:188} INFO - [2024-08-01T20:12:52.014+0000] {dagbag.py:545} INFO - Filling up the DagBag from /home/airflow/.local/lib/python3.12/site-packages/airflow/example_dags/example_python_operator.py
[2024-08-01T20:12:52.023+0000] {processor.py:840} INFO - DAG(s) 'example_python_operator' retrieved from /home/airflow/.local/lib/python3.12/site-packages/airflow/example_dags/example_python_operator.py
[2024-08-01T20:12:52.043+0000] {logging_mixin.py:188} INFO - [2024-08-01T20:12:52.043+0000] {dag.py:3089} INFO - Sync 1 DAGs
[2024-08-01T20:12:52.055+0000] {logging_mixin.py:188} INFO - [2024-08-01T20:12:52.055+0000] {dag.py:3947} INFO - Setting next_dagrun for example_python_operator to None, run_after=None
[2024-08-01T20:12:52.074+0000] {processor.py:183} INFO - Processing /home/airflow/.local/lib/python3.12/site-packages/airflow/example_dags/example_python_operator.py took 0.068 seconds
[2024-08-01T20:13:22.102+0000] {processor.py:161} INFO - Started process (PID=305) to work on /home/airflow/.local/lib/python3.12/site-packages/airflow/example_dags/example_python_operator.py
[2024-08-01T20:13:22.103+0000] {processor.py:830} INFO - Processing file /home/airflow/.local/lib/python3.12/site-packages/airflow/example_dags/example_python_operator.py for tasks to queue
[2024-08-01T20:13:22.104+0000] {logging_mixin.py:188} INFO - [2024-08-01T20:13:22.104+0000] {dagbag.py:545} INFO - Filling up the DagBag from /home/airflow/.local/lib/python3.12/site-packages/airflow/example_dags/example_python_operator.py
[2024-08-01T20:13:22.114+0000] {processor.py:840} INFO - DAG(s) 'example_python_operator' retrieved from /home/airflow/.local/lib/python3.12/site-packages/airflow/example_dags/example_python_operator.py
[2024-08-01T20:13:22.134+0000] {logging_mixin.py:188} INFO - [2024-08-01T20:13:22.134+0000] {dag.py:3089} INFO - Sync 1 DAGs
[2024-08-01T20:13:22.146+0000] {logging_mixin.py:188} INFO - [2024-08-01T20:13:22.145+0000] {dag.py:3947} INFO - Setting next_dagrun for example_python_operator to None, run_after=None
[2024-08-01T20:13:22.166+0000] {processor.py:183} INFO - Processing /home/airflow/.local/lib/python3.12/site-packages/airflow/example_dags/example_python_operator.py took 0.069 seconds
[2024-08-01T20:13:52.233+0000] {processor.py:161} INFO - Started process (PID=363) to work on /home/airflow/.local/lib/python3.12/site-packages/airflow/example_dags/example_python_operator.py
[2024-08-01T20:13:52.234+0000] {processor.py:830} INFO - Processing file /home/airflow/.local/lib/python3.12/site-packages/airflow/example_dags/example_python_operator.py for tasks to queue
[2024-08-01T20:13:52.235+0000] {logging_mixin.py:188} INFO - [2024-08-01T20:13:52.235+0000] {dagbag.py:545} INFO - Filling up the DagBag from /home/airflow/.local/lib/python3.12/site-packages/airflow/example_dags/example_python_operator.py
[2024-08-01T20:13:52.244+0000] {processor.py:840} INFO - DAG(s) 'example_python_operator' retrieved from /home/airflow/.local/lib/python3.12/site-packages/airflow/example_dags/example_python_operator.py
[2024-08-01T20:13:52.265+0000] {logging_mixin.py:188} INFO - [2024-08-01T20:13:52.265+0000] {dag.py:3089} INFO - Sync 1 DAGs
[2024-08-01T20:13:52.277+0000] {logging_mixin.py:188} INFO - [2024-08-01T20:13:52.277+0000] {dag.py:3947} INFO - Setting next_dagrun for example_python_operator to None, run_after=None
[2024-08-01T20:13:52.298+0000] {processor.py:183} INFO - Processing /home/airflow/.local/lib/python3.12/site-packages/airflow/example_dags/example_python_operator.py took 0.070 seconds
[2024-08-01T20:14:22.660+0000] {processor.py:161} INFO - Started process (PID=420) to work on /home/airflow/.local/lib/python3.12/site-packages/airflow/example_dags/example_python_operator.py
[2024-08-01T20:14:22.661+0000] {processor.py:830} INFO - Processing file /home/airflow/.local/lib/python3.12/site-packages/airflow/example_dags/example_python_operator.py for tasks to queue
[2024-08-01T20:14:22.663+0000] {logging_mixin.py:188} INFO - [2024-08-01T20:14:22.663+0000] {dagbag.py:545} INFO - Filling up the DagBag from /home/airflow/.local/lib/python3.12/site-packages/airflow/example_dags/example_python_operator.py
[2024-08-01T20:14:22.673+0000] {processor.py:840} INFO - DAG(s) 'example_python_operator' retrieved from /home/airflow/.local/lib/python3.12/site-packages/airflow/example_dags/example_python_operator.py
[2024-08-01T20:14:22.695+0000] {logging_mixin.py:188} INFO - [2024-08-01T20:14:22.695+0000] {dag.py:3089} INFO - Sync 1 DAGs
[2024-08-01T20:14:22.709+0000] {logging_mixin.py:188} INFO - [2024-08-01T20:14:22.709+0000] {dag.py:3947} INFO - Setting next_dagrun for example_python_operator to None, run_after=None
[2024-08-01T20:14:22.736+0000] {processor.py:183} INFO - Processing /home/airflow/.local/lib/python3.12/site-packages/airflow/example_dags/example_python_operator.py took 0.081 seconds
[2024-08-01T20:14:53.400+0000] {processor.py:161} INFO - Started process (PID=479) to work on /home/airflow/.local/lib/python3.12/site-packages/airflow/example_dags/example_python_operator.py
[2024-08-01T20:14:53.401+0000] {processor.py:830} INFO - Processing file /home/airflow/.local/lib/python3.12/site-packages/airflow/example_dags/example_python_operator.py for tasks to queue
[2024-08-01T20:14:53.403+0000] {logging_mixin.py:188} INFO - [2024-08-01T20:14:53.403+0000] {dagbag.py:545} INFO - Filling up the DagBag from /home/airflow/.local/lib/python3.12/site-packages/airflow/example_dags/example_python_operator.py
[2024-08-01T20:14:53.414+0000] {processor.py:840} INFO - DAG(s) 'example_python_operator' retrieved from /home/airflow/.local/lib/python3.12/site-packages/airflow/example_dags/example_python_operator.py
[2024-08-01T20:14:53.437+0000] {logging_mixin.py:188} INFO - [2024-08-01T20:14:53.437+0000] {dag.py:3089} INFO - Sync 1 DAGs
[2024-08-01T20:14:53.448+0000] {logging_mixin.py:188} INFO - [2024-08-01T20:14:53.448+0000] {dag.py:3947} INFO - Setting next_dagrun for example_python_operator to None, run_after=None
[2024-08-01T20:14:53.470+0000] {processor.py:183} INFO - Processing /home/airflow/.local/lib/python3.12/site-packages/airflow/example_dags/example_python_operator.py took 0.075 seconds
[2024-08-01T20:15:23.514+0000] {processor.py:161} INFO - Started process (PID=537) to work on /home/airflow/.local/lib/python3.12/site-packages/airflow/example_dags/example_python_operator.py
[2024-08-01T20:15:23.515+0000] {processor.py:830} INFO - Processing file /home/airflow/.local/lib/python3.12/site-packages/airflow/example_dags/example_python_operator.py for tasks to queue
[2024-08-01T20:15:23.516+0000] {logging_mixin.py:188} INFO - [2024-08-01T20:15:23.516+0000] {dagbag.py:545} INFO - Filling up the DagBag from /home/airflow/.local/lib/python3.12/site-packages/airflow/example_dags/example_python_operator.py
[2024-08-01T20:15:23.525+0000] {processor.py:840} INFO - DAG(s) 'example_python_operator' retrieved from /home/airflow/.local/lib/python3.12/site-packages/airflow/example_dags/example_python_operator.py
[2024-08-01T20:15:23.544+0000] {logging_mixin.py:188} INFO - [2024-08-01T20:15:23.544+0000] {dag.py:3089} INFO - Sync 1 DAGs
[2024-08-01T20:15:23.555+0000] {logging_mixin.py:188} INFO - [2024-08-01T20:15:23.555+0000] {dag.py:3947} INFO - Setting next_dagrun for example_python_operator to None, run_after=None
[2024-08-01T20:15:23.575+0000] {processor.py:183} INFO - Processing /home/airflow/.local/lib/python3.12/site-packages/airflow/example_dags/example_python_operator.py took 0.066 seconds
[2024-08-01T20:15:53.793+0000] {processor.py:161} INFO - Started process (PID=595) to work on /home/airflow/.local/lib/python3.12/site-packages/airflow/example_dags/example_python_operator.py
[2024-08-01T20:15:53.794+0000] {processor.py:830} INFO - Processing file /home/airflow/.local/lib/python3.12/site-packages/airflow/example_dags/example_python_operator.py for tasks to queue
[2024-08-01T20:15:53.796+0000] {logging_mixin.py:188} INFO - [2024-08-01T20:15:53.795+0000] {dagbag.py:545} INFO - Filling up the DagBag from /home/airflow/.local/lib/python3.12/site-packages/airflow/example_dags/example_python_operator.py
[2024-08-01T20:15:53.805+0000] {processor.py:840} INFO - DAG(s) 'example_python_operator' retrieved from /home/airflow/.local/lib/python3.12/site-packages/airflow/example_dags/example_python_operator.py
[2024-08-01T20:15:53.826+0000] {logging_mixin.py:188} INFO - [2024-08-01T20:15:53.825+0000] {dag.py:3089} INFO - Sync 1 DAGs
[2024-08-01T20:15:53.837+0000] {logging_mixin.py:188} INFO - [2024-08-01T20:15:53.837+0000] {dag.py:3947} INFO - Setting next_dagrun for example_python_operator to None, run_after=None
[2024-08-01T20:15:53.857+0000] {processor.py:183} INFO - Processing /home/airflow/.local/lib/python3.12/site-packages/airflow/example_dags/example_python_operator.py took 0.068 seconds
[2024-08-01T20:16:24.329+0000] {processor.py:161} INFO - Started process (PID=653) to work on /home/airflow/.local/lib/python3.12/site-packages/airflow/example_dags/example_python_operator.py
[2024-08-01T20:16:24.330+0000] {processor.py:830} INFO - Processing file /home/airflow/.local/lib/python3.12/site-packages/airflow/example_dags/example_python_operator.py for tasks to queue
[2024-08-01T20:16:24.332+0000] {logging_mixin.py:188} INFO - [2024-08-01T20:16:24.331+0000] {dagbag.py:545} INFO - Filling up the DagBag from /home/airflow/.local/lib/python3.12/site-packages/airflow/example_dags/example_python_operator.py
[2024-08-01T20:16:24.341+0000] {processor.py:840} INFO - DAG(s) 'example_python_operator' retrieved from /home/airflow/.local/lib/python3.12/site-packages/airflow/example_dags/example_python_operator.py
[2024-08-01T20:16:24.365+0000] {logging_mixin.py:188} INFO - [2024-08-01T20:16:24.365+0000] {dag.py:3089} INFO - Sync 1 DAGs
[2024-08-01T20:16:24.378+0000] {logging_mixin.py:188} INFO - [2024-08-01T20:16:24.377+0000] {dag.py:3947} INFO - Setting next_dagrun for example_python_operator to None, run_after=None
[2024-08-01T20:16:24.411+0000] {processor.py:183} INFO - Processing /home/airflow/.local/lib/python3.12/site-packages/airflow/example_dags/example_python_operator.py took 0.086 seconds
