[2024-08-01T20:02:21.068+0000] {processor.py:161} INFO - Started process (PID=83) to work on /home/airflow/.local/lib/python3.12/site-packages/airflow/example_dags/example_xcomargs.py
[2024-08-01T20:02:21.068+0000] {processor.py:830} INFO - Processing file /home/airflow/.local/lib/python3.12/site-packages/airflow/example_dags/example_xcomargs.py for tasks to queue
[2024-08-01T20:02:21.070+0000] {logging_mixin.py:188} INFO - [2024-08-01T20:02:21.070+0000] {dagbag.py:545} INFO - Filling up the DagBag from /home/airflow/.local/lib/python3.12/site-packages/airflow/example_dags/example_xcomargs.py
[2024-08-01T20:02:21.078+0000] {processor.py:840} INFO - DAG(s) 'example_xcom_args', 'example_xcom_args_with_operators' retrieved from /home/airflow/.local/lib/python3.12/site-packages/airflow/example_dags/example_xcomargs.py
[2024-08-01T20:02:21.219+0000] {logging_mixin.py:188} INFO - [2024-08-01T20:02:21.218+0000] {dag.py:3089} INFO - Sync 2 DAGs
[2024-08-01T20:02:21.234+0000] {logging_mixin.py:188} INFO - [2024-08-01T20:02:21.233+0000] {dag.py:3947} INFO - Setting next_dagrun for example_xcom_args to None, run_after=None
[2024-08-01T20:02:21.237+0000] {logging_mixin.py:188} INFO - [2024-08-01T20:02:21.237+0000] {dag.py:3947} INFO - Setting next_dagrun for example_xcom_args_with_operators to None, run_after=None
[2024-08-01T20:02:21.259+0000] {processor.py:183} INFO - Processing /home/airflow/.local/lib/python3.12/site-packages/airflow/example_dags/example_xcomargs.py took 0.196 seconds
[2024-08-01T20:02:51.928+0000] {processor.py:161} INFO - Started process (PID=141) to work on /home/airflow/.local/lib/python3.12/site-packages/airflow/example_dags/example_xcomargs.py
[2024-08-01T20:02:51.930+0000] {processor.py:830} INFO - Processing file /home/airflow/.local/lib/python3.12/site-packages/airflow/example_dags/example_xcomargs.py for tasks to queue
[2024-08-01T20:02:51.932+0000] {logging_mixin.py:188} INFO - [2024-08-01T20:02:51.932+0000] {dagbag.py:545} INFO - Filling up the DagBag from /home/airflow/.local/lib/python3.12/site-packages/airflow/example_dags/example_xcomargs.py
[2024-08-01T20:02:51.953+0000] {processor.py:840} INFO - DAG(s) 'example_xcom_args_with_operators', 'example_xcom_args' retrieved from /home/airflow/.local/lib/python3.12/site-packages/airflow/example_dags/example_xcomargs.py
[2024-08-01T20:02:51.974+0000] {logging_mixin.py:188} INFO - [2024-08-01T20:02:51.974+0000] {dag.py:3089} INFO - Sync 2 DAGs
[2024-08-01T20:02:51.987+0000] {logging_mixin.py:188} INFO - [2024-08-01T20:02:51.987+0000] {dag.py:3947} INFO - Setting next_dagrun for example_xcom_args to None, run_after=None
[2024-08-01T20:02:51.991+0000] {logging_mixin.py:188} INFO - [2024-08-01T20:02:51.991+0000] {dag.py:3947} INFO - Setting next_dagrun for example_xcom_args_with_operators to None, run_after=None
[2024-08-01T20:02:52.007+0000] {processor.py:183} INFO - Processing /home/airflow/.local/lib/python3.12/site-packages/airflow/example_dags/example_xcomargs.py took 0.083 seconds
[2024-08-01T20:03:22.294+0000] {processor.py:161} INFO - Started process (PID=199) to work on /home/airflow/.local/lib/python3.12/site-packages/airflow/example_dags/example_xcomargs.py
[2024-08-01T20:03:22.295+0000] {processor.py:830} INFO - Processing file /home/airflow/.local/lib/python3.12/site-packages/airflow/example_dags/example_xcomargs.py for tasks to queue
[2024-08-01T20:03:22.297+0000] {logging_mixin.py:188} INFO - [2024-08-01T20:03:22.296+0000] {dagbag.py:545} INFO - Filling up the DagBag from /home/airflow/.local/lib/python3.12/site-packages/airflow/example_dags/example_xcomargs.py
[2024-08-01T20:03:22.304+0000] {processor.py:840} INFO - DAG(s) 'example_xcom_args', 'example_xcom_args_with_operators' retrieved from /home/airflow/.local/lib/python3.12/site-packages/airflow/example_dags/example_xcomargs.py
[2024-08-01T20:03:22.327+0000] {logging_mixin.py:188} INFO - [2024-08-01T20:03:22.326+0000] {dag.py:3089} INFO - Sync 2 DAGs
[2024-08-01T20:03:22.341+0000] {logging_mixin.py:188} INFO - [2024-08-01T20:03:22.341+0000] {dag.py:3947} INFO - Setting next_dagrun for example_xcom_args to None, run_after=None
[2024-08-01T20:03:22.345+0000] {logging_mixin.py:188} INFO - [2024-08-01T20:03:22.345+0000] {dag.py:3947} INFO - Setting next_dagrun for example_xcom_args_with_operators to None, run_after=None
[2024-08-01T20:03:22.365+0000] {processor.py:183} INFO - Processing /home/airflow/.local/lib/python3.12/site-packages/airflow/example_dags/example_xcomargs.py took 0.076 seconds
[2024-08-01T20:03:52.758+0000] {processor.py:161} INFO - Started process (PID=257) to work on /home/airflow/.local/lib/python3.12/site-packages/airflow/example_dags/example_xcomargs.py
[2024-08-01T20:03:52.759+0000] {processor.py:830} INFO - Processing file /home/airflow/.local/lib/python3.12/site-packages/airflow/example_dags/example_xcomargs.py for tasks to queue
[2024-08-01T20:03:52.761+0000] {logging_mixin.py:188} INFO - [2024-08-01T20:03:52.761+0000] {dagbag.py:545} INFO - Filling up the DagBag from /home/airflow/.local/lib/python3.12/site-packages/airflow/example_dags/example_xcomargs.py
[2024-08-01T20:03:52.767+0000] {processor.py:840} INFO - DAG(s) 'example_xcom_args', 'example_xcom_args_with_operators' retrieved from /home/airflow/.local/lib/python3.12/site-packages/airflow/example_dags/example_xcomargs.py
[2024-08-01T20:03:52.789+0000] {logging_mixin.py:188} INFO - [2024-08-01T20:03:52.789+0000] {dag.py:3089} INFO - Sync 2 DAGs
[2024-08-01T20:03:52.801+0000] {logging_mixin.py:188} INFO - [2024-08-01T20:03:52.801+0000] {dag.py:3947} INFO - Setting next_dagrun for example_xcom_args to None, run_after=None
[2024-08-01T20:03:52.804+0000] {logging_mixin.py:188} INFO - [2024-08-01T20:03:52.804+0000] {dag.py:3947} INFO - Setting next_dagrun for example_xcom_args_with_operators to None, run_after=None
[2024-08-01T20:03:52.822+0000] {processor.py:183} INFO - Processing /home/airflow/.local/lib/python3.12/site-packages/airflow/example_dags/example_xcomargs.py took 0.068 seconds
[2024-08-01T20:04:23.212+0000] {processor.py:161} INFO - Started process (PID=315) to work on /home/airflow/.local/lib/python3.12/site-packages/airflow/example_dags/example_xcomargs.py
[2024-08-01T20:04:23.240+0000] {processor.py:830} INFO - Processing file /home/airflow/.local/lib/python3.12/site-packages/airflow/example_dags/example_xcomargs.py for tasks to queue
[2024-08-01T20:04:23.241+0000] {logging_mixin.py:188} INFO - [2024-08-01T20:04:23.241+0000] {dagbag.py:545} INFO - Filling up the DagBag from /home/airflow/.local/lib/python3.12/site-packages/airflow/example_dags/example_xcomargs.py
[2024-08-01T20:04:23.248+0000] {processor.py:840} INFO - DAG(s) 'example_xcom_args_with_operators', 'example_xcom_args' retrieved from /home/airflow/.local/lib/python3.12/site-packages/airflow/example_dags/example_xcomargs.py
[2024-08-01T20:04:23.271+0000] {logging_mixin.py:188} INFO - [2024-08-01T20:04:23.271+0000] {dag.py:3089} INFO - Sync 2 DAGs
[2024-08-01T20:04:23.284+0000] {logging_mixin.py:188} INFO - [2024-08-01T20:04:23.283+0000] {dag.py:3947} INFO - Setting next_dagrun for example_xcom_args to None, run_after=None
[2024-08-01T20:04:23.287+0000] {logging_mixin.py:188} INFO - [2024-08-01T20:04:23.287+0000] {dag.py:3947} INFO - Setting next_dagrun for example_xcom_args_with_operators to None, run_after=None
[2024-08-01T20:04:23.305+0000] {processor.py:183} INFO - Processing /home/airflow/.local/lib/python3.12/site-packages/airflow/example_dags/example_xcomargs.py took 0.098 seconds
[2024-08-01T20:04:53.775+0000] {processor.py:161} INFO - Started process (PID=373) to work on /home/airflow/.local/lib/python3.12/site-packages/airflow/example_dags/example_xcomargs.py
[2024-08-01T20:04:53.776+0000] {processor.py:830} INFO - Processing file /home/airflow/.local/lib/python3.12/site-packages/airflow/example_dags/example_xcomargs.py for tasks to queue
[2024-08-01T20:04:53.777+0000] {logging_mixin.py:188} INFO - [2024-08-01T20:04:53.777+0000] {dagbag.py:545} INFO - Filling up the DagBag from /home/airflow/.local/lib/python3.12/site-packages/airflow/example_dags/example_xcomargs.py
[2024-08-01T20:04:53.784+0000] {processor.py:840} INFO - DAG(s) 'example_xcom_args_with_operators', 'example_xcom_args' retrieved from /home/airflow/.local/lib/python3.12/site-packages/airflow/example_dags/example_xcomargs.py
[2024-08-01T20:04:53.803+0000] {logging_mixin.py:188} INFO - [2024-08-01T20:04:53.803+0000] {dag.py:3089} INFO - Sync 2 DAGs
[2024-08-01T20:04:53.815+0000] {logging_mixin.py:188} INFO - [2024-08-01T20:04:53.815+0000] {dag.py:3947} INFO - Setting next_dagrun for example_xcom_args to None, run_after=None
[2024-08-01T20:04:53.818+0000] {logging_mixin.py:188} INFO - [2024-08-01T20:04:53.818+0000] {dag.py:3947} INFO - Setting next_dagrun for example_xcom_args_with_operators to None, run_after=None
[2024-08-01T20:04:53.836+0000] {processor.py:183} INFO - Processing /home/airflow/.local/lib/python3.12/site-packages/airflow/example_dags/example_xcomargs.py took 0.065 seconds
[2024-08-01T20:05:24.519+0000] {processor.py:161} INFO - Started process (PID=431) to work on /home/airflow/.local/lib/python3.12/site-packages/airflow/example_dags/example_xcomargs.py
[2024-08-01T20:05:24.520+0000] {processor.py:830} INFO - Processing file /home/airflow/.local/lib/python3.12/site-packages/airflow/example_dags/example_xcomargs.py for tasks to queue
[2024-08-01T20:05:24.521+0000] {logging_mixin.py:188} INFO - [2024-08-01T20:05:24.521+0000] {dagbag.py:545} INFO - Filling up the DagBag from /home/airflow/.local/lib/python3.12/site-packages/airflow/example_dags/example_xcomargs.py
[2024-08-01T20:05:24.528+0000] {processor.py:840} INFO - DAG(s) 'example_xcom_args_with_operators', 'example_xcom_args' retrieved from /home/airflow/.local/lib/python3.12/site-packages/airflow/example_dags/example_xcomargs.py
[2024-08-01T20:05:24.550+0000] {logging_mixin.py:188} INFO - [2024-08-01T20:05:24.550+0000] {dag.py:3089} INFO - Sync 2 DAGs
[2024-08-01T20:05:24.563+0000] {logging_mixin.py:188} INFO - [2024-08-01T20:05:24.562+0000] {dag.py:3947} INFO - Setting next_dagrun for example_xcom_args to None, run_after=None
[2024-08-01T20:05:24.566+0000] {logging_mixin.py:188} INFO - [2024-08-01T20:05:24.566+0000] {dag.py:3947} INFO - Setting next_dagrun for example_xcom_args_with_operators to None, run_after=None
[2024-08-01T20:05:24.618+0000] {processor.py:183} INFO - Processing /home/airflow/.local/lib/python3.12/site-packages/airflow/example_dags/example_xcomargs.py took 0.103 seconds
[2024-08-01T20:05:54.948+0000] {processor.py:161} INFO - Started process (PID=489) to work on /home/airflow/.local/lib/python3.12/site-packages/airflow/example_dags/example_xcomargs.py
[2024-08-01T20:05:54.949+0000] {processor.py:830} INFO - Processing file /home/airflow/.local/lib/python3.12/site-packages/airflow/example_dags/example_xcomargs.py for tasks to queue
[2024-08-01T20:05:54.950+0000] {logging_mixin.py:188} INFO - [2024-08-01T20:05:54.950+0000] {dagbag.py:545} INFO - Filling up the DagBag from /home/airflow/.local/lib/python3.12/site-packages/airflow/example_dags/example_xcomargs.py
[2024-08-01T20:05:54.957+0000] {processor.py:840} INFO - DAG(s) 'example_xcom_args_with_operators', 'example_xcom_args' retrieved from /home/airflow/.local/lib/python3.12/site-packages/airflow/example_dags/example_xcomargs.py
[2024-08-01T20:05:54.983+0000] {logging_mixin.py:188} INFO - [2024-08-01T20:05:54.982+0000] {dag.py:3089} INFO - Sync 2 DAGs
[2024-08-01T20:05:54.996+0000] {logging_mixin.py:188} INFO - [2024-08-01T20:05:54.996+0000] {dag.py:3947} INFO - Setting next_dagrun for example_xcom_args to None, run_after=None
[2024-08-01T20:05:55.000+0000] {logging_mixin.py:188} INFO - [2024-08-01T20:05:55.000+0000] {dag.py:3947} INFO - Setting next_dagrun for example_xcom_args_with_operators to None, run_after=None
[2024-08-01T20:05:55.017+0000] {processor.py:183} INFO - Processing /home/airflow/.local/lib/python3.12/site-packages/airflow/example_dags/example_xcomargs.py took 0.075 seconds
[2024-08-01T20:06:35.635+0000] {processor.py:161} INFO - Started process (PID=77) to work on /home/airflow/.local/lib/python3.12/site-packages/airflow/example_dags/example_xcomargs.py
[2024-08-01T20:06:35.636+0000] {processor.py:830} INFO - Processing file /home/airflow/.local/lib/python3.12/site-packages/airflow/example_dags/example_xcomargs.py for tasks to queue
[2024-08-01T20:06:35.638+0000] {logging_mixin.py:188} INFO - [2024-08-01T20:06:35.638+0000] {dagbag.py:545} INFO - Filling up the DagBag from /home/airflow/.local/lib/python3.12/site-packages/airflow/example_dags/example_xcomargs.py
[2024-08-01T20:06:35.646+0000] {processor.py:840} INFO - DAG(s) 'example_xcom_args', 'example_xcom_args_with_operators' retrieved from /home/airflow/.local/lib/python3.12/site-packages/airflow/example_dags/example_xcomargs.py
[2024-08-01T20:06:35.674+0000] {logging_mixin.py:188} INFO - [2024-08-01T20:06:35.674+0000] {dag.py:3089} INFO - Sync 2 DAGs
[2024-08-01T20:06:35.688+0000] {logging_mixin.py:188} INFO - [2024-08-01T20:06:35.688+0000] {dag.py:3947} INFO - Setting next_dagrun for example_xcom_args to None, run_after=None
[2024-08-01T20:06:35.692+0000] {logging_mixin.py:188} INFO - [2024-08-01T20:06:35.692+0000] {dag.py:3947} INFO - Setting next_dagrun for example_xcom_args_with_operators to None, run_after=None
[2024-08-01T20:06:35.712+0000] {processor.py:183} INFO - Processing /home/airflow/.local/lib/python3.12/site-packages/airflow/example_dags/example_xcomargs.py took 0.082 seconds
[2024-08-01T20:07:06.675+0000] {processor.py:161} INFO - Started process (PID=135) to work on /home/airflow/.local/lib/python3.12/site-packages/airflow/example_dags/example_xcomargs.py
[2024-08-01T20:07:06.676+0000] {processor.py:830} INFO - Processing file /home/airflow/.local/lib/python3.12/site-packages/airflow/example_dags/example_xcomargs.py for tasks to queue
[2024-08-01T20:07:06.678+0000] {logging_mixin.py:188} INFO - [2024-08-01T20:07:06.678+0000] {dagbag.py:545} INFO - Filling up the DagBag from /home/airflow/.local/lib/python3.12/site-packages/airflow/example_dags/example_xcomargs.py
[2024-08-01T20:07:06.685+0000] {processor.py:840} INFO - DAG(s) 'example_xcom_args_with_operators', 'example_xcom_args' retrieved from /home/airflow/.local/lib/python3.12/site-packages/airflow/example_dags/example_xcomargs.py
[2024-08-01T20:07:06.709+0000] {logging_mixin.py:188} INFO - [2024-08-01T20:07:06.708+0000] {dag.py:3089} INFO - Sync 2 DAGs
[2024-08-01T20:07:06.721+0000] {logging_mixin.py:188} INFO - [2024-08-01T20:07:06.721+0000] {dag.py:3947} INFO - Setting next_dagrun for example_xcom_args to None, run_after=None
[2024-08-01T20:07:06.725+0000] {logging_mixin.py:188} INFO - [2024-08-01T20:07:06.725+0000] {dag.py:3947} INFO - Setting next_dagrun for example_xcom_args_with_operators to None, run_after=None
[2024-08-01T20:07:06.743+0000] {processor.py:183} INFO - Processing /home/airflow/.local/lib/python3.12/site-packages/airflow/example_dags/example_xcomargs.py took 0.073 seconds
[2024-08-01T20:07:37.522+0000] {processor.py:161} INFO - Started process (PID=193) to work on /home/airflow/.local/lib/python3.12/site-packages/airflow/example_dags/example_xcomargs.py
[2024-08-01T20:07:37.523+0000] {processor.py:830} INFO - Processing file /home/airflow/.local/lib/python3.12/site-packages/airflow/example_dags/example_xcomargs.py for tasks to queue
[2024-08-01T20:07:37.524+0000] {logging_mixin.py:188} INFO - [2024-08-01T20:07:37.524+0000] {dagbag.py:545} INFO - Filling up the DagBag from /home/airflow/.local/lib/python3.12/site-packages/airflow/example_dags/example_xcomargs.py
[2024-08-01T20:07:37.532+0000] {processor.py:840} INFO - DAG(s) 'example_xcom_args_with_operators', 'example_xcom_args' retrieved from /home/airflow/.local/lib/python3.12/site-packages/airflow/example_dags/example_xcomargs.py
[2024-08-01T20:07:37.557+0000] {logging_mixin.py:188} INFO - [2024-08-01T20:07:37.556+0000] {dag.py:3089} INFO - Sync 2 DAGs
[2024-08-01T20:07:37.572+0000] {logging_mixin.py:188} INFO - [2024-08-01T20:07:37.572+0000] {dag.py:3947} INFO - Setting next_dagrun for example_xcom_args to None, run_after=None
[2024-08-01T20:07:37.577+0000] {logging_mixin.py:188} INFO - [2024-08-01T20:07:37.577+0000] {dag.py:3947} INFO - Setting next_dagrun for example_xcom_args_with_operators to None, run_after=None
[2024-08-01T20:07:37.598+0000] {processor.py:183} INFO - Processing /home/airflow/.local/lib/python3.12/site-packages/airflow/example_dags/example_xcomargs.py took 0.081 seconds
[2024-08-01T20:08:07.823+0000] {processor.py:161} INFO - Started process (PID=251) to work on /home/airflow/.local/lib/python3.12/site-packages/airflow/example_dags/example_xcomargs.py
[2024-08-01T20:08:07.824+0000] {processor.py:830} INFO - Processing file /home/airflow/.local/lib/python3.12/site-packages/airflow/example_dags/example_xcomargs.py for tasks to queue
[2024-08-01T20:08:07.826+0000] {logging_mixin.py:188} INFO - [2024-08-01T20:08:07.825+0000] {dagbag.py:545} INFO - Filling up the DagBag from /home/airflow/.local/lib/python3.12/site-packages/airflow/example_dags/example_xcomargs.py
[2024-08-01T20:08:07.833+0000] {processor.py:840} INFO - DAG(s) 'example_xcom_args_with_operators', 'example_xcom_args' retrieved from /home/airflow/.local/lib/python3.12/site-packages/airflow/example_dags/example_xcomargs.py
[2024-08-01T20:08:07.857+0000] {logging_mixin.py:188} INFO - [2024-08-01T20:08:07.856+0000] {dag.py:3089} INFO - Sync 2 DAGs
[2024-08-01T20:08:07.870+0000] {logging_mixin.py:188} INFO - [2024-08-01T20:08:07.870+0000] {dag.py:3947} INFO - Setting next_dagrun for example_xcom_args to None, run_after=None
[2024-08-01T20:08:07.875+0000] {logging_mixin.py:188} INFO - [2024-08-01T20:08:07.874+0000] {dag.py:3947} INFO - Setting next_dagrun for example_xcom_args_with_operators to None, run_after=None
[2024-08-01T20:08:07.895+0000] {processor.py:183} INFO - Processing /home/airflow/.local/lib/python3.12/site-packages/airflow/example_dags/example_xcomargs.py took 0.077 seconds
[2024-08-01T20:08:38.393+0000] {processor.py:161} INFO - Started process (PID=309) to work on /home/airflow/.local/lib/python3.12/site-packages/airflow/example_dags/example_xcomargs.py
[2024-08-01T20:08:38.394+0000] {processor.py:830} INFO - Processing file /home/airflow/.local/lib/python3.12/site-packages/airflow/example_dags/example_xcomargs.py for tasks to queue
[2024-08-01T20:08:38.395+0000] {logging_mixin.py:188} INFO - [2024-08-01T20:08:38.395+0000] {dagbag.py:545} INFO - Filling up the DagBag from /home/airflow/.local/lib/python3.12/site-packages/airflow/example_dags/example_xcomargs.py
[2024-08-01T20:08:38.403+0000] {processor.py:840} INFO - DAG(s) 'example_xcom_args_with_operators', 'example_xcom_args' retrieved from /home/airflow/.local/lib/python3.12/site-packages/airflow/example_dags/example_xcomargs.py
[2024-08-01T20:08:38.425+0000] {logging_mixin.py:188} INFO - [2024-08-01T20:08:38.425+0000] {dag.py:3089} INFO - Sync 2 DAGs
[2024-08-01T20:08:38.437+0000] {logging_mixin.py:188} INFO - [2024-08-01T20:08:38.437+0000] {dag.py:3947} INFO - Setting next_dagrun for example_xcom_args to None, run_after=None
[2024-08-01T20:08:38.440+0000] {logging_mixin.py:188} INFO - [2024-08-01T20:08:38.440+0000] {dag.py:3947} INFO - Setting next_dagrun for example_xcom_args_with_operators to None, run_after=None
[2024-08-01T20:08:38.456+0000] {processor.py:183} INFO - Processing /home/airflow/.local/lib/python3.12/site-packages/airflow/example_dags/example_xcomargs.py took 0.068 seconds
[2024-08-01T20:09:08.845+0000] {processor.py:161} INFO - Started process (PID=367) to work on /home/airflow/.local/lib/python3.12/site-packages/airflow/example_dags/example_xcomargs.py
[2024-08-01T20:09:08.847+0000] {processor.py:830} INFO - Processing file /home/airflow/.local/lib/python3.12/site-packages/airflow/example_dags/example_xcomargs.py for tasks to queue
[2024-08-01T20:09:08.848+0000] {logging_mixin.py:188} INFO - [2024-08-01T20:09:08.848+0000] {dagbag.py:545} INFO - Filling up the DagBag from /home/airflow/.local/lib/python3.12/site-packages/airflow/example_dags/example_xcomargs.py
[2024-08-01T20:09:08.855+0000] {processor.py:840} INFO - DAG(s) 'example_xcom_args_with_operators', 'example_xcom_args' retrieved from /home/airflow/.local/lib/python3.12/site-packages/airflow/example_dags/example_xcomargs.py
[2024-08-01T20:09:08.876+0000] {logging_mixin.py:188} INFO - [2024-08-01T20:09:08.876+0000] {dag.py:3089} INFO - Sync 2 DAGs
[2024-08-01T20:09:08.887+0000] {logging_mixin.py:188} INFO - [2024-08-01T20:09:08.887+0000] {dag.py:3947} INFO - Setting next_dagrun for example_xcom_args to None, run_after=None
[2024-08-01T20:09:08.891+0000] {logging_mixin.py:188} INFO - [2024-08-01T20:09:08.890+0000] {dag.py:3947} INFO - Setting next_dagrun for example_xcom_args_with_operators to None, run_after=None
[2024-08-01T20:09:08.906+0000] {processor.py:183} INFO - Processing /home/airflow/.local/lib/python3.12/site-packages/airflow/example_dags/example_xcomargs.py took 0.065 seconds
[2024-08-01T20:11:21.580+0000] {processor.py:161} INFO - Started process (PID=81) to work on /home/airflow/.local/lib/python3.12/site-packages/airflow/example_dags/example_xcomargs.py
[2024-08-01T20:11:21.581+0000] {processor.py:830} INFO - Processing file /home/airflow/.local/lib/python3.12/site-packages/airflow/example_dags/example_xcomargs.py for tasks to queue
[2024-08-01T20:11:21.583+0000] {logging_mixin.py:188} INFO - [2024-08-01T20:11:21.582+0000] {dagbag.py:545} INFO - Filling up the DagBag from /home/airflow/.local/lib/python3.12/site-packages/airflow/example_dags/example_xcomargs.py
[2024-08-01T20:11:21.594+0000] {processor.py:840} INFO - DAG(s) 'example_xcom_args_with_operators', 'example_xcom_args' retrieved from /home/airflow/.local/lib/python3.12/site-packages/airflow/example_dags/example_xcomargs.py
[2024-08-01T20:11:21.611+0000] {logging_mixin.py:188} INFO - [2024-08-01T20:11:21.610+0000] {dag.py:3089} INFO - Sync 2 DAGs
[2024-08-01T20:11:21.634+0000] {logging_mixin.py:188} INFO - [2024-08-01T20:11:21.634+0000] {dag.py:3947} INFO - Setting next_dagrun for example_xcom_args to None, run_after=None
[2024-08-01T20:11:21.640+0000] {logging_mixin.py:188} INFO - [2024-08-01T20:11:21.640+0000] {dag.py:3947} INFO - Setting next_dagrun for example_xcom_args_with_operators to None, run_after=None
[2024-08-01T20:11:21.667+0000] {processor.py:183} INFO - Processing /home/airflow/.local/lib/python3.12/site-packages/airflow/example_dags/example_xcomargs.py took 0.092 seconds
[2024-08-01T20:11:52.844+0000] {processor.py:161} INFO - Started process (PID=139) to work on /home/airflow/.local/lib/python3.12/site-packages/airflow/example_dags/example_xcomargs.py
[2024-08-01T20:11:52.845+0000] {processor.py:830} INFO - Processing file /home/airflow/.local/lib/python3.12/site-packages/airflow/example_dags/example_xcomargs.py for tasks to queue
[2024-08-01T20:11:52.847+0000] {logging_mixin.py:188} INFO - [2024-08-01T20:11:52.846+0000] {dagbag.py:545} INFO - Filling up the DagBag from /home/airflow/.local/lib/python3.12/site-packages/airflow/example_dags/example_xcomargs.py
[2024-08-01T20:11:52.855+0000] {processor.py:840} INFO - DAG(s) 'example_xcom_args', 'example_xcom_args_with_operators' retrieved from /home/airflow/.local/lib/python3.12/site-packages/airflow/example_dags/example_xcomargs.py
[2024-08-01T20:11:52.956+0000] {logging_mixin.py:188} INFO - [2024-08-01T20:11:52.955+0000] {dag.py:3089} INFO - Sync 2 DAGs
[2024-08-01T20:11:52.967+0000] {logging_mixin.py:188} INFO - [2024-08-01T20:11:52.967+0000] {dag.py:3947} INFO - Setting next_dagrun for example_xcom_args to None, run_after=None
[2024-08-01T20:11:52.970+0000] {logging_mixin.py:188} INFO - [2024-08-01T20:11:52.970+0000] {dag.py:3947} INFO - Setting next_dagrun for example_xcom_args_with_operators to None, run_after=None
[2024-08-01T20:11:52.990+0000] {processor.py:183} INFO - Processing /home/airflow/.local/lib/python3.12/site-packages/airflow/example_dags/example_xcomargs.py took 0.151 seconds
[2024-08-01T20:12:23.150+0000] {processor.py:161} INFO - Started process (PID=197) to work on /home/airflow/.local/lib/python3.12/site-packages/airflow/example_dags/example_xcomargs.py
[2024-08-01T20:12:23.151+0000] {processor.py:830} INFO - Processing file /home/airflow/.local/lib/python3.12/site-packages/airflow/example_dags/example_xcomargs.py for tasks to queue
[2024-08-01T20:12:23.153+0000] {logging_mixin.py:188} INFO - [2024-08-01T20:12:23.152+0000] {dagbag.py:545} INFO - Filling up the DagBag from /home/airflow/.local/lib/python3.12/site-packages/airflow/example_dags/example_xcomargs.py
[2024-08-01T20:12:23.161+0000] {processor.py:840} INFO - DAG(s) 'example_xcom_args_with_operators', 'example_xcom_args' retrieved from /home/airflow/.local/lib/python3.12/site-packages/airflow/example_dags/example_xcomargs.py
[2024-08-01T20:12:23.184+0000] {logging_mixin.py:188} INFO - [2024-08-01T20:12:23.184+0000] {dag.py:3089} INFO - Sync 2 DAGs
[2024-08-01T20:12:23.197+0000] {logging_mixin.py:188} INFO - [2024-08-01T20:12:23.197+0000] {dag.py:3947} INFO - Setting next_dagrun for example_xcom_args to None, run_after=None
[2024-08-01T20:12:23.201+0000] {logging_mixin.py:188} INFO - [2024-08-01T20:12:23.201+0000] {dag.py:3947} INFO - Setting next_dagrun for example_xcom_args_with_operators to None, run_after=None
[2024-08-01T20:12:23.218+0000] {processor.py:183} INFO - Processing /home/airflow/.local/lib/python3.12/site-packages/airflow/example_dags/example_xcomargs.py took 0.073 seconds
[2024-08-01T20:12:53.443+0000] {processor.py:161} INFO - Started process (PID=255) to work on /home/airflow/.local/lib/python3.12/site-packages/airflow/example_dags/example_xcomargs.py
[2024-08-01T20:12:53.444+0000] {processor.py:830} INFO - Processing file /home/airflow/.local/lib/python3.12/site-packages/airflow/example_dags/example_xcomargs.py for tasks to queue
[2024-08-01T20:12:53.445+0000] {logging_mixin.py:188} INFO - [2024-08-01T20:12:53.445+0000] {dagbag.py:545} INFO - Filling up the DagBag from /home/airflow/.local/lib/python3.12/site-packages/airflow/example_dags/example_xcomargs.py
[2024-08-01T20:12:53.452+0000] {processor.py:840} INFO - DAG(s) 'example_xcom_args_with_operators', 'example_xcom_args' retrieved from /home/airflow/.local/lib/python3.12/site-packages/airflow/example_dags/example_xcomargs.py
[2024-08-01T20:12:53.474+0000] {logging_mixin.py:188} INFO - [2024-08-01T20:12:53.474+0000] {dag.py:3089} INFO - Sync 2 DAGs
[2024-08-01T20:12:53.487+0000] {logging_mixin.py:188} INFO - [2024-08-01T20:12:53.486+0000] {dag.py:3947} INFO - Setting next_dagrun for example_xcom_args to None, run_after=None
[2024-08-01T20:12:53.490+0000] {logging_mixin.py:188} INFO - [2024-08-01T20:12:53.490+0000] {dag.py:3947} INFO - Setting next_dagrun for example_xcom_args_with_operators to None, run_after=None
[2024-08-01T20:12:53.509+0000] {processor.py:183} INFO - Processing /home/airflow/.local/lib/python3.12/site-packages/airflow/example_dags/example_xcomargs.py took 0.071 seconds
[2024-08-01T20:13:23.655+0000] {processor.py:161} INFO - Started process (PID=313) to work on /home/airflow/.local/lib/python3.12/site-packages/airflow/example_dags/example_xcomargs.py
[2024-08-01T20:13:23.656+0000] {processor.py:830} INFO - Processing file /home/airflow/.local/lib/python3.12/site-packages/airflow/example_dags/example_xcomargs.py for tasks to queue
[2024-08-01T20:13:23.658+0000] {logging_mixin.py:188} INFO - [2024-08-01T20:13:23.658+0000] {dagbag.py:545} INFO - Filling up the DagBag from /home/airflow/.local/lib/python3.12/site-packages/airflow/example_dags/example_xcomargs.py
[2024-08-01T20:13:23.665+0000] {processor.py:840} INFO - DAG(s) 'example_xcom_args', 'example_xcom_args_with_operators' retrieved from /home/airflow/.local/lib/python3.12/site-packages/airflow/example_dags/example_xcomargs.py
[2024-08-01T20:13:23.687+0000] {logging_mixin.py:188} INFO - [2024-08-01T20:13:23.687+0000] {dag.py:3089} INFO - Sync 2 DAGs
[2024-08-01T20:13:23.699+0000] {logging_mixin.py:188} INFO - [2024-08-01T20:13:23.699+0000] {dag.py:3947} INFO - Setting next_dagrun for example_xcom_args to None, run_after=None
[2024-08-01T20:13:23.703+0000] {logging_mixin.py:188} INFO - [2024-08-01T20:13:23.703+0000] {dag.py:3947} INFO - Setting next_dagrun for example_xcom_args_with_operators to None, run_after=None
[2024-08-01T20:13:23.720+0000] {processor.py:183} INFO - Processing /home/airflow/.local/lib/python3.12/site-packages/airflow/example_dags/example_xcomargs.py took 0.070 seconds
[2024-08-01T20:13:53.759+0000] {processor.py:161} INFO - Started process (PID=371) to work on /home/airflow/.local/lib/python3.12/site-packages/airflow/example_dags/example_xcomargs.py
[2024-08-01T20:13:53.762+0000] {processor.py:830} INFO - Processing file /home/airflow/.local/lib/python3.12/site-packages/airflow/example_dags/example_xcomargs.py for tasks to queue
[2024-08-01T20:13:53.763+0000] {logging_mixin.py:188} INFO - [2024-08-01T20:13:53.763+0000] {dagbag.py:545} INFO - Filling up the DagBag from /home/airflow/.local/lib/python3.12/site-packages/airflow/example_dags/example_xcomargs.py
[2024-08-01T20:13:53.770+0000] {processor.py:840} INFO - DAG(s) 'example_xcom_args_with_operators', 'example_xcom_args' retrieved from /home/airflow/.local/lib/python3.12/site-packages/airflow/example_dags/example_xcomargs.py
[2024-08-01T20:13:53.792+0000] {logging_mixin.py:188} INFO - [2024-08-01T20:13:53.792+0000] {dag.py:3089} INFO - Sync 2 DAGs
[2024-08-01T20:13:53.807+0000] {logging_mixin.py:188} INFO - [2024-08-01T20:13:53.807+0000] {dag.py:3947} INFO - Setting next_dagrun for example_xcom_args to None, run_after=None
[2024-08-01T20:13:53.811+0000] {logging_mixin.py:188} INFO - [2024-08-01T20:13:53.811+0000] {dag.py:3947} INFO - Setting next_dagrun for example_xcom_args_with_operators to None, run_after=None
[2024-08-01T20:13:53.829+0000] {processor.py:183} INFO - Processing /home/airflow/.local/lib/python3.12/site-packages/airflow/example_dags/example_xcomargs.py took 0.074 seconds
[2024-08-01T20:14:24.144+0000] {processor.py:161} INFO - Started process (PID=428) to work on /home/airflow/.local/lib/python3.12/site-packages/airflow/example_dags/example_xcomargs.py
[2024-08-01T20:14:24.145+0000] {processor.py:830} INFO - Processing file /home/airflow/.local/lib/python3.12/site-packages/airflow/example_dags/example_xcomargs.py for tasks to queue
[2024-08-01T20:14:24.147+0000] {logging_mixin.py:188} INFO - [2024-08-01T20:14:24.147+0000] {dagbag.py:545} INFO - Filling up the DagBag from /home/airflow/.local/lib/python3.12/site-packages/airflow/example_dags/example_xcomargs.py
[2024-08-01T20:14:24.158+0000] {processor.py:840} INFO - DAG(s) 'example_xcom_args', 'example_xcom_args_with_operators' retrieved from /home/airflow/.local/lib/python3.12/site-packages/airflow/example_dags/example_xcomargs.py
[2024-08-01T20:14:24.186+0000] {logging_mixin.py:188} INFO - [2024-08-01T20:14:24.186+0000] {dag.py:3089} INFO - Sync 2 DAGs
[2024-08-01T20:14:24.202+0000] {logging_mixin.py:188} INFO - [2024-08-01T20:14:24.201+0000] {dag.py:3947} INFO - Setting next_dagrun for example_xcom_args to None, run_after=None
[2024-08-01T20:14:24.206+0000] {logging_mixin.py:188} INFO - [2024-08-01T20:14:24.206+0000] {dag.py:3947} INFO - Setting next_dagrun for example_xcom_args_with_operators to None, run_after=None
[2024-08-01T20:14:24.226+0000] {processor.py:183} INFO - Processing /home/airflow/.local/lib/python3.12/site-packages/airflow/example_dags/example_xcomargs.py took 0.089 seconds
[2024-08-01T20:14:54.726+0000] {processor.py:161} INFO - Started process (PID=486) to work on /home/airflow/.local/lib/python3.12/site-packages/airflow/example_dags/example_xcomargs.py
[2024-08-01T20:14:54.727+0000] {processor.py:830} INFO - Processing file /home/airflow/.local/lib/python3.12/site-packages/airflow/example_dags/example_xcomargs.py for tasks to queue
[2024-08-01T20:14:54.728+0000] {logging_mixin.py:188} INFO - [2024-08-01T20:14:54.728+0000] {dagbag.py:545} INFO - Filling up the DagBag from /home/airflow/.local/lib/python3.12/site-packages/airflow/example_dags/example_xcomargs.py
[2024-08-01T20:14:54.736+0000] {processor.py:840} INFO - DAG(s) 'example_xcom_args_with_operators', 'example_xcom_args' retrieved from /home/airflow/.local/lib/python3.12/site-packages/airflow/example_dags/example_xcomargs.py
[2024-08-01T20:14:54.757+0000] {logging_mixin.py:188} INFO - [2024-08-01T20:14:54.757+0000] {dag.py:3089} INFO - Sync 2 DAGs
[2024-08-01T20:14:54.769+0000] {logging_mixin.py:188} INFO - [2024-08-01T20:14:54.769+0000] {dag.py:3947} INFO - Setting next_dagrun for example_xcom_args to None, run_after=None
[2024-08-01T20:14:54.772+0000] {logging_mixin.py:188} INFO - [2024-08-01T20:14:54.772+0000] {dag.py:3947} INFO - Setting next_dagrun for example_xcom_args_with_operators to None, run_after=None
[2024-08-01T20:14:54.789+0000] {processor.py:183} INFO - Processing /home/airflow/.local/lib/python3.12/site-packages/airflow/example_dags/example_xcomargs.py took 0.068 seconds
[2024-08-01T20:15:24.890+0000] {processor.py:161} INFO - Started process (PID=544) to work on /home/airflow/.local/lib/python3.12/site-packages/airflow/example_dags/example_xcomargs.py
[2024-08-01T20:15:24.891+0000] {processor.py:830} INFO - Processing file /home/airflow/.local/lib/python3.12/site-packages/airflow/example_dags/example_xcomargs.py for tasks to queue
[2024-08-01T20:15:24.892+0000] {logging_mixin.py:188} INFO - [2024-08-01T20:15:24.892+0000] {dagbag.py:545} INFO - Filling up the DagBag from /home/airflow/.local/lib/python3.12/site-packages/airflow/example_dags/example_xcomargs.py
[2024-08-01T20:15:24.899+0000] {processor.py:840} INFO - DAG(s) 'example_xcom_args_with_operators', 'example_xcom_args' retrieved from /home/airflow/.local/lib/python3.12/site-packages/airflow/example_dags/example_xcomargs.py
[2024-08-01T20:15:24.921+0000] {logging_mixin.py:188} INFO - [2024-08-01T20:15:24.921+0000] {dag.py:3089} INFO - Sync 2 DAGs
[2024-08-01T20:15:24.933+0000] {logging_mixin.py:188} INFO - [2024-08-01T20:15:24.933+0000] {dag.py:3947} INFO - Setting next_dagrun for example_xcom_args to None, run_after=None
[2024-08-01T20:15:24.937+0000] {logging_mixin.py:188} INFO - [2024-08-01T20:15:24.937+0000] {dag.py:3947} INFO - Setting next_dagrun for example_xcom_args_with_operators to None, run_after=None
[2024-08-01T20:15:24.957+0000] {processor.py:183} INFO - Processing /home/airflow/.local/lib/python3.12/site-packages/airflow/example_dags/example_xcomargs.py took 0.073 seconds
[2024-08-01T20:15:55.122+0000] {processor.py:161} INFO - Started process (PID=602) to work on /home/airflow/.local/lib/python3.12/site-packages/airflow/example_dags/example_xcomargs.py
[2024-08-01T20:15:55.123+0000] {processor.py:830} INFO - Processing file /home/airflow/.local/lib/python3.12/site-packages/airflow/example_dags/example_xcomargs.py for tasks to queue
[2024-08-01T20:15:55.125+0000] {logging_mixin.py:188} INFO - [2024-08-01T20:15:55.125+0000] {dagbag.py:545} INFO - Filling up the DagBag from /home/airflow/.local/lib/python3.12/site-packages/airflow/example_dags/example_xcomargs.py
[2024-08-01T20:15:55.132+0000] {processor.py:840} INFO - DAG(s) 'example_xcom_args_with_operators', 'example_xcom_args' retrieved from /home/airflow/.local/lib/python3.12/site-packages/airflow/example_dags/example_xcomargs.py
[2024-08-01T20:15:55.154+0000] {logging_mixin.py:188} INFO - [2024-08-01T20:15:55.153+0000] {dag.py:3089} INFO - Sync 2 DAGs
[2024-08-01T20:15:55.166+0000] {logging_mixin.py:188} INFO - [2024-08-01T20:15:55.166+0000] {dag.py:3947} INFO - Setting next_dagrun for example_xcom_args to None, run_after=None
[2024-08-01T20:15:55.170+0000] {logging_mixin.py:188} INFO - [2024-08-01T20:15:55.169+0000] {dag.py:3947} INFO - Setting next_dagrun for example_xcom_args_with_operators to None, run_after=None
[2024-08-01T20:15:55.187+0000] {processor.py:183} INFO - Processing /home/airflow/.local/lib/python3.12/site-packages/airflow/example_dags/example_xcomargs.py took 0.069 seconds
[2024-08-01T20:16:25.735+0000] {processor.py:161} INFO - Started process (PID=660) to work on /home/airflow/.local/lib/python3.12/site-packages/airflow/example_dags/example_xcomargs.py
[2024-08-01T20:16:25.736+0000] {processor.py:830} INFO - Processing file /home/airflow/.local/lib/python3.12/site-packages/airflow/example_dags/example_xcomargs.py for tasks to queue
[2024-08-01T20:16:25.738+0000] {logging_mixin.py:188} INFO - [2024-08-01T20:16:25.737+0000] {dagbag.py:545} INFO - Filling up the DagBag from /home/airflow/.local/lib/python3.12/site-packages/airflow/example_dags/example_xcomargs.py
[2024-08-01T20:16:25.744+0000] {processor.py:840} INFO - DAG(s) 'example_xcom_args_with_operators', 'example_xcom_args' retrieved from /home/airflow/.local/lib/python3.12/site-packages/airflow/example_dags/example_xcomargs.py
[2024-08-01T20:16:25.766+0000] {logging_mixin.py:188} INFO - [2024-08-01T20:16:25.765+0000] {dag.py:3089} INFO - Sync 2 DAGs
[2024-08-01T20:16:25.778+0000] {logging_mixin.py:188} INFO - [2024-08-01T20:16:25.777+0000] {dag.py:3947} INFO - Setting next_dagrun for example_xcom_args to None, run_after=None
[2024-08-01T20:16:25.781+0000] {logging_mixin.py:188} INFO - [2024-08-01T20:16:25.781+0000] {dag.py:3947} INFO - Setting next_dagrun for example_xcom_args_with_operators to None, run_after=None
[2024-08-01T20:16:25.798+0000] {processor.py:183} INFO - Processing /home/airflow/.local/lib/python3.12/site-packages/airflow/example_dags/example_xcomargs.py took 0.068 seconds
