[2024-08-01T20:02:16.887+0000] {processor.py:161} INFO - Started process (PID=54) to work on /home/airflow/.local/lib/python3.12/site-packages/airflow/example_dags/example_task_group_decorator.py
[2024-08-01T20:02:16.889+0000] {processor.py:830} INFO - Processing file /home/airflow/.local/lib/python3.12/site-packages/airflow/example_dags/example_task_group_decorator.py for tasks to queue
[2024-08-01T20:02:16.892+0000] {logging_mixin.py:188} INFO - [2024-08-01T20:02:16.891+0000] {dagbag.py:545} INFO - Filling up the DagBag from /home/airflow/.local/lib/python3.12/site-packages/airflow/example_dags/example_task_group_decorator.py
[2024-08-01T20:02:16.917+0000] {processor.py:840} INFO - DAG(s) 'example_task_group_decorator' retrieved from /home/airflow/.local/lib/python3.12/site-packages/airflow/example_dags/example_task_group_decorator.py
[2024-08-01T20:02:16.933+0000] {logging_mixin.py:188} INFO - [2024-08-01T20:02:16.933+0000] {dag.py:3089} INFO - Sync 1 DAGs
[2024-08-01T20:02:17.016+0000] {logging_mixin.py:188} INFO - [2024-08-01T20:02:17.016+0000] {dag.py:3947} INFO - Setting next_dagrun for example_task_group_decorator to 2024-07-31 00:00:00+00:00, run_after=2024-08-01 00:00:00+00:00
[2024-08-01T20:02:17.047+0000] {processor.py:183} INFO - Processing /home/airflow/.local/lib/python3.12/site-packages/airflow/example_dags/example_task_group_decorator.py took 0.169 seconds
[2024-08-01T20:02:48.903+0000] {processor.py:161} INFO - Started process (PID=118) to work on /home/airflow/.local/lib/python3.12/site-packages/airflow/example_dags/example_task_group_decorator.py
[2024-08-01T20:02:48.905+0000] {processor.py:830} INFO - Processing file /home/airflow/.local/lib/python3.12/site-packages/airflow/example_dags/example_task_group_decorator.py for tasks to queue
[2024-08-01T20:02:48.907+0000] {logging_mixin.py:188} INFO - [2024-08-01T20:02:48.907+0000] {dagbag.py:545} INFO - Filling up the DagBag from /home/airflow/.local/lib/python3.12/site-packages/airflow/example_dags/example_task_group_decorator.py
[2024-08-01T20:02:48.926+0000] {processor.py:840} INFO - DAG(s) 'example_task_group_decorator' retrieved from /home/airflow/.local/lib/python3.12/site-packages/airflow/example_dags/example_task_group_decorator.py
[2024-08-01T20:02:49.093+0000] {logging_mixin.py:188} INFO - [2024-08-01T20:02:49.092+0000] {dag.py:3089} INFO - Sync 1 DAGs
[2024-08-01T20:02:49.127+0000] {logging_mixin.py:188} INFO - [2024-08-01T20:02:49.126+0000] {dag.py:3947} INFO - Setting next_dagrun for example_task_group_decorator to 2024-07-31 00:00:00+00:00, run_after=2024-08-01 00:00:00+00:00
[2024-08-01T20:02:49.200+0000] {processor.py:183} INFO - Processing /home/airflow/.local/lib/python3.12/site-packages/airflow/example_dags/example_task_group_decorator.py took 0.301 seconds
[2024-08-01T20:03:19.470+0000] {processor.py:161} INFO - Started process (PID=176) to work on /home/airflow/.local/lib/python3.12/site-packages/airflow/example_dags/example_task_group_decorator.py
[2024-08-01T20:03:19.522+0000] {processor.py:830} INFO - Processing file /home/airflow/.local/lib/python3.12/site-packages/airflow/example_dags/example_task_group_decorator.py for tasks to queue
[2024-08-01T20:03:19.524+0000] {logging_mixin.py:188} INFO - [2024-08-01T20:03:19.524+0000] {dagbag.py:545} INFO - Filling up the DagBag from /home/airflow/.local/lib/python3.12/site-packages/airflow/example_dags/example_task_group_decorator.py
[2024-08-01T20:03:19.614+0000] {processor.py:840} INFO - DAG(s) 'example_task_group_decorator' retrieved from /home/airflow/.local/lib/python3.12/site-packages/airflow/example_dags/example_task_group_decorator.py
[2024-08-01T20:03:19.666+0000] {logging_mixin.py:188} INFO - [2024-08-01T20:03:19.666+0000] {dag.py:3089} INFO - Sync 1 DAGs
[2024-08-01T20:03:19.710+0000] {logging_mixin.py:188} INFO - [2024-08-01T20:03:19.710+0000] {dag.py:3947} INFO - Setting next_dagrun for example_task_group_decorator to 2024-07-31 00:00:00+00:00, run_after=2024-08-01 00:00:00+00:00
[2024-08-01T20:03:19.784+0000] {processor.py:183} INFO - Processing /home/airflow/.local/lib/python3.12/site-packages/airflow/example_dags/example_task_group_decorator.py took 0.319 seconds
[2024-08-01T20:03:50.373+0000] {processor.py:161} INFO - Started process (PID=234) to work on /home/airflow/.local/lib/python3.12/site-packages/airflow/example_dags/example_task_group_decorator.py
[2024-08-01T20:03:50.374+0000] {processor.py:830} INFO - Processing file /home/airflow/.local/lib/python3.12/site-packages/airflow/example_dags/example_task_group_decorator.py for tasks to queue
[2024-08-01T20:03:50.375+0000] {logging_mixin.py:188} INFO - [2024-08-01T20:03:50.375+0000] {dagbag.py:545} INFO - Filling up the DagBag from /home/airflow/.local/lib/python3.12/site-packages/airflow/example_dags/example_task_group_decorator.py
[2024-08-01T20:03:50.388+0000] {processor.py:840} INFO - DAG(s) 'example_task_group_decorator' retrieved from /home/airflow/.local/lib/python3.12/site-packages/airflow/example_dags/example_task_group_decorator.py
[2024-08-01T20:03:50.410+0000] {logging_mixin.py:188} INFO - [2024-08-01T20:03:50.410+0000] {dag.py:3089} INFO - Sync 1 DAGs
[2024-08-01T20:03:50.432+0000] {logging_mixin.py:188} INFO - [2024-08-01T20:03:50.432+0000] {dag.py:3947} INFO - Setting next_dagrun for example_task_group_decorator to 2024-07-31 00:00:00+00:00, run_after=2024-08-01 00:00:00+00:00
[2024-08-01T20:03:50.506+0000] {processor.py:183} INFO - Processing /home/airflow/.local/lib/python3.12/site-packages/airflow/example_dags/example_task_group_decorator.py took 0.138 seconds
[2024-08-01T20:04:20.735+0000] {processor.py:161} INFO - Started process (PID=292) to work on /home/airflow/.local/lib/python3.12/site-packages/airflow/example_dags/example_task_group_decorator.py
[2024-08-01T20:04:20.737+0000] {processor.py:830} INFO - Processing file /home/airflow/.local/lib/python3.12/site-packages/airflow/example_dags/example_task_group_decorator.py for tasks to queue
[2024-08-01T20:04:20.738+0000] {logging_mixin.py:188} INFO - [2024-08-01T20:04:20.738+0000] {dagbag.py:545} INFO - Filling up the DagBag from /home/airflow/.local/lib/python3.12/site-packages/airflow/example_dags/example_task_group_decorator.py
[2024-08-01T20:04:20.751+0000] {processor.py:840} INFO - DAG(s) 'example_task_group_decorator' retrieved from /home/airflow/.local/lib/python3.12/site-packages/airflow/example_dags/example_task_group_decorator.py
[2024-08-01T20:04:20.777+0000] {logging_mixin.py:188} INFO - [2024-08-01T20:04:20.777+0000] {dag.py:3089} INFO - Sync 1 DAGs
[2024-08-01T20:04:20.802+0000] {logging_mixin.py:188} INFO - [2024-08-01T20:04:20.801+0000] {dag.py:3947} INFO - Setting next_dagrun for example_task_group_decorator to 2024-07-31 00:00:00+00:00, run_after=2024-08-01 00:00:00+00:00
[2024-08-01T20:04:20.826+0000] {processor.py:183} INFO - Processing /home/airflow/.local/lib/python3.12/site-packages/airflow/example_dags/example_task_group_decorator.py took 0.096 seconds
[2024-08-01T20:04:51.277+0000] {processor.py:161} INFO - Started process (PID=350) to work on /home/airflow/.local/lib/python3.12/site-packages/airflow/example_dags/example_task_group_decorator.py
[2024-08-01T20:04:51.278+0000] {processor.py:830} INFO - Processing file /home/airflow/.local/lib/python3.12/site-packages/airflow/example_dags/example_task_group_decorator.py for tasks to queue
[2024-08-01T20:04:51.283+0000] {logging_mixin.py:188} INFO - [2024-08-01T20:04:51.283+0000] {dagbag.py:545} INFO - Filling up the DagBag from /home/airflow/.local/lib/python3.12/site-packages/airflow/example_dags/example_task_group_decorator.py
[2024-08-01T20:04:51.320+0000] {processor.py:840} INFO - DAG(s) 'example_task_group_decorator' retrieved from /home/airflow/.local/lib/python3.12/site-packages/airflow/example_dags/example_task_group_decorator.py
[2024-08-01T20:04:51.376+0000] {logging_mixin.py:188} INFO - [2024-08-01T20:04:51.375+0000] {dag.py:3089} INFO - Sync 1 DAGs
[2024-08-01T20:04:51.414+0000] {logging_mixin.py:188} INFO - [2024-08-01T20:04:51.413+0000] {dag.py:3947} INFO - Setting next_dagrun for example_task_group_decorator to 2024-07-31 00:00:00+00:00, run_after=2024-08-01 00:00:00+00:00
[2024-08-01T20:04:51.450+0000] {processor.py:183} INFO - Processing /home/airflow/.local/lib/python3.12/site-packages/airflow/example_dags/example_task_group_decorator.py took 0.178 seconds
[2024-08-01T20:05:22.207+0000] {processor.py:161} INFO - Started process (PID=408) to work on /home/airflow/.local/lib/python3.12/site-packages/airflow/example_dags/example_task_group_decorator.py
[2024-08-01T20:05:22.208+0000] {processor.py:830} INFO - Processing file /home/airflow/.local/lib/python3.12/site-packages/airflow/example_dags/example_task_group_decorator.py for tasks to queue
[2024-08-01T20:05:22.210+0000] {logging_mixin.py:188} INFO - [2024-08-01T20:05:22.209+0000] {dagbag.py:545} INFO - Filling up the DagBag from /home/airflow/.local/lib/python3.12/site-packages/airflow/example_dags/example_task_group_decorator.py
[2024-08-01T20:05:22.222+0000] {processor.py:840} INFO - DAG(s) 'example_task_group_decorator' retrieved from /home/airflow/.local/lib/python3.12/site-packages/airflow/example_dags/example_task_group_decorator.py
[2024-08-01T20:05:22.244+0000] {logging_mixin.py:188} INFO - [2024-08-01T20:05:22.244+0000] {dag.py:3089} INFO - Sync 1 DAGs
[2024-08-01T20:05:22.265+0000] {logging_mixin.py:188} INFO - [2024-08-01T20:05:22.265+0000] {dag.py:3947} INFO - Setting next_dagrun for example_task_group_decorator to 2024-07-31 00:00:00+00:00, run_after=2024-08-01 00:00:00+00:00
[2024-08-01T20:05:22.282+0000] {processor.py:183} INFO - Processing /home/airflow/.local/lib/python3.12/site-packages/airflow/example_dags/example_task_group_decorator.py took 0.080 seconds
[2024-08-01T20:05:52.370+0000] {processor.py:161} INFO - Started process (PID=466) to work on /home/airflow/.local/lib/python3.12/site-packages/airflow/example_dags/example_task_group_decorator.py
[2024-08-01T20:05:52.371+0000] {processor.py:830} INFO - Processing file /home/airflow/.local/lib/python3.12/site-packages/airflow/example_dags/example_task_group_decorator.py for tasks to queue
[2024-08-01T20:05:52.372+0000] {logging_mixin.py:188} INFO - [2024-08-01T20:05:52.372+0000] {dagbag.py:545} INFO - Filling up the DagBag from /home/airflow/.local/lib/python3.12/site-packages/airflow/example_dags/example_task_group_decorator.py
[2024-08-01T20:05:52.385+0000] {processor.py:840} INFO - DAG(s) 'example_task_group_decorator' retrieved from /home/airflow/.local/lib/python3.12/site-packages/airflow/example_dags/example_task_group_decorator.py
[2024-08-01T20:05:52.413+0000] {logging_mixin.py:188} INFO - [2024-08-01T20:05:52.413+0000] {dag.py:3089} INFO - Sync 1 DAGs
[2024-08-01T20:05:52.434+0000] {logging_mixin.py:188} INFO - [2024-08-01T20:05:52.434+0000] {dag.py:3947} INFO - Setting next_dagrun for example_task_group_decorator to 2024-07-31 00:00:00+00:00, run_after=2024-08-01 00:00:00+00:00
[2024-08-01T20:05:52.454+0000] {processor.py:183} INFO - Processing /home/airflow/.local/lib/python3.12/site-packages/airflow/example_dags/example_task_group_decorator.py took 0.089 seconds
[2024-08-01T20:06:33.909+0000] {processor.py:161} INFO - Started process (PID=54) to work on /home/airflow/.local/lib/python3.12/site-packages/airflow/example_dags/example_task_group_decorator.py
[2024-08-01T20:06:33.910+0000] {processor.py:830} INFO - Processing file /home/airflow/.local/lib/python3.12/site-packages/airflow/example_dags/example_task_group_decorator.py for tasks to queue
[2024-08-01T20:06:33.912+0000] {logging_mixin.py:188} INFO - [2024-08-01T20:06:33.911+0000] {dagbag.py:545} INFO - Filling up the DagBag from /home/airflow/.local/lib/python3.12/site-packages/airflow/example_dags/example_task_group_decorator.py
[2024-08-01T20:06:33.928+0000] {processor.py:840} INFO - DAG(s) 'example_task_group_decorator' retrieved from /home/airflow/.local/lib/python3.12/site-packages/airflow/example_dags/example_task_group_decorator.py
[2024-08-01T20:06:33.958+0000] {logging_mixin.py:188} INFO - [2024-08-01T20:06:33.958+0000] {dag.py:3089} INFO - Sync 1 DAGs
[2024-08-01T20:06:33.980+0000] {logging_mixin.py:188} INFO - [2024-08-01T20:06:33.980+0000] {dag.py:3947} INFO - Setting next_dagrun for example_task_group_decorator to 2024-07-31 00:00:00+00:00, run_after=2024-08-01 00:00:00+00:00
[2024-08-01T20:06:34.003+0000] {processor.py:183} INFO - Processing /home/airflow/.local/lib/python3.12/site-packages/airflow/example_dags/example_task_group_decorator.py took 0.098 seconds
[2024-08-01T20:07:04.959+0000] {processor.py:161} INFO - Started process (PID=112) to work on /home/airflow/.local/lib/python3.12/site-packages/airflow/example_dags/example_task_group_decorator.py
[2024-08-01T20:07:04.960+0000] {processor.py:830} INFO - Processing file /home/airflow/.local/lib/python3.12/site-packages/airflow/example_dags/example_task_group_decorator.py for tasks to queue
[2024-08-01T20:07:04.961+0000] {logging_mixin.py:188} INFO - [2024-08-01T20:07:04.961+0000] {dagbag.py:545} INFO - Filling up the DagBag from /home/airflow/.local/lib/python3.12/site-packages/airflow/example_dags/example_task_group_decorator.py
[2024-08-01T20:07:04.975+0000] {processor.py:840} INFO - DAG(s) 'example_task_group_decorator' retrieved from /home/airflow/.local/lib/python3.12/site-packages/airflow/example_dags/example_task_group_decorator.py
[2024-08-01T20:07:05.005+0000] {logging_mixin.py:188} INFO - [2024-08-01T20:07:05.005+0000] {dag.py:3089} INFO - Sync 1 DAGs
[2024-08-01T20:07:05.030+0000] {logging_mixin.py:188} INFO - [2024-08-01T20:07:05.030+0000] {dag.py:3947} INFO - Setting next_dagrun for example_task_group_decorator to 2024-07-31 00:00:00+00:00, run_after=2024-08-01 00:00:00+00:00
[2024-08-01T20:07:05.054+0000] {processor.py:183} INFO - Processing /home/airflow/.local/lib/python3.12/site-packages/airflow/example_dags/example_task_group_decorator.py took 0.100 seconds
[2024-08-01T20:07:35.146+0000] {processor.py:161} INFO - Started process (PID=170) to work on /home/airflow/.local/lib/python3.12/site-packages/airflow/example_dags/example_task_group_decorator.py
[2024-08-01T20:07:35.147+0000] {processor.py:830} INFO - Processing file /home/airflow/.local/lib/python3.12/site-packages/airflow/example_dags/example_task_group_decorator.py for tasks to queue
[2024-08-01T20:07:35.149+0000] {logging_mixin.py:188} INFO - [2024-08-01T20:07:35.149+0000] {dagbag.py:545} INFO - Filling up the DagBag from /home/airflow/.local/lib/python3.12/site-packages/airflow/example_dags/example_task_group_decorator.py
[2024-08-01T20:07:35.161+0000] {processor.py:840} INFO - DAG(s) 'example_task_group_decorator' retrieved from /home/airflow/.local/lib/python3.12/site-packages/airflow/example_dags/example_task_group_decorator.py
[2024-08-01T20:07:35.185+0000] {logging_mixin.py:188} INFO - [2024-08-01T20:07:35.184+0000] {dag.py:3089} INFO - Sync 1 DAGs
[2024-08-01T20:07:35.207+0000] {logging_mixin.py:188} INFO - [2024-08-01T20:07:35.207+0000] {dag.py:3947} INFO - Setting next_dagrun for example_task_group_decorator to 2024-07-31 00:00:00+00:00, run_after=2024-08-01 00:00:00+00:00
[2024-08-01T20:07:35.230+0000] {processor.py:183} INFO - Processing /home/airflow/.local/lib/python3.12/site-packages/airflow/example_dags/example_task_group_decorator.py took 0.088 seconds
[2024-08-01T20:08:05.663+0000] {processor.py:161} INFO - Started process (PID=228) to work on /home/airflow/.local/lib/python3.12/site-packages/airflow/example_dags/example_task_group_decorator.py
[2024-08-01T20:08:05.664+0000] {processor.py:830} INFO - Processing file /home/airflow/.local/lib/python3.12/site-packages/airflow/example_dags/example_task_group_decorator.py for tasks to queue
[2024-08-01T20:08:05.666+0000] {logging_mixin.py:188} INFO - [2024-08-01T20:08:05.665+0000] {dagbag.py:545} INFO - Filling up the DagBag from /home/airflow/.local/lib/python3.12/site-packages/airflow/example_dags/example_task_group_decorator.py
[2024-08-01T20:08:05.678+0000] {processor.py:840} INFO - DAG(s) 'example_task_group_decorator' retrieved from /home/airflow/.local/lib/python3.12/site-packages/airflow/example_dags/example_task_group_decorator.py
[2024-08-01T20:08:05.702+0000] {logging_mixin.py:188} INFO - [2024-08-01T20:08:05.701+0000] {dag.py:3089} INFO - Sync 1 DAGs
[2024-08-01T20:08:05.723+0000] {logging_mixin.py:188} INFO - [2024-08-01T20:08:05.723+0000] {dag.py:3947} INFO - Setting next_dagrun for example_task_group_decorator to 2024-07-31 00:00:00+00:00, run_after=2024-08-01 00:00:00+00:00
[2024-08-01T20:08:05.741+0000] {processor.py:183} INFO - Processing /home/airflow/.local/lib/python3.12/site-packages/airflow/example_dags/example_task_group_decorator.py took 0.082 seconds
[2024-08-01T20:08:36.092+0000] {processor.py:161} INFO - Started process (PID=286) to work on /home/airflow/.local/lib/python3.12/site-packages/airflow/example_dags/example_task_group_decorator.py
[2024-08-01T20:08:36.093+0000] {processor.py:830} INFO - Processing file /home/airflow/.local/lib/python3.12/site-packages/airflow/example_dags/example_task_group_decorator.py for tasks to queue
[2024-08-01T20:08:36.095+0000] {logging_mixin.py:188} INFO - [2024-08-01T20:08:36.094+0000] {dagbag.py:545} INFO - Filling up the DagBag from /home/airflow/.local/lib/python3.12/site-packages/airflow/example_dags/example_task_group_decorator.py
[2024-08-01T20:08:36.108+0000] {processor.py:840} INFO - DAG(s) 'example_task_group_decorator' retrieved from /home/airflow/.local/lib/python3.12/site-packages/airflow/example_dags/example_task_group_decorator.py
[2024-08-01T20:08:36.132+0000] {logging_mixin.py:188} INFO - [2024-08-01T20:08:36.132+0000] {dag.py:3089} INFO - Sync 1 DAGs
[2024-08-01T20:08:36.153+0000] {logging_mixin.py:188} INFO - [2024-08-01T20:08:36.153+0000] {dag.py:3947} INFO - Setting next_dagrun for example_task_group_decorator to 2024-07-31 00:00:00+00:00, run_after=2024-08-01 00:00:00+00:00
[2024-08-01T20:08:36.174+0000] {processor.py:183} INFO - Processing /home/airflow/.local/lib/python3.12/site-packages/airflow/example_dags/example_task_group_decorator.py took 0.086 seconds
[2024-08-01T20:09:06.374+0000] {processor.py:161} INFO - Started process (PID=344) to work on /home/airflow/.local/lib/python3.12/site-packages/airflow/example_dags/example_task_group_decorator.py
[2024-08-01T20:09:06.376+0000] {processor.py:830} INFO - Processing file /home/airflow/.local/lib/python3.12/site-packages/airflow/example_dags/example_task_group_decorator.py for tasks to queue
[2024-08-01T20:09:06.377+0000] {logging_mixin.py:188} INFO - [2024-08-01T20:09:06.377+0000] {dagbag.py:545} INFO - Filling up the DagBag from /home/airflow/.local/lib/python3.12/site-packages/airflow/example_dags/example_task_group_decorator.py
[2024-08-01T20:09:06.391+0000] {processor.py:840} INFO - DAG(s) 'example_task_group_decorator' retrieved from /home/airflow/.local/lib/python3.12/site-packages/airflow/example_dags/example_task_group_decorator.py
[2024-08-01T20:09:06.415+0000] {logging_mixin.py:188} INFO - [2024-08-01T20:09:06.415+0000] {dag.py:3089} INFO - Sync 1 DAGs
[2024-08-01T20:09:06.436+0000] {logging_mixin.py:188} INFO - [2024-08-01T20:09:06.435+0000] {dag.py:3947} INFO - Setting next_dagrun for example_task_group_decorator to 2024-07-31 00:00:00+00:00, run_after=2024-08-01 00:00:00+00:00
[2024-08-01T20:09:06.453+0000] {processor.py:183} INFO - Processing /home/airflow/.local/lib/python3.12/site-packages/airflow/example_dags/example_task_group_decorator.py took 0.083 seconds
[2024-08-01T20:11:17.592+0000] {processor.py:161} INFO - Started process (PID=52) to work on /home/airflow/.local/lib/python3.12/site-packages/airflow/example_dags/example_task_group_decorator.py
[2024-08-01T20:11:17.594+0000] {processor.py:830} INFO - Processing file /home/airflow/.local/lib/python3.12/site-packages/airflow/example_dags/example_task_group_decorator.py for tasks to queue
[2024-08-01T20:11:17.597+0000] {logging_mixin.py:188} INFO - [2024-08-01T20:11:17.596+0000] {dagbag.py:545} INFO - Filling up the DagBag from /home/airflow/.local/lib/python3.12/site-packages/airflow/example_dags/example_task_group_decorator.py
[2024-08-01T20:11:17.622+0000] {processor.py:840} INFO - DAG(s) 'example_task_group_decorator' retrieved from /home/airflow/.local/lib/python3.12/site-packages/airflow/example_dags/example_task_group_decorator.py
[2024-08-01T20:11:17.637+0000] {logging_mixin.py:188} INFO - [2024-08-01T20:11:17.637+0000] {dag.py:3089} INFO - Sync 1 DAGs
[2024-08-01T20:11:17.658+0000] {logging_mixin.py:188} INFO - [2024-08-01T20:11:17.658+0000] {dag.py:3947} INFO - Setting next_dagrun for example_task_group_decorator to 2024-07-31 00:00:00+00:00, run_after=2024-08-01 00:00:00+00:00
[2024-08-01T20:11:17.684+0000] {processor.py:183} INFO - Processing /home/airflow/.local/lib/python3.12/site-packages/airflow/example_dags/example_task_group_decorator.py took 0.098 seconds
[2024-08-01T20:11:48.564+0000] {processor.py:161} INFO - Started process (PID=110) to work on /home/airflow/.local/lib/python3.12/site-packages/airflow/example_dags/example_task_group_decorator.py
[2024-08-01T20:11:48.565+0000] {processor.py:830} INFO - Processing file /home/airflow/.local/lib/python3.12/site-packages/airflow/example_dags/example_task_group_decorator.py for tasks to queue
[2024-08-01T20:11:48.566+0000] {logging_mixin.py:188} INFO - [2024-08-01T20:11:48.566+0000] {dagbag.py:545} INFO - Filling up the DagBag from /home/airflow/.local/lib/python3.12/site-packages/airflow/example_dags/example_task_group_decorator.py
[2024-08-01T20:11:48.589+0000] {processor.py:840} INFO - DAG(s) 'example_task_group_decorator' retrieved from /home/airflow/.local/lib/python3.12/site-packages/airflow/example_dags/example_task_group_decorator.py
[2024-08-01T20:11:48.695+0000] {logging_mixin.py:188} INFO - [2024-08-01T20:11:48.695+0000] {dag.py:3089} INFO - Sync 1 DAGs
[2024-08-01T20:11:48.714+0000] {logging_mixin.py:188} INFO - [2024-08-01T20:11:48.714+0000] {dag.py:3947} INFO - Setting next_dagrun for example_task_group_decorator to 2024-07-31 00:00:00+00:00, run_after=2024-08-01 00:00:00+00:00
[2024-08-01T20:11:48.738+0000] {processor.py:183} INFO - Processing /home/airflow/.local/lib/python3.12/site-packages/airflow/example_dags/example_task_group_decorator.py took 0.179 seconds
[2024-08-01T20:12:18.805+0000] {processor.py:161} INFO - Started process (PID=168) to work on /home/airflow/.local/lib/python3.12/site-packages/airflow/example_dags/example_task_group_decorator.py
[2024-08-01T20:12:18.805+0000] {processor.py:830} INFO - Processing file /home/airflow/.local/lib/python3.12/site-packages/airflow/example_dags/example_task_group_decorator.py for tasks to queue
[2024-08-01T20:12:18.807+0000] {logging_mixin.py:188} INFO - [2024-08-01T20:12:18.807+0000] {dagbag.py:545} INFO - Filling up the DagBag from /home/airflow/.local/lib/python3.12/site-packages/airflow/example_dags/example_task_group_decorator.py
[2024-08-01T20:12:18.820+0000] {processor.py:840} INFO - DAG(s) 'example_task_group_decorator' retrieved from /home/airflow/.local/lib/python3.12/site-packages/airflow/example_dags/example_task_group_decorator.py
[2024-08-01T20:12:18.845+0000] {logging_mixin.py:188} INFO - [2024-08-01T20:12:18.845+0000] {dag.py:3089} INFO - Sync 1 DAGs
[2024-08-01T20:12:18.865+0000] {logging_mixin.py:188} INFO - [2024-08-01T20:12:18.865+0000] {dag.py:3947} INFO - Setting next_dagrun for example_task_group_decorator to 2024-07-31 00:00:00+00:00, run_after=2024-08-01 00:00:00+00:00
[2024-08-01T20:12:18.883+0000] {processor.py:183} INFO - Processing /home/airflow/.local/lib/python3.12/site-packages/airflow/example_dags/example_task_group_decorator.py took 0.083 seconds
[2024-08-01T20:12:49.301+0000] {processor.py:161} INFO - Started process (PID=226) to work on /home/airflow/.local/lib/python3.12/site-packages/airflow/example_dags/example_task_group_decorator.py
[2024-08-01T20:12:49.302+0000] {processor.py:830} INFO - Processing file /home/airflow/.local/lib/python3.12/site-packages/airflow/example_dags/example_task_group_decorator.py for tasks to queue
[2024-08-01T20:12:49.303+0000] {logging_mixin.py:188} INFO - [2024-08-01T20:12:49.303+0000] {dagbag.py:545} INFO - Filling up the DagBag from /home/airflow/.local/lib/python3.12/site-packages/airflow/example_dags/example_task_group_decorator.py
[2024-08-01T20:12:49.316+0000] {processor.py:840} INFO - DAG(s) 'example_task_group_decorator' retrieved from /home/airflow/.local/lib/python3.12/site-packages/airflow/example_dags/example_task_group_decorator.py
[2024-08-01T20:12:49.340+0000] {logging_mixin.py:188} INFO - [2024-08-01T20:12:49.340+0000] {dag.py:3089} INFO - Sync 1 DAGs
[2024-08-01T20:12:49.361+0000] {logging_mixin.py:188} INFO - [2024-08-01T20:12:49.360+0000] {dag.py:3947} INFO - Setting next_dagrun for example_task_group_decorator to 2024-07-31 00:00:00+00:00, run_after=2024-08-01 00:00:00+00:00
[2024-08-01T20:12:49.382+0000] {processor.py:183} INFO - Processing /home/airflow/.local/lib/python3.12/site-packages/airflow/example_dags/example_task_group_decorator.py took 0.086 seconds
[2024-08-01T20:13:19.437+0000] {processor.py:161} INFO - Started process (PID=284) to work on /home/airflow/.local/lib/python3.12/site-packages/airflow/example_dags/example_task_group_decorator.py
[2024-08-01T20:13:19.441+0000] {processor.py:830} INFO - Processing file /home/airflow/.local/lib/python3.12/site-packages/airflow/example_dags/example_task_group_decorator.py for tasks to queue
[2024-08-01T20:13:19.442+0000] {logging_mixin.py:188} INFO - [2024-08-01T20:13:19.442+0000] {dagbag.py:545} INFO - Filling up the DagBag from /home/airflow/.local/lib/python3.12/site-packages/airflow/example_dags/example_task_group_decorator.py
[2024-08-01T20:13:19.454+0000] {processor.py:840} INFO - DAG(s) 'example_task_group_decorator' retrieved from /home/airflow/.local/lib/python3.12/site-packages/airflow/example_dags/example_task_group_decorator.py
[2024-08-01T20:13:19.482+0000] {logging_mixin.py:188} INFO - [2024-08-01T20:13:19.481+0000] {dag.py:3089} INFO - Sync 1 DAGs
[2024-08-01T20:13:19.502+0000] {logging_mixin.py:188} INFO - [2024-08-01T20:13:19.502+0000] {dag.py:3947} INFO - Setting next_dagrun for example_task_group_decorator to 2024-07-31 00:00:00+00:00, run_after=2024-08-01 00:00:00+00:00
[2024-08-01T20:13:19.522+0000] {processor.py:183} INFO - Processing /home/airflow/.local/lib/python3.12/site-packages/airflow/example_dags/example_task_group_decorator.py took 0.090 seconds
[2024-08-01T20:13:49.578+0000] {processor.py:161} INFO - Started process (PID=342) to work on /home/airflow/.local/lib/python3.12/site-packages/airflow/example_dags/example_task_group_decorator.py
[2024-08-01T20:13:49.579+0000] {processor.py:830} INFO - Processing file /home/airflow/.local/lib/python3.12/site-packages/airflow/example_dags/example_task_group_decorator.py for tasks to queue
[2024-08-01T20:13:49.580+0000] {logging_mixin.py:188} INFO - [2024-08-01T20:13:49.580+0000] {dagbag.py:545} INFO - Filling up the DagBag from /home/airflow/.local/lib/python3.12/site-packages/airflow/example_dags/example_task_group_decorator.py
[2024-08-01T20:13:49.594+0000] {processor.py:840} INFO - DAG(s) 'example_task_group_decorator' retrieved from /home/airflow/.local/lib/python3.12/site-packages/airflow/example_dags/example_task_group_decorator.py
[2024-08-01T20:13:49.620+0000] {logging_mixin.py:188} INFO - [2024-08-01T20:13:49.620+0000] {dag.py:3089} INFO - Sync 1 DAGs
[2024-08-01T20:13:49.641+0000] {logging_mixin.py:188} INFO - [2024-08-01T20:13:49.641+0000] {dag.py:3947} INFO - Setting next_dagrun for example_task_group_decorator to 2024-07-31 00:00:00+00:00, run_after=2024-08-01 00:00:00+00:00
[2024-08-01T20:13:49.659+0000] {processor.py:183} INFO - Processing /home/airflow/.local/lib/python3.12/site-packages/airflow/example_dags/example_task_group_decorator.py took 0.086 seconds
[2024-08-01T20:14:20.031+0000] {processor.py:161} INFO - Started process (PID=400) to work on /home/airflow/.local/lib/python3.12/site-packages/airflow/example_dags/example_task_group_decorator.py
[2024-08-01T20:14:20.033+0000] {processor.py:830} INFO - Processing file /home/airflow/.local/lib/python3.12/site-packages/airflow/example_dags/example_task_group_decorator.py for tasks to queue
[2024-08-01T20:14:20.034+0000] {logging_mixin.py:188} INFO - [2024-08-01T20:14:20.034+0000] {dagbag.py:545} INFO - Filling up the DagBag from /home/airflow/.local/lib/python3.12/site-packages/airflow/example_dags/example_task_group_decorator.py
[2024-08-01T20:14:20.048+0000] {processor.py:840} INFO - DAG(s) 'example_task_group_decorator' retrieved from /home/airflow/.local/lib/python3.12/site-packages/airflow/example_dags/example_task_group_decorator.py
[2024-08-01T20:14:20.073+0000] {logging_mixin.py:188} INFO - [2024-08-01T20:14:20.073+0000] {dag.py:3089} INFO - Sync 1 DAGs
[2024-08-01T20:14:20.095+0000] {logging_mixin.py:188} INFO - [2024-08-01T20:14:20.095+0000] {dag.py:3947} INFO - Setting next_dagrun for example_task_group_decorator to 2024-07-31 00:00:00+00:00, run_after=2024-08-01 00:00:00+00:00
[2024-08-01T20:14:20.114+0000] {processor.py:183} INFO - Processing /home/airflow/.local/lib/python3.12/site-packages/airflow/example_dags/example_task_group_decorator.py took 0.088 seconds
[2024-08-01T20:14:50.688+0000] {processor.py:161} INFO - Started process (PID=458) to work on /home/airflow/.local/lib/python3.12/site-packages/airflow/example_dags/example_task_group_decorator.py
[2024-08-01T20:14:50.689+0000] {processor.py:830} INFO - Processing file /home/airflow/.local/lib/python3.12/site-packages/airflow/example_dags/example_task_group_decorator.py for tasks to queue
[2024-08-01T20:14:50.690+0000] {logging_mixin.py:188} INFO - [2024-08-01T20:14:50.690+0000] {dagbag.py:545} INFO - Filling up the DagBag from /home/airflow/.local/lib/python3.12/site-packages/airflow/example_dags/example_task_group_decorator.py
[2024-08-01T20:14:50.703+0000] {processor.py:840} INFO - DAG(s) 'example_task_group_decorator' retrieved from /home/airflow/.local/lib/python3.12/site-packages/airflow/example_dags/example_task_group_decorator.py
[2024-08-01T20:14:50.727+0000] {logging_mixin.py:188} INFO - [2024-08-01T20:14:50.727+0000] {dag.py:3089} INFO - Sync 1 DAGs
[2024-08-01T20:14:50.749+0000] {logging_mixin.py:188} INFO - [2024-08-01T20:14:50.748+0000] {dag.py:3947} INFO - Setting next_dagrun for example_task_group_decorator to 2024-07-31 00:00:00+00:00, run_after=2024-08-01 00:00:00+00:00
[2024-08-01T20:14:50.766+0000] {processor.py:183} INFO - Processing /home/airflow/.local/lib/python3.12/site-packages/airflow/example_dags/example_task_group_decorator.py took 0.083 seconds
[2024-08-01T20:15:20.822+0000] {processor.py:161} INFO - Started process (PID=516) to work on /home/airflow/.local/lib/python3.12/site-packages/airflow/example_dags/example_task_group_decorator.py
[2024-08-01T20:15:20.823+0000] {processor.py:830} INFO - Processing file /home/airflow/.local/lib/python3.12/site-packages/airflow/example_dags/example_task_group_decorator.py for tasks to queue
[2024-08-01T20:15:20.825+0000] {logging_mixin.py:188} INFO - [2024-08-01T20:15:20.825+0000] {dagbag.py:545} INFO - Filling up the DagBag from /home/airflow/.local/lib/python3.12/site-packages/airflow/example_dags/example_task_group_decorator.py
[2024-08-01T20:15:20.838+0000] {processor.py:840} INFO - DAG(s) 'example_task_group_decorator' retrieved from /home/airflow/.local/lib/python3.12/site-packages/airflow/example_dags/example_task_group_decorator.py
[2024-08-01T20:15:20.865+0000] {logging_mixin.py:188} INFO - [2024-08-01T20:15:20.864+0000] {dag.py:3089} INFO - Sync 1 DAGs
[2024-08-01T20:15:20.893+0000] {logging_mixin.py:188} INFO - [2024-08-01T20:15:20.892+0000] {dag.py:3947} INFO - Setting next_dagrun for example_task_group_decorator to 2024-07-31 00:00:00+00:00, run_after=2024-08-01 00:00:00+00:00
[2024-08-01T20:15:20.913+0000] {processor.py:183} INFO - Processing /home/airflow/.local/lib/python3.12/site-packages/airflow/example_dags/example_task_group_decorator.py took 0.096 seconds
[2024-08-01T20:15:51.092+0000] {processor.py:161} INFO - Started process (PID=574) to work on /home/airflow/.local/lib/python3.12/site-packages/airflow/example_dags/example_task_group_decorator.py
[2024-08-01T20:15:51.093+0000] {processor.py:830} INFO - Processing file /home/airflow/.local/lib/python3.12/site-packages/airflow/example_dags/example_task_group_decorator.py for tasks to queue
[2024-08-01T20:15:51.094+0000] {logging_mixin.py:188} INFO - [2024-08-01T20:15:51.094+0000] {dagbag.py:545} INFO - Filling up the DagBag from /home/airflow/.local/lib/python3.12/site-packages/airflow/example_dags/example_task_group_decorator.py
[2024-08-01T20:15:51.106+0000] {processor.py:840} INFO - DAG(s) 'example_task_group_decorator' retrieved from /home/airflow/.local/lib/python3.12/site-packages/airflow/example_dags/example_task_group_decorator.py
[2024-08-01T20:15:51.131+0000] {logging_mixin.py:188} INFO - [2024-08-01T20:15:51.131+0000] {dag.py:3089} INFO - Sync 1 DAGs
[2024-08-01T20:15:51.152+0000] {logging_mixin.py:188} INFO - [2024-08-01T20:15:51.152+0000] {dag.py:3947} INFO - Setting next_dagrun for example_task_group_decorator to 2024-07-31 00:00:00+00:00, run_after=2024-08-01 00:00:00+00:00
[2024-08-01T20:15:51.171+0000] {processor.py:183} INFO - Processing /home/airflow/.local/lib/python3.12/site-packages/airflow/example_dags/example_task_group_decorator.py took 0.084 seconds
[2024-08-01T20:16:21.584+0000] {processor.py:161} INFO - Started process (PID=632) to work on /home/airflow/.local/lib/python3.12/site-packages/airflow/example_dags/example_task_group_decorator.py
[2024-08-01T20:16:21.588+0000] {processor.py:830} INFO - Processing file /home/airflow/.local/lib/python3.12/site-packages/airflow/example_dags/example_task_group_decorator.py for tasks to queue
[2024-08-01T20:16:21.590+0000] {logging_mixin.py:188} INFO - [2024-08-01T20:16:21.590+0000] {dagbag.py:545} INFO - Filling up the DagBag from /home/airflow/.local/lib/python3.12/site-packages/airflow/example_dags/example_task_group_decorator.py
[2024-08-01T20:16:21.604+0000] {processor.py:840} INFO - DAG(s) 'example_task_group_decorator' retrieved from /home/airflow/.local/lib/python3.12/site-packages/airflow/example_dags/example_task_group_decorator.py
[2024-08-01T20:16:21.630+0000] {logging_mixin.py:188} INFO - [2024-08-01T20:16:21.630+0000] {dag.py:3089} INFO - Sync 1 DAGs
[2024-08-01T20:16:21.652+0000] {logging_mixin.py:188} INFO - [2024-08-01T20:16:21.652+0000] {dag.py:3947} INFO - Setting next_dagrun for example_task_group_decorator to 2024-07-31 00:00:00+00:00, run_after=2024-08-01 00:00:00+00:00
[2024-08-01T20:16:21.674+0000] {processor.py:183} INFO - Processing /home/airflow/.local/lib/python3.12/site-packages/airflow/example_dags/example_task_group_decorator.py took 0.095 seconds
