[2024-08-01T20:02:16.977+0000] {processor.py:161} INFO - Started process (PID=55) to work on /home/airflow/.local/lib/python3.12/site-packages/airflow/example_dags/example_setup_teardown.py
[2024-08-01T20:02:16.978+0000] {processor.py:830} INFO - Processing file /home/airflow/.local/lib/python3.12/site-packages/airflow/example_dags/example_setup_teardown.py for tasks to queue
[2024-08-01T20:02:16.980+0000] {logging_mixin.py:188} INFO - [2024-08-01T20:02:16.979+0000] {dagbag.py:545} INFO - Filling up the DagBag from /home/airflow/.local/lib/python3.12/site-packages/airflow/example_dags/example_setup_teardown.py
[2024-08-01T20:02:16.989+0000] {processor.py:840} INFO - DAG(s) 'example_setup_teardown' retrieved from /home/airflow/.local/lib/python3.12/site-packages/airflow/example_dags/example_setup_teardown.py
[2024-08-01T20:02:17.024+0000] {logging_mixin.py:188} INFO - [2024-08-01T20:02:17.024+0000] {dag.py:3089} INFO - Sync 1 DAGs
[2024-08-01T20:02:17.053+0000] {logging_mixin.py:188} INFO - [2024-08-01T20:02:17.053+0000] {dag.py:3947} INFO - Setting next_dagrun for example_setup_teardown to 2024-07-31 00:00:00+00:00, run_after=2024-08-01 00:00:00+00:00
[2024-08-01T20:02:17.080+0000] {processor.py:183} INFO - Processing /home/airflow/.local/lib/python3.12/site-packages/airflow/example_dags/example_setup_teardown.py took 0.108 seconds
[2024-08-01T20:02:48.948+0000] {processor.py:161} INFO - Started process (PID=119) to work on /home/airflow/.local/lib/python3.12/site-packages/airflow/example_dags/example_setup_teardown.py
[2024-08-01T20:02:48.949+0000] {processor.py:830} INFO - Processing file /home/airflow/.local/lib/python3.12/site-packages/airflow/example_dags/example_setup_teardown.py for tasks to queue
[2024-08-01T20:02:48.951+0000] {logging_mixin.py:188} INFO - [2024-08-01T20:02:48.951+0000] {dagbag.py:545} INFO - Filling up the DagBag from /home/airflow/.local/lib/python3.12/site-packages/airflow/example_dags/example_setup_teardown.py
[2024-08-01T20:02:48.959+0000] {processor.py:840} INFO - DAG(s) 'example_setup_teardown' retrieved from /home/airflow/.local/lib/python3.12/site-packages/airflow/example_dags/example_setup_teardown.py
[2024-08-01T20:02:49.123+0000] {logging_mixin.py:188} INFO - [2024-08-01T20:02:49.123+0000] {dag.py:3089} INFO - Sync 1 DAGs
[2024-08-01T20:02:49.153+0000] {logging_mixin.py:188} INFO - [2024-08-01T20:02:49.153+0000] {dag.py:3947} INFO - Setting next_dagrun for example_setup_teardown to 2024-07-31 00:00:00+00:00, run_after=2024-08-01 00:00:00+00:00
[2024-08-01T20:02:49.209+0000] {processor.py:183} INFO - Processing /home/airflow/.local/lib/python3.12/site-packages/airflow/example_dags/example_setup_teardown.py took 0.267 seconds
[2024-08-01T20:03:19.495+0000] {processor.py:161} INFO - Started process (PID=177) to work on /home/airflow/.local/lib/python3.12/site-packages/airflow/example_dags/example_setup_teardown.py
[2024-08-01T20:03:19.523+0000] {processor.py:830} INFO - Processing file /home/airflow/.local/lib/python3.12/site-packages/airflow/example_dags/example_setup_teardown.py for tasks to queue
[2024-08-01T20:03:19.525+0000] {logging_mixin.py:188} INFO - [2024-08-01T20:03:19.525+0000] {dagbag.py:545} INFO - Filling up the DagBag from /home/airflow/.local/lib/python3.12/site-packages/airflow/example_dags/example_setup_teardown.py
[2024-08-01T20:03:19.541+0000] {processor.py:840} INFO - DAG(s) 'example_setup_teardown' retrieved from /home/airflow/.local/lib/python3.12/site-packages/airflow/example_dags/example_setup_teardown.py
[2024-08-01T20:03:19.644+0000] {logging_mixin.py:188} INFO - [2024-08-01T20:03:19.644+0000] {dag.py:3089} INFO - Sync 1 DAGs
[2024-08-01T20:03:19.695+0000] {logging_mixin.py:188} INFO - [2024-08-01T20:03:19.694+0000] {dag.py:3947} INFO - Setting next_dagrun for example_setup_teardown to 2024-07-31 00:00:00+00:00, run_after=2024-08-01 00:00:00+00:00
[2024-08-01T20:03:19.781+0000] {processor.py:183} INFO - Processing /home/airflow/.local/lib/python3.12/site-packages/airflow/example_dags/example_setup_teardown.py took 0.292 seconds
[2024-08-01T20:03:50.468+0000] {processor.py:161} INFO - Started process (PID=235) to work on /home/airflow/.local/lib/python3.12/site-packages/airflow/example_dags/example_setup_teardown.py
[2024-08-01T20:03:50.499+0000] {processor.py:830} INFO - Processing file /home/airflow/.local/lib/python3.12/site-packages/airflow/example_dags/example_setup_teardown.py for tasks to queue
[2024-08-01T20:03:50.501+0000] {logging_mixin.py:188} INFO - [2024-08-01T20:03:50.500+0000] {dagbag.py:545} INFO - Filling up the DagBag from /home/airflow/.local/lib/python3.12/site-packages/airflow/example_dags/example_setup_teardown.py
[2024-08-01T20:03:50.506+0000] {processor.py:840} INFO - DAG(s) 'example_setup_teardown' retrieved from /home/airflow/.local/lib/python3.12/site-packages/airflow/example_dags/example_setup_teardown.py
[2024-08-01T20:03:50.525+0000] {logging_mixin.py:188} INFO - [2024-08-01T20:03:50.524+0000] {dag.py:3089} INFO - Sync 1 DAGs
[2024-08-01T20:03:50.545+0000] {logging_mixin.py:188} INFO - [2024-08-01T20:03:50.545+0000] {dag.py:3947} INFO - Setting next_dagrun for example_setup_teardown to 2024-07-31 00:00:00+00:00, run_after=2024-08-01 00:00:00+00:00
[2024-08-01T20:03:50.564+0000] {processor.py:183} INFO - Processing /home/airflow/.local/lib/python3.12/site-packages/airflow/example_dags/example_setup_teardown.py took 0.100 seconds
[2024-08-01T20:04:20.851+0000] {processor.py:161} INFO - Started process (PID=293) to work on /home/airflow/.local/lib/python3.12/site-packages/airflow/example_dags/example_setup_teardown.py
[2024-08-01T20:04:20.852+0000] {processor.py:830} INFO - Processing file /home/airflow/.local/lib/python3.12/site-packages/airflow/example_dags/example_setup_teardown.py for tasks to queue
[2024-08-01T20:04:20.854+0000] {logging_mixin.py:188} INFO - [2024-08-01T20:04:20.853+0000] {dagbag.py:545} INFO - Filling up the DagBag from /home/airflow/.local/lib/python3.12/site-packages/airflow/example_dags/example_setup_teardown.py
[2024-08-01T20:04:20.860+0000] {processor.py:840} INFO - DAG(s) 'example_setup_teardown' retrieved from /home/airflow/.local/lib/python3.12/site-packages/airflow/example_dags/example_setup_teardown.py
[2024-08-01T20:04:20.879+0000] {logging_mixin.py:188} INFO - [2024-08-01T20:04:20.878+0000] {dag.py:3089} INFO - Sync 1 DAGs
[2024-08-01T20:04:20.897+0000] {logging_mixin.py:188} INFO - [2024-08-01T20:04:20.897+0000] {dag.py:3947} INFO - Setting next_dagrun for example_setup_teardown to 2024-07-31 00:00:00+00:00, run_after=2024-08-01 00:00:00+00:00
[2024-08-01T20:04:20.918+0000] {processor.py:183} INFO - Processing /home/airflow/.local/lib/python3.12/site-packages/airflow/example_dags/example_setup_teardown.py took 0.074 seconds
[2024-08-01T20:04:51.467+0000] {processor.py:161} INFO - Started process (PID=351) to work on /home/airflow/.local/lib/python3.12/site-packages/airflow/example_dags/example_setup_teardown.py
[2024-08-01T20:04:51.468+0000] {processor.py:830} INFO - Processing file /home/airflow/.local/lib/python3.12/site-packages/airflow/example_dags/example_setup_teardown.py for tasks to queue
[2024-08-01T20:04:51.470+0000] {logging_mixin.py:188} INFO - [2024-08-01T20:04:51.469+0000] {dagbag.py:545} INFO - Filling up the DagBag from /home/airflow/.local/lib/python3.12/site-packages/airflow/example_dags/example_setup_teardown.py
[2024-08-01T20:04:51.479+0000] {processor.py:840} INFO - DAG(s) 'example_setup_teardown' retrieved from /home/airflow/.local/lib/python3.12/site-packages/airflow/example_dags/example_setup_teardown.py
[2024-08-01T20:04:51.506+0000] {logging_mixin.py:188} INFO - [2024-08-01T20:04:51.506+0000] {dag.py:3089} INFO - Sync 1 DAGs
[2024-08-01T20:04:51.535+0000] {logging_mixin.py:188} INFO - [2024-08-01T20:04:51.534+0000] {dag.py:3947} INFO - Setting next_dagrun for example_setup_teardown to 2024-07-31 00:00:00+00:00, run_after=2024-08-01 00:00:00+00:00
[2024-08-01T20:04:51.575+0000] {processor.py:183} INFO - Processing /home/airflow/.local/lib/python3.12/site-packages/airflow/example_dags/example_setup_teardown.py took 0.107 seconds
[2024-08-01T20:05:22.300+0000] {processor.py:161} INFO - Started process (PID=409) to work on /home/airflow/.local/lib/python3.12/site-packages/airflow/example_dags/example_setup_teardown.py
[2024-08-01T20:05:22.301+0000] {processor.py:830} INFO - Processing file /home/airflow/.local/lib/python3.12/site-packages/airflow/example_dags/example_setup_teardown.py for tasks to queue
[2024-08-01T20:05:22.302+0000] {logging_mixin.py:188} INFO - [2024-08-01T20:05:22.302+0000] {dagbag.py:545} INFO - Filling up the DagBag from /home/airflow/.local/lib/python3.12/site-packages/airflow/example_dags/example_setup_teardown.py
[2024-08-01T20:05:22.307+0000] {processor.py:840} INFO - DAG(s) 'example_setup_teardown' retrieved from /home/airflow/.local/lib/python3.12/site-packages/airflow/example_dags/example_setup_teardown.py
[2024-08-01T20:05:22.325+0000] {logging_mixin.py:188} INFO - [2024-08-01T20:05:22.324+0000] {dag.py:3089} INFO - Sync 1 DAGs
[2024-08-01T20:05:22.343+0000] {logging_mixin.py:188} INFO - [2024-08-01T20:05:22.343+0000] {dag.py:3947} INFO - Setting next_dagrun for example_setup_teardown to 2024-07-31 00:00:00+00:00, run_after=2024-08-01 00:00:00+00:00
[2024-08-01T20:05:22.361+0000] {processor.py:183} INFO - Processing /home/airflow/.local/lib/python3.12/site-packages/airflow/example_dags/example_setup_teardown.py took 0.066 seconds
[2024-08-01T20:05:52.466+0000] {processor.py:161} INFO - Started process (PID=467) to work on /home/airflow/.local/lib/python3.12/site-packages/airflow/example_dags/example_setup_teardown.py
[2024-08-01T20:05:52.467+0000] {processor.py:830} INFO - Processing file /home/airflow/.local/lib/python3.12/site-packages/airflow/example_dags/example_setup_teardown.py for tasks to queue
[2024-08-01T20:05:52.468+0000] {logging_mixin.py:188} INFO - [2024-08-01T20:05:52.468+0000] {dagbag.py:545} INFO - Filling up the DagBag from /home/airflow/.local/lib/python3.12/site-packages/airflow/example_dags/example_setup_teardown.py
[2024-08-01T20:05:52.473+0000] {processor.py:840} INFO - DAG(s) 'example_setup_teardown' retrieved from /home/airflow/.local/lib/python3.12/site-packages/airflow/example_dags/example_setup_teardown.py
[2024-08-01T20:05:52.493+0000] {logging_mixin.py:188} INFO - [2024-08-01T20:05:52.493+0000] {dag.py:3089} INFO - Sync 1 DAGs
[2024-08-01T20:05:52.513+0000] {logging_mixin.py:188} INFO - [2024-08-01T20:05:52.513+0000] {dag.py:3947} INFO - Setting next_dagrun for example_setup_teardown to 2024-07-31 00:00:00+00:00, run_after=2024-08-01 00:00:00+00:00
[2024-08-01T20:05:52.532+0000] {processor.py:183} INFO - Processing /home/airflow/.local/lib/python3.12/site-packages/airflow/example_dags/example_setup_teardown.py took 0.071 seconds
[2024-08-01T20:06:33.972+0000] {processor.py:161} INFO - Started process (PID=55) to work on /home/airflow/.local/lib/python3.12/site-packages/airflow/example_dags/example_setup_teardown.py
[2024-08-01T20:06:33.977+0000] {processor.py:830} INFO - Processing file /home/airflow/.local/lib/python3.12/site-packages/airflow/example_dags/example_setup_teardown.py for tasks to queue
[2024-08-01T20:06:33.979+0000] {logging_mixin.py:188} INFO - [2024-08-01T20:06:33.978+0000] {dagbag.py:545} INFO - Filling up the DagBag from /home/airflow/.local/lib/python3.12/site-packages/airflow/example_dags/example_setup_teardown.py
[2024-08-01T20:06:33.989+0000] {processor.py:840} INFO - DAG(s) 'example_setup_teardown' retrieved from /home/airflow/.local/lib/python3.12/site-packages/airflow/example_dags/example_setup_teardown.py
[2024-08-01T20:06:34.011+0000] {logging_mixin.py:188} INFO - [2024-08-01T20:06:34.011+0000] {dag.py:3089} INFO - Sync 1 DAGs
[2024-08-01T20:06:34.034+0000] {logging_mixin.py:188} INFO - [2024-08-01T20:06:34.033+0000] {dag.py:3947} INFO - Setting next_dagrun for example_setup_teardown to 2024-07-31 00:00:00+00:00, run_after=2024-08-01 00:00:00+00:00
[2024-08-01T20:06:34.055+0000] {processor.py:183} INFO - Processing /home/airflow/.local/lib/python3.12/site-packages/airflow/example_dags/example_setup_teardown.py took 0.088 seconds
[2024-08-01T20:07:05.077+0000] {processor.py:161} INFO - Started process (PID=113) to work on /home/airflow/.local/lib/python3.12/site-packages/airflow/example_dags/example_setup_teardown.py
[2024-08-01T20:07:05.079+0000] {processor.py:830} INFO - Processing file /home/airflow/.local/lib/python3.12/site-packages/airflow/example_dags/example_setup_teardown.py for tasks to queue
[2024-08-01T20:07:05.080+0000] {logging_mixin.py:188} INFO - [2024-08-01T20:07:05.080+0000] {dagbag.py:545} INFO - Filling up the DagBag from /home/airflow/.local/lib/python3.12/site-packages/airflow/example_dags/example_setup_teardown.py
[2024-08-01T20:07:05.087+0000] {processor.py:840} INFO - DAG(s) 'example_setup_teardown' retrieved from /home/airflow/.local/lib/python3.12/site-packages/airflow/example_dags/example_setup_teardown.py
[2024-08-01T20:07:05.109+0000] {logging_mixin.py:188} INFO - [2024-08-01T20:07:05.109+0000] {dag.py:3089} INFO - Sync 1 DAGs
[2024-08-01T20:07:05.131+0000] {logging_mixin.py:188} INFO - [2024-08-01T20:07:05.131+0000] {dag.py:3947} INFO - Setting next_dagrun for example_setup_teardown to 2024-07-31 00:00:00+00:00, run_after=2024-08-01 00:00:00+00:00
[2024-08-01T20:07:05.152+0000] {processor.py:183} INFO - Processing /home/airflow/.local/lib/python3.12/site-packages/airflow/example_dags/example_setup_teardown.py took 0.080 seconds
[2024-08-01T20:07:35.244+0000] {processor.py:161} INFO - Started process (PID=171) to work on /home/airflow/.local/lib/python3.12/site-packages/airflow/example_dags/example_setup_teardown.py
[2024-08-01T20:07:35.245+0000] {processor.py:830} INFO - Processing file /home/airflow/.local/lib/python3.12/site-packages/airflow/example_dags/example_setup_teardown.py for tasks to queue
[2024-08-01T20:07:35.246+0000] {logging_mixin.py:188} INFO - [2024-08-01T20:07:35.246+0000] {dagbag.py:545} INFO - Filling up the DagBag from /home/airflow/.local/lib/python3.12/site-packages/airflow/example_dags/example_setup_teardown.py
[2024-08-01T20:07:35.252+0000] {processor.py:840} INFO - DAG(s) 'example_setup_teardown' retrieved from /home/airflow/.local/lib/python3.12/site-packages/airflow/example_dags/example_setup_teardown.py
[2024-08-01T20:07:35.271+0000] {logging_mixin.py:188} INFO - [2024-08-01T20:07:35.270+0000] {dag.py:3089} INFO - Sync 1 DAGs
[2024-08-01T20:07:35.292+0000] {logging_mixin.py:188} INFO - [2024-08-01T20:07:35.292+0000] {dag.py:3947} INFO - Setting next_dagrun for example_setup_teardown to 2024-07-31 00:00:00+00:00, run_after=2024-08-01 00:00:00+00:00
[2024-08-01T20:07:35.311+0000] {processor.py:183} INFO - Processing /home/airflow/.local/lib/python3.12/site-packages/airflow/example_dags/example_setup_teardown.py took 0.072 seconds
[2024-08-01T20:08:05.700+0000] {processor.py:161} INFO - Started process (PID=229) to work on /home/airflow/.local/lib/python3.12/site-packages/airflow/example_dags/example_setup_teardown.py
[2024-08-01T20:08:05.701+0000] {processor.py:830} INFO - Processing file /home/airflow/.local/lib/python3.12/site-packages/airflow/example_dags/example_setup_teardown.py for tasks to queue
[2024-08-01T20:08:05.702+0000] {logging_mixin.py:188} INFO - [2024-08-01T20:08:05.702+0000] {dagbag.py:545} INFO - Filling up the DagBag from /home/airflow/.local/lib/python3.12/site-packages/airflow/example_dags/example_setup_teardown.py
[2024-08-01T20:08:05.707+0000] {processor.py:840} INFO - DAG(s) 'example_setup_teardown' retrieved from /home/airflow/.local/lib/python3.12/site-packages/airflow/example_dags/example_setup_teardown.py
[2024-08-01T20:08:05.726+0000] {logging_mixin.py:188} INFO - [2024-08-01T20:08:05.726+0000] {dag.py:3089} INFO - Sync 1 DAGs
[2024-08-01T20:08:05.745+0000] {logging_mixin.py:188} INFO - [2024-08-01T20:08:05.745+0000] {dag.py:3947} INFO - Setting next_dagrun for example_setup_teardown to 2024-07-31 00:00:00+00:00, run_after=2024-08-01 00:00:00+00:00
[2024-08-01T20:08:05.763+0000] {processor.py:183} INFO - Processing /home/airflow/.local/lib/python3.12/site-packages/airflow/example_dags/example_setup_teardown.py took 0.068 seconds
[2024-08-01T20:08:36.134+0000] {processor.py:161} INFO - Started process (PID=287) to work on /home/airflow/.local/lib/python3.12/site-packages/airflow/example_dags/example_setup_teardown.py
[2024-08-01T20:08:36.135+0000] {processor.py:830} INFO - Processing file /home/airflow/.local/lib/python3.12/site-packages/airflow/example_dags/example_setup_teardown.py for tasks to queue
[2024-08-01T20:08:36.136+0000] {logging_mixin.py:188} INFO - [2024-08-01T20:08:36.136+0000] {dagbag.py:545} INFO - Filling up the DagBag from /home/airflow/.local/lib/python3.12/site-packages/airflow/example_dags/example_setup_teardown.py
[2024-08-01T20:08:36.141+0000] {processor.py:840} INFO - DAG(s) 'example_setup_teardown' retrieved from /home/airflow/.local/lib/python3.12/site-packages/airflow/example_dags/example_setup_teardown.py
[2024-08-01T20:08:36.162+0000] {logging_mixin.py:188} INFO - [2024-08-01T20:08:36.162+0000] {dag.py:3089} INFO - Sync 1 DAGs
[2024-08-01T20:08:36.185+0000] {logging_mixin.py:188} INFO - [2024-08-01T20:08:36.184+0000] {dag.py:3947} INFO - Setting next_dagrun for example_setup_teardown to 2024-07-31 00:00:00+00:00, run_after=2024-08-01 00:00:00+00:00
[2024-08-01T20:08:36.207+0000] {processor.py:183} INFO - Processing /home/airflow/.local/lib/python3.12/site-packages/airflow/example_dags/example_setup_teardown.py took 0.077 seconds
[2024-08-01T20:09:06.414+0000] {processor.py:161} INFO - Started process (PID=345) to work on /home/airflow/.local/lib/python3.12/site-packages/airflow/example_dags/example_setup_teardown.py
[2024-08-01T20:09:06.417+0000] {processor.py:830} INFO - Processing file /home/airflow/.local/lib/python3.12/site-packages/airflow/example_dags/example_setup_teardown.py for tasks to queue
[2024-08-01T20:09:06.418+0000] {logging_mixin.py:188} INFO - [2024-08-01T20:09:06.418+0000] {dagbag.py:545} INFO - Filling up the DagBag from /home/airflow/.local/lib/python3.12/site-packages/airflow/example_dags/example_setup_teardown.py
[2024-08-01T20:09:06.424+0000] {processor.py:840} INFO - DAG(s) 'example_setup_teardown' retrieved from /home/airflow/.local/lib/python3.12/site-packages/airflow/example_dags/example_setup_teardown.py
[2024-08-01T20:09:06.442+0000] {logging_mixin.py:188} INFO - [2024-08-01T20:09:06.442+0000] {dag.py:3089} INFO - Sync 1 DAGs
[2024-08-01T20:09:06.461+0000] {logging_mixin.py:188} INFO - [2024-08-01T20:09:06.461+0000] {dag.py:3947} INFO - Setting next_dagrun for example_setup_teardown to 2024-07-31 00:00:00+00:00, run_after=2024-08-01 00:00:00+00:00
[2024-08-01T20:09:06.479+0000] {processor.py:183} INFO - Processing /home/airflow/.local/lib/python3.12/site-packages/airflow/example_dags/example_setup_teardown.py took 0.070 seconds
[2024-08-01T20:11:17.705+0000] {processor.py:161} INFO - Started process (PID=53) to work on /home/airflow/.local/lib/python3.12/site-packages/airflow/example_dags/example_setup_teardown.py
[2024-08-01T20:11:17.707+0000] {processor.py:830} INFO - Processing file /home/airflow/.local/lib/python3.12/site-packages/airflow/example_dags/example_setup_teardown.py for tasks to queue
[2024-08-01T20:11:17.709+0000] {logging_mixin.py:188} INFO - [2024-08-01T20:11:17.709+0000] {dagbag.py:545} INFO - Filling up the DagBag from /home/airflow/.local/lib/python3.12/site-packages/airflow/example_dags/example_setup_teardown.py
[2024-08-01T20:11:17.718+0000] {processor.py:840} INFO - DAG(s) 'example_setup_teardown' retrieved from /home/airflow/.local/lib/python3.12/site-packages/airflow/example_dags/example_setup_teardown.py
[2024-08-01T20:11:17.735+0000] {logging_mixin.py:188} INFO - [2024-08-01T20:11:17.734+0000] {dag.py:3089} INFO - Sync 1 DAGs
[2024-08-01T20:11:17.757+0000] {logging_mixin.py:188} INFO - [2024-08-01T20:11:17.757+0000] {dag.py:3947} INFO - Setting next_dagrun for example_setup_teardown to 2024-07-31 00:00:00+00:00, run_after=2024-08-01 00:00:00+00:00
[2024-08-01T20:11:17.780+0000] {processor.py:183} INFO - Processing /home/airflow/.local/lib/python3.12/site-packages/airflow/example_dags/example_setup_teardown.py took 0.080 seconds
[2024-08-01T20:11:48.624+0000] {processor.py:161} INFO - Started process (PID=111) to work on /home/airflow/.local/lib/python3.12/site-packages/airflow/example_dags/example_setup_teardown.py
[2024-08-01T20:11:48.625+0000] {processor.py:830} INFO - Processing file /home/airflow/.local/lib/python3.12/site-packages/airflow/example_dags/example_setup_teardown.py for tasks to queue
[2024-08-01T20:11:48.627+0000] {logging_mixin.py:188} INFO - [2024-08-01T20:11:48.626+0000] {dagbag.py:545} INFO - Filling up the DagBag from /home/airflow/.local/lib/python3.12/site-packages/airflow/example_dags/example_setup_teardown.py
[2024-08-01T20:11:48.633+0000] {processor.py:840} INFO - DAG(s) 'example_setup_teardown' retrieved from /home/airflow/.local/lib/python3.12/site-packages/airflow/example_dags/example_setup_teardown.py
[2024-08-01T20:11:48.731+0000] {logging_mixin.py:188} INFO - [2024-08-01T20:11:48.730+0000] {dag.py:3089} INFO - Sync 1 DAGs
[2024-08-01T20:11:48.749+0000] {logging_mixin.py:188} INFO - [2024-08-01T20:11:48.749+0000] {dag.py:3947} INFO - Setting next_dagrun for example_setup_teardown to 2024-07-31 00:00:00+00:00, run_after=2024-08-01 00:00:00+00:00
[2024-08-01T20:11:48.774+0000] {processor.py:183} INFO - Processing /home/airflow/.local/lib/python3.12/site-packages/airflow/example_dags/example_setup_teardown.py took 0.155 seconds
[2024-08-01T20:12:18.856+0000] {processor.py:161} INFO - Started process (PID=169) to work on /home/airflow/.local/lib/python3.12/site-packages/airflow/example_dags/example_setup_teardown.py
[2024-08-01T20:12:18.857+0000] {processor.py:830} INFO - Processing file /home/airflow/.local/lib/python3.12/site-packages/airflow/example_dags/example_setup_teardown.py for tasks to queue
[2024-08-01T20:12:18.858+0000] {logging_mixin.py:188} INFO - [2024-08-01T20:12:18.858+0000] {dagbag.py:545} INFO - Filling up the DagBag from /home/airflow/.local/lib/python3.12/site-packages/airflow/example_dags/example_setup_teardown.py
[2024-08-01T20:12:18.864+0000] {processor.py:840} INFO - DAG(s) 'example_setup_teardown' retrieved from /home/airflow/.local/lib/python3.12/site-packages/airflow/example_dags/example_setup_teardown.py
[2024-08-01T20:12:18.882+0000] {logging_mixin.py:188} INFO - [2024-08-01T20:12:18.882+0000] {dag.py:3089} INFO - Sync 1 DAGs
[2024-08-01T20:12:18.901+0000] {logging_mixin.py:188} INFO - [2024-08-01T20:12:18.901+0000] {dag.py:3947} INFO - Setting next_dagrun for example_setup_teardown to 2024-07-31 00:00:00+00:00, run_after=2024-08-01 00:00:00+00:00
[2024-08-01T20:12:18.920+0000] {processor.py:183} INFO - Processing /home/airflow/.local/lib/python3.12/site-packages/airflow/example_dags/example_setup_teardown.py took 0.069 seconds
[2024-08-01T20:12:49.338+0000] {processor.py:161} INFO - Started process (PID=227) to work on /home/airflow/.local/lib/python3.12/site-packages/airflow/example_dags/example_setup_teardown.py
[2024-08-01T20:12:49.339+0000] {processor.py:830} INFO - Processing file /home/airflow/.local/lib/python3.12/site-packages/airflow/example_dags/example_setup_teardown.py for tasks to queue
[2024-08-01T20:12:49.341+0000] {logging_mixin.py:188} INFO - [2024-08-01T20:12:49.340+0000] {dagbag.py:545} INFO - Filling up the DagBag from /home/airflow/.local/lib/python3.12/site-packages/airflow/example_dags/example_setup_teardown.py
[2024-08-01T20:12:49.346+0000] {processor.py:840} INFO - DAG(s) 'example_setup_teardown' retrieved from /home/airflow/.local/lib/python3.12/site-packages/airflow/example_dags/example_setup_teardown.py
[2024-08-01T20:12:49.364+0000] {logging_mixin.py:188} INFO - [2024-08-01T20:12:49.364+0000] {dag.py:3089} INFO - Sync 1 DAGs
[2024-08-01T20:12:49.385+0000] {logging_mixin.py:188} INFO - [2024-08-01T20:12:49.385+0000] {dag.py:3947} INFO - Setting next_dagrun for example_setup_teardown to 2024-07-31 00:00:00+00:00, run_after=2024-08-01 00:00:00+00:00
[2024-08-01T20:12:49.410+0000] {processor.py:183} INFO - Processing /home/airflow/.local/lib/python3.12/site-packages/airflow/example_dags/example_setup_teardown.py took 0.077 seconds
[2024-08-01T20:13:19.469+0000] {processor.py:161} INFO - Started process (PID=285) to work on /home/airflow/.local/lib/python3.12/site-packages/airflow/example_dags/example_setup_teardown.py
[2024-08-01T20:13:19.471+0000] {processor.py:830} INFO - Processing file /home/airflow/.local/lib/python3.12/site-packages/airflow/example_dags/example_setup_teardown.py for tasks to queue
[2024-08-01T20:13:19.473+0000] {logging_mixin.py:188} INFO - [2024-08-01T20:13:19.473+0000] {dagbag.py:545} INFO - Filling up the DagBag from /home/airflow/.local/lib/python3.12/site-packages/airflow/example_dags/example_setup_teardown.py
[2024-08-01T20:13:19.479+0000] {processor.py:840} INFO - DAG(s) 'example_setup_teardown' retrieved from /home/airflow/.local/lib/python3.12/site-packages/airflow/example_dags/example_setup_teardown.py
[2024-08-01T20:13:19.500+0000] {logging_mixin.py:188} INFO - [2024-08-01T20:13:19.500+0000] {dag.py:3089} INFO - Sync 1 DAGs
[2024-08-01T20:13:19.523+0000] {logging_mixin.py:188} INFO - [2024-08-01T20:13:19.522+0000] {dag.py:3947} INFO - Setting next_dagrun for example_setup_teardown to 2024-07-31 00:00:00+00:00, run_after=2024-08-01 00:00:00+00:00
[2024-08-01T20:13:19.544+0000] {processor.py:183} INFO - Processing /home/airflow/.local/lib/python3.12/site-packages/airflow/example_dags/example_setup_teardown.py took 0.081 seconds
[2024-08-01T20:13:49.614+0000] {processor.py:161} INFO - Started process (PID=343) to work on /home/airflow/.local/lib/python3.12/site-packages/airflow/example_dags/example_setup_teardown.py
[2024-08-01T20:13:49.615+0000] {processor.py:830} INFO - Processing file /home/airflow/.local/lib/python3.12/site-packages/airflow/example_dags/example_setup_teardown.py for tasks to queue
[2024-08-01T20:13:49.617+0000] {logging_mixin.py:188} INFO - [2024-08-01T20:13:49.616+0000] {dagbag.py:545} INFO - Filling up the DagBag from /home/airflow/.local/lib/python3.12/site-packages/airflow/example_dags/example_setup_teardown.py
[2024-08-01T20:13:49.622+0000] {processor.py:840} INFO - DAG(s) 'example_setup_teardown' retrieved from /home/airflow/.local/lib/python3.12/site-packages/airflow/example_dags/example_setup_teardown.py
[2024-08-01T20:13:49.642+0000] {logging_mixin.py:188} INFO - [2024-08-01T20:13:49.641+0000] {dag.py:3089} INFO - Sync 1 DAGs
[2024-08-01T20:13:49.661+0000] {logging_mixin.py:188} INFO - [2024-08-01T20:13:49.660+0000] {dag.py:3947} INFO - Setting next_dagrun for example_setup_teardown to 2024-07-31 00:00:00+00:00, run_after=2024-08-01 00:00:00+00:00
[2024-08-01T20:13:49.681+0000] {processor.py:183} INFO - Processing /home/airflow/.local/lib/python3.12/site-packages/airflow/example_dags/example_setup_teardown.py took 0.071 seconds
[2024-08-01T20:14:20.067+0000] {processor.py:161} INFO - Started process (PID=401) to work on /home/airflow/.local/lib/python3.12/site-packages/airflow/example_dags/example_setup_teardown.py
[2024-08-01T20:14:20.069+0000] {processor.py:830} INFO - Processing file /home/airflow/.local/lib/python3.12/site-packages/airflow/example_dags/example_setup_teardown.py for tasks to queue
[2024-08-01T20:14:20.070+0000] {logging_mixin.py:188} INFO - [2024-08-01T20:14:20.070+0000] {dagbag.py:545} INFO - Filling up the DagBag from /home/airflow/.local/lib/python3.12/site-packages/airflow/example_dags/example_setup_teardown.py
[2024-08-01T20:14:20.077+0000] {processor.py:840} INFO - DAG(s) 'example_setup_teardown' retrieved from /home/airflow/.local/lib/python3.12/site-packages/airflow/example_dags/example_setup_teardown.py
[2024-08-01T20:14:20.096+0000] {logging_mixin.py:188} INFO - [2024-08-01T20:14:20.096+0000] {dag.py:3089} INFO - Sync 1 DAGs
[2024-08-01T20:14:20.116+0000] {logging_mixin.py:188} INFO - [2024-08-01T20:14:20.116+0000] {dag.py:3947} INFO - Setting next_dagrun for example_setup_teardown to 2024-07-31 00:00:00+00:00, run_after=2024-08-01 00:00:00+00:00
[2024-08-01T20:14:20.137+0000] {processor.py:183} INFO - Processing /home/airflow/.local/lib/python3.12/site-packages/airflow/example_dags/example_setup_teardown.py took 0.074 seconds
[2024-08-01T20:14:50.726+0000] {processor.py:161} INFO - Started process (PID=459) to work on /home/airflow/.local/lib/python3.12/site-packages/airflow/example_dags/example_setup_teardown.py
[2024-08-01T20:14:50.728+0000] {processor.py:830} INFO - Processing file /home/airflow/.local/lib/python3.12/site-packages/airflow/example_dags/example_setup_teardown.py for tasks to queue
[2024-08-01T20:14:50.729+0000] {logging_mixin.py:188} INFO - [2024-08-01T20:14:50.729+0000] {dagbag.py:545} INFO - Filling up the DagBag from /home/airflow/.local/lib/python3.12/site-packages/airflow/example_dags/example_setup_teardown.py
[2024-08-01T20:14:50.735+0000] {processor.py:840} INFO - DAG(s) 'example_setup_teardown' retrieved from /home/airflow/.local/lib/python3.12/site-packages/airflow/example_dags/example_setup_teardown.py
[2024-08-01T20:14:50.753+0000] {logging_mixin.py:188} INFO - [2024-08-01T20:14:50.753+0000] {dag.py:3089} INFO - Sync 1 DAGs
[2024-08-01T20:14:50.773+0000] {logging_mixin.py:188} INFO - [2024-08-01T20:14:50.773+0000] {dag.py:3947} INFO - Setting next_dagrun for example_setup_teardown to 2024-07-31 00:00:00+00:00, run_after=2024-08-01 00:00:00+00:00
[2024-08-01T20:14:50.792+0000] {processor.py:183} INFO - Processing /home/airflow/.local/lib/python3.12/site-packages/airflow/example_dags/example_setup_teardown.py took 0.071 seconds
[2024-08-01T20:15:20.855+0000] {processor.py:161} INFO - Started process (PID=517) to work on /home/airflow/.local/lib/python3.12/site-packages/airflow/example_dags/example_setup_teardown.py
[2024-08-01T20:15:20.856+0000] {processor.py:830} INFO - Processing file /home/airflow/.local/lib/python3.12/site-packages/airflow/example_dags/example_setup_teardown.py for tasks to queue
[2024-08-01T20:15:20.859+0000] {logging_mixin.py:188} INFO - [2024-08-01T20:15:20.859+0000] {dagbag.py:545} INFO - Filling up the DagBag from /home/airflow/.local/lib/python3.12/site-packages/airflow/example_dags/example_setup_teardown.py
[2024-08-01T20:15:20.865+0000] {processor.py:840} INFO - DAG(s) 'example_setup_teardown' retrieved from /home/airflow/.local/lib/python3.12/site-packages/airflow/example_dags/example_setup_teardown.py
[2024-08-01T20:15:20.887+0000] {logging_mixin.py:188} INFO - [2024-08-01T20:15:20.886+0000] {dag.py:3089} INFO - Sync 1 DAGs
[2024-08-01T20:15:20.913+0000] {logging_mixin.py:188} INFO - [2024-08-01T20:15:20.913+0000] {dag.py:3947} INFO - Setting next_dagrun for example_setup_teardown to 2024-07-31 00:00:00+00:00, run_after=2024-08-01 00:00:00+00:00
[2024-08-01T20:15:20.934+0000] {processor.py:183} INFO - Processing /home/airflow/.local/lib/python3.12/site-packages/airflow/example_dags/example_setup_teardown.py took 0.084 seconds
[2024-08-01T20:15:51.127+0000] {processor.py:161} INFO - Started process (PID=575) to work on /home/airflow/.local/lib/python3.12/site-packages/airflow/example_dags/example_setup_teardown.py
[2024-08-01T20:15:51.128+0000] {processor.py:830} INFO - Processing file /home/airflow/.local/lib/python3.12/site-packages/airflow/example_dags/example_setup_teardown.py for tasks to queue
[2024-08-01T20:15:51.130+0000] {logging_mixin.py:188} INFO - [2024-08-01T20:15:51.130+0000] {dagbag.py:545} INFO - Filling up the DagBag from /home/airflow/.local/lib/python3.12/site-packages/airflow/example_dags/example_setup_teardown.py
[2024-08-01T20:15:51.135+0000] {processor.py:840} INFO - DAG(s) 'example_setup_teardown' retrieved from /home/airflow/.local/lib/python3.12/site-packages/airflow/example_dags/example_setup_teardown.py
[2024-08-01T20:15:51.154+0000] {logging_mixin.py:188} INFO - [2024-08-01T20:15:51.154+0000] {dag.py:3089} INFO - Sync 1 DAGs
[2024-08-01T20:15:51.173+0000] {logging_mixin.py:188} INFO - [2024-08-01T20:15:51.173+0000] {dag.py:3947} INFO - Setting next_dagrun for example_setup_teardown to 2024-07-31 00:00:00+00:00, run_after=2024-08-01 00:00:00+00:00
[2024-08-01T20:15:51.193+0000] {processor.py:183} INFO - Processing /home/airflow/.local/lib/python3.12/site-packages/airflow/example_dags/example_setup_teardown.py took 0.071 seconds
[2024-08-01T20:16:21.619+0000] {processor.py:161} INFO - Started process (PID=633) to work on /home/airflow/.local/lib/python3.12/site-packages/airflow/example_dags/example_setup_teardown.py
[2024-08-01T20:16:21.620+0000] {processor.py:830} INFO - Processing file /home/airflow/.local/lib/python3.12/site-packages/airflow/example_dags/example_setup_teardown.py for tasks to queue
[2024-08-01T20:16:21.622+0000] {logging_mixin.py:188} INFO - [2024-08-01T20:16:21.622+0000] {dagbag.py:545} INFO - Filling up the DagBag from /home/airflow/.local/lib/python3.12/site-packages/airflow/example_dags/example_setup_teardown.py
[2024-08-01T20:16:21.629+0000] {processor.py:840} INFO - DAG(s) 'example_setup_teardown' retrieved from /home/airflow/.local/lib/python3.12/site-packages/airflow/example_dags/example_setup_teardown.py
[2024-08-01T20:16:21.649+0000] {logging_mixin.py:188} INFO - [2024-08-01T20:16:21.649+0000] {dag.py:3089} INFO - Sync 1 DAGs
[2024-08-01T20:16:21.670+0000] {logging_mixin.py:188} INFO - [2024-08-01T20:16:21.670+0000] {dag.py:3947} INFO - Setting next_dagrun for example_setup_teardown to 2024-07-31 00:00:00+00:00, run_after=2024-08-01 00:00:00+00:00
[2024-08-01T20:16:21.692+0000] {processor.py:183} INFO - Processing /home/airflow/.local/lib/python3.12/site-packages/airflow/example_dags/example_setup_teardown.py took 0.078 seconds
