[2024-08-01T20:02:17.080+0000] {processor.py:161} INFO - Started process (PID=56) to work on /home/airflow/.local/lib/python3.12/site-packages/airflow/example_dags/tutorial.py
[2024-08-01T20:02:17.081+0000] {processor.py:830} INFO - Processing file /home/airflow/.local/lib/python3.12/site-packages/airflow/example_dags/tutorial.py for tasks to queue
[2024-08-01T20:02:17.084+0000] {logging_mixin.py:188} INFO - [2024-08-01T20:02:17.084+0000] {dagbag.py:545} INFO - Filling up the DagBag from /home/airflow/.local/lib/python3.12/site-packages/airflow/example_dags/tutorial.py
[2024-08-01T20:02:17.093+0000] {processor.py:840} INFO - DAG(s) 'tutorial' retrieved from /home/airflow/.local/lib/python3.12/site-packages/airflow/example_dags/tutorial.py
[2024-08-01T20:02:17.110+0000] {logging_mixin.py:188} INFO - [2024-08-01T20:02:17.110+0000] {dag.py:3089} INFO - Sync 1 DAGs
[2024-08-01T20:02:17.136+0000] {logging_mixin.py:188} INFO - [2024-08-01T20:02:17.136+0000] {dag.py:3947} INFO - Setting next_dagrun for tutorial to 2024-07-31 00:00:00+00:00, run_after=2024-08-01 00:00:00+00:00
[2024-08-01T20:02:17.220+0000] {processor.py:183} INFO - Processing /home/airflow/.local/lib/python3.12/site-packages/airflow/example_dags/tutorial.py took 0.149 seconds
[2024-08-01T20:02:49.227+0000] {processor.py:161} INFO - Started process (PID=120) to work on /home/airflow/.local/lib/python3.12/site-packages/airflow/example_dags/tutorial.py
[2024-08-01T20:02:49.228+0000] {processor.py:830} INFO - Processing file /home/airflow/.local/lib/python3.12/site-packages/airflow/example_dags/tutorial.py for tasks to queue
[2024-08-01T20:02:49.234+0000] {logging_mixin.py:188} INFO - [2024-08-01T20:02:49.230+0000] {dagbag.py:545} INFO - Filling up the DagBag from /home/airflow/.local/lib/python3.12/site-packages/airflow/example_dags/tutorial.py
[2024-08-01T20:02:49.243+0000] {processor.py:840} INFO - DAG(s) 'tutorial' retrieved from /home/airflow/.local/lib/python3.12/site-packages/airflow/example_dags/tutorial.py
[2024-08-01T20:02:49.349+0000] {logging_mixin.py:188} INFO - [2024-08-01T20:02:49.348+0000] {dag.py:3089} INFO - Sync 1 DAGs
[2024-08-01T20:02:49.370+0000] {logging_mixin.py:188} INFO - [2024-08-01T20:02:49.370+0000] {dag.py:3947} INFO - Setting next_dagrun for tutorial to 2024-07-31 00:00:00+00:00, run_after=2024-08-01 00:00:00+00:00
[2024-08-01T20:02:49.426+0000] {processor.py:183} INFO - Processing /home/airflow/.local/lib/python3.12/site-packages/airflow/example_dags/tutorial.py took 0.205 seconds
[2024-08-01T20:03:19.805+0000] {processor.py:161} INFO - Started process (PID=178) to work on /home/airflow/.local/lib/python3.12/site-packages/airflow/example_dags/tutorial.py
[2024-08-01T20:03:19.806+0000] {processor.py:830} INFO - Processing file /home/airflow/.local/lib/python3.12/site-packages/airflow/example_dags/tutorial.py for tasks to queue
[2024-08-01T20:03:19.808+0000] {logging_mixin.py:188} INFO - [2024-08-01T20:03:19.808+0000] {dagbag.py:545} INFO - Filling up the DagBag from /home/airflow/.local/lib/python3.12/site-packages/airflow/example_dags/tutorial.py
[2024-08-01T20:03:19.814+0000] {processor.py:840} INFO - DAG(s) 'tutorial' retrieved from /home/airflow/.local/lib/python3.12/site-packages/airflow/example_dags/tutorial.py
[2024-08-01T20:03:19.836+0000] {logging_mixin.py:188} INFO - [2024-08-01T20:03:19.835+0000] {dag.py:3089} INFO - Sync 1 DAGs
[2024-08-01T20:03:19.865+0000] {logging_mixin.py:188} INFO - [2024-08-01T20:03:19.865+0000] {dag.py:3947} INFO - Setting next_dagrun for tutorial to 2024-07-31 00:00:00+00:00, run_after=2024-08-01 00:00:00+00:00
[2024-08-01T20:03:19.887+0000] {processor.py:183} INFO - Processing /home/airflow/.local/lib/python3.12/site-packages/airflow/example_dags/tutorial.py took 0.087 seconds
[2024-08-01T20:03:50.526+0000] {processor.py:161} INFO - Started process (PID=236) to work on /home/airflow/.local/lib/python3.12/site-packages/airflow/example_dags/tutorial.py
[2024-08-01T20:03:50.527+0000] {processor.py:830} INFO - Processing file /home/airflow/.local/lib/python3.12/site-packages/airflow/example_dags/tutorial.py for tasks to queue
[2024-08-01T20:03:50.528+0000] {logging_mixin.py:188} INFO - [2024-08-01T20:03:50.528+0000] {dagbag.py:545} INFO - Filling up the DagBag from /home/airflow/.local/lib/python3.12/site-packages/airflow/example_dags/tutorial.py
[2024-08-01T20:03:50.533+0000] {processor.py:840} INFO - DAG(s) 'tutorial' retrieved from /home/airflow/.local/lib/python3.12/site-packages/airflow/example_dags/tutorial.py
[2024-08-01T20:03:50.552+0000] {logging_mixin.py:188} INFO - [2024-08-01T20:03:50.551+0000] {dag.py:3089} INFO - Sync 1 DAGs
[2024-08-01T20:03:50.572+0000] {logging_mixin.py:188} INFO - [2024-08-01T20:03:50.572+0000] {dag.py:3947} INFO - Setting next_dagrun for tutorial to 2024-07-31 00:00:00+00:00, run_after=2024-08-01 00:00:00+00:00
[2024-08-01T20:03:50.591+0000] {processor.py:183} INFO - Processing /home/airflow/.local/lib/python3.12/site-packages/airflow/example_dags/tutorial.py took 0.070 seconds
[2024-08-01T20:04:20.937+0000] {processor.py:161} INFO - Started process (PID=294) to work on /home/airflow/.local/lib/python3.12/site-packages/airflow/example_dags/tutorial.py
[2024-08-01T20:04:20.938+0000] {processor.py:830} INFO - Processing file /home/airflow/.local/lib/python3.12/site-packages/airflow/example_dags/tutorial.py for tasks to queue
[2024-08-01T20:04:20.940+0000] {logging_mixin.py:188} INFO - [2024-08-01T20:04:20.939+0000] {dagbag.py:545} INFO - Filling up the DagBag from /home/airflow/.local/lib/python3.12/site-packages/airflow/example_dags/tutorial.py
[2024-08-01T20:04:20.944+0000] {processor.py:840} INFO - DAG(s) 'tutorial' retrieved from /home/airflow/.local/lib/python3.12/site-packages/airflow/example_dags/tutorial.py
[2024-08-01T20:04:20.964+0000] {logging_mixin.py:188} INFO - [2024-08-01T20:04:20.963+0000] {dag.py:3089} INFO - Sync 1 DAGs
[2024-08-01T20:04:20.985+0000] {logging_mixin.py:188} INFO - [2024-08-01T20:04:20.984+0000] {dag.py:3947} INFO - Setting next_dagrun for tutorial to 2024-07-31 00:00:00+00:00, run_after=2024-08-01 00:00:00+00:00
[2024-08-01T20:04:21.041+0000] {processor.py:183} INFO - Processing /home/airflow/.local/lib/python3.12/site-packages/airflow/example_dags/tutorial.py took 0.108 seconds
[2024-08-01T20:04:51.599+0000] {processor.py:161} INFO - Started process (PID=352) to work on /home/airflow/.local/lib/python3.12/site-packages/airflow/example_dags/tutorial.py
[2024-08-01T20:04:51.601+0000] {processor.py:830} INFO - Processing file /home/airflow/.local/lib/python3.12/site-packages/airflow/example_dags/tutorial.py for tasks to queue
[2024-08-01T20:04:51.603+0000] {logging_mixin.py:188} INFO - [2024-08-01T20:04:51.602+0000] {dagbag.py:545} INFO - Filling up the DagBag from /home/airflow/.local/lib/python3.12/site-packages/airflow/example_dags/tutorial.py
[2024-08-01T20:04:51.616+0000] {processor.py:840} INFO - DAG(s) 'tutorial' retrieved from /home/airflow/.local/lib/python3.12/site-packages/airflow/example_dags/tutorial.py
[2024-08-01T20:04:51.644+0000] {logging_mixin.py:188} INFO - [2024-08-01T20:04:51.644+0000] {dag.py:3089} INFO - Sync 1 DAGs
[2024-08-01T20:04:51.687+0000] {logging_mixin.py:188} INFO - [2024-08-01T20:04:51.687+0000] {dag.py:3947} INFO - Setting next_dagrun for tutorial to 2024-07-31 00:00:00+00:00, run_after=2024-08-01 00:00:00+00:00
[2024-08-01T20:04:51.719+0000] {processor.py:183} INFO - Processing /home/airflow/.local/lib/python3.12/site-packages/airflow/example_dags/tutorial.py took 0.125 seconds
[2024-08-01T20:05:22.379+0000] {processor.py:161} INFO - Started process (PID=410) to work on /home/airflow/.local/lib/python3.12/site-packages/airflow/example_dags/tutorial.py
[2024-08-01T20:05:22.380+0000] {processor.py:830} INFO - Processing file /home/airflow/.local/lib/python3.12/site-packages/airflow/example_dags/tutorial.py for tasks to queue
[2024-08-01T20:05:22.382+0000] {logging_mixin.py:188} INFO - [2024-08-01T20:05:22.381+0000] {dagbag.py:545} INFO - Filling up the DagBag from /home/airflow/.local/lib/python3.12/site-packages/airflow/example_dags/tutorial.py
[2024-08-01T20:05:22.386+0000] {processor.py:840} INFO - DAG(s) 'tutorial' retrieved from /home/airflow/.local/lib/python3.12/site-packages/airflow/example_dags/tutorial.py
[2024-08-01T20:05:22.405+0000] {logging_mixin.py:188} INFO - [2024-08-01T20:05:22.404+0000] {dag.py:3089} INFO - Sync 1 DAGs
[2024-08-01T20:05:22.424+0000] {logging_mixin.py:188} INFO - [2024-08-01T20:05:22.424+0000] {dag.py:3947} INFO - Setting next_dagrun for tutorial to 2024-07-31 00:00:00+00:00, run_after=2024-08-01 00:00:00+00:00
[2024-08-01T20:05:22.444+0000] {processor.py:183} INFO - Processing /home/airflow/.local/lib/python3.12/site-packages/airflow/example_dags/tutorial.py took 0.070 seconds
[2024-08-01T20:05:52.476+0000] {processor.py:161} INFO - Started process (PID=468) to work on /home/airflow/.local/lib/python3.12/site-packages/airflow/example_dags/tutorial.py
[2024-08-01T20:05:52.477+0000] {processor.py:830} INFO - Processing file /home/airflow/.local/lib/python3.12/site-packages/airflow/example_dags/tutorial.py for tasks to queue
[2024-08-01T20:05:52.478+0000] {logging_mixin.py:188} INFO - [2024-08-01T20:05:52.478+0000] {dagbag.py:545} INFO - Filling up the DagBag from /home/airflow/.local/lib/python3.12/site-packages/airflow/example_dags/tutorial.py
[2024-08-01T20:05:52.484+0000] {processor.py:840} INFO - DAG(s) 'tutorial' retrieved from /home/airflow/.local/lib/python3.12/site-packages/airflow/example_dags/tutorial.py
[2024-08-01T20:05:52.502+0000] {logging_mixin.py:188} INFO - [2024-08-01T20:05:52.502+0000] {dag.py:3089} INFO - Sync 1 DAGs
[2024-08-01T20:05:52.522+0000] {logging_mixin.py:188} INFO - [2024-08-01T20:05:52.522+0000] {dag.py:3947} INFO - Setting next_dagrun for tutorial to 2024-07-31 00:00:00+00:00, run_after=2024-08-01 00:00:00+00:00
[2024-08-01T20:05:52.593+0000] {processor.py:183} INFO - Processing /home/airflow/.local/lib/python3.12/site-packages/airflow/example_dags/tutorial.py took 0.122 seconds
[2024-08-01T20:06:34.025+0000] {processor.py:161} INFO - Started process (PID=56) to work on /home/airflow/.local/lib/python3.12/site-packages/airflow/example_dags/tutorial.py
[2024-08-01T20:06:34.026+0000] {processor.py:830} INFO - Processing file /home/airflow/.local/lib/python3.12/site-packages/airflow/example_dags/tutorial.py for tasks to queue
[2024-08-01T20:06:34.028+0000] {logging_mixin.py:188} INFO - [2024-08-01T20:06:34.027+0000] {dagbag.py:545} INFO - Filling up the DagBag from /home/airflow/.local/lib/python3.12/site-packages/airflow/example_dags/tutorial.py
[2024-08-01T20:06:34.037+0000] {processor.py:840} INFO - DAG(s) 'tutorial' retrieved from /home/airflow/.local/lib/python3.12/site-packages/airflow/example_dags/tutorial.py
[2024-08-01T20:06:34.059+0000] {logging_mixin.py:188} INFO - [2024-08-01T20:06:34.059+0000] {dag.py:3089} INFO - Sync 1 DAGs
[2024-08-01T20:06:34.079+0000] {logging_mixin.py:188} INFO - [2024-08-01T20:06:34.079+0000] {dag.py:3947} INFO - Setting next_dagrun for tutorial to 2024-07-31 00:00:00+00:00, run_after=2024-08-01 00:00:00+00:00
[2024-08-01T20:06:34.099+0000] {processor.py:183} INFO - Processing /home/airflow/.local/lib/python3.12/site-packages/airflow/example_dags/tutorial.py took 0.079 seconds
[2024-08-01T20:07:05.085+0000] {processor.py:161} INFO - Started process (PID=114) to work on /home/airflow/.local/lib/python3.12/site-packages/airflow/example_dags/tutorial.py
[2024-08-01T20:07:05.086+0000] {processor.py:830} INFO - Processing file /home/airflow/.local/lib/python3.12/site-packages/airflow/example_dags/tutorial.py for tasks to queue
[2024-08-01T20:07:05.088+0000] {logging_mixin.py:188} INFO - [2024-08-01T20:07:05.088+0000] {dagbag.py:545} INFO - Filling up the DagBag from /home/airflow/.local/lib/python3.12/site-packages/airflow/example_dags/tutorial.py
[2024-08-01T20:07:05.095+0000] {processor.py:840} INFO - DAG(s) 'tutorial' retrieved from /home/airflow/.local/lib/python3.12/site-packages/airflow/example_dags/tutorial.py
[2024-08-01T20:07:05.116+0000] {logging_mixin.py:188} INFO - [2024-08-01T20:07:05.115+0000] {dag.py:3089} INFO - Sync 1 DAGs
[2024-08-01T20:07:05.137+0000] {logging_mixin.py:188} INFO - [2024-08-01T20:07:05.137+0000] {dag.py:3947} INFO - Setting next_dagrun for tutorial to 2024-07-31 00:00:00+00:00, run_after=2024-08-01 00:00:00+00:00
[2024-08-01T20:07:05.162+0000] {processor.py:183} INFO - Processing /home/airflow/.local/lib/python3.12/site-packages/airflow/example_dags/tutorial.py took 0.082 seconds
[2024-08-01T20:07:35.332+0000] {processor.py:161} INFO - Started process (PID=172) to work on /home/airflow/.local/lib/python3.12/site-packages/airflow/example_dags/tutorial.py
[2024-08-01T20:07:35.333+0000] {processor.py:830} INFO - Processing file /home/airflow/.local/lib/python3.12/site-packages/airflow/example_dags/tutorial.py for tasks to queue
[2024-08-01T20:07:35.334+0000] {logging_mixin.py:188} INFO - [2024-08-01T20:07:35.334+0000] {dagbag.py:545} INFO - Filling up the DagBag from /home/airflow/.local/lib/python3.12/site-packages/airflow/example_dags/tutorial.py
[2024-08-01T20:07:35.339+0000] {processor.py:840} INFO - DAG(s) 'tutorial' retrieved from /home/airflow/.local/lib/python3.12/site-packages/airflow/example_dags/tutorial.py
[2024-08-01T20:07:35.357+0000] {logging_mixin.py:188} INFO - [2024-08-01T20:07:35.357+0000] {dag.py:3089} INFO - Sync 1 DAGs
[2024-08-01T20:07:35.377+0000] {logging_mixin.py:188} INFO - [2024-08-01T20:07:35.377+0000] {dag.py:3947} INFO - Setting next_dagrun for tutorial to 2024-07-31 00:00:00+00:00, run_after=2024-08-01 00:00:00+00:00
[2024-08-01T20:07:35.396+0000] {processor.py:183} INFO - Processing /home/airflow/.local/lib/python3.12/site-packages/airflow/example_dags/tutorial.py took 0.069 seconds
[2024-08-01T20:08:05.762+0000] {processor.py:161} INFO - Started process (PID=230) to work on /home/airflow/.local/lib/python3.12/site-packages/airflow/example_dags/tutorial.py
[2024-08-01T20:08:05.763+0000] {processor.py:830} INFO - Processing file /home/airflow/.local/lib/python3.12/site-packages/airflow/example_dags/tutorial.py for tasks to queue
[2024-08-01T20:08:05.764+0000] {logging_mixin.py:188} INFO - [2024-08-01T20:08:05.764+0000] {dagbag.py:545} INFO - Filling up the DagBag from /home/airflow/.local/lib/python3.12/site-packages/airflow/example_dags/tutorial.py
[2024-08-01T20:08:05.768+0000] {processor.py:840} INFO - DAG(s) 'tutorial' retrieved from /home/airflow/.local/lib/python3.12/site-packages/airflow/example_dags/tutorial.py
[2024-08-01T20:08:05.786+0000] {logging_mixin.py:188} INFO - [2024-08-01T20:08:05.785+0000] {dag.py:3089} INFO - Sync 1 DAGs
[2024-08-01T20:08:05.808+0000] {logging_mixin.py:188} INFO - [2024-08-01T20:08:05.808+0000] {dag.py:3947} INFO - Setting next_dagrun for tutorial to 2024-07-31 00:00:00+00:00, run_after=2024-08-01 00:00:00+00:00
[2024-08-01T20:08:05.844+0000] {processor.py:183} INFO - Processing /home/airflow/.local/lib/python3.12/site-packages/airflow/example_dags/tutorial.py took 0.087 seconds
[2024-08-01T20:08:36.198+0000] {processor.py:161} INFO - Started process (PID=288) to work on /home/airflow/.local/lib/python3.12/site-packages/airflow/example_dags/tutorial.py
[2024-08-01T20:08:36.199+0000] {processor.py:830} INFO - Processing file /home/airflow/.local/lib/python3.12/site-packages/airflow/example_dags/tutorial.py for tasks to queue
[2024-08-01T20:08:36.201+0000] {logging_mixin.py:188} INFO - [2024-08-01T20:08:36.200+0000] {dagbag.py:545} INFO - Filling up the DagBag from /home/airflow/.local/lib/python3.12/site-packages/airflow/example_dags/tutorial.py
[2024-08-01T20:08:36.206+0000] {processor.py:840} INFO - DAG(s) 'tutorial' retrieved from /home/airflow/.local/lib/python3.12/site-packages/airflow/example_dags/tutorial.py
[2024-08-01T20:08:36.227+0000] {logging_mixin.py:188} INFO - [2024-08-01T20:08:36.227+0000] {dag.py:3089} INFO - Sync 1 DAGs
[2024-08-01T20:08:36.247+0000] {logging_mixin.py:188} INFO - [2024-08-01T20:08:36.246+0000] {dag.py:3947} INFO - Setting next_dagrun for tutorial to 2024-07-31 00:00:00+00:00, run_after=2024-08-01 00:00:00+00:00
[2024-08-01T20:08:36.264+0000] {processor.py:183} INFO - Processing /home/airflow/.local/lib/python3.12/site-packages/airflow/example_dags/tutorial.py took 0.071 seconds
[2024-08-01T20:09:06.474+0000] {processor.py:161} INFO - Started process (PID=346) to work on /home/airflow/.local/lib/python3.12/site-packages/airflow/example_dags/tutorial.py
[2024-08-01T20:09:06.475+0000] {processor.py:830} INFO - Processing file /home/airflow/.local/lib/python3.12/site-packages/airflow/example_dags/tutorial.py for tasks to queue
[2024-08-01T20:09:06.476+0000] {logging_mixin.py:188} INFO - [2024-08-01T20:09:06.476+0000] {dagbag.py:545} INFO - Filling up the DagBag from /home/airflow/.local/lib/python3.12/site-packages/airflow/example_dags/tutorial.py
[2024-08-01T20:09:06.481+0000] {processor.py:840} INFO - DAG(s) 'tutorial' retrieved from /home/airflow/.local/lib/python3.12/site-packages/airflow/example_dags/tutorial.py
[2024-08-01T20:09:06.499+0000] {logging_mixin.py:188} INFO - [2024-08-01T20:09:06.498+0000] {dag.py:3089} INFO - Sync 1 DAGs
[2024-08-01T20:09:06.519+0000] {logging_mixin.py:188} INFO - [2024-08-01T20:09:06.519+0000] {dag.py:3947} INFO - Setting next_dagrun for tutorial to 2024-07-31 00:00:00+00:00, run_after=2024-08-01 00:00:00+00:00
[2024-08-01T20:09:06.537+0000] {processor.py:183} INFO - Processing /home/airflow/.local/lib/python3.12/site-packages/airflow/example_dags/tutorial.py took 0.068 seconds
[2024-08-01T20:11:17.715+0000] {processor.py:161} INFO - Started process (PID=54) to work on /home/airflow/.local/lib/python3.12/site-packages/airflow/example_dags/tutorial.py
[2024-08-01T20:11:17.716+0000] {processor.py:830} INFO - Processing file /home/airflow/.local/lib/python3.12/site-packages/airflow/example_dags/tutorial.py for tasks to queue
[2024-08-01T20:11:17.717+0000] {logging_mixin.py:188} INFO - [2024-08-01T20:11:17.717+0000] {dagbag.py:545} INFO - Filling up the DagBag from /home/airflow/.local/lib/python3.12/site-packages/airflow/example_dags/tutorial.py
[2024-08-01T20:11:17.725+0000] {processor.py:840} INFO - DAG(s) 'tutorial' retrieved from /home/airflow/.local/lib/python3.12/site-packages/airflow/example_dags/tutorial.py
[2024-08-01T20:11:17.740+0000] {logging_mixin.py:188} INFO - [2024-08-01T20:11:17.740+0000] {dag.py:3089} INFO - Sync 1 DAGs
[2024-08-01T20:11:17.760+0000] {logging_mixin.py:188} INFO - [2024-08-01T20:11:17.760+0000] {dag.py:3947} INFO - Setting next_dagrun for tutorial to 2024-07-31 00:00:00+00:00, run_after=2024-08-01 00:00:00+00:00
[2024-08-01T20:11:17.784+0000] {processor.py:183} INFO - Processing /home/airflow/.local/lib/python3.12/site-packages/airflow/example_dags/tutorial.py took 0.074 seconds
[2024-08-01T20:11:48.759+0000] {processor.py:161} INFO - Started process (PID=112) to work on /home/airflow/.local/lib/python3.12/site-packages/airflow/example_dags/tutorial.py
[2024-08-01T20:11:48.760+0000] {processor.py:830} INFO - Processing file /home/airflow/.local/lib/python3.12/site-packages/airflow/example_dags/tutorial.py for tasks to queue
[2024-08-01T20:11:48.761+0000] {logging_mixin.py:188} INFO - [2024-08-01T20:11:48.761+0000] {dagbag.py:545} INFO - Filling up the DagBag from /home/airflow/.local/lib/python3.12/site-packages/airflow/example_dags/tutorial.py
[2024-08-01T20:11:48.769+0000] {processor.py:840} INFO - DAG(s) 'tutorial' retrieved from /home/airflow/.local/lib/python3.12/site-packages/airflow/example_dags/tutorial.py
[2024-08-01T20:11:48.867+0000] {logging_mixin.py:188} INFO - [2024-08-01T20:11:48.866+0000] {dag.py:3089} INFO - Sync 1 DAGs
[2024-08-01T20:11:48.885+0000] {logging_mixin.py:188} INFO - [2024-08-01T20:11:48.885+0000] {dag.py:3947} INFO - Setting next_dagrun for tutorial to 2024-07-31 00:00:00+00:00, run_after=2024-08-01 00:00:00+00:00
[2024-08-01T20:11:48.906+0000] {processor.py:183} INFO - Processing /home/airflow/.local/lib/python3.12/site-packages/airflow/example_dags/tutorial.py took 0.152 seconds
[2024-08-01T20:12:18.937+0000] {processor.py:161} INFO - Started process (PID=170) to work on /home/airflow/.local/lib/python3.12/site-packages/airflow/example_dags/tutorial.py
[2024-08-01T20:12:18.938+0000] {processor.py:830} INFO - Processing file /home/airflow/.local/lib/python3.12/site-packages/airflow/example_dags/tutorial.py for tasks to queue
[2024-08-01T20:12:18.939+0000] {logging_mixin.py:188} INFO - [2024-08-01T20:12:18.939+0000] {dagbag.py:545} INFO - Filling up the DagBag from /home/airflow/.local/lib/python3.12/site-packages/airflow/example_dags/tutorial.py
[2024-08-01T20:12:18.944+0000] {processor.py:840} INFO - DAG(s) 'tutorial' retrieved from /home/airflow/.local/lib/python3.12/site-packages/airflow/example_dags/tutorial.py
[2024-08-01T20:12:18.963+0000] {logging_mixin.py:188} INFO - [2024-08-01T20:12:18.963+0000] {dag.py:3089} INFO - Sync 1 DAGs
[2024-08-01T20:12:18.985+0000] {logging_mixin.py:188} INFO - [2024-08-01T20:12:18.985+0000] {dag.py:3947} INFO - Setting next_dagrun for tutorial to 2024-07-31 00:00:00+00:00, run_after=2024-08-01 00:00:00+00:00
[2024-08-01T20:12:19.002+0000] {processor.py:183} INFO - Processing /home/airflow/.local/lib/python3.12/site-packages/airflow/example_dags/tutorial.py took 0.070 seconds
[2024-08-01T20:12:49.404+0000] {processor.py:161} INFO - Started process (PID=228) to work on /home/airflow/.local/lib/python3.12/site-packages/airflow/example_dags/tutorial.py
[2024-08-01T20:12:49.405+0000] {processor.py:830} INFO - Processing file /home/airflow/.local/lib/python3.12/site-packages/airflow/example_dags/tutorial.py for tasks to queue
[2024-08-01T20:12:49.406+0000] {logging_mixin.py:188} INFO - [2024-08-01T20:12:49.406+0000] {dagbag.py:545} INFO - Filling up the DagBag from /home/airflow/.local/lib/python3.12/site-packages/airflow/example_dags/tutorial.py
[2024-08-01T20:12:49.411+0000] {processor.py:840} INFO - DAG(s) 'tutorial' retrieved from /home/airflow/.local/lib/python3.12/site-packages/airflow/example_dags/tutorial.py
[2024-08-01T20:12:49.430+0000] {logging_mixin.py:188} INFO - [2024-08-01T20:12:49.430+0000] {dag.py:3089} INFO - Sync 1 DAGs
[2024-08-01T20:12:49.449+0000] {logging_mixin.py:188} INFO - [2024-08-01T20:12:49.449+0000] {dag.py:3947} INFO - Setting next_dagrun for tutorial to 2024-07-31 00:00:00+00:00, run_after=2024-08-01 00:00:00+00:00
[2024-08-01T20:12:49.470+0000] {processor.py:183} INFO - Processing /home/airflow/.local/lib/python3.12/site-packages/airflow/example_dags/tutorial.py took 0.071 seconds
[2024-08-01T20:13:19.543+0000] {processor.py:161} INFO - Started process (PID=286) to work on /home/airflow/.local/lib/python3.12/site-packages/airflow/example_dags/tutorial.py
[2024-08-01T20:13:19.544+0000] {processor.py:830} INFO - Processing file /home/airflow/.local/lib/python3.12/site-packages/airflow/example_dags/tutorial.py for tasks to queue
[2024-08-01T20:13:19.546+0000] {logging_mixin.py:188} INFO - [2024-08-01T20:13:19.545+0000] {dagbag.py:545} INFO - Filling up the DagBag from /home/airflow/.local/lib/python3.12/site-packages/airflow/example_dags/tutorial.py
[2024-08-01T20:13:19.551+0000] {processor.py:840} INFO - DAG(s) 'tutorial' retrieved from /home/airflow/.local/lib/python3.12/site-packages/airflow/example_dags/tutorial.py
[2024-08-01T20:13:19.570+0000] {logging_mixin.py:188} INFO - [2024-08-01T20:13:19.570+0000] {dag.py:3089} INFO - Sync 1 DAGs
[2024-08-01T20:13:19.592+0000] {logging_mixin.py:188} INFO - [2024-08-01T20:13:19.591+0000] {dag.py:3947} INFO - Setting next_dagrun for tutorial to 2024-07-31 00:00:00+00:00, run_after=2024-08-01 00:00:00+00:00
[2024-08-01T20:13:19.612+0000] {processor.py:183} INFO - Processing /home/airflow/.local/lib/python3.12/site-packages/airflow/example_dags/tutorial.py took 0.074 seconds
[2024-08-01T20:13:49.680+0000] {processor.py:161} INFO - Started process (PID=344) to work on /home/airflow/.local/lib/python3.12/site-packages/airflow/example_dags/tutorial.py
[2024-08-01T20:13:49.681+0000] {processor.py:830} INFO - Processing file /home/airflow/.local/lib/python3.12/site-packages/airflow/example_dags/tutorial.py for tasks to queue
[2024-08-01T20:13:49.683+0000] {logging_mixin.py:188} INFO - [2024-08-01T20:13:49.683+0000] {dagbag.py:545} INFO - Filling up the DagBag from /home/airflow/.local/lib/python3.12/site-packages/airflow/example_dags/tutorial.py
[2024-08-01T20:13:49.688+0000] {processor.py:840} INFO - DAG(s) 'tutorial' retrieved from /home/airflow/.local/lib/python3.12/site-packages/airflow/example_dags/tutorial.py
[2024-08-01T20:13:49.707+0000] {logging_mixin.py:188} INFO - [2024-08-01T20:13:49.707+0000] {dag.py:3089} INFO - Sync 1 DAGs
[2024-08-01T20:13:49.728+0000] {logging_mixin.py:188} INFO - [2024-08-01T20:13:49.727+0000] {dag.py:3947} INFO - Setting next_dagrun for tutorial to 2024-07-31 00:00:00+00:00, run_after=2024-08-01 00:00:00+00:00
[2024-08-01T20:13:49.747+0000] {processor.py:183} INFO - Processing /home/airflow/.local/lib/python3.12/site-packages/airflow/example_dags/tutorial.py took 0.071 seconds
[2024-08-01T20:14:20.135+0000] {processor.py:161} INFO - Started process (PID=402) to work on /home/airflow/.local/lib/python3.12/site-packages/airflow/example_dags/tutorial.py
[2024-08-01T20:14:20.136+0000] {processor.py:830} INFO - Processing file /home/airflow/.local/lib/python3.12/site-packages/airflow/example_dags/tutorial.py for tasks to queue
[2024-08-01T20:14:20.137+0000] {logging_mixin.py:188} INFO - [2024-08-01T20:14:20.137+0000] {dagbag.py:545} INFO - Filling up the DagBag from /home/airflow/.local/lib/python3.12/site-packages/airflow/example_dags/tutorial.py
[2024-08-01T20:14:20.143+0000] {processor.py:840} INFO - DAG(s) 'tutorial' retrieved from /home/airflow/.local/lib/python3.12/site-packages/airflow/example_dags/tutorial.py
[2024-08-01T20:14:20.161+0000] {logging_mixin.py:188} INFO - [2024-08-01T20:14:20.161+0000] {dag.py:3089} INFO - Sync 1 DAGs
[2024-08-01T20:14:20.182+0000] {logging_mixin.py:188} INFO - [2024-08-01T20:14:20.181+0000] {dag.py:3947} INFO - Setting next_dagrun for tutorial to 2024-07-31 00:00:00+00:00, run_after=2024-08-01 00:00:00+00:00
[2024-08-01T20:14:20.201+0000] {processor.py:183} INFO - Processing /home/airflow/.local/lib/python3.12/site-packages/airflow/example_dags/tutorial.py took 0.071 seconds
[2024-08-01T20:14:50.786+0000] {processor.py:161} INFO - Started process (PID=460) to work on /home/airflow/.local/lib/python3.12/site-packages/airflow/example_dags/tutorial.py
[2024-08-01T20:14:50.787+0000] {processor.py:830} INFO - Processing file /home/airflow/.local/lib/python3.12/site-packages/airflow/example_dags/tutorial.py for tasks to queue
[2024-08-01T20:14:50.788+0000] {logging_mixin.py:188} INFO - [2024-08-01T20:14:50.788+0000] {dagbag.py:545} INFO - Filling up the DagBag from /home/airflow/.local/lib/python3.12/site-packages/airflow/example_dags/tutorial.py
[2024-08-01T20:14:50.793+0000] {processor.py:840} INFO - DAG(s) 'tutorial' retrieved from /home/airflow/.local/lib/python3.12/site-packages/airflow/example_dags/tutorial.py
[2024-08-01T20:14:50.811+0000] {logging_mixin.py:188} INFO - [2024-08-01T20:14:50.811+0000] {dag.py:3089} INFO - Sync 1 DAGs
[2024-08-01T20:14:50.831+0000] {logging_mixin.py:188} INFO - [2024-08-01T20:14:50.831+0000] {dag.py:3947} INFO - Setting next_dagrun for tutorial to 2024-07-31 00:00:00+00:00, run_after=2024-08-01 00:00:00+00:00
[2024-08-01T20:14:50.850+0000] {processor.py:183} INFO - Processing /home/airflow/.local/lib/python3.12/site-packages/airflow/example_dags/tutorial.py took 0.069 seconds
[2024-08-01T20:15:20.936+0000] {processor.py:161} INFO - Started process (PID=518) to work on /home/airflow/.local/lib/python3.12/site-packages/airflow/example_dags/tutorial.py
[2024-08-01T20:15:20.938+0000] {processor.py:830} INFO - Processing file /home/airflow/.local/lib/python3.12/site-packages/airflow/example_dags/tutorial.py for tasks to queue
[2024-08-01T20:15:20.940+0000] {logging_mixin.py:188} INFO - [2024-08-01T20:15:20.939+0000] {dagbag.py:545} INFO - Filling up the DagBag from /home/airflow/.local/lib/python3.12/site-packages/airflow/example_dags/tutorial.py
[2024-08-01T20:15:20.945+0000] {processor.py:840} INFO - DAG(s) 'tutorial' retrieved from /home/airflow/.local/lib/python3.12/site-packages/airflow/example_dags/tutorial.py
[2024-08-01T20:15:20.965+0000] {logging_mixin.py:188} INFO - [2024-08-01T20:15:20.965+0000] {dag.py:3089} INFO - Sync 1 DAGs
[2024-08-01T20:15:20.987+0000] {logging_mixin.py:188} INFO - [2024-08-01T20:15:20.987+0000] {dag.py:3947} INFO - Setting next_dagrun for tutorial to 2024-07-31 00:00:00+00:00, run_after=2024-08-01 00:00:00+00:00
[2024-08-01T20:15:21.005+0000] {processor.py:183} INFO - Processing /home/airflow/.local/lib/python3.12/site-packages/airflow/example_dags/tutorial.py took 0.074 seconds
[2024-08-01T20:15:51.190+0000] {processor.py:161} INFO - Started process (PID=576) to work on /home/airflow/.local/lib/python3.12/site-packages/airflow/example_dags/tutorial.py
[2024-08-01T20:15:51.191+0000] {processor.py:830} INFO - Processing file /home/airflow/.local/lib/python3.12/site-packages/airflow/example_dags/tutorial.py for tasks to queue
[2024-08-01T20:15:51.192+0000] {logging_mixin.py:188} INFO - [2024-08-01T20:15:51.192+0000] {dagbag.py:545} INFO - Filling up the DagBag from /home/airflow/.local/lib/python3.12/site-packages/airflow/example_dags/tutorial.py
[2024-08-01T20:15:51.197+0000] {processor.py:840} INFO - DAG(s) 'tutorial' retrieved from /home/airflow/.local/lib/python3.12/site-packages/airflow/example_dags/tutorial.py
[2024-08-01T20:15:51.216+0000] {logging_mixin.py:188} INFO - [2024-08-01T20:15:51.215+0000] {dag.py:3089} INFO - Sync 1 DAGs
[2024-08-01T20:15:51.236+0000] {logging_mixin.py:188} INFO - [2024-08-01T20:15:51.236+0000] {dag.py:3947} INFO - Setting next_dagrun for tutorial to 2024-07-31 00:00:00+00:00, run_after=2024-08-01 00:00:00+00:00
[2024-08-01T20:15:51.259+0000] {processor.py:183} INFO - Processing /home/airflow/.local/lib/python3.12/site-packages/airflow/example_dags/tutorial.py took 0.074 seconds
[2024-08-01T20:16:21.694+0000] {processor.py:161} INFO - Started process (PID=634) to work on /home/airflow/.local/lib/python3.12/site-packages/airflow/example_dags/tutorial.py
[2024-08-01T20:16:21.696+0000] {processor.py:830} INFO - Processing file /home/airflow/.local/lib/python3.12/site-packages/airflow/example_dags/tutorial.py for tasks to queue
[2024-08-01T20:16:21.697+0000] {logging_mixin.py:188} INFO - [2024-08-01T20:16:21.697+0000] {dagbag.py:545} INFO - Filling up the DagBag from /home/airflow/.local/lib/python3.12/site-packages/airflow/example_dags/tutorial.py
[2024-08-01T20:16:21.703+0000] {processor.py:840} INFO - DAG(s) 'tutorial' retrieved from /home/airflow/.local/lib/python3.12/site-packages/airflow/example_dags/tutorial.py
[2024-08-01T20:16:21.725+0000] {logging_mixin.py:188} INFO - [2024-08-01T20:16:21.725+0000] {dag.py:3089} INFO - Sync 1 DAGs
[2024-08-01T20:16:21.750+0000] {logging_mixin.py:188} INFO - [2024-08-01T20:16:21.750+0000] {dag.py:3947} INFO - Setting next_dagrun for tutorial to 2024-07-31 00:00:00+00:00, run_after=2024-08-01 00:00:00+00:00
[2024-08-01T20:16:21.773+0000] {processor.py:183} INFO - Processing /home/airflow/.local/lib/python3.12/site-packages/airflow/example_dags/tutorial.py took 0.083 seconds
